#
# A fatal error has been detected by the Java Runtime Environment:
#
#  SIGSEGV (0xb) at pc=0x00007f4874509d28, pid=5732, tid=0x00007f480c669700
#
# JRE version: Java(TM) SE Runtime Environment (8.0_111-b14) (build 1.8.0_111-b14)
# Java VM: Java HotSpot(TM) 64-Bit Server VM (25.111-b14 mixed mode linux-amd64 compressed oops)
# Problematic frame:
# V  [libjvm.so+0x6d1d28]  jni_invoke_nonstatic(JNIEnv_*, JavaValue*, _jobject*, JNICallType, _jmethodID*, JNI_ArgumentPusher*, Thread*)+0x38
#
# Failed to write core dump. Core dumps have been disabled. To enable core dumping, try "ulimit -c unlimited" before starting Java again
#
# If you would like to submit a bug report, please visit:
#   http://bugreport.java.com/bugreport/crash.jsp
#

---------------  T H R E A D  ---------------

Current thread (0x00007f482011c800):  JavaThread "JavaFX Application Thread" [_thread_in_vm, id=5769, stack(0x00007f480c569000,0x00007f480c66a000)]

siginfo: si_signo: 11 (SIGSEGV), si_code: 1 (SEGV_MAPERR), si_addr: 0x00007f4700000000

Registers:
RAX=0x00007f480c668240, RBX=0x00007f480c668150, RCX=0x0000000000000001, RDX=0x00007f4700000000
RSP=0x00007f480c667fa0, RBP=0x00007f480c668120, RSI=0x00007f480c6681b0, RDI=0x00007f482011c9f8
R8 =0x00007f482005d4a8, R9 =0x00007f480c668150, R10=0x00007f47f8000ac0, R11=0x00007f485d396420
R12=0x00007f482011c800, R13=0x00007f482005d4a8, R14=0x0000000000000001, R15=0x00007f482011c9f8
RIP=0x00007f4874509d28, EFLAGS=0x0000000000010206, CSGSFS=0x0000000000000033, ERR=0x0000000000000004
  TRAPNO=0x000000000000000e

Top of Stack: (sp=0x00007f480c667fa0)
0x00007f480c667fa0:   00007f480c6686a0 00007f480c6682c0
0x00007f480c667fb0:   00007f480c668000 00007f480c668080
0x00007f480c667fc0:   00007f480c668150 00007f480c6681b0
0x00007f480c667fd0:   00007f482011c9f8 00007f4874529830
0x00007f480c667fe0:   00007f4838056030 00007f4838056040
0x00007f480c667ff0:   00007f4838056418 00000000000003d8
0x00007f480c668000:   0000000000000000 00000000ec708a88
0x00007f480c668010:   00007f480000006f 00007f480000000a
0x00007f480c668020:   00000000ed0b19a8 0000000000000000
0x00007f480c668030:   0000000000000000 0000000000000000
0x00007f480c668040:   00007f485cd125c8 0000000100000100
0x00007f480c668050:   0000000000000000 00007f480c668008
0x00007f480c668060:   00007f480c668049 0000000800000005
0x00007f480c668070:   0000000000000000 00007f482011c4d0
0x00007f480c668080:   00007f4874d96af0 00007f48758a76d0
0x00007f480c668090:   000000002011c360 00007f482011c800
0x00007f480c6680a0:   0000000000000000 00007f487450a0fb
0x00007f480c6680b0:   00007f485cd01150 00007f482011c800
0x00007f480c6680c0:   00007f485cd01150 00007f482011c800
0x00007f480c6680d0:   00007f480c668260 00007f485cd01150
0x00007f480c6680e0:   00007f485cd01150 00007f485cd01150
0x00007f480c6680f0:   00007f4838056030 00007f480c668150
0x00007f480c668100:   00007f482011c800 00007f480c668190
0x00007f480c668110:   00007f482005d4a8 00007f482011c9f8
0x00007f480c668120:   00007f480c668210 00007f487450e4cf
0x00007f480c668130:   00007f482011c800 00007f484d486054
0x00007f480c668140:   00007f480c668228 00007f4700000000
0x00007f480c668150:   00007f4874d97750 00007f48758a76d0
0x00007f480c668160:   000000000c6681d0 619425f200000063
0x00007f480c668170:   0000000000000000 0000003000000018
0x00007f480c668180:   00007f480c668300 00007f480c668240
0x00007f480c668190:   00007f482011c800 0000000000000000 

Instructions: (pc=0x00007f4874509d28)
0x00007f4874509d08:   00 00 48 85 d2 48 89 bd b0 fe ff ff 48 89 b5 a8
0x00007f4874509d18:   fe ff ff 4c 89 8d a0 fe ff ff 0f 84 78 09 00 00
0x00007f4874509d28:   4c 8b 22 4d 85 e4 0f 84 6c 09 00 00 48 8b 45 10
0x00007f4874509d38:   48 8b 98 38 01 00 00 48 83 7b 18 f7 0f 87 16 07 

Register to memory mapping:

RAX=0x00007f480c668240 is pointing into the stack for thread: 0x00007f482011c800
RBX=0x00007f480c668150 is pointing into the stack for thread: 0x00007f482011c800
RCX=0x0000000000000001 is an unknown value
RDX=0x00007f4700000000 is an unknown value
RSP=0x00007f480c667fa0 is pointing into the stack for thread: 0x00007f482011c800
RBP=0x00007f480c668120 is pointing into the stack for thread: 0x00007f482011c800
RSI=0x00007f480c6681b0 is pointing into the stack for thread: 0x00007f482011c800
RDI=0x00007f482011c9f8 is an unknown value
R8 =0x00007f482005d4a8 is an unknown value
R9 =0x00007f480c668150 is pointing into the stack for thread: 0x00007f482011c800
R10=0x00007f47f8000ac0 is an unknown value
R11=0x00007f485d396420 is at entry_point+32 in (nmethod*)0x00007f485d396290
R12=0x00007f482011c800 is a thread
R13=0x00007f482005d4a8 is an unknown value
R14=0x0000000000000001 is an unknown value
R15=0x00007f482011c9f8 is an unknown value


Stack: [0x00007f480c569000,0x00007f480c66a000],  sp=0x00007f480c667fa0,  free space=1019k
Native frames: (J=compiled Java code, j=interpreted, Vv=VM code, C=native code)
V  [libjvm.so+0x6d1d28]  jni_invoke_nonstatic(JNIEnv_*, JavaValue*, _jobject*, JNICallType, _jmethodID*, JNI_ArgumentPusher*, Thread*)+0x38
V  [libjvm.so+0x6d64cf]  jni_CallVoidMethodV+0x10f
C  [libglass.so+0x18641]  JNIEnv_::CallVoidMethod(_jobject*, _jmethodID*, ...)+0x81
C  [libglass.so+0x14f0f]  WindowContextBase::process_key(_GdkEventKey*)+0x20f
C  [libglass.so+0x19f60]  WindowContextBase::im_filter_keypress(_GdkEventKey*)+0x1c0
C  [libglass.so+0x1a91c]  process_events(_GdkEvent*, void*)+0x22c
C  [libgdk-x11-2.0.so.0+0x5ac4c]

Java frames: (J=compiled Java code, j=interpreted, Vv=VM code)
j  com.sun.glass.ui.gtk.GtkApplication._runLoop(Ljava/lang/Runnable;Z)V+0
j  com.sun.glass.ui.gtk.GtkApplication.lambda$null$49(Ljava/lang/Runnable;Z)V+7
j  com.sun.glass.ui.gtk.GtkApplication$$Lambda$43.run()V+12
j  java.lang.Thread.run()V+11
v  ~StubRoutines::call_stub

---------------  P R O C E S S  ---------------

Java Threads: ( => current thread )
  0x00007f47f8219800 JavaThread "Prism Font Disposer" daemon [_thread_blocked, id=5775, stack(0x00007f480673b000,0x00007f480683c000)]
=>0x00007f482011c800 JavaThread "JavaFX Application Thread" [_thread_in_vm, id=5769, stack(0x00007f480c569000,0x00007f480c66a000)]
  0x00007f4820118800 JavaThread "Thread-2" daemon [_thread_blocked, id=5766, stack(0x00007f480c66a000,0x00007f480c76b000)]
  0x00007f482004b800 JavaThread "QuantumRenderer-0" daemon [_thread_blocked, id=5764, stack(0x00007f484df21000,0x00007f484e022000)]
  0x00007f486c1cb000 JavaThread "JavaFX-Launcher" [_thread_blocked, id=5763, stack(0x00007f484e022000,0x00007f484e123000)]
  0x00007f486c123000 JavaThread "Monitor Ctrl-Break" daemon [_thread_in_native, id=5762, stack(0x00007f484e6d1000,0x00007f484e7d2000)]
  0x00007f486c0c1800 JavaThread "Service Thread" daemon [_thread_blocked, id=5760, stack(0x00007f484eb15000,0x00007f484ec16000)]
  0x00007f486c0be800 JavaThread "C1 CompilerThread2" daemon [_thread_blocked, id=5758, stack(0x00007f484ec16000,0x00007f484ed17000)]
  0x00007f486c0bd000 JavaThread "C2 CompilerThread1" daemon [_thread_in_native, id=5756, stack(0x00007f484ed17000,0x00007f484ee18000)]
  0x00007f486c0ba000 JavaThread "C2 CompilerThread0" daemon [_thread_in_native, id=5754, stack(0x00007f484ee18000,0x00007f484ef19000)]
  0x00007f486c0b8800 JavaThread "Signal Dispatcher" daemon [_thread_blocked, id=5750, stack(0x00007f484ef19000,0x00007f484f01a000)]
  0x00007f486c084800 JavaThread "Finalizer" daemon [_thread_blocked, id=5748, stack(0x00007f484f2f3000,0x00007f484f3f4000)]
  0x00007f486c080000 JavaThread "Reference Handler" daemon [_thread_blocked, id=5746, stack(0x00007f484f3f4000,0x00007f484f4f5000)]
  0x00007f486c00a800 JavaThread "main" [_thread_blocked, id=5735, stack(0x00007f4875924000,0x00007f4875a25000)]

Other Threads:
  0x00007f486c078000 VMThread [stack: 0x00007f484f4f5000,0x00007f484f5f6000] [id=5744]
  0x00007f486c0c4800 WatcherThread [stack: 0x00007f484ea14000,0x00007f484eb15000] [id=5761]

VM state:not at safepoint (normal execution)

VM Mutex/Monitor currently owned by a thread: None

Heap:
 PSYoungGen      total 17920K, used 3115K [0x00000000ec300000, 0x00000000ed700000, 0x0000000100000000)
  eden space 15360K, 3% used [0x00000000ec300000,0x00000000ec38eee0,0x00000000ed200000)
  from space 2560K, 99% used [0x00000000ed480000,0x00000000ed6fc048,0x00000000ed700000)
  to   space 2560K, 0% used [0x00000000ed200000,0x00000000ed200000,0x00000000ed480000)
 ParOldGen       total 40960K, used 3222K [0x00000000c4800000, 0x00000000c7000000, 0x00000000ec300000)
  object space 40960K, 7% used [0x00000000c4800000,0x00000000c4b25af0,0x00000000c7000000)
 Metaspace       used 15639K, capacity 16304K, committed 16512K, reserved 1062912K
  class space    used 2212K, capacity 2368K, committed 2432K, reserved 1048576K

Card table byte_map: [0x00007f48724f5000,0x00007f48726d2000] byte_map_base: 0x00007f4871ed1000

Marking Bits: (ParMarkBitMap*) 0x00007f4874dfb220
 Begin Bits: [0x00007f48701f3000, 0x00007f48710d3000)
 End Bits:   [0x00007f48710d3000, 0x00007f4871fb3000)

Polling page: 0x00007f4875a4a000

CodeCache: size=245760Kb used=4532Kb max_used=4532Kb free=241227Kb
 bounds [0x00007f485d000000, 0x00007f485d470000, 0x00007f486c000000]
 total_blobs=2075 nmethods=1458 adapters=530
 compilation: enabled

Compilation events (10 events):
Event: 6.266 Thread 0x00007f486c0be800 1450       3       javafx.beans.binding.DoubleExpression::getValue (8 bytes)
Event: 6.266 Thread 0x00007f486c0be800 nmethod 1450 0x00007f485d46d510 code [0x00007f485d46d6a0, 0x00007f485d46da88]
Event: 6.266 Thread 0x00007f486c0be800 1457       1       javafx.scene.text.Text$TextAttribute::access$1700 (5 bytes)
Event: 6.266 Thread 0x00007f486c0be800 nmethod 1457 0x00007f485d465f10 code [0x00007f485d466060, 0x00007f485d466150]
Event: 6.266 Thread 0x00007f486c0be800 1459       3       javafx.scene.control.SkinBase::snapSize (19 bytes)
Event: 6.267 Thread 0x00007f486c0be800 nmethod 1459 0x00007f485d46dc50 code [0x00007f485d46de00, 0x00007f485d46e148]
Event: 6.267 Thread 0x00007f486c0be800 1458       1       javafx.scene.text.Text$TextAttribute::access$1800 (5 bytes)
Event: 6.267 Thread 0x00007f486c0be800 nmethod 1458 0x00007f485d46e290 code [0x00007f485d46e3e0, 0x00007f485d46e4d0]
Event: 6.267 Thread 0x00007f486c0be800 1460       3       sun.util.logging.PlatformLogger$DefaultLoggerProxy::isLoggable (29 bytes)
Event: 6.267 Thread 0x00007f486c0be800 nmethod 1460 0x00007f485d46e550 code [0x00007f485d46e6e0, 0x00007f485d46ec10]

GC Heap History (4 events):
Event: 0.809 GC heap before
{Heap before GC invocations=1 (full 0):
 PSYoungGen      total 17920K, used 15360K [0x00000000ec300000, 0x00000000ed700000, 0x0000000100000000)
  eden space 15360K, 100% used [0x00000000ec300000,0x00000000ed200000,0x00000000ed200000)
  from space 2560K, 0% used [0x00000000ed480000,0x00000000ed480000,0x00000000ed700000)
  to   space 2560K, 0% used [0x00000000ed200000,0x00000000ed200000,0x00000000ed480000)
 ParOldGen       total 40960K, used 0K [0x00000000c4800000, 0x00000000c7000000, 0x00000000ec300000)
  object space 40960K, 0% used [0x00000000c4800000,0x00000000c4800000,0x00000000c7000000)
 Metaspace       used 10086K, capacity 10460K, committed 10624K, reserved 1058816K
  class space    used 1247K, capacity 1368K, committed 1408K, reserved 1048576K
Event: 0.816 GC heap after
Heap after GC invocations=1 (full 0):
 PSYoungGen      total 17920K, used 2544K [0x00000000ec300000, 0x00000000ed700000, 0x0000000100000000)
  eden space 15360K, 0% used [0x00000000ec300000,0x00000000ec300000,0x00000000ed200000)
  from space 2560K, 99% used [0x00000000ed200000,0x00000000ed47c040,0x00000000ed480000)
  to   space 2560K, 0% used [0x00000000ed480000,0x00000000ed480000,0x00000000ed700000)
 ParOldGen       total 40960K, used 368K [0x00000000c4800000, 0x00000000c7000000, 0x00000000ec300000)
  object space 40960K, 0% used [0x00000000c4800000,0x00000000c485c000,0x00000000c7000000)
 Metaspace       used 10086K, capacity 10460K, committed 10624K, reserved 1058816K
  class space    used 1247K, capacity 1368K, committed 1408K, reserved 1048576K
}
Event: 6.214 GC heap before
{Heap before GC invocations=2 (full 0):
 PSYoungGen      total 17920K, used 17904K [0x00000000ec300000, 0x00000000ed700000, 0x0000000100000000)
  eden space 15360K, 100% used [0x00000000ec300000,0x00000000ed200000,0x00000000ed200000)
  from space 2560K, 99% used [0x00000000ed200000,0x00000000ed47c040,0x00000000ed480000)
  to   space 2560K, 0% used [0x00000000ed480000,0x00000000ed480000,0x00000000ed700000)
 ParOldGen       total 40960K, used 368K [0x00000000c4800000, 0x00000000c7000000, 0x00000000ec300000)
  object space 40960K, 0% used [0x00000000c4800000,0x00000000c485c000,0x00000000c7000000)
 Metaspace       used 15581K, capacity 16240K, committed 16512K, reserved 1062912K
  class space    used 2212K, capacity 2368K, committed 2432K, reserved 1048576K
Event: 6.234 GC heap after
Heap after GC invocations=2 (full 0):
 PSYoungGen      total 17920K, used 2544K [0x00000000ec300000, 0x00000000ed700000, 0x0000000100000000)
  eden space 15360K, 0% used [0x00000000ec300000,0x00000000ec300000,0x00000000ed200000)
  from space 2560K, 99% used [0x00000000ed480000,0x00000000ed6fc048,0x00000000ed700000)
  to   space 2560K, 0% used [0x00000000ed200000,0x00000000ed200000,0x00000000ed480000)
 ParOldGen       total 40960K, used 3222K [0x00000000c4800000, 0x00000000c7000000, 0x00000000ec300000)
  object space 40960K, 7% used [0x00000000c4800000,0x00000000c4b25af0,0x00000000c7000000)
 Metaspace       used 15581K, capacity 16240K, committed 16512K, reserved 1062912K
  class space    used 2212K, capacity 2368K, committed 2432K, reserved 1048576K
}

Deoptimization events (10 events):
Event: 1.069 Thread 0x00007f482011c800 Uncommon trap: reason=class_check action=maybe_recompile pc=0x00007f485d2487f4 method=java.io.DataInputStream.readShort()S @ 4
Event: 1.070 Thread 0x00007f482011c800 Uncommon trap: reason=class_check action=maybe_recompile pc=0x00007f485d2487f4 method=java.io.DataInputStream.readShort()S @ 4
Event: 1.070 Thread 0x00007f482011c800 Uncommon trap: reason=class_check action=maybe_recompile pc=0x00007f485d2487f4 method=java.io.DataInputStream.readShort()S @ 4
Event: 1.085 Thread 0x00007f482011c800 Uncommon trap: reason=class_check action=maybe_recompile pc=0x00007f485d1232b8 method=java.lang.String.equals(Ljava/lang/Object;)Z @ 8
Event: 1.085 Thread 0x00007f482011c800 Uncommon trap: reason=class_check action=maybe_recompile pc=0x00007f485d1232b8 method=java.lang.String.equals(Ljava/lang/Object;)Z @ 8
Event: 1.085 Thread 0x00007f482011c800 Uncommon trap: reason=class_check action=maybe_recompile pc=0x00007f485d1232b8 method=java.lang.String.equals(Ljava/lang/Object;)Z @ 8
Event: 1.198 Thread 0x00007f482011c800 Uncommon trap: reason=class_check action=maybe_recompile pc=0x00007f485d1232b8 method=java.lang.String.equals(Ljava/lang/Object;)Z @ 8
Event: 1.337 Thread 0x00007f482011c800 Uncommon trap: reason=unstable_if action=reinterpret pc=0x00007f485d2b3648 method=sun.net.www.ParseUtil.encodePath(Ljava/lang/String;Z)Ljava/lang/String; @ 109
Event: 1.427 Thread 0x00007f482011c800 Uncommon trap: reason=unstable_if action=reinterpret pc=0x00007f485d30cbe4 method=jdk.internal.org.objectweb.asm.Type.getArgumentsAndReturnSizes(Ljava/lang/String;)I @ 47
Event: 3.612 Thread 0x00007f482004b800 Uncommon trap: reason=unstable_if action=reinterpret pc=0x00007f485d3b02dc method=java.lang.StrictMath.floorOrCeil(DDDD)D @ 115

Internal exceptions (10 events):
Event: 0.232 Thread 0x00007f486c1cb000 Exception <a 'java/security/PrivilegedActionException'> (0x00000000ec617dc0) thrown at [/HUDSON3/workspace/8-2-build-linux-amd64/jdk8u111/7883/hotspot/src/share/vm/prims/jvm.cpp, line 1386]
Event: 0.232 Thread 0x00007f486c1cb000 Exception <a 'java/security/PrivilegedActionException'> (0x00000000ec61a200) thrown at [/HUDSON3/workspace/8-2-build-linux-amd64/jdk8u111/7883/hotspot/src/share/vm/prims/jvm.cpp, line 1386]
Event: 0.232 Thread 0x00007f486c1cb000 Exception <a 'java/security/PrivilegedActionException'> (0x00000000ec61a410) thrown at [/HUDSON3/workspace/8-2-build-linux-amd64/jdk8u111/7883/hotspot/src/share/vm/prims/jvm.cpp, line 1386]
Event: 0.232 Thread 0x00007f486c1cb000 Exception <a 'java/lang/NullPointerException'> (0x00000000ec61a9e8) thrown at [/HUDSON3/workspace/8-2-build-linux-amd64/jdk8u111/7883/hotspot/src/share/vm/interpreter/linkResolver.cpp, line 1178]
Event: 0.689 Thread 0x00007f482011c800 Exception <a 'java/lang/NullPointerException'> (0x00000000ece50da0) thrown at [/HUDSON3/workspace/8-2-build-linux-amd64/jdk8u111/7883/hotspot/src/share/vm/interpreter/linkResolver.cpp, line 1178]
Event: 0.689 Thread 0x00007f482011c800 Exception <a 'java/lang/NullPointerException'> (0x00000000ece50da0) thrown at [/HUDSON3/workspace/8-2-build-linux-amd64/jdk8u111/7883/hotspot/src/share/vm/prims/jvm.cpp, line 1390]
Event: 0.801 Thread 0x00007f482011c800 Exception <a 'java/lang/ArrayIndexOutOfBoundsException': 58> (0x00000000ed1e0638) thrown at [/HUDSON3/workspace/8-2-build-linux-amd64/jdk8u111/7883/hotspot/src/share/vm/interpreter/interpreterRuntime.cpp, line 366]
Event: 0.802 Thread 0x00007f482011c800 Exception <a 'java/lang/ArrayIndexOutOfBoundsException': 18> (0x00000000ed1e14c0) thrown at [/HUDSON3/workspace/8-2-build-linux-amd64/jdk8u111/7883/hotspot/src/share/vm/interpreter/interpreterRuntime.cpp, line 366]
Event: 0.802 Thread 0x00007f482011c800 Exception <a 'java/lang/ArrayIndexOutOfBoundsException': 86> (0x00000000ed1e2868) thrown at [/HUDSON3/workspace/8-2-build-linux-amd64/jdk8u111/7883/hotspot/src/share/vm/interpreter/interpreterRuntime.cpp, line 366]
Event: 0.961 Thread 0x00007f482011c800 Implicit null exception at 0x00007f485d25f5b5 to 0x00007f485d25f799

Events (10 events):
Event: 6.070 loading class com/sun/prism/GraphicsResource
Event: 6.070 loading class com/sun/prism/GraphicsResource done
Event: 6.072 loading class com/sun/javafx/tk/quantum/ViewScene
Event: 6.072 loading class com/sun/javafx/tk/quantum/ViewScene done
Event: 6.073 loading class com/sun/javafx/tk/quantum/WindowStage
Event: 6.073 loading class com/sun/javafx/tk/quantum/WindowStage done
Event: 6.214 Executing VM operation: ParallelGCFailedAllocation
Event: 6.234 Executing VM operation: ParallelGCFailedAllocation done
Event: 6.236 Executing VM operation: RevokeBias
Event: 6.239 Executing VM operation: RevokeBias done


Dynamic libraries:
00400000-00401000 r-xp 00000000 08:03 2493609                            /usr/lib/jvm/java-8-oracle/bin/java
00600000-00601000 rw-p 00000000 08:03 2493609                            /usr/lib/jvm/java-8-oracle/bin/java
01b97000-01bb8000 rw-p 00000000 00:00 0                                  [heap]
40004000-400a4000 rw-p 00000000 00:00 0 
41721000-41723000 r-xs 00000000 08:03 262244                             /tmp/.gls0eH0U (deleted)
c4800000-c7000000 rw-p 00000000 00:00 0 
c7000000-ec300000 ---p 00000000 00:00 0 
ec300000-ed700000 rw-p 00000000 00:00 0 
ed700000-100000000 ---p 00000000 00:00 0 
100000000-100260000 rw-p 00000000 00:00 0 
100260000-140000000 ---p 00000000 00:00 0 
7f47f0000000-7f47f0022000 rw-p 00000000 00:00 0 
7f47f0022000-7f47f4000000 ---p 00000000 00:00 0 
7f47f4000000-7f47f4021000 rw-p 00000000 00:00 0 
7f47f4021000-7f47f8000000 ---p 00000000 00:00 0 
7f47f8000000-7f47f8502000 rw-p 00000000 00:00 0 
7f47f8502000-7f47fc000000 ---p 00000000 00:00 0 
7f47fc000000-7f47fc021000 rw-p 00000000 00:00 0 
7f47fc021000-7f4800000000 ---p 00000000 00:00 0 
7f4800000000-7f4800021000 rw-p 00000000 00:00 0 
7f4800021000-7f4804000000 ---p 00000000 00:00 0 
7f480593a000-7f4805b3a000 rw-s 91c8d000 00:06 552                        /dev/nvidiactl
7f4805b3a000-7f480633b000 rw-p 00000000 00:00 0 
7f480633b000-7f480653b000 rw-s 91d13000 00:06 552                        /dev/nvidiactl
7f480653b000-7f48066fb000 rw-p 00000000 00:00 0 
7f48066fb000-7f480673b000 ---p 00000000 00:00 0 
7f480673b000-7f480673e000 ---p 00000000 00:00 0 
7f480673e000-7f480683c000 rw-p 00000000 00:00 0 
7f480683c000-7f48068f5000 r--p 00000000 08:03 1312293                    /usr/share/fonts/truetype/dejavu/DejaVuSans.ttf
7f48068f5000-7f480694a000 r--p 00000000 08:03 2493784                    /usr/lib/jvm/java-8-oracle/jre/lib/fonts/LucidaBrightRegular.ttf
7f480694a000-7f48069f5000 r--p 00000000 08:03 2493781                    /usr/lib/jvm/java-8-oracle/jre/lib/fonts/LucidaSansRegular.ttf
7f48069f5000-7f48069f9000 r-xp 00000000 08:03 2493730                    /usr/lib/jvm/java-8-oracle/jre/lib/amd64/libjavafx_font_pango.so
7f48069f9000-7f4806bf8000 ---p 00004000 08:03 2493730                    /usr/lib/jvm/java-8-oracle/jre/lib/amd64/libjavafx_font_pango.so
7f4806bf8000-7f4806bf9000 rw-p 00003000 08:03 2493730                    /usr/lib/jvm/java-8-oracle/jre/lib/amd64/libjavafx_font_pango.so
7f4806bf9000-7f4806df9000 rw-p 00000000 00:00 0 
7f4806df9000-7f4806dfe000 r-xp 00000000 08:03 2493726                    /usr/lib/jvm/java-8-oracle/jre/lib/amd64/libjavafx_font_freetype.so
7f4806dfe000-7f4806ffd000 ---p 00005000 08:03 2493726                    /usr/lib/jvm/java-8-oracle/jre/lib/amd64/libjavafx_font_freetype.so
7f4806ffd000-7f4806ffe000 rw-p 00004000 08:03 2493726                    /usr/lib/jvm/java-8-oracle/jre/lib/amd64/libjavafx_font_freetype.so
7f4806ffe000-7f4806fff000 ---p 00000000 00:00 0 
7f4806fff000-7f48077ff000 rw-p 00000000 00:00 0 
7f48077ff000-7f4807800000 ---p 00000000 00:00 0 
7f4807800000-7f4808000000 rw-p 00000000 00:00 0 
7f4808000000-7f4808021000 rw-p 00000000 00:00 0 
7f4808021000-7f480c000000 ---p 00000000 00:00 0 
7f480c016000-7f480c02a000 r--p 00000000 08:03 2493785                    /usr/lib/jvm/java-8-oracle/jre/lib/fonts/LucidaBrightItalic.ttf
7f480c02a000-7f480c03d000 r--p 00000000 08:03 2493789                    /usr/lib/jvm/java-8-oracle/jre/lib/fonts/LucidaBrightDemiItalic.ttf
7f480c03d000-7f480c077000 r--p 00000000 08:03 2493783                    /usr/lib/jvm/java-8-oracle/jre/lib/fonts/LucidaTypewriterBold.ttf
7f480c077000-7f480c08a000 r--p 00000000 08:03 2493782                    /usr/lib/jvm/java-8-oracle/jre/lib/fonts/LucidaBrightDemiBold.ttf
7f480c08a000-7f480c0c6000 r--p 00000000 08:03 2493787                    /usr/lib/jvm/java-8-oracle/jre/lib/fonts/LucidaTypewriterRegular.ttf
7f480c0c6000-7f480c114000 r--p 00000000 08:03 2493788                    /usr/lib/jvm/java-8-oracle/jre/lib/fonts/LucidaSansDemiBold.ttf
7f480c114000-7f480c119000 r--s 00084000 08:03 2493792                    /usr/lib/jvm/java-8-oracle/jre/lib/jfr.jar
7f480c119000-7f480c124000 r--s 00000000 08:03 664008                     /var/cache/fontconfig/945677eb7aeaf62f1d50efc3fb3ec7d8-le64.cache-6
7f480c124000-7f480c12a000 r--s 00000000 08:03 664037                     /var/cache/fontconfig/2cd17615ca594fa2959ae173292e504c-le64.cache-6
7f480c12a000-7f480c12b000 r--s 00000000 08:03 664036                     /var/cache/fontconfig/0d8c3b2ac0904cb8a57a757ad11a4a08-le64.cache-6
7f480c12b000-7f480c140000 r--s 00000000 08:03 664034                     /var/cache/fontconfig/04aabc0a78ac019cf9454389977116d2-le64.cache-6
7f480c140000-7f480c144000 r--s 00000000 08:03 664032                     /var/cache/fontconfig/385c0604a188198f04d133e54aba7fe7-le64.cache-6
7f480c144000-7f480c147000 r--s 00000000 08:03 664029                     /var/cache/fontconfig/767a8244fc0220cfb567a839d0392e0b-le64.cache-6
7f480c147000-7f480c14c000 r--s 00000000 08:03 664018                     /var/cache/fontconfig/8801497958630a81b71ace7c5f9b32a8-le64.cache-6
7f480c14c000-7f480c153000 r--s 00000000 08:03 664015                     /var/cache/fontconfig/3047814df9a2f067bd2d96a2b9c36e5a-le64.cache-6
7f480c153000-7f480c166000 r--s 00000000 08:03 664009                     /var/cache/fontconfig/d52a8644073d54c13679302ca1180695-le64.cache-6
7f480c166000-7f480c169000 r-xp 00000000 08:03 2493688                    /usr/lib/jvm/java-8-oracle/jre/lib/amd64/libjavafx_font.so
7f480c169000-7f480c368000 ---p 00003000 08:03 2493688                    /usr/lib/jvm/java-8-oracle/jre/lib/amd64/libjavafx_font.so
7f480c368000-7f480c369000 rw-p 00002000 08:03 2493688                    /usr/lib/jvm/java-8-oracle/jre/lib/amd64/libjavafx_font.so
7f480c369000-7f480c569000 rw-p 00000000 00:00 0 
7f480c569000-7f480c56c000 ---p 00000000 00:00 0 
7f480c56c000-7f480c66a000 rw-p 00000000 00:00 0 
7f480c66a000-7f480c66d000 ---p 00000000 00:00 0 
7f480c66d000-7f480c76b000 rw-p 00000000 00:00 0 
7f480c76b000-7f480c76c000 ---p 00000000 00:00 0 
7f480c76c000-7f480cf6c000 rw-p 00000000 00:00 0 
7f480cf6c000-7f480cf77000 r-xp 00000000 08:03 657319                     /usr/lib/x86_64-linux-gnu/gio/modules/libdconfsettings.so
7f480cf77000-7f480d177000 ---p 0000b000 08:03 657319                     /usr/lib/x86_64-linux-gnu/gio/modules/libdconfsettings.so
7f480d177000-7f480d178000 r--p 0000b000 08:03 657319                     /usr/lib/x86_64-linux-gnu/gio/modules/libdconfsettings.so
7f480d178000-7f480d179000 rw-p 0000c000 08:03 657319                     /usr/lib/x86_64-linux-gnu/gio/modules/libdconfsettings.so
7f480d179000-7f480d1c1000 r--p 00000000 08:03 1312548                    /usr/share/glib-2.0/schemas/gschemas.compiled
7f480d1c1000-7f480d1c8000 r-xp 00000000 08:03 403656                     /usr/lib/x86_64-linux-gnu/libogg.so.0.8.2
7f480d1c8000-7f480d3c8000 ---p 00007000 08:03 403656                     /usr/lib/x86_64-linux-gnu/libogg.so.0.8.2
7f480d3c8000-7f480d3c9000 r--p 00007000 08:03 403656                     /usr/lib/x86_64-linux-gnu/libogg.so.0.8.2
7f480d3c9000-7f480d3ca000 rw-p 00008000 08:03 403656                     /usr/lib/x86_64-linux-gnu/libogg.so.0.8.2
7f480d3ca000-7f480d3f4000 r-xp 00000000 08:03 404005                     /usr/lib/x86_64-linux-gnu/libvorbis.so.0.4.8
7f480d3f4000-7f480d5f4000 ---p 0002a000 08:03 404005                     /usr/lib/x86_64-linux-gnu/libvorbis.so.0.4.8
7f480d5f4000-7f480d5f5000 r--p 0002a000 08:03 404005                     /usr/lib/x86_64-linux-gnu/libvorbis.so.0.4.8
7f480d5f5000-7f480d5f6000 rw-p 0002b000 08:03 404005                     /usr/lib/x86_64-linux-gnu/libvorbis.so.0.4.8
7f480d5f6000-7f480d5ff000 r-xp 00000000 08:03 403523                     /usr/lib/x86_64-linux-gnu/libltdl.so.7.3.1
7f480d5ff000-7f480d7fe000 ---p 00009000 08:03 403523                     /usr/lib/x86_64-linux-gnu/libltdl.so.7.3.1
7f480d7fe000-7f480d7ff000 r--p 00008000 08:03 403523                     /usr/lib/x86_64-linux-gnu/libltdl.so.7.3.1
7f480d7ff000-7f480d800000 rw-p 00009000 08:03 403523                     /usr/lib/x86_64-linux-gnu/libltdl.so.7.3.1
7f480d800000-7f480d814000 r-xp 00000000 08:03 403898                     /usr/lib/x86_64-linux-gnu/libtdb.so.1.3.8
7f480d814000-7f480da13000 ---p 00014000 08:03 403898                     /usr/lib/x86_64-linux-gnu/libtdb.so.1.3.8
7f480da13000-7f480da14000 r--p 00013000 08:03 403898                     /usr/lib/x86_64-linux-gnu/libtdb.so.1.3.8
7f480da14000-7f480da15000 rw-p 00014000 08:03 403898                     /usr/lib/x86_64-linux-gnu/libtdb.so.1.3.8
7f480da15000-7f480da1c000 r-xp 00000000 08:03 404009                     /usr/lib/x86_64-linux-gnu/libvorbisfile.so.3.3.7
7f480da1c000-7f480dc1c000 ---p 00007000 08:03 404009                     /usr/lib/x86_64-linux-gnu/libvorbisfile.so.3.3.7
7f480dc1c000-7f480dc1d000 r--p 00007000 08:03 404009                     /usr/lib/x86_64-linux-gnu/libvorbisfile.so.3.3.7
7f480dc1d000-7f480dc1e000 rw-p 00008000 08:03 404009                     /usr/lib/x86_64-linux-gnu/libvorbisfile.so.3.3.7
7f480dc1e000-7f480dc2e000 r-xp 00000000 08:03 402920                     /usr/lib/x86_64-linux-gnu/libcanberra.so.0.2.5
7f480dc2e000-7f480de2d000 ---p 00010000 08:03 402920                     /usr/lib/x86_64-linux-gnu/libcanberra.so.0.2.5
7f480de2d000-7f480de2e000 r--p 0000f000 08:03 402920                     /usr/lib/x86_64-linux-gnu/libcanberra.so.0.2.5
7f480de2e000-7f480de2f000 rw-p 00010000 08:03 402920                     /usr/lib/x86_64-linux-gnu/libcanberra.so.0.2.5
7f480de2f000-7f480de33000 r-xp 00000000 08:03 402916                     /usr/lib/x86_64-linux-gnu/libcanberra-gtk.so.0.1.9
7f480de33000-7f480e032000 ---p 00004000 08:03 402916                     /usr/lib/x86_64-linux-gnu/libcanberra-gtk.so.0.1.9
7f480e032000-7f480e033000 r--p 00003000 08:03 402916                     /usr/lib/x86_64-linux-gnu/libcanberra-gtk.so.0.1.9
7f480e033000-7f480e034000 rw-p 00004000 08:03 402916                     /usr/lib/x86_64-linux-gnu/libcanberra-gtk.so.0.1.9
7f480e034000-7f480e039000 r-xp 00000000 08:03 657534                     /usr/lib/x86_64-linux-gnu/gtk-2.0/modules/libcanberra-gtk-module.so
7f480e039000-7f480e238000 ---p 00005000 08:03 657534                     /usr/lib/x86_64-linux-gnu/gtk-2.0/modules/libcanberra-gtk-module.so
7f480e238000-7f480e239000 r--p 00004000 08:03 657534                     /usr/lib/x86_64-linux-gnu/gtk-2.0/modules/libcanberra-gtk-module.so
7f480e239000-7f480e23a000 rw-p 00005000 08:03 657534                     /usr/lib/x86_64-linux-gnu/gtk-2.0/modules/libcanberra-gtk-module.so
7f480e23a000-7f480e26a000 r-xp 00000000 08:03 657346                     /usr/lib/x86_64-linux-gnu/gtk-2.0/2.10.0/engines/libmurrine.so
7f480e26a000-7f480e46a000 ---p 00030000 08:03 657346                     /usr/lib/x86_64-linux-gnu/gtk-2.0/2.10.0/engines/libmurrine.so
7f480e46a000-7f480e46b000 r--p 00030000 08:03 657346                     /usr/lib/x86_64-linux-gnu/gtk-2.0/2.10.0/engines/libmurrine.so
7f480e46b000-7f480e46c000 rw-p 00031000 08:03 657346                     /usr/lib/x86_64-linux-gnu/gtk-2.0/2.10.0/engines/libmurrine.so
7f480e46c000-7f480e47c000 r-xp 00000000 08:03 403954                     /usr/lib/x86_64-linux-gnu/libunity-gtk2-parser.so.0.0.0
7f480e47c000-7f480e67c000 ---p 00010000 08:03 403954                     /usr/lib/x86_64-linux-gnu/libunity-gtk2-parser.so.0.0.0
7f480e67c000-7f480e67d000 r--p 00010000 08:03 403954                     /usr/lib/x86_64-linux-gnu/libunity-gtk2-parser.so.0.0.0
7f480e67d000-7f480e67e000 rw-p 00011000 08:03 403954                     /usr/lib/x86_64-linux-gnu/libunity-gtk2-parser.so.0.0.0
7f480e67e000-7f480e683000 r-xp 00000000 08:03 657538                     /usr/lib/x86_64-linux-gnu/gtk-2.0/modules/libunity-gtk-module.so
7f480e683000-7f480e882000 ---p 00005000 08:03 657538                     /usr/lib/x86_64-linux-gnu/gtk-2.0/modules/libunity-gtk-module.so
7f480e882000-7f480e883000 r--p 00004000 08:03 657538                     /usr/lib/x86_64-linux-gnu/gtk-2.0/modules/libunity-gtk-module.so
7f480e883000-7f480e884000 rw-p 00005000 08:03 657538                     /usr/lib/x86_64-linux-gnu/gtk-2.0/modules/libunity-gtk-module.so
7f480e884000-7f480e896000 r-xp 00000000 08:03 1840172                    /lib/x86_64-linux-gnu/libgpg-error.so.0.17.0
7f480e896000-7f480ea96000 ---p 00012000 08:03 1840172                    /lib/x86_64-linux-gnu/libgpg-error.so.0.17.0
7f480ea96000-7f480ea97000 r--p 00012000 08:03 1840172                    /lib/x86_64-linux-gnu/libgpg-error.so.0.17.0
7f480ea97000-7f480ea98000 rw-p 00013000 08:03 1840172                    /lib/x86_64-linux-gnu/libgpg-error.so.0.17.0
7f480ea98000-7f480eb70000 r-xp 00000000 08:03 1839881                    /lib/x86_64-linux-gnu/libgcrypt.so.20.0.5
7f480eb70000-7f480ed6f000 ---p 000d8000 08:03 1839881                    /lib/x86_64-linux-gnu/libgcrypt.so.20.0.5
7f480ed6f000-7f480ed70000 r--p 000d7000 08:03 1839881                    /lib/x86_64-linux-gnu/libgcrypt.so.20.0.5
7f480ed70000-7f480ed78000 rw-p 000d8000 08:03 1839881                    /lib/x86_64-linux-gnu/libgcrypt.so.20.0.5
7f480ed78000-7f480ed79000 rw-p 00000000 00:00 0 
7f480ed79000-7f480ed9a000 r-xp 00000000 08:03 1840195                    /lib/x86_64-linux-gnu/liblzma.so.5.0.0
7f480ed9a000-7f480ef99000 ---p 00021000 08:03 1840195                    /lib/x86_64-linux-gnu/liblzma.so.5.0.0
7f480ef99000-7f480ef9a000 r--p 00020000 08:03 1840195                    /lib/x86_64-linux-gnu/liblzma.so.5.0.0
7f480ef9a000-7f480ef9b000 rw-p 00021000 08:03 1840195                    /lib/x86_64-linux-gnu/liblzma.so.5.0.0
7f480ef9b000-7f480f01b000 r-xp 00000000 08:03 1836670                    /lib/x86_64-linux-gnu/libsystemd.so.0.14.0
7f480f01b000-7f480f01e000 r--p 0007f000 08:03 1836670                    /lib/x86_64-linux-gnu/libsystemd.so.0.14.0
7f480f01e000-7f480f01f000 rw-p 00082000 08:03 1836670                    /lib/x86_64-linux-gnu/libsystemd.so.0.14.0
7f480f01f000-7f480f020000 rw-p 00000000 00:00 0 
7f480f020000-7f480f06a000 r-xp 00000000 08:03 1839804                    /lib/x86_64-linux-gnu/libdbus-1.so.3.14.6
7f480f06a000-7f480f26a000 ---p 0004a000 08:03 1839804                    /lib/x86_64-linux-gnu/libdbus-1.so.3.14.6
7f480f26a000-7f480f26b000 r--p 0004a000 08:03 1839804                    /lib/x86_64-linux-gnu/libdbus-1.so.3.14.6
7f480f26b000-7f480f26c000 rw-p 0004b000 08:03 1839804                    /lib/x86_64-linux-gnu/libdbus-1.so.3.14.6
7f480f26c000-7f480f298000 r-xp 00000000 08:03 402862                     /usr/lib/x86_64-linux-gnu/libatspi.so.0.0.1
7f480f298000-7f480f497000 ---p 0002c000 08:03 402862                     /usr/lib/x86_64-linux-gnu/libatspi.so.0.0.1
7f480f497000-7f480f49a000 r--p 0002b000 08:03 402862                     /usr/lib/x86_64-linux-gnu/libatspi.so.0.0.1
7f480f49a000-7f480f49b000 rw-p 0002e000 08:03 402862                     /usr/lib/x86_64-linux-gnu/libatspi.so.0.0.1
7f480f49b000-7f480f4c8000 r-xp 00000000 08:03 402856                     /usr/lib/x86_64-linux-gnu/libatk-bridge-2.0.so.0.0.0
7f480f4c8000-7f480f6c7000 ---p 0002d000 08:03 402856                     /usr/lib/x86_64-linux-gnu/libatk-bridge-2.0.so.0.0.0
7f480f6c7000-7f480f6c8000 r--p 0002c000 08:03 402856                     /usr/lib/x86_64-linux-gnu/libatk-bridge-2.0.so.0.0.0
7f480f6c8000-7f480f6ca000 rw-p 0002d000 08:03 402856                     /usr/lib/x86_64-linux-gnu/libatk-bridge-2.0.so.0.0.0
7f480f6ca000-7f480f6cb000 r-xp 00000000 08:03 657533                     /usr/lib/x86_64-linux-gnu/gtk-2.0/modules/libatk-bridge.so
7f480f6cb000-7f480f8ca000 ---p 00001000 08:03 657533                     /usr/lib/x86_64-linux-gnu/gtk-2.0/modules/libatk-bridge.so
7f480f8ca000-7f480f8cb000 r--p 00000000 08:03 657533                     /usr/lib/x86_64-linux-gnu/gtk-2.0/modules/libatk-bridge.so
7f480f8cb000-7f480f8cc000 rw-p 00001000 08:03 657533                     /usr/lib/x86_64-linux-gnu/gtk-2.0/modules/libatk-bridge.so
7f480f8cc000-7f480f8d3000 r-xp 00000000 08:03 403191                     /usr/lib/x86_64-linux-gnu/libgailutil.so.18.0.1
7f480f8d3000-7f480fad2000 ---p 00007000 08:03 403191                     /usr/lib/x86_64-linux-gnu/libgailutil.so.18.0.1
7f480fad2000-7f480fad3000 r--p 00006000 08:03 403191                     /usr/lib/x86_64-linux-gnu/libgailutil.so.18.0.1
7f480fad3000-7f480fad4000 rw-p 00007000 08:03 403191                     /usr/lib/x86_64-linux-gnu/libgailutil.so.18.0.1
7f480fad4000-7f480fad5000 r--s 00000000 08:03 664033                     /var/cache/fontconfig/1ac9eb803944fde146138c791f5cc56a-le64.cache-6
7f480fad5000-7f480fad6000 r--s 00000000 08:03 664030                     /var/cache/fontconfig/dc05db6664285cc2f12bf69c139ae4c3-le64.cache-6
7f480fad6000-7f480fad7000 r--s 00000000 08:03 664027                     /var/cache/fontconfig/4794a0821666d79190d59a36cb4f44b5-le64.cache-6
7f480fad7000-7f480fad8000 r--s 00000000 08:03 664017                     /var/cache/fontconfig/bab58bb527bb656aaa9f116d68a48d89-le64.cache-6
7f480fad8000-7f480fad9000 r--s 00000000 08:03 664014                     /var/cache/fontconfig/56cf4f4769d0f4abc89a4895d7bd3ae1-le64.cache-6
7f480fad9000-7f480fada000 r--s 00000000 08:03 664012                     /var/cache/fontconfig/b9d506c9ac06c20b433354fa67a72993-le64.cache-6
7f480fada000-7f480fae0000 r--s 00000000 08:03 664011                     /var/cache/fontconfig/b47c4e1ecd0709278f4910c18777a504-le64.cache-6
7f480fae0000-7f480fae4000 r--s 00000000 08:03 664006                     /var/cache/fontconfig/d589a48862398ed80a3d6066f4f56f4c-le64.cache-6
7f480fae4000-7f480faf6000 r--s 00000000 08:03 663987                     /var/cache/fontconfig/9b89f8e3dae116d678bbf48e5f21f69b-le64.cache-6
7f480faf6000-7f480fb44000 r-xp 00000000 08:03 657536                     /usr/lib/x86_64-linux-gnu/gtk-2.0/modules/libgail.so
7f480fb44000-7f480fd43000 ---p 0004e000 08:03 657536                     /usr/lib/x86_64-linux-gnu/gtk-2.0/modules/libgail.so
7f480fd43000-7f480fd44000 r--p 0004d000 08:03 657536                     /usr/lib/x86_64-linux-gnu/gtk-2.0/modules/libgail.so
7f480fd44000-7f480fd46000 rw-p 0004e000 08:03 657536                     /usr/lib/x86_64-linux-gnu/gtk-2.0/modules/libgail.so
7f480fd46000-7f480fd57000 r-xp 00000000 08:03 657537                     /usr/lib/x86_64-linux-gnu/gtk-2.0/modules/liboverlay-scrollbar.so
7f480fd57000-7f480ff57000 ---p 00011000 08:03 657537                     /usr/lib/x86_64-linux-gnu/gtk-2.0/modules/liboverlay-scrollbar.so
7f480ff57000-7f480ff58000 r--p 00011000 08:03 657537                     /usr/lib/x86_64-linux-gnu/gtk-2.0/modules/liboverlay-scrollbar.so
7f480ff58000-7f480ff59000 rw-p 00012000 08:03 657537                     /usr/lib/x86_64-linux-gnu/gtk-2.0/modules/liboverlay-scrollbar.so
7f480ff59000-7f480ff82000 r-xp 00000000 08:03 2493738                    /usr/lib/jvm/java-8-oracle/jre/lib/amd64/libglass.so
7f480ff82000-7f4810181000 ---p 00029000 08:03 2493738                    /usr/lib/jvm/java-8-oracle/jre/lib/amd64/libglass.so
7f4810181000-7f4810184000 rw-p 00028000 08:03 2493738                    /usr/lib/jvm/java-8-oracle/jre/lib/amd64/libglass.so
7f4810184000-7f4810204000 rw-s 33169000 00:06 552                        /dev/nvidiactl
7f4810204000-7f4810284000 rw-s 1390f000 00:06 552                        /dev/nvidiactl
7f4810284000-7f4810304000 rw-s 34e69000 00:06 552                        /dev/nvidiactl
7f4810304000-7f4810404000 rw-s 3459a000 00:06 552                        /dev/nvidiactl
7f4810404000-7f4810424000 rw-s a0120000 00:06 553                        /dev/nvidia0
7f4810424000-7f4810464000 rw-s 90fee000 00:06 552                        /dev/nvidiactl
7f4810464000-7f4810568000 rw-s 900e3000 00:06 552                        /dev/nvidiactl
7f4810568000-7f4811901000 r-xp 00000000 08:03 397054                     /usr/lib/nvidia-367/libnvidia-glcore.so.367.57
7f4811901000-7f4811921000 rwxp 01399000 08:03 397054                     /usr/lib/nvidia-367/libnvidia-glcore.so.367.57
7f4811921000-7f4811cc2000 r-xp 013b9000 08:03 397054                     /usr/lib/nvidia-367/libnvidia-glcore.so.367.57
7f4811cc2000-7f4811ec1000 ---p 0175a000 08:03 397054                     /usr/lib/nvidia-367/libnvidia-glcore.so.367.57
7f4811ec1000-7f4812289000 rw-p 01759000 08:03 397054                     /usr/lib/nvidia-367/libnvidia-glcore.so.367.57
7f4812289000-7f48122a1000 rw-p 00000000 00:00 0 
7f48122a1000-7f48122a4000 r-xp 00000000 08:03 397058                     /usr/lib/nvidia-367/tls/libnvidia-tls.so.367.57
7f48122a4000-7f48124a4000 ---p 00003000 08:03 397058                     /usr/lib/nvidia-367/tls/libnvidia-tls.so.367.57
7f48124a4000-7f48124a5000 rw-p 00003000 08:03 397058                     /usr/lib/nvidia-367/tls/libnvidia-tls.so.367.57
7f48124a5000-7f481256d000 r-xp 00000000 08:03 397034                     /usr/lib/nvidia-367/libGLX_nvidia.so.367.57
7f481256d000-7f48125a1000 rwxp 000c8000 08:03 397034                     /usr/lib/nvidia-367/libGLX_nvidia.so.367.57
7f48125a1000-7f48125b4000 r-xp 000fc000 08:03 397034                     /usr/lib/nvidia-367/libGLX_nvidia.so.367.57
7f48125b4000-7f48127b4000 ---p 0010f000 08:03 397034                     /usr/lib/nvidia-367/libGLX_nvidia.so.367.57
7f48127b4000-7f48127dc000 rw-p 0010f000 08:03 397034                     /usr/lib/nvidia-367/libGLX_nvidia.so.367.57
7f48127dc000-7f48127e3000 rw-p 00000000 00:00 0 
7f48127e3000-7f48127e9000 r-xp 00000000 08:03 403003                     /usr/lib/x86_64-linux-gnu/libdatrie.so.1.3.3
7f48127e9000-7f48129e9000 ---p 00006000 08:03 403003                     /usr/lib/x86_64-linux-gnu/libdatrie.so.1.3.3
7f48129e9000-7f48129ea000 r--p 00006000 08:03 403003                     /usr/lib/x86_64-linux-gnu/libdatrie.so.1.3.3
7f48129ea000-7f48129eb000 rw-p 00007000 08:03 403003                     /usr/lib/x86_64-linux-gnu/libdatrie.so.1.3.3
7f48129eb000-7f48129f0000 r-xp 00000000 08:03 402761                     /usr/lib/x86_64-linux-gnu/libXdmcp.so.6.0.0
7f48129f0000-7f4812bef000 ---p 00005000 08:03 402761                     /usr/lib/x86_64-linux-gnu/libXdmcp.so.6.0.0
7f4812bef000-7f4812bf0000 r--p 00004000 08:03 402761                     /usr/lib/x86_64-linux-gnu/libXdmcp.so.6.0.0
7f4812bf0000-7f4812bf1000 rw-p 00005000 08:03 402761                     /usr/lib/x86_64-linux-gnu/libXdmcp.so.6.0.0
7f4812bf1000-7f4812bf3000 r-xp 00000000 08:03 402750                     /usr/lib/x86_64-linux-gnu/libXau.so.6.0.0
7f4812bf3000-7f4812df3000 ---p 00002000 08:03 402750                     /usr/lib/x86_64-linux-gnu/libXau.so.6.0.0
7f4812df3000-7f4812df4000 r--p 00002000 08:03 402750                     /usr/lib/x86_64-linux-gnu/libXau.so.6.0.0
7f4812df4000-7f4812df5000 rw-p 00003000 08:03 402750                     /usr/lib/x86_64-linux-gnu/libXau.so.6.0.0
7f4812df5000-7f4812e18000 r-xp 00000000 08:03 403307                     /usr/lib/x86_64-linux-gnu/libgraphite2.so.3.0.1
7f4812e18000-7f4813017000 ---p 00023000 08:03 403307                     /usr/lib/x86_64-linux-gnu/libgraphite2.so.3.0.1
7f4813017000-7f4813019000 r--p 00022000 08:03 403307                     /usr/lib/x86_64-linux-gnu/libgraphite2.so.3.0.1
7f4813019000-7f481301a000 rw-p 00024000 08:03 403307                     /usr/lib/x86_64-linux-gnu/libgraphite2.so.3.0.1
7f481301a000-7f4813068000 r-xp 00000000 08:03 397050                     /usr/lib/nvidia-367/libGLdispatch.so.0
7f4813068000-7f481309a000 r-xp 0004e000 08:03 397050                     /usr/lib/nvidia-367/libGLdispatch.so.0
7f481309a000-7f48130d4000 r-xp 00080000 08:03 397050                     /usr/lib/nvidia-367/libGLdispatch.so.0
7f48130d4000-7f48132d4000 ---p 000ba000 08:03 397050                     /usr/lib/nvidia-367/libGLdispatch.so.0
7f48132d4000-7f48132e3000 rw-p 000ba000 08:03 397050                     /usr/lib/nvidia-367/libGLdispatch.so.0
7f48132e3000-7f4813303000 rw-p 00000000 00:00 0 
7f4813303000-7f4813313000 r-xp 00000000 08:03 397067                     /usr/lib/nvidia-367/libGLX.so.0
7f4813313000-7f4813513000 ---p 00010000 08:03 397067                     /usr/lib/nvidia-367/libGLX.so.0
7f4813513000-7f4813514000 rw-p 00010000 08:03 397067                     /usr/lib/nvidia-367/libGLX.so.0
7f4813514000-7f4813534000 rw-p 00000000 00:00 0 
7f4813534000-7f48135a2000 r-xp 00000000 08:03 1840257                    /lib/x86_64-linux-gnu/libpcre.so.3.13.2
7f48135a2000-7f48137a2000 ---p 0006e000 08:03 1840257                    /lib/x86_64-linux-gnu/libpcre.so.3.13.2
7f48137a2000-7f48137a3000 r--p 0006e000 08:03 1840257                    /lib/x86_64-linux-gnu/libpcre.so.3.13.2
7f48137a3000-7f48137a4000 rw-p 0006f000 08:03 1840257                    /lib/x86_64-linux-gnu/libpcre.so.3.13.2
7f48137a4000-7f48137ab000 r-xp 00000000 08:03 403132                     /usr/lib/x86_64-linux-gnu/libffi.so.6.0.4
7f48137ab000-7f48139aa000 ---p 00007000 08:03 403132                     /usr/lib/x86_64-linux-gnu/libffi.so.6.0.4
7f48139aa000-7f48139ab000 r--p 00006000 08:03 403132                     /usr/lib/x86_64-linux-gnu/libffi.so.6.0.4
7f48139ab000-7f48139ac000 rw-p 00007000 08:03 403132                     /usr/lib/x86_64-linux-gnu/libffi.so.6.0.4
7f48139ac000-7f48139d2000 r-xp 00000000 08:03 1835072                    /lib/x86_64-linux-gnu/libexpat.so.1.6.0
7f48139d2000-7f4813bd2000 ---p 00026000 08:03 1835072                    /lib/x86_64-linux-gnu/libexpat.so.1.6.0
7f4813bd2000-7f4813bd4000 r--p 00026000 08:03 1835072                    /lib/x86_64-linux-gnu/libexpat.so.1.6.0
7f4813bd4000-7f4813bd5000 rw-p 00028000 08:03 1835072                    /lib/x86_64-linux-gnu/libexpat.so.1.6.0
7f4813bd5000-7f4813bdd000 r-xp 00000000 08:03 403906                     /usr/lib/x86_64-linux-gnu/libthai.so.0.2.4
7f4813bdd000-7f4813ddc000 ---p 00008000 08:03 403906                     /usr/lib/x86_64-linux-gnu/libthai.so.0.2.4
7f4813ddc000-7f4813ddd000 r--p 00007000 08:03 403906                     /usr/lib/x86_64-linux-gnu/libthai.so.0.2.4
7f4813ddd000-7f4813dde000 rw-p 00008000 08:03 403906                     /usr/lib/x86_64-linux-gnu/libthai.so.0.2.4
7f4813dde000-7f4813dff000 r-xp 00000000 08:03 404128                     /usr/lib/x86_64-linux-gnu/libxcb.so.1.1.0
7f4813dff000-7f4813ffe000 ---p 00021000 08:03 404128                     /usr/lib/x86_64-linux-gnu/libxcb.so.1.1.0
7f4813ffe000-7f4813fff000 r--p 00020000 08:03 404128                     /usr/lib/x86_64-linux-gnu/libxcb.so.1.1.0
7f4813fff000-7f4814000000 rw-p 00021000 08:03 404128                     /usr/lib/x86_64-linux-gnu/libxcb.so.1.1.0
7f4814000000-7f48147fc000 rw-p 00000000 00:00 0 
7f48147fc000-7f4818000000 ---p 00000000 00:00 0 
7f4818000000-7f4818003000 r--s 00000000 08:03 663998                     /var/cache/fontconfig/75114ca45c98e8a441da0ff356701271-le64.cache-6
7f4818003000-7f481800e000 r--s 00000000 08:03 663991                     /var/cache/fontconfig/83bf95040141907cd45bb53cf7c1c148-le64.cache-6
7f481800e000-7f481801b000 r--s 00000000 08:03 656609                     /var/cache/fontconfig/e13b20fdb08344e0e664864cc2ede53d-le64.cache-6
7f481801b000-7f481801f000 r--s 00000000 08:03 663970                     /var/cache/fontconfig/7ef2298fde41cc6eeb7af42e48b7d293-le64.cache-6
7f481801f000-7f481803f000 rw-s 0c581000 00:06 552                        /dev/nvidiactl
7f481803f000-7f481807f000 rw-s 33890000 00:06 552                        /dev/nvidiactl
7f481807f000-7f481809f000 rw-s 139ed000 00:06 552                        /dev/nvidiactl
7f481809f000-7f48180a7000 r-xp 00000000 08:03 404114                     /usr/lib/x86_64-linux-gnu/libxcb-render.so.0.0.0
7f48180a7000-7f48182a7000 ---p 00008000 08:03 404114                     /usr/lib/x86_64-linux-gnu/libxcb-render.so.0.0.0
7f48182a7000-7f48182a8000 r--p 00008000 08:03 404114                     /usr/lib/x86_64-linux-gnu/libxcb-render.so.0.0.0
7f48182a8000-7f48182a9000 rw-p 00009000 08:03 404114                     /usr/lib/x86_64-linux-gnu/libxcb-render.so.0.0.0
7f48182a9000-7f48182ab000 r-xp 00000000 08:03 404118                     /usr/lib/x86_64-linux-gnu/libxcb-shm.so.0.0.0
7f48182ab000-7f48184ab000 ---p 00002000 08:03 404118                     /usr/lib/x86_64-linux-gnu/libxcb-shm.so.0.0.0
7f48184ab000-7f48184ac000 r--p 00002000 08:03 404118                     /usr/lib/x86_64-linux-gnu/libxcb-shm.so.0.0.0
7f48184ac000-7f48184ad000 rw-p 00003000 08:03 404118                     /usr/lib/x86_64-linux-gnu/libxcb-shm.so.0.0.0
7f48184ad000-7f48184d1000 r-xp 00000000 08:03 1840269                    /lib/x86_64-linux-gnu/libpng12.so.0.54.0
7f48184d1000-7f48186d0000 ---p 00024000 08:03 1840269                    /lib/x86_64-linux-gnu/libpng12.so.0.54.0
7f48186d0000-7f48186d1000 r--p 00023000 08:03 1840269                    /lib/x86_64-linux-gnu/libpng12.so.0.54.0
7f48186d1000-7f48186d2000 rw-p 00024000 08:03 1840269                    /lib/x86_64-linux-gnu/libpng12.so.0.54.0
7f48186d2000-7f4818771000 r-xp 00000000 08:03 403711                     /usr/lib/x86_64-linux-gnu/libpixman-1.so.0.33.6
7f4818771000-7f4818971000 ---p 0009f000 08:03 403711                     /usr/lib/x86_64-linux-gnu/libpixman-1.so.0.33.6
7f4818971000-7f4818979000 r--p 0009f000 08:03 403711                     /usr/lib/x86_64-linux-gnu/libpixman-1.so.0.33.6
7f4818979000-7f481897a000 rw-p 000a7000 08:03 403711                     /usr/lib/x86_64-linux-gnu/libpixman-1.so.0.33.6
7f481897a000-7f48189d6000 r-xp 00000000 08:03 395340                     /usr/lib/x86_64-linux-gnu/libharfbuzz.so.0.10000.1
7f48189d6000-7f4818bd6000 ---p 0005c000 08:03 395340                     /usr/lib/x86_64-linux-gnu/libharfbuzz.so.0.10000.1
7f4818bd6000-7f4818bd7000 r--p 0005c000 08:03 395340                     /usr/lib/x86_64-linux-gnu/libharfbuzz.so.0.10000.1
7f4818bd7000-7f4818bd8000 rw-p 0005d000 08:03 395340                     /usr/lib/x86_64-linux-gnu/libharfbuzz.so.0.10000.1
7f4818bd8000-7f4818bef000 r-xp 00000000 08:03 1848112                    /lib/x86_64-linux-gnu/libresolv-2.23.so
7f4818bef000-7f4818def000 ---p 00017000 08:03 1848112                    /lib/x86_64-linux-gnu/libresolv-2.23.so
7f4818def000-7f4818df0000 r--p 00017000 08:03 1848112                    /lib/x86_64-linux-gnu/libresolv-2.23.so
7f4818df0000-7f4818df1000 rw-p 00018000 08:03 1848112                    /lib/x86_64-linux-gnu/libresolv-2.23.so
7f4818df1000-7f4818df3000 rw-p 00000000 00:00 0 
7f4818df3000-7f4818e12000 r-xp 00000000 08:03 1840286                    /lib/x86_64-linux-gnu/libselinux.so.1
7f4818e12000-7f4819011000 ---p 0001f000 08:03 1840286                    /lib/x86_64-linux-gnu/libselinux.so.1
7f4819011000-7f4819012000 r--p 0001e000 08:03 1840286                    /lib/x86_64-linux-gnu/libselinux.so.1
7f4819012000-7f4819013000 rw-p 0001f000 08:03 1840286                    /lib/x86_64-linux-gnu/libselinux.so.1
7f4819013000-7f4819015000 rw-p 00000000 00:00 0 
7f4819015000-7f481902e000 r-xp 00000000 08:03 1840319                    /lib/x86_64-linux-gnu/libz.so.1.2.8
7f481902e000-7f481922d000 ---p 00019000 08:03 1840319                    /lib/x86_64-linux-gnu/libz.so.1.2.8
7f481922d000-7f481922e000 r--p 00018000 08:03 1840319                    /lib/x86_64-linux-gnu/libz.so.1.2.8
7f481922e000-7f481922f000 rw-p 00019000 08:03 1840319                    /lib/x86_64-linux-gnu/libz.so.1.2.8
7f481922f000-7f4819240000 r-xp 00000000 08:03 402763                     /usr/lib/x86_64-linux-gnu/libXext.so.6.4.0
7f4819240000-7f481943f000 ---p 00011000 08:03 402763                     /usr/lib/x86_64-linux-gnu/libXext.so.6.4.0
7f481943f000-7f4819440000 r--p 00010000 08:03 402763                     /usr/lib/x86_64-linux-gnu/libXext.so.6.4.0
7f4819440000-7f4819441000 rw-p 00011000 08:03 402763                     /usr/lib/x86_64-linux-gnu/libXext.so.6.4.0
7f4819441000-7f4819443000 r-xp 00000000 08:03 402759                     /usr/lib/x86_64-linux-gnu/libXdamage.so.1.1.0
7f4819443000-7f4819642000 ---p 00002000 08:03 402759                     /usr/lib/x86_64-linux-gnu/libXdamage.so.1.1.0
7f4819642000-7f4819643000 r--p 00001000 08:03 402759                     /usr/lib/x86_64-linux-gnu/libXdamage.so.1.1.0
7f4819643000-7f4819644000 rw-p 00002000 08:03 402759                     /usr/lib/x86_64-linux-gnu/libXdamage.so.1.1.0
7f4819644000-7f4819646000 r-xp 00000000 08:03 402755                     /usr/lib/x86_64-linux-gnu/libXcomposite.so.1.0.0
7f4819646000-7f4819845000 ---p 00002000 08:03 402755                     /usr/lib/x86_64-linux-gnu/libXcomposite.so.1.0.0
7f4819845000-7f4819846000 r--p 00001000 08:03 402755                     /usr/lib/x86_64-linux-gnu/libXcomposite.so.1.0.0
7f4819846000-7f4819847000 rw-p 00002000 08:03 402755                     /usr/lib/x86_64-linux-gnu/libXcomposite.so.1.0.0
7f4819847000-7f4819850000 r-xp 00000000 08:03 402757                     /usr/lib/x86_64-linux-gnu/libXcursor.so.1.0.2
7f4819850000-7f4819a4f000 ---p 00009000 08:03 402757                     /usr/lib/x86_64-linux-gnu/libXcursor.so.1.0.2
7f4819a4f000-7f4819a50000 r--p 00008000 08:03 402757                     /usr/lib/x86_64-linux-gnu/libXcursor.so.1.0.2
7f4819a50000-7f4819a51000 rw-p 00009000 08:03 402757                     /usr/lib/x86_64-linux-gnu/libXcursor.so.1.0.2
7f4819a51000-7f4819a5b000 r-xp 00000000 08:03 402781                     /usr/lib/x86_64-linux-gnu/libXrandr.so.2.2.0
7f4819a5b000-7f4819c5a000 ---p 0000a000 08:03 402781                     /usr/lib/x86_64-linux-gnu/libXrandr.so.2.2.0
7f4819c5a000-7f4819c5b000 r--p 00009000 08:03 402781                     /usr/lib/x86_64-linux-gnu/libXrandr.so.2.2.0
7f4819c5b000-7f4819c5c000 rw-p 0000a000 08:03 402781                     /usr/lib/x86_64-linux-gnu/libXrandr.so.2.2.0
7f4819c5c000-7f4819c6b000 r-xp 00000000 08:03 402771                     /usr/lib/x86_64-linux-gnu/libXi.so.6.1.0
7f4819c6b000-7f4819e6a000 ---p 0000f000 08:03 402771                     /usr/lib/x86_64-linux-gnu/libXi.so.6.1.0
7f4819e6a000-7f4819e6b000 r--p 0000e000 08:03 402771                     /usr/lib/x86_64-linux-gnu/libXi.so.6.1.0
7f4819e6b000-7f4819e6c000 rw-p 0000f000 08:03 402771                     /usr/lib/x86_64-linux-gnu/libXi.so.6.1.0
7f4819e6c000-7f4819e6e000 r-xp 00000000 08:03 402773                     /usr/lib/x86_64-linux-gnu/libXinerama.so.1.0.0
7f4819e6e000-7f481a06d000 ---p 00002000 08:03 402773                     /usr/lib/x86_64-linux-gnu/libXinerama.so.1.0.0
7f481a06d000-7f481a06e000 r--p 00001000 08:03 402773                     /usr/lib/x86_64-linux-gnu/libXinerama.so.1.0.0
7f481a06e000-7f481a06f000 rw-p 00002000 08:03 402773                     /usr/lib/x86_64-linux-gnu/libXinerama.so.1.0.0
7f481a06f000-7f481a078000 r-xp 00000000 08:03 402783                     /usr/lib/x86_64-linux-gnu/libXrender.so.1.3.0
7f481a078000-7f481a277000 ---p 00009000 08:03 402783                     /usr/lib/x86_64-linux-gnu/libXrender.so.1.3.0
7f481a277000-7f481a278000 r--p 00008000 08:03 402783                     /usr/lib/x86_64-linux-gnu/libXrender.so.1.3.0
7f481a278000-7f481a279000 rw-p 00009000 08:03 402783                     /usr/lib/x86_64-linux-gnu/libXrender.so.1.3.0
7f481a279000-7f481a27e000 r-xp 00000000 08:03 402765                     /usr/lib/x86_64-linux-gnu/libXfixes.so.3.1.0
7f481a27e000-7f481a47d000 ---p 00005000 08:03 402765                     /usr/lib/x86_64-linux-gnu/libXfixes.so.3.1.0
7f481a47d000-7f481a47e000 r--p 00004000 08:03 402765                     /usr/lib/x86_64-linux-gnu/libXfixes.so.3.1.0
7f481a47e000-7f481a47f000 rw-p 00005000 08:03 402765                     /usr/lib/x86_64-linux-gnu/libXfixes.so.3.1.0
7f481a47f000-7f481a495000 r-xp 00000000 08:03 1840166                    /lib/x86_64-linux-gnu/libgcc_s.so.1
7f481a495000-7f481a694000 ---p 00016000 08:03 1840166                    /lib/x86_64-linux-gnu/libgcc_s.so.1
7f481a694000-7f481a695000 rw-p 00015000 08:03 1840166                    /lib/x86_64-linux-gnu/libgcc_s.so.1
7f481a695000-7f481a807000 r-xp 00000000 08:03 393289                     /usr/lib/x86_64-linux-gnu/libstdc++.so.6.0.21
7f481a807000-7f481aa07000 ---p 00172000 08:03 393289                     /usr/lib/x86_64-linux-gnu/libstdc++.so.6.0.21
7f481aa07000-7f481aa11000 r--p 00172000 08:03 393289                     /usr/lib/x86_64-linux-gnu/libstdc++.so.6.0.21
7f481aa11000-7f481aa13000 rw-p 0017c000 08:03 393289                     /usr/lib/x86_64-linux-gnu/libstdc++.so.6.0.21
7f481aa13000-7f481aa17000 rw-p 00000000 00:00 0 
7f481aa17000-7f481aa48000 r-xp 00000000 08:03 397049                     /usr/lib/nvidia-367/libGL.so.1.0.0
7f481aa48000-7f481aa7a000 r-xp 00031000 08:03 397049                     /usr/lib/nvidia-367/libGL.so.1.0.0
7f481aa7a000-7f481aaa4000 r-xp 00063000 08:03 397049                     /usr/lib/nvidia-367/libGL.so.1.0.0
7f481aaa4000-7f481aca4000 ---p 0008d000 08:03 397049                     /usr/lib/nvidia-367/libGL.so.1.0.0
7f481aca4000-7f481aca5000 rw-p 0008d000 08:03 397049                     /usr/lib/nvidia-367/libGL.so.1.0.0
7f481aca5000-7f481aca6000 rw-p 00000000 00:00 0 
7f481aca6000-7f481acab000 r-xp 00000000 08:03 402799                     /usr/lib/x86_64-linux-gnu/libXxf86vm.so.1.0.0
7f481acab000-7f481aeaa000 ---p 00005000 08:03 402799                     /usr/lib/x86_64-linux-gnu/libXxf86vm.so.1.0.0
7f481aeaa000-7f481aeab000 r--p 00004000 08:03 402799                     /usr/lib/x86_64-linux-gnu/libXxf86vm.so.1.0.0
7f481aeab000-7f481aeac000 rw-p 00005000 08:03 402799                     /usr/lib/x86_64-linux-gnu/libXxf86vm.so.1.0.0
7f481aeac000-7f481afe1000 r-xp 00000000 08:03 402746                     /usr/lib/x86_64-linux-gnu/libX11.so.6.3.0
7f481afe1000-7f481b1e1000 ---p 00135000 08:03 402746                     /usr/lib/x86_64-linux-gnu/libX11.so.6.3.0
7f481b1e1000-7f481b1e2000 r--p 00135000 08:03 402746                     /usr/lib/x86_64-linux-gnu/libX11.so.6.3.0
7f481b1e2000-7f481b1e6000 rw-p 00136000 08:03 402746                     /usr/lib/x86_64-linux-gnu/libX11.so.6.3.0
7f481b1e6000-7f481b1eb000 r-xp 00000000 08:03 402789                     /usr/lib/x86_64-linux-gnu/libXtst.so.6.1.0
7f481b1eb000-7f481b3ea000 ---p 00005000 08:03 402789                     /usr/lib/x86_64-linux-gnu/libXtst.so.6.1.0
7f481b3ea000-7f481b3eb000 r--p 00004000 08:03 402789                     /usr/lib/x86_64-linux-gnu/libXtst.so.6.1.0
7f481b3eb000-7f481b3ec000 rw-p 00005000 08:03 402789                     /usr/lib/x86_64-linux-gnu/libXtst.so.6.1.0
7f481b3ec000-7f481b4fb000 r-xp 00000000 08:03 1835067                    /lib/x86_64-linux-gnu/libglib-2.0.so.0.4800.1
7f481b4fb000-7f481b6fa000 ---p 0010f000 08:03 1835067                    /lib/x86_64-linux-gnu/libglib-2.0.so.0.4800.1
7f481b6fa000-7f481b6fb000 r--p 0010e000 08:03 1835067                    /lib/x86_64-linux-gnu/libglib-2.0.so.0.4800.1
7f481b6fb000-7f481b6fc000 rw-p 0010f000 08:03 1835067                    /lib/x86_64-linux-gnu/libglib-2.0.so.0.4800.1
7f481b6fc000-7f481b6fd000 rw-p 00000000 00:00 0 
7f481b6fd000-7f481b6fe000 r-xp 00000000 08:03 393610                     /usr/lib/x86_64-linux-gnu/libgthread-2.0.so.0.4800.1
7f481b6fe000-7f481b8fd000 ---p 00001000 08:03 393610                     /usr/lib/x86_64-linux-gnu/libgthread-2.0.so.0.4800.1
7f481b8fd000-7f481b8fe000 r--p 00000000 08:03 393610                     /usr/lib/x86_64-linux-gnu/libgthread-2.0.so.0.4800.1
7f481b8fe000-7f481b8ff000 rw-p 00001000 08:03 393610                     /usr/lib/x86_64-linux-gnu/libgthread-2.0.so.0.4800.1
7f481b8ff000-7f481b902000 r-xp 00000000 08:03 393634                     /usr/lib/x86_64-linux-gnu/libgmodule-2.0.so.0.4800.1
7f481b902000-7f481bb01000 ---p 00003000 08:03 393634                     /usr/lib/x86_64-linux-gnu/libgmodule-2.0.so.0.4800.1
7f481bb01000-7f481bb02000 r--p 00002000 08:03 393634                     /usr/lib/x86_64-linux-gnu/libgmodule-2.0.so.0.4800.1
7f481bb02000-7f481bb03000 rw-p 00003000 08:03 393634                     /usr/lib/x86_64-linux-gnu/libgmodule-2.0.so.0.4800.1
7f481bb03000-7f481bb55000 r-xp 00000000 08:03 393658                     /usr/lib/x86_64-linux-gnu/libgobject-2.0.so.0.4800.1
7f481bb55000-7f481bd54000 ---p 00052000 08:03 393658                     /usr/lib/x86_64-linux-gnu/libgobject-2.0.so.0.4800.1
7f481bd54000-7f481bd55000 r--p 00051000 08:03 393658                     /usr/lib/x86_64-linux-gnu/libgobject-2.0.so.0.4800.1
7f481bd55000-7f481bd56000 rw-p 00052000 08:03 393658                     /usr/lib/x86_64-linux-gnu/libgobject-2.0.so.0.4800.1
7f481bd56000-7f481bdfa000 r-xp 00000000 08:03 403180                     /usr/lib/x86_64-linux-gnu/libfreetype.so.6.12.1
7f481bdfa000-7f481bff9000 ---p 000a4000 08:03 403180                     /usr/lib/x86_64-linux-gnu/libfreetype.so.6.12.1
7f481bff9000-7f481bfff000 r--p 000a3000 08:03 403180                     /usr/lib/x86_64-linux-gnu/libfreetype.so.6.12.1
7f481bfff000-7f481c000000 rw-p 000a9000 08:03 403180                     /usr/lib/x86_64-linux-gnu/libfreetype.so.6.12.1
7f481c000000-7f481c021000 rw-p 00000000 00:00 0 
7f481c021000-7f4820000000 ---p 00000000 00:00 0 
7f4820000000-7f48202b3000 rw-p 00000000 00:00 0 
7f48202b3000-7f4824000000 ---p 00000000 00:00 0 
7f4824000000-7f4824021000 rw-p 00000000 00:00 0 
7f4824021000-7f4828000000 ---p 00000000 00:00 0 
7f4828000000-7f4828021000 rw-p 00000000 00:00 0 
7f4828021000-7f482c000000 ---p 00000000 00:00 0 
7f482c000000-7f482c188000 rw-p 00000000 00:00 0 
7f482c188000-7f4830000000 ---p 00000000 00:00 0 
7f4830000000-7f48302c0000 rw-p 00000000 00:00 0 
7f48302c0000-7f4834000000 ---p 00000000 00:00 0 
7f4834000000-7f4834021000 rw-p 00000000 00:00 0 
7f4834021000-7f4838000000 ---p 00000000 00:00 0 
7f4838000000-7f483830c000 rw-p 00000000 00:00 0 
7f483830c000-7f483c000000 ---p 00000000 00:00 0 
7f483c000000-7f483c021000 rw-p 00000000 00:00 0 
7f483c021000-7f4840000000 ---p 00000000 00:00 0 
7f4840000000-7f4840021000 rw-p 00000000 00:00 0 
7f4840021000-7f4844000000 ---p 00000000 00:00 0 
7f4844000000-7f4844021000 rw-p 00000000 00:00 0 
7f4844021000-7f4848000000 ---p 00000000 00:00 0 
7f4848000000-7f4848021000 rw-p 00000000 00:00 0 
7f4848021000-7f484c000000 ---p 00000000 00:00 0 
7f484c000000-7f484c001000 r--s 00000000 08:03 664007                     /var/cache/fontconfig/551ecf3b0e8b0bca0f25c0944f561853-le64.cache-6
7f484c001000-7f484c002000 r--s 00000000 08:03 664005                     /var/cache/fontconfig/30829fa25452a46451e813d634d7f916-le64.cache-6
7f484c002000-7f484c007000 r--p 00000000 08:06 1324376                    /home/mostafa/.config/dconf/user
7f484c007000-7f484c01a000 rw-s 345d5000 00:06 552                        /dev/nvidiactl
7f484c01a000-7f484c01e000 rw-s 92a84000 00:06 552                        /dev/nvidiactl
7f484c01e000-7f484c05e000 rw-s 14e7e4000 00:06 552                       /dev/nvidiactl
7f484c05e000-7f484c09b000 r-xp 00000000 08:03 399237                     /usr/lib/x86_64-linux-gnu/libfontconfig.so.1.9.0
7f484c09b000-7f484c29a000 ---p 0003d000 08:03 399237                     /usr/lib/x86_64-linux-gnu/libfontconfig.so.1.9.0
7f484c29a000-7f484c29c000 r--p 0003c000 08:03 399237                     /usr/lib/x86_64-linux-gnu/libfontconfig.so.1.9.0
7f484c29c000-7f484c2a1000 rw-p 0003e000 08:03 399237                     /usr/lib/x86_64-linux-gnu/libfontconfig.so.1.9.0
7f484c2a1000-7f484c2ea000 r-xp 00000000 08:03 403681                     /usr/lib/x86_64-linux-gnu/libpango-1.0.so.0.3800.1
7f484c2ea000-7f484c4ea000 ---p 00049000 08:03 403681                     /usr/lib/x86_64-linux-gnu/libpango-1.0.so.0.3800.1
7f484c4ea000-7f484c4ec000 r--p 00049000 08:03 403681                     /usr/lib/x86_64-linux-gnu/libpango-1.0.so.0.3800.1
7f484c4ec000-7f484c4ed000 rw-p 0004b000 08:03 403681                     /usr/lib/x86_64-linux-gnu/libpango-1.0.so.0.3800.1
7f484c4ed000-7f484c5fb000 r-xp 00000000 08:03 402910                     /usr/lib/x86_64-linux-gnu/libcairo.so.2.11400.6
7f484c5fb000-7f484c7fb000 ---p 0010e000 08:03 402910                     /usr/lib/x86_64-linux-gnu/libcairo.so.2.11400.6
7f484c7fb000-7f484c7fe000 r--p 0010e000 08:03 402910                     /usr/lib/x86_64-linux-gnu/libcairo.so.2.11400.6
7f484c7fe000-7f484c7ff000 rw-p 00111000 08:03 402910                     /usr/lib/x86_64-linux-gnu/libcairo.so.2.11400.6
7f484c7ff000-7f484c801000 rw-p 00000000 00:00 0 
7f484c801000-7f484c80d000 r-xp 00000000 08:03 403683                     /usr/lib/x86_64-linux-gnu/libpangocairo-1.0.so.0.3800.1
7f484c80d000-7f484ca0c000 ---p 0000c000 08:03 403683                     /usr/lib/x86_64-linux-gnu/libpangocairo-1.0.so.0.3800.1
7f484ca0c000-7f484ca0d000 r--p 0000b000 08:03 403683                     /usr/lib/x86_64-linux-gnu/libpangocairo-1.0.so.0.3800.1
7f484ca0d000-7f484ca0e000 rw-p 0000c000 08:03 403683                     /usr/lib/x86_64-linux-gnu/libpangocairo-1.0.so.0.3800.1
7f484ca0e000-7f484ca2f000 r-xp 00000000 08:03 393495                     /usr/lib/x86_64-linux-gnu/libgdk_pixbuf-2.0.so.0.3200.2
7f484ca2f000-7f484cc2e000 ---p 00021000 08:03 393495                     /usr/lib/x86_64-linux-gnu/libgdk_pixbuf-2.0.so.0.3200.2
7f484cc2e000-7f484cc2f000 r--p 00020000 08:03 393495                     /usr/lib/x86_64-linux-gnu/libgdk_pixbuf-2.0.so.0.3200.2
7f484cc2f000-7f484cc30000 rw-p 00021000 08:03 393495                     /usr/lib/x86_64-linux-gnu/libgdk_pixbuf-2.0.so.0.3200.2
7f484cc30000-7f484cc44000 r-xp 00000000 08:03 403685                     /usr/lib/x86_64-linux-gnu/libpangoft2-1.0.so.0.3800.1
7f484cc44000-7f484ce44000 ---p 00014000 08:03 403685                     /usr/lib/x86_64-linux-gnu/libpangoft2-1.0.so.0.3800.1
7f484ce44000-7f484ce45000 r--p 00014000 08:03 403685                     /usr/lib/x86_64-linux-gnu/libpangoft2-1.0.so.0.3800.1
7f484ce45000-7f484ce46000 rw-p 00015000 08:03 403685                     /usr/lib/x86_64-linux-gnu/libpangoft2-1.0.so.0.3800.1
7f484ce46000-7f484cfc6000 r-xp 00000000 08:03 393655                     /usr/lib/x86_64-linux-gnu/libgio-2.0.so.0.4800.1
7f484cfc6000-7f484d1c6000 ---p 00180000 08:03 393655                     /usr/lib/x86_64-linux-gnu/libgio-2.0.so.0.4800.1
7f484d1c6000-7f484d1ca000 r--p 00180000 08:03 393655                     /usr/lib/x86_64-linux-gnu/libgio-2.0.so.0.4800.1
7f484d1ca000-7f484d1cc000 rw-p 00184000 08:03 393655                     /usr/lib/x86_64-linux-gnu/libgio-2.0.so.0.4800.1
7f484d1cc000-7f484d1ce000 rw-p 00000000 00:00 0 
7f484d1ce000-7f484d1f0000 r-xp 00000000 08:03 402854                     /usr/lib/x86_64-linux-gnu/libatk-1.0.so.0.21809.1
7f484d1f0000-7f484d3ef000 ---p 00022000 08:03 402854                     /usr/lib/x86_64-linux-gnu/libatk-1.0.so.0.21809.1
7f484d3ef000-7f484d3f2000 r--p 00021000 08:03 402854                     /usr/lib/x86_64-linux-gnu/libatk-1.0.so.0.21809.1
7f484d3f2000-7f484d3f3000 rw-p 00024000 08:03 402854                     /usr/lib/x86_64-linux-gnu/libatk-1.0.so.0.21809.1
7f484d3f3000-7f484d4a3000 r-xp 00000000 08:03 403219                     /usr/lib/x86_64-linux-gnu/libgdk-x11-2.0.so.0.2400.30
7f484d4a3000-7f484d6a2000 ---p 000b0000 08:03 403219                     /usr/lib/x86_64-linux-gnu/libgdk-x11-2.0.so.0.2400.30
7f484d6a2000-7f484d6a6000 r--p 000af000 08:03 403219                     /usr/lib/x86_64-linux-gnu/libgdk-x11-2.0.so.0.2400.30
7f484d6a6000-7f484d6a8000 rw-p 000b3000 08:03 403219                     /usr/lib/x86_64-linux-gnu/libgdk-x11-2.0.so.0.2400.30
7f484d6a8000-7f484dae6000 r-xp 00000000 08:03 403364                     /usr/lib/x86_64-linux-gnu/libgtk-x11-2.0.so.0.2400.30
7f484dae6000-7f484dce5000 ---p 0043e000 08:03 403364                     /usr/lib/x86_64-linux-gnu/libgtk-x11-2.0.so.0.2400.30
7f484dce5000-7f484dcec000 r--p 0043d000 08:03 403364                     /usr/lib/x86_64-linux-gnu/libgtk-x11-2.0.so.0.2400.30
7f484dcec000-7f484dcf0000 rw-p 00444000 08:03 403364                     /usr/lib/x86_64-linux-gnu/libgtk-x11-2.0.so.0.2400.30
7f484dcf0000-7f484dcf3000 rw-p 00000000 00:00 0 
7f484dcf3000-7f484dcf5000 rw-s 00000000 08:03 262244                     /tmp/.gls0eH0U (deleted)
7f484dd15000-7f484dd21000 r-xp 00000000 08:03 2493705                    /usr/lib/jvm/java-8-oracle/jre/lib/amd64/libprism_es2.so
7f484dd21000-7f484df20000 ---p 0000c000 08:03 2493705                    /usr/lib/jvm/java-8-oracle/jre/lib/amd64/libprism_es2.so
7f484df20000-7f484df21000 rw-p 0000b000 08:03 2493705                    /usr/lib/jvm/java-8-oracle/jre/lib/amd64/libprism_es2.so
7f484df21000-7f484df24000 ---p 00000000 00:00 0 
7f484df24000-7f484e022000 rw-p 00000000 00:00 0 
7f484e022000-7f484e025000 ---p 00000000 00:00 0 
7f484e025000-7f484e424000 rw-p 00000000 00:00 0 
7f484e424000-7f484e43a000 r-xp 00000000 08:03 2493693                    /usr/lib/jvm/java-8-oracle/jre/lib/amd64/libnet.so
7f484e43a000-7f484e63a000 ---p 00016000 08:03 2493693                    /usr/lib/jvm/java-8-oracle/jre/lib/amd64/libnet.so
7f484e63a000-7f484e63b000 rw-p 00016000 08:03 2493693                    /usr/lib/jvm/java-8-oracle/jre/lib/amd64/libnet.so
7f484e63b000-7f484e6d1000 r--s 01103000 08:03 2493769                    /usr/lib/jvm/java-8-oracle/jre/lib/ext/jfxrt.jar
7f484e6d1000-7f484e6d4000 ---p 00000000 00:00 0 
7f484e6d4000-7f484e7d2000 rw-p 00000000 00:00 0 
7f484e7d2000-7f484e7d3000 r-xp 00000000 08:03 2502255                    /opt/intellij-idea-community/bin/libbreakgen64.so
7f484e7d3000-7f484e9d2000 ---p 00001000 08:03 2502255                    /opt/intellij-idea-community/bin/libbreakgen64.so
7f484e9d2000-7f484e9d3000 r--p 00000000 08:03 2502255                    /opt/intellij-idea-community/bin/libbreakgen64.so
7f484e9d3000-7f484e9d4000 rw-p 00001000 08:03 2502255                    /opt/intellij-idea-community/bin/libbreakgen64.so
7f484e9d4000-7f484e9e7000 r--s 00345000 08:03 2493917                    /usr/lib/jvm/java-8-oracle/jre/lib/resources.jar
7f484e9e7000-7f484e9f9000 r--s 000d6000 08:03 2493916                    /usr/lib/jvm/java-8-oracle/jre/lib/plugin.jar
7f484e9f9000-7f484ea14000 r--s 00208000 08:03 2493801                    /usr/lib/jvm/java-8-oracle/jre/lib/deploy.jar
7f484ea14000-7f484ea15000 ---p 00000000 00:00 0 
7f484ea15000-7f484eb15000 rw-p 00000000 00:00 0 
7f484eb15000-7f484eb18000 ---p 00000000 00:00 0 
7f484eb18000-7f484ec16000 rw-p 00000000 00:00 0 
7f484ec16000-7f484ec19000 ---p 00000000 00:00 0 
7f484ec19000-7f484ed17000 rw-p 00000000 00:00 0 
7f484ed17000-7f484ed1a000 ---p 00000000 00:00 0 
7f484ed1a000-7f484ee18000 rw-p 00000000 00:00 0 
7f484ee18000-7f484ee1b000 ---p 00000000 00:00 0 
7f484ee1b000-7f484ef19000 rw-p 00000000 00:00 0 
7f484ef19000-7f484ef1c000 ---p 00000000 00:00 0 
7f484ef1c000-7f484f01a000 rw-p 00000000 00:00 0 
7f484f01a000-7f484f2f3000 r--p 00000000 08:03 393281                     /usr/lib/locale/locale-archive
7f484f2f3000-7f484f2f6000 ---p 00000000 00:00 0 
7f484f2f6000-7f484f3f4000 rw-p 00000000 00:00 0 
7f484f3f4000-7f484f3f7000 ---p 00000000 00:00 0 
7f484f3f7000-7f484f4f5000 rw-p 00000000 00:00 0 
7f484f4f5000-7f484f4f6000 ---p 00000000 00:00 0 
7f484f4f6000-7f4850000000 rw-p 00000000 00:00 0 
7f4850000000-7f4850021000 rw-p 00000000 00:00 0 
7f4850021000-7f4854000000 ---p 00000000 00:00 0 
7f4854000000-7f4854021000 rw-p 00000000 00:00 0 
7f4854021000-7f4858000000 ---p 00000000 00:00 0 
7f4858000000-7f4858021000 rw-p 00000000 00:00 0 
7f4858021000-7f485c000000 ---p 00000000 00:00 0 
7f485c000000-7f485c001000 r--s 00000000 08:03 664002                     /var/cache/fontconfig/0c9eb80ebd1c36541ebe2852d3bb0c49-le64.cache-6
7f485c001000-7f485c002000 r--s 00000000 00:29 34                         /run/user/1000/dconf/user
7f485c002000-7f485c003000 rw-s 345d4000 00:06 552                        /dev/nvidiactl
7f485c003000-7f485c004000 rw-s aff71000 00:06 553                        /dev/nvidia0
7f485c004000-7f485c005000 rw-s aff70000 00:06 553                        /dev/nvidia0
7f485c005000-7f485c006000 rw-s aff6f000 00:06 553                        /dev/nvidia0
7f485c006000-7f485c007000 rw-s 15904c000 00:06 552                       /dev/nvidiactl
7f485c007000-7f485c008000 rw-s d0060000 00:06 553                        /dev/nvidia0
7f485c008000-7f485c5b2000 rw-p 00000000 00:00 0 
7f485c5b2000-7f485c78a000 r--s 03d2a000 08:03 2493685                    /usr/lib/jvm/java-8-oracle/jre/lib/rt.jar
7f485c78a000-7f485d000000 rw-p 00000000 00:00 0 
7f485d000000-7f485d480000 rwxp 00000000 00:00 0 
7f485d480000-7f486c000000 ---p 00000000 00:00 0 
7f486c000000-7f486c1cd000 rw-p 00000000 00:00 0 
7f486c1cd000-7f4870000000 ---p 00000000 00:00 0 
7f4870000000-7f4870002000 r--s 00019000 08:03 2502175                    /opt/intellij-idea-community/lib/idea_rt.jar
7f4870002000-7f4870006000 r--s 00097000 08:03 2493637                    /usr/lib/jvm/java-8-oracle/jre/lib/jsse.jar
7f4870006000-7f4870008000 r--s 00007000 08:03 2493758                    /usr/lib/jvm/java-8-oracle/jre/lib/jfxswt.jar
7f4870008000-7f487000d000 r--s 00084000 08:03 2493792                    /usr/lib/jvm/java-8-oracle/jre/lib/jfr.jar
7f487000d000-7f4870017000 r--s 0006c000 08:03 2493800                    /usr/lib/jvm/java-8-oracle/jre/lib/javaws.jar
7f4870017000-7f4871fb3000 rw-p 00000000 00:00 0 
7f4871fb3000-7f4871fb4000 ---p 00000000 00:00 0 
7f4871fb4000-7f48720b4000 rw-p 00000000 00:00 0 
7f48720b4000-7f48720b5000 ---p 00000000 00:00 0 
7f48720b5000-7f48721b5000 rw-p 00000000 00:00 0 
7f48721b5000-7f48721b6000 ---p 00000000 00:00 0 
7f48721b6000-7f48722b6000 rw-p 00000000 00:00 0 
7f48722b6000-7f48722b7000 ---p 00000000 00:00 0 
7f48722b7000-7f48723cb000 rw-p 00000000 00:00 0 
7f48723cb000-7f48724f5000 ---p 00000000 00:00 0 
7f48724f5000-7f4872509000 rw-p 00000000 00:00 0 
7f4872509000-7f4872632000 ---p 00000000 00:00 0 
7f4872632000-7f487263d000 rw-p 00000000 00:00 0 
7f487263d000-7f48726d1000 ---p 00000000 00:00 0 
7f48726d1000-7f48726e4000 rw-p 00000000 00:00 0 
7f48726e4000-7f4872a92000 ---p 00000000 00:00 0 
7f4872a92000-7f4872aac000 r-xp 00000000 08:03 2493716                    /usr/lib/jvm/java-8-oracle/jre/lib/amd64/libzip.so
7f4872aac000-7f4872cac000 ---p 0001a000 08:03 2493716                    /usr/lib/jvm/java-8-oracle/jre/lib/amd64/libzip.so
7f4872cac000-7f4872cad000 rw-p 0001a000 08:03 2493716                    /usr/lib/jvm/java-8-oracle/jre/lib/amd64/libzip.so
7f4872cad000-7f4872cb8000 r-xp 00000000 08:03 1848107                    /lib/x86_64-linux-gnu/libnss_files-2.23.so
7f4872cb8000-7f4872eb7000 ---p 0000b000 08:03 1848107                    /lib/x86_64-linux-gnu/libnss_files-2.23.so
7f4872eb7000-7f4872eb8000 r--p 0000a000 08:03 1848107                    /lib/x86_64-linux-gnu/libnss_files-2.23.so
7f4872eb8000-7f4872eb9000 rw-p 0000b000 08:03 1848107                    /lib/x86_64-linux-gnu/libnss_files-2.23.so
7f4872eb9000-7f4872ebf000 rw-p 00000000 00:00 0 
7f4872ebf000-7f4872eca000 r-xp 00000000 08:03 1848104                    /lib/x86_64-linux-gnu/libnss_nis-2.23.so
7f4872eca000-7f48730c9000 ---p 0000b000 08:03 1848104                    /lib/x86_64-linux-gnu/libnss_nis-2.23.so
7f48730c9000-7f48730ca000 r--p 0000a000 08:03 1848104                    /lib/x86_64-linux-gnu/libnss_nis-2.23.so
7f48730ca000-7f48730cb000 rw-p 0000b000 08:03 1848104                    /lib/x86_64-linux-gnu/libnss_nis-2.23.so
7f48730cb000-7f48730e1000 r-xp 00000000 08:03 1848102                    /lib/x86_64-linux-gnu/libnsl-2.23.so
7f48730e1000-7f48732e0000 ---p 00016000 08:03 1848102                    /lib/x86_64-linux-gnu/libnsl-2.23.so
7f48732e0000-7f48732e1000 r--p 00015000 08:03 1848102                    /lib/x86_64-linux-gnu/libnsl-2.23.so
7f48732e1000-7f48732e2000 rw-p 00016000 08:03 1848102                    /lib/x86_64-linux-gnu/libnsl-2.23.so
7f48732e2000-7f48732e4000 rw-p 00000000 00:00 0 
7f48732e4000-7f48732ec000 r-xp 00000000 08:03 1848100                    /lib/x86_64-linux-gnu/libnss_compat-2.23.so
7f48732ec000-7f48734eb000 ---p 00008000 08:03 1848100                    /lib/x86_64-linux-gnu/libnss_compat-2.23.so
7f48734eb000-7f48734ec000 r--p 00007000 08:03 1848100                    /lib/x86_64-linux-gnu/libnss_compat-2.23.so
7f48734ec000-7f48734ed000 rw-p 00008000 08:03 1848100                    /lib/x86_64-linux-gnu/libnss_compat-2.23.so
7f48734ed000-7f4873518000 r-xp 00000000 08:03 2493743                    /usr/lib/jvm/java-8-oracle/jre/lib/amd64/libjava.so
7f4873518000-7f4873717000 ---p 0002b000 08:03 2493743                    /usr/lib/jvm/java-8-oracle/jre/lib/amd64/libjava.so
7f4873717000-7f4873719000 rw-p 0002a000 08:03 2493743                    /usr/lib/jvm/java-8-oracle/jre/lib/amd64/libjava.so
7f4873719000-7f4873726000 r-xp 00000000 08:03 2493694                    /usr/lib/jvm/java-8-oracle/jre/lib/amd64/libverify.so
7f4873726000-7f4873925000 ---p 0000d000 08:03 2493694                    /usr/lib/jvm/java-8-oracle/jre/lib/amd64/libverify.so
7f4873925000-7f4873927000 rw-p 0000c000 08:03 2493694                    /usr/lib/jvm/java-8-oracle/jre/lib/amd64/libverify.so
7f4873927000-7f487392e000 r-xp 00000000 08:03 1848116                    /lib/x86_64-linux-gnu/librt-2.23.so
7f487392e000-7f4873b2d000 ---p 00007000 08:03 1848116                    /lib/x86_64-linux-gnu/librt-2.23.so
7f4873b2d000-7f4873b2e000 r--p 00006000 08:03 1848116                    /lib/x86_64-linux-gnu/librt-2.23.so
7f4873b2e000-7f4873b2f000 rw-p 00007000 08:03 1848116                    /lib/x86_64-linux-gnu/librt-2.23.so
7f4873b2f000-7f4873c37000 r-xp 00000000 08:03 1848113                    /lib/x86_64-linux-gnu/libm-2.23.so
7f4873c37000-7f4873e36000 ---p 00108000 08:03 1848113                    /lib/x86_64-linux-gnu/libm-2.23.so
7f4873e36000-7f4873e37000 r--p 00107000 08:03 1848113                    /lib/x86_64-linux-gnu/libm-2.23.so
7f4873e37000-7f4873e38000 rw-p 00108000 08:03 1848113                    /lib/x86_64-linux-gnu/libm-2.23.so
7f4873e38000-7f4874b05000 r-xp 00000000 08:03 2493747                    /usr/lib/jvm/java-8-oracle/jre/lib/amd64/server/libjvm.so
7f4874b05000-7f4874d04000 ---p 00ccd000 08:03 2493747                    /usr/lib/jvm/java-8-oracle/jre/lib/amd64/server/libjvm.so
7f4874d04000-7f4874ddd000 rw-p 00ccc000 08:03 2493747                    /usr/lib/jvm/java-8-oracle/jre/lib/amd64/server/libjvm.so
7f4874ddd000-7f4874e28000 rw-p 00000000 00:00 0 
7f4874e28000-7f4874fe7000 r-xp 00000000 08:03 1848121                    /lib/x86_64-linux-gnu/libc-2.23.so
7f4874fe7000-7f48751e7000 ---p 001bf000 08:03 1848121                    /lib/x86_64-linux-gnu/libc-2.23.so
7f48751e7000-7f48751eb000 r--p 001bf000 08:03 1848121                    /lib/x86_64-linux-gnu/libc-2.23.so
7f48751eb000-7f48751ed000 rw-p 001c3000 08:03 1848121                    /lib/x86_64-linux-gnu/libc-2.23.so
7f48751ed000-7f48751f1000 rw-p 00000000 00:00 0 
7f48751f1000-7f48751f4000 r-xp 00000000 08:03 1848122                    /lib/x86_64-linux-gnu/libdl-2.23.so
7f48751f4000-7f48753f3000 ---p 00003000 08:03 1848122                    /lib/x86_64-linux-gnu/libdl-2.23.so
7f48753f3000-7f48753f4000 r--p 00002000 08:03 1848122                    /lib/x86_64-linux-gnu/libdl-2.23.so
7f48753f4000-7f48753f5000 rw-p 00003000 08:03 1848122                    /lib/x86_64-linux-gnu/libdl-2.23.so
7f48753f5000-7f487540a000 r-xp 00000000 08:03 2492804                    /usr/lib/jvm/java-8-oracle/lib/amd64/jli/libjli.so
7f487540a000-7f487560a000 ---p 00015000 08:03 2492804                    /usr/lib/jvm/java-8-oracle/lib/amd64/jli/libjli.so
7f487560a000-7f487560b000 rw-p 00015000 08:03 2492804                    /usr/lib/jvm/java-8-oracle/lib/amd64/jli/libjli.so
7f487560b000-7f4875623000 r-xp 00000000 08:03 1848120                    /lib/x86_64-linux-gnu/libpthread-2.23.so
7f4875623000-7f4875822000 ---p 00018000 08:03 1848120                    /lib/x86_64-linux-gnu/libpthread-2.23.so
7f4875822000-7f4875823000 r--p 00017000 08:03 1848120                    /lib/x86_64-linux-gnu/libpthread-2.23.so
7f4875823000-7f4875824000 rw-p 00018000 08:03 1848120                    /lib/x86_64-linux-gnu/libpthread-2.23.so
7f4875824000-7f4875828000 rw-p 00000000 00:00 0 
7f4875828000-7f487584e000 r-xp 00000000 08:03 1848117                    /lib/x86_64-linux-gnu/ld-2.23.so
7f487584e000-7f487584f000 r--s 00000000 08:03 2493764                    /usr/lib/jvm/java-8-oracle/jre/lib/management-agent.jar
7f487584f000-7f4875852000 r--s 0001a000 08:03 2493947                    /usr/lib/jvm/java-8-oracle/jre/lib/jce.jar
7f4875852000-7f4875924000 rw-p 00000000 00:00 0 
7f4875924000-7f4875927000 ---p 00000000 00:00 0 
7f4875927000-7f4875a29000 rw-p 00000000 00:00 0 
7f4875a29000-7f4875a2e000 r--s 002f9000 08:03 2493638                    /usr/lib/jvm/java-8-oracle/jre/lib/charsets.jar
7f4875a2e000-7f4875a41000 rw-p 00000000 00:00 0 
7f4875a41000-7f4875a49000 rw-s 00000000 08:03 262243                     /tmp/hsperfdata_mostafa/5732
7f4875a49000-7f4875a4a000 rw-p 00000000 00:00 0 
7f4875a4a000-7f4875a4b000 r--p 00000000 00:00 0 
7f4875a4b000-7f4875a4d000 rw-p 00000000 00:00 0 
7f4875a4d000-7f4875a4e000 r--p 00025000 08:03 1848117                    /lib/x86_64-linux-gnu/ld-2.23.so
7f4875a4e000-7f4875a4f000 rw-p 00026000 08:03 1848117                    /lib/x86_64-linux-gnu/ld-2.23.so
7f4875a4f000-7f4875a50000 rw-p 00000000 00:00 0 
7fff36823000-7fff36844000 rw-p 00000000 00:00 0                          [stack]
7fff369b9000-7fff369bb000 r--p 00000000 00:00 0                          [vvar]
7fff369bb000-7fff369bd000 r-xp 00000000 00:00 0                          [vdso]
ffffffffff600000-ffffffffff601000 r-xp 00000000 00:00 0                  [vsyscall]

VM Arguments:
jvm_args: -Didea.launcher.port=7535 -Didea.launcher.bin.path=/opt/intellij-idea-community/bin -Dfile.encoding=UTF-8 
java_command: com.intellij.rt.execution.application.AppMain sample.Main
java_class_path (initial): /usr/lib/jvm/java-8-oracle/jre/lib/charsets.jar:/usr/lib/jvm/java-8-oracle/jre/lib/deploy.jar:/usr/lib/jvm/java-8-oracle/jre/lib/ext/cldrdata.jar:/usr/lib/jvm/java-8-oracle/jre/lib/ext/dnsns.jar:/usr/lib/jvm/java-8-oracle/jre/lib/ext/jaccess.jar:/usr/lib/jvm/java-8-oracle/jre/lib/ext/jfxrt.jar:/usr/lib/jvm/java-8-oracle/jre/lib/ext/localedata.jar:/usr/lib/jvm/java-8-oracle/jre/lib/ext/nashorn.jar:/usr/lib/jvm/java-8-oracle/jre/lib/ext/sunec.jar:/usr/lib/jvm/java-8-oracle/jre/lib/ext/sunjce_provider.jar:/usr/lib/jvm/java-8-oracle/jre/lib/ext/sunpkcs11.jar:/usr/lib/jvm/java-8-oracle/jre/lib/ext/zipfs.jar:/usr/lib/jvm/java-8-oracle/jre/lib/javaws.jar:/usr/lib/jvm/java-8-oracle/jre/lib/jce.jar:/usr/lib/jvm/java-8-oracle/jre/lib/jfr.jar:/usr/lib/jvm/java-8-oracle/jre/lib/jfxswt.jar:/usr/lib/jvm/java-8-oracle/jre/lib/jsse.jar:/usr/lib/jvm/java-8-oracle/jre/lib/management-agent.jar:/usr/lib/jvm/java-8-oracle/jre/lib/plugin.jar:/usr/lib/jvm/java-8-oracle/jre/lib/resources.jar:/usr/lib/jvm/java-8-oracle/jre/lib/rt.jar:/home/mostafa/Desktop/Passing/out/production/Passing:/opt/intellij-idea-community/lib/idea_rt.jar
Launcher Type: SUN_STANDARD

Environment Variables:
JAVA_HOME=/usr/lib/jvm/java-8-oracle
PATH=/usr/local/sbin:/usr/local/bin:/usr/sbin:/usr/bin:/sbin:/bin:/usr/games:/usr/local/games:/snap/bin:/usr/lib/jvm/java-8-oracle/bin:/usr/lib/jvm/java-8-oracle/db/bin:/usr/lib/jvm/java-8-oracle/jre/bin
LD_LIBRARY_PATH=/opt/intellij-idea-community/bin:
SHELL=/bin/bash
DISPLAY=:0

Signal Handlers:
SIGSEGV: [libjvm.so+0xac64b0], sa_mask[0]=11111111011111111101111111111110, sa_flags=SA_RESTART|SA_SIGINFO
SIGBUS: [libjvm.so+0xac64b0], sa_mask[0]=11111111011111111101111111111110, sa_flags=SA_RESTART|SA_SIGINFO
SIGFPE: [libjvm.so+0x91f950], sa_mask[0]=11111111011111111101111111111110, sa_flags=SA_RESTART|SA_SIGINFO
SIGPIPE: SIG_IGN, sa_mask[0]=00000000000010000000000000000000, sa_flags=SA_RESTART
SIGXFSZ: [libjvm.so+0x91f950], sa_mask[0]=11111111011111111101111111111110, sa_flags=SA_RESTART|SA_SIGINFO
SIGILL: [libjvm.so+0x91f950], sa_mask[0]=11111111011111111101111111111110, sa_flags=SA_RESTART|SA_SIGINFO
SIGUSR1: SIG_DFL, sa_mask[0]=00000000000000000000000000000000, sa_flags=none
SIGUSR2: [libjvm.so+0x920f80], sa_mask[0]=00100000000000000000000000000000, sa_flags=SA_RESTART|SA_SIGINFO
SIGHUP: [libjvm.so+0x922380], sa_mask[0]=11111111011111111101111111111110, sa_flags=SA_RESTART|SA_SIGINFO
SIGINT: [libjvm.so+0x922380], sa_mask[0]=11111111011111111101111111111110, sa_flags=SA_RESTART|SA_SIGINFO
SIGTERM: [libjvm.so+0x922380], sa_mask[0]=11111111011111111101111111111110, sa_flags=SA_RESTART|SA_SIGINFO
SIGQUIT: [libjvm.so+0x922380], sa_mask[0]=11111111011111111101111111111110, sa_flags=SA_RESTART|SA_SIGINFO


---------------  S Y S T E M  ---------------

OS:DISTRIB_ID=Ubuntu
DISTRIB_RELEASE=16.04
DISTRIB_CODENAME=xenial
DISTRIB_DESCRIPTION="Ubuntu 16.04.1 LTS"

uname:Linux 4.4.0-47-generic #68-Ubuntu SMP Wed Oct 26 19:39:52 UTC 2016 x86_64
libc:glibc 2.23 NPTL 2.23 
rlimit: STACK 8192k, CORE 0k, NPROC 15037, NOFILE 65536, AS infinity
load average:0.96 0.87 0.75

/proc/meminfo:
MemTotal:        3896084 kB
MemFree:          168880 kB
MemAvailable:     269872 kB
Buffers:           15564 kB
Cached:           729048 kB
SwapCached:        38304 kB
Active:          2557684 kB
Inactive:         906848 kB
Active(anon):    2372600 kB
Inactive(anon):   802788 kB
Active(file):     185084 kB
Inactive(file):   104060 kB
Unevictable:         504 kB
Mlocked:             504 kB
SwapTotal:       7812092 kB
SwapFree:        7109124 kB
Dirty:              8240 kB
Writeback:             0 kB
AnonPages:       2704452 kB
Mapped:           676664 kB
Shmem:            455484 kB
Slab:              77484 kB
SReclaimable:      37024 kB
SUnreclaim:        40460 kB
KernelStack:       12704 kB
PageTables:        50192 kB
NFS_Unstable:          0 kB
Bounce:                0 kB
WritebackTmp:          0 kB
CommitLimit:     9760132 kB
Committed_AS:    9458328 kB
VmallocTotal:   34359738367 kB
VmallocUsed:           0 kB
VmallocChunk:          0 kB
HardwareCorrupted:     0 kB
AnonHugePages:   1513472 kB
CmaTotal:              0 kB
CmaFree:               0 kB
HugePages_Total:       0
HugePages_Free:        0
HugePages_Rsvd:        0
HugePages_Surp:        0
Hugepagesize:       2048 kB
DirectMap4k:      243968 kB
DirectMap2M:     3799040 kB


CPU:total 4 (2 cores per cpu, 2 threads per core) family 6 model 42 stepping 7, cmov, cx8, fxsr, mmx, sse, sse2, sse3, ssse3, sse4.1, sse4.2, popcnt, avx, aes, clmul, ht, tsc, tscinvbit

/proc/cpuinfo:
processor	: 0
vendor_id	: GenuineIntel
cpu family	: 6
model		: 42
model name	: Intel(R) Core(TM) i5-2450M CPU @ 2.50GHz
stepping	: 7
microcode	: 0x1b
cpu MHz		: 2833.007
cache size	: 3072 KB
physical id	: 0
siblings	: 4
core id		: 0
cpu cores	: 2
apicid		: 0
initial apicid	: 0
fpu		: yes
fpu_exception	: yes
cpuid level	: 13
wp		: yes
flags		: fpu vme de pse tsc msr pae mce cx8 apic sep mtrr pge mca cmov pat pse36 clflush dts acpi mmx fxsr sse sse2 ss ht tm pbe syscall nx rdtscp lm constant_tsc arch_perfmon pebs bts rep_good nopl xtopology nonstop_tsc aperfmperf eagerfpu pni pclmulqdq dtes64 monitor ds_cpl vmx est tm2 ssse3 cx16 xtpr pdcm pcid sse4_1 sse4_2 x2apic popcnt tsc_deadline_timer aes xsave avx lahf_lm epb tpr_shadow vnmi flexpriority ept vpid xsaveopt dtherm ida arat pln pts
bugs		:
bogomips	: 4988.62
clflush size	: 64
cache_alignment	: 64
address sizes	: 36 bits physical, 48 bits virtual
power management:

processor	: 1
vendor_id	: GenuineIntel
cpu family	: 6
model		: 42
model name	: Intel(R) Core(TM) i5-2450M CPU @ 2.50GHz
stepping	: 7
microcode	: 0x1b
cpu MHz		: 2799.707
cache size	: 3072 KB
physical id	: 0
siblings	: 4
core id		: 0
cpu cores	: 2
apicid		: 1
initial apicid	: 1
fpu		: yes
fpu_exception	: yes
cpuid level	: 13
wp		: yes
flags		: fpu vme de pse tsc msr pae mce cx8 apic sep mtrr pge mca cmov pat pse36 clflush dts acpi mmx fxsr sse sse2 ss ht tm pbe syscall nx rdtscp lm constant_tsc arch_perfmon pebs bts rep_good nopl xtopology nonstop_tsc aperfmperf eagerfpu pni pclmulqdq dtes64 monitor ds_cpl vmx est tm2 ssse3 cx16 xtpr pdcm pcid sse4_1 sse4_2 x2apic popcnt tsc_deadline_timer aes xsave avx lahf_lm epb tpr_shadow vnmi flexpriority ept vpid xsaveopt dtherm ida arat pln pts
bugs		:
bogomips	: 4988.62
clflush size	: 64
cache_alignment	: 64
address sizes	: 36 bits physical, 48 bits virtual
power management:

processor	: 2
vendor_id	: GenuineIntel
cpu family	: 6
model		: 42
model name	: Intel(R) Core(TM) i5-2450M CPU @ 2.50GHz
stepping	: 7
microcode	: 0x1b
cpu MHz		: 2799.707
cache size	: 3072 KB
physical id	: 0
siblings	: 4
core id		: 1
cpu cores	: 2
apicid		: 2
initial apicid	: 2
fpu		: yes
fpu_exception	: yes
cpuid level	: 13
wp		: yes
flags		: fpu vme de pse tsc msr pae mce cx8 apic sep mtrr pge mca cmov pat pse36 clflush dts acpi mmx fxsr sse sse2 ss ht tm pbe syscall nx rdtscp lm constant_tsc arch_perfmon pebs bts rep_good nopl xtopology nonstop_tsc aperfmperf eagerfpu pni pclmulqdq dtes64 monitor ds_cpl vmx est tm2 ssse3 cx16 xtpr pdcm pcid sse4_1 sse4_2 x2apic popcnt tsc_deadline_timer aes xsave avx lahf_lm epb tpr_shadow vnmi flexpriority ept vpid xsaveopt dtherm ida arat pln pts
bugs		:
bogomips	: 4988.62
clflush size	: 64
cache_alignment	: 64
address sizes	: 36 bits physical, 48 bits virtual
power management:

processor	: 3
vendor_id	: GenuineIntel
cpu family	: 6
model		: 42
model name	: Intel(R) Core(TM) i5-2450M CPU @ 2.50GHz
stepping	: 7
microcode	: 0x1b
cpu MHz		: 2799.609
cache size	: 3072 KB
physical id	: 0
siblings	: 4
core id		: 1
cpu cores	: 2
apicid		: 3
initial apicid	: 3
fpu		: yes
fpu_exception	: yes
cpuid level	: 13
wp		: yes
flags		: fpu vme de pse tsc msr pae mce cx8 apic sep mtrr pge mca cmov pat pse36 clflush dts acpi mmx fxsr sse sse2 ss ht tm pbe syscall nx rdtscp lm constant_tsc arch_perfmon pebs bts rep_good nopl xtopology nonstop_tsc aperfmperf eagerfpu pni pclmulqdq dtes64 monitor ds_cpl vmx est tm2 ssse3 cx16 xtpr pdcm pcid sse4_1 sse4_2 x2apic popcnt tsc_deadline_timer aes xsave avx lahf_lm epb tpr_shadow vnmi flexpriority ept vpid xsaveopt dtherm ida arat pln pts
bugs		:
bogomips	: 4988.62
clflush size	: 64
cache_alignment	: 64
address sizes	: 36 bits physical, 48 bits virtual
power management:



Memory: 4k page, physical 3896084k(168880k free), swap 7812092k(7109124k free)

vm_info: Java HotSpot(TM) 64-Bit Server VM (25.111-b14) for linux-amd64 JRE (1.8.0_111-b14), built on Sep 22 2016 16:14:03 by "java_re" with gcc 4.3.0 20080428 (Red Hat 4.3.0-8)

time: Fri Dec  2 23:36:11 2016
elapsed time: 6 seconds (0d 0h 0m 6s)

