#
# A fatal error has been detected by the Java Runtime Environment:
#
#  SIGSEGV (0xb) at pc=0x00007f36ffabfd28, pid=3241, tid=0x00007f3696c18700
#
# JRE version: Java(TM) SE Runtime Environment (8.0_111-b14) (build 1.8.0_111-b14)
# Java VM: Java HotSpot(TM) 64-Bit Server VM (25.111-b14 mixed mode linux-amd64 compressed oops)
# Problematic frame:
# V  [libjvm.so+0x6d1d28]  jni_invoke_nonstatic(JNIEnv_*, JavaValue*, _jobject*, JNICallType, _jmethodID*, JNI_ArgumentPusher*, Thread*)+0x38
#
# Failed to write core dump. Core dumps have been disabled. To enable core dumping, try "ulimit -c unlimited" before starting Java again
#
# If you would like to submit a bug report, please visit:
#   http://bugreport.java.com/bugreport/crash.jsp
#

---------------  T H R E A D  ---------------

Current thread (0x00007f36a411c000):  JavaThread "JavaFX Application Thread" [_thread_in_vm, id=3284, stack(0x00007f3696b18000,0x00007f3696c19000)]

siginfo: si_signo: 11 (SIGSEGV), si_code: 1 (SEGV_MAPERR), si_addr: 0x00007f3600000000

Registers:
RAX=0x00007f3696c174c0, RBX=0x00007f3696c173d0, RCX=0x0000000000000001, RDX=0x00007f3600000000
RSP=0x00007f3696c17220, RBP=0x00007f3696c173a0, RSI=0x00007f3696c17430, RDI=0x00007f36a411c1f8
R8 =0x00007f36a4059c58, R9 =0x00007f3696c173d0, R10=0x00007f3684000ac0, R11=0x00007f36e9388ba0
R12=0x00007f36a411c000, R13=0x00007f36a4059c58, R14=0x0000000000000001, R15=0x00007f36a411c1f8
RIP=0x00007f36ffabfd28, EFLAGS=0x0000000000010206, CSGSFS=0x0000000000000033, ERR=0x0000000000000004
  TRAPNO=0x000000000000000e

Top of Stack: (sp=0x00007f3696c17220)
0x00007f3696c17220:   00007f3696c17920 00007f3696c17540
0x00007f3696c17230:   00007f3696c17280 00007f3696c17300
0x00007f3696c17240:   00007f3696c173d0 00007f3696c17430
0x00007f3696c17250:   00007f36a411c1f8 00007f36ffadf830
0x00007f3696c17260:   00007f36bc056420 00007f36bc056430
0x00007f3696c17270:   00007f36bc056808 00000000000003d8
0x00007f3696c17280:   0000000000000000 00000000ec70ada8
0x00007f3696c17290:   00007f360000006f 00007f360000000a
0x00007f3696c172a0:   00000000ed0a43b0 0000000000000000
0x00007f3696c172b0:   0000000000000000 0000000000000000
0x00007f3696c172c0:   00007f36fd09f570 0000000100000100
0x00007f3696c172d0:   0000000000000000 00007f3696c17288
0x00007f3696c172e0:   00007f3696c172c9 0000000800000005
0x00007f3696c172f0:   0000000000000000 00007f36a411b980
0x00007f3696c17300:   00007f370034caf0 00007f3700e5d6d0
0x00007f3696c17310:   00000000a411b810 00007f36a411c000
0x00007f3696c17320:   0000000000000000 00007f36ffac00fb
0x00007f3696c17330:   00007f36fd08d140 00007f36a411c000
0x00007f3696c17340:   00007f36fd08d140 00007f36a411c000
0x00007f3696c17350:   00007f3696c174e0 00007f36fd08d140
0x00007f3696c17360:   00007f36fd08d140 00007f36fd08d140
0x00007f3696c17370:   00007f36bc056420 00007f3696c173d0
0x00007f3696c17380:   00007f36a411c000 00007f3696c17410
0x00007f3696c17390:   00007f36a4059c58 00007f36a411c1f8
0x00007f3696c173a0:   00007f3696c17490 00007f36ffac44cf
0x00007f3696c173b0:   00007f36a411c000 00007f36e0a11054
0x00007f3696c173c0:   00007f3696c174a8 00007f3600000000
0x00007f3696c173d0:   00007f370034d750 00007f3700e5d6d0
0x00007f3696c173e0:   0000000096c17450 660ef5e300000063
0x00007f3696c173f0:   0000000000000000 0000003000000018
0x00007f3696c17400:   00007f3696c17580 00007f3696c174c0
0x00007f3696c17410:   00007f36a411c000 0000000000000000 

Instructions: (pc=0x00007f36ffabfd28)
0x00007f36ffabfd08:   00 00 48 85 d2 48 89 bd b0 fe ff ff 48 89 b5 a8
0x00007f36ffabfd18:   fe ff ff 4c 89 8d a0 fe ff ff 0f 84 78 09 00 00
0x00007f36ffabfd28:   4c 8b 22 4d 85 e4 0f 84 6c 09 00 00 48 8b 45 10
0x00007f36ffabfd38:   48 8b 98 38 01 00 00 48 83 7b 18 f7 0f 87 16 07 

Register to memory mapping:

RAX=0x00007f3696c174c0 is pointing into the stack for thread: 0x00007f36a411c000
RBX=0x00007f3696c173d0 is pointing into the stack for thread: 0x00007f36a411c000
RCX=0x0000000000000001 is an unknown value
RDX=0x00007f3600000000 is an unknown value
RSP=0x00007f3696c17220 is pointing into the stack for thread: 0x00007f36a411c000
RBP=0x00007f3696c173a0 is pointing into the stack for thread: 0x00007f36a411c000
RSI=0x00007f3696c17430 is pointing into the stack for thread: 0x00007f36a411c000
RDI=0x00007f36a411c1f8 is an unknown value
R8 =0x00007f36a4059c58 is an unknown value
R9 =0x00007f3696c173d0 is pointing into the stack for thread: 0x00007f36a411c000
R10=0x00007f3684000ac0 is an unknown value
R11=0x00007f36e9388ba0 is at entry_point+32 in (nmethod*)0x00007f36e9388a10
R12=0x00007f36a411c000 is a thread
R13=0x00007f36a4059c58 is an unknown value
R14=0x0000000000000001 is an unknown value
R15=0x00007f36a411c1f8 is an unknown value


Stack: [0x00007f3696b18000,0x00007f3696c19000],  sp=0x00007f3696c17220,  free space=1020k
Native frames: (J=compiled Java code, j=interpreted, Vv=VM code, C=native code)
V  [libjvm.so+0x6d1d28]  jni_invoke_nonstatic(JNIEnv_*, JavaValue*, _jobject*, JNICallType, _jmethodID*, JNI_ArgumentPusher*, Thread*)+0x38
V  [libjvm.so+0x6d64cf]  jni_CallVoidMethodV+0x10f
C  [libglass.so+0x18641]  JNIEnv_::CallVoidMethod(_jobject*, _jmethodID*, ...)+0x81
C  [libglass.so+0x14f0f]  WindowContextBase::process_key(_GdkEventKey*)+0x20f
C  [libglass.so+0x19f60]  WindowContextBase::im_filter_keypress(_GdkEventKey*)+0x1c0
C  [libglass.so+0x1a91c]  process_events(_GdkEvent*, void*)+0x22c
C  [libgdk-x11-2.0.so.0+0x5ac4c]

Java frames: (J=compiled Java code, j=interpreted, Vv=VM code)
j  com.sun.glass.ui.gtk.GtkApplication._runLoop(Ljava/lang/Runnable;Z)V+0
j  com.sun.glass.ui.gtk.GtkApplication.lambda$null$49(Ljava/lang/Runnable;Z)V+7
j  com.sun.glass.ui.gtk.GtkApplication$$Lambda$43.run()V+12
j  java.lang.Thread.run()V+11
v  ~StubRoutines::call_stub

---------------  P R O C E S S  ---------------

Java Threads: ( => current thread )
  0x00007f3684203800 JavaThread "Prism Font Disposer" daemon [_thread_blocked, id=3290, stack(0x00007f3695d07000,0x00007f3695e08000)]
=>0x00007f36a411c000 JavaThread "JavaFX Application Thread" [_thread_in_vm, id=3284, stack(0x00007f3696b18000,0x00007f3696c19000)]
  0x00007f36a4118000 JavaThread "Thread-2" daemon [_thread_blocked, id=3283, stack(0x00007f3696c19000,0x00007f3696d1a000)]
  0x00007f36a404b800 JavaThread "QuantumRenderer-0" daemon [_thread_blocked, id=3279, stack(0x00007f36e148a000,0x00007f36e158b000)]
  0x00007f36f81c9000 JavaThread "JavaFX-Launcher" [_thread_blocked, id=3278, stack(0x00007f36e158b000,0x00007f36e168c000)]
  0x00007f36f812b000 JavaThread "Monitor Ctrl-Break" daemon [_thread_in_native, id=3273, stack(0x00007f36e1c3a000,0x00007f36e1d3b000)]
  0x00007f36f80c9800 JavaThread "Service Thread" daemon [_thread_blocked, id=3266, stack(0x00007f36e203e000,0x00007f36e213f000)]
  0x00007f36f80be800 JavaThread "C1 CompilerThread2" daemon [_thread_blocked, id=3264, stack(0x00007f36e213f000,0x00007f36e2240000)]
  0x00007f36f80bd000 JavaThread "C2 CompilerThread1" daemon [_thread_in_native, id=3263, stack(0x00007f36e801a000,0x00007f36e811b000)]
  0x00007f36f80ba000 JavaThread "C2 CompilerThread0" daemon [_thread_in_native, id=3262, stack(0x00007f36e811b000,0x00007f36e821c000)]
  0x00007f36f80b8800 JavaThread "Signal Dispatcher" daemon [_thread_blocked, id=3261, stack(0x00007f36e821c000,0x00007f36e831d000)]
  0x00007f36f8084800 JavaThread "Finalizer" daemon [_thread_blocked, id=3257, stack(0x00007f36e85f6000,0x00007f36e86f7000)]
  0x00007f36f8080000 JavaThread "Reference Handler" daemon [_thread_blocked, id=3255, stack(0x00007f36e86f7000,0x00007f36e87f8000)]
  0x00007f36f800a800 JavaThread "main" [_thread_blocked, id=3244, stack(0x00007f3700eda000,0x00007f3700fdb000)]

Other Threads:
  0x00007f36f8078000 VMThread [stack: 0x00007f36e87f8000,0x00007f36e88f9000] [id=3254]
  0x00007f36f80cc800 WatcherThread [stack: 0x00007f36e1f3d000,0x00007f36e203e000] [id=3269]

VM state:not at safepoint (normal execution)

VM Mutex/Monitor currently owned by a thread: None

Heap:
 PSYoungGen      total 17920K, used 3125K [0x00000000ec300000, 0x00000000ee600000, 0x0000000100000000)
  eden space 15360K, 3% used [0x00000000ec300000,0x00000000ec391788,0x00000000ed200000)
  from space 2560K, 99% used [0x00000000ee380000,0x00000000ee5fc048,0x00000000ee600000)
  to   space 2560K, 0% used [0x00000000ed200000,0x00000000ed200000,0x00000000ed480000)
 ParOldGen       total 40960K, used 3347K [0x00000000c4800000, 0x00000000c7000000, 0x00000000ec300000)
  object space 40960K, 8% used [0x00000000c4800000,0x00000000c4b44df0,0x00000000c7000000)
 Metaspace       used 15576K, capacity 16234K, committed 16512K, reserved 1062912K
  class space    used 2209K, capacity 2367K, committed 2432K, reserved 1048576K

Card table byte_map: [0x00007f36fdaab000,0x00007f36fdc88000] byte_map_base: 0x00007f36fd487000

Marking Bits: (ParMarkBitMap*) 0x00007f37003b1220
 Begin Bits: [0x00007f36e2240000, 0x00007f36e3120000)
 End Bits:   [0x00007f36e3120000, 0x00007f36e4000000)

Polling page: 0x00007f3701000000

CodeCache: size=245760Kb used=4369Kb max_used=4369Kb free=241390Kb
 bounds [0x00007f36e9000000, 0x00007f36e9450000, 0x00007f36f8000000]
 total_blobs=2038 nmethods=1427 adapters=524
 compilation: enabled

Compilation events (10 events):
Event: 6.116 Thread 0x00007f36f80be800 1425       3       java.lang.CharacterDataLatin1::getPropertiesEx (11 bytes)
Event: 6.116 Thread 0x00007f36f80be800 nmethod 1425 0x00007f36e9444990 code [0x00007f36e9444b00, 0x00007f36e9444c90]
Event: 6.116 Thread 0x00007f36f80be800 1426       3       javafx.scene.Node::updateCanReceiveFocus (31 bytes)
Event: 6.118 Thread 0x00007f36f80be800 nmethod 1426 0x00007f36e9444d90 code [0x00007f36e9444fa0, 0x00007f36e9445d78]
Event: 6.118 Thread 0x00007f36f80be800 1428       3       javafx.scene.control.SkinBase::snapSize (19 bytes)
Event: 6.118 Thread 0x00007f36f80be800 nmethod 1428 0x00007f36e9446310 code [0x00007f36e94464c0, 0x00007f36e9446808]
Event: 6.118 Thread 0x00007f36f80be800 1429       3       javafx.beans.property.StringPropertyBase::get (5 bytes)
Event: 6.118 Thread 0x00007f36f80be800 nmethod 1429 0x00007f36e9446950 code [0x00007f36e9446ac0, 0x00007f36e9446cc8]
Event: 6.118 Thread 0x00007f36f80be800 1427       3       javafx.scene.Node::isDisabled (19 bytes)
Event: 6.119 Thread 0x00007f36f80be800 nmethod 1427 0x00007f36e9446d50 code [0x00007f36e9446ee0, 0x00007f36e94472a8]

GC Heap History (4 events):
Event: 0.860 GC heap before
{Heap before GC invocations=1 (full 0):
 PSYoungGen      total 17920K, used 15360K [0x00000000ec300000, 0x00000000ed700000, 0x0000000100000000)
  eden space 15360K, 100% used [0x00000000ec300000,0x00000000ed200000,0x00000000ed200000)
  from space 2560K, 0% used [0x00000000ed480000,0x00000000ed480000,0x00000000ed700000)
  to   space 2560K, 0% used [0x00000000ed200000,0x00000000ed200000,0x00000000ed480000)
 ParOldGen       total 40960K, used 0K [0x00000000c4800000, 0x00000000c7000000, 0x00000000ec300000)
  object space 40960K, 0% used [0x00000000c4800000,0x00000000c4800000,0x00000000c7000000)
 Metaspace       used 10088K, capacity 10460K, committed 10624K, reserved 1058816K
  class space    used 1246K, capacity 1368K, committed 1408K, reserved 1048576K
Event: 0.871 GC heap after
Heap after GC invocations=1 (full 0):
 PSYoungGen      total 17920K, used 2528K [0x00000000ec300000, 0x00000000ee600000, 0x0000000100000000)
  eden space 15360K, 0% used [0x00000000ec300000,0x00000000ec300000,0x00000000ed200000)
  from space 2560K, 98% used [0x00000000ed200000,0x00000000ed478040,0x00000000ed480000)
  to   space 2560K, 0% used [0x00000000ee380000,0x00000000ee380000,0x00000000ee600000)
 ParOldGen       total 40960K, used 392K [0x00000000c4800000, 0x00000000c7000000, 0x00000000ec300000)
  object space 40960K, 0% used [0x00000000c4800000,0x00000000c4862010,0x00000000c7000000)
 Metaspace       used 10088K, capacity 10460K, committed 10624K, reserved 1058816K
  class space    used 1246K, capacity 1368K, committed 1408K, reserved 1048576K
}
Event: 6.068 GC heap before
{Heap before GC invocations=2 (full 0):
 PSYoungGen      total 17920K, used 17888K [0x00000000ec300000, 0x00000000ee600000, 0x0000000100000000)
  eden space 15360K, 100% used [0x00000000ec300000,0x00000000ed200000,0x00000000ed200000)
  from space 2560K, 98% used [0x00000000ed200000,0x00000000ed478040,0x00000000ed480000)
  to   space 2560K, 0% used [0x00000000ee380000,0x00000000ee380000,0x00000000ee600000)
 ParOldGen       total 40960K, used 392K [0x00000000c4800000, 0x00000000c7000000, 0x00000000ec300000)
  object space 40960K, 0% used [0x00000000c4800000,0x00000000c4862010,0x00000000c7000000)
 Metaspace       used 15535K, capacity 16170K, committed 16256K, reserved 1062912K
  class space    used 2209K, capacity 2367K, committed 2432K, reserved 1048576K
Event: 6.088 GC heap after
Heap after GC invocations=2 (full 0):
 PSYoungGen      total 17920K, used 2544K [0x00000000ec300000, 0x00000000ee600000, 0x0000000100000000)
  eden space 15360K, 0% used [0x00000000ec300000,0x00000000ec300000,0x00000000ed200000)
  from space 2560K, 99% used [0x00000000ee380000,0x00000000ee5fc048,0x00000000ee600000)
  to   space 2560K, 0% used [0x00000000ed200000,0x00000000ed200000,0x00000000ed480000)
 ParOldGen       total 40960K, used 3347K [0x00000000c4800000, 0x00000000c7000000, 0x00000000ec300000)
  object space 40960K, 8% used [0x00000000c4800000,0x00000000c4b44df0,0x00000000c7000000)
 Metaspace       used 15535K, capacity 16170K, committed 16256K, reserved 1062912K
  class space    used 2209K, capacity 2367K, committed 2432K, reserved 1048576K
}

Deoptimization events (10 events):
Event: 1.183 Thread 0x00007f36a411c000 Uncommon trap: reason=class_check action=maybe_recompile pc=0x00007f36e925b3f4 method=java.io.DataInputStream.readShort()S @ 4
Event: 1.183 Thread 0x00007f36a411c000 Uncommon trap: reason=class_check action=maybe_recompile pc=0x00007f36e925b3f4 method=java.io.DataInputStream.readShort()S @ 4
Event: 1.191 Thread 0x00007f36a411c000 Uncommon trap: reason=class_check action=maybe_recompile pc=0x00007f36e911f078 method=java.lang.String.equals(Ljava/lang/Object;)Z @ 8
Event: 1.191 Thread 0x00007f36a411c000 Uncommon trap: reason=class_check action=maybe_recompile pc=0x00007f36e911f078 method=java.lang.String.equals(Ljava/lang/Object;)Z @ 8
Event: 1.191 Thread 0x00007f36a411c000 Uncommon trap: reason=class_check action=maybe_recompile pc=0x00007f36e911f078 method=java.lang.String.equals(Ljava/lang/Object;)Z @ 8
Event: 1.348 Thread 0x00007f36a411c000 Uncommon trap: reason=class_check action=maybe_recompile pc=0x00007f36e911f078 method=java.lang.String.equals(Ljava/lang/Object;)Z @ 8
Event: 1.467 Thread 0x00007f36a411c000 Uncommon trap: reason=unstable_if action=reinterpret pc=0x00007f36e92af60c method=sun.net.www.ParseUtil.encodePath(Ljava/lang/String;Z)Ljava/lang/String; @ 109
Event: 1.692 Thread 0x00007f36a411c000 Uncommon trap: reason=unstable_if action=reinterpret pc=0x00007f36e9304264 method=jdk.internal.org.objectweb.asm.Type.getArgumentsAndReturnSizes(Ljava/lang/String;)I @ 47
Event: 3.495 Thread 0x00007f36a404b800 Uncommon trap: reason=unstable_if action=reinterpret pc=0x00007f36e93a129c method=java.lang.StrictMath.floorOrCeil(DDDD)D @ 115
Event: 4.160 Thread 0x00007f36a411c000 Uncommon trap: reason=unstable_if action=reinterpret pc=0x00007f36e9233c60 method=java.lang.CharacterData.of(I)Ljava/lang/CharacterData; @ 4

Internal exceptions (10 events):
Event: 0.287 Thread 0x00007f36f81c9000 Exception <a 'java/security/PrivilegedActionException'> (0x00000000ec617d80) thrown at [/HUDSON3/workspace/8-2-build-linux-amd64/jdk8u111/7883/hotspot/src/share/vm/prims/jvm.cpp, line 1386]
Event: 0.288 Thread 0x00007f36f81c9000 Exception <a 'java/security/PrivilegedActionException'> (0x00000000ec61a1c0) thrown at [/HUDSON3/workspace/8-2-build-linux-amd64/jdk8u111/7883/hotspot/src/share/vm/prims/jvm.cpp, line 1386]
Event: 0.288 Thread 0x00007f36f81c9000 Exception <a 'java/security/PrivilegedActionException'> (0x00000000ec61a3d0) thrown at [/HUDSON3/workspace/8-2-build-linux-amd64/jdk8u111/7883/hotspot/src/share/vm/prims/jvm.cpp, line 1386]
Event: 0.288 Thread 0x00007f36f81c9000 Exception <a 'java/lang/NullPointerException'> (0x00000000ec61a9a8) thrown at [/HUDSON3/workspace/8-2-build-linux-amd64/jdk8u111/7883/hotspot/src/share/vm/interpreter/linkResolver.cpp, line 1178]
Event: 0.731 Thread 0x00007f36a411c000 Exception <a 'java/lang/NullPointerException'> (0x00000000ece52c28) thrown at [/HUDSON3/workspace/8-2-build-linux-amd64/jdk8u111/7883/hotspot/src/share/vm/interpreter/linkResolver.cpp, line 1178]
Event: 0.731 Thread 0x00007f36a411c000 Exception <a 'java/lang/NullPointerException'> (0x00000000ece52c28) thrown at [/HUDSON3/workspace/8-2-build-linux-amd64/jdk8u111/7883/hotspot/src/share/vm/prims/jvm.cpp, line 1390]
Event: 0.851 Thread 0x00007f36a411c000 Exception <a 'java/lang/ArrayIndexOutOfBoundsException': 58> (0x00000000ed1e1bc0) thrown at [/HUDSON3/workspace/8-2-build-linux-amd64/jdk8u111/7883/hotspot/src/share/vm/interpreter/interpreterRuntime.cpp, line 366]
Event: 0.852 Thread 0x00007f36a411c000 Exception <a 'java/lang/ArrayIndexOutOfBoundsException': 18> (0x00000000ed1e2a48) thrown at [/HUDSON3/workspace/8-2-build-linux-amd64/jdk8u111/7883/hotspot/src/share/vm/interpreter/interpreterRuntime.cpp, line 366]
Event: 0.852 Thread 0x00007f36a411c000 Exception <a 'java/lang/ArrayIndexOutOfBoundsException': 86> (0x00000000ed1e3df0) thrown at [/HUDSON3/workspace/8-2-build-linux-amd64/jdk8u111/7883/hotspot/src/share/vm/interpreter/interpreterRuntime.cpp, line 366]
Event: 1.036 Thread 0x00007f36a411c000 Implicit null exception at 0x00007f36e9267935 to 0x00007f36e9267b51

Events (10 events):
Event: 5.933 loading class com/sun/prism/GraphicsResource
Event: 5.933 loading class com/sun/prism/GraphicsResource done
Event: 5.933 loading class com/sun/prism/GraphicsResource
Event: 5.933 loading class com/sun/prism/GraphicsResource done
Event: 5.934 loading class com/sun/javafx/tk/quantum/ViewScene
Event: 5.934 loading class com/sun/javafx/tk/quantum/ViewScene done
Event: 5.935 loading class com/sun/javafx/tk/quantum/WindowStage
Event: 5.935 loading class com/sun/javafx/tk/quantum/WindowStage done
Event: 6.068 Executing VM operation: ParallelGCFailedAllocation
Event: 6.088 Executing VM operation: ParallelGCFailedAllocation done


Dynamic libraries:
00400000-00401000 r-xp 00000000 08:03 2493609                            /usr/lib/jvm/java-8-oracle/bin/java
00600000-00601000 rw-p 00000000 08:03 2493609                            /usr/lib/jvm/java-8-oracle/bin/java
014aa000-014cb000 rw-p 00000000 00:00 0                                  [heap]
409b2000-40a52000 rw-p 00000000 00:00 0 
40cee000-40cf0000 r-xs 00000000 08:03 262240                             /tmp/.glwRVkct (deleted)
c4800000-c7000000 rw-p 00000000 00:00 0 
c7000000-ec300000 ---p 00000000 00:00 0 
ec300000-ee600000 rw-p 00000000 00:00 0 
ee600000-100000000 ---p 00000000 00:00 0 
100000000-100260000 rw-p 00000000 00:00 0 
100260000-140000000 ---p 00000000 00:00 0 
7f3678000000-7f3678021000 rw-p 00000000 00:00 0 
7f3678021000-7f367c000000 ---p 00000000 00:00 0 
7f3680000000-7f3680021000 rw-p 00000000 00:00 0 
7f3680021000-7f3684000000 ---p 00000000 00:00 0 
7f3684000000-7f36844f5000 rw-p 00000000 00:00 0 
7f36844f5000-7f3688000000 ---p 00000000 00:00 0 
7f3688000000-7f3688022000 rw-p 00000000 00:00 0 
7f3688022000-7f368c000000 ---p 00000000 00:00 0 
7f368c000000-7f368c021000 rw-p 00000000 00:00 0 
7f368c021000-7f3690000000 ---p 00000000 00:00 0 
7f3690000000-7f3690021000 rw-p 00000000 00:00 0 
7f3690021000-7f3694000000 ---p 00000000 00:00 0 
7f3694f06000-7f3695106000 rw-s 1590cc000 00:06 517                       /dev/nvidiactl
7f3695106000-7f3695306000 rw-s 8e110000 00:06 517                        /dev/nvidiactl
7f3695306000-7f3695cc7000 rw-p 00000000 00:00 0 
7f3695cc7000-7f3695d07000 ---p 00000000 00:00 0 
7f3695d07000-7f3695d0a000 ---p 00000000 00:00 0 
7f3695d0a000-7f3695e08000 rw-p 00000000 00:00 0 
7f3695e08000-7f3695ec1000 r--p 00000000 08:03 1312293                    /usr/share/fonts/truetype/dejavu/DejaVuSans.ttf
7f3695ec1000-7f3695ed5000 r--p 00000000 08:03 2493785                    /usr/lib/jvm/java-8-oracle/jre/lib/fonts/LucidaBrightItalic.ttf
7f3695ed5000-7f3695f2a000 r--p 00000000 08:03 2493784                    /usr/lib/jvm/java-8-oracle/jre/lib/fonts/LucidaBrightRegular.ttf
7f3695f2a000-7f3695fd5000 r--p 00000000 08:03 2493781                    /usr/lib/jvm/java-8-oracle/jre/lib/fonts/LucidaSansRegular.ttf
7f3695fd5000-7f3695fe8000 r--p 00000000 08:03 2493789                    /usr/lib/jvm/java-8-oracle/jre/lib/fonts/LucidaBrightDemiItalic.ttf
7f3695fe8000-7f3696022000 r--p 00000000 08:03 2493783                    /usr/lib/jvm/java-8-oracle/jre/lib/fonts/LucidaTypewriterBold.ttf
7f3696022000-7f3696035000 r--p 00000000 08:03 2493782                    /usr/lib/jvm/java-8-oracle/jre/lib/fonts/LucidaBrightDemiBold.ttf
7f3696035000-7f3696071000 r--p 00000000 08:03 2493787                    /usr/lib/jvm/java-8-oracle/jre/lib/fonts/LucidaTypewriterRegular.ttf
7f3696071000-7f36960bf000 r--p 00000000 08:03 2493788                    /usr/lib/jvm/java-8-oracle/jre/lib/fonts/LucidaSansDemiBold.ttf
7f36960bf000-7f36960c3000 r-xp 00000000 08:03 2493730                    /usr/lib/jvm/java-8-oracle/jre/lib/amd64/libjavafx_font_pango.so
7f36960c3000-7f36962c2000 ---p 00004000 08:03 2493730                    /usr/lib/jvm/java-8-oracle/jre/lib/amd64/libjavafx_font_pango.so
7f36962c2000-7f36962c3000 rw-p 00003000 08:03 2493730                    /usr/lib/jvm/java-8-oracle/jre/lib/amd64/libjavafx_font_pango.so
7f36962c3000-7f36962c8000 r--s 00084000 08:03 2493792                    /usr/lib/jvm/java-8-oracle/jre/lib/jfr.jar
7f36962c8000-7f36964c8000 rw-p 00000000 00:00 0 
7f36964c8000-7f36964d3000 r--s 00000000 08:03 664008                     /var/cache/fontconfig/945677eb7aeaf62f1d50efc3fb3ec7d8-le64.cache-6
7f36964d3000-7f36964d9000 r--s 00000000 08:03 664037                     /var/cache/fontconfig/2cd17615ca594fa2959ae173292e504c-le64.cache-6
7f36964d9000-7f36964da000 r--s 00000000 08:03 664036                     /var/cache/fontconfig/0d8c3b2ac0904cb8a57a757ad11a4a08-le64.cache-6
7f36964da000-7f36964ef000 r--s 00000000 08:03 664034                     /var/cache/fontconfig/04aabc0a78ac019cf9454389977116d2-le64.cache-6
7f36964ef000-7f36964f3000 r--s 00000000 08:03 664032                     /var/cache/fontconfig/385c0604a188198f04d133e54aba7fe7-le64.cache-6
7f36964f3000-7f36964f6000 r--s 00000000 08:03 664029                     /var/cache/fontconfig/767a8244fc0220cfb567a839d0392e0b-le64.cache-6
7f36964f6000-7f36964fd000 r--s 00000000 08:03 664015                     /var/cache/fontconfig/3047814df9a2f067bd2d96a2b9c36e5a-le64.cache-6
7f36964fd000-7f3696510000 r--s 00000000 08:03 664009                     /var/cache/fontconfig/d52a8644073d54c13679302ca1180695-le64.cache-6
7f3696510000-7f3696515000 r-xp 00000000 08:03 2493726                    /usr/lib/jvm/java-8-oracle/jre/lib/amd64/libjavafx_font_freetype.so
7f3696515000-7f3696714000 ---p 00005000 08:03 2493726                    /usr/lib/jvm/java-8-oracle/jre/lib/amd64/libjavafx_font_freetype.so
7f3696714000-7f3696715000 rw-p 00004000 08:03 2493726                    /usr/lib/jvm/java-8-oracle/jre/lib/amd64/libjavafx_font_freetype.so
7f3696715000-7f3696718000 r-xp 00000000 08:03 2493688                    /usr/lib/jvm/java-8-oracle/jre/lib/amd64/libjavafx_font.so
7f3696718000-7f3696917000 ---p 00003000 08:03 2493688                    /usr/lib/jvm/java-8-oracle/jre/lib/amd64/libjavafx_font.so
7f3696917000-7f3696918000 rw-p 00002000 08:03 2493688                    /usr/lib/jvm/java-8-oracle/jre/lib/amd64/libjavafx_font.so
7f3696918000-7f3696b18000 rw-p 00000000 00:00 0 
7f3696b18000-7f3696b1b000 ---p 00000000 00:00 0 
7f3696b1b000-7f3696c19000 rw-p 00000000 00:00 0 
7f3696c19000-7f3696c1c000 ---p 00000000 00:00 0 
7f3696c1c000-7f3696d1a000 rw-p 00000000 00:00 0 
7f3696d1a000-7f3696d1b000 ---p 00000000 00:00 0 
7f3696d1b000-7f369751b000 rw-p 00000000 00:00 0 
7f369751b000-7f369751c000 ---p 00000000 00:00 0 
7f369751c000-7f3697d1c000 rw-p 00000000 00:00 0 
7f3697d1c000-7f3697d1d000 ---p 00000000 00:00 0 
7f3697d1d000-7f369851d000 rw-p 00000000 00:00 0 
7f369851d000-7f3698528000 r-xp 00000000 08:03 657319                     /usr/lib/x86_64-linux-gnu/gio/modules/libdconfsettings.so
7f3698528000-7f3698728000 ---p 0000b000 08:03 657319                     /usr/lib/x86_64-linux-gnu/gio/modules/libdconfsettings.so
7f3698728000-7f3698729000 r--p 0000b000 08:03 657319                     /usr/lib/x86_64-linux-gnu/gio/modules/libdconfsettings.so
7f3698729000-7f369872a000 rw-p 0000c000 08:03 657319                     /usr/lib/x86_64-linux-gnu/gio/modules/libdconfsettings.so
7f369872a000-7f3698772000 r--p 00000000 08:03 1312548                    /usr/share/glib-2.0/schemas/gschemas.compiled
7f3698772000-7f3698779000 r-xp 00000000 08:03 403656                     /usr/lib/x86_64-linux-gnu/libogg.so.0.8.2
7f3698779000-7f3698979000 ---p 00007000 08:03 403656                     /usr/lib/x86_64-linux-gnu/libogg.so.0.8.2
7f3698979000-7f369897a000 r--p 00007000 08:03 403656                     /usr/lib/x86_64-linux-gnu/libogg.so.0.8.2
7f369897a000-7f369897b000 rw-p 00008000 08:03 403656                     /usr/lib/x86_64-linux-gnu/libogg.so.0.8.2
7f369897b000-7f36989a5000 r-xp 00000000 08:03 404005                     /usr/lib/x86_64-linux-gnu/libvorbis.so.0.4.8
7f36989a5000-7f3698ba5000 ---p 0002a000 08:03 404005                     /usr/lib/x86_64-linux-gnu/libvorbis.so.0.4.8
7f3698ba5000-7f3698ba6000 r--p 0002a000 08:03 404005                     /usr/lib/x86_64-linux-gnu/libvorbis.so.0.4.8
7f3698ba6000-7f3698ba7000 rw-p 0002b000 08:03 404005                     /usr/lib/x86_64-linux-gnu/libvorbis.so.0.4.8
7f3698ba7000-7f3698bb0000 r-xp 00000000 08:03 403523                     /usr/lib/x86_64-linux-gnu/libltdl.so.7.3.1
7f3698bb0000-7f3698daf000 ---p 00009000 08:03 403523                     /usr/lib/x86_64-linux-gnu/libltdl.so.7.3.1
7f3698daf000-7f3698db0000 r--p 00008000 08:03 403523                     /usr/lib/x86_64-linux-gnu/libltdl.so.7.3.1
7f3698db0000-7f3698db1000 rw-p 00009000 08:03 403523                     /usr/lib/x86_64-linux-gnu/libltdl.so.7.3.1
7f3698db1000-7f3698dc5000 r-xp 00000000 08:03 403898                     /usr/lib/x86_64-linux-gnu/libtdb.so.1.3.8
7f3698dc5000-7f3698fc4000 ---p 00014000 08:03 403898                     /usr/lib/x86_64-linux-gnu/libtdb.so.1.3.8
7f3698fc4000-7f3698fc5000 r--p 00013000 08:03 403898                     /usr/lib/x86_64-linux-gnu/libtdb.so.1.3.8
7f3698fc5000-7f3698fc6000 rw-p 00014000 08:03 403898                     /usr/lib/x86_64-linux-gnu/libtdb.so.1.3.8
7f3698fc6000-7f3698fcd000 r-xp 00000000 08:03 404009                     /usr/lib/x86_64-linux-gnu/libvorbisfile.so.3.3.7
7f3698fcd000-7f36991cd000 ---p 00007000 08:03 404009                     /usr/lib/x86_64-linux-gnu/libvorbisfile.so.3.3.7
7f36991cd000-7f36991ce000 r--p 00007000 08:03 404009                     /usr/lib/x86_64-linux-gnu/libvorbisfile.so.3.3.7
7f36991ce000-7f36991cf000 rw-p 00008000 08:03 404009                     /usr/lib/x86_64-linux-gnu/libvorbisfile.so.3.3.7
7f36991cf000-7f36991df000 r-xp 00000000 08:03 402920                     /usr/lib/x86_64-linux-gnu/libcanberra.so.0.2.5
7f36991df000-7f36993de000 ---p 00010000 08:03 402920                     /usr/lib/x86_64-linux-gnu/libcanberra.so.0.2.5
7f36993de000-7f36993df000 r--p 0000f000 08:03 402920                     /usr/lib/x86_64-linux-gnu/libcanberra.so.0.2.5
7f36993df000-7f36993e0000 rw-p 00010000 08:03 402920                     /usr/lib/x86_64-linux-gnu/libcanberra.so.0.2.5
7f36993e0000-7f36993e4000 r-xp 00000000 08:03 402916                     /usr/lib/x86_64-linux-gnu/libcanberra-gtk.so.0.1.9
7f36993e4000-7f36995e3000 ---p 00004000 08:03 402916                     /usr/lib/x86_64-linux-gnu/libcanberra-gtk.so.0.1.9
7f36995e3000-7f36995e4000 r--p 00003000 08:03 402916                     /usr/lib/x86_64-linux-gnu/libcanberra-gtk.so.0.1.9
7f36995e4000-7f36995e5000 rw-p 00004000 08:03 402916                     /usr/lib/x86_64-linux-gnu/libcanberra-gtk.so.0.1.9
7f36995e5000-7f36995ea000 r-xp 00000000 08:03 657534                     /usr/lib/x86_64-linux-gnu/gtk-2.0/modules/libcanberra-gtk-module.so
7f36995ea000-7f36997e9000 ---p 00005000 08:03 657534                     /usr/lib/x86_64-linux-gnu/gtk-2.0/modules/libcanberra-gtk-module.so
7f36997e9000-7f36997ea000 r--p 00004000 08:03 657534                     /usr/lib/x86_64-linux-gnu/gtk-2.0/modules/libcanberra-gtk-module.so
7f36997ea000-7f36997eb000 rw-p 00005000 08:03 657534                     /usr/lib/x86_64-linux-gnu/gtk-2.0/modules/libcanberra-gtk-module.so
7f36997eb000-7f369981b000 r-xp 00000000 08:03 657346                     /usr/lib/x86_64-linux-gnu/gtk-2.0/2.10.0/engines/libmurrine.so
7f369981b000-7f3699a1b000 ---p 00030000 08:03 657346                     /usr/lib/x86_64-linux-gnu/gtk-2.0/2.10.0/engines/libmurrine.so
7f3699a1b000-7f3699a1c000 r--p 00030000 08:03 657346                     /usr/lib/x86_64-linux-gnu/gtk-2.0/2.10.0/engines/libmurrine.so
7f3699a1c000-7f3699a1d000 rw-p 00031000 08:03 657346                     /usr/lib/x86_64-linux-gnu/gtk-2.0/2.10.0/engines/libmurrine.so
7f3699a1d000-7f3699a2d000 r-xp 00000000 08:03 403954                     /usr/lib/x86_64-linux-gnu/libunity-gtk2-parser.so.0.0.0
7f3699a2d000-7f3699c2d000 ---p 00010000 08:03 403954                     /usr/lib/x86_64-linux-gnu/libunity-gtk2-parser.so.0.0.0
7f3699c2d000-7f3699c2e000 r--p 00010000 08:03 403954                     /usr/lib/x86_64-linux-gnu/libunity-gtk2-parser.so.0.0.0
7f3699c2e000-7f3699c2f000 rw-p 00011000 08:03 403954                     /usr/lib/x86_64-linux-gnu/libunity-gtk2-parser.so.0.0.0
7f3699c2f000-7f3699c34000 r-xp 00000000 08:03 657538                     /usr/lib/x86_64-linux-gnu/gtk-2.0/modules/libunity-gtk-module.so
7f3699c34000-7f3699e33000 ---p 00005000 08:03 657538                     /usr/lib/x86_64-linux-gnu/gtk-2.0/modules/libunity-gtk-module.so
7f3699e33000-7f3699e34000 r--p 00004000 08:03 657538                     /usr/lib/x86_64-linux-gnu/gtk-2.0/modules/libunity-gtk-module.so
7f3699e34000-7f3699e35000 rw-p 00005000 08:03 657538                     /usr/lib/x86_64-linux-gnu/gtk-2.0/modules/libunity-gtk-module.so
7f3699e35000-7f3699e47000 r-xp 00000000 08:03 1840172                    /lib/x86_64-linux-gnu/libgpg-error.so.0.17.0
7f3699e47000-7f369a047000 ---p 00012000 08:03 1840172                    /lib/x86_64-linux-gnu/libgpg-error.so.0.17.0
7f369a047000-7f369a048000 r--p 00012000 08:03 1840172                    /lib/x86_64-linux-gnu/libgpg-error.so.0.17.0
7f369a048000-7f369a049000 rw-p 00013000 08:03 1840172                    /lib/x86_64-linux-gnu/libgpg-error.so.0.17.0
7f369a049000-7f369a121000 r-xp 00000000 08:03 1839881                    /lib/x86_64-linux-gnu/libgcrypt.so.20.0.5
7f369a121000-7f369a320000 ---p 000d8000 08:03 1839881                    /lib/x86_64-linux-gnu/libgcrypt.so.20.0.5
7f369a320000-7f369a321000 r--p 000d7000 08:03 1839881                    /lib/x86_64-linux-gnu/libgcrypt.so.20.0.5
7f369a321000-7f369a329000 rw-p 000d8000 08:03 1839881                    /lib/x86_64-linux-gnu/libgcrypt.so.20.0.5
7f369a329000-7f369a32a000 rw-p 00000000 00:00 0 
7f369a32a000-7f369a34b000 r-xp 00000000 08:03 1840195                    /lib/x86_64-linux-gnu/liblzma.so.5.0.0
7f369a34b000-7f369a54a000 ---p 00021000 08:03 1840195                    /lib/x86_64-linux-gnu/liblzma.so.5.0.0
7f369a54a000-7f369a54b000 r--p 00020000 08:03 1840195                    /lib/x86_64-linux-gnu/liblzma.so.5.0.0
7f369a54b000-7f369a54c000 rw-p 00021000 08:03 1840195                    /lib/x86_64-linux-gnu/liblzma.so.5.0.0
7f369a54c000-7f369a5cc000 r-xp 00000000 08:03 1836670                    /lib/x86_64-linux-gnu/libsystemd.so.0.14.0
7f369a5cc000-7f369a5cf000 r--p 0007f000 08:03 1836670                    /lib/x86_64-linux-gnu/libsystemd.so.0.14.0
7f369a5cf000-7f369a5d0000 rw-p 00082000 08:03 1836670                    /lib/x86_64-linux-gnu/libsystemd.so.0.14.0
7f369a5d0000-7f369a5d1000 rw-p 00000000 00:00 0 
7f369a5d1000-7f369a61b000 r-xp 00000000 08:03 1839804                    /lib/x86_64-linux-gnu/libdbus-1.so.3.14.6
7f369a61b000-7f369a81b000 ---p 0004a000 08:03 1839804                    /lib/x86_64-linux-gnu/libdbus-1.so.3.14.6
7f369a81b000-7f369a81c000 r--p 0004a000 08:03 1839804                    /lib/x86_64-linux-gnu/libdbus-1.so.3.14.6
7f369a81c000-7f369a81d000 rw-p 0004b000 08:03 1839804                    /lib/x86_64-linux-gnu/libdbus-1.so.3.14.6
7f369a81d000-7f369a849000 r-xp 00000000 08:03 402862                     /usr/lib/x86_64-linux-gnu/libatspi.so.0.0.1
7f369a849000-7f369aa48000 ---p 0002c000 08:03 402862                     /usr/lib/x86_64-linux-gnu/libatspi.so.0.0.1
7f369aa48000-7f369aa4b000 r--p 0002b000 08:03 402862                     /usr/lib/x86_64-linux-gnu/libatspi.so.0.0.1
7f369aa4b000-7f369aa4c000 rw-p 0002e000 08:03 402862                     /usr/lib/x86_64-linux-gnu/libatspi.so.0.0.1
7f369aa4c000-7f369aa79000 r-xp 00000000 08:03 402856                     /usr/lib/x86_64-linux-gnu/libatk-bridge-2.0.so.0.0.0
7f369aa79000-7f369ac78000 ---p 0002d000 08:03 402856                     /usr/lib/x86_64-linux-gnu/libatk-bridge-2.0.so.0.0.0
7f369ac78000-7f369ac79000 r--p 0002c000 08:03 402856                     /usr/lib/x86_64-linux-gnu/libatk-bridge-2.0.so.0.0.0
7f369ac79000-7f369ac7b000 rw-p 0002d000 08:03 402856                     /usr/lib/x86_64-linux-gnu/libatk-bridge-2.0.so.0.0.0
7f369ac7b000-7f369ac7c000 r-xp 00000000 08:03 657533                     /usr/lib/x86_64-linux-gnu/gtk-2.0/modules/libatk-bridge.so
7f369ac7c000-7f369ae7b000 ---p 00001000 08:03 657533                     /usr/lib/x86_64-linux-gnu/gtk-2.0/modules/libatk-bridge.so
7f369ae7b000-7f369ae7c000 r--p 00000000 08:03 657533                     /usr/lib/x86_64-linux-gnu/gtk-2.0/modules/libatk-bridge.so
7f369ae7c000-7f369ae7d000 rw-p 00001000 08:03 657533                     /usr/lib/x86_64-linux-gnu/gtk-2.0/modules/libatk-bridge.so
7f369ae7d000-7f369ae84000 r-xp 00000000 08:03 403191                     /usr/lib/x86_64-linux-gnu/libgailutil.so.18.0.1
7f369ae84000-7f369b083000 ---p 00007000 08:03 403191                     /usr/lib/x86_64-linux-gnu/libgailutil.so.18.0.1
7f369b083000-7f369b084000 r--p 00006000 08:03 403191                     /usr/lib/x86_64-linux-gnu/libgailutil.so.18.0.1
7f369b084000-7f369b085000 rw-p 00007000 08:03 403191                     /usr/lib/x86_64-linux-gnu/libgailutil.so.18.0.1
7f369b085000-7f369b08a000 r--s 00000000 08:03 664018                     /var/cache/fontconfig/8801497958630a81b71ace7c5f9b32a8-le64.cache-6
7f369b08a000-7f369b095000 r--s 00000000 08:03 663991                     /var/cache/fontconfig/83bf95040141907cd45bb53cf7c1c148-le64.cache-6
7f369b095000-7f369b0a7000 r--s 00000000 08:03 663987                     /var/cache/fontconfig/9b89f8e3dae116d678bbf48e5f21f69b-le64.cache-6
7f369b0a7000-7f369b0f5000 r-xp 00000000 08:03 657536                     /usr/lib/x86_64-linux-gnu/gtk-2.0/modules/libgail.so
7f369b0f5000-7f369b2f4000 ---p 0004e000 08:03 657536                     /usr/lib/x86_64-linux-gnu/gtk-2.0/modules/libgail.so
7f369b2f4000-7f369b2f5000 r--p 0004d000 08:03 657536                     /usr/lib/x86_64-linux-gnu/gtk-2.0/modules/libgail.so
7f369b2f5000-7f369b2f7000 rw-p 0004e000 08:03 657536                     /usr/lib/x86_64-linux-gnu/gtk-2.0/modules/libgail.so
7f369b2f7000-7f369b308000 r-xp 00000000 08:03 657537                     /usr/lib/x86_64-linux-gnu/gtk-2.0/modules/liboverlay-scrollbar.so
7f369b308000-7f369b508000 ---p 00011000 08:03 657537                     /usr/lib/x86_64-linux-gnu/gtk-2.0/modules/liboverlay-scrollbar.so
7f369b508000-7f369b509000 r--p 00011000 08:03 657537                     /usr/lib/x86_64-linux-gnu/gtk-2.0/modules/liboverlay-scrollbar.so
7f369b509000-7f369b50a000 rw-p 00012000 08:03 657537                     /usr/lib/x86_64-linux-gnu/gtk-2.0/modules/liboverlay-scrollbar.so
7f369b50a000-7f369b533000 r-xp 00000000 08:03 2493738                    /usr/lib/jvm/java-8-oracle/jre/lib/amd64/libglass.so
7f369b533000-7f369b732000 ---p 00029000 08:03 2493738                    /usr/lib/jvm/java-8-oracle/jre/lib/amd64/libglass.so
7f369b732000-7f369b735000 rw-p 00028000 08:03 2493738                    /usr/lib/jvm/java-8-oracle/jre/lib/amd64/libglass.so
7f369b735000-7f369b7b5000 rw-s 92a43000 00:06 517                        /dev/nvidiactl
7f369b7b5000-7f369b835000 rw-s 344b5000 00:06 517                        /dev/nvidiactl
7f369b835000-7f369b8b5000 rw-s 90ff9000 00:06 517                        /dev/nvidiactl
7f369b8b5000-7f369b9b5000 rw-s 33ba0000 00:06 517                        /dev/nvidiactl
7f369b9b5000-7f369b9d5000 rw-s a00a0000 00:06 553                        /dev/nvidia0
7f369b9d5000-7f369ba15000 rw-s 15747b000 00:06 517                       /dev/nvidiactl
7f369ba15000-7f369ba35000 rw-s 157dd4000 00:06 517                       /dev/nvidiactl
7f369ba35000-7f369cdce000 r-xp 00000000 08:03 397054                     /usr/lib/nvidia-367/libnvidia-glcore.so.367.57
7f369cdce000-7f369cdee000 rwxp 01399000 08:03 397054                     /usr/lib/nvidia-367/libnvidia-glcore.so.367.57
7f369cdee000-7f369d18f000 r-xp 013b9000 08:03 397054                     /usr/lib/nvidia-367/libnvidia-glcore.so.367.57
7f369d18f000-7f369d38e000 ---p 0175a000 08:03 397054                     /usr/lib/nvidia-367/libnvidia-glcore.so.367.57
7f369d38e000-7f369d756000 rw-p 01759000 08:03 397054                     /usr/lib/nvidia-367/libnvidia-glcore.so.367.57
7f369d756000-7f369d76e000 rw-p 00000000 00:00 0 
7f369d76e000-7f369d771000 r-xp 00000000 08:03 397058                     /usr/lib/nvidia-367/tls/libnvidia-tls.so.367.57
7f369d771000-7f369d971000 ---p 00003000 08:03 397058                     /usr/lib/nvidia-367/tls/libnvidia-tls.so.367.57
7f369d971000-7f369d972000 rw-p 00003000 08:03 397058                     /usr/lib/nvidia-367/tls/libnvidia-tls.so.367.57
7f369d972000-7f369da3a000 r-xp 00000000 08:03 397034                     /usr/lib/nvidia-367/libGLX_nvidia.so.367.57
7f369da3a000-7f369da6e000 rwxp 000c8000 08:03 397034                     /usr/lib/nvidia-367/libGLX_nvidia.so.367.57
7f369da6e000-7f369da81000 r-xp 000fc000 08:03 397034                     /usr/lib/nvidia-367/libGLX_nvidia.so.367.57
7f369da81000-7f369dc81000 ---p 0010f000 08:03 397034                     /usr/lib/nvidia-367/libGLX_nvidia.so.367.57
7f369dc81000-7f369dca9000 rw-p 0010f000 08:03 397034                     /usr/lib/nvidia-367/libGLX_nvidia.so.367.57
7f369dca9000-7f369dcb0000 rw-p 00000000 00:00 0 
7f369dcb0000-7f369dcb6000 r-xp 00000000 08:03 403003                     /usr/lib/x86_64-linux-gnu/libdatrie.so.1.3.3
7f369dcb6000-7f369deb6000 ---p 00006000 08:03 403003                     /usr/lib/x86_64-linux-gnu/libdatrie.so.1.3.3
7f369deb6000-7f369deb7000 r--p 00006000 08:03 403003                     /usr/lib/x86_64-linux-gnu/libdatrie.so.1.3.3
7f369deb7000-7f369deb8000 rw-p 00007000 08:03 403003                     /usr/lib/x86_64-linux-gnu/libdatrie.so.1.3.3
7f369deb8000-7f369debd000 r-xp 00000000 08:03 402761                     /usr/lib/x86_64-linux-gnu/libXdmcp.so.6.0.0
7f369debd000-7f369e0bc000 ---p 00005000 08:03 402761                     /usr/lib/x86_64-linux-gnu/libXdmcp.so.6.0.0
7f369e0bc000-7f369e0bd000 r--p 00004000 08:03 402761                     /usr/lib/x86_64-linux-gnu/libXdmcp.so.6.0.0
7f369e0bd000-7f369e0be000 rw-p 00005000 08:03 402761                     /usr/lib/x86_64-linux-gnu/libXdmcp.so.6.0.0
7f369e0be000-7f369e0c0000 r-xp 00000000 08:03 402750                     /usr/lib/x86_64-linux-gnu/libXau.so.6.0.0
7f369e0c0000-7f369e2c0000 ---p 00002000 08:03 402750                     /usr/lib/x86_64-linux-gnu/libXau.so.6.0.0
7f369e2c0000-7f369e2c1000 r--p 00002000 08:03 402750                     /usr/lib/x86_64-linux-gnu/libXau.so.6.0.0
7f369e2c1000-7f369e2c2000 rw-p 00003000 08:03 402750                     /usr/lib/x86_64-linux-gnu/libXau.so.6.0.0
7f369e2c2000-7f369e2e5000 r-xp 00000000 08:03 403307                     /usr/lib/x86_64-linux-gnu/libgraphite2.so.3.0.1
7f369e2e5000-7f369e4e4000 ---p 00023000 08:03 403307                     /usr/lib/x86_64-linux-gnu/libgraphite2.so.3.0.1
7f369e4e4000-7f369e4e6000 r--p 00022000 08:03 403307                     /usr/lib/x86_64-linux-gnu/libgraphite2.so.3.0.1
7f369e4e6000-7f369e4e7000 rw-p 00024000 08:03 403307                     /usr/lib/x86_64-linux-gnu/libgraphite2.so.3.0.1
7f369e4e7000-7f369e535000 r-xp 00000000 08:03 397050                     /usr/lib/nvidia-367/libGLdispatch.so.0
7f369e535000-7f369e567000 r-xp 0004e000 08:03 397050                     /usr/lib/nvidia-367/libGLdispatch.so.0
7f369e567000-7f369e5a1000 r-xp 00080000 08:03 397050                     /usr/lib/nvidia-367/libGLdispatch.so.0
7f369e5a1000-7f369e7a1000 ---p 000ba000 08:03 397050                     /usr/lib/nvidia-367/libGLdispatch.so.0
7f369e7a1000-7f369e7b0000 rw-p 000ba000 08:03 397050                     /usr/lib/nvidia-367/libGLdispatch.so.0
7f369e7b0000-7f369e7d0000 rw-p 00000000 00:00 0 
7f369e7d0000-7f369e7e0000 r-xp 00000000 08:03 397067                     /usr/lib/nvidia-367/libGLX.so.0
7f369e7e0000-7f369e9e0000 ---p 00010000 08:03 397067                     /usr/lib/nvidia-367/libGLX.so.0
7f369e9e0000-7f369e9e1000 rw-p 00010000 08:03 397067                     /usr/lib/nvidia-367/libGLX.so.0
7f369e9e1000-7f369ea01000 rw-p 00000000 00:00 0 
7f369ea01000-7f369ea6f000 r-xp 00000000 08:03 1840257                    /lib/x86_64-linux-gnu/libpcre.so.3.13.2
7f369ea6f000-7f369ec6f000 ---p 0006e000 08:03 1840257                    /lib/x86_64-linux-gnu/libpcre.so.3.13.2
7f369ec6f000-7f369ec70000 r--p 0006e000 08:03 1840257                    /lib/x86_64-linux-gnu/libpcre.so.3.13.2
7f369ec70000-7f369ec71000 rw-p 0006f000 08:03 1840257                    /lib/x86_64-linux-gnu/libpcre.so.3.13.2
7f369ec71000-7f369ec78000 r-xp 00000000 08:03 403132                     /usr/lib/x86_64-linux-gnu/libffi.so.6.0.4
7f369ec78000-7f369ee77000 ---p 00007000 08:03 403132                     /usr/lib/x86_64-linux-gnu/libffi.so.6.0.4
7f369ee77000-7f369ee78000 r--p 00006000 08:03 403132                     /usr/lib/x86_64-linux-gnu/libffi.so.6.0.4
7f369ee78000-7f369ee79000 rw-p 00007000 08:03 403132                     /usr/lib/x86_64-linux-gnu/libffi.so.6.0.4
7f369ee79000-7f369ee9f000 r-xp 00000000 08:03 1835072                    /lib/x86_64-linux-gnu/libexpat.so.1.6.0
7f369ee9f000-7f369f09f000 ---p 00026000 08:03 1835072                    /lib/x86_64-linux-gnu/libexpat.so.1.6.0
7f369f09f000-7f369f0a1000 r--p 00026000 08:03 1835072                    /lib/x86_64-linux-gnu/libexpat.so.1.6.0
7f369f0a1000-7f369f0a2000 rw-p 00028000 08:03 1835072                    /lib/x86_64-linux-gnu/libexpat.so.1.6.0
7f369f0a2000-7f369f0aa000 r-xp 00000000 08:03 403906                     /usr/lib/x86_64-linux-gnu/libthai.so.0.2.4
7f369f0aa000-7f369f2a9000 ---p 00008000 08:03 403906                     /usr/lib/x86_64-linux-gnu/libthai.so.0.2.4
7f369f2a9000-7f369f2aa000 r--p 00007000 08:03 403906                     /usr/lib/x86_64-linux-gnu/libthai.so.0.2.4
7f369f2aa000-7f369f2ab000 rw-p 00008000 08:03 403906                     /usr/lib/x86_64-linux-gnu/libthai.so.0.2.4
7f369f2ab000-7f369f2cc000 r-xp 00000000 08:03 404128                     /usr/lib/x86_64-linux-gnu/libxcb.so.1.1.0
7f369f2cc000-7f369f4cb000 ---p 00021000 08:03 404128                     /usr/lib/x86_64-linux-gnu/libxcb.so.1.1.0
7f369f4cb000-7f369f4cc000 r--p 00020000 08:03 404128                     /usr/lib/x86_64-linux-gnu/libxcb.so.1.1.0
7f369f4cc000-7f369f4cd000 rw-p 00021000 08:03 404128                     /usr/lib/x86_64-linux-gnu/libxcb.so.1.1.0
7f369f4cd000-7f369f4d5000 r-xp 00000000 08:03 404114                     /usr/lib/x86_64-linux-gnu/libxcb-render.so.0.0.0
7f369f4d5000-7f369f6d5000 ---p 00008000 08:03 404114                     /usr/lib/x86_64-linux-gnu/libxcb-render.so.0.0.0
7f369f6d5000-7f369f6d6000 r--p 00008000 08:03 404114                     /usr/lib/x86_64-linux-gnu/libxcb-render.so.0.0.0
7f369f6d6000-7f369f6d7000 rw-p 00009000 08:03 404114                     /usr/lib/x86_64-linux-gnu/libxcb-render.so.0.0.0
7f369f6d7000-7f369f6d9000 r-xp 00000000 08:03 404118                     /usr/lib/x86_64-linux-gnu/libxcb-shm.so.0.0.0
7f369f6d9000-7f369f8d9000 ---p 00002000 08:03 404118                     /usr/lib/x86_64-linux-gnu/libxcb-shm.so.0.0.0
7f369f8d9000-7f369f8da000 r--p 00002000 08:03 404118                     /usr/lib/x86_64-linux-gnu/libxcb-shm.so.0.0.0
7f369f8da000-7f369f8db000 rw-p 00003000 08:03 404118                     /usr/lib/x86_64-linux-gnu/libxcb-shm.so.0.0.0
7f369f8db000-7f369f8ff000 r-xp 00000000 08:03 1840269                    /lib/x86_64-linux-gnu/libpng12.so.0.54.0
7f369f8ff000-7f369fafe000 ---p 00024000 08:03 1840269                    /lib/x86_64-linux-gnu/libpng12.so.0.54.0
7f369fafe000-7f369faff000 r--p 00023000 08:03 1840269                    /lib/x86_64-linux-gnu/libpng12.so.0.54.0
7f369faff000-7f369fb00000 rw-p 00024000 08:03 1840269                    /lib/x86_64-linux-gnu/libpng12.so.0.54.0
7f369fb00000-7f369fb9f000 r-xp 00000000 08:03 403711                     /usr/lib/x86_64-linux-gnu/libpixman-1.so.0.33.6
7f369fb9f000-7f369fd9f000 ---p 0009f000 08:03 403711                     /usr/lib/x86_64-linux-gnu/libpixman-1.so.0.33.6
7f369fd9f000-7f369fda7000 r--p 0009f000 08:03 403711                     /usr/lib/x86_64-linux-gnu/libpixman-1.so.0.33.6
7f369fda7000-7f369fda8000 rw-p 000a7000 08:03 403711                     /usr/lib/x86_64-linux-gnu/libpixman-1.so.0.33.6
7f369fda8000-7f369fe04000 r-xp 00000000 08:03 395340                     /usr/lib/x86_64-linux-gnu/libharfbuzz.so.0.10000.1
7f369fe04000-7f36a0004000 ---p 0005c000 08:03 395340                     /usr/lib/x86_64-linux-gnu/libharfbuzz.so.0.10000.1
7f36a0004000-7f36a0005000 r--p 0005c000 08:03 395340                     /usr/lib/x86_64-linux-gnu/libharfbuzz.so.0.10000.1
7f36a0005000-7f36a0006000 rw-p 0005d000 08:03 395340                     /usr/lib/x86_64-linux-gnu/libharfbuzz.so.0.10000.1
7f36a0006000-7f36a001d000 r-xp 00000000 08:03 1848112                    /lib/x86_64-linux-gnu/libresolv-2.23.so
7f36a001d000-7f36a021d000 ---p 00017000 08:03 1848112                    /lib/x86_64-linux-gnu/libresolv-2.23.so
7f36a021d000-7f36a021e000 r--p 00017000 08:03 1848112                    /lib/x86_64-linux-gnu/libresolv-2.23.so
7f36a021e000-7f36a021f000 rw-p 00018000 08:03 1848112                    /lib/x86_64-linux-gnu/libresolv-2.23.so
7f36a021f000-7f36a0221000 rw-p 00000000 00:00 0 
7f36a0221000-7f36a0240000 r-xp 00000000 08:03 1840286                    /lib/x86_64-linux-gnu/libselinux.so.1
7f36a0240000-7f36a043f000 ---p 0001f000 08:03 1840286                    /lib/x86_64-linux-gnu/libselinux.so.1
7f36a043f000-7f36a0440000 r--p 0001e000 08:03 1840286                    /lib/x86_64-linux-gnu/libselinux.so.1
7f36a0440000-7f36a0441000 rw-p 0001f000 08:03 1840286                    /lib/x86_64-linux-gnu/libselinux.so.1
7f36a0441000-7f36a0443000 rw-p 00000000 00:00 0 
7f36a0443000-7f36a045c000 r-xp 00000000 08:03 1840319                    /lib/x86_64-linux-gnu/libz.so.1.2.8
7f36a045c000-7f36a065b000 ---p 00019000 08:03 1840319                    /lib/x86_64-linux-gnu/libz.so.1.2.8
7f36a065b000-7f36a065c000 r--p 00018000 08:03 1840319                    /lib/x86_64-linux-gnu/libz.so.1.2.8
7f36a065c000-7f36a065d000 rw-p 00019000 08:03 1840319                    /lib/x86_64-linux-gnu/libz.so.1.2.8
7f36a065d000-7f36a066e000 r-xp 00000000 08:03 402763                     /usr/lib/x86_64-linux-gnu/libXext.so.6.4.0
7f36a066e000-7f36a086d000 ---p 00011000 08:03 402763                     /usr/lib/x86_64-linux-gnu/libXext.so.6.4.0
7f36a086d000-7f36a086e000 r--p 00010000 08:03 402763                     /usr/lib/x86_64-linux-gnu/libXext.so.6.4.0
7f36a086e000-7f36a086f000 rw-p 00011000 08:03 402763                     /usr/lib/x86_64-linux-gnu/libXext.so.6.4.0
7f36a086f000-7f36a0871000 r-xp 00000000 08:03 402759                     /usr/lib/x86_64-linux-gnu/libXdamage.so.1.1.0
7f36a0871000-7f36a0a70000 ---p 00002000 08:03 402759                     /usr/lib/x86_64-linux-gnu/libXdamage.so.1.1.0
7f36a0a70000-7f36a0a71000 r--p 00001000 08:03 402759                     /usr/lib/x86_64-linux-gnu/libXdamage.so.1.1.0
7f36a0a71000-7f36a0a72000 rw-p 00002000 08:03 402759                     /usr/lib/x86_64-linux-gnu/libXdamage.so.1.1.0
7f36a0a72000-7f36a0a74000 r-xp 00000000 08:03 402755                     /usr/lib/x86_64-linux-gnu/libXcomposite.so.1.0.0
7f36a0a74000-7f36a0c73000 ---p 00002000 08:03 402755                     /usr/lib/x86_64-linux-gnu/libXcomposite.so.1.0.0
7f36a0c73000-7f36a0c74000 r--p 00001000 08:03 402755                     /usr/lib/x86_64-linux-gnu/libXcomposite.so.1.0.0
7f36a0c74000-7f36a0c75000 rw-p 00002000 08:03 402755                     /usr/lib/x86_64-linux-gnu/libXcomposite.so.1.0.0
7f36a0c75000-7f36a0c7e000 r-xp 00000000 08:03 402757                     /usr/lib/x86_64-linux-gnu/libXcursor.so.1.0.2
7f36a0c7e000-7f36a0e7d000 ---p 00009000 08:03 402757                     /usr/lib/x86_64-linux-gnu/libXcursor.so.1.0.2
7f36a0e7d000-7f36a0e7e000 r--p 00008000 08:03 402757                     /usr/lib/x86_64-linux-gnu/libXcursor.so.1.0.2
7f36a0e7e000-7f36a0e7f000 rw-p 00009000 08:03 402757                     /usr/lib/x86_64-linux-gnu/libXcursor.so.1.0.2
7f36a0e7f000-7f36a0e89000 r-xp 00000000 08:03 402781                     /usr/lib/x86_64-linux-gnu/libXrandr.so.2.2.0
7f36a0e89000-7f36a1088000 ---p 0000a000 08:03 402781                     /usr/lib/x86_64-linux-gnu/libXrandr.so.2.2.0
7f36a1088000-7f36a1089000 r--p 00009000 08:03 402781                     /usr/lib/x86_64-linux-gnu/libXrandr.so.2.2.0
7f36a1089000-7f36a108a000 rw-p 0000a000 08:03 402781                     /usr/lib/x86_64-linux-gnu/libXrandr.so.2.2.0
7f36a108a000-7f36a1099000 r-xp 00000000 08:03 402771                     /usr/lib/x86_64-linux-gnu/libXi.so.6.1.0
7f36a1099000-7f36a1298000 ---p 0000f000 08:03 402771                     /usr/lib/x86_64-linux-gnu/libXi.so.6.1.0
7f36a1298000-7f36a1299000 r--p 0000e000 08:03 402771                     /usr/lib/x86_64-linux-gnu/libXi.so.6.1.0
7f36a1299000-7f36a129a000 rw-p 0000f000 08:03 402771                     /usr/lib/x86_64-linux-gnu/libXi.so.6.1.0
7f36a129a000-7f36a129c000 r-xp 00000000 08:03 402773                     /usr/lib/x86_64-linux-gnu/libXinerama.so.1.0.0
7f36a129c000-7f36a149b000 ---p 00002000 08:03 402773                     /usr/lib/x86_64-linux-gnu/libXinerama.so.1.0.0
7f36a149b000-7f36a149c000 r--p 00001000 08:03 402773                     /usr/lib/x86_64-linux-gnu/libXinerama.so.1.0.0
7f36a149c000-7f36a149d000 rw-p 00002000 08:03 402773                     /usr/lib/x86_64-linux-gnu/libXinerama.so.1.0.0
7f36a149d000-7f36a14a6000 r-xp 00000000 08:03 402783                     /usr/lib/x86_64-linux-gnu/libXrender.so.1.3.0
7f36a14a6000-7f36a16a5000 ---p 00009000 08:03 402783                     /usr/lib/x86_64-linux-gnu/libXrender.so.1.3.0
7f36a16a5000-7f36a16a6000 r--p 00008000 08:03 402783                     /usr/lib/x86_64-linux-gnu/libXrender.so.1.3.0
7f36a16a6000-7f36a16a7000 rw-p 00009000 08:03 402783                     /usr/lib/x86_64-linux-gnu/libXrender.so.1.3.0
7f36a16a7000-7f36a16ac000 r-xp 00000000 08:03 402765                     /usr/lib/x86_64-linux-gnu/libXfixes.so.3.1.0
7f36a16ac000-7f36a18ab000 ---p 00005000 08:03 402765                     /usr/lib/x86_64-linux-gnu/libXfixes.so.3.1.0
7f36a18ab000-7f36a18ac000 r--p 00004000 08:03 402765                     /usr/lib/x86_64-linux-gnu/libXfixes.so.3.1.0
7f36a18ac000-7f36a18ad000 rw-p 00005000 08:03 402765                     /usr/lib/x86_64-linux-gnu/libXfixes.so.3.1.0
7f36a18ad000-7f36a18c3000 r-xp 00000000 08:03 1840166                    /lib/x86_64-linux-gnu/libgcc_s.so.1
7f36a18c3000-7f36a1ac2000 ---p 00016000 08:03 1840166                    /lib/x86_64-linux-gnu/libgcc_s.so.1
7f36a1ac2000-7f36a1ac3000 rw-p 00015000 08:03 1840166                    /lib/x86_64-linux-gnu/libgcc_s.so.1
7f36a1ac3000-7f36a1c35000 r-xp 00000000 08:03 393289                     /usr/lib/x86_64-linux-gnu/libstdc++.so.6.0.21
7f36a1c35000-7f36a1e35000 ---p 00172000 08:03 393289                     /usr/lib/x86_64-linux-gnu/libstdc++.so.6.0.21
7f36a1e35000-7f36a1e3f000 r--p 00172000 08:03 393289                     /usr/lib/x86_64-linux-gnu/libstdc++.so.6.0.21
7f36a1e3f000-7f36a1e41000 rw-p 0017c000 08:03 393289                     /usr/lib/x86_64-linux-gnu/libstdc++.so.6.0.21
7f36a1e41000-7f36a1e45000 rw-p 00000000 00:00 0 
7f36a1e45000-7f36a1e76000 r-xp 00000000 08:03 397049                     /usr/lib/nvidia-367/libGL.so.1.0.0
7f36a1e76000-7f36a1ea8000 r-xp 00031000 08:03 397049                     /usr/lib/nvidia-367/libGL.so.1.0.0
7f36a1ea8000-7f36a1ed2000 r-xp 00063000 08:03 397049                     /usr/lib/nvidia-367/libGL.so.1.0.0
7f36a1ed2000-7f36a20d2000 ---p 0008d000 08:03 397049                     /usr/lib/nvidia-367/libGL.so.1.0.0
7f36a20d2000-7f36a20d3000 rw-p 0008d000 08:03 397049                     /usr/lib/nvidia-367/libGL.so.1.0.0
7f36a20d3000-7f36a20d4000 rw-p 00000000 00:00 0 
7f36a20d4000-7f36a20d9000 r-xp 00000000 08:03 402799                     /usr/lib/x86_64-linux-gnu/libXxf86vm.so.1.0.0
7f36a20d9000-7f36a22d8000 ---p 00005000 08:03 402799                     /usr/lib/x86_64-linux-gnu/libXxf86vm.so.1.0.0
7f36a22d8000-7f36a22d9000 r--p 00004000 08:03 402799                     /usr/lib/x86_64-linux-gnu/libXxf86vm.so.1.0.0
7f36a22d9000-7f36a22da000 rw-p 00005000 08:03 402799                     /usr/lib/x86_64-linux-gnu/libXxf86vm.so.1.0.0
7f36a22da000-7f36a240f000 r-xp 00000000 08:03 402746                     /usr/lib/x86_64-linux-gnu/libX11.so.6.3.0
7f36a240f000-7f36a260f000 ---p 00135000 08:03 402746                     /usr/lib/x86_64-linux-gnu/libX11.so.6.3.0
7f36a260f000-7f36a2610000 r--p 00135000 08:03 402746                     /usr/lib/x86_64-linux-gnu/libX11.so.6.3.0
7f36a2610000-7f36a2614000 rw-p 00136000 08:03 402746                     /usr/lib/x86_64-linux-gnu/libX11.so.6.3.0
7f36a2614000-7f36a2619000 r-xp 00000000 08:03 402789                     /usr/lib/x86_64-linux-gnu/libXtst.so.6.1.0
7f36a2619000-7f36a2818000 ---p 00005000 08:03 402789                     /usr/lib/x86_64-linux-gnu/libXtst.so.6.1.0
7f36a2818000-7f36a2819000 r--p 00004000 08:03 402789                     /usr/lib/x86_64-linux-gnu/libXtst.so.6.1.0
7f36a2819000-7f36a281a000 rw-p 00005000 08:03 402789                     /usr/lib/x86_64-linux-gnu/libXtst.so.6.1.0
7f36a281a000-7f36a2929000 r-xp 00000000 08:03 1835067                    /lib/x86_64-linux-gnu/libglib-2.0.so.0.4800.1
7f36a2929000-7f36a2b28000 ---p 0010f000 08:03 1835067                    /lib/x86_64-linux-gnu/libglib-2.0.so.0.4800.1
7f36a2b28000-7f36a2b29000 r--p 0010e000 08:03 1835067                    /lib/x86_64-linux-gnu/libglib-2.0.so.0.4800.1
7f36a2b29000-7f36a2b2a000 rw-p 0010f000 08:03 1835067                    /lib/x86_64-linux-gnu/libglib-2.0.so.0.4800.1
7f36a2b2a000-7f36a2b2b000 rw-p 00000000 00:00 0 
7f36a2b2b000-7f36a2b2c000 r-xp 00000000 08:03 393610                     /usr/lib/x86_64-linux-gnu/libgthread-2.0.so.0.4800.1
7f36a2b2c000-7f36a2d2b000 ---p 00001000 08:03 393610                     /usr/lib/x86_64-linux-gnu/libgthread-2.0.so.0.4800.1
7f36a2d2b000-7f36a2d2c000 r--p 00000000 08:03 393610                     /usr/lib/x86_64-linux-gnu/libgthread-2.0.so.0.4800.1
7f36a2d2c000-7f36a2d2d000 rw-p 00001000 08:03 393610                     /usr/lib/x86_64-linux-gnu/libgthread-2.0.so.0.4800.1
7f36a2d2d000-7f36a2d30000 r-xp 00000000 08:03 393634                     /usr/lib/x86_64-linux-gnu/libgmodule-2.0.so.0.4800.1
7f36a2d30000-7f36a2f2f000 ---p 00003000 08:03 393634                     /usr/lib/x86_64-linux-gnu/libgmodule-2.0.so.0.4800.1
7f36a2f2f000-7f36a2f30000 r--p 00002000 08:03 393634                     /usr/lib/x86_64-linux-gnu/libgmodule-2.0.so.0.4800.1
7f36a2f30000-7f36a2f31000 rw-p 00003000 08:03 393634                     /usr/lib/x86_64-linux-gnu/libgmodule-2.0.so.0.4800.1
7f36a2f31000-7f36a2f83000 r-xp 00000000 08:03 393658                     /usr/lib/x86_64-linux-gnu/libgobject-2.0.so.0.4800.1
7f36a2f83000-7f36a3182000 ---p 00052000 08:03 393658                     /usr/lib/x86_64-linux-gnu/libgobject-2.0.so.0.4800.1
7f36a3182000-7f36a3183000 r--p 00051000 08:03 393658                     /usr/lib/x86_64-linux-gnu/libgobject-2.0.so.0.4800.1
7f36a3183000-7f36a3184000 rw-p 00052000 08:03 393658                     /usr/lib/x86_64-linux-gnu/libgobject-2.0.so.0.4800.1
7f36a3184000-7f36a31c1000 r-xp 00000000 08:03 399237                     /usr/lib/x86_64-linux-gnu/libfontconfig.so.1.9.0
7f36a31c1000-7f36a33c0000 ---p 0003d000 08:03 399237                     /usr/lib/x86_64-linux-gnu/libfontconfig.so.1.9.0
7f36a33c0000-7f36a33c2000 r--p 0003c000 08:03 399237                     /usr/lib/x86_64-linux-gnu/libfontconfig.so.1.9.0
7f36a33c2000-7f36a33c7000 rw-p 0003e000 08:03 399237                     /usr/lib/x86_64-linux-gnu/libfontconfig.so.1.9.0
7f36a33c7000-7f36a346b000 r-xp 00000000 08:03 403180                     /usr/lib/x86_64-linux-gnu/libfreetype.so.6.12.1
7f36a346b000-7f36a366a000 ---p 000a4000 08:03 403180                     /usr/lib/x86_64-linux-gnu/libfreetype.so.6.12.1
7f36a366a000-7f36a3670000 r--p 000a3000 08:03 403180                     /usr/lib/x86_64-linux-gnu/libfreetype.so.6.12.1
7f36a3670000-7f36a3671000 rw-p 000a9000 08:03 403180                     /usr/lib/x86_64-linux-gnu/libfreetype.so.6.12.1
7f36a3671000-7f36a36ba000 r-xp 00000000 08:03 403681                     /usr/lib/x86_64-linux-gnu/libpango-1.0.so.0.3800.1
7f36a36ba000-7f36a38ba000 ---p 00049000 08:03 403681                     /usr/lib/x86_64-linux-gnu/libpango-1.0.so.0.3800.1
7f36a38ba000-7f36a38bc000 r--p 00049000 08:03 403681                     /usr/lib/x86_64-linux-gnu/libpango-1.0.so.0.3800.1
7f36a38bc000-7f36a38bd000 rw-p 0004b000 08:03 403681                     /usr/lib/x86_64-linux-gnu/libpango-1.0.so.0.3800.1
7f36a38bd000-7f36a39cb000 r-xp 00000000 08:03 402910                     /usr/lib/x86_64-linux-gnu/libcairo.so.2.11400.6
7f36a39cb000-7f36a3bcb000 ---p 0010e000 08:03 402910                     /usr/lib/x86_64-linux-gnu/libcairo.so.2.11400.6
7f36a3bcb000-7f36a3bce000 r--p 0010e000 08:03 402910                     /usr/lib/x86_64-linux-gnu/libcairo.so.2.11400.6
7f36a3bce000-7f36a3bcf000 rw-p 00111000 08:03 402910                     /usr/lib/x86_64-linux-gnu/libcairo.so.2.11400.6
7f36a3bcf000-7f36a3bd1000 rw-p 00000000 00:00 0 
7f36a3bd1000-7f36a3bdd000 r-xp 00000000 08:03 403683                     /usr/lib/x86_64-linux-gnu/libpangocairo-1.0.so.0.3800.1
7f36a3bdd000-7f36a3ddc000 ---p 0000c000 08:03 403683                     /usr/lib/x86_64-linux-gnu/libpangocairo-1.0.so.0.3800.1
7f36a3ddc000-7f36a3ddd000 r--p 0000b000 08:03 403683                     /usr/lib/x86_64-linux-gnu/libpangocairo-1.0.so.0.3800.1
7f36a3ddd000-7f36a3dde000 rw-p 0000c000 08:03 403683                     /usr/lib/x86_64-linux-gnu/libpangocairo-1.0.so.0.3800.1
7f36a3dde000-7f36a3dff000 r-xp 00000000 08:03 393495                     /usr/lib/x86_64-linux-gnu/libgdk_pixbuf-2.0.so.0.3200.2
7f36a3dff000-7f36a3ffe000 ---p 00021000 08:03 393495                     /usr/lib/x86_64-linux-gnu/libgdk_pixbuf-2.0.so.0.3200.2
7f36a3ffe000-7f36a3fff000 r--p 00020000 08:03 393495                     /usr/lib/x86_64-linux-gnu/libgdk_pixbuf-2.0.so.0.3200.2
7f36a3fff000-7f36a4000000 rw-p 00021000 08:03 393495                     /usr/lib/x86_64-linux-gnu/libgdk_pixbuf-2.0.so.0.3200.2
7f36a4000000-7f36a42b3000 rw-p 00000000 00:00 0 
7f36a42b3000-7f36a8000000 ---p 00000000 00:00 0 
7f36a8000000-7f36a87fe000 rw-p 00000000 00:00 0 
7f36a87fe000-7f36ac000000 ---p 00000000 00:00 0 
7f36ac000000-7f36ac021000 rw-p 00000000 00:00 0 
7f36ac021000-7f36b0000000 ---p 00000000 00:00 0 
7f36b0000000-7f36b0021000 rw-p 00000000 00:00 0 
7f36b0021000-7f36b4000000 ---p 00000000 00:00 0 
7f36b4000000-7f36b432d000 rw-p 00000000 00:00 0 
7f36b432d000-7f36b8000000 ---p 00000000 00:00 0 
7f36b8000000-7f36b8021000 rw-p 00000000 00:00 0 
7f36b8021000-7f36bc000000 ---p 00000000 00:00 0 
7f36bc000000-7f36bc2f7000 rw-p 00000000 00:00 0 
7f36bc2f7000-7f36c0000000 ---p 00000000 00:00 0 
7f36c0000000-7f36c0197000 rw-p 00000000 00:00 0 
7f36c0197000-7f36c4000000 ---p 00000000 00:00 0 
7f36c4000000-7f36c4021000 rw-p 00000000 00:00 0 
7f36c4021000-7f36c8000000 ---p 00000000 00:00 0 
7f36c8000000-7f36c8021000 rw-p 00000000 00:00 0 
7f36c8021000-7f36cc000000 ---p 00000000 00:00 0 
7f36cc000000-7f36cc021000 rw-p 00000000 00:00 0 
7f36cc021000-7f36d0000000 ---p 00000000 00:00 0 
7f36d0000000-7f36d0021000 rw-p 00000000 00:00 0 
7f36d0021000-7f36d4000000 ---p 00000000 00:00 0 
7f36d4000000-7f36d4021000 rw-p 00000000 00:00 0 
7f36d4021000-7f36d8000000 ---p 00000000 00:00 0 
7f36d8000000-7f36d8021000 rw-p 00000000 00:00 0 
7f36d8021000-7f36dc000000 ---p 00000000 00:00 0 
7f36dc000000-7f36dc021000 rw-p 00000000 00:00 0 
7f36dc021000-7f36e0000000 ---p 00000000 00:00 0 
7f36e0000000-7f36e0001000 r--s 00000000 08:03 664033                     /var/cache/fontconfig/1ac9eb803944fde146138c791f5cc56a-le64.cache-6
7f36e0001000-7f36e0002000 r--s 00000000 08:03 664030                     /var/cache/fontconfig/dc05db6664285cc2f12bf69c139ae4c3-le64.cache-6
7f36e0002000-7f36e0003000 r--s 00000000 08:03 664027                     /var/cache/fontconfig/4794a0821666d79190d59a36cb4f44b5-le64.cache-6
7f36e0003000-7f36e0004000 r--s 00000000 08:03 664017                     /var/cache/fontconfig/bab58bb527bb656aaa9f116d68a48d89-le64.cache-6
7f36e0004000-7f36e000a000 r--s 00000000 08:03 664011                     /var/cache/fontconfig/b47c4e1ecd0709278f4910c18777a504-le64.cache-6
7f36e000a000-7f36e0017000 r--s 00000000 08:03 656609                     /var/cache/fontconfig/e13b20fdb08344e0e664864cc2ede53d-le64.cache-6
7f36e0017000-7f36e0057000 rw-s 1578d2000 00:06 517                       /dev/nvidiactl
7f36e0057000-7f36e0077000 rw-s 144eb4000 00:06 517                       /dev/nvidiactl
7f36e0077000-7f36e00b7000 rw-s 157105000 00:06 517                       /dev/nvidiactl
7f36e00b7000-7f36e01bb000 rw-s 159b9b000 00:06 517                       /dev/nvidiactl
7f36e01bb000-7f36e01cf000 r-xp 00000000 08:03 403685                     /usr/lib/x86_64-linux-gnu/libpangoft2-1.0.so.0.3800.1
7f36e01cf000-7f36e03cf000 ---p 00014000 08:03 403685                     /usr/lib/x86_64-linux-gnu/libpangoft2-1.0.so.0.3800.1
7f36e03cf000-7f36e03d0000 r--p 00014000 08:03 403685                     /usr/lib/x86_64-linux-gnu/libpangoft2-1.0.so.0.3800.1
7f36e03d0000-7f36e03d1000 rw-p 00015000 08:03 403685                     /usr/lib/x86_64-linux-gnu/libpangoft2-1.0.so.0.3800.1
7f36e03d1000-7f36e0551000 r-xp 00000000 08:03 393655                     /usr/lib/x86_64-linux-gnu/libgio-2.0.so.0.4800.1
7f36e0551000-7f36e0751000 ---p 00180000 08:03 393655                     /usr/lib/x86_64-linux-gnu/libgio-2.0.so.0.4800.1
7f36e0751000-7f36e0755000 r--p 00180000 08:03 393655                     /usr/lib/x86_64-linux-gnu/libgio-2.0.so.0.4800.1
7f36e0755000-7f36e0757000 rw-p 00184000 08:03 393655                     /usr/lib/x86_64-linux-gnu/libgio-2.0.so.0.4800.1
7f36e0757000-7f36e0759000 rw-p 00000000 00:00 0 
7f36e0759000-7f36e077b000 r-xp 00000000 08:03 402854                     /usr/lib/x86_64-linux-gnu/libatk-1.0.so.0.21809.1
7f36e077b000-7f36e097a000 ---p 00022000 08:03 402854                     /usr/lib/x86_64-linux-gnu/libatk-1.0.so.0.21809.1
7f36e097a000-7f36e097d000 r--p 00021000 08:03 402854                     /usr/lib/x86_64-linux-gnu/libatk-1.0.so.0.21809.1
7f36e097d000-7f36e097e000 rw-p 00024000 08:03 402854                     /usr/lib/x86_64-linux-gnu/libatk-1.0.so.0.21809.1
7f36e097e000-7f36e0a2e000 r-xp 00000000 08:03 403219                     /usr/lib/x86_64-linux-gnu/libgdk-x11-2.0.so.0.2400.30
7f36e0a2e000-7f36e0c2d000 ---p 000b0000 08:03 403219                     /usr/lib/x86_64-linux-gnu/libgdk-x11-2.0.so.0.2400.30
7f36e0c2d000-7f36e0c31000 r--p 000af000 08:03 403219                     /usr/lib/x86_64-linux-gnu/libgdk-x11-2.0.so.0.2400.30
7f36e0c31000-7f36e0c33000 rw-p 000b3000 08:03 403219                     /usr/lib/x86_64-linux-gnu/libgdk-x11-2.0.so.0.2400.30
7f36e0c33000-7f36e1071000 r-xp 00000000 08:03 403364                     /usr/lib/x86_64-linux-gnu/libgtk-x11-2.0.so.0.2400.30
7f36e1071000-7f36e1270000 ---p 0043e000 08:03 403364                     /usr/lib/x86_64-linux-gnu/libgtk-x11-2.0.so.0.2400.30
7f36e1270000-7f36e1277000 r--p 0043d000 08:03 403364                     /usr/lib/x86_64-linux-gnu/libgtk-x11-2.0.so.0.2400.30
7f36e1277000-7f36e127b000 rw-p 00444000 08:03 403364                     /usr/lib/x86_64-linux-gnu/libgtk-x11-2.0.so.0.2400.30
7f36e127b000-7f36e127e000 rw-p 00000000 00:00 0 
7f36e127e000-7f36e128a000 r-xp 00000000 08:03 2493705                    /usr/lib/jvm/java-8-oracle/jre/lib/amd64/libprism_es2.so
7f36e128a000-7f36e1489000 ---p 0000c000 08:03 2493705                    /usr/lib/jvm/java-8-oracle/jre/lib/amd64/libprism_es2.so
7f36e1489000-7f36e148a000 rw-p 0000b000 08:03 2493705                    /usr/lib/jvm/java-8-oracle/jre/lib/amd64/libprism_es2.so
7f36e148a000-7f36e148d000 ---p 00000000 00:00 0 
7f36e148d000-7f36e158b000 rw-p 00000000 00:00 0 
7f36e158b000-7f36e158e000 ---p 00000000 00:00 0 
7f36e158e000-7f36e198d000 rw-p 00000000 00:00 0 
7f36e198d000-7f36e19a3000 r-xp 00000000 08:03 2493693                    /usr/lib/jvm/java-8-oracle/jre/lib/amd64/libnet.so
7f36e19a3000-7f36e1ba3000 ---p 00016000 08:03 2493693                    /usr/lib/jvm/java-8-oracle/jre/lib/amd64/libnet.so
7f36e1ba3000-7f36e1ba4000 rw-p 00016000 08:03 2493693                    /usr/lib/jvm/java-8-oracle/jre/lib/amd64/libnet.so
7f36e1ba4000-7f36e1c3a000 r--s 01103000 08:03 2493769                    /usr/lib/jvm/java-8-oracle/jre/lib/ext/jfxrt.jar
7f36e1c3a000-7f36e1c3d000 ---p 00000000 00:00 0 
7f36e1c3d000-7f36e1d3b000 rw-p 00000000 00:00 0 
7f36e1d3b000-7f36e1d3c000 r-xp 00000000 08:03 2502255                    /opt/intellij-idea-community/bin/libbreakgen64.so
7f36e1d3c000-7f36e1f3b000 ---p 00001000 08:03 2502255                    /opt/intellij-idea-community/bin/libbreakgen64.so
7f36e1f3b000-7f36e1f3c000 r--p 00000000 08:03 2502255                    /opt/intellij-idea-community/bin/libbreakgen64.so
7f36e1f3c000-7f36e1f3d000 rw-p 00001000 08:03 2502255                    /opt/intellij-idea-community/bin/libbreakgen64.so
7f36e1f3d000-7f36e1f3e000 ---p 00000000 00:00 0 
7f36e1f3e000-7f36e203e000 rw-p 00000000 00:00 0 
7f36e203e000-7f36e2041000 ---p 00000000 00:00 0 
7f36e2041000-7f36e213f000 rw-p 00000000 00:00 0 
7f36e213f000-7f36e2142000 ---p 00000000 00:00 0 
7f36e2142000-7f36e4000000 rw-p 00000000 00:00 0 
7f36e4000000-7f36e4021000 rw-p 00000000 00:00 0 
7f36e4021000-7f36e8000000 ---p 00000000 00:00 0 
7f36e8000000-7f36e8001000 r--s 00000000 08:03 664014                     /var/cache/fontconfig/56cf4f4769d0f4abc89a4895d7bd3ae1-le64.cache-6
7f36e8001000-7f36e8002000 r--s 00000000 08:03 664012                     /var/cache/fontconfig/b9d506c9ac06c20b433354fa67a72993-le64.cache-6
7f36e8002000-7f36e8003000 r--s 00000000 08:03 664007                     /var/cache/fontconfig/551ecf3b0e8b0bca0f25c0944f561853-le64.cache-6
7f36e8003000-7f36e8007000 r--s 00000000 08:03 664006                     /var/cache/fontconfig/d589a48862398ed80a3d6066f4f56f4c-le64.cache-6
7f36e8007000-7f36e801a000 rw-s 333f4000 00:06 517                        /dev/nvidiactl
7f36e801a000-7f36e801d000 ---p 00000000 00:00 0 
7f36e801d000-7f36e811b000 rw-p 00000000 00:00 0 
7f36e811b000-7f36e811e000 ---p 00000000 00:00 0 
7f36e811e000-7f36e821c000 rw-p 00000000 00:00 0 
7f36e821c000-7f36e821f000 ---p 00000000 00:00 0 
7f36e821f000-7f36e831d000 rw-p 00000000 00:00 0 
7f36e831d000-7f36e85f6000 r--p 00000000 08:03 393281                     /usr/lib/locale/locale-archive
7f36e85f6000-7f36e85f9000 ---p 00000000 00:00 0 
7f36e85f9000-7f36e86f7000 rw-p 00000000 00:00 0 
7f36e86f7000-7f36e86fa000 ---p 00000000 00:00 0 
7f36e86fa000-7f36e87f8000 rw-p 00000000 00:00 0 
7f36e87f8000-7f36e87f9000 ---p 00000000 00:00 0 
7f36e87f9000-7f36e9000000 rw-p 00000000 00:00 0 
7f36e9000000-7f36e9450000 rwxp 00000000 00:00 0 
7f36e9450000-7f36f8000000 ---p 00000000 00:00 0 
7f36f8000000-7f36f81cb000 rw-p 00000000 00:00 0 
7f36f81cb000-7f36fc000000 ---p 00000000 00:00 0 
7f36fc000000-7f36fc001000 r--s 00000000 08:03 664005                     /var/cache/fontconfig/30829fa25452a46451e813d634d7f916-le64.cache-6
7f36fc001000-7f36fc002000 r--s 00000000 08:03 664002                     /var/cache/fontconfig/0c9eb80ebd1c36541ebe2852d3bb0c49-le64.cache-6
7f36fc002000-7f36fc005000 r--s 00000000 08:03 663998                     /var/cache/fontconfig/75114ca45c98e8a441da0ff356701271-le64.cache-6
7f36fc005000-7f36fc009000 r--s 00000000 08:03 663970                     /var/cache/fontconfig/7ef2298fde41cc6eeb7af42e48b7d293-le64.cache-6
7f36fc009000-7f36fc00b000 rw-s 00000000 08:03 262240                     /tmp/.glwRVkct (deleted)
7f36fc00b000-7f36fc010000 r--p 00000000 08:06 1324712                    /home/mostafa/.config/dconf/user
7f36fc010000-7f36fc011000 r--s 00000000 00:27 30                         /run/user/1000/dconf/user
7f36fc011000-7f36fc012000 rw-s 8f6f8000 00:06 517                        /dev/nvidiactl
7f36fc012000-7f36fc016000 rw-s 15743e000 00:06 517                       /dev/nvidiactl
7f36fc016000-7f36fc017000 rw-s aff6b000 00:06 553                        /dev/nvidia0
7f36fc017000-7f36fc018000 rw-s aff6a000 00:06 553                        /dev/nvidia0
7f36fc018000-7f36fc019000 rw-s aff69000 00:06 553                        /dev/nvidia0
7f36fc039000-7f36fc03a000 rw-s 15a16f000 00:06 517                       /dev/nvidiactl
7f36fc03a000-7f36fc03b000 rw-s d0060000 00:06 553                        /dev/nvidia0
7f36fc03b000-7f36fc03d000 r--s 00019000 08:03 2502175                    /opt/intellij-idea-community/lib/idea_rt.jar
7f36fc03d000-7f36fc050000 r--s 00345000 08:03 2493917                    /usr/lib/jvm/java-8-oracle/jre/lib/resources.jar
7f36fc050000-7f36fc062000 r--s 000d6000 08:03 2493916                    /usr/lib/jvm/java-8-oracle/jre/lib/plugin.jar
7f36fc062000-7f36fc066000 r--s 00097000 08:03 2493637                    /usr/lib/jvm/java-8-oracle/jre/lib/jsse.jar
7f36fc066000-7f36fc068000 r--s 00007000 08:03 2493758                    /usr/lib/jvm/java-8-oracle/jre/lib/jfxswt.jar
7f36fc068000-7f36fc06d000 r--s 00084000 08:03 2493792                    /usr/lib/jvm/java-8-oracle/jre/lib/jfr.jar
7f36fc06d000-7f36fc077000 r--s 0006c000 08:03 2493800                    /usr/lib/jvm/java-8-oracle/jre/lib/javaws.jar
7f36fc077000-7f36fc092000 r--s 00208000 08:03 2493801                    /usr/lib/jvm/java-8-oracle/jre/lib/deploy.jar
7f36fc092000-7f36fc93f000 rw-p 00000000 00:00 0 
7f36fc93f000-7f36fcb17000 r--s 03d2a000 08:03 2493685                    /usr/lib/jvm/java-8-oracle/jre/lib/rt.jar
7f36fcb17000-7f36fd569000 rw-p 00000000 00:00 0 
7f36fd569000-7f36fd56a000 ---p 00000000 00:00 0 
7f36fd56a000-7f36fd66a000 rw-p 00000000 00:00 0 
7f36fd66a000-7f36fd66b000 ---p 00000000 00:00 0 
7f36fd66b000-7f36fd76b000 rw-p 00000000 00:00 0 
7f36fd76b000-7f36fd76c000 ---p 00000000 00:00 0 
7f36fd76c000-7f36fd86c000 rw-p 00000000 00:00 0 
7f36fd86c000-7f36fd86d000 ---p 00000000 00:00 0 
7f36fd86d000-7f36fd981000 rw-p 00000000 00:00 0 
7f36fd981000-7f36fdaab000 ---p 00000000 00:00 0 
7f36fdaab000-7f36fdabf000 rw-p 00000000 00:00 0 
7f36fdabf000-7f36fdbe8000 ---p 00000000 00:00 0 
7f36fdbe8000-7f36fdbfa000 rw-p 00000000 00:00 0 
7f36fdbfa000-7f36fdc87000 ---p 00000000 00:00 0 
7f36fdc87000-7f36fdc9a000 rw-p 00000000 00:00 0 
7f36fdc9a000-7f36fe048000 ---p 00000000 00:00 0 
7f36fe048000-7f36fe062000 r-xp 00000000 08:03 2493716                    /usr/lib/jvm/java-8-oracle/jre/lib/amd64/libzip.so
7f36fe062000-7f36fe262000 ---p 0001a000 08:03 2493716                    /usr/lib/jvm/java-8-oracle/jre/lib/amd64/libzip.so
7f36fe262000-7f36fe263000 rw-p 0001a000 08:03 2493716                    /usr/lib/jvm/java-8-oracle/jre/lib/amd64/libzip.so
7f36fe263000-7f36fe26e000 r-xp 00000000 08:03 1848107                    /lib/x86_64-linux-gnu/libnss_files-2.23.so
7f36fe26e000-7f36fe46d000 ---p 0000b000 08:03 1848107                    /lib/x86_64-linux-gnu/libnss_files-2.23.so
7f36fe46d000-7f36fe46e000 r--p 0000a000 08:03 1848107                    /lib/x86_64-linux-gnu/libnss_files-2.23.so
7f36fe46e000-7f36fe46f000 rw-p 0000b000 08:03 1848107                    /lib/x86_64-linux-gnu/libnss_files-2.23.so
7f36fe46f000-7f36fe475000 rw-p 00000000 00:00 0 
7f36fe475000-7f36fe480000 r-xp 00000000 08:03 1848104                    /lib/x86_64-linux-gnu/libnss_nis-2.23.so
7f36fe480000-7f36fe67f000 ---p 0000b000 08:03 1848104                    /lib/x86_64-linux-gnu/libnss_nis-2.23.so
7f36fe67f000-7f36fe680000 r--p 0000a000 08:03 1848104                    /lib/x86_64-linux-gnu/libnss_nis-2.23.so
7f36fe680000-7f36fe681000 rw-p 0000b000 08:03 1848104                    /lib/x86_64-linux-gnu/libnss_nis-2.23.so
7f36fe681000-7f36fe697000 r-xp 00000000 08:03 1848102                    /lib/x86_64-linux-gnu/libnsl-2.23.so
7f36fe697000-7f36fe896000 ---p 00016000 08:03 1848102                    /lib/x86_64-linux-gnu/libnsl-2.23.so
7f36fe896000-7f36fe897000 r--p 00015000 08:03 1848102                    /lib/x86_64-linux-gnu/libnsl-2.23.so
7f36fe897000-7f36fe898000 rw-p 00016000 08:03 1848102                    /lib/x86_64-linux-gnu/libnsl-2.23.so
7f36fe898000-7f36fe89a000 rw-p 00000000 00:00 0 
7f36fe89a000-7f36fe8a2000 r-xp 00000000 08:03 1848100                    /lib/x86_64-linux-gnu/libnss_compat-2.23.so
7f36fe8a2000-7f36feaa1000 ---p 00008000 08:03 1848100                    /lib/x86_64-linux-gnu/libnss_compat-2.23.so
7f36feaa1000-7f36feaa2000 r--p 00007000 08:03 1848100                    /lib/x86_64-linux-gnu/libnss_compat-2.23.so
7f36feaa2000-7f36feaa3000 rw-p 00008000 08:03 1848100                    /lib/x86_64-linux-gnu/libnss_compat-2.23.so
7f36feaa3000-7f36feace000 r-xp 00000000 08:03 2493743                    /usr/lib/jvm/java-8-oracle/jre/lib/amd64/libjava.so
7f36feace000-7f36feccd000 ---p 0002b000 08:03 2493743                    /usr/lib/jvm/java-8-oracle/jre/lib/amd64/libjava.so
7f36feccd000-7f36feccf000 rw-p 0002a000 08:03 2493743                    /usr/lib/jvm/java-8-oracle/jre/lib/amd64/libjava.so
7f36feccf000-7f36fecdc000 r-xp 00000000 08:03 2493694                    /usr/lib/jvm/java-8-oracle/jre/lib/amd64/libverify.so
7f36fecdc000-7f36feedb000 ---p 0000d000 08:03 2493694                    /usr/lib/jvm/java-8-oracle/jre/lib/amd64/libverify.so
7f36feedb000-7f36feedd000 rw-p 0000c000 08:03 2493694                    /usr/lib/jvm/java-8-oracle/jre/lib/amd64/libverify.so
7f36feedd000-7f36feee4000 r-xp 00000000 08:03 1848116                    /lib/x86_64-linux-gnu/librt-2.23.so
7f36feee4000-7f36ff0e3000 ---p 00007000 08:03 1848116                    /lib/x86_64-linux-gnu/librt-2.23.so
7f36ff0e3000-7f36ff0e4000 r--p 00006000 08:03 1848116                    /lib/x86_64-linux-gnu/librt-2.23.so
7f36ff0e4000-7f36ff0e5000 rw-p 00007000 08:03 1848116                    /lib/x86_64-linux-gnu/librt-2.23.so
7f36ff0e5000-7f36ff1ed000 r-xp 00000000 08:03 1848113                    /lib/x86_64-linux-gnu/libm-2.23.so
7f36ff1ed000-7f36ff3ec000 ---p 00108000 08:03 1848113                    /lib/x86_64-linux-gnu/libm-2.23.so
7f36ff3ec000-7f36ff3ed000 r--p 00107000 08:03 1848113                    /lib/x86_64-linux-gnu/libm-2.23.so
7f36ff3ed000-7f36ff3ee000 rw-p 00108000 08:03 1848113                    /lib/x86_64-linux-gnu/libm-2.23.so
7f36ff3ee000-7f37000bb000 r-xp 00000000 08:03 2493747                    /usr/lib/jvm/java-8-oracle/jre/lib/amd64/server/libjvm.so
7f37000bb000-7f37002ba000 ---p 00ccd000 08:03 2493747                    /usr/lib/jvm/java-8-oracle/jre/lib/amd64/server/libjvm.so
7f37002ba000-7f3700393000 rw-p 00ccc000 08:03 2493747                    /usr/lib/jvm/java-8-oracle/jre/lib/amd64/server/libjvm.so
7f3700393000-7f37003de000 rw-p 00000000 00:00 0 
7f37003de000-7f370059d000 r-xp 00000000 08:03 1848121                    /lib/x86_64-linux-gnu/libc-2.23.so
7f370059d000-7f370079d000 ---p 001bf000 08:03 1848121                    /lib/x86_64-linux-gnu/libc-2.23.so
7f370079d000-7f37007a1000 r--p 001bf000 08:03 1848121                    /lib/x86_64-linux-gnu/libc-2.23.so
7f37007a1000-7f37007a3000 rw-p 001c3000 08:03 1848121                    /lib/x86_64-linux-gnu/libc-2.23.so
7f37007a3000-7f37007a7000 rw-p 00000000 00:00 0 
7f37007a7000-7f37007aa000 r-xp 00000000 08:03 1848122                    /lib/x86_64-linux-gnu/libdl-2.23.so
7f37007aa000-7f37009a9000 ---p 00003000 08:03 1848122                    /lib/x86_64-linux-gnu/libdl-2.23.so
7f37009a9000-7f37009aa000 r--p 00002000 08:03 1848122                    /lib/x86_64-linux-gnu/libdl-2.23.so
7f37009aa000-7f37009ab000 rw-p 00003000 08:03 1848122                    /lib/x86_64-linux-gnu/libdl-2.23.so
7f37009ab000-7f37009c0000 r-xp 00000000 08:03 2492804                    /usr/lib/jvm/java-8-oracle/lib/amd64/jli/libjli.so
7f37009c0000-7f3700bc0000 ---p 00015000 08:03 2492804                    /usr/lib/jvm/java-8-oracle/lib/amd64/jli/libjli.so
7f3700bc0000-7f3700bc1000 rw-p 00015000 08:03 2492804                    /usr/lib/jvm/java-8-oracle/lib/amd64/jli/libjli.so
7f3700bc1000-7f3700bd9000 r-xp 00000000 08:03 1848120                    /lib/x86_64-linux-gnu/libpthread-2.23.so
7f3700bd9000-7f3700dd8000 ---p 00018000 08:03 1848120                    /lib/x86_64-linux-gnu/libpthread-2.23.so
7f3700dd8000-7f3700dd9000 r--p 00017000 08:03 1848120                    /lib/x86_64-linux-gnu/libpthread-2.23.so
7f3700dd9000-7f3700dda000 rw-p 00018000 08:03 1848120                    /lib/x86_64-linux-gnu/libpthread-2.23.so
7f3700dda000-7f3700dde000 rw-p 00000000 00:00 0 
7f3700dde000-7f3700e04000 r-xp 00000000 08:03 1848117                    /lib/x86_64-linux-gnu/ld-2.23.so
7f3700e04000-7f3700e05000 r--s 00000000 08:03 2493764                    /usr/lib/jvm/java-8-oracle/jre/lib/management-agent.jar
7f3700e05000-7f3700e08000 r--s 0001a000 08:03 2493947                    /usr/lib/jvm/java-8-oracle/jre/lib/jce.jar
7f3700e08000-7f3700eda000 rw-p 00000000 00:00 0 
7f3700eda000-7f3700edd000 ---p 00000000 00:00 0 
7f3700edd000-7f3700fdf000 rw-p 00000000 00:00 0 
7f3700fdf000-7f3700fe4000 r--s 002f9000 08:03 2493638                    /usr/lib/jvm/java-8-oracle/jre/lib/charsets.jar
7f3700fe4000-7f3700ff7000 rw-p 00000000 00:00 0 
7f3700ff7000-7f3700fff000 rw-s 00000000 08:03 262239                     /tmp/hsperfdata_mostafa/3241
7f3700fff000-7f3701000000 rw-p 00000000 00:00 0 
7f3701000000-7f3701001000 r--p 00000000 00:00 0 
7f3701001000-7f3701003000 rw-p 00000000 00:00 0 
7f3701003000-7f3701004000 r--p 00025000 08:03 1848117                    /lib/x86_64-linux-gnu/ld-2.23.so
7f3701004000-7f3701005000 rw-p 00026000 08:03 1848117                    /lib/x86_64-linux-gnu/ld-2.23.so
7f3701005000-7f3701006000 rw-p 00000000 00:00 0 
7ffef883a000-7ffef885b000 rw-p 00000000 00:00 0                          [stack]
7ffef88f6000-7ffef88f8000 r--p 00000000 00:00 0                          [vvar]
7ffef88f8000-7ffef88fa000 r-xp 00000000 00:00 0                          [vdso]
ffffffffff600000-ffffffffff601000 r-xp 00000000 00:00 0                  [vsyscall]

VM Arguments:
jvm_args: -Didea.launcher.port=7535 -Didea.launcher.bin.path=/opt/intellij-idea-community/bin -Dfile.encoding=UTF-8 
java_command: com.intellij.rt.execution.application.AppMain sample.Main
java_class_path (initial): /usr/lib/jvm/java-8-oracle/jre/lib/charsets.jar:/usr/lib/jvm/java-8-oracle/jre/lib/deploy.jar:/usr/lib/jvm/java-8-oracle/jre/lib/ext/cldrdata.jar:/usr/lib/jvm/java-8-oracle/jre/lib/ext/dnsns.jar:/usr/lib/jvm/java-8-oracle/jre/lib/ext/jaccess.jar:/usr/lib/jvm/java-8-oracle/jre/lib/ext/jfxrt.jar:/usr/lib/jvm/java-8-oracle/jre/lib/ext/localedata.jar:/usr/lib/jvm/java-8-oracle/jre/lib/ext/nashorn.jar:/usr/lib/jvm/java-8-oracle/jre/lib/ext/sunec.jar:/usr/lib/jvm/java-8-oracle/jre/lib/ext/sunjce_provider.jar:/usr/lib/jvm/java-8-oracle/jre/lib/ext/sunpkcs11.jar:/usr/lib/jvm/java-8-oracle/jre/lib/ext/zipfs.jar:/usr/lib/jvm/java-8-oracle/jre/lib/javaws.jar:/usr/lib/jvm/java-8-oracle/jre/lib/jce.jar:/usr/lib/jvm/java-8-oracle/jre/lib/jfr.jar:/usr/lib/jvm/java-8-oracle/jre/lib/jfxswt.jar:/usr/lib/jvm/java-8-oracle/jre/lib/jsse.jar:/usr/lib/jvm/java-8-oracle/jre/lib/management-agent.jar:/usr/lib/jvm/java-8-oracle/jre/lib/plugin.jar:/usr/lib/jvm/java-8-oracle/jre/lib/resources.jar:/usr/lib/jvm/java-8-oracle/jre/lib/rt.jar:/home/mostafa/Desktop/Passing/out/production/Passing:/opt/intellij-idea-community/lib/idea_rt.jar
Launcher Type: SUN_STANDARD

Environment Variables:
JAVA_HOME=/usr/lib/jvm/java-8-oracle
PATH=/usr/local/sbin:/usr/local/bin:/usr/sbin:/usr/bin:/sbin:/bin:/usr/games:/usr/local/games:/snap/bin:/usr/lib/jvm/java-8-oracle/bin:/usr/lib/jvm/java-8-oracle/db/bin:/usr/lib/jvm/java-8-oracle/jre/bin
LD_LIBRARY_PATH=/opt/intellij-idea-community/bin:
SHELL=/bin/bash
DISPLAY=:0

Signal Handlers:
SIGSEGV: [libjvm.so+0xac64b0], sa_mask[0]=11111111011111111101111111111110, sa_flags=SA_RESTART|SA_SIGINFO
SIGBUS: [libjvm.so+0xac64b0], sa_mask[0]=11111111011111111101111111111110, sa_flags=SA_RESTART|SA_SIGINFO
SIGFPE: [libjvm.so+0x91f950], sa_mask[0]=11111111011111111101111111111110, sa_flags=SA_RESTART|SA_SIGINFO
SIGPIPE: SIG_IGN, sa_mask[0]=00000000000010000000000000000000, sa_flags=SA_RESTART
SIGXFSZ: [libjvm.so+0x91f950], sa_mask[0]=11111111011111111101111111111110, sa_flags=SA_RESTART|SA_SIGINFO
SIGILL: [libjvm.so+0x91f950], sa_mask[0]=11111111011111111101111111111110, sa_flags=SA_RESTART|SA_SIGINFO
SIGUSR1: SIG_DFL, sa_mask[0]=00000000000000000000000000000000, sa_flags=none
SIGUSR2: [libjvm.so+0x920f80], sa_mask[0]=00100000000000000000000000000000, sa_flags=SA_RESTART|SA_SIGINFO
SIGHUP: [libjvm.so+0x922380], sa_mask[0]=11111111011111111101111111111110, sa_flags=SA_RESTART|SA_SIGINFO
SIGINT: [libjvm.so+0x922380], sa_mask[0]=11111111011111111101111111111110, sa_flags=SA_RESTART|SA_SIGINFO
SIGTERM: [libjvm.so+0x922380], sa_mask[0]=11111111011111111101111111111110, sa_flags=SA_RESTART|SA_SIGINFO
SIGQUIT: [libjvm.so+0x922380], sa_mask[0]=11111111011111111101111111111110, sa_flags=SA_RESTART|SA_SIGINFO


---------------  S Y S T E M  ---------------

OS:DISTRIB_ID=Ubuntu
DISTRIB_RELEASE=16.04
DISTRIB_CODENAME=xenial
DISTRIB_DESCRIPTION="Ubuntu 16.04.1 LTS"

uname:Linux 4.4.0-47-generic #68-Ubuntu SMP Wed Oct 26 19:39:52 UTC 2016 x86_64
libc:glibc 2.23 NPTL 2.23 
rlimit: STACK 8192k, CORE 0k, NPROC 15037, NOFILE 65536, AS infinity
load average:0.11 0.10 0.37

/proc/meminfo:
MemTotal:        3896084 kB
MemFree:          133984 kB
MemAvailable:    1111532 kB
Buffers:           68416 kB
Cached:          1103284 kB
SwapCached:            0 kB
Active:          2834840 kB
Inactive:         680944 kB
Active(anon):    2247596 kB
Inactive(anon):   119508 kB
Active(file):     587244 kB
Inactive(file):   561436 kB
Unevictable:          32 kB
Mlocked:              32 kB
SwapTotal:       7812092 kB
SwapFree:        7812092 kB
Dirty:               340 kB
Writeback:             0 kB
AnonPages:       2339964 kB
Mapped:           282108 kB
Shmem:             22944 kB
Slab:             106008 kB
SReclaimable:      71064 kB
SUnreclaim:        34944 kB
KernelStack:       10096 kB
PageTables:        35552 kB
NFS_Unstable:          0 kB
Bounce:                0 kB
WritebackTmp:          0 kB
CommitLimit:     9760132 kB
Committed_AS:    5808948 kB
VmallocTotal:   34359738367 kB
VmallocUsed:           0 kB
VmallocChunk:          0 kB
HardwareCorrupted:     0 kB
AnonHugePages:   1249280 kB
CmaTotal:              0 kB
CmaFree:               0 kB
HugePages_Total:       0
HugePages_Free:        0
HugePages_Rsvd:        0
HugePages_Surp:        0
Hugepagesize:       2048 kB
DirectMap4k:      223488 kB
DirectMap2M:     3819520 kB


CPU:total 4 (2 cores per cpu, 2 threads per core) family 6 model 42 stepping 7, cmov, cx8, fxsr, mmx, sse, sse2, sse3, ssse3, sse4.1, sse4.2, popcnt, avx, aes, clmul, ht, tsc, tscinvbit

/proc/cpuinfo:
processor	: 0
vendor_id	: GenuineIntel
cpu family	: 6
model		: 42
model name	: Intel(R) Core(TM) i5-2450M CPU @ 2.50GHz
stepping	: 7
microcode	: 0x1b
cpu MHz		: 2899.707
cache size	: 3072 KB
physical id	: 0
siblings	: 4
core id		: 0
cpu cores	: 2
apicid		: 0
initial apicid	: 0
fpu		: yes
fpu_exception	: yes
cpuid level	: 13
wp		: yes
flags		: fpu vme de pse tsc msr pae mce cx8 apic sep mtrr pge mca cmov pat pse36 clflush dts acpi mmx fxsr sse sse2 ss ht tm pbe syscall nx rdtscp lm constant_tsc arch_perfmon pebs bts rep_good nopl xtopology nonstop_tsc aperfmperf eagerfpu pni pclmulqdq dtes64 monitor ds_cpl vmx est tm2 ssse3 cx16 xtpr pdcm pcid sse4_1 sse4_2 x2apic popcnt tsc_deadline_timer aes xsave avx lahf_lm epb tpr_shadow vnmi flexpriority ept vpid xsaveopt dtherm ida arat pln pts
bugs		:
bogomips	: 4988.58
clflush size	: 64
cache_alignment	: 64
address sizes	: 36 bits physical, 48 bits virtual
power management:

processor	: 1
vendor_id	: GenuineIntel
cpu family	: 6
model		: 42
model name	: Intel(R) Core(TM) i5-2450M CPU @ 2.50GHz
stepping	: 7
microcode	: 0x1b
cpu MHz		: 2833.007
cache size	: 3072 KB
physical id	: 0
siblings	: 4
core id		: 0
cpu cores	: 2
apicid		: 1
initial apicid	: 1
fpu		: yes
fpu_exception	: yes
cpuid level	: 13
wp		: yes
flags		: fpu vme de pse tsc msr pae mce cx8 apic sep mtrr pge mca cmov pat pse36 clflush dts acpi mmx fxsr sse sse2 ss ht tm pbe syscall nx rdtscp lm constant_tsc arch_perfmon pebs bts rep_good nopl xtopology nonstop_tsc aperfmperf eagerfpu pni pclmulqdq dtes64 monitor ds_cpl vmx est tm2 ssse3 cx16 xtpr pdcm pcid sse4_1 sse4_2 x2apic popcnt tsc_deadline_timer aes xsave avx lahf_lm epb tpr_shadow vnmi flexpriority ept vpid xsaveopt dtherm ida arat pln pts
bugs		:
bogomips	: 4988.58
clflush size	: 64
cache_alignment	: 64
address sizes	: 36 bits physical, 48 bits virtual
power management:

processor	: 2
vendor_id	: GenuineIntel
cpu family	: 6
model		: 42
model name	: Intel(R) Core(TM) i5-2450M CPU @ 2.50GHz
stepping	: 7
microcode	: 0x1b
cpu MHz		: 2899.707
cache size	: 3072 KB
physical id	: 0
siblings	: 4
core id		: 1
cpu cores	: 2
apicid		: 2
initial apicid	: 2
fpu		: yes
fpu_exception	: yes
cpuid level	: 13
wp		: yes
flags		: fpu vme de pse tsc msr pae mce cx8 apic sep mtrr pge mca cmov pat pse36 clflush dts acpi mmx fxsr sse sse2 ss ht tm pbe syscall nx rdtscp lm constant_tsc arch_perfmon pebs bts rep_good nopl xtopology nonstop_tsc aperfmperf eagerfpu pni pclmulqdq dtes64 monitor ds_cpl vmx est tm2 ssse3 cx16 xtpr pdcm pcid sse4_1 sse4_2 x2apic popcnt tsc_deadline_timer aes xsave avx lahf_lm epb tpr_shadow vnmi flexpriority ept vpid xsaveopt dtherm ida arat pln pts
bugs		:
bogomips	: 4988.58
clflush size	: 64
cache_alignment	: 64
address sizes	: 36 bits physical, 48 bits virtual
power management:

processor	: 3
vendor_id	: GenuineIntel
cpu family	: 6
model		: 42
model name	: Intel(R) Core(TM) i5-2450M CPU @ 2.50GHz
stepping	: 7
microcode	: 0x1b
cpu MHz		: 2899.707
cache size	: 3072 KB
physical id	: 0
siblings	: 4
core id		: 1
cpu cores	: 2
apicid		: 3
initial apicid	: 3
fpu		: yes
fpu_exception	: yes
cpuid level	: 13
wp		: yes
flags		: fpu vme de pse tsc msr pae mce cx8 apic sep mtrr pge mca cmov pat pse36 clflush dts acpi mmx fxsr sse sse2 ss ht tm pbe syscall nx rdtscp lm constant_tsc arch_perfmon pebs bts rep_good nopl xtopology nonstop_tsc aperfmperf eagerfpu pni pclmulqdq dtes64 monitor ds_cpl vmx est tm2 ssse3 cx16 xtpr pdcm pcid sse4_1 sse4_2 x2apic popcnt tsc_deadline_timer aes xsave avx lahf_lm epb tpr_shadow vnmi flexpriority ept vpid xsaveopt dtherm ida arat pln pts
bugs		:
bogomips	: 4988.58
clflush size	: 64
cache_alignment	: 64
address sizes	: 36 bits physical, 48 bits virtual
power management:



Memory: 4k page, physical 3896084k(133984k free), swap 7812092k(7812092k free)

vm_info: Java HotSpot(TM) 64-Bit Server VM (25.111-b14) for linux-amd64 JRE (1.8.0_111-b14), built on Sep 22 2016 16:14:03 by "java_re" with gcc 4.3.0 20080428 (Red Hat 4.3.0-8)

time: Sat Dec  3 15:02:43 2016
elapsed time: 6 seconds (0d 0h 0m 6s)

