#
# A fatal error has been detected by the Java Runtime Environment:
#
#  SIGSEGV (0xb) at pc=0x00007fef03130d28, pid=7146, tid=0x00007fee9628e700
#
# JRE version: Java(TM) SE Runtime Environment (8.0_111-b14) (build 1.8.0_111-b14)
# Java VM: Java HotSpot(TM) 64-Bit Server VM (25.111-b14 mixed mode linux-amd64 compressed oops)
# Problematic frame:
# V  [libjvm.so+0x6d1d28]  jni_invoke_nonstatic(JNIEnv_*, JavaValue*, _jobject*, JNICallType, _jmethodID*, JNI_ArgumentPusher*, Thread*)+0x38
#
# Failed to write core dump. Core dumps have been disabled. To enable core dumping, try "ulimit -c unlimited" before starting Java again
#
# If you would like to submit a bug report, please visit:
#   http://bugreport.java.com/bugreport/crash.jsp
#

---------------  T H R E A D  ---------------

Current thread (0x00007feefc2d9000):  JavaThread "JavaFX Application Thread" [_thread_in_vm, id=7186, stack(0x00007fee9618e000,0x00007fee9628f000)]

siginfo: si_signo: 11 (SIGSEGV), si_code: 1 (SEGV_MAPERR), si_addr: 0x000000000000006b

Registers:
RAX=0x00007fee9628d4c0, RBX=0x00007fee9628d3d0, RCX=0x0000000000000001, RDX=0x000000000000006b
RSP=0x00007fee9628d220, RBP=0x00007fee9628d3a0, RSI=0x00007fee9628d430, RDI=0x00007feefc2d91f8
R8 =0x00007feefc210c58, R9 =0x00007fee9628d3d0, R10=0x00007fee84000ba0, R11=0x00007feeed392d60
R12=0x00007feefc2d9000, R13=0x00007feefc210c58, R14=0x0000000000000001, R15=0x00007feefc2d91f8
RIP=0x00007fef03130d28, EFLAGS=0x0000000000010202, CSGSFS=0x0000000000000033, ERR=0x0000000000000004
  TRAPNO=0x000000000000000e

Top of Stack: (sp=0x00007fee9628d220)
0x00007fee9628d220:   00007fee9628d920 00007fee9628d540
0x00007fee9628d230:   00007fee9628d280 00007fee9628d300
0x00007fee9628d240:   00007fee9628d3d0 00007fee9628d430
0x00007fee9628d250:   00007feefc2d91f8 00007fef03150830
0x00007fee9628d260:   00007feeb404d240 00007feeb404d250
0x00007fee9628d270:   00007feeb404d628 00000000000003d8
0x00007fee9628d280:   0000000000000000 00000000ec721e38
0x00007fee9628d290:   00007fee0000006f 00007fee0000000a
0x00007fee9628d2a0:   00000000ed0b3ae8 0000000000000000
0x00007fee9628d2b0:   0000000000000000 0000000000000000
0x00007fee9628d2c0:   00007feeeaf2f678 0000000100000100
0x00007fee9628d2d0:   0000000000000000 00007fee9628d288
0x00007fee9628d2e0:   00007fee9628d2c9 0000000800000005
0x00007fee9628d2f0:   0000000000000000 00007feefc2d8400
0x00007fee9628d300:   00007fef039bdaf0 00007fef044ce6d0
0x00007fee9628d310:   00000000fc2d88a0 00007feefc2d9000
0x00007fee9628d320:   0000000000000000 00007fef031310fb
0x00007fee9628d330:   00007feeeaf3abb8 00007feefc2d9000
0x00007fee9628d340:   00007feeeaf3abb8 00007feefc2d9000
0x00007fee9628d350:   00007fee9628d4e0 00007feeeaf3abb8
0x00007fee9628d360:   00007feeeaf3abb8 00007feeeaf3abb8
0x00007fee9628d370:   00007feeb404d240 00007fee9628d3d0
0x00007fee9628d380:   00007feefc2d9000 00007fee9628d410
0x00007fee9628d390:   00007feefc210c58 00007feefc2d91f8
0x00007fee9628d3a0:   00007fee9628d490 00007fef031354cf
0x00007fee9628d3b0:   00007feefc2d9000 00007feea3dde054
0x00007fee9628d3c0:   00007fee9628d4a8 000000000000006b
0x00007fee9628d3d0:   00007fef039be750 00007fef044ce6d0
0x00007fee9628d3e0:   000000009628d450 9f77e78700000063
0x00007fee9628d3f0:   0000000000000000 0000003000000018
0x00007fee9628d400:   00007fee9628d580 00007fee9628d4c0
0x00007fee9628d410:   00007feefc2d9000 0000000000000000 

Instructions: (pc=0x00007fef03130d28)
0x00007fef03130d08:   00 00 48 85 d2 48 89 bd b0 fe ff ff 48 89 b5 a8
0x00007fef03130d18:   fe ff ff 4c 89 8d a0 fe ff ff 0f 84 78 09 00 00
0x00007fef03130d28:   4c 8b 22 4d 85 e4 0f 84 6c 09 00 00 48 8b 45 10
0x00007fef03130d38:   48 8b 98 38 01 00 00 48 83 7b 18 f7 0f 87 16 07 

Register to memory mapping:

RAX=0x00007fee9628d4c0 is pointing into the stack for thread: 0x00007feefc2d9000
RBX=0x00007fee9628d3d0 is pointing into the stack for thread: 0x00007feefc2d9000
RCX=0x0000000000000001 is an unknown value
RDX=0x000000000000006b is an unknown value
RSP=0x00007fee9628d220 is pointing into the stack for thread: 0x00007feefc2d9000
RBP=0x00007fee9628d3a0 is pointing into the stack for thread: 0x00007feefc2d9000
RSI=0x00007fee9628d430 is pointing into the stack for thread: 0x00007feefc2d9000
RDI=0x00007feefc2d91f8 is an unknown value
R8 =0x00007feefc210c58 is an unknown value
R9 =0x00007fee9628d3d0 is pointing into the stack for thread: 0x00007feefc2d9000
R10=0x00007fee84000ba0 is an unknown value
R11=0x00007feeed392d60 is at entry_point+32 in (nmethod*)0x00007feeed392bd0
R12=0x00007feefc2d9000 is a thread
R13=0x00007feefc210c58 is an unknown value
R14=0x0000000000000001 is an unknown value
R15=0x00007feefc2d91f8 is an unknown value


Stack: [0x00007fee9618e000,0x00007fee9628f000],  sp=0x00007fee9628d220,  free space=1020k
Native frames: (J=compiled Java code, j=interpreted, Vv=VM code, C=native code)
V  [libjvm.so+0x6d1d28]  jni_invoke_nonstatic(JNIEnv_*, JavaValue*, _jobject*, JNICallType, _jmethodID*, JNI_ArgumentPusher*, Thread*)+0x38
V  [libjvm.so+0x6d64cf]  jni_CallVoidMethodV+0x10f
C  [libglass.so+0x18641]  JNIEnv_::CallVoidMethod(_jobject*, _jmethodID*, ...)+0x81
C  [libglass.so+0x14f0f]  WindowContextBase::process_key(_GdkEventKey*)+0x20f
C  [libglass.so+0x19f60]  WindowContextBase::im_filter_keypress(_GdkEventKey*)+0x1c0
C  [libglass.so+0x1a91c]  process_events(_GdkEvent*, void*)+0x22c
C  [libgdk-x11-2.0.so.0+0x5ac4c]

Java frames: (J=compiled Java code, j=interpreted, Vv=VM code)
j  com.sun.glass.ui.gtk.GtkApplication._runLoop(Ljava/lang/Runnable;Z)V+0
j  com.sun.glass.ui.gtk.GtkApplication.lambda$null$49(Ljava/lang/Runnable;Z)V+7
j  com.sun.glass.ui.gtk.GtkApplication$$Lambda$41.run()V+12
j  java.lang.Thread.run()V+11
v  ~StubRoutines::call_stub

---------------  P R O C E S S  ---------------

Java Threads: ( => current thread )
  0x00007fee84246000 JavaThread "Prism Font Disposer" daemon [_thread_blocked, id=7194, stack(0x00007fee94d37000,0x00007fee94e38000)]
  0x00007feefc2dc800 JavaThread "JavaFX-Launcher" [_thread_blocked, id=7187, stack(0x00007fee9608d000,0x00007fee9618e000)]
=>0x00007feefc2d9000 JavaThread "JavaFX Application Thread" [_thread_in_vm, id=7186, stack(0x00007fee9618e000,0x00007fee9628f000)]
  0x00007feefc2d4800 JavaThread "Thread-1" daemon [_thread_blocked, id=7185, stack(0x00007fee9628f000,0x00007fee96390000)]
  0x00007feefc200000 JavaThread "QuantumRenderer-0" daemon [_thread_blocked, id=7181, stack(0x00007feee8b29000,0x00007feee8c2a000)]
  0x00007feefc0ee000 JavaThread "Service Thread" daemon [_thread_blocked, id=7178, stack(0x00007feee8e01000,0x00007feee8f02000)]
  0x00007feefc0d0800 JavaThread "C1 CompilerThread2" daemon [_thread_blocked, id=7177, stack(0x00007feee8f02000,0x00007feee9003000)]
  0x00007feefc0ce800 JavaThread "C2 CompilerThread1" daemon [_thread_blocked, id=7176, stack(0x00007feee9003000,0x00007feee9104000)]
  0x00007feefc0cc000 JavaThread "C2 CompilerThread0" daemon [_thread_blocked, id=7175, stack(0x00007feee9104000,0x00007feee9205000)]
  0x00007feec8001000 JavaThread "JDWP Command Reader" daemon [_thread_blocked, id=7174, stack(0x00007feee9205000,0x00007feee9306000)]
  0x00007feefc0c9800 JavaThread "JDWP Event Helper Thread" daemon [_thread_blocked, id=7173, stack(0x00007feee9306000,0x00007feee9407000)]
  0x00007feefc0c6000 JavaThread "JDWP Transport Listener: dt_socket" daemon [_thread_blocked, id=7171, stack(0x00007feee9407000,0x00007feee9508000)]
  0x00007feefc0b9800 JavaThread "Signal Dispatcher" daemon [_thread_blocked, id=7169, stack(0x00007feee970c000,0x00007feee980d000)]
  0x00007feefc087800 JavaThread "Finalizer" daemon [_thread_blocked, id=7167, stack(0x00007feee980d000,0x00007feee990e000)]
  0x00007feefc083000 JavaThread "Reference Handler" daemon [_thread_blocked, id=7165, stack(0x00007feee990e000,0x00007feee9a0f000)]
  0x00007feefc00d800 JavaThread "main" [_thread_blocked, id=7147, stack(0x00007fef0454b000,0x00007fef0464c000)]

Other Threads:
  0x00007feefc07b800 VMThread [stack: 0x00007feee9a0f000,0x00007feee9b10000] [id=7163]
  0x00007feefc0f1000 WatcherThread [stack: 0x00007feee8d00000,0x00007feee8e01000] [id=7179]

VM state:synchronizing (normal execution)

VM Mutex/Monitor currently owned by a thread:  ([mutex/lock_event])
[0x00007feefc009c80] Threads_lock - owner thread: 0x00007feefc07b800

Heap:
 PSYoungGen      total 17920K, used 2763K [0x00000000ec300000, 0x00000000ed700000, 0x0000000100000000)
  eden space 15360K, 1% used [0x00000000ec300000,0x00000000ec33ae68,0x00000000ed200000)
  from space 2560K, 98% used [0x00000000ed480000,0x00000000ed6f8030,0x00000000ed700000)
  to   space 2560K, 0% used [0x00000000ed200000,0x00000000ed200000,0x00000000ed480000)
 ParOldGen       total 40960K, used 3338K [0x00000000c4800000, 0x00000000c7000000, 0x00000000ec300000)
  object space 40960K, 8% used [0x00000000c4800000,0x00000000c4b42b88,0x00000000c7000000)
 Metaspace       used 15489K, capacity 16116K, committed 16256K, reserved 1062912K
  class space    used 2198K, capacity 2370K, committed 2432K, reserved 1048576K

Card table byte_map: [0x00007fef00a06000,0x00007fef00be3000] byte_map_base: 0x00007fef003e2000

Marking Bits: (ParMarkBitMap*) 0x00007fef03a22220
 Begin Bits: [0x00007feeeb240000, 0x00007feeec120000)
 End Bits:   [0x00007feeec120000, 0x00007feeed000000)

Polling page: 0x00007fef04671000

CodeCache: size=245760Kb used=4053Kb max_used=4055Kb free=241706Kb
 bounds [0x00007feeed000000, 0x00007feeed400000, 0x00007feefc000000]
 total_blobs=1808 nmethods=1206 adapters=523
 compilation: enabled

Compilation events (10 events):
Event: 40.547 Thread 0x00007feefc0d0800 1201       3       java.lang.ref.Finalizer::hasBeenFinalized (14 bytes)
Event: 40.548 Thread 0x00007feefc0d0800 nmethod 1201 0x00007feeed3f59d0 code [0x00007feeed3f5b40, 0x00007feeed3f5cf0]
Event: 40.548 Thread 0x00007feefc0d0800 1202   !   3       java.lang.ref.Finalizer::remove (94 bytes)
Event: 40.548 Thread 0x00007feefc0d0800 nmethod 1202 0x00007feeed3f51d0 code [0x00007feeed3f5360, 0x00007feeed3f5850]
Event: 40.548 Thread 0x00007feefc0d0800 1203       3       java.lang.System$2::invokeFinalize (5 bytes)
Event: 40.549 Thread 0x00007feefc0d0800 nmethod 1203 0x00007feeed3f4d90 code [0x00007feeed3f4f00, 0x00007feeed3f5128]
Event: 40.549 Thread 0x00007feefc0d0800 1204       3       java.lang.ref.Reference::clear (6 bytes)
Event: 40.549 Thread 0x00007feefc0d0800 nmethod 1204 0x00007feeed3f4a50 code [0x00007feeed3f4ba0, 0x00007feeed3f4d10]
Event: 40.549 Thread 0x00007feefc0d0800 1205       3       java.util.zip.ZipFile$ZipFileInputStream::finalize (5 bytes)
Event: 40.549 Thread 0x00007feefc0d0800 nmethod 1205 0x00007feeed3f46d0 code [0x00007feeed3f4840, 0x00007feeed3f49c8]

GC Heap History (4 events):
Event: 1.226 GC heap before
{Heap before GC invocations=1 (full 0):
 PSYoungGen      total 17920K, used 15360K [0x00000000ec300000, 0x00000000ed700000, 0x0000000100000000)
  eden space 15360K, 100% used [0x00000000ec300000,0x00000000ed200000,0x00000000ed200000)
  from space 2560K, 0% used [0x00000000ed480000,0x00000000ed480000,0x00000000ed700000)
  to   space 2560K, 0% used [0x00000000ed200000,0x00000000ed200000,0x00000000ed480000)
 ParOldGen       total 40960K, used 0K [0x00000000c4800000, 0x00000000c7000000, 0x00000000ec300000)
  object space 40960K, 0% used [0x00000000c4800000,0x00000000c4800000,0x00000000c7000000)
 Metaspace       used 9991K, capacity 10374K, committed 10624K, reserved 1058816K
  class space    used 1221K, capacity 1339K, committed 1408K, reserved 1048576K
Event: 1.233 GC heap after
Heap after GC invocations=1 (full 0):
 PSYoungGen      total 17920K, used 2528K [0x00000000ec300000, 0x00000000ed700000, 0x0000000100000000)
  eden space 15360K, 0% used [0x00000000ec300000,0x00000000ec300000,0x00000000ed200000)
  from space 2560K, 98% used [0x00000000ed200000,0x00000000ed478040,0x00000000ed480000)
  to   space 2560K, 0% used [0x00000000ed480000,0x00000000ed480000,0x00000000ed700000)
 ParOldGen       total 40960K, used 320K [0x00000000c4800000, 0x00000000c7000000, 0x00000000ec300000)
  object space 40960K, 0% used [0x00000000c4800000,0x00000000c4850010,0x00000000c7000000)
 Metaspace       used 9991K, capacity 10374K, committed 10624K, reserved 1058816K
  class space    used 1221K, capacity 1339K, committed 1408K, reserved 1048576K
}
Event: 40.537 GC heap before
{Heap before GC invocations=2 (full 0):
 PSYoungGen      total 17920K, used 17888K [0x00000000ec300000, 0x00000000ed700000, 0x0000000100000000)
  eden space 15360K, 100% used [0x00000000ec300000,0x00000000ed200000,0x00000000ed200000)
  from space 2560K, 98% used [0x00000000ed200000,0x00000000ed478040,0x00000000ed480000)
  to   space 2560K, 0% used [0x00000000ed480000,0x00000000ed480000,0x00000000ed700000)
 ParOldGen       total 40960K, used 320K [0x00000000c4800000, 0x00000000c7000000, 0x00000000ec300000)
  object space 40960K, 0% used [0x00000000c4800000,0x00000000c4850010,0x00000000c7000000)
 Metaspace       used 15489K, capacity 16116K, committed 16256K, reserved 1062912K
  class space    used 2198K, capacity 2370K, committed 2432K, reserved 1048576K
Event: 40.545 GC heap after
Heap after GC invocations=2 (full 0):
 PSYoungGen      total 17920K, used 2528K [0x00000000ec300000, 0x00000000ed700000, 0x0000000100000000)
  eden space 15360K, 0% used [0x00000000ec300000,0x00000000ec300000,0x00000000ed200000)
  from space 2560K, 98% used [0x00000000ed480000,0x00000000ed6f8030,0x00000000ed700000)
  to   space 2560K, 0% used [0x00000000ed200000,0x00000000ed200000,0x00000000ed480000)
 ParOldGen       total 40960K, used 3338K [0x00000000c4800000, 0x00000000c7000000, 0x00000000ec300000)
  object space 40960K, 8% used [0x00000000c4800000,0x00000000c4b42b88,0x00000000c7000000)
 Metaspace       used 15489K, capacity 16116K, committed 16256K, reserved 1062912K
  class space    used 2198K, capacity 2370K, committed 2432K, reserved 1048576K
}

Deoptimization events (10 events):
Event: 1.542 Thread 0x00007feefc2d9000 Uncommon trap: reason=class_check action=maybe_recompile pc=0x00007feeed25933c method=java.io.DataInputStream.readShort()S @ 4
Event: 1.542 Thread 0x00007feefc2d9000 Uncommon trap: reason=class_check action=maybe_recompile pc=0x00007feeed25933c method=java.io.DataInputStream.readShort()S @ 4
Event: 1.554 Thread 0x00007feefc2d9000 Uncommon trap: reason=class_check action=maybe_recompile pc=0x00007feeed11ee98 method=java.lang.String.equals(Ljava/lang/Object;)Z @ 8
Event: 1.554 Thread 0x00007feefc2d9000 Uncommon trap: reason=class_check action=maybe_recompile pc=0x00007feeed11ee98 method=java.lang.String.equals(Ljava/lang/Object;)Z @ 8
Event: 1.554 Thread 0x00007feefc2d9000 Uncommon trap: reason=class_check action=maybe_recompile pc=0x00007feeed11ee98 method=java.lang.String.equals(Ljava/lang/Object;)Z @ 8
Event: 1.735 Thread 0x00007feefc2d9000 Uncommon trap: reason=class_check action=maybe_recompile pc=0x00007feeed11ee98 method=java.lang.String.equals(Ljava/lang/Object;)Z @ 8
Event: 1.850 Thread 0x00007feefc2d9000 Uncommon trap: reason=unstable_if action=reinterpret pc=0x00007feeed2c44ec method=sun.net.www.ParseUtil.encodePath(Ljava/lang/String;Z)Ljava/lang/String; @ 109
Event: 1.998 Thread 0x00007feefc2d9000 Uncommon trap: reason=unstable_if action=reinterpret pc=0x00007feeed2d61a8 method=jdk.internal.org.objectweb.asm.Type.getArgumentsAndReturnSizes(Ljava/lang/String;)I @ 47
Event: 3.465 Thread 0x00007feefc200000 Uncommon trap: reason=unstable_if action=reinterpret pc=0x00007feeed3a5740 method=java.lang.StrictMath.floorOrCeil(DDDD)D @ 115
Event: 4.180 Thread 0x00007feefc2d9000 Uncommon trap: reason=unstable_if action=reinterpret pc=0x00007feeed238360 method=java.lang.CharacterData.of(I)Ljava/lang/CharacterData; @ 4

Internal exceptions (10 events):
Event: 0.538 Thread 0x00007feefc00d800 Exception <a 'java/security/PrivilegedActionException'> (0x00000000ec5b6d88) thrown at [/HUDSON3/workspace/8-2-build-linux-amd64/jdk8u111/7883/hotspot/src/share/vm/prims/jvm.cpp, line 1386]
Event: 0.538 Thread 0x00007feefc00d800 Exception <a 'java/security/PrivilegedActionException'> (0x00000000ec5b7010) thrown at [/HUDSON3/workspace/8-2-build-linux-amd64/jdk8u111/7883/hotspot/src/share/vm/prims/jvm.cpp, line 1386]
Event: 0.538 Thread 0x00007feefc00d800 Exception <a 'java/security/PrivilegedActionException'> (0x00000000ec5b9450) thrown at [/HUDSON3/workspace/8-2-build-linux-amd64/jdk8u111/7883/hotspot/src/share/vm/prims/jvm.cpp, line 1386]
Event: 0.538 Thread 0x00007feefc00d800 Exception <a 'java/security/PrivilegedActionException'> (0x00000000ec5b9660) thrown at [/HUDSON3/workspace/8-2-build-linux-amd64/jdk8u111/7883/hotspot/src/share/vm/prims/jvm.cpp, line 1386]
Event: 0.539 Thread 0x00007feefc00d800 Exception <a 'java/lang/NullPointerException'> (0x00000000ec5b9c38) thrown at [/HUDSON3/workspace/8-2-build-linux-amd64/jdk8u111/7883/hotspot/src/share/vm/interpreter/linkResolver.cpp, line 1178]
Event: 1.080 Thread 0x00007feefc2d9000 Exception <a 'java/lang/NullPointerException'> (0x00000000ece689c8) thrown at [/HUDSON3/workspace/8-2-build-linux-amd64/jdk8u111/7883/hotspot/src/share/vm/interpreter/linkResolver.cpp, line 1178]
Event: 1.080 Thread 0x00007feefc2d9000 Exception <a 'java/lang/NullPointerException'> (0x00000000ece689c8) thrown at [/HUDSON3/workspace/8-2-build-linux-amd64/jdk8u111/7883/hotspot/src/share/vm/prims/jvm.cpp, line 1390]
Event: 1.220 Thread 0x00007feefc2d9000 Exception <a 'java/lang/ArrayIndexOutOfBoundsException': 58> (0x00000000ed1f9218) thrown at [/HUDSON3/workspace/8-2-build-linux-amd64/jdk8u111/7883/hotspot/src/share/vm/interpreter/interpreterRuntime.cpp, line 366]
Event: 1.221 Thread 0x00007feefc2d9000 Exception <a 'java/lang/ArrayIndexOutOfBoundsException': 18> (0x00000000ed1fa0b8) thrown at [/HUDSON3/workspace/8-2-build-linux-amd64/jdk8u111/7883/hotspot/src/share/vm/interpreter/interpreterRuntime.cpp, line 366]
Event: 1.222 Thread 0x00007feefc2d9000 Exception <a 'java/lang/ArrayIndexOutOfBoundsException': 86> (0x00000000ed1fb460) thrown at [/HUDSON3/workspace/8-2-build-linux-amd64/jdk8u111/7883/hotspot/src/share/vm/interpreter/interpreterRuntime.cpp, line 366]

Events (10 events):
Event: 40.725 Executing VM operation: GetOrSetLocal
Event: 40.725 Executing VM operation: GetOrSetLocal done
Event: 40.725 Executing VM operation: GetOrSetLocal
Event: 40.725 Executing VM operation: GetOrSetLocal done
Event: 40.740 Executing VM operation: ForceSafepoint
Event: 40.740 Executing VM operation: ForceSafepoint done
Event: 40.751 Executing VM operation: ForceSafepoint
Event: 40.751 Executing VM operation: ForceSafepoint done
Event: 40.760 Executing VM operation: ForceSafepoint
Event: 40.760 Executing VM operation: ForceSafepoint done


Dynamic libraries:
00400000-00401000 r-xp 00000000 08:03 2493609                            /usr/lib/jvm/java-8-oracle/bin/java
00600000-00601000 rw-p 00000000 08:03 2493609                            /usr/lib/jvm/java-8-oracle/bin/java
00ec6000-00ee7000 rw-p 00000000 00:00 0                                  [heap]
402bf000-4035f000 rw-p 00000000 00:00 0 
419c5000-419c7000 r-xs 00000000 08:03 262240                             /tmp/.glnVrmHg (deleted)
c4800000-c7000000 rw-p 00000000 00:00 0 
c7000000-ec300000 ---p 00000000 00:00 0 
ec300000-ed700000 rw-p 00000000 00:00 0 
ed700000-100000000 ---p 00000000 00:00 0 
100000000-100260000 rw-p 00000000 00:00 0 
100260000-140000000 ---p 00000000 00:00 0 
7fee77e00000-7fee78000000 rw-s 90bdb000 00:06 552                        /dev/nvidiactl
7fee78000000-7fee78021000 rw-p 00000000 00:00 0 
7fee78021000-7fee7c000000 ---p 00000000 00:00 0 
7fee7c000000-7fee7c021000 rw-p 00000000 00:00 0 
7fee7c021000-7fee80000000 ---p 00000000 00:00 0 
7fee80000000-7fee80021000 rw-p 00000000 00:00 0 
7fee80021000-7fee84000000 ---p 00000000 00:00 0 
7fee84000000-7fee84552000 rw-p 00000000 00:00 0 
7fee84552000-7fee88000000 ---p 00000000 00:00 0 
7fee88000000-7fee88021000 rw-p 00000000 00:00 0 
7fee88021000-7fee8c000000 ---p 00000000 00:00 0 
7fee8c000000-7fee8c022000 rw-p 00000000 00:00 0 
7fee8c022000-7fee90000000 ---p 00000000 00:00 0 
7fee90000000-7fee90021000 rw-p 00000000 00:00 0 
7fee90021000-7fee94000000 ---p 00000000 00:00 0 
7fee94136000-7fee94937000 rw-p 00000000 00:00 0 
7fee94937000-7fee94b37000 rw-s 3318c000 00:06 552                        /dev/nvidiactl
7fee94b37000-7fee94cb7000 rw-p 00000000 00:00 0 
7fee94cb7000-7fee94d37000 ---p 00000000 00:00 0 
7fee94d37000-7fee94d3a000 ---p 00000000 00:00 0 
7fee94d3a000-7fee94e38000 rw-p 00000000 00:00 0 
7fee94e38000-7fee94ef1000 r--p 00000000 08:03 1312293                    /usr/share/fonts/truetype/dejavu/DejaVuSans.ttf
7fee94ef1000-7fee94f05000 r--p 00000000 08:03 2493785                    /usr/lib/jvm/java-8-oracle/jre/lib/fonts/LucidaBrightItalic.ttf
7fee94f05000-7fee94f5a000 r--p 00000000 08:03 2493784                    /usr/lib/jvm/java-8-oracle/jre/lib/fonts/LucidaBrightRegular.ttf
7fee94f5a000-7fee95005000 r--p 00000000 08:03 2493781                    /usr/lib/jvm/java-8-oracle/jre/lib/fonts/LucidaSansRegular.ttf
7fee95005000-7fee95018000 r--p 00000000 08:03 2493789                    /usr/lib/jvm/java-8-oracle/jre/lib/fonts/LucidaBrightDemiItalic.ttf
7fee95018000-7fee95052000 r--p 00000000 08:03 2493783                    /usr/lib/jvm/java-8-oracle/jre/lib/fonts/LucidaTypewriterBold.ttf
7fee95052000-7fee95065000 r--p 00000000 08:03 2493782                    /usr/lib/jvm/java-8-oracle/jre/lib/fonts/LucidaBrightDemiBold.ttf
7fee95065000-7fee950a1000 r--p 00000000 08:03 2493787                    /usr/lib/jvm/java-8-oracle/jre/lib/fonts/LucidaTypewriterRegular.ttf
7fee950a1000-7fee950ef000 r--p 00000000 08:03 2493788                    /usr/lib/jvm/java-8-oracle/jre/lib/fonts/LucidaSansDemiBold.ttf
7fee950ef000-7fee950f3000 r-xp 00000000 08:03 2493730                    /usr/lib/jvm/java-8-oracle/jre/lib/amd64/libjavafx_font_pango.so
7fee950f3000-7fee952f2000 ---p 00004000 08:03 2493730                    /usr/lib/jvm/java-8-oracle/jre/lib/amd64/libjavafx_font_pango.so
7fee952f2000-7fee952f3000 rw-p 00003000 08:03 2493730                    /usr/lib/jvm/java-8-oracle/jre/lib/amd64/libjavafx_font_pango.so
7fee952f3000-7fee952f8000 r--s 00084000 08:03 2493792                    /usr/lib/jvm/java-8-oracle/jre/lib/jfr.jar
7fee952f8000-7fee954f8000 rw-p 00000000 00:00 0 
7fee954f8000-7fee95503000 r--s 00000000 08:03 664008                     /var/cache/fontconfig/945677eb7aeaf62f1d50efc3fb3ec7d8-le64.cache-6
7fee95503000-7fee95509000 r--s 00000000 08:03 664037                     /var/cache/fontconfig/2cd17615ca594fa2959ae173292e504c-le64.cache-6
7fee95509000-7fee9550a000 r--s 00000000 08:03 664036                     /var/cache/fontconfig/0d8c3b2ac0904cb8a57a757ad11a4a08-le64.cache-6
7fee9550a000-7fee9551f000 r--s 00000000 08:03 664034                     /var/cache/fontconfig/04aabc0a78ac019cf9454389977116d2-le64.cache-6
7fee9551f000-7fee95520000 r--s 00000000 08:03 664033                     /var/cache/fontconfig/1ac9eb803944fde146138c791f5cc56a-le64.cache-6
7fee95520000-7fee95524000 r--s 00000000 08:03 664032                     /var/cache/fontconfig/385c0604a188198f04d133e54aba7fe7-le64.cache-6
7fee95524000-7fee95525000 r--s 00000000 08:03 664030                     /var/cache/fontconfig/dc05db6664285cc2f12bf69c139ae4c3-le64.cache-6
7fee95525000-7fee95528000 r--s 00000000 08:03 664029                     /var/cache/fontconfig/767a8244fc0220cfb567a839d0392e0b-le64.cache-6
7fee95528000-7fee95529000 r--s 00000000 08:03 664027                     /var/cache/fontconfig/4794a0821666d79190d59a36cb4f44b5-le64.cache-6
7fee95529000-7fee9552e000 r--s 00000000 08:03 664018                     /var/cache/fontconfig/8801497958630a81b71ace7c5f9b32a8-le64.cache-6
7fee9552e000-7fee9552f000 r--s 00000000 08:03 664017                     /var/cache/fontconfig/bab58bb527bb656aaa9f116d68a48d89-le64.cache-6
7fee9552f000-7fee95536000 r--s 00000000 08:03 664015                     /var/cache/fontconfig/3047814df9a2f067bd2d96a2b9c36e5a-le64.cache-6
7fee95536000-7fee95537000 r--s 00000000 08:03 664014                     /var/cache/fontconfig/56cf4f4769d0f4abc89a4895d7bd3ae1-le64.cache-6
7fee95537000-7fee9553d000 r--s 00000000 08:03 664011                     /var/cache/fontconfig/b47c4e1ecd0709278f4910c18777a504-le64.cache-6
7fee9553d000-7fee95550000 r--s 00000000 08:03 664009                     /var/cache/fontconfig/d52a8644073d54c13679302ca1180695-le64.cache-6
7fee95550000-7fee9555b000 r--s 00000000 08:03 663991                     /var/cache/fontconfig/83bf95040141907cd45bb53cf7c1c148-le64.cache-6
7fee9555b000-7fee9556d000 r--s 00000000 08:03 663987                     /var/cache/fontconfig/9b89f8e3dae116d678bbf48e5f21f69b-le64.cache-6
7fee9556d000-7fee95572000 r-xp 00000000 08:03 2493726                    /usr/lib/jvm/java-8-oracle/jre/lib/amd64/libjavafx_font_freetype.so
7fee95572000-7fee95771000 ---p 00005000 08:03 2493726                    /usr/lib/jvm/java-8-oracle/jre/lib/amd64/libjavafx_font_freetype.so
7fee95771000-7fee95772000 rw-p 00004000 08:03 2493726                    /usr/lib/jvm/java-8-oracle/jre/lib/amd64/libjavafx_font_freetype.so
7fee95772000-7fee95775000 r-xp 00000000 08:03 2493688                    /usr/lib/jvm/java-8-oracle/jre/lib/amd64/libjavafx_font.so
7fee95775000-7fee95974000 ---p 00003000 08:03 2493688                    /usr/lib/jvm/java-8-oracle/jre/lib/amd64/libjavafx_font.so
7fee95974000-7fee95975000 rw-p 00002000 08:03 2493688                    /usr/lib/jvm/java-8-oracle/jre/lib/amd64/libjavafx_font.so
7fee95975000-7fee95b75000 rw-p 00000000 00:00 0 
7fee95b75000-7fee95e76000 rw-p 00000000 00:00 0 
7fee95e76000-7fee95e8c000 r-xp 00000000 08:03 2493693                    /usr/lib/jvm/java-8-oracle/jre/lib/amd64/libnet.so
7fee95e8c000-7fee9608c000 ---p 00016000 08:03 2493693                    /usr/lib/jvm/java-8-oracle/jre/lib/amd64/libnet.so
7fee9608c000-7fee9608d000 rw-p 00016000 08:03 2493693                    /usr/lib/jvm/java-8-oracle/jre/lib/amd64/libnet.so
7fee9608d000-7fee96090000 ---p 00000000 00:00 0 
7fee96090000-7fee9618e000 rw-p 00000000 00:00 0 
7fee9618e000-7fee96191000 ---p 00000000 00:00 0 
7fee96191000-7fee9628f000 rw-p 00000000 00:00 0 
7fee9628f000-7fee96292000 ---p 00000000 00:00 0 
7fee96292000-7fee96390000 rw-p 00000000 00:00 0 
7fee96390000-7fee96391000 ---p 00000000 00:00 0 
7fee96391000-7fee96b91000 rw-p 00000000 00:00 0 
7fee96b91000-7fee96b92000 ---p 00000000 00:00 0 
7fee96b92000-7fee97392000 rw-p 00000000 00:00 0 
7fee97392000-7fee97393000 ---p 00000000 00:00 0 
7fee97393000-7fee97b93000 rw-p 00000000 00:00 0 
7fee97b93000-7fee97b9e000 r-xp 00000000 08:03 657319                     /usr/lib/x86_64-linux-gnu/gio/modules/libdconfsettings.so
7fee97b9e000-7fee97d9e000 ---p 0000b000 08:03 657319                     /usr/lib/x86_64-linux-gnu/gio/modules/libdconfsettings.so
7fee97d9e000-7fee97d9f000 r--p 0000b000 08:03 657319                     /usr/lib/x86_64-linux-gnu/gio/modules/libdconfsettings.so
7fee97d9f000-7fee97da0000 rw-p 0000c000 08:03 657319                     /usr/lib/x86_64-linux-gnu/gio/modules/libdconfsettings.so
7fee97da0000-7fee97de8000 r--p 00000000 08:03 1312548                    /usr/share/glib-2.0/schemas/gschemas.compiled
7fee97de8000-7fee97def000 r-xp 00000000 08:03 403656                     /usr/lib/x86_64-linux-gnu/libogg.so.0.8.2
7fee97def000-7fee97fef000 ---p 00007000 08:03 403656                     /usr/lib/x86_64-linux-gnu/libogg.so.0.8.2
7fee97fef000-7fee97ff0000 r--p 00007000 08:03 403656                     /usr/lib/x86_64-linux-gnu/libogg.so.0.8.2
7fee97ff0000-7fee97ff1000 rw-p 00008000 08:03 403656                     /usr/lib/x86_64-linux-gnu/libogg.so.0.8.2
7fee97ff1000-7fee9801b000 r-xp 00000000 08:03 404005                     /usr/lib/x86_64-linux-gnu/libvorbis.so.0.4.8
7fee9801b000-7fee9821b000 ---p 0002a000 08:03 404005                     /usr/lib/x86_64-linux-gnu/libvorbis.so.0.4.8
7fee9821b000-7fee9821c000 r--p 0002a000 08:03 404005                     /usr/lib/x86_64-linux-gnu/libvorbis.so.0.4.8
7fee9821c000-7fee9821d000 rw-p 0002b000 08:03 404005                     /usr/lib/x86_64-linux-gnu/libvorbis.so.0.4.8
7fee9821d000-7fee98226000 r-xp 00000000 08:03 403523                     /usr/lib/x86_64-linux-gnu/libltdl.so.7.3.1
7fee98226000-7fee98425000 ---p 00009000 08:03 403523                     /usr/lib/x86_64-linux-gnu/libltdl.so.7.3.1
7fee98425000-7fee98426000 r--p 00008000 08:03 403523                     /usr/lib/x86_64-linux-gnu/libltdl.so.7.3.1
7fee98426000-7fee98427000 rw-p 00009000 08:03 403523                     /usr/lib/x86_64-linux-gnu/libltdl.so.7.3.1
7fee98427000-7fee9843b000 r-xp 00000000 08:03 403898                     /usr/lib/x86_64-linux-gnu/libtdb.so.1.3.8
7fee9843b000-7fee9863a000 ---p 00014000 08:03 403898                     /usr/lib/x86_64-linux-gnu/libtdb.so.1.3.8
7fee9863a000-7fee9863b000 r--p 00013000 08:03 403898                     /usr/lib/x86_64-linux-gnu/libtdb.so.1.3.8
7fee9863b000-7fee9863c000 rw-p 00014000 08:03 403898                     /usr/lib/x86_64-linux-gnu/libtdb.so.1.3.8
7fee9863c000-7fee98643000 r-xp 00000000 08:03 404009                     /usr/lib/x86_64-linux-gnu/libvorbisfile.so.3.3.7
7fee98643000-7fee98843000 ---p 00007000 08:03 404009                     /usr/lib/x86_64-linux-gnu/libvorbisfile.so.3.3.7
7fee98843000-7fee98844000 r--p 00007000 08:03 404009                     /usr/lib/x86_64-linux-gnu/libvorbisfile.so.3.3.7
7fee98844000-7fee98845000 rw-p 00008000 08:03 404009                     /usr/lib/x86_64-linux-gnu/libvorbisfile.so.3.3.7
7fee98845000-7fee98855000 r-xp 00000000 08:03 402920                     /usr/lib/x86_64-linux-gnu/libcanberra.so.0.2.5
7fee98855000-7fee98a54000 ---p 00010000 08:03 402920                     /usr/lib/x86_64-linux-gnu/libcanberra.so.0.2.5
7fee98a54000-7fee98a55000 r--p 0000f000 08:03 402920                     /usr/lib/x86_64-linux-gnu/libcanberra.so.0.2.5
7fee98a55000-7fee98a56000 rw-p 00010000 08:03 402920                     /usr/lib/x86_64-linux-gnu/libcanberra.so.0.2.5
7fee98a56000-7fee98a5a000 r-xp 00000000 08:03 402916                     /usr/lib/x86_64-linux-gnu/libcanberra-gtk.so.0.1.9
7fee98a5a000-7fee98c59000 ---p 00004000 08:03 402916                     /usr/lib/x86_64-linux-gnu/libcanberra-gtk.so.0.1.9
7fee98c59000-7fee98c5a000 r--p 00003000 08:03 402916                     /usr/lib/x86_64-linux-gnu/libcanberra-gtk.so.0.1.9
7fee98c5a000-7fee98c5b000 rw-p 00004000 08:03 402916                     /usr/lib/x86_64-linux-gnu/libcanberra-gtk.so.0.1.9
7fee98c5b000-7fee98c60000 r-xp 00000000 08:03 657534                     /usr/lib/x86_64-linux-gnu/gtk-2.0/modules/libcanberra-gtk-module.so
7fee98c60000-7fee98e5f000 ---p 00005000 08:03 657534                     /usr/lib/x86_64-linux-gnu/gtk-2.0/modules/libcanberra-gtk-module.so
7fee98e5f000-7fee98e60000 r--p 00004000 08:03 657534                     /usr/lib/x86_64-linux-gnu/gtk-2.0/modules/libcanberra-gtk-module.so
7fee98e60000-7fee98e61000 rw-p 00005000 08:03 657534                     /usr/lib/x86_64-linux-gnu/gtk-2.0/modules/libcanberra-gtk-module.so
7fee98e61000-7fee98e91000 r-xp 00000000 08:03 657346                     /usr/lib/x86_64-linux-gnu/gtk-2.0/2.10.0/engines/libmurrine.so
7fee98e91000-7fee99091000 ---p 00030000 08:03 657346                     /usr/lib/x86_64-linux-gnu/gtk-2.0/2.10.0/engines/libmurrine.so
7fee99091000-7fee99092000 r--p 00030000 08:03 657346                     /usr/lib/x86_64-linux-gnu/gtk-2.0/2.10.0/engines/libmurrine.so
7fee99092000-7fee99093000 rw-p 00031000 08:03 657346                     /usr/lib/x86_64-linux-gnu/gtk-2.0/2.10.0/engines/libmurrine.so
7fee99093000-7fee990a3000 r-xp 00000000 08:03 403954                     /usr/lib/x86_64-linux-gnu/libunity-gtk2-parser.so.0.0.0
7fee990a3000-7fee992a3000 ---p 00010000 08:03 403954                     /usr/lib/x86_64-linux-gnu/libunity-gtk2-parser.so.0.0.0
7fee992a3000-7fee992a4000 r--p 00010000 08:03 403954                     /usr/lib/x86_64-linux-gnu/libunity-gtk2-parser.so.0.0.0
7fee992a4000-7fee992a5000 rw-p 00011000 08:03 403954                     /usr/lib/x86_64-linux-gnu/libunity-gtk2-parser.so.0.0.0
7fee992a5000-7fee992aa000 r-xp 00000000 08:03 657538                     /usr/lib/x86_64-linux-gnu/gtk-2.0/modules/libunity-gtk-module.so
7fee992aa000-7fee994a9000 ---p 00005000 08:03 657538                     /usr/lib/x86_64-linux-gnu/gtk-2.0/modules/libunity-gtk-module.so
7fee994a9000-7fee994aa000 r--p 00004000 08:03 657538                     /usr/lib/x86_64-linux-gnu/gtk-2.0/modules/libunity-gtk-module.so
7fee994aa000-7fee994ab000 rw-p 00005000 08:03 657538                     /usr/lib/x86_64-linux-gnu/gtk-2.0/modules/libunity-gtk-module.so
7fee994ab000-7fee994bd000 r-xp 00000000 08:03 1840172                    /lib/x86_64-linux-gnu/libgpg-error.so.0.17.0
7fee994bd000-7fee996bd000 ---p 00012000 08:03 1840172                    /lib/x86_64-linux-gnu/libgpg-error.so.0.17.0
7fee996bd000-7fee996be000 r--p 00012000 08:03 1840172                    /lib/x86_64-linux-gnu/libgpg-error.so.0.17.0
7fee996be000-7fee996bf000 rw-p 00013000 08:03 1840172                    /lib/x86_64-linux-gnu/libgpg-error.so.0.17.0
7fee996bf000-7fee99797000 r-xp 00000000 08:03 1839881                    /lib/x86_64-linux-gnu/libgcrypt.so.20.0.5
7fee99797000-7fee99996000 ---p 000d8000 08:03 1839881                    /lib/x86_64-linux-gnu/libgcrypt.so.20.0.5
7fee99996000-7fee99997000 r--p 000d7000 08:03 1839881                    /lib/x86_64-linux-gnu/libgcrypt.so.20.0.5
7fee99997000-7fee9999f000 rw-p 000d8000 08:03 1839881                    /lib/x86_64-linux-gnu/libgcrypt.so.20.0.5
7fee9999f000-7fee999a0000 rw-p 00000000 00:00 0 
7fee999a0000-7fee999c1000 r-xp 00000000 08:03 1840195                    /lib/x86_64-linux-gnu/liblzma.so.5.0.0
7fee999c1000-7fee99bc0000 ---p 00021000 08:03 1840195                    /lib/x86_64-linux-gnu/liblzma.so.5.0.0
7fee99bc0000-7fee99bc1000 r--p 00020000 08:03 1840195                    /lib/x86_64-linux-gnu/liblzma.so.5.0.0
7fee99bc1000-7fee99bc2000 rw-p 00021000 08:03 1840195                    /lib/x86_64-linux-gnu/liblzma.so.5.0.0
7fee99bc2000-7fee99c42000 r-xp 00000000 08:03 1836670                    /lib/x86_64-linux-gnu/libsystemd.so.0.14.0
7fee99c42000-7fee99c45000 r--p 0007f000 08:03 1836670                    /lib/x86_64-linux-gnu/libsystemd.so.0.14.0
7fee99c45000-7fee99c46000 rw-p 00082000 08:03 1836670                    /lib/x86_64-linux-gnu/libsystemd.so.0.14.0
7fee99c46000-7fee99c47000 rw-p 00000000 00:00 0 
7fee99c47000-7fee99c91000 r-xp 00000000 08:03 1839804                    /lib/x86_64-linux-gnu/libdbus-1.so.3.14.6
7fee99c91000-7fee99e91000 ---p 0004a000 08:03 1839804                    /lib/x86_64-linux-gnu/libdbus-1.so.3.14.6
7fee99e91000-7fee99e92000 r--p 0004a000 08:03 1839804                    /lib/x86_64-linux-gnu/libdbus-1.so.3.14.6
7fee99e92000-7fee99e93000 rw-p 0004b000 08:03 1839804                    /lib/x86_64-linux-gnu/libdbus-1.so.3.14.6
7fee99e93000-7fee99ebf000 r-xp 00000000 08:03 402862                     /usr/lib/x86_64-linux-gnu/libatspi.so.0.0.1
7fee99ebf000-7fee9a0be000 ---p 0002c000 08:03 402862                     /usr/lib/x86_64-linux-gnu/libatspi.so.0.0.1
7fee9a0be000-7fee9a0c1000 r--p 0002b000 08:03 402862                     /usr/lib/x86_64-linux-gnu/libatspi.so.0.0.1
7fee9a0c1000-7fee9a0c2000 rw-p 0002e000 08:03 402862                     /usr/lib/x86_64-linux-gnu/libatspi.so.0.0.1
7fee9a0c2000-7fee9a0ef000 r-xp 00000000 08:03 402856                     /usr/lib/x86_64-linux-gnu/libatk-bridge-2.0.so.0.0.0
7fee9a0ef000-7fee9a2ee000 ---p 0002d000 08:03 402856                     /usr/lib/x86_64-linux-gnu/libatk-bridge-2.0.so.0.0.0
7fee9a2ee000-7fee9a2ef000 r--p 0002c000 08:03 402856                     /usr/lib/x86_64-linux-gnu/libatk-bridge-2.0.so.0.0.0
7fee9a2ef000-7fee9a2f1000 rw-p 0002d000 08:03 402856                     /usr/lib/x86_64-linux-gnu/libatk-bridge-2.0.so.0.0.0
7fee9a2f1000-7fee9a2f2000 r-xp 00000000 08:03 657533                     /usr/lib/x86_64-linux-gnu/gtk-2.0/modules/libatk-bridge.so
7fee9a2f2000-7fee9a4f1000 ---p 00001000 08:03 657533                     /usr/lib/x86_64-linux-gnu/gtk-2.0/modules/libatk-bridge.so
7fee9a4f1000-7fee9a4f2000 r--p 00000000 08:03 657533                     /usr/lib/x86_64-linux-gnu/gtk-2.0/modules/libatk-bridge.so
7fee9a4f2000-7fee9a4f3000 rw-p 00001000 08:03 657533                     /usr/lib/x86_64-linux-gnu/gtk-2.0/modules/libatk-bridge.so
7fee9a4f3000-7fee9a4fa000 r-xp 00000000 08:03 403191                     /usr/lib/x86_64-linux-gnu/libgailutil.so.18.0.1
7fee9a4fa000-7fee9a6f9000 ---p 00007000 08:03 403191                     /usr/lib/x86_64-linux-gnu/libgailutil.so.18.0.1
7fee9a6f9000-7fee9a6fa000 r--p 00006000 08:03 403191                     /usr/lib/x86_64-linux-gnu/libgailutil.so.18.0.1
7fee9a6fa000-7fee9a6fb000 rw-p 00007000 08:03 403191                     /usr/lib/x86_64-linux-gnu/libgailutil.so.18.0.1
7fee9a6fb000-7fee9a6fc000 r--s 00000000 08:03 664012                     /var/cache/fontconfig/b9d506c9ac06c20b433354fa67a72993-le64.cache-6
7fee9a6fc000-7fee9a6fd000 r--s 00000000 08:03 664007                     /var/cache/fontconfig/551ecf3b0e8b0bca0f25c0944f561853-le64.cache-6
7fee9a6fd000-7fee9a701000 r--s 00000000 08:03 664006                     /var/cache/fontconfig/d589a48862398ed80a3d6066f4f56f4c-le64.cache-6
7fee9a701000-7fee9a702000 r--s 00000000 08:03 664005                     /var/cache/fontconfig/30829fa25452a46451e813d634d7f916-le64.cache-6
7fee9a702000-7fee9a705000 r--s 00000000 08:03 663998                     /var/cache/fontconfig/75114ca45c98e8a441da0ff356701271-le64.cache-6
7fee9a705000-7fee9a712000 r--s 00000000 08:03 656609                     /var/cache/fontconfig/e13b20fdb08344e0e664864cc2ede53d-le64.cache-6
7fee9a712000-7fee9a716000 r--s 00000000 08:03 663970                     /var/cache/fontconfig/7ef2298fde41cc6eeb7af42e48b7d293-le64.cache-6
7fee9a716000-7fee9a718000 r--s 00019000 08:03 2502175                    /opt/intellij-idea-community/lib/idea_rt.jar
7fee9a718000-7fee9a71d000 r--p 00000000 08:06 1324376                    /home/mostafa/.config/dconf/user
7fee9a71d000-7fee9a76b000 r-xp 00000000 08:03 657536                     /usr/lib/x86_64-linux-gnu/gtk-2.0/modules/libgail.so
7fee9a76b000-7fee9a96a000 ---p 0004e000 08:03 657536                     /usr/lib/x86_64-linux-gnu/gtk-2.0/modules/libgail.so
7fee9a96a000-7fee9a96b000 r--p 0004d000 08:03 657536                     /usr/lib/x86_64-linux-gnu/gtk-2.0/modules/libgail.so
7fee9a96b000-7fee9a96d000 rw-p 0004e000 08:03 657536                     /usr/lib/x86_64-linux-gnu/gtk-2.0/modules/libgail.so
7fee9a96d000-7fee9a97e000 r-xp 00000000 08:03 657537                     /usr/lib/x86_64-linux-gnu/gtk-2.0/modules/liboverlay-scrollbar.so
7fee9a97e000-7fee9ab7e000 ---p 00011000 08:03 657537                     /usr/lib/x86_64-linux-gnu/gtk-2.0/modules/liboverlay-scrollbar.so
7fee9ab7e000-7fee9ab7f000 r--p 00011000 08:03 657537                     /usr/lib/x86_64-linux-gnu/gtk-2.0/modules/liboverlay-scrollbar.so
7fee9ab7f000-7fee9ab80000 rw-p 00012000 08:03 657537                     /usr/lib/x86_64-linux-gnu/gtk-2.0/modules/liboverlay-scrollbar.so
7fee9ab80000-7fee9aba9000 r-xp 00000000 08:03 2493738                    /usr/lib/jvm/java-8-oracle/jre/lib/amd64/libglass.so
7fee9aba9000-7fee9ada8000 ---p 00029000 08:03 2493738                    /usr/lib/jvm/java-8-oracle/jre/lib/amd64/libglass.so
7fee9ada8000-7fee9adab000 rw-p 00028000 08:03 2493738                    /usr/lib/jvm/java-8-oracle/jre/lib/amd64/libglass.so
7fee9adab000-7fee9ae2b000 rw-s 114da000 00:06 552                        /dev/nvidiactl
7fee9ae2b000-7fee9aeab000 rw-s 15655d000 00:06 552                       /dev/nvidiactl
7fee9aeab000-7fee9af2b000 rw-s 15a1ff000 00:06 552                       /dev/nvidiactl
7fee9af2b000-7fee9b02b000 rw-s 156f06000 00:06 552                       /dev/nvidiactl
7fee9b02b000-7fee9b03e000 rw-s 156cd7000 00:06 552                       /dev/nvidiactl
7fee9b03e000-7fee9b05e000 rw-s a00a0000 00:06 553                        /dev/nvidia0
7fee9b05e000-7fee9b09e000 rw-s 137343000 00:06 552                       /dev/nvidiactl
7fee9b09e000-7fee9b0de000 rw-s 157a72000 00:06 552                       /dev/nvidiactl
7fee9b0de000-7fee9b1e2000 rw-s 900e3000 00:06 552                        /dev/nvidiactl
7fee9b1e2000-7fee9c57b000 r-xp 00000000 08:03 397054                     /usr/lib/nvidia-367/libnvidia-glcore.so.367.57
7fee9c57b000-7fee9c59b000 rwxp 01399000 08:03 397054                     /usr/lib/nvidia-367/libnvidia-glcore.so.367.57
7fee9c59b000-7fee9c93c000 r-xp 013b9000 08:03 397054                     /usr/lib/nvidia-367/libnvidia-glcore.so.367.57
7fee9c93c000-7fee9cb3b000 ---p 0175a000 08:03 397054                     /usr/lib/nvidia-367/libnvidia-glcore.so.367.57
7fee9cb3b000-7fee9cf03000 rw-p 01759000 08:03 397054                     /usr/lib/nvidia-367/libnvidia-glcore.so.367.57
7fee9cf03000-7fee9cf1b000 rw-p 00000000 00:00 0 
7fee9cf1b000-7fee9cf1e000 r-xp 00000000 08:03 397058                     /usr/lib/nvidia-367/tls/libnvidia-tls.so.367.57
7fee9cf1e000-7fee9d11e000 ---p 00003000 08:03 397058                     /usr/lib/nvidia-367/tls/libnvidia-tls.so.367.57
7fee9d11e000-7fee9d11f000 rw-p 00003000 08:03 397058                     /usr/lib/nvidia-367/tls/libnvidia-tls.so.367.57
7fee9d11f000-7fee9d1e7000 r-xp 00000000 08:03 397034                     /usr/lib/nvidia-367/libGLX_nvidia.so.367.57
7fee9d1e7000-7fee9d21b000 rwxp 000c8000 08:03 397034                     /usr/lib/nvidia-367/libGLX_nvidia.so.367.57
7fee9d21b000-7fee9d22e000 r-xp 000fc000 08:03 397034                     /usr/lib/nvidia-367/libGLX_nvidia.so.367.57
7fee9d22e000-7fee9d42e000 ---p 0010f000 08:03 397034                     /usr/lib/nvidia-367/libGLX_nvidia.so.367.57
7fee9d42e000-7fee9d456000 rw-p 0010f000 08:03 397034                     /usr/lib/nvidia-367/libGLX_nvidia.so.367.57
7fee9d456000-7fee9d45d000 rw-p 00000000 00:00 0 
7fee9d45d000-7fee9d463000 r-xp 00000000 08:03 403003                     /usr/lib/x86_64-linux-gnu/libdatrie.so.1.3.3
7fee9d463000-7fee9d663000 ---p 00006000 08:03 403003                     /usr/lib/x86_64-linux-gnu/libdatrie.so.1.3.3
7fee9d663000-7fee9d664000 r--p 00006000 08:03 403003                     /usr/lib/x86_64-linux-gnu/libdatrie.so.1.3.3
7fee9d664000-7fee9d665000 rw-p 00007000 08:03 403003                     /usr/lib/x86_64-linux-gnu/libdatrie.so.1.3.3
7fee9d665000-7fee9d66a000 r-xp 00000000 08:03 402761                     /usr/lib/x86_64-linux-gnu/libXdmcp.so.6.0.0
7fee9d66a000-7fee9d869000 ---p 00005000 08:03 402761                     /usr/lib/x86_64-linux-gnu/libXdmcp.so.6.0.0
7fee9d869000-7fee9d86a000 r--p 00004000 08:03 402761                     /usr/lib/x86_64-linux-gnu/libXdmcp.so.6.0.0
7fee9d86a000-7fee9d86b000 rw-p 00005000 08:03 402761                     /usr/lib/x86_64-linux-gnu/libXdmcp.so.6.0.0
7fee9d86b000-7fee9d86d000 r-xp 00000000 08:03 402750                     /usr/lib/x86_64-linux-gnu/libXau.so.6.0.0
7fee9d86d000-7fee9da6d000 ---p 00002000 08:03 402750                     /usr/lib/x86_64-linux-gnu/libXau.so.6.0.0
7fee9da6d000-7fee9da6e000 r--p 00002000 08:03 402750                     /usr/lib/x86_64-linux-gnu/libXau.so.6.0.0
7fee9da6e000-7fee9da6f000 rw-p 00003000 08:03 402750                     /usr/lib/x86_64-linux-gnu/libXau.so.6.0.0
7fee9da6f000-7fee9da92000 r-xp 00000000 08:03 403307                     /usr/lib/x86_64-linux-gnu/libgraphite2.so.3.0.1
7fee9da92000-7fee9dc91000 ---p 00023000 08:03 403307                     /usr/lib/x86_64-linux-gnu/libgraphite2.so.3.0.1
7fee9dc91000-7fee9dc93000 r--p 00022000 08:03 403307                     /usr/lib/x86_64-linux-gnu/libgraphite2.so.3.0.1
7fee9dc93000-7fee9dc94000 rw-p 00024000 08:03 403307                     /usr/lib/x86_64-linux-gnu/libgraphite2.so.3.0.1
7fee9dc94000-7fee9dce2000 r-xp 00000000 08:03 397050                     /usr/lib/nvidia-367/libGLdispatch.so.0
7fee9dce2000-7fee9dd14000 r-xp 0004e000 08:03 397050                     /usr/lib/nvidia-367/libGLdispatch.so.0
7fee9dd14000-7fee9dd4e000 r-xp 00080000 08:03 397050                     /usr/lib/nvidia-367/libGLdispatch.so.0
7fee9dd4e000-7fee9df4e000 ---p 000ba000 08:03 397050                     /usr/lib/nvidia-367/libGLdispatch.so.0
7fee9df4e000-7fee9df5d000 rw-p 000ba000 08:03 397050                     /usr/lib/nvidia-367/libGLdispatch.so.0
7fee9df5d000-7fee9df7d000 rw-p 00000000 00:00 0 
7fee9df7d000-7fee9df8d000 r-xp 00000000 08:03 397067                     /usr/lib/nvidia-367/libGLX.so.0
7fee9df8d000-7fee9e18d000 ---p 00010000 08:03 397067                     /usr/lib/nvidia-367/libGLX.so.0
7fee9e18d000-7fee9e18e000 rw-p 00010000 08:03 397067                     /usr/lib/nvidia-367/libGLX.so.0
7fee9e18e000-7fee9e1ae000 rw-p 00000000 00:00 0 
7fee9e1ae000-7fee9e21c000 r-xp 00000000 08:03 1840257                    /lib/x86_64-linux-gnu/libpcre.so.3.13.2
7fee9e21c000-7fee9e41c000 ---p 0006e000 08:03 1840257                    /lib/x86_64-linux-gnu/libpcre.so.3.13.2
7fee9e41c000-7fee9e41d000 r--p 0006e000 08:03 1840257                    /lib/x86_64-linux-gnu/libpcre.so.3.13.2
7fee9e41d000-7fee9e41e000 rw-p 0006f000 08:03 1840257                    /lib/x86_64-linux-gnu/libpcre.so.3.13.2
7fee9e41e000-7fee9e425000 r-xp 00000000 08:03 403132                     /usr/lib/x86_64-linux-gnu/libffi.so.6.0.4
7fee9e425000-7fee9e624000 ---p 00007000 08:03 403132                     /usr/lib/x86_64-linux-gnu/libffi.so.6.0.4
7fee9e624000-7fee9e625000 r--p 00006000 08:03 403132                     /usr/lib/x86_64-linux-gnu/libffi.so.6.0.4
7fee9e625000-7fee9e626000 rw-p 00007000 08:03 403132                     /usr/lib/x86_64-linux-gnu/libffi.so.6.0.4
7fee9e626000-7fee9e64c000 r-xp 00000000 08:03 1835072                    /lib/x86_64-linux-gnu/libexpat.so.1.6.0
7fee9e64c000-7fee9e84c000 ---p 00026000 08:03 1835072                    /lib/x86_64-linux-gnu/libexpat.so.1.6.0
7fee9e84c000-7fee9e84e000 r--p 00026000 08:03 1835072                    /lib/x86_64-linux-gnu/libexpat.so.1.6.0
7fee9e84e000-7fee9e84f000 rw-p 00028000 08:03 1835072                    /lib/x86_64-linux-gnu/libexpat.so.1.6.0
7fee9e84f000-7fee9e857000 r-xp 00000000 08:03 403906                     /usr/lib/x86_64-linux-gnu/libthai.so.0.2.4
7fee9e857000-7fee9ea56000 ---p 00008000 08:03 403906                     /usr/lib/x86_64-linux-gnu/libthai.so.0.2.4
7fee9ea56000-7fee9ea57000 r--p 00007000 08:03 403906                     /usr/lib/x86_64-linux-gnu/libthai.so.0.2.4
7fee9ea57000-7fee9ea58000 rw-p 00008000 08:03 403906                     /usr/lib/x86_64-linux-gnu/libthai.so.0.2.4
7fee9ea58000-7fee9ea79000 r-xp 00000000 08:03 404128                     /usr/lib/x86_64-linux-gnu/libxcb.so.1.1.0
7fee9ea79000-7fee9ec78000 ---p 00021000 08:03 404128                     /usr/lib/x86_64-linux-gnu/libxcb.so.1.1.0
7fee9ec78000-7fee9ec79000 r--p 00020000 08:03 404128                     /usr/lib/x86_64-linux-gnu/libxcb.so.1.1.0
7fee9ec79000-7fee9ec7a000 rw-p 00021000 08:03 404128                     /usr/lib/x86_64-linux-gnu/libxcb.so.1.1.0
7fee9ec7a000-7fee9ec82000 r-xp 00000000 08:03 404114                     /usr/lib/x86_64-linux-gnu/libxcb-render.so.0.0.0
7fee9ec82000-7fee9ee82000 ---p 00008000 08:03 404114                     /usr/lib/x86_64-linux-gnu/libxcb-render.so.0.0.0
7fee9ee82000-7fee9ee83000 r--p 00008000 08:03 404114                     /usr/lib/x86_64-linux-gnu/libxcb-render.so.0.0.0
7fee9ee83000-7fee9ee84000 rw-p 00009000 08:03 404114                     /usr/lib/x86_64-linux-gnu/libxcb-render.so.0.0.0
7fee9ee84000-7fee9ee86000 r-xp 00000000 08:03 404118                     /usr/lib/x86_64-linux-gnu/libxcb-shm.so.0.0.0
7fee9ee86000-7fee9f086000 ---p 00002000 08:03 404118                     /usr/lib/x86_64-linux-gnu/libxcb-shm.so.0.0.0
7fee9f086000-7fee9f087000 r--p 00002000 08:03 404118                     /usr/lib/x86_64-linux-gnu/libxcb-shm.so.0.0.0
7fee9f087000-7fee9f088000 rw-p 00003000 08:03 404118                     /usr/lib/x86_64-linux-gnu/libxcb-shm.so.0.0.0
7fee9f088000-7fee9f0ac000 r-xp 00000000 08:03 1840269                    /lib/x86_64-linux-gnu/libpng12.so.0.54.0
7fee9f0ac000-7fee9f2ab000 ---p 00024000 08:03 1840269                    /lib/x86_64-linux-gnu/libpng12.so.0.54.0
7fee9f2ab000-7fee9f2ac000 r--p 00023000 08:03 1840269                    /lib/x86_64-linux-gnu/libpng12.so.0.54.0
7fee9f2ac000-7fee9f2ad000 rw-p 00024000 08:03 1840269                    /lib/x86_64-linux-gnu/libpng12.so.0.54.0
7fee9f2ad000-7fee9f34c000 r-xp 00000000 08:03 403711                     /usr/lib/x86_64-linux-gnu/libpixman-1.so.0.33.6
7fee9f34c000-7fee9f54c000 ---p 0009f000 08:03 403711                     /usr/lib/x86_64-linux-gnu/libpixman-1.so.0.33.6
7fee9f54c000-7fee9f554000 r--p 0009f000 08:03 403711                     /usr/lib/x86_64-linux-gnu/libpixman-1.so.0.33.6
7fee9f554000-7fee9f555000 rw-p 000a7000 08:03 403711                     /usr/lib/x86_64-linux-gnu/libpixman-1.so.0.33.6
7fee9f555000-7fee9f5b1000 r-xp 00000000 08:03 395340                     /usr/lib/x86_64-linux-gnu/libharfbuzz.so.0.10000.1
7fee9f5b1000-7fee9f7b1000 ---p 0005c000 08:03 395340                     /usr/lib/x86_64-linux-gnu/libharfbuzz.so.0.10000.1
7fee9f7b1000-7fee9f7b2000 r--p 0005c000 08:03 395340                     /usr/lib/x86_64-linux-gnu/libharfbuzz.so.0.10000.1
7fee9f7b2000-7fee9f7b3000 rw-p 0005d000 08:03 395340                     /usr/lib/x86_64-linux-gnu/libharfbuzz.so.0.10000.1
7fee9f7b3000-7fee9f7ca000 r-xp 00000000 08:03 1848112                    /lib/x86_64-linux-gnu/libresolv-2.23.so
7fee9f7ca000-7fee9f9ca000 ---p 00017000 08:03 1848112                    /lib/x86_64-linux-gnu/libresolv-2.23.so
7fee9f9ca000-7fee9f9cb000 r--p 00017000 08:03 1848112                    /lib/x86_64-linux-gnu/libresolv-2.23.so
7fee9f9cb000-7fee9f9cc000 rw-p 00018000 08:03 1848112                    /lib/x86_64-linux-gnu/libresolv-2.23.so
7fee9f9cc000-7fee9f9ce000 rw-p 00000000 00:00 0 
7fee9f9ce000-7fee9f9ed000 r-xp 00000000 08:03 1840286                    /lib/x86_64-linux-gnu/libselinux.so.1
7fee9f9ed000-7fee9fbec000 ---p 0001f000 08:03 1840286                    /lib/x86_64-linux-gnu/libselinux.so.1
7fee9fbec000-7fee9fbed000 r--p 0001e000 08:03 1840286                    /lib/x86_64-linux-gnu/libselinux.so.1
7fee9fbed000-7fee9fbee000 rw-p 0001f000 08:03 1840286                    /lib/x86_64-linux-gnu/libselinux.so.1
7fee9fbee000-7fee9fbf0000 rw-p 00000000 00:00 0 
7fee9fbf0000-7fee9fc09000 r-xp 00000000 08:03 1840319                    /lib/x86_64-linux-gnu/libz.so.1.2.8
7fee9fc09000-7fee9fe08000 ---p 00019000 08:03 1840319                    /lib/x86_64-linux-gnu/libz.so.1.2.8
7fee9fe08000-7fee9fe09000 r--p 00018000 08:03 1840319                    /lib/x86_64-linux-gnu/libz.so.1.2.8
7fee9fe09000-7fee9fe0a000 rw-p 00019000 08:03 1840319                    /lib/x86_64-linux-gnu/libz.so.1.2.8
7fee9fe0a000-7fee9fe1b000 r-xp 00000000 08:03 402763                     /usr/lib/x86_64-linux-gnu/libXext.so.6.4.0
7fee9fe1b000-7feea001a000 ---p 00011000 08:03 402763                     /usr/lib/x86_64-linux-gnu/libXext.so.6.4.0
7feea001a000-7feea001b000 r--p 00010000 08:03 402763                     /usr/lib/x86_64-linux-gnu/libXext.so.6.4.0
7feea001b000-7feea001c000 rw-p 00011000 08:03 402763                     /usr/lib/x86_64-linux-gnu/libXext.so.6.4.0
7feea001c000-7feea001e000 r-xp 00000000 08:03 402759                     /usr/lib/x86_64-linux-gnu/libXdamage.so.1.1.0
7feea001e000-7feea021d000 ---p 00002000 08:03 402759                     /usr/lib/x86_64-linux-gnu/libXdamage.so.1.1.0
7feea021d000-7feea021e000 r--p 00001000 08:03 402759                     /usr/lib/x86_64-linux-gnu/libXdamage.so.1.1.0
7feea021e000-7feea021f000 rw-p 00002000 08:03 402759                     /usr/lib/x86_64-linux-gnu/libXdamage.so.1.1.0
7feea021f000-7feea0221000 r-xp 00000000 08:03 402755                     /usr/lib/x86_64-linux-gnu/libXcomposite.so.1.0.0
7feea0221000-7feea0420000 ---p 00002000 08:03 402755                     /usr/lib/x86_64-linux-gnu/libXcomposite.so.1.0.0
7feea0420000-7feea0421000 r--p 00001000 08:03 402755                     /usr/lib/x86_64-linux-gnu/libXcomposite.so.1.0.0
7feea0421000-7feea0422000 rw-p 00002000 08:03 402755                     /usr/lib/x86_64-linux-gnu/libXcomposite.so.1.0.0
7feea0422000-7feea042b000 r-xp 00000000 08:03 402757                     /usr/lib/x86_64-linux-gnu/libXcursor.so.1.0.2
7feea042b000-7feea062a000 ---p 00009000 08:03 402757                     /usr/lib/x86_64-linux-gnu/libXcursor.so.1.0.2
7feea062a000-7feea062b000 r--p 00008000 08:03 402757                     /usr/lib/x86_64-linux-gnu/libXcursor.so.1.0.2
7feea062b000-7feea062c000 rw-p 00009000 08:03 402757                     /usr/lib/x86_64-linux-gnu/libXcursor.so.1.0.2
7feea062c000-7feea0636000 r-xp 00000000 08:03 402781                     /usr/lib/x86_64-linux-gnu/libXrandr.so.2.2.0
7feea0636000-7feea0835000 ---p 0000a000 08:03 402781                     /usr/lib/x86_64-linux-gnu/libXrandr.so.2.2.0
7feea0835000-7feea0836000 r--p 00009000 08:03 402781                     /usr/lib/x86_64-linux-gnu/libXrandr.so.2.2.0
7feea0836000-7feea0837000 rw-p 0000a000 08:03 402781                     /usr/lib/x86_64-linux-gnu/libXrandr.so.2.2.0
7feea0837000-7feea0846000 r-xp 00000000 08:03 402771                     /usr/lib/x86_64-linux-gnu/libXi.so.6.1.0
7feea0846000-7feea0a45000 ---p 0000f000 08:03 402771                     /usr/lib/x86_64-linux-gnu/libXi.so.6.1.0
7feea0a45000-7feea0a46000 r--p 0000e000 08:03 402771                     /usr/lib/x86_64-linux-gnu/libXi.so.6.1.0
7feea0a46000-7feea0a47000 rw-p 0000f000 08:03 402771                     /usr/lib/x86_64-linux-gnu/libXi.so.6.1.0
7feea0a47000-7feea0a49000 r-xp 00000000 08:03 402773                     /usr/lib/x86_64-linux-gnu/libXinerama.so.1.0.0
7feea0a49000-7feea0c48000 ---p 00002000 08:03 402773                     /usr/lib/x86_64-linux-gnu/libXinerama.so.1.0.0
7feea0c48000-7feea0c49000 r--p 00001000 08:03 402773                     /usr/lib/x86_64-linux-gnu/libXinerama.so.1.0.0
7feea0c49000-7feea0c4a000 rw-p 00002000 08:03 402773                     /usr/lib/x86_64-linux-gnu/libXinerama.so.1.0.0
7feea0c4a000-7feea0c53000 r-xp 00000000 08:03 402783                     /usr/lib/x86_64-linux-gnu/libXrender.so.1.3.0
7feea0c53000-7feea0e52000 ---p 00009000 08:03 402783                     /usr/lib/x86_64-linux-gnu/libXrender.so.1.3.0
7feea0e52000-7feea0e53000 r--p 00008000 08:03 402783                     /usr/lib/x86_64-linux-gnu/libXrender.so.1.3.0
7feea0e53000-7feea0e54000 rw-p 00009000 08:03 402783                     /usr/lib/x86_64-linux-gnu/libXrender.so.1.3.0
7feea0e54000-7feea0e59000 r-xp 00000000 08:03 402765                     /usr/lib/x86_64-linux-gnu/libXfixes.so.3.1.0
7feea0e59000-7feea1058000 ---p 00005000 08:03 402765                     /usr/lib/x86_64-linux-gnu/libXfixes.so.3.1.0
7feea1058000-7feea1059000 r--p 00004000 08:03 402765                     /usr/lib/x86_64-linux-gnu/libXfixes.so.3.1.0
7feea1059000-7feea105a000 rw-p 00005000 08:03 402765                     /usr/lib/x86_64-linux-gnu/libXfixes.so.3.1.0
7feea105a000-7feea1070000 r-xp 00000000 08:03 1840166                    /lib/x86_64-linux-gnu/libgcc_s.so.1
7feea1070000-7feea126f000 ---p 00016000 08:03 1840166                    /lib/x86_64-linux-gnu/libgcc_s.so.1
7feea126f000-7feea1270000 rw-p 00015000 08:03 1840166                    /lib/x86_64-linux-gnu/libgcc_s.so.1
7feea1270000-7feea13e2000 r-xp 00000000 08:03 393289                     /usr/lib/x86_64-linux-gnu/libstdc++.so.6.0.21
7feea13e2000-7feea15e2000 ---p 00172000 08:03 393289                     /usr/lib/x86_64-linux-gnu/libstdc++.so.6.0.21
7feea15e2000-7feea15ec000 r--p 00172000 08:03 393289                     /usr/lib/x86_64-linux-gnu/libstdc++.so.6.0.21
7feea15ec000-7feea15ee000 rw-p 0017c000 08:03 393289                     /usr/lib/x86_64-linux-gnu/libstdc++.so.6.0.21
7feea15ee000-7feea15f2000 rw-p 00000000 00:00 0 
7feea15f2000-7feea1623000 r-xp 00000000 08:03 397049                     /usr/lib/nvidia-367/libGL.so.1.0.0
7feea1623000-7feea1655000 r-xp 00031000 08:03 397049                     /usr/lib/nvidia-367/libGL.so.1.0.0
7feea1655000-7feea167f000 r-xp 00063000 08:03 397049                     /usr/lib/nvidia-367/libGL.so.1.0.0
7feea167f000-7feea187f000 ---p 0008d000 08:03 397049                     /usr/lib/nvidia-367/libGL.so.1.0.0
7feea187f000-7feea1880000 rw-p 0008d000 08:03 397049                     /usr/lib/nvidia-367/libGL.so.1.0.0
7feea1880000-7feea1881000 rw-p 00000000 00:00 0 
7feea1881000-7feea1886000 r-xp 00000000 08:03 402799                     /usr/lib/x86_64-linux-gnu/libXxf86vm.so.1.0.0
7feea1886000-7feea1a85000 ---p 00005000 08:03 402799                     /usr/lib/x86_64-linux-gnu/libXxf86vm.so.1.0.0
7feea1a85000-7feea1a86000 r--p 00004000 08:03 402799                     /usr/lib/x86_64-linux-gnu/libXxf86vm.so.1.0.0
7feea1a86000-7feea1a87000 rw-p 00005000 08:03 402799                     /usr/lib/x86_64-linux-gnu/libXxf86vm.so.1.0.0
7feea1a87000-7feea1bbc000 r-xp 00000000 08:03 402746                     /usr/lib/x86_64-linux-gnu/libX11.so.6.3.0
7feea1bbc000-7feea1dbc000 ---p 00135000 08:03 402746                     /usr/lib/x86_64-linux-gnu/libX11.so.6.3.0
7feea1dbc000-7feea1dbd000 r--p 00135000 08:03 402746                     /usr/lib/x86_64-linux-gnu/libX11.so.6.3.0
7feea1dbd000-7feea1dc1000 rw-p 00136000 08:03 402746                     /usr/lib/x86_64-linux-gnu/libX11.so.6.3.0
7feea1dc1000-7feea1dc6000 r-xp 00000000 08:03 402789                     /usr/lib/x86_64-linux-gnu/libXtst.so.6.1.0
7feea1dc6000-7feea1fc5000 ---p 00005000 08:03 402789                     /usr/lib/x86_64-linux-gnu/libXtst.so.6.1.0
7feea1fc5000-7feea1fc6000 r--p 00004000 08:03 402789                     /usr/lib/x86_64-linux-gnu/libXtst.so.6.1.0
7feea1fc6000-7feea1fc7000 rw-p 00005000 08:03 402789                     /usr/lib/x86_64-linux-gnu/libXtst.so.6.1.0
7feea1fc7000-7feea20d6000 r-xp 00000000 08:03 1835067                    /lib/x86_64-linux-gnu/libglib-2.0.so.0.4800.1
7feea20d6000-7feea22d5000 ---p 0010f000 08:03 1835067                    /lib/x86_64-linux-gnu/libglib-2.0.so.0.4800.1
7feea22d5000-7feea22d6000 r--p 0010e000 08:03 1835067                    /lib/x86_64-linux-gnu/libglib-2.0.so.0.4800.1
7feea22d6000-7feea22d7000 rw-p 0010f000 08:03 1835067                    /lib/x86_64-linux-gnu/libglib-2.0.so.0.4800.1
7feea22d7000-7feea22d8000 rw-p 00000000 00:00 0 
7feea22d8000-7feea22d9000 r-xp 00000000 08:03 393610                     /usr/lib/x86_64-linux-gnu/libgthread-2.0.so.0.4800.1
7feea22d9000-7feea24d8000 ---p 00001000 08:03 393610                     /usr/lib/x86_64-linux-gnu/libgthread-2.0.so.0.4800.1
7feea24d8000-7feea24d9000 r--p 00000000 08:03 393610                     /usr/lib/x86_64-linux-gnu/libgthread-2.0.so.0.4800.1
7feea24d9000-7feea24da000 rw-p 00001000 08:03 393610                     /usr/lib/x86_64-linux-gnu/libgthread-2.0.so.0.4800.1
7feea24da000-7feea24dd000 r-xp 00000000 08:03 393634                     /usr/lib/x86_64-linux-gnu/libgmodule-2.0.so.0.4800.1
7feea24dd000-7feea26dc000 ---p 00003000 08:03 393634                     /usr/lib/x86_64-linux-gnu/libgmodule-2.0.so.0.4800.1
7feea26dc000-7feea26dd000 r--p 00002000 08:03 393634                     /usr/lib/x86_64-linux-gnu/libgmodule-2.0.so.0.4800.1
7feea26dd000-7feea26de000 rw-p 00003000 08:03 393634                     /usr/lib/x86_64-linux-gnu/libgmodule-2.0.so.0.4800.1
7feea26de000-7feea2730000 r-xp 00000000 08:03 393658                     /usr/lib/x86_64-linux-gnu/libgobject-2.0.so.0.4800.1
7feea2730000-7feea292f000 ---p 00052000 08:03 393658                     /usr/lib/x86_64-linux-gnu/libgobject-2.0.so.0.4800.1
7feea292f000-7feea2930000 r--p 00051000 08:03 393658                     /usr/lib/x86_64-linux-gnu/libgobject-2.0.so.0.4800.1
7feea2930000-7feea2931000 rw-p 00052000 08:03 393658                     /usr/lib/x86_64-linux-gnu/libgobject-2.0.so.0.4800.1
7feea2931000-7feea296e000 r-xp 00000000 08:03 399237                     /usr/lib/x86_64-linux-gnu/libfontconfig.so.1.9.0
7feea296e000-7feea2b6d000 ---p 0003d000 08:03 399237                     /usr/lib/x86_64-linux-gnu/libfontconfig.so.1.9.0
7feea2b6d000-7feea2b6f000 r--p 0003c000 08:03 399237                     /usr/lib/x86_64-linux-gnu/libfontconfig.so.1.9.0
7feea2b6f000-7feea2b74000 rw-p 0003e000 08:03 399237                     /usr/lib/x86_64-linux-gnu/libfontconfig.so.1.9.0
7feea2b74000-7feea2c18000 r-xp 00000000 08:03 403180                     /usr/lib/x86_64-linux-gnu/libfreetype.so.6.12.1
7feea2c18000-7feea2e17000 ---p 000a4000 08:03 403180                     /usr/lib/x86_64-linux-gnu/libfreetype.so.6.12.1
7feea2e17000-7feea2e1d000 r--p 000a3000 08:03 403180                     /usr/lib/x86_64-linux-gnu/libfreetype.so.6.12.1
7feea2e1d000-7feea2e1e000 rw-p 000a9000 08:03 403180                     /usr/lib/x86_64-linux-gnu/libfreetype.so.6.12.1
7feea2e1e000-7feea2e67000 r-xp 00000000 08:03 403681                     /usr/lib/x86_64-linux-gnu/libpango-1.0.so.0.3800.1
7feea2e67000-7feea3067000 ---p 00049000 08:03 403681                     /usr/lib/x86_64-linux-gnu/libpango-1.0.so.0.3800.1
7feea3067000-7feea3069000 r--p 00049000 08:03 403681                     /usr/lib/x86_64-linux-gnu/libpango-1.0.so.0.3800.1
7feea3069000-7feea306a000 rw-p 0004b000 08:03 403681                     /usr/lib/x86_64-linux-gnu/libpango-1.0.so.0.3800.1
7feea306a000-7feea3178000 r-xp 00000000 08:03 402910                     /usr/lib/x86_64-linux-gnu/libcairo.so.2.11400.6
7feea3178000-7feea3378000 ---p 0010e000 08:03 402910                     /usr/lib/x86_64-linux-gnu/libcairo.so.2.11400.6
7feea3378000-7feea337b000 r--p 0010e000 08:03 402910                     /usr/lib/x86_64-linux-gnu/libcairo.so.2.11400.6
7feea337b000-7feea337c000 rw-p 00111000 08:03 402910                     /usr/lib/x86_64-linux-gnu/libcairo.so.2.11400.6
7feea337c000-7feea337e000 rw-p 00000000 00:00 0 
7feea337e000-7feea338a000 r-xp 00000000 08:03 403683                     /usr/lib/x86_64-linux-gnu/libpangocairo-1.0.so.0.3800.1
7feea338a000-7feea3589000 ---p 0000c000 08:03 403683                     /usr/lib/x86_64-linux-gnu/libpangocairo-1.0.so.0.3800.1
7feea3589000-7feea358a000 r--p 0000b000 08:03 403683                     /usr/lib/x86_64-linux-gnu/libpangocairo-1.0.so.0.3800.1
7feea358a000-7feea358b000 rw-p 0000c000 08:03 403683                     /usr/lib/x86_64-linux-gnu/libpangocairo-1.0.so.0.3800.1
7feea358b000-7feea35ac000 r-xp 00000000 08:03 393495                     /usr/lib/x86_64-linux-gnu/libgdk_pixbuf-2.0.so.0.3200.2
7feea35ac000-7feea37ab000 ---p 00021000 08:03 393495                     /usr/lib/x86_64-linux-gnu/libgdk_pixbuf-2.0.so.0.3200.2
7feea37ab000-7feea37ac000 r--p 00020000 08:03 393495                     /usr/lib/x86_64-linux-gnu/libgdk_pixbuf-2.0.so.0.3200.2
7feea37ac000-7feea37ad000 rw-p 00021000 08:03 393495                     /usr/lib/x86_64-linux-gnu/libgdk_pixbuf-2.0.so.0.3200.2
7feea37ad000-7feea37c1000 r-xp 00000000 08:03 403685                     /usr/lib/x86_64-linux-gnu/libpangoft2-1.0.so.0.3800.1
7feea37c1000-7feea39c1000 ---p 00014000 08:03 403685                     /usr/lib/x86_64-linux-gnu/libpangoft2-1.0.so.0.3800.1
7feea39c1000-7feea39c2000 r--p 00014000 08:03 403685                     /usr/lib/x86_64-linux-gnu/libpangoft2-1.0.so.0.3800.1
7feea39c2000-7feea39c3000 rw-p 00015000 08:03 403685                     /usr/lib/x86_64-linux-gnu/libpangoft2-1.0.so.0.3800.1
7feea39c3000-7feea3b43000 r-xp 00000000 08:03 393655                     /usr/lib/x86_64-linux-gnu/libgio-2.0.so.0.4800.1
7feea3b43000-7feea3d43000 ---p 00180000 08:03 393655                     /usr/lib/x86_64-linux-gnu/libgio-2.0.so.0.4800.1
7feea3d43000-7feea3d47000 r--p 00180000 08:03 393655                     /usr/lib/x86_64-linux-gnu/libgio-2.0.so.0.4800.1
7feea3d47000-7feea3d49000 rw-p 00184000 08:03 393655                     /usr/lib/x86_64-linux-gnu/libgio-2.0.so.0.4800.1
7feea3d49000-7feea3d4b000 rw-p 00000000 00:00 0 
7feea3d4b000-7feea3dfb000 r-xp 00000000 08:03 403219                     /usr/lib/x86_64-linux-gnu/libgdk-x11-2.0.so.0.2400.30
7feea3dfb000-7feea3ffa000 ---p 000b0000 08:03 403219                     /usr/lib/x86_64-linux-gnu/libgdk-x11-2.0.so.0.2400.30
7feea3ffa000-7feea3ffe000 r--p 000af000 08:03 403219                     /usr/lib/x86_64-linux-gnu/libgdk-x11-2.0.so.0.2400.30
7feea3ffe000-7feea4000000 rw-p 000b3000 08:03 403219                     /usr/lib/x86_64-linux-gnu/libgdk-x11-2.0.so.0.2400.30
7feea4000000-7feea4021000 rw-p 00000000 00:00 0 
7feea4021000-7feea8000000 ---p 00000000 00:00 0 
7feea8000000-7feea8802000 rw-p 00000000 00:00 0 
7feea8802000-7feeac000000 ---p 00000000 00:00 0 
7feeac000000-7feeac302000 rw-p 00000000 00:00 0 
7feeac302000-7feeb0000000 ---p 00000000 00:00 0 
7feeb0000000-7feeb0021000 rw-p 00000000 00:00 0 
7feeb0021000-7feeb4000000 ---p 00000000 00:00 0 
7feeb4000000-7feeb429c000 rw-p 00000000 00:00 0 
7feeb429c000-7feeb8000000 ---p 00000000 00:00 0 
7feeb8000000-7feeb8254000 rw-p 00000000 00:00 0 
7feeb8254000-7feebc000000 ---p 00000000 00:00 0 
7feebc000000-7feebc043000 rw-p 00000000 00:00 0 
7feebc043000-7feec0000000 ---p 00000000 00:00 0 
7feec0000000-7feec0021000 rw-p 00000000 00:00 0 
7feec0021000-7feec4000000 ---p 00000000 00:00 0 
7feec4000000-7feec4021000 rw-p 00000000 00:00 0 
7feec4021000-7feec8000000 ---p 00000000 00:00 0 
7feec8000000-7feec802b000 rw-p 00000000 00:00 0 
7feec802b000-7feecc000000 ---p 00000000 00:00 0 
7feecc000000-7feecc021000 rw-p 00000000 00:00 0 
7feecc021000-7feed0000000 ---p 00000000 00:00 0 
7feed0000000-7feed0021000 rw-p 00000000 00:00 0 
7feed0021000-7feed4000000 ---p 00000000 00:00 0 
7feed4000000-7feed4021000 rw-p 00000000 00:00 0 
7feed4021000-7feed8000000 ---p 00000000 00:00 0 
7feed8000000-7feed8021000 rw-p 00000000 00:00 0 
7feed8021000-7feedc000000 ---p 00000000 00:00 0 
7feedc000000-7feedc021000 rw-p 00000000 00:00 0 
7feedc021000-7feee0000000 ---p 00000000 00:00 0 
7feee0000000-7feee0021000 rw-p 00000000 00:00 0 
7feee0021000-7feee4000000 ---p 00000000 00:00 0 
7feee4000000-7feee4021000 rw-p 00000000 00:00 0 
7feee4021000-7feee8000000 ---p 00000000 00:00 0 
7feee8000000-7feee8001000 r--s 00000000 08:03 664002                     /var/cache/fontconfig/0c9eb80ebd1c36541ebe2852d3bb0c49-le64.cache-6
7feee8001000-7feee8003000 rw-s 00000000 08:03 262240                     /tmp/.glnVrmHg (deleted)
7feee8003000-7feee8004000 r--s 00000000 00:29 34                         /run/user/1000/dconf/user
7feee8004000-7feee8005000 rw-s 15a175000 00:06 552                       /dev/nvidiactl
7feee8005000-7feee8009000 rw-s 157231000 00:06 552                       /dev/nvidiactl
7feee8009000-7feee800a000 rw-s aff6b000 00:06 553                        /dev/nvidia0
7feee800a000-7feee802a000 rw-s 1573cd000 00:06 552                       /dev/nvidiactl
7feee802a000-7feee802b000 rw-s aff6a000 00:06 553                        /dev/nvidia0
7feee802b000-7feee804b000 rw-s 157308000 00:06 552                       /dev/nvidiactl
7feee804b000-7feee808b000 rw-s 1571bd000 00:06 552                       /dev/nvidiactl
7feee808b000-7feee80ad000 r-xp 00000000 08:03 402854                     /usr/lib/x86_64-linux-gnu/libatk-1.0.so.0.21809.1
7feee80ad000-7feee82ac000 ---p 00022000 08:03 402854                     /usr/lib/x86_64-linux-gnu/libatk-1.0.so.0.21809.1
7feee82ac000-7feee82af000 r--p 00021000 08:03 402854                     /usr/lib/x86_64-linux-gnu/libatk-1.0.so.0.21809.1
7feee82af000-7feee82b0000 rw-p 00024000 08:03 402854                     /usr/lib/x86_64-linux-gnu/libatk-1.0.so.0.21809.1
7feee82b0000-7feee86ee000 r-xp 00000000 08:03 403364                     /usr/lib/x86_64-linux-gnu/libgtk-x11-2.0.so.0.2400.30
7feee86ee000-7feee88ed000 ---p 0043e000 08:03 403364                     /usr/lib/x86_64-linux-gnu/libgtk-x11-2.0.so.0.2400.30
7feee88ed000-7feee88f4000 r--p 0043d000 08:03 403364                     /usr/lib/x86_64-linux-gnu/libgtk-x11-2.0.so.0.2400.30
7feee88f4000-7feee88f8000 rw-p 00444000 08:03 403364                     /usr/lib/x86_64-linux-gnu/libgtk-x11-2.0.so.0.2400.30
7feee88f8000-7feee88fb000 rw-p 00000000 00:00 0 
7feee88fb000-7feee88fc000 rw-s aff69000 00:06 553                        /dev/nvidia0
7feee891c000-7feee891d000 rw-s 1372c5000 00:06 552                       /dev/nvidiactl
7feee891d000-7feee8929000 r-xp 00000000 08:03 2493705                    /usr/lib/jvm/java-8-oracle/jre/lib/amd64/libprism_es2.so
7feee8929000-7feee8b28000 ---p 0000c000 08:03 2493705                    /usr/lib/jvm/java-8-oracle/jre/lib/amd64/libprism_es2.so
7feee8b28000-7feee8b29000 rw-p 0000b000 08:03 2493705                    /usr/lib/jvm/java-8-oracle/jre/lib/amd64/libprism_es2.so
7feee8b29000-7feee8b2c000 ---p 00000000 00:00 0 
7feee8b2c000-7feee8c2a000 rw-p 00000000 00:00 0 
7feee8c2a000-7feee8cc0000 r--s 01103000 08:03 2493769                    /usr/lib/jvm/java-8-oracle/jre/lib/ext/jfxrt.jar
7feee8cc0000-7feee8cd3000 r--s 00345000 08:03 2493917                    /usr/lib/jvm/java-8-oracle/jre/lib/resources.jar
7feee8cd3000-7feee8ce5000 r--s 000d6000 08:03 2493916                    /usr/lib/jvm/java-8-oracle/jre/lib/plugin.jar
7feee8ce5000-7feee8d00000 r--s 00208000 08:03 2493801                    /usr/lib/jvm/java-8-oracle/jre/lib/deploy.jar
7feee8d00000-7feee8d01000 ---p 00000000 00:00 0 
7feee8d01000-7feee8e01000 rw-p 00000000 00:00 0 
7feee8e01000-7feee8e04000 ---p 00000000 00:00 0 
7feee8e04000-7feee8f02000 rw-p 00000000 00:00 0 
7feee8f02000-7feee8f05000 ---p 00000000 00:00 0 
7feee8f05000-7feee9003000 rw-p 00000000 00:00 0 
7feee9003000-7feee9006000 ---p 00000000 00:00 0 
7feee9006000-7feee9104000 rw-p 00000000 00:00 0 
7feee9104000-7feee9107000 ---p 00000000 00:00 0 
7feee9107000-7feee9205000 rw-p 00000000 00:00 0 
7feee9205000-7feee9208000 ---p 00000000 00:00 0 
7feee9208000-7feee9306000 rw-p 00000000 00:00 0 
7feee9306000-7feee9309000 ---p 00000000 00:00 0 
7feee9309000-7feee9407000 rw-p 00000000 00:00 0 
7feee9407000-7feee940a000 ---p 00000000 00:00 0 
7feee940a000-7feee9508000 rw-p 00000000 00:00 0 
7feee9508000-7feee950c000 r-xp 00000000 08:03 2493734                    /usr/lib/jvm/java-8-oracle/jre/lib/amd64/libdt_socket.so
7feee950c000-7feee970b000 ---p 00004000 08:03 2493734                    /usr/lib/jvm/java-8-oracle/jre/lib/amd64/libdt_socket.so
7feee970b000-7feee970c000 rw-p 00003000 08:03 2493734                    /usr/lib/jvm/java-8-oracle/jre/lib/amd64/libdt_socket.so
7feee970c000-7feee970f000 ---p 00000000 00:00 0 
7feee970f000-7feee980d000 rw-p 00000000 00:00 0 
7feee980d000-7feee9810000 ---p 00000000 00:00 0 
7feee9810000-7feee990e000 rw-p 00000000 00:00 0 
7feee990e000-7feee9911000 ---p 00000000 00:00 0 
7feee9911000-7feee9a0f000 rw-p 00000000 00:00 0 
7feee9a0f000-7feee9a10000 ---p 00000000 00:00 0 
7feee9a10000-7feeed000000 rw-p 00000000 00:00 0 
7feeed000000-7feeed400000 rwxp 00000000 00:00 0 
7feeed400000-7feefc000000 ---p 00000000 00:00 0 
7feefc000000-7feefc2e8000 rw-p 00000000 00:00 0 
7feefc2e8000-7fef00000000 ---p 00000000 00:00 0 
7fef00000000-7fef00001000 rw-s d0060000 00:06 553                        /dev/nvidia0
7fef00001000-7fef00005000 r--s 00097000 08:03 2493637                    /usr/lib/jvm/java-8-oracle/jre/lib/jsse.jar
7fef00005000-7fef00007000 r--s 00007000 08:03 2493758                    /usr/lib/jvm/java-8-oracle/jre/lib/jfxswt.jar
7fef00007000-7fef0000c000 r--s 00084000 08:03 2493792                    /usr/lib/jvm/java-8-oracle/jre/lib/jfr.jar
7fef0000c000-7fef00016000 r--s 0006c000 08:03 2493800                    /usr/lib/jvm/java-8-oracle/jre/lib/javaws.jar
7fef00016000-7fef0009a000 rw-p 00000000 00:00 0 
7fef0009a000-7fef00272000 r--s 03d2a000 08:03 2493685                    /usr/lib/jvm/java-8-oracle/jre/lib/rt.jar
7fef00272000-7fef004c4000 rw-p 00000000 00:00 0 
7fef004c4000-7fef004c5000 ---p 00000000 00:00 0 
7fef004c5000-7fef005c5000 rw-p 00000000 00:00 0 
7fef005c5000-7fef005c6000 ---p 00000000 00:00 0 
7fef005c6000-7fef006c6000 rw-p 00000000 00:00 0 
7fef006c6000-7fef006c7000 ---p 00000000 00:00 0 
7fef006c7000-7fef007c7000 rw-p 00000000 00:00 0 
7fef007c7000-7fef007c8000 ---p 00000000 00:00 0 
7fef007c8000-7fef008dc000 rw-p 00000000 00:00 0 
7fef008dc000-7fef00a06000 ---p 00000000 00:00 0 
7fef00a06000-7fef00a1a000 rw-p 00000000 00:00 0 
7fef00a1a000-7fef00b43000 ---p 00000000 00:00 0 
7fef00b43000-7fef00b4e000 rw-p 00000000 00:00 0 
7fef00b4e000-7fef00be2000 ---p 00000000 00:00 0 
7fef00be2000-7fef00bf3000 rw-p 00000000 00:00 0 
7fef00bf3000-7fef00fa3000 ---p 00000000 00:00 0 
7fef00fa3000-7fef00fbd000 r-xp 00000000 08:03 2493716                    /usr/lib/jvm/java-8-oracle/jre/lib/amd64/libzip.so
7fef00fbd000-7fef011bd000 ---p 0001a000 08:03 2493716                    /usr/lib/jvm/java-8-oracle/jre/lib/amd64/libzip.so
7fef011bd000-7fef011be000 rw-p 0001a000 08:03 2493716                    /usr/lib/jvm/java-8-oracle/jre/lib/amd64/libzip.so
7fef011be000-7fef011c9000 r-xp 00000000 08:03 1848107                    /lib/x86_64-linux-gnu/libnss_files-2.23.so
7fef011c9000-7fef013c8000 ---p 0000b000 08:03 1848107                    /lib/x86_64-linux-gnu/libnss_files-2.23.so
7fef013c8000-7fef013c9000 r--p 0000a000 08:03 1848107                    /lib/x86_64-linux-gnu/libnss_files-2.23.so
7fef013c9000-7fef013ca000 rw-p 0000b000 08:03 1848107                    /lib/x86_64-linux-gnu/libnss_files-2.23.so
7fef013ca000-7fef013d0000 rw-p 00000000 00:00 0 
7fef013d0000-7fef013db000 r-xp 00000000 08:03 1848104                    /lib/x86_64-linux-gnu/libnss_nis-2.23.so
7fef013db000-7fef015da000 ---p 0000b000 08:03 1848104                    /lib/x86_64-linux-gnu/libnss_nis-2.23.so
7fef015da000-7fef015db000 r--p 0000a000 08:03 1848104                    /lib/x86_64-linux-gnu/libnss_nis-2.23.so
7fef015db000-7fef015dc000 rw-p 0000b000 08:03 1848104                    /lib/x86_64-linux-gnu/libnss_nis-2.23.so
7fef015dc000-7fef015f2000 r-xp 00000000 08:03 1848102                    /lib/x86_64-linux-gnu/libnsl-2.23.so
7fef015f2000-7fef017f1000 ---p 00016000 08:03 1848102                    /lib/x86_64-linux-gnu/libnsl-2.23.so
7fef017f1000-7fef017f2000 r--p 00015000 08:03 1848102                    /lib/x86_64-linux-gnu/libnsl-2.23.so
7fef017f2000-7fef017f3000 rw-p 00016000 08:03 1848102                    /lib/x86_64-linux-gnu/libnsl-2.23.so
7fef017f3000-7fef017f5000 rw-p 00000000 00:00 0 
7fef017f5000-7fef017fd000 r-xp 00000000 08:03 1848100                    /lib/x86_64-linux-gnu/libnss_compat-2.23.so
7fef017fd000-7fef019fc000 ---p 00008000 08:03 1848100                    /lib/x86_64-linux-gnu/libnss_compat-2.23.so
7fef019fc000-7fef019fd000 r--p 00007000 08:03 1848100                    /lib/x86_64-linux-gnu/libnss_compat-2.23.so
7fef019fd000-7fef019fe000 rw-p 00008000 08:03 1848100                    /lib/x86_64-linux-gnu/libnss_compat-2.23.so
7fef019fe000-7fef01cd7000 r--p 00000000 08:03 393281                     /usr/lib/locale/locale-archive
7fef01cd7000-7fef01cd9000 r-xp 00000000 08:03 2493724                    /usr/lib/jvm/java-8-oracle/jre/lib/amd64/libnpt.so
7fef01cd9000-7fef01ed9000 ---p 00002000 08:03 2493724                    /usr/lib/jvm/java-8-oracle/jre/lib/amd64/libnpt.so
7fef01ed9000-7fef01eda000 rw-p 00002000 08:03 2493724                    /usr/lib/jvm/java-8-oracle/jre/lib/amd64/libnpt.so
7fef01eda000-7fef01f13000 r-xp 00000000 08:03 2493690                    /usr/lib/jvm/java-8-oracle/jre/lib/amd64/libjdwp.so
7fef01f13000-7fef02112000 ---p 00039000 08:03 2493690                    /usr/lib/jvm/java-8-oracle/jre/lib/amd64/libjdwp.so
7fef02112000-7fef02114000 rw-p 00038000 08:03 2493690                    /usr/lib/jvm/java-8-oracle/jre/lib/amd64/libjdwp.so
7fef02114000-7fef0213f000 r-xp 00000000 08:03 2493743                    /usr/lib/jvm/java-8-oracle/jre/lib/amd64/libjava.so
7fef0213f000-7fef0233e000 ---p 0002b000 08:03 2493743                    /usr/lib/jvm/java-8-oracle/jre/lib/amd64/libjava.so
7fef0233e000-7fef02340000 rw-p 0002a000 08:03 2493743                    /usr/lib/jvm/java-8-oracle/jre/lib/amd64/libjava.so
7fef02340000-7fef0234d000 r-xp 00000000 08:03 2493694                    /usr/lib/jvm/java-8-oracle/jre/lib/amd64/libverify.so
7fef0234d000-7fef0254c000 ---p 0000d000 08:03 2493694                    /usr/lib/jvm/java-8-oracle/jre/lib/amd64/libverify.so
7fef0254c000-7fef0254e000 rw-p 0000c000 08:03 2493694                    /usr/lib/jvm/java-8-oracle/jre/lib/amd64/libverify.so
7fef0254e000-7fef02555000 r-xp 00000000 08:03 1848116                    /lib/x86_64-linux-gnu/librt-2.23.so
7fef02555000-7fef02754000 ---p 00007000 08:03 1848116                    /lib/x86_64-linux-gnu/librt-2.23.so
7fef02754000-7fef02755000 r--p 00006000 08:03 1848116                    /lib/x86_64-linux-gnu/librt-2.23.so
7fef02755000-7fef02756000 rw-p 00007000 08:03 1848116                    /lib/x86_64-linux-gnu/librt-2.23.so
7fef02756000-7fef0285e000 r-xp 00000000 08:03 1848113                    /lib/x86_64-linux-gnu/libm-2.23.so
7fef0285e000-7fef02a5d000 ---p 00108000 08:03 1848113                    /lib/x86_64-linux-gnu/libm-2.23.so
7fef02a5d000-7fef02a5e000 r--p 00107000 08:03 1848113                    /lib/x86_64-linux-gnu/libm-2.23.so
7fef02a5e000-7fef02a5f000 rw-p 00108000 08:03 1848113                    /lib/x86_64-linux-gnu/libm-2.23.so
7fef02a5f000-7fef0372c000 r-xp 00000000 08:03 2493747                    /usr/lib/jvm/java-8-oracle/jre/lib/amd64/server/libjvm.so
7fef0372c000-7fef0392b000 ---p 00ccd000 08:03 2493747                    /usr/lib/jvm/java-8-oracle/jre/lib/amd64/server/libjvm.so
7fef0392b000-7fef03a04000 rw-p 00ccc000 08:03 2493747                    /usr/lib/jvm/java-8-oracle/jre/lib/amd64/server/libjvm.so
7fef03a04000-7fef03a4f000 rw-p 00000000 00:00 0 
7fef03a4f000-7fef03c0e000 r-xp 00000000 08:03 1848121                    /lib/x86_64-linux-gnu/libc-2.23.so
7fef03c0e000-7fef03e0e000 ---p 001bf000 08:03 1848121                    /lib/x86_64-linux-gnu/libc-2.23.so
7fef03e0e000-7fef03e12000 r--p 001bf000 08:03 1848121                    /lib/x86_64-linux-gnu/libc-2.23.so
7fef03e12000-7fef03e14000 rw-p 001c3000 08:03 1848121                    /lib/x86_64-linux-gnu/libc-2.23.so
7fef03e14000-7fef03e18000 rw-p 00000000 00:00 0 
7fef03e18000-7fef03e1b000 r-xp 00000000 08:03 1848122                    /lib/x86_64-linux-gnu/libdl-2.23.so
7fef03e1b000-7fef0401a000 ---p 00003000 08:03 1848122                    /lib/x86_64-linux-gnu/libdl-2.23.so
7fef0401a000-7fef0401b000 r--p 00002000 08:03 1848122                    /lib/x86_64-linux-gnu/libdl-2.23.so
7fef0401b000-7fef0401c000 rw-p 00003000 08:03 1848122                    /lib/x86_64-linux-gnu/libdl-2.23.so
7fef0401c000-7fef04031000 r-xp 00000000 08:03 2492804                    /usr/lib/jvm/java-8-oracle/lib/amd64/jli/libjli.so
7fef04031000-7fef04231000 ---p 00015000 08:03 2492804                    /usr/lib/jvm/java-8-oracle/lib/amd64/jli/libjli.so
7fef04231000-7fef04232000 rw-p 00015000 08:03 2492804                    /usr/lib/jvm/java-8-oracle/lib/amd64/jli/libjli.so
7fef04232000-7fef0424a000 r-xp 00000000 08:03 1848120                    /lib/x86_64-linux-gnu/libpthread-2.23.so
7fef0424a000-7fef04449000 ---p 00018000 08:03 1848120                    /lib/x86_64-linux-gnu/libpthread-2.23.so
7fef04449000-7fef0444a000 r--p 00017000 08:03 1848120                    /lib/x86_64-linux-gnu/libpthread-2.23.so
7fef0444a000-7fef0444b000 rw-p 00018000 08:03 1848120                    /lib/x86_64-linux-gnu/libpthread-2.23.so
7fef0444b000-7fef0444f000 rw-p 00000000 00:00 0 
7fef0444f000-7fef04475000 r-xp 00000000 08:03 1848117                    /lib/x86_64-linux-gnu/ld-2.23.so
7fef04475000-7fef04476000 r--s 00000000 08:03 2493764                    /usr/lib/jvm/java-8-oracle/jre/lib/management-agent.jar
7fef04476000-7fef04479000 r--s 0001a000 08:03 2493947                    /usr/lib/jvm/java-8-oracle/jre/lib/jce.jar
7fef04479000-7fef0454b000 rw-p 00000000 00:00 0 
7fef0454b000-7fef0454e000 ---p 00000000 00:00 0 
7fef0454e000-7fef04650000 rw-p 00000000 00:00 0 
7fef04650000-7fef04655000 r--s 002f9000 08:03 2493638                    /usr/lib/jvm/java-8-oracle/jre/lib/charsets.jar
7fef04655000-7fef04668000 rw-p 00000000 00:00 0 
7fef04668000-7fef04670000 rw-s 00000000 08:03 262239                     /tmp/hsperfdata_mostafa/7146
7fef04670000-7fef04671000 rw-p 00000000 00:00 0 
7fef04671000-7fef04672000 ---p 00000000 00:00 0 
7fef04672000-7fef04674000 rw-p 00000000 00:00 0 
7fef04674000-7fef04675000 r--p 00025000 08:03 1848117                    /lib/x86_64-linux-gnu/ld-2.23.so
7fef04675000-7fef04676000 rw-p 00026000 08:03 1848117                    /lib/x86_64-linux-gnu/ld-2.23.so
7fef04676000-7fef04677000 rw-p 00000000 00:00 0 
7fff629cb000-7fff629ec000 rw-p 00000000 00:00 0                          [stack]
7fff629fc000-7fff629fe000 r--p 00000000 00:00 0                          [vvar]
7fff629fe000-7fff62a00000 r-xp 00000000 00:00 0                          [vdso]
ffffffffff600000-ffffffffff601000 r-xp 00000000 00:00 0                  [vsyscall]

VM Arguments:
jvm_args: -agentlib:jdwp=transport=dt_socket,address=127.0.0.1:38926,suspend=y,server=n -Dfile.encoding=UTF-8 
java_command: sample.Main
java_class_path (initial): /usr/lib/jvm/java-8-oracle/jre/lib/charsets.jar:/usr/lib/jvm/java-8-oracle/jre/lib/deploy.jar:/usr/lib/jvm/java-8-oracle/jre/lib/ext/cldrdata.jar:/usr/lib/jvm/java-8-oracle/jre/lib/ext/dnsns.jar:/usr/lib/jvm/java-8-oracle/jre/lib/ext/jaccess.jar:/usr/lib/jvm/java-8-oracle/jre/lib/ext/jfxrt.jar:/usr/lib/jvm/java-8-oracle/jre/lib/ext/localedata.jar:/usr/lib/jvm/java-8-oracle/jre/lib/ext/nashorn.jar:/usr/lib/jvm/java-8-oracle/jre/lib/ext/sunec.jar:/usr/lib/jvm/java-8-oracle/jre/lib/ext/sunjce_provider.jar:/usr/lib/jvm/java-8-oracle/jre/lib/ext/sunpkcs11.jar:/usr/lib/jvm/java-8-oracle/jre/lib/ext/zipfs.jar:/usr/lib/jvm/java-8-oracle/jre/lib/javaws.jar:/usr/lib/jvm/java-8-oracle/jre/lib/jce.jar:/usr/lib/jvm/java-8-oracle/jre/lib/jfr.jar:/usr/lib/jvm/java-8-oracle/jre/lib/jfxswt.jar:/usr/lib/jvm/java-8-oracle/jre/lib/jsse.jar:/usr/lib/jvm/java-8-oracle/jre/lib/management-agent.jar:/usr/lib/jvm/java-8-oracle/jre/lib/plugin.jar:/usr/lib/jvm/java-8-oracle/jre/lib/resources.jar:/usr/lib/jvm/java-8-oracle/jre/lib/rt.jar:/home/mostafa/Desktop/Passing/out/production/Passing:/opt/intellij-idea-community/lib/idea_rt.jar
Launcher Type: SUN_STANDARD

Environment Variables:
JAVA_HOME=/usr/lib/jvm/java-8-oracle
PATH=/usr/local/sbin:/usr/local/bin:/usr/sbin:/usr/bin:/sbin:/bin:/usr/games:/usr/local/games:/snap/bin:/usr/lib/jvm/java-8-oracle/bin:/usr/lib/jvm/java-8-oracle/db/bin:/usr/lib/jvm/java-8-oracle/jre/bin
LD_LIBRARY_PATH=/opt/intellij-idea-community/bin:
SHELL=/bin/bash
DISPLAY=:0

Signal Handlers:
SIGSEGV: [libjvm.so+0xac64b0], sa_mask[0]=11111111011111111101111111111110, sa_flags=SA_RESTART|SA_SIGINFO
SIGBUS: [libjvm.so+0xac64b0], sa_mask[0]=11111111011111111101111111111110, sa_flags=SA_RESTART|SA_SIGINFO
SIGFPE: [libjvm.so+0x91f950], sa_mask[0]=11111111011111111101111111111110, sa_flags=SA_RESTART|SA_SIGINFO
SIGPIPE: SIG_IGN, sa_mask[0]=00000000000010000000000000000000, sa_flags=SA_RESTART
SIGXFSZ: [libjvm.so+0x91f950], sa_mask[0]=11111111011111111101111111111110, sa_flags=SA_RESTART|SA_SIGINFO
SIGILL: [libjvm.so+0x91f950], sa_mask[0]=11111111011111111101111111111110, sa_flags=SA_RESTART|SA_SIGINFO
SIGUSR1: SIG_DFL, sa_mask[0]=00000000000000000000000000000000, sa_flags=none
SIGUSR2: [libjvm.so+0x920f80], sa_mask[0]=00100000000000000000000000000000, sa_flags=SA_RESTART|SA_SIGINFO
SIGHUP: [libjvm.so+0x922380], sa_mask[0]=11111111011111111101111111111110, sa_flags=SA_RESTART|SA_SIGINFO
SIGINT: [libjvm.so+0x922380], sa_mask[0]=11111111011111111101111111111110, sa_flags=SA_RESTART|SA_SIGINFO
SIGTERM: [libjvm.so+0x922380], sa_mask[0]=11111111011111111101111111111110, sa_flags=SA_RESTART|SA_SIGINFO
SIGQUIT: [libjvm.so+0x922380], sa_mask[0]=11111111011111111101111111111110, sa_flags=SA_RESTART|SA_SIGINFO


---------------  S Y S T E M  ---------------

OS:DISTRIB_ID=Ubuntu
DISTRIB_RELEASE=16.04
DISTRIB_CODENAME=xenial
DISTRIB_DESCRIPTION="Ubuntu 16.04.1 LTS"

uname:Linux 4.4.0-47-generic #68-Ubuntu SMP Wed Oct 26 19:39:52 UTC 2016 x86_64
libc:glibc 2.23 NPTL 2.23 
rlimit: STACK 8192k, CORE 0k, NPROC 15037, NOFILE 65536, AS infinity
load average:0.58 0.94 0.85

/proc/meminfo:
MemTotal:        3896084 kB
MemFree:         1127288 kB
MemAvailable:    1296756 kB
Buffers:           17856 kB
Cached:           346872 kB
SwapCached:        43836 kB
Active:          1787508 kB
Inactive:         752880 kB
Active(anon):    1529548 kB
Inactive(anon):   653216 kB
Active(file):     257960 kB
Inactive(file):    99664 kB
Unevictable:         668 kB
Mlocked:             668 kB
SwapTotal:       7812092 kB
SwapFree:        7217188 kB
Dirty:              7888 kB
Writeback:             0 kB
AnonPages:       2152828 kB
Mapped:           151252 kB
Shmem:              7088 kB
Slab:              73976 kB
SReclaimable:      37012 kB
SUnreclaim:        36964 kB
KernelStack:       10032 kB
PageTables:        35192 kB
NFS_Unstable:          0 kB
Bounce:                0 kB
WritebackTmp:          0 kB
CommitLimit:     9760132 kB
Committed_AS:    5967404 kB
VmallocTotal:   34359738367 kB
VmallocUsed:           0 kB
VmallocChunk:          0 kB
HardwareCorrupted:     0 kB
AnonHugePages:   1558528 kB
CmaTotal:              0 kB
CmaFree:               0 kB
HugePages_Total:       0
HugePages_Free:        0
HugePages_Rsvd:        0
HugePages_Surp:        0
Hugepagesize:       2048 kB
DirectMap4k:      254208 kB
DirectMap2M:     3788800 kB


CPU:total 4 (2 cores per cpu, 2 threads per core) family 6 model 42 stepping 7, cmov, cx8, fxsr, mmx, sse, sse2, sse3, ssse3, sse4.1, sse4.2, popcnt, avx, aes, clmul, ht, tsc, tscinvbit

/proc/cpuinfo:
processor	: 0
vendor_id	: GenuineIntel
cpu family	: 6
model		: 42
model name	: Intel(R) Core(TM) i5-2450M CPU @ 2.50GHz
stepping	: 7
microcode	: 0x1b
cpu MHz		: 1541.015
cache size	: 3072 KB
physical id	: 0
siblings	: 4
core id		: 0
cpu cores	: 2
apicid		: 0
initial apicid	: 0
fpu		: yes
fpu_exception	: yes
cpuid level	: 13
wp		: yes
flags		: fpu vme de pse tsc msr pae mce cx8 apic sep mtrr pge mca cmov pat pse36 clflush dts acpi mmx fxsr sse sse2 ss ht tm pbe syscall nx rdtscp lm constant_tsc arch_perfmon pebs bts rep_good nopl xtopology nonstop_tsc aperfmperf eagerfpu pni pclmulqdq dtes64 monitor ds_cpl vmx est tm2 ssse3 cx16 xtpr pdcm pcid sse4_1 sse4_2 x2apic popcnt tsc_deadline_timer aes xsave avx lahf_lm epb tpr_shadow vnmi flexpriority ept vpid xsaveopt dtherm ida arat pln pts
bugs		:
bogomips	: 4988.62
clflush size	: 64
cache_alignment	: 64
address sizes	: 36 bits physical, 48 bits virtual
power management:

processor	: 1
vendor_id	: GenuineIntel
cpu family	: 6
model		: 42
model name	: Intel(R) Core(TM) i5-2450M CPU @ 2.50GHz
stepping	: 7
microcode	: 0x1b
cpu MHz		: 1412.988
cache size	: 3072 KB
physical id	: 0
siblings	: 4
core id		: 0
cpu cores	: 2
apicid		: 1
initial apicid	: 1
fpu		: yes
fpu_exception	: yes
cpuid level	: 13
wp		: yes
flags		: fpu vme de pse tsc msr pae mce cx8 apic sep mtrr pge mca cmov pat pse36 clflush dts acpi mmx fxsr sse sse2 ss ht tm pbe syscall nx rdtscp lm constant_tsc arch_perfmon pebs bts rep_good nopl xtopology nonstop_tsc aperfmperf eagerfpu pni pclmulqdq dtes64 monitor ds_cpl vmx est tm2 ssse3 cx16 xtpr pdcm pcid sse4_1 sse4_2 x2apic popcnt tsc_deadline_timer aes xsave avx lahf_lm epb tpr_shadow vnmi flexpriority ept vpid xsaveopt dtherm ida arat pln pts
bugs		:
bogomips	: 4988.62
clflush size	: 64
cache_alignment	: 64
address sizes	: 36 bits physical, 48 bits virtual
power management:

processor	: 2
vendor_id	: GenuineIntel
cpu family	: 6
model		: 42
model name	: Intel(R) Core(TM) i5-2450M CPU @ 2.50GHz
stepping	: 7
microcode	: 0x1b
cpu MHz		: 1513.281
cache size	: 3072 KB
physical id	: 0
siblings	: 4
core id		: 1
cpu cores	: 2
apicid		: 2
initial apicid	: 2
fpu		: yes
fpu_exception	: yes
cpuid level	: 13
wp		: yes
flags		: fpu vme de pse tsc msr pae mce cx8 apic sep mtrr pge mca cmov pat pse36 clflush dts acpi mmx fxsr sse sse2 ss ht tm pbe syscall nx rdtscp lm constant_tsc arch_perfmon pebs bts rep_good nopl xtopology nonstop_tsc aperfmperf eagerfpu pni pclmulqdq dtes64 monitor ds_cpl vmx est tm2 ssse3 cx16 xtpr pdcm pcid sse4_1 sse4_2 x2apic popcnt tsc_deadline_timer aes xsave avx lahf_lm epb tpr_shadow vnmi flexpriority ept vpid xsaveopt dtherm ida arat pln pts
bugs		:
bogomips	: 4988.62
clflush size	: 64
cache_alignment	: 64
address sizes	: 36 bits physical, 48 bits virtual
power management:

processor	: 3
vendor_id	: GenuineIntel
cpu family	: 6
model		: 42
model name	: Intel(R) Core(TM) i5-2450M CPU @ 2.50GHz
stepping	: 7
microcode	: 0x1b
cpu MHz		: 1421.582
cache size	: 3072 KB
physical id	: 0
siblings	: 4
core id		: 1
cpu cores	: 2
apicid		: 3
initial apicid	: 3
fpu		: yes
fpu_exception	: yes
cpuid level	: 13
wp		: yes
flags		: fpu vme de pse tsc msr pae mce cx8 apic sep mtrr pge mca cmov pat pse36 clflush dts acpi mmx fxsr sse sse2 ss ht tm pbe syscall nx rdtscp lm constant_tsc arch_perfmon pebs bts rep_good nopl xtopology nonstop_tsc aperfmperf eagerfpu pni pclmulqdq dtes64 monitor ds_cpl vmx est tm2 ssse3 cx16 xtpr pdcm pcid sse4_1 sse4_2 x2apic popcnt tsc_deadline_timer aes xsave avx lahf_lm epb tpr_shadow vnmi flexpriority ept vpid xsaveopt dtherm ida arat pln pts
bugs		:
bogomips	: 4988.62
clflush size	: 64
cache_alignment	: 64
address sizes	: 36 bits physical, 48 bits virtual
power management:



Memory: 4k page, physical 3896084k(1127288k free), swap 7812092k(7217188k free)

vm_info: Java HotSpot(TM) 64-Bit Server VM (25.111-b14) for linux-amd64 JRE (1.8.0_111-b14), built on Sep 22 2016 16:14:03 by "java_re" with gcc 4.3.0 20080428 (Red Hat 4.3.0-8)

time: Sat Dec  3 00:01:37 2016
elapsed time: 49 seconds (0d 0h 0m 49s)

