#
# A fatal error has been detected by the Java Runtime Environment:
#
#  SIGSEGV (0xb) at pc=0x00007f44581f5d28, pid=30143, tid=0x00007f43f035f700
#
# JRE version: Java(TM) SE Runtime Environment (8.0_111-b14) (build 1.8.0_111-b14)
# Java VM: Java HotSpot(TM) 64-Bit Server VM (25.111-b14 mixed mode linux-amd64 compressed oops)
# Problematic frame:
# V  [libjvm.so+0x6d1d28]  jni_invoke_nonstatic(JNIEnv_*, JavaValue*, _jobject*, JNICallType, _jmethodID*, JNI_ArgumentPusher*, Thread*)+0x38
#
# Failed to write core dump. Core dumps have been disabled. To enable core dumping, try "ulimit -c unlimited" before starting Java again
#
# If you would like to submit a bug report, please visit:
#   http://bugreport.java.com/bugreport/crash.jsp
#

---------------  T H R E A D  ---------------

Current thread (0x00007f440411b800):  JavaThread "JavaFX Application Thread" [_thread_in_vm, id=30181, stack(0x00007f43f025f000,0x00007f43f0360000)]

siginfo: si_signo: 11 (SIGSEGV), si_code: 1 (SEGV_MAPERR), si_addr: 0x00007f4300000000

Registers:
RAX=0x00007f43f035e1c0, RBX=0x00007f43f035e0d0, RCX=0x0000000000000001, RDX=0x00007f4300000000
RSP=0x00007f43f035df20, RBP=0x00007f43f035e0a0, RSI=0x00007f43f035e130, RDI=0x00007f440411b9f8
R8 =0x00007f440405e248, R9 =0x00007f43f035e0d0, R10=0x00007f43d4000b90, R11=0x00007f44413a88a0
R12=0x00007f440411b800, R13=0x00007f440405e248, R14=0x0000000000000001, R15=0x00007f440411b9f8
RIP=0x00007f44581f5d28, EFLAGS=0x0000000000010206, CSGSFS=0x0000000000000033, ERR=0x0000000000000004
  TRAPNO=0x000000000000000e

Top of Stack: (sp=0x00007f43f035df20)
0x00007f43f035df20:   00007f43f035e620 00007f43f035e240
0x00007f43f035df30:   00007f43f035df80 00007f43f035e000
0x00007f43f035df40:   00007f43f035e0d0 00007f43f035e130
0x00007f43f035df50:   00007f440411b9f8 00007f4458215830
0x00007f43f035df60:   00007f4410132710 00007f4410132720
0x00007f43f035df70:   00007f4410132af8 00000000000003d8
0x00007f43f035df80:   0000000000000000 00000000ec70a248
0x00007f43f035df90:   00007f440000006f 00007f440000000a
0x00007f43f035dfa0:   00000000ed12c560 0000000000000000
0x00007f43f035dfb0:   0000000000000000 0000000000000000
0x00007f43f035dfc0:   00007f44557d5570 0000000100000100
0x00007f43f035dfd0:   0000000000000000 00007f43f035df88
0x00007f43f035dfe0:   00007f43f035dfc9 0000000800000005
0x00007f43f035dff0:   0000000000000000 00007f44040df6c0
0x00007f43f035e000:   00007f4458a82af0 00007f44595936d0
0x00007f43f035e010:   00000000040fb180 00007f440411b800
0x00007f43f035e020:   0000000000000000 00007f44581f60fb
0x00007f43f035e030:   00007f44557c2258 00007f440411b800
0x00007f43f035e040:   00007f44557c2258 00007f440411b800
0x00007f43f035e050:   00007f43f035e1e0 00007f44557c2258
0x00007f43f035e060:   00007f44557c2258 00007f44557c2258
0x00007f43f035e070:   00007f4410132710 00007f43f035e0d0
0x00007f43f035e080:   00007f440411b800 00007f43f035e110
0x00007f43f035e090:   00007f440405e248 00007f440411b9f8
0x00007f43f035e0a0:   00007f43f035e190 00007f44581fa4cf
0x00007f43f035e0b0:   00007f440411b800 00007f443d132054
0x00007f43f035e0c0:   00007f43f035e1a8 00007f4300000000
0x00007f43f035e0d0:   00007f4458a83750 00007f44595936d0
0x00007f43f035e0e0:   00000000f035e150 65d5e28c00000063
0x00007f43f035e0f0:   0000000000000000 0000003000000018
0x00007f43f035e100:   00007f43f035e280 00007f43f035e1c0
0x00007f43f035e110:   00007f440411b800 0000000000000000 

Instructions: (pc=0x00007f44581f5d28)
0x00007f44581f5d08:   00 00 48 85 d2 48 89 bd b0 fe ff ff 48 89 b5 a8
0x00007f44581f5d18:   fe ff ff 4c 89 8d a0 fe ff ff 0f 84 78 09 00 00
0x00007f44581f5d28:   4c 8b 22 4d 85 e4 0f 84 6c 09 00 00 48 8b 45 10
0x00007f44581f5d38:   48 8b 98 38 01 00 00 48 83 7b 18 f7 0f 87 16 07 

Register to memory mapping:

RAX=0x00007f43f035e1c0 is pointing into the stack for thread: 0x00007f440411b800
RBX=0x00007f43f035e0d0 is pointing into the stack for thread: 0x00007f440411b800
RCX=0x0000000000000001 is an unknown value
RDX=0x00007f4300000000 is an unknown value
RSP=0x00007f43f035df20 is pointing into the stack for thread: 0x00007f440411b800
RBP=0x00007f43f035e0a0 is pointing into the stack for thread: 0x00007f440411b800
RSI=0x00007f43f035e130 is pointing into the stack for thread: 0x00007f440411b800
RDI=0x00007f440411b9f8 is an unknown value
R8 =0x00007f440405e248 is an unknown value
R9 =0x00007f43f035e0d0 is pointing into the stack for thread: 0x00007f440411b800
R10=0x00007f43d4000b90 is an unknown value
R11=0x00007f44413a88a0 is at entry_point+32 in (nmethod*)0x00007f44413a8710
R12=0x00007f440411b800 is a thread
R13=0x00007f440405e248 is an unknown value
R14=0x0000000000000001 is an unknown value
R15=0x00007f440411b9f8 is an unknown value


Stack: [0x00007f43f025f000,0x00007f43f0360000],  sp=0x00007f43f035df20,  free space=1019k
Native frames: (J=compiled Java code, j=interpreted, Vv=VM code, C=native code)
V  [libjvm.so+0x6d1d28]  jni_invoke_nonstatic(JNIEnv_*, JavaValue*, _jobject*, JNICallType, _jmethodID*, JNI_ArgumentPusher*, Thread*)+0x38
V  [libjvm.so+0x6d64cf]  jni_CallVoidMethodV+0x10f
C  [libglass.so+0x18641]  JNIEnv_::CallVoidMethod(_jobject*, _jmethodID*, ...)+0x81
C  [libglass.so+0x14f0f]  WindowContextBase::process_key(_GdkEventKey*)+0x20f
C  [libglass.so+0x19f60]  WindowContextBase::im_filter_keypress(_GdkEventKey*)+0x1c0
C  [libglass.so+0x1a91c]  process_events(_GdkEvent*, void*)+0x22c
C  [libgdk-x11-2.0.so.0+0x5ac4c]

Java frames: (J=compiled Java code, j=interpreted, Vv=VM code)
j  com.sun.glass.ui.gtk.GtkApplication._runLoop(Ljava/lang/Runnable;Z)V+0
j  com.sun.glass.ui.gtk.GtkApplication.lambda$null$49(Ljava/lang/Runnable;Z)V+7
j  com.sun.glass.ui.gtk.GtkApplication$$Lambda$43.run()V+12
j  java.lang.Thread.run()V+11
v  ~StubRoutines::call_stub

---------------  P R O C E S S  ---------------

Java Threads: ( => current thread )
  0x00007f43d4204000 JavaThread "Prism Font Disposer" daemon [_thread_blocked, id=30187, stack(0x00007f43ea43a000,0x00007f43ea53b000)]
=>0x00007f440411b800 JavaThread "JavaFX Application Thread" [_thread_in_vm, id=30181, stack(0x00007f43f025f000,0x00007f43f0360000)]
  0x00007f4404118000 JavaThread "Thread-2" daemon [_thread_blocked, id=30180, stack(0x00007f43f0360000,0x00007f43f0461000)]
  0x00007f440404b800 JavaThread "QuantumRenderer-0" daemon [_thread_blocked, id=30176, stack(0x00007f443dbab000,0x00007f443dcac000)]
  0x00007f44501d1000 JavaThread "JavaFX-Launcher" [_thread_blocked, id=30175, stack(0x00007f443dcac000,0x00007f443ddad000)]
  0x00007f4450123000 JavaThread "Monitor Ctrl-Break" daemon [_thread_in_native, id=30174, stack(0x00007f443e35b000,0x00007f443e45c000)]
  0x00007f44500c2000 JavaThread "Service Thread" daemon [_thread_blocked, id=30171, stack(0x00007f443e75f000,0x00007f443e860000)]
  0x00007f44500be800 JavaThread "C1 CompilerThread2" daemon [_thread_blocked, id=30169, stack(0x00007f443e860000,0x00007f443e961000)]
  0x00007f44500bd000 JavaThread "C2 CompilerThread1" daemon [_thread_in_native, id=30164, stack(0x00007f443e961000,0x00007f443ea62000)]
  0x00007f44500ba000 JavaThread "C2 CompilerThread0" daemon [_thread_in_native, id=30163, stack(0x00007f443ea62000,0x00007f443eb63000)]
  0x00007f44500b8800 JavaThread "Signal Dispatcher" daemon [_thread_blocked, id=30162, stack(0x00007f443eb63000,0x00007f443ec64000)]
  0x00007f4450084800 JavaThread "Finalizer" daemon [_thread_blocked, id=30160, stack(0x00007f443ef3d000,0x00007f443f03e000)]
  0x00007f4450080000 JavaThread "Reference Handler" daemon [_thread_blocked, id=30159, stack(0x00007f443f03e000,0x00007f443f13f000)]
  0x00007f445000a800 JavaThread "main" [_thread_blocked, id=30146, stack(0x00007f4459610000,0x00007f4459711000)]

Other Threads:
  0x00007f4450078000 VMThread [stack: 0x00007f443f13f000,0x00007f443f240000] [id=30157]
  0x00007f44500c4800 WatcherThread [stack: 0x00007f443e65e000,0x00007f443e75f000] [id=30173]

VM state:not at safepoint (normal execution)

VM Mutex/Monitor currently owned by a thread: None

Heap:
 PSYoungGen      total 17920K, used 3340K [0x00000000ec300000, 0x00000000ed700000, 0x0000000100000000)
  eden space 15360K, 5% used [0x00000000ec300000,0x00000000ec3cb220,0x00000000ed200000)
  from space 2560K, 98% used [0x00000000ed480000,0x00000000ed6f8030,0x00000000ed700000)
  to   space 2560K, 0% used [0x00000000ed200000,0x00000000ed200000,0x00000000ed480000)
 ParOldGen       total 40960K, used 3144K [0x00000000c4800000, 0x00000000c7000000, 0x00000000ec300000)
  object space 40960K, 7% used [0x00000000c4800000,0x00000000c4b123e8,0x00000000c7000000)
 Metaspace       used 15743K, capacity 16370K, committed 16512K, reserved 1062912K
  class space    used 2210K, capacity 2367K, committed 2432K, reserved 1048576K

Card table byte_map: [0x00007f44561e1000,0x00007f44563be000] byte_map_base: 0x00007f4455bbd000

Marking Bits: (ParMarkBitMap*) 0x00007f4458ae7220
 Begin Bits: [0x00007f443f240000, 0x00007f4440120000)
 End Bits:   [0x00007f4440120000, 0x00007f4441000000)

Polling page: 0x00007f4459736000

CodeCache: size=245760Kb used=4825Kb max_used=4825Kb free=240934Kb
 bounds [0x00007f4441000000, 0x00007f44414c0000, 0x00007f4450000000]
 total_blobs=2218 nmethods=1607 adapters=524
 compilation: enabled

Compilation events (10 events):
Event: 10.398 Thread 0x00007f44500be800 nmethod 1604 0x00007f44414b5190 code [0x00007f44414b5320, 0x00007f44414b5608]
Event: 10.398 Thread 0x00007f44500be800 1605       3       javafx.scene.control.Labeled::getLabelPadding (24 bytes)
Event: 10.399 Thread 0x00007f44500be800 nmethod 1605 0x00007f44414b5790 code [0x00007f44414b5920, 0x00007f44414b5c88]
Event: 10.399 Thread 0x00007f44500be800 1606       3       javafx.scene.Node::getOrientationParent (24 bytes)
Event: 10.399 Thread 0x00007f44500be800 nmethod 1606 0x00007f44414b5d50 code [0x00007f44414b5f00, 0x00007f44414b65c8]
Event: 10.399 Thread 0x00007f44500be800 1607       3       javafx.scene.layout.Region::getWidth (22 bytes)
Event: 10.400 Thread 0x00007f44500be800 nmethod 1607 0x00007f44414b6790 code [0x00007f44414b6920, 0x00007f44414b6ce8]
Event: 10.400 Thread 0x00007f44500be800 1608       3       javafx.scene.text.Text::getBoundsType (24 bytes)
Event: 10.400 Thread 0x00007f44500be800 nmethod 1608 0x00007f44414b6e10 code [0x00007f44414b6fc0, 0x00007f44414b75f8]
Event: 10.400 Thread 0x00007f44500be800 1610       3       javafx.scene.Node::invalidateLocalToSceneTransform (15 bytes)

GC Heap History (4 events):
Event: 0.837 GC heap before
{Heap before GC invocations=1 (full 0):
 PSYoungGen      total 17920K, used 15360K [0x00000000ec300000, 0x00000000ed700000, 0x0000000100000000)
  eden space 15360K, 100% used [0x00000000ec300000,0x00000000ed200000,0x00000000ed200000)
  from space 2560K, 0% used [0x00000000ed480000,0x00000000ed480000,0x00000000ed700000)
  to   space 2560K, 0% used [0x00000000ed200000,0x00000000ed200000,0x00000000ed480000)
 ParOldGen       total 40960K, used 0K [0x00000000c4800000, 0x00000000c7000000, 0x00000000ec300000)
  object space 40960K, 0% used [0x00000000c4800000,0x00000000c4800000,0x00000000c7000000)
 Metaspace       used 10059K, capacity 10460K, committed 10624K, reserved 1058816K
  class space    used 1240K, capacity 1368K, committed 1408K, reserved 1048576K
Event: 0.844 GC heap after
Heap after GC invocations=1 (full 0):
 PSYoungGen      total 17920K, used 2544K [0x00000000ec300000, 0x00000000ed700000, 0x0000000100000000)
  eden space 15360K, 0% used [0x00000000ec300000,0x00000000ec300000,0x00000000ed200000)
  from space 2560K, 99% used [0x00000000ed200000,0x00000000ed47c060,0x00000000ed480000)
  to   space 2560K, 0% used [0x00000000ed480000,0x00000000ed480000,0x00000000ed700000)
 ParOldGen       total 40960K, used 376K [0x00000000c4800000, 0x00000000c7000000, 0x00000000ec300000)
  object space 40960K, 0% used [0x00000000c4800000,0x00000000c485e000,0x00000000c7000000)
 Metaspace       used 10059K, capacity 10460K, committed 10624K, reserved 1058816K
  class space    used 1240K, capacity 1368K, committed 1408K, reserved 1048576K
}
Event: 10.320 GC heap before
{Heap before GC invocations=2 (full 0):
 PSYoungGen      total 17920K, used 17904K [0x00000000ec300000, 0x00000000ed700000, 0x0000000100000000)
  eden space 15360K, 100% used [0x00000000ec300000,0x00000000ed200000,0x00000000ed200000)
  from space 2560K, 99% used [0x00000000ed200000,0x00000000ed47c060,0x00000000ed480000)
  to   space 2560K, 0% used [0x00000000ed480000,0x00000000ed480000,0x00000000ed700000)
 ParOldGen       total 40960K, used 376K [0x00000000c4800000, 0x00000000c7000000, 0x00000000ec300000)
  object space 40960K, 0% used [0x00000000c4800000,0x00000000c485e000,0x00000000c7000000)
 Metaspace       used 15697K, capacity 16370K, committed 16512K, reserved 1062912K
  class space    used 2210K, capacity 2367K, committed 2432K, reserved 1048576K
Event: 10.334 GC heap after
Heap after GC invocations=2 (full 0):
 PSYoungGen      total 17920K, used 2528K [0x00000000ec300000, 0x00000000ed700000, 0x0000000100000000)
  eden space 15360K, 0% used [0x00000000ec300000,0x00000000ec300000,0x00000000ed200000)
  from space 2560K, 98% used [0x00000000ed480000,0x00000000ed6f8030,0x00000000ed700000)
  to   space 2560K, 0% used [0x00000000ed200000,0x00000000ed200000,0x00000000ed480000)
 ParOldGen       total 40960K, used 3144K [0x00000000c4800000, 0x00000000c7000000, 0x00000000ec300000)
  object space 40960K, 7% used [0x00000000c4800000,0x00000000c4b123e8,0x00000000c7000000)
 Metaspace       used 15697K, capacity 16370K, committed 16512K, reserved 1062912K
  class space    used 2210K, capacity 2367K, committed 2432K, reserved 1048576K
}

Deoptimization events (10 events):
Event: 1.119 Thread 0x00007f440411b800 Uncommon trap: reason=class_check action=maybe_recompile pc=0x00007f4441254334 method=java.io.DataInputStream.readShort()S @ 4
Event: 1.138 Thread 0x00007f440411b800 Uncommon trap: reason=class_check action=maybe_recompile pc=0x00007f444111d038 method=java.lang.String.equals(Ljava/lang/Object;)Z @ 8
Event: 1.138 Thread 0x00007f440411b800 Uncommon trap: reason=class_check action=maybe_recompile pc=0x00007f444111d038 method=java.lang.String.equals(Ljava/lang/Object;)Z @ 8
Event: 1.138 Thread 0x00007f440411b800 Uncommon trap: reason=class_check action=maybe_recompile pc=0x00007f444111d038 method=java.lang.String.equals(Ljava/lang/Object;)Z @ 8
Event: 1.261 Thread 0x00007f440411b800 Uncommon trap: reason=class_check action=maybe_recompile pc=0x00007f444111d038 method=java.lang.String.equals(Ljava/lang/Object;)Z @ 8
Event: 1.423 Thread 0x00007f440411b800 Uncommon trap: reason=unstable_if action=reinterpret pc=0x00007f44412b5b8c method=sun.net.www.ParseUtil.encodePath(Ljava/lang/String;Z)Ljava/lang/String; @ 109
Event: 1.561 Thread 0x00007f440411b800 Uncommon trap: reason=unstable_if action=reinterpret pc=0x00007f4441307ca4 method=jdk.internal.org.objectweb.asm.Type.getArgumentsAndReturnSizes(Ljava/lang/String;)I @ 47
Event: 2.254 Thread 0x00007f440404b800 Uncommon trap: reason=unstable_if action=reinterpret pc=0x00007f44413a049c method=java.lang.StrictMath.floorOrCeil(DDDD)D @ 115
Event: 3.002 Thread 0x00007f440411b800 Uncommon trap: reason=unstable_if action=reinterpret pc=0x00007f4441239ee0 method=java.lang.CharacterData.of(I)Ljava/lang/CharacterData; @ 4
Event: 10.294 Thread 0x00007f440411b800 Uncommon trap: reason=unstable_if action=reinterpret pc=0x00007f444141ca74 method=java.lang.StrictMath.floorOrCeil(DDDD)D @ 38

Internal exceptions (10 events):
Event: 0.288 Thread 0x00007f44501d1000 Exception <a 'java/security/PrivilegedActionException'> (0x00000000ec617dc0) thrown at [/HUDSON3/workspace/8-2-build-linux-amd64/jdk8u111/7883/hotspot/src/share/vm/prims/jvm.cpp, line 1386]
Event: 0.289 Thread 0x00007f44501d1000 Exception <a 'java/security/PrivilegedActionException'> (0x00000000ec61a200) thrown at [/HUDSON3/workspace/8-2-build-linux-amd64/jdk8u111/7883/hotspot/src/share/vm/prims/jvm.cpp, line 1386]
Event: 0.289 Thread 0x00007f44501d1000 Exception <a 'java/security/PrivilegedActionException'> (0x00000000ec61a410) thrown at [/HUDSON3/workspace/8-2-build-linux-amd64/jdk8u111/7883/hotspot/src/share/vm/prims/jvm.cpp, line 1386]
Event: 0.289 Thread 0x00007f44501d1000 Exception <a 'java/lang/NullPointerException'> (0x00000000ec61a9e8) thrown at [/HUDSON3/workspace/8-2-build-linux-amd64/jdk8u111/7883/hotspot/src/share/vm/interpreter/linkResolver.cpp, line 1178]
Event: 0.709 Thread 0x00007f440411b800 Exception <a 'java/lang/NullPointerException'> (0x00000000ece57f88) thrown at [/HUDSON3/workspace/8-2-build-linux-amd64/jdk8u111/7883/hotspot/src/share/vm/interpreter/linkResolver.cpp, line 1178]
Event: 0.709 Thread 0x00007f440411b800 Exception <a 'java/lang/NullPointerException'> (0x00000000ece57f88) thrown at [/HUDSON3/workspace/8-2-build-linux-amd64/jdk8u111/7883/hotspot/src/share/vm/prims/jvm.cpp, line 1390]
Event: 0.830 Thread 0x00007f440411b800 Exception <a 'java/lang/ArrayIndexOutOfBoundsException': 58> (0x00000000ed1e6ed8) thrown at [/HUDSON3/workspace/8-2-build-linux-amd64/jdk8u111/7883/hotspot/src/share/vm/interpreter/interpreterRuntime.cpp, line 366]
Event: 0.831 Thread 0x00007f440411b800 Exception <a 'java/lang/ArrayIndexOutOfBoundsException': 18> (0x00000000ed1e7d60) thrown at [/HUDSON3/workspace/8-2-build-linux-amd64/jdk8u111/7883/hotspot/src/share/vm/interpreter/interpreterRuntime.cpp, line 366]
Event: 0.831 Thread 0x00007f440411b800 Exception <a 'java/lang/ArrayIndexOutOfBoundsException': 86> (0x00000000ed1e9108) thrown at [/HUDSON3/workspace/8-2-build-linux-amd64/jdk8u111/7883/hotspot/src/share/vm/interpreter/interpreterRuntime.cpp, line 366]
Event: 0.994 Thread 0x00007f440411b800 Implicit null exception at 0x00007f4441265ef5 to 0x00007f44412660d5

Events (10 events):
Event: 10.211 loading class com/sun/prism/GraphicsResource done
Event: 10.212 loading class com/sun/javafx/tk/quantum/ViewScene
Event: 10.212 loading class com/sun/javafx/tk/quantum/ViewScene done
Event: 10.213 loading class com/sun/javafx/tk/quantum/WindowStage
Event: 10.213 loading class com/sun/javafx/tk/quantum/WindowStage done
Event: 10.294 Thread 0x00007f440411b800 Uncommon trap: trap_request=0xffffff65 fr.pc=0x00007f444141ca74
Event: 10.294 Thread 0x00007f440411b800 DEOPT PACKING pc=0x00007f444141ca74 sp=0x00007f43f035af50
Event: 10.294 Thread 0x00007f440411b800 DEOPT UNPACKING pc=0x00007f4441005229 sp=0x00007f43f035aed8 mode 2
Event: 10.320 Executing VM operation: ParallelGCFailedAllocation
Event: 10.334 Executing VM operation: ParallelGCFailedAllocation done


Dynamic libraries:
00400000-00401000 r-xp 00000000 08:03 2493609                            /usr/lib/jvm/java-8-oracle/bin/java
00600000-00601000 rw-p 00000000 08:03 2493609                            /usr/lib/jvm/java-8-oracle/bin/java
01eaf000-01ed0000 rw-p 00000000 00:00 0                                  [heap]
4050a000-4050c000 r-xs 00000000 08:03 262240                             /tmp/.glWOXGzq (deleted)
4074e000-407ee000 rw-p 00000000 00:00 0 
c4800000-c7000000 rw-p 00000000 00:00 0 
c7000000-ec300000 ---p 00000000 00:00 0 
ec300000-ed700000 rw-p 00000000 00:00 0 
ed700000-100000000 ---p 00000000 00:00 0 
100000000-100260000 rw-p 00000000 00:00 0 
100260000-140000000 ---p 00000000 00:00 0 
7f43d4000000-7f43d451d000 rw-p 00000000 00:00 0 
7f43d451d000-7f43d8000000 ---p 00000000 00:00 0 
7f43d8000000-7f43d8021000 rw-p 00000000 00:00 0 
7f43d8021000-7f43dc000000 ---p 00000000 00:00 0 
7f43dc000000-7f43dc022000 rw-p 00000000 00:00 0 
7f43dc022000-7f43e0000000 ---p 00000000 00:00 0 
7f43e0000000-7f43e0021000 rw-p 00000000 00:00 0 
7f43e0021000-7f43e4000000 ---p 00000000 00:00 0 
7f43e4000000-7f43e4021000 rw-p 00000000 00:00 0 
7f43e4021000-7f43e8000000 ---p 00000000 00:00 0 
7f43e9639000-7f43e9839000 rw-s 5d327000 00:06 552                        /dev/nvidiactl
7f43e9839000-7f43ea03a000 rw-p 00000000 00:00 0 
7f43ea03a000-7f43ea23a000 rw-s 122ab5000 00:06 552                       /dev/nvidiactl
7f43ea23a000-7f43ea3fa000 rw-p 00000000 00:00 0 
7f43ea3fa000-7f43ea43a000 ---p 00000000 00:00 0 
7f43ea43a000-7f43ea43d000 ---p 00000000 00:00 0 
7f43ea43d000-7f43ea53b000 rw-p 00000000 00:00 0 
7f43ea53b000-7f43ea5f4000 r--p 00000000 08:03 1312293                    /usr/share/fonts/truetype/dejavu/DejaVuSans.ttf
7f43ea5f4000-7f43ea608000 r--p 00000000 08:03 2493785                    /usr/lib/jvm/java-8-oracle/jre/lib/fonts/LucidaBrightItalic.ttf
7f43ea608000-7f43ea65d000 r--p 00000000 08:03 2493784                    /usr/lib/jvm/java-8-oracle/jre/lib/fonts/LucidaBrightRegular.ttf
7f43ea65d000-7f43ea708000 r--p 00000000 08:03 2493781                    /usr/lib/jvm/java-8-oracle/jre/lib/fonts/LucidaSansRegular.ttf
7f43ea708000-7f43ea71b000 r--p 00000000 08:03 2493789                    /usr/lib/jvm/java-8-oracle/jre/lib/fonts/LucidaBrightDemiItalic.ttf
7f43ea71b000-7f43ea755000 r--p 00000000 08:03 2493783                    /usr/lib/jvm/java-8-oracle/jre/lib/fonts/LucidaTypewriterBold.ttf
7f43ea755000-7f43ea768000 r--p 00000000 08:03 2493782                    /usr/lib/jvm/java-8-oracle/jre/lib/fonts/LucidaBrightDemiBold.ttf
7f43ea768000-7f43ea7a4000 r--p 00000000 08:03 2493787                    /usr/lib/jvm/java-8-oracle/jre/lib/fonts/LucidaTypewriterRegular.ttf
7f43ea7a4000-7f43ea7f2000 r--p 00000000 08:03 2493788                    /usr/lib/jvm/java-8-oracle/jre/lib/fonts/LucidaSansDemiBold.ttf
7f43ea7f2000-7f43ea7f6000 r-xp 00000000 08:03 2493730                    /usr/lib/jvm/java-8-oracle/jre/lib/amd64/libjavafx_font_pango.so
7f43ea7f6000-7f43ea9f5000 ---p 00004000 08:03 2493730                    /usr/lib/jvm/java-8-oracle/jre/lib/amd64/libjavafx_font_pango.so
7f43ea9f5000-7f43ea9f6000 rw-p 00003000 08:03 2493730                    /usr/lib/jvm/java-8-oracle/jre/lib/amd64/libjavafx_font_pango.so
7f43ea9f6000-7f43eabf6000 rw-p 00000000 00:00 0 
7f43eabf6000-7f43eabfb000 r-xp 00000000 08:03 2493726                    /usr/lib/jvm/java-8-oracle/jre/lib/amd64/libjavafx_font_freetype.so
7f43eabfb000-7f43eadfa000 ---p 00005000 08:03 2493726                    /usr/lib/jvm/java-8-oracle/jre/lib/amd64/libjavafx_font_freetype.so
7f43eadfa000-7f43eadfb000 rw-p 00004000 08:03 2493726                    /usr/lib/jvm/java-8-oracle/jre/lib/amd64/libjavafx_font_freetype.so
7f43eadfb000-7f43eadfe000 r-xp 00000000 08:03 2493688                    /usr/lib/jvm/java-8-oracle/jre/lib/amd64/libjavafx_font.so
7f43eadfe000-7f43eaffd000 ---p 00003000 08:03 2493688                    /usr/lib/jvm/java-8-oracle/jre/lib/amd64/libjavafx_font.so
7f43eaffd000-7f43eaffe000 rw-p 00002000 08:03 2493688                    /usr/lib/jvm/java-8-oracle/jre/lib/amd64/libjavafx_font.so
7f43eaffe000-7f43eafff000 ---p 00000000 00:00 0 
7f43eafff000-7f43eb7ff000 rw-p 00000000 00:00 0 
7f43eb7ff000-7f43eb800000 ---p 00000000 00:00 0 
7f43eb800000-7f43ec000000 rw-p 00000000 00:00 0 
7f43ec000000-7f43ec021000 rw-p 00000000 00:00 0 
7f43ec021000-7f43f0000000 ---p 00000000 00:00 0 
7f43f0003000-7f43f0008000 r--s 00084000 08:03 2493792                    /usr/lib/jvm/java-8-oracle/jre/lib/jfr.jar
7f43f0008000-7f43f0013000 r--s 00000000 08:03 664008                     /var/cache/fontconfig/945677eb7aeaf62f1d50efc3fb3ec7d8-le64.cache-6
7f43f0013000-7f43f0019000 r--s 00000000 08:03 664037                     /var/cache/fontconfig/2cd17615ca594fa2959ae173292e504c-le64.cache-6
7f43f0019000-7f43f001a000 r--s 00000000 08:03 664036                     /var/cache/fontconfig/0d8c3b2ac0904cb8a57a757ad11a4a08-le64.cache-6
7f43f001a000-7f43f002f000 r--s 00000000 08:03 664034                     /var/cache/fontconfig/04aabc0a78ac019cf9454389977116d2-le64.cache-6
7f43f002f000-7f43f0030000 r--s 00000000 08:03 664033                     /var/cache/fontconfig/1ac9eb803944fde146138c791f5cc56a-le64.cache-6
7f43f0030000-7f43f0034000 r--s 00000000 08:03 664032                     /var/cache/fontconfig/385c0604a188198f04d133e54aba7fe7-le64.cache-6
7f43f0034000-7f43f0035000 r--s 00000000 08:03 664030                     /var/cache/fontconfig/dc05db6664285cc2f12bf69c139ae4c3-le64.cache-6
7f43f0035000-7f43f0038000 r--s 00000000 08:03 664029                     /var/cache/fontconfig/767a8244fc0220cfb567a839d0392e0b-le64.cache-6
7f43f0038000-7f43f0039000 r--s 00000000 08:03 664027                     /var/cache/fontconfig/4794a0821666d79190d59a36cb4f44b5-le64.cache-6
7f43f0039000-7f43f003e000 r--s 00000000 08:03 664018                     /var/cache/fontconfig/8801497958630a81b71ace7c5f9b32a8-le64.cache-6
7f43f003e000-7f43f003f000 r--s 00000000 08:03 664017                     /var/cache/fontconfig/bab58bb527bb656aaa9f116d68a48d89-le64.cache-6
7f43f003f000-7f43f0046000 r--s 00000000 08:03 664015                     /var/cache/fontconfig/3047814df9a2f067bd2d96a2b9c36e5a-le64.cache-6
7f43f0046000-7f43f004c000 r--s 00000000 08:03 664011                     /var/cache/fontconfig/b47c4e1ecd0709278f4910c18777a504-le64.cache-6
7f43f004c000-7f43f005f000 r--s 00000000 08:03 664009                     /var/cache/fontconfig/d52a8644073d54c13679302ca1180695-le64.cache-6
7f43f005f000-7f43f025f000 rw-p 00000000 00:00 0 
7f43f025f000-7f43f0262000 ---p 00000000 00:00 0 
7f43f0262000-7f43f0360000 rw-p 00000000 00:00 0 
7f43f0360000-7f43f0363000 ---p 00000000 00:00 0 
7f43f0363000-7f43f0461000 rw-p 00000000 00:00 0 
7f43f0461000-7f43f0462000 ---p 00000000 00:00 0 
7f43f0462000-7f43f0c62000 rw-p 00000000 00:00 0 
7f43f0c62000-7f43f0c6d000 r-xp 00000000 08:03 657319                     /usr/lib/x86_64-linux-gnu/gio/modules/libdconfsettings.so
7f43f0c6d000-7f43f0e6d000 ---p 0000b000 08:03 657319                     /usr/lib/x86_64-linux-gnu/gio/modules/libdconfsettings.so
7f43f0e6d000-7f43f0e6e000 r--p 0000b000 08:03 657319                     /usr/lib/x86_64-linux-gnu/gio/modules/libdconfsettings.so
7f43f0e6e000-7f43f0e6f000 rw-p 0000c000 08:03 657319                     /usr/lib/x86_64-linux-gnu/gio/modules/libdconfsettings.so
7f43f0e6f000-7f43f0eb7000 r--p 00000000 08:03 1312548                    /usr/share/glib-2.0/schemas/gschemas.compiled
7f43f0eb7000-7f43f0ebe000 r-xp 00000000 08:03 403656                     /usr/lib/x86_64-linux-gnu/libogg.so.0.8.2
7f43f0ebe000-7f43f10be000 ---p 00007000 08:03 403656                     /usr/lib/x86_64-linux-gnu/libogg.so.0.8.2
7f43f10be000-7f43f10bf000 r--p 00007000 08:03 403656                     /usr/lib/x86_64-linux-gnu/libogg.so.0.8.2
7f43f10bf000-7f43f10c0000 rw-p 00008000 08:03 403656                     /usr/lib/x86_64-linux-gnu/libogg.so.0.8.2
7f43f10c0000-7f43f10ea000 r-xp 00000000 08:03 404005                     /usr/lib/x86_64-linux-gnu/libvorbis.so.0.4.8
7f43f10ea000-7f43f12ea000 ---p 0002a000 08:03 404005                     /usr/lib/x86_64-linux-gnu/libvorbis.so.0.4.8
7f43f12ea000-7f43f12eb000 r--p 0002a000 08:03 404005                     /usr/lib/x86_64-linux-gnu/libvorbis.so.0.4.8
7f43f12eb000-7f43f12ec000 rw-p 0002b000 08:03 404005                     /usr/lib/x86_64-linux-gnu/libvorbis.so.0.4.8
7f43f12ec000-7f43f12f5000 r-xp 00000000 08:03 403523                     /usr/lib/x86_64-linux-gnu/libltdl.so.7.3.1
7f43f12f5000-7f43f14f4000 ---p 00009000 08:03 403523                     /usr/lib/x86_64-linux-gnu/libltdl.so.7.3.1
7f43f14f4000-7f43f14f5000 r--p 00008000 08:03 403523                     /usr/lib/x86_64-linux-gnu/libltdl.so.7.3.1
7f43f14f5000-7f43f14f6000 rw-p 00009000 08:03 403523                     /usr/lib/x86_64-linux-gnu/libltdl.so.7.3.1
7f43f14f6000-7f43f150a000 r-xp 00000000 08:03 403898                     /usr/lib/x86_64-linux-gnu/libtdb.so.1.3.8
7f43f150a000-7f43f1709000 ---p 00014000 08:03 403898                     /usr/lib/x86_64-linux-gnu/libtdb.so.1.3.8
7f43f1709000-7f43f170a000 r--p 00013000 08:03 403898                     /usr/lib/x86_64-linux-gnu/libtdb.so.1.3.8
7f43f170a000-7f43f170b000 rw-p 00014000 08:03 403898                     /usr/lib/x86_64-linux-gnu/libtdb.so.1.3.8
7f43f170b000-7f43f1712000 r-xp 00000000 08:03 404009                     /usr/lib/x86_64-linux-gnu/libvorbisfile.so.3.3.7
7f43f1712000-7f43f1912000 ---p 00007000 08:03 404009                     /usr/lib/x86_64-linux-gnu/libvorbisfile.so.3.3.7
7f43f1912000-7f43f1913000 r--p 00007000 08:03 404009                     /usr/lib/x86_64-linux-gnu/libvorbisfile.so.3.3.7
7f43f1913000-7f43f1914000 rw-p 00008000 08:03 404009                     /usr/lib/x86_64-linux-gnu/libvorbisfile.so.3.3.7
7f43f1914000-7f43f1924000 r-xp 00000000 08:03 402920                     /usr/lib/x86_64-linux-gnu/libcanberra.so.0.2.5
7f43f1924000-7f43f1b23000 ---p 00010000 08:03 402920                     /usr/lib/x86_64-linux-gnu/libcanberra.so.0.2.5
7f43f1b23000-7f43f1b24000 r--p 0000f000 08:03 402920                     /usr/lib/x86_64-linux-gnu/libcanberra.so.0.2.5
7f43f1b24000-7f43f1b25000 rw-p 00010000 08:03 402920                     /usr/lib/x86_64-linux-gnu/libcanberra.so.0.2.5
7f43f1b25000-7f43f1b29000 r-xp 00000000 08:03 402916                     /usr/lib/x86_64-linux-gnu/libcanberra-gtk.so.0.1.9
7f43f1b29000-7f43f1d28000 ---p 00004000 08:03 402916                     /usr/lib/x86_64-linux-gnu/libcanberra-gtk.so.0.1.9
7f43f1d28000-7f43f1d29000 r--p 00003000 08:03 402916                     /usr/lib/x86_64-linux-gnu/libcanberra-gtk.so.0.1.9
7f43f1d29000-7f43f1d2a000 rw-p 00004000 08:03 402916                     /usr/lib/x86_64-linux-gnu/libcanberra-gtk.so.0.1.9
7f43f1d2a000-7f43f1d2f000 r-xp 00000000 08:03 657534                     /usr/lib/x86_64-linux-gnu/gtk-2.0/modules/libcanberra-gtk-module.so
7f43f1d2f000-7f43f1f2e000 ---p 00005000 08:03 657534                     /usr/lib/x86_64-linux-gnu/gtk-2.0/modules/libcanberra-gtk-module.so
7f43f1f2e000-7f43f1f2f000 r--p 00004000 08:03 657534                     /usr/lib/x86_64-linux-gnu/gtk-2.0/modules/libcanberra-gtk-module.so
7f43f1f2f000-7f43f1f30000 rw-p 00005000 08:03 657534                     /usr/lib/x86_64-linux-gnu/gtk-2.0/modules/libcanberra-gtk-module.so
7f43f1f30000-7f43f1f60000 r-xp 00000000 08:03 657346                     /usr/lib/x86_64-linux-gnu/gtk-2.0/2.10.0/engines/libmurrine.so
7f43f1f60000-7f43f2160000 ---p 00030000 08:03 657346                     /usr/lib/x86_64-linux-gnu/gtk-2.0/2.10.0/engines/libmurrine.so
7f43f2160000-7f43f2161000 r--p 00030000 08:03 657346                     /usr/lib/x86_64-linux-gnu/gtk-2.0/2.10.0/engines/libmurrine.so
7f43f2161000-7f43f2162000 rw-p 00031000 08:03 657346                     /usr/lib/x86_64-linux-gnu/gtk-2.0/2.10.0/engines/libmurrine.so
7f43f2162000-7f43f2172000 r-xp 00000000 08:03 403954                     /usr/lib/x86_64-linux-gnu/libunity-gtk2-parser.so.0.0.0
7f43f2172000-7f43f2372000 ---p 00010000 08:03 403954                     /usr/lib/x86_64-linux-gnu/libunity-gtk2-parser.so.0.0.0
7f43f2372000-7f43f2373000 r--p 00010000 08:03 403954                     /usr/lib/x86_64-linux-gnu/libunity-gtk2-parser.so.0.0.0
7f43f2373000-7f43f2374000 rw-p 00011000 08:03 403954                     /usr/lib/x86_64-linux-gnu/libunity-gtk2-parser.so.0.0.0
7f43f2374000-7f43f2379000 r-xp 00000000 08:03 657538                     /usr/lib/x86_64-linux-gnu/gtk-2.0/modules/libunity-gtk-module.so
7f43f2379000-7f43f2578000 ---p 00005000 08:03 657538                     /usr/lib/x86_64-linux-gnu/gtk-2.0/modules/libunity-gtk-module.so
7f43f2578000-7f43f2579000 r--p 00004000 08:03 657538                     /usr/lib/x86_64-linux-gnu/gtk-2.0/modules/libunity-gtk-module.so
7f43f2579000-7f43f257a000 rw-p 00005000 08:03 657538                     /usr/lib/x86_64-linux-gnu/gtk-2.0/modules/libunity-gtk-module.so
7f43f257a000-7f43f258c000 r-xp 00000000 08:03 1840172                    /lib/x86_64-linux-gnu/libgpg-error.so.0.17.0
7f43f258c000-7f43f278c000 ---p 00012000 08:03 1840172                    /lib/x86_64-linux-gnu/libgpg-error.so.0.17.0
7f43f278c000-7f43f278d000 r--p 00012000 08:03 1840172                    /lib/x86_64-linux-gnu/libgpg-error.so.0.17.0
7f43f278d000-7f43f278e000 rw-p 00013000 08:03 1840172                    /lib/x86_64-linux-gnu/libgpg-error.so.0.17.0
7f43f278e000-7f43f2866000 r-xp 00000000 08:03 1839881                    /lib/x86_64-linux-gnu/libgcrypt.so.20.0.5
7f43f2866000-7f43f2a65000 ---p 000d8000 08:03 1839881                    /lib/x86_64-linux-gnu/libgcrypt.so.20.0.5
7f43f2a65000-7f43f2a66000 r--p 000d7000 08:03 1839881                    /lib/x86_64-linux-gnu/libgcrypt.so.20.0.5
7f43f2a66000-7f43f2a6e000 rw-p 000d8000 08:03 1839881                    /lib/x86_64-linux-gnu/libgcrypt.so.20.0.5
7f43f2a6e000-7f43f2a6f000 rw-p 00000000 00:00 0 
7f43f2a6f000-7f43f2a90000 r-xp 00000000 08:03 1840195                    /lib/x86_64-linux-gnu/liblzma.so.5.0.0
7f43f2a90000-7f43f2c8f000 ---p 00021000 08:03 1840195                    /lib/x86_64-linux-gnu/liblzma.so.5.0.0
7f43f2c8f000-7f43f2c90000 r--p 00020000 08:03 1840195                    /lib/x86_64-linux-gnu/liblzma.so.5.0.0
7f43f2c90000-7f43f2c91000 rw-p 00021000 08:03 1840195                    /lib/x86_64-linux-gnu/liblzma.so.5.0.0
7f43f2c91000-7f43f2d11000 r-xp 00000000 08:03 1836670                    /lib/x86_64-linux-gnu/libsystemd.so.0.14.0
7f43f2d11000-7f43f2d14000 r--p 0007f000 08:03 1836670                    /lib/x86_64-linux-gnu/libsystemd.so.0.14.0
7f43f2d14000-7f43f2d15000 rw-p 00082000 08:03 1836670                    /lib/x86_64-linux-gnu/libsystemd.so.0.14.0
7f43f2d15000-7f43f2d16000 rw-p 00000000 00:00 0 
7f43f2d16000-7f43f2d60000 r-xp 00000000 08:03 1839804                    /lib/x86_64-linux-gnu/libdbus-1.so.3.14.6
7f43f2d60000-7f43f2f60000 ---p 0004a000 08:03 1839804                    /lib/x86_64-linux-gnu/libdbus-1.so.3.14.6
7f43f2f60000-7f43f2f61000 r--p 0004a000 08:03 1839804                    /lib/x86_64-linux-gnu/libdbus-1.so.3.14.6
7f43f2f61000-7f43f2f62000 rw-p 0004b000 08:03 1839804                    /lib/x86_64-linux-gnu/libdbus-1.so.3.14.6
7f43f2f62000-7f43f2f8e000 r-xp 00000000 08:03 402862                     /usr/lib/x86_64-linux-gnu/libatspi.so.0.0.1
7f43f2f8e000-7f43f318d000 ---p 0002c000 08:03 402862                     /usr/lib/x86_64-linux-gnu/libatspi.so.0.0.1
7f43f318d000-7f43f3190000 r--p 0002b000 08:03 402862                     /usr/lib/x86_64-linux-gnu/libatspi.so.0.0.1
7f43f3190000-7f43f3191000 rw-p 0002e000 08:03 402862                     /usr/lib/x86_64-linux-gnu/libatspi.so.0.0.1
7f43f3191000-7f43f31be000 r-xp 00000000 08:03 402856                     /usr/lib/x86_64-linux-gnu/libatk-bridge-2.0.so.0.0.0
7f43f31be000-7f43f33bd000 ---p 0002d000 08:03 402856                     /usr/lib/x86_64-linux-gnu/libatk-bridge-2.0.so.0.0.0
7f43f33bd000-7f43f33be000 r--p 0002c000 08:03 402856                     /usr/lib/x86_64-linux-gnu/libatk-bridge-2.0.so.0.0.0
7f43f33be000-7f43f33c0000 rw-p 0002d000 08:03 402856                     /usr/lib/x86_64-linux-gnu/libatk-bridge-2.0.so.0.0.0
7f43f33c0000-7f43f33c1000 r-xp 00000000 08:03 657533                     /usr/lib/x86_64-linux-gnu/gtk-2.0/modules/libatk-bridge.so
7f43f33c1000-7f43f35c0000 ---p 00001000 08:03 657533                     /usr/lib/x86_64-linux-gnu/gtk-2.0/modules/libatk-bridge.so
7f43f35c0000-7f43f35c1000 r--p 00000000 08:03 657533                     /usr/lib/x86_64-linux-gnu/gtk-2.0/modules/libatk-bridge.so
7f43f35c1000-7f43f35c2000 rw-p 00001000 08:03 657533                     /usr/lib/x86_64-linux-gnu/gtk-2.0/modules/libatk-bridge.so
7f43f35c2000-7f43f35c9000 r-xp 00000000 08:03 403191                     /usr/lib/x86_64-linux-gnu/libgailutil.so.18.0.1
7f43f35c9000-7f43f37c8000 ---p 00007000 08:03 403191                     /usr/lib/x86_64-linux-gnu/libgailutil.so.18.0.1
7f43f37c8000-7f43f37c9000 r--p 00006000 08:03 403191                     /usr/lib/x86_64-linux-gnu/libgailutil.so.18.0.1
7f43f37c9000-7f43f37ca000 rw-p 00007000 08:03 403191                     /usr/lib/x86_64-linux-gnu/libgailutil.so.18.0.1
7f43f37ca000-7f43f37cb000 r--s 00000000 08:03 664014                     /var/cache/fontconfig/56cf4f4769d0f4abc89a4895d7bd3ae1-le64.cache-6
7f43f37cb000-7f43f37cf000 r--s 00000000 08:03 664006                     /var/cache/fontconfig/d589a48862398ed80a3d6066f4f56f4c-le64.cache-6
7f43f37cf000-7f43f37da000 r--s 00000000 08:03 663991                     /var/cache/fontconfig/83bf95040141907cd45bb53cf7c1c148-le64.cache-6
7f43f37da000-7f43f37ec000 r--s 00000000 08:03 663987                     /var/cache/fontconfig/9b89f8e3dae116d678bbf48e5f21f69b-le64.cache-6
7f43f37ec000-7f43f383a000 r-xp 00000000 08:03 657536                     /usr/lib/x86_64-linux-gnu/gtk-2.0/modules/libgail.so
7f43f383a000-7f43f3a39000 ---p 0004e000 08:03 657536                     /usr/lib/x86_64-linux-gnu/gtk-2.0/modules/libgail.so
7f43f3a39000-7f43f3a3a000 r--p 0004d000 08:03 657536                     /usr/lib/x86_64-linux-gnu/gtk-2.0/modules/libgail.so
7f43f3a3a000-7f43f3a3c000 rw-p 0004e000 08:03 657536                     /usr/lib/x86_64-linux-gnu/gtk-2.0/modules/libgail.so
7f43f3a3c000-7f43f3a4d000 r-xp 00000000 08:03 657537                     /usr/lib/x86_64-linux-gnu/gtk-2.0/modules/liboverlay-scrollbar.so
7f43f3a4d000-7f43f3c4d000 ---p 00011000 08:03 657537                     /usr/lib/x86_64-linux-gnu/gtk-2.0/modules/liboverlay-scrollbar.so
7f43f3c4d000-7f43f3c4e000 r--p 00011000 08:03 657537                     /usr/lib/x86_64-linux-gnu/gtk-2.0/modules/liboverlay-scrollbar.so
7f43f3c4e000-7f43f3c4f000 rw-p 00012000 08:03 657537                     /usr/lib/x86_64-linux-gnu/gtk-2.0/modules/liboverlay-scrollbar.so
7f43f3c4f000-7f43f3c78000 r-xp 00000000 08:03 2493738                    /usr/lib/jvm/java-8-oracle/jre/lib/amd64/libglass.so
7f43f3c78000-7f43f3e77000 ---p 00029000 08:03 2493738                    /usr/lib/jvm/java-8-oracle/jre/lib/amd64/libglass.so
7f43f3e77000-7f43f3e7a000 rw-p 00028000 08:03 2493738                    /usr/lib/jvm/java-8-oracle/jre/lib/amd64/libglass.so
7f43f3e7a000-7f43f3efa000 rw-s 90ed6000 00:06 552                        /dev/nvidiactl
7f43f3efa000-7f43f3f7a000 rw-s 912d5000 00:06 552                        /dev/nvidiactl
7f43f3f7a000-7f43f3ffa000 rw-s 3de9c000 00:06 552                        /dev/nvidiactl
7f43f3ffa000-7f43f40fa000 rw-s 5d246000 00:06 552                        /dev/nvidiactl
7f43f40fa000-7f43f411a000 rw-s a00a0000 00:06 553                        /dev/nvidia0
7f43f411a000-7f43f415a000 rw-s 3347a000 00:06 552                        /dev/nvidiactl
7f43f415a000-7f43f54f3000 r-xp 00000000 08:03 397054                     /usr/lib/nvidia-367/libnvidia-glcore.so.367.57
7f43f54f3000-7f43f5513000 rwxp 01399000 08:03 397054                     /usr/lib/nvidia-367/libnvidia-glcore.so.367.57
7f43f5513000-7f43f58b4000 r-xp 013b9000 08:03 397054                     /usr/lib/nvidia-367/libnvidia-glcore.so.367.57
7f43f58b4000-7f43f5ab3000 ---p 0175a000 08:03 397054                     /usr/lib/nvidia-367/libnvidia-glcore.so.367.57
7f43f5ab3000-7f43f5e7b000 rw-p 01759000 08:03 397054                     /usr/lib/nvidia-367/libnvidia-glcore.so.367.57
7f43f5e7b000-7f43f5e93000 rw-p 00000000 00:00 0 
7f43f5e93000-7f43f5e96000 r-xp 00000000 08:03 397058                     /usr/lib/nvidia-367/tls/libnvidia-tls.so.367.57
7f43f5e96000-7f43f6096000 ---p 00003000 08:03 397058                     /usr/lib/nvidia-367/tls/libnvidia-tls.so.367.57
7f43f6096000-7f43f6097000 rw-p 00003000 08:03 397058                     /usr/lib/nvidia-367/tls/libnvidia-tls.so.367.57
7f43f6097000-7f43f615f000 r-xp 00000000 08:03 397034                     /usr/lib/nvidia-367/libGLX_nvidia.so.367.57
7f43f615f000-7f43f6193000 rwxp 000c8000 08:03 397034                     /usr/lib/nvidia-367/libGLX_nvidia.so.367.57
7f43f6193000-7f43f61a6000 r-xp 000fc000 08:03 397034                     /usr/lib/nvidia-367/libGLX_nvidia.so.367.57
7f43f61a6000-7f43f63a6000 ---p 0010f000 08:03 397034                     /usr/lib/nvidia-367/libGLX_nvidia.so.367.57
7f43f63a6000-7f43f63ce000 rw-p 0010f000 08:03 397034                     /usr/lib/nvidia-367/libGLX_nvidia.so.367.57
7f43f63ce000-7f43f63d5000 rw-p 00000000 00:00 0 
7f43f63d5000-7f43f63db000 r-xp 00000000 08:03 403003                     /usr/lib/x86_64-linux-gnu/libdatrie.so.1.3.3
7f43f63db000-7f43f65db000 ---p 00006000 08:03 403003                     /usr/lib/x86_64-linux-gnu/libdatrie.so.1.3.3
7f43f65db000-7f43f65dc000 r--p 00006000 08:03 403003                     /usr/lib/x86_64-linux-gnu/libdatrie.so.1.3.3
7f43f65dc000-7f43f65dd000 rw-p 00007000 08:03 403003                     /usr/lib/x86_64-linux-gnu/libdatrie.so.1.3.3
7f43f65dd000-7f43f65e2000 r-xp 00000000 08:03 402761                     /usr/lib/x86_64-linux-gnu/libXdmcp.so.6.0.0
7f43f65e2000-7f43f67e1000 ---p 00005000 08:03 402761                     /usr/lib/x86_64-linux-gnu/libXdmcp.so.6.0.0
7f43f67e1000-7f43f67e2000 r--p 00004000 08:03 402761                     /usr/lib/x86_64-linux-gnu/libXdmcp.so.6.0.0
7f43f67e2000-7f43f67e3000 rw-p 00005000 08:03 402761                     /usr/lib/x86_64-linux-gnu/libXdmcp.so.6.0.0
7f43f67e3000-7f43f67e5000 r-xp 00000000 08:03 402750                     /usr/lib/x86_64-linux-gnu/libXau.so.6.0.0
7f43f67e5000-7f43f69e5000 ---p 00002000 08:03 402750                     /usr/lib/x86_64-linux-gnu/libXau.so.6.0.0
7f43f69e5000-7f43f69e6000 r--p 00002000 08:03 402750                     /usr/lib/x86_64-linux-gnu/libXau.so.6.0.0
7f43f69e6000-7f43f69e7000 rw-p 00003000 08:03 402750                     /usr/lib/x86_64-linux-gnu/libXau.so.6.0.0
7f43f69e7000-7f43f6a0a000 r-xp 00000000 08:03 403307                     /usr/lib/x86_64-linux-gnu/libgraphite2.so.3.0.1
7f43f6a0a000-7f43f6c09000 ---p 00023000 08:03 403307                     /usr/lib/x86_64-linux-gnu/libgraphite2.so.3.0.1
7f43f6c09000-7f43f6c0b000 r--p 00022000 08:03 403307                     /usr/lib/x86_64-linux-gnu/libgraphite2.so.3.0.1
7f43f6c0b000-7f43f6c0c000 rw-p 00024000 08:03 403307                     /usr/lib/x86_64-linux-gnu/libgraphite2.so.3.0.1
7f43f6c0c000-7f43f6c5a000 r-xp 00000000 08:03 397050                     /usr/lib/nvidia-367/libGLdispatch.so.0
7f43f6c5a000-7f43f6c8c000 r-xp 0004e000 08:03 397050                     /usr/lib/nvidia-367/libGLdispatch.so.0
7f43f6c8c000-7f43f6cc6000 r-xp 00080000 08:03 397050                     /usr/lib/nvidia-367/libGLdispatch.so.0
7f43f6cc6000-7f43f6ec6000 ---p 000ba000 08:03 397050                     /usr/lib/nvidia-367/libGLdispatch.so.0
7f43f6ec6000-7f43f6ed5000 rw-p 000ba000 08:03 397050                     /usr/lib/nvidia-367/libGLdispatch.so.0
7f43f6ed5000-7f43f6ef5000 rw-p 00000000 00:00 0 
7f43f6ef5000-7f43f6f05000 r-xp 00000000 08:03 397067                     /usr/lib/nvidia-367/libGLX.so.0
7f43f6f05000-7f43f7105000 ---p 00010000 08:03 397067                     /usr/lib/nvidia-367/libGLX.so.0
7f43f7105000-7f43f7106000 rw-p 00010000 08:03 397067                     /usr/lib/nvidia-367/libGLX.so.0
7f43f7106000-7f43f7126000 rw-p 00000000 00:00 0 
7f43f7126000-7f43f7194000 r-xp 00000000 08:03 1840257                    /lib/x86_64-linux-gnu/libpcre.so.3.13.2
7f43f7194000-7f43f7394000 ---p 0006e000 08:03 1840257                    /lib/x86_64-linux-gnu/libpcre.so.3.13.2
7f43f7394000-7f43f7395000 r--p 0006e000 08:03 1840257                    /lib/x86_64-linux-gnu/libpcre.so.3.13.2
7f43f7395000-7f43f7396000 rw-p 0006f000 08:03 1840257                    /lib/x86_64-linux-gnu/libpcre.so.3.13.2
7f43f7396000-7f43f739d000 r-xp 00000000 08:03 403132                     /usr/lib/x86_64-linux-gnu/libffi.so.6.0.4
7f43f739d000-7f43f759c000 ---p 00007000 08:03 403132                     /usr/lib/x86_64-linux-gnu/libffi.so.6.0.4
7f43f759c000-7f43f759d000 r--p 00006000 08:03 403132                     /usr/lib/x86_64-linux-gnu/libffi.so.6.0.4
7f43f759d000-7f43f759e000 rw-p 00007000 08:03 403132                     /usr/lib/x86_64-linux-gnu/libffi.so.6.0.4
7f43f759e000-7f43f75c4000 r-xp 00000000 08:03 1835072                    /lib/x86_64-linux-gnu/libexpat.so.1.6.0
7f43f75c4000-7f43f77c4000 ---p 00026000 08:03 1835072                    /lib/x86_64-linux-gnu/libexpat.so.1.6.0
7f43f77c4000-7f43f77c6000 r--p 00026000 08:03 1835072                    /lib/x86_64-linux-gnu/libexpat.so.1.6.0
7f43f77c6000-7f43f77c7000 rw-p 00028000 08:03 1835072                    /lib/x86_64-linux-gnu/libexpat.so.1.6.0
7f43f77c7000-7f43f77cf000 r-xp 00000000 08:03 403906                     /usr/lib/x86_64-linux-gnu/libthai.so.0.2.4
7f43f77cf000-7f43f79ce000 ---p 00008000 08:03 403906                     /usr/lib/x86_64-linux-gnu/libthai.so.0.2.4
7f43f79ce000-7f43f79cf000 r--p 00007000 08:03 403906                     /usr/lib/x86_64-linux-gnu/libthai.so.0.2.4
7f43f79cf000-7f43f79d0000 rw-p 00008000 08:03 403906                     /usr/lib/x86_64-linux-gnu/libthai.so.0.2.4
7f43f79d0000-7f43f79f1000 r-xp 00000000 08:03 404128                     /usr/lib/x86_64-linux-gnu/libxcb.so.1.1.0
7f43f79f1000-7f43f7bf0000 ---p 00021000 08:03 404128                     /usr/lib/x86_64-linux-gnu/libxcb.so.1.1.0
7f43f7bf0000-7f43f7bf1000 r--p 00020000 08:03 404128                     /usr/lib/x86_64-linux-gnu/libxcb.so.1.1.0
7f43f7bf1000-7f43f7bf2000 rw-p 00021000 08:03 404128                     /usr/lib/x86_64-linux-gnu/libxcb.so.1.1.0
7f43f7bf2000-7f43f7bfa000 r-xp 00000000 08:03 404114                     /usr/lib/x86_64-linux-gnu/libxcb-render.so.0.0.0
7f43f7bfa000-7f43f7dfa000 ---p 00008000 08:03 404114                     /usr/lib/x86_64-linux-gnu/libxcb-render.so.0.0.0
7f43f7dfa000-7f43f7dfb000 r--p 00008000 08:03 404114                     /usr/lib/x86_64-linux-gnu/libxcb-render.so.0.0.0
7f43f7dfb000-7f43f7dfc000 rw-p 00009000 08:03 404114                     /usr/lib/x86_64-linux-gnu/libxcb-render.so.0.0.0
7f43f7dfc000-7f43f7dfe000 r-xp 00000000 08:03 404118                     /usr/lib/x86_64-linux-gnu/libxcb-shm.so.0.0.0
7f43f7dfe000-7f43f7ffe000 ---p 00002000 08:03 404118                     /usr/lib/x86_64-linux-gnu/libxcb-shm.so.0.0.0
7f43f7ffe000-7f43f7fff000 r--p 00002000 08:03 404118                     /usr/lib/x86_64-linux-gnu/libxcb-shm.so.0.0.0
7f43f7fff000-7f43f8000000 rw-p 00003000 08:03 404118                     /usr/lib/x86_64-linux-gnu/libxcb-shm.so.0.0.0
7f43f8000000-7f43f87fa000 rw-p 00000000 00:00 0 
7f43f87fa000-7f43fc000000 ---p 00000000 00:00 0 
7f43fc000000-7f43fc001000 r--s 00000000 08:03 664012                     /var/cache/fontconfig/b9d506c9ac06c20b433354fa67a72993-le64.cache-6
7f43fc001000-7f43fc002000 r--s 00000000 08:03 664007                     /var/cache/fontconfig/551ecf3b0e8b0bca0f25c0944f561853-le64.cache-6
7f43fc002000-7f43fc003000 r--s 00000000 08:03 664005                     /var/cache/fontconfig/30829fa25452a46451e813d634d7f916-le64.cache-6
7f43fc003000-7f43fc006000 r--s 00000000 08:03 663998                     /var/cache/fontconfig/75114ca45c98e8a441da0ff356701271-le64.cache-6
7f43fc006000-7f43fc013000 r--s 00000000 08:03 656609                     /var/cache/fontconfig/e13b20fdb08344e0e664864cc2ede53d-le64.cache-6
7f43fc013000-7f43fc017000 r--s 00000000 08:03 663970                     /var/cache/fontconfig/7ef2298fde41cc6eeb7af42e48b7d293-le64.cache-6
7f43fc017000-7f43fc019000 rw-s 00000000 08:03 262240                     /tmp/.glWOXGzq (deleted)
7f43fc019000-7f43fc01e000 r--p 00000000 08:06 1308527                    /home/mostafa/.config/dconf/user
7f43fc01e000-7f43fc042000 r-xp 00000000 08:03 1840269                    /lib/x86_64-linux-gnu/libpng12.so.0.54.0
7f43fc042000-7f43fc241000 ---p 00024000 08:03 1840269                    /lib/x86_64-linux-gnu/libpng12.so.0.54.0
7f43fc241000-7f43fc242000 r--p 00023000 08:03 1840269                    /lib/x86_64-linux-gnu/libpng12.so.0.54.0
7f43fc242000-7f43fc243000 rw-p 00024000 08:03 1840269                    /lib/x86_64-linux-gnu/libpng12.so.0.54.0
7f43fc243000-7f43fc2e2000 r-xp 00000000 08:03 403711                     /usr/lib/x86_64-linux-gnu/libpixman-1.so.0.33.6
7f43fc2e2000-7f43fc4e2000 ---p 0009f000 08:03 403711                     /usr/lib/x86_64-linux-gnu/libpixman-1.so.0.33.6
7f43fc4e2000-7f43fc4ea000 r--p 0009f000 08:03 403711                     /usr/lib/x86_64-linux-gnu/libpixman-1.so.0.33.6
7f43fc4ea000-7f43fc4eb000 rw-p 000a7000 08:03 403711                     /usr/lib/x86_64-linux-gnu/libpixman-1.so.0.33.6
7f43fc4eb000-7f43fc547000 r-xp 00000000 08:03 395340                     /usr/lib/x86_64-linux-gnu/libharfbuzz.so.0.10000.1
7f43fc547000-7f43fc747000 ---p 0005c000 08:03 395340                     /usr/lib/x86_64-linux-gnu/libharfbuzz.so.0.10000.1
7f43fc747000-7f43fc748000 r--p 0005c000 08:03 395340                     /usr/lib/x86_64-linux-gnu/libharfbuzz.so.0.10000.1
7f43fc748000-7f43fc749000 rw-p 0005d000 08:03 395340                     /usr/lib/x86_64-linux-gnu/libharfbuzz.so.0.10000.1
7f43fc749000-7f43fc760000 r-xp 00000000 08:03 1848112                    /lib/x86_64-linux-gnu/libresolv-2.23.so
7f43fc760000-7f43fc960000 ---p 00017000 08:03 1848112                    /lib/x86_64-linux-gnu/libresolv-2.23.so
7f43fc960000-7f43fc961000 r--p 00017000 08:03 1848112                    /lib/x86_64-linux-gnu/libresolv-2.23.so
7f43fc961000-7f43fc962000 rw-p 00018000 08:03 1848112                    /lib/x86_64-linux-gnu/libresolv-2.23.so
7f43fc962000-7f43fc964000 rw-p 00000000 00:00 0 
7f43fc964000-7f43fc983000 r-xp 00000000 08:03 1840286                    /lib/x86_64-linux-gnu/libselinux.so.1
7f43fc983000-7f43fcb82000 ---p 0001f000 08:03 1840286                    /lib/x86_64-linux-gnu/libselinux.so.1
7f43fcb82000-7f43fcb83000 r--p 0001e000 08:03 1840286                    /lib/x86_64-linux-gnu/libselinux.so.1
7f43fcb83000-7f43fcb84000 rw-p 0001f000 08:03 1840286                    /lib/x86_64-linux-gnu/libselinux.so.1
7f43fcb84000-7f43fcb86000 rw-p 00000000 00:00 0 
7f43fcb86000-7f43fcb9f000 r-xp 00000000 08:03 1840319                    /lib/x86_64-linux-gnu/libz.so.1.2.8
7f43fcb9f000-7f43fcd9e000 ---p 00019000 08:03 1840319                    /lib/x86_64-linux-gnu/libz.so.1.2.8
7f43fcd9e000-7f43fcd9f000 r--p 00018000 08:03 1840319                    /lib/x86_64-linux-gnu/libz.so.1.2.8
7f43fcd9f000-7f43fcda0000 rw-p 00019000 08:03 1840319                    /lib/x86_64-linux-gnu/libz.so.1.2.8
7f43fcda0000-7f43fcdb1000 r-xp 00000000 08:03 402763                     /usr/lib/x86_64-linux-gnu/libXext.so.6.4.0
7f43fcdb1000-7f43fcfb0000 ---p 00011000 08:03 402763                     /usr/lib/x86_64-linux-gnu/libXext.so.6.4.0
7f43fcfb0000-7f43fcfb1000 r--p 00010000 08:03 402763                     /usr/lib/x86_64-linux-gnu/libXext.so.6.4.0
7f43fcfb1000-7f43fcfb2000 rw-p 00011000 08:03 402763                     /usr/lib/x86_64-linux-gnu/libXext.so.6.4.0
7f43fcfb2000-7f43fcfb4000 r-xp 00000000 08:03 402759                     /usr/lib/x86_64-linux-gnu/libXdamage.so.1.1.0
7f43fcfb4000-7f43fd1b3000 ---p 00002000 08:03 402759                     /usr/lib/x86_64-linux-gnu/libXdamage.so.1.1.0
7f43fd1b3000-7f43fd1b4000 r--p 00001000 08:03 402759                     /usr/lib/x86_64-linux-gnu/libXdamage.so.1.1.0
7f43fd1b4000-7f43fd1b5000 rw-p 00002000 08:03 402759                     /usr/lib/x86_64-linux-gnu/libXdamage.so.1.1.0
7f43fd1b5000-7f43fd1b7000 r-xp 00000000 08:03 402755                     /usr/lib/x86_64-linux-gnu/libXcomposite.so.1.0.0
7f43fd1b7000-7f43fd3b6000 ---p 00002000 08:03 402755                     /usr/lib/x86_64-linux-gnu/libXcomposite.so.1.0.0
7f43fd3b6000-7f43fd3b7000 r--p 00001000 08:03 402755                     /usr/lib/x86_64-linux-gnu/libXcomposite.so.1.0.0
7f43fd3b7000-7f43fd3b8000 rw-p 00002000 08:03 402755                     /usr/lib/x86_64-linux-gnu/libXcomposite.so.1.0.0
7f43fd3b8000-7f43fd3c1000 r-xp 00000000 08:03 402757                     /usr/lib/x86_64-linux-gnu/libXcursor.so.1.0.2
7f43fd3c1000-7f43fd5c0000 ---p 00009000 08:03 402757                     /usr/lib/x86_64-linux-gnu/libXcursor.so.1.0.2
7f43fd5c0000-7f43fd5c1000 r--p 00008000 08:03 402757                     /usr/lib/x86_64-linux-gnu/libXcursor.so.1.0.2
7f43fd5c1000-7f43fd5c2000 rw-p 00009000 08:03 402757                     /usr/lib/x86_64-linux-gnu/libXcursor.so.1.0.2
7f43fd5c2000-7f43fd5cc000 r-xp 00000000 08:03 402781                     /usr/lib/x86_64-linux-gnu/libXrandr.so.2.2.0
7f43fd5cc000-7f43fd7cb000 ---p 0000a000 08:03 402781                     /usr/lib/x86_64-linux-gnu/libXrandr.so.2.2.0
7f43fd7cb000-7f43fd7cc000 r--p 00009000 08:03 402781                     /usr/lib/x86_64-linux-gnu/libXrandr.so.2.2.0
7f43fd7cc000-7f43fd7cd000 rw-p 0000a000 08:03 402781                     /usr/lib/x86_64-linux-gnu/libXrandr.so.2.2.0
7f43fd7cd000-7f43fd7dc000 r-xp 00000000 08:03 402771                     /usr/lib/x86_64-linux-gnu/libXi.so.6.1.0
7f43fd7dc000-7f43fd9db000 ---p 0000f000 08:03 402771                     /usr/lib/x86_64-linux-gnu/libXi.so.6.1.0
7f43fd9db000-7f43fd9dc000 r--p 0000e000 08:03 402771                     /usr/lib/x86_64-linux-gnu/libXi.so.6.1.0
7f43fd9dc000-7f43fd9dd000 rw-p 0000f000 08:03 402771                     /usr/lib/x86_64-linux-gnu/libXi.so.6.1.0
7f43fd9dd000-7f43fd9df000 r-xp 00000000 08:03 402773                     /usr/lib/x86_64-linux-gnu/libXinerama.so.1.0.0
7f43fd9df000-7f43fdbde000 ---p 00002000 08:03 402773                     /usr/lib/x86_64-linux-gnu/libXinerama.so.1.0.0
7f43fdbde000-7f43fdbdf000 r--p 00001000 08:03 402773                     /usr/lib/x86_64-linux-gnu/libXinerama.so.1.0.0
7f43fdbdf000-7f43fdbe0000 rw-p 00002000 08:03 402773                     /usr/lib/x86_64-linux-gnu/libXinerama.so.1.0.0
7f43fdbe0000-7f43fdbe9000 r-xp 00000000 08:03 402783                     /usr/lib/x86_64-linux-gnu/libXrender.so.1.3.0
7f43fdbe9000-7f43fdde8000 ---p 00009000 08:03 402783                     /usr/lib/x86_64-linux-gnu/libXrender.so.1.3.0
7f43fdde8000-7f43fdde9000 r--p 00008000 08:03 402783                     /usr/lib/x86_64-linux-gnu/libXrender.so.1.3.0
7f43fdde9000-7f43fddea000 rw-p 00009000 08:03 402783                     /usr/lib/x86_64-linux-gnu/libXrender.so.1.3.0
7f43fddea000-7f43fddef000 r-xp 00000000 08:03 402765                     /usr/lib/x86_64-linux-gnu/libXfixes.so.3.1.0
7f43fddef000-7f43fdfee000 ---p 00005000 08:03 402765                     /usr/lib/x86_64-linux-gnu/libXfixes.so.3.1.0
7f43fdfee000-7f43fdfef000 r--p 00004000 08:03 402765                     /usr/lib/x86_64-linux-gnu/libXfixes.so.3.1.0
7f43fdfef000-7f43fdff0000 rw-p 00005000 08:03 402765                     /usr/lib/x86_64-linux-gnu/libXfixes.so.3.1.0
7f43fdff0000-7f43fe006000 r-xp 00000000 08:03 1840166                    /lib/x86_64-linux-gnu/libgcc_s.so.1
7f43fe006000-7f43fe205000 ---p 00016000 08:03 1840166                    /lib/x86_64-linux-gnu/libgcc_s.so.1
7f43fe205000-7f43fe206000 rw-p 00015000 08:03 1840166                    /lib/x86_64-linux-gnu/libgcc_s.so.1
7f43fe206000-7f43fe378000 r-xp 00000000 08:03 393289                     /usr/lib/x86_64-linux-gnu/libstdc++.so.6.0.21
7f43fe378000-7f43fe578000 ---p 00172000 08:03 393289                     /usr/lib/x86_64-linux-gnu/libstdc++.so.6.0.21
7f43fe578000-7f43fe582000 r--p 00172000 08:03 393289                     /usr/lib/x86_64-linux-gnu/libstdc++.so.6.0.21
7f43fe582000-7f43fe584000 rw-p 0017c000 08:03 393289                     /usr/lib/x86_64-linux-gnu/libstdc++.so.6.0.21
7f43fe584000-7f43fe588000 rw-p 00000000 00:00 0 
7f43fe588000-7f43fe5b9000 r-xp 00000000 08:03 397049                     /usr/lib/nvidia-367/libGL.so.1.0.0
7f43fe5b9000-7f43fe5eb000 r-xp 00031000 08:03 397049                     /usr/lib/nvidia-367/libGL.so.1.0.0
7f43fe5eb000-7f43fe615000 r-xp 00063000 08:03 397049                     /usr/lib/nvidia-367/libGL.so.1.0.0
7f43fe615000-7f43fe815000 ---p 0008d000 08:03 397049                     /usr/lib/nvidia-367/libGL.so.1.0.0
7f43fe815000-7f43fe816000 rw-p 0008d000 08:03 397049                     /usr/lib/nvidia-367/libGL.so.1.0.0
7f43fe816000-7f43fe817000 rw-p 00000000 00:00 0 
7f43fe817000-7f43fe81c000 r-xp 00000000 08:03 402799                     /usr/lib/x86_64-linux-gnu/libXxf86vm.so.1.0.0
7f43fe81c000-7f43fea1b000 ---p 00005000 08:03 402799                     /usr/lib/x86_64-linux-gnu/libXxf86vm.so.1.0.0
7f43fea1b000-7f43fea1c000 r--p 00004000 08:03 402799                     /usr/lib/x86_64-linux-gnu/libXxf86vm.so.1.0.0
7f43fea1c000-7f43fea1d000 rw-p 00005000 08:03 402799                     /usr/lib/x86_64-linux-gnu/libXxf86vm.so.1.0.0
7f43fea1d000-7f43feb52000 r-xp 00000000 08:03 402746                     /usr/lib/x86_64-linux-gnu/libX11.so.6.3.0
7f43feb52000-7f43fed52000 ---p 00135000 08:03 402746                     /usr/lib/x86_64-linux-gnu/libX11.so.6.3.0
7f43fed52000-7f43fed53000 r--p 00135000 08:03 402746                     /usr/lib/x86_64-linux-gnu/libX11.so.6.3.0
7f43fed53000-7f43fed57000 rw-p 00136000 08:03 402746                     /usr/lib/x86_64-linux-gnu/libX11.so.6.3.0
7f43fed57000-7f43fed5c000 r-xp 00000000 08:03 402789                     /usr/lib/x86_64-linux-gnu/libXtst.so.6.1.0
7f43fed5c000-7f43fef5b000 ---p 00005000 08:03 402789                     /usr/lib/x86_64-linux-gnu/libXtst.so.6.1.0
7f43fef5b000-7f43fef5c000 r--p 00004000 08:03 402789                     /usr/lib/x86_64-linux-gnu/libXtst.so.6.1.0
7f43fef5c000-7f43fef5d000 rw-p 00005000 08:03 402789                     /usr/lib/x86_64-linux-gnu/libXtst.so.6.1.0
7f43fef5d000-7f43ff06c000 r-xp 00000000 08:03 1835067                    /lib/x86_64-linux-gnu/libglib-2.0.so.0.4800.1
7f43ff06c000-7f43ff26b000 ---p 0010f000 08:03 1835067                    /lib/x86_64-linux-gnu/libglib-2.0.so.0.4800.1
7f43ff26b000-7f43ff26c000 r--p 0010e000 08:03 1835067                    /lib/x86_64-linux-gnu/libglib-2.0.so.0.4800.1
7f43ff26c000-7f43ff26d000 rw-p 0010f000 08:03 1835067                    /lib/x86_64-linux-gnu/libglib-2.0.so.0.4800.1
7f43ff26d000-7f43ff26e000 rw-p 00000000 00:00 0 
7f43ff26e000-7f43ff26f000 r-xp 00000000 08:03 393610                     /usr/lib/x86_64-linux-gnu/libgthread-2.0.so.0.4800.1
7f43ff26f000-7f43ff46e000 ---p 00001000 08:03 393610                     /usr/lib/x86_64-linux-gnu/libgthread-2.0.so.0.4800.1
7f43ff46e000-7f43ff46f000 r--p 00000000 08:03 393610                     /usr/lib/x86_64-linux-gnu/libgthread-2.0.so.0.4800.1
7f43ff46f000-7f43ff470000 rw-p 00001000 08:03 393610                     /usr/lib/x86_64-linux-gnu/libgthread-2.0.so.0.4800.1
7f43ff470000-7f43ff473000 r-xp 00000000 08:03 393634                     /usr/lib/x86_64-linux-gnu/libgmodule-2.0.so.0.4800.1
7f43ff473000-7f43ff672000 ---p 00003000 08:03 393634                     /usr/lib/x86_64-linux-gnu/libgmodule-2.0.so.0.4800.1
7f43ff672000-7f43ff673000 r--p 00002000 08:03 393634                     /usr/lib/x86_64-linux-gnu/libgmodule-2.0.so.0.4800.1
7f43ff673000-7f43ff674000 rw-p 00003000 08:03 393634                     /usr/lib/x86_64-linux-gnu/libgmodule-2.0.so.0.4800.1
7f43ff674000-7f43ff6c6000 r-xp 00000000 08:03 393658                     /usr/lib/x86_64-linux-gnu/libgobject-2.0.so.0.4800.1
7f43ff6c6000-7f43ff8c5000 ---p 00052000 08:03 393658                     /usr/lib/x86_64-linux-gnu/libgobject-2.0.so.0.4800.1
7f43ff8c5000-7f43ff8c6000 r--p 00051000 08:03 393658                     /usr/lib/x86_64-linux-gnu/libgobject-2.0.so.0.4800.1
7f43ff8c6000-7f43ff8c7000 rw-p 00052000 08:03 393658                     /usr/lib/x86_64-linux-gnu/libgobject-2.0.so.0.4800.1
7f43ff8c7000-7f43ff904000 r-xp 00000000 08:03 399237                     /usr/lib/x86_64-linux-gnu/libfontconfig.so.1.9.0
7f43ff904000-7f43ffb03000 ---p 0003d000 08:03 399237                     /usr/lib/x86_64-linux-gnu/libfontconfig.so.1.9.0
7f43ffb03000-7f43ffb05000 r--p 0003c000 08:03 399237                     /usr/lib/x86_64-linux-gnu/libfontconfig.so.1.9.0
7f43ffb05000-7f43ffb0a000 rw-p 0003e000 08:03 399237                     /usr/lib/x86_64-linux-gnu/libfontconfig.so.1.9.0
7f43ffb0a000-7f43ffbae000 r-xp 00000000 08:03 403180                     /usr/lib/x86_64-linux-gnu/libfreetype.so.6.12.1
7f43ffbae000-7f43ffdad000 ---p 000a4000 08:03 403180                     /usr/lib/x86_64-linux-gnu/libfreetype.so.6.12.1
7f43ffdad000-7f43ffdb3000 r--p 000a3000 08:03 403180                     /usr/lib/x86_64-linux-gnu/libfreetype.so.6.12.1
7f43ffdb3000-7f43ffdb4000 rw-p 000a9000 08:03 403180                     /usr/lib/x86_64-linux-gnu/libfreetype.so.6.12.1
7f43ffdb4000-7f43ffdfd000 r-xp 00000000 08:03 403681                     /usr/lib/x86_64-linux-gnu/libpango-1.0.so.0.3800.1
7f43ffdfd000-7f43ffffd000 ---p 00049000 08:03 403681                     /usr/lib/x86_64-linux-gnu/libpango-1.0.so.0.3800.1
7f43ffffd000-7f43fffff000 r--p 00049000 08:03 403681                     /usr/lib/x86_64-linux-gnu/libpango-1.0.so.0.3800.1
7f43fffff000-7f4400000000 rw-p 0004b000 08:03 403681                     /usr/lib/x86_64-linux-gnu/libpango-1.0.so.0.3800.1
7f4400000000-7f4400021000 rw-p 00000000 00:00 0 
7f4400021000-7f4404000000 ---p 00000000 00:00 0 
7f4404000000-7f44042b3000 rw-p 00000000 00:00 0 
7f44042b3000-7f4408000000 ---p 00000000 00:00 0 
7f4408000000-7f4408021000 rw-p 00000000 00:00 0 
7f4408021000-7f440c000000 ---p 00000000 00:00 0 
7f440c000000-7f440c021000 rw-p 00000000 00:00 0 
7f440c021000-7f4410000000 ---p 00000000 00:00 0 
7f4410000000-7f441026d000 rw-p 00000000 00:00 0 
7f441026d000-7f4414000000 ---p 00000000 00:00 0 
7f4414000000-7f4414354000 rw-p 00000000 00:00 0 
7f4414354000-7f4418000000 ---p 00000000 00:00 0 
7f4418000000-7f4418021000 rw-p 00000000 00:00 0 
7f4418021000-7f441c000000 ---p 00000000 00:00 0 
7f441c000000-7f441c253000 rw-p 00000000 00:00 0 
7f441c253000-7f4420000000 ---p 00000000 00:00 0 
7f4420000000-7f4420021000 rw-p 00000000 00:00 0 
7f4420021000-7f4424000000 ---p 00000000 00:00 0 
7f4424000000-7f4424021000 rw-p 00000000 00:00 0 
7f4424021000-7f4428000000 ---p 00000000 00:00 0 
7f4428000000-7f4428021000 rw-p 00000000 00:00 0 
7f4428021000-7f442c000000 ---p 00000000 00:00 0 
7f442c000000-7f442c021000 rw-p 00000000 00:00 0 
7f442c021000-7f4430000000 ---p 00000000 00:00 0 
7f4430000000-7f4430021000 rw-p 00000000 00:00 0 
7f4430021000-7f4434000000 ---p 00000000 00:00 0 
7f4434000000-7f4434021000 rw-p 00000000 00:00 0 
7f4434021000-7f4438000000 ---p 00000000 00:00 0 
7f4438000000-7f4438021000 rw-p 00000000 00:00 0 
7f4438021000-7f443c000000 ---p 00000000 00:00 0 
7f443c000000-7f443c001000 r--s 00000000 08:03 664002                     /var/cache/fontconfig/0c9eb80ebd1c36541ebe2852d3bb0c49-le64.cache-6
7f443c001000-7f443c002000 r--s 00000000 00:29 29                         /run/user/1000/dconf/user
7f443c002000-7f443c015000 rw-s 8f92e000 00:06 552                        /dev/nvidiactl
7f443c015000-7f443c035000 rw-s 5d1a4000 00:06 552                        /dev/nvidiactl
7f443c035000-7f443c075000 rw-s 92a0b000 00:06 552                        /dev/nvidiactl
7f443c075000-7f443c095000 rw-s 8fb5f000 00:06 552                        /dev/nvidiactl
7f443c095000-7f443c199000 rw-s 33a60000 00:06 552                        /dev/nvidiactl
7f443c199000-7f443c2a7000 r-xp 00000000 08:03 402910                     /usr/lib/x86_64-linux-gnu/libcairo.so.2.11400.6
7f443c2a7000-7f443c4a7000 ---p 0010e000 08:03 402910                     /usr/lib/x86_64-linux-gnu/libcairo.so.2.11400.6
7f443c4a7000-7f443c4aa000 r--p 0010e000 08:03 402910                     /usr/lib/x86_64-linux-gnu/libcairo.so.2.11400.6
7f443c4aa000-7f443c4ab000 rw-p 00111000 08:03 402910                     /usr/lib/x86_64-linux-gnu/libcairo.so.2.11400.6
7f443c4ab000-7f443c4ad000 rw-p 00000000 00:00 0 
7f443c4ad000-7f443c4b9000 r-xp 00000000 08:03 403683                     /usr/lib/x86_64-linux-gnu/libpangocairo-1.0.so.0.3800.1
7f443c4b9000-7f443c6b8000 ---p 0000c000 08:03 403683                     /usr/lib/x86_64-linux-gnu/libpangocairo-1.0.so.0.3800.1
7f443c6b8000-7f443c6b9000 r--p 0000b000 08:03 403683                     /usr/lib/x86_64-linux-gnu/libpangocairo-1.0.so.0.3800.1
7f443c6b9000-7f443c6ba000 rw-p 0000c000 08:03 403683                     /usr/lib/x86_64-linux-gnu/libpangocairo-1.0.so.0.3800.1
7f443c6ba000-7f443c6db000 r-xp 00000000 08:03 393495                     /usr/lib/x86_64-linux-gnu/libgdk_pixbuf-2.0.so.0.3200.2
7f443c6db000-7f443c8da000 ---p 00021000 08:03 393495                     /usr/lib/x86_64-linux-gnu/libgdk_pixbuf-2.0.so.0.3200.2
7f443c8da000-7f443c8db000 r--p 00020000 08:03 393495                     /usr/lib/x86_64-linux-gnu/libgdk_pixbuf-2.0.so.0.3200.2
7f443c8db000-7f443c8dc000 rw-p 00021000 08:03 393495                     /usr/lib/x86_64-linux-gnu/libgdk_pixbuf-2.0.so.0.3200.2
7f443c8dc000-7f443c8f0000 r-xp 00000000 08:03 403685                     /usr/lib/x86_64-linux-gnu/libpangoft2-1.0.so.0.3800.1
7f443c8f0000-7f443caf0000 ---p 00014000 08:03 403685                     /usr/lib/x86_64-linux-gnu/libpangoft2-1.0.so.0.3800.1
7f443caf0000-7f443caf1000 r--p 00014000 08:03 403685                     /usr/lib/x86_64-linux-gnu/libpangoft2-1.0.so.0.3800.1
7f443caf1000-7f443caf2000 rw-p 00015000 08:03 403685                     /usr/lib/x86_64-linux-gnu/libpangoft2-1.0.so.0.3800.1
7f443caf2000-7f443cc72000 r-xp 00000000 08:03 393655                     /usr/lib/x86_64-linux-gnu/libgio-2.0.so.0.4800.1
7f443cc72000-7f443ce72000 ---p 00180000 08:03 393655                     /usr/lib/x86_64-linux-gnu/libgio-2.0.so.0.4800.1
7f443ce72000-7f443ce76000 r--p 00180000 08:03 393655                     /usr/lib/x86_64-linux-gnu/libgio-2.0.so.0.4800.1
7f443ce76000-7f443ce78000 rw-p 00184000 08:03 393655                     /usr/lib/x86_64-linux-gnu/libgio-2.0.so.0.4800.1
7f443ce78000-7f443ce7a000 rw-p 00000000 00:00 0 
7f443ce7a000-7f443ce9c000 r-xp 00000000 08:03 402854                     /usr/lib/x86_64-linux-gnu/libatk-1.0.so.0.21809.1
7f443ce9c000-7f443d09b000 ---p 00022000 08:03 402854                     /usr/lib/x86_64-linux-gnu/libatk-1.0.so.0.21809.1
7f443d09b000-7f443d09e000 r--p 00021000 08:03 402854                     /usr/lib/x86_64-linux-gnu/libatk-1.0.so.0.21809.1
7f443d09e000-7f443d09f000 rw-p 00024000 08:03 402854                     /usr/lib/x86_64-linux-gnu/libatk-1.0.so.0.21809.1
7f443d09f000-7f443d14f000 r-xp 00000000 08:03 403219                     /usr/lib/x86_64-linux-gnu/libgdk-x11-2.0.so.0.2400.30
7f443d14f000-7f443d34e000 ---p 000b0000 08:03 403219                     /usr/lib/x86_64-linux-gnu/libgdk-x11-2.0.so.0.2400.30
7f443d34e000-7f443d352000 r--p 000af000 08:03 403219                     /usr/lib/x86_64-linux-gnu/libgdk-x11-2.0.so.0.2400.30
7f443d352000-7f443d354000 rw-p 000b3000 08:03 403219                     /usr/lib/x86_64-linux-gnu/libgdk-x11-2.0.so.0.2400.30
7f443d354000-7f443d792000 r-xp 00000000 08:03 403364                     /usr/lib/x86_64-linux-gnu/libgtk-x11-2.0.so.0.2400.30
7f443d792000-7f443d991000 ---p 0043e000 08:03 403364                     /usr/lib/x86_64-linux-gnu/libgtk-x11-2.0.so.0.2400.30
7f443d991000-7f443d998000 r--p 0043d000 08:03 403364                     /usr/lib/x86_64-linux-gnu/libgtk-x11-2.0.so.0.2400.30
7f443d998000-7f443d99c000 rw-p 00444000 08:03 403364                     /usr/lib/x86_64-linux-gnu/libgtk-x11-2.0.so.0.2400.30
7f443d99c000-7f443d99f000 rw-p 00000000 00:00 0 
7f443d99f000-7f443d9ab000 r-xp 00000000 08:03 2493705                    /usr/lib/jvm/java-8-oracle/jre/lib/amd64/libprism_es2.so
7f443d9ab000-7f443dbaa000 ---p 0000c000 08:03 2493705                    /usr/lib/jvm/java-8-oracle/jre/lib/amd64/libprism_es2.so
7f443dbaa000-7f443dbab000 rw-p 0000b000 08:03 2493705                    /usr/lib/jvm/java-8-oracle/jre/lib/amd64/libprism_es2.so
7f443dbab000-7f443dbae000 ---p 00000000 00:00 0 
7f443dbae000-7f443dcac000 rw-p 00000000 00:00 0 
7f443dcac000-7f443dcaf000 ---p 00000000 00:00 0 
7f443dcaf000-7f443e0ae000 rw-p 00000000 00:00 0 
7f443e0ae000-7f443e0c4000 r-xp 00000000 08:03 2493693                    /usr/lib/jvm/java-8-oracle/jre/lib/amd64/libnet.so
7f443e0c4000-7f443e2c4000 ---p 00016000 08:03 2493693                    /usr/lib/jvm/java-8-oracle/jre/lib/amd64/libnet.so
7f443e2c4000-7f443e2c5000 rw-p 00016000 08:03 2493693                    /usr/lib/jvm/java-8-oracle/jre/lib/amd64/libnet.so
7f443e2c5000-7f443e35b000 r--s 01103000 08:03 2493769                    /usr/lib/jvm/java-8-oracle/jre/lib/ext/jfxrt.jar
7f443e35b000-7f443e35e000 ---p 00000000 00:00 0 
7f443e35e000-7f443e45c000 rw-p 00000000 00:00 0 
7f443e45c000-7f443e45d000 r-xp 00000000 08:03 2502255                    /opt/intellij-idea-community/bin/libbreakgen64.so
7f443e45d000-7f443e65c000 ---p 00001000 08:03 2502255                    /opt/intellij-idea-community/bin/libbreakgen64.so
7f443e65c000-7f443e65d000 r--p 00000000 08:03 2502255                    /opt/intellij-idea-community/bin/libbreakgen64.so
7f443e65d000-7f443e65e000 rw-p 00001000 08:03 2502255                    /opt/intellij-idea-community/bin/libbreakgen64.so
7f443e65e000-7f443e65f000 ---p 00000000 00:00 0 
7f443e65f000-7f443e75f000 rw-p 00000000 00:00 0 
7f443e75f000-7f443e762000 ---p 00000000 00:00 0 
7f443e762000-7f443e860000 rw-p 00000000 00:00 0 
7f443e860000-7f443e863000 ---p 00000000 00:00 0 
7f443e863000-7f443e961000 rw-p 00000000 00:00 0 
7f443e961000-7f443e964000 ---p 00000000 00:00 0 
7f443e964000-7f443ea62000 rw-p 00000000 00:00 0 
7f443ea62000-7f443ea65000 ---p 00000000 00:00 0 
7f443ea65000-7f443eb63000 rw-p 00000000 00:00 0 
7f443eb63000-7f443eb66000 ---p 00000000 00:00 0 
7f443eb66000-7f443ec64000 rw-p 00000000 00:00 0 
7f443ec64000-7f443ef3d000 r--p 00000000 08:03 393281                     /usr/lib/locale/locale-archive
7f443ef3d000-7f443ef40000 ---p 00000000 00:00 0 
7f443ef40000-7f443f03e000 rw-p 00000000 00:00 0 
7f443f03e000-7f443f041000 ---p 00000000 00:00 0 
7f443f041000-7f443f13f000 rw-p 00000000 00:00 0 
7f443f13f000-7f443f140000 ---p 00000000 00:00 0 
7f443f140000-7f4441000000 rw-p 00000000 00:00 0 
7f4441000000-7f44414c0000 rwxp 00000000 00:00 0 
7f44414c0000-7f4450000000 ---p 00000000 00:00 0 
7f4450000000-7f44501d3000 rw-p 00000000 00:00 0 
7f44501d3000-7f4454000000 ---p 00000000 00:00 0 
7f4454000000-7f4454001000 rw-s 8e1a0000 00:06 552                        /dev/nvidiactl
7f4454001000-7f4454005000 rw-s 8e5ba000 00:06 552                        /dev/nvidiactl
7f4454005000-7f4454006000 rw-s aff6b000 00:06 553                        /dev/nvidia0
7f4454006000-7f4454007000 rw-s aff6a000 00:06 553                        /dev/nvidia0
7f4454007000-7f4454008000 rw-s aff69000 00:06 553                        /dev/nvidia0
7f4454008000-7f4454048000 rw-s 2d1ac000 00:06 552                        /dev/nvidiactl
7f4454068000-7f4454069000 rw-s 8f50f000 00:06 552                        /dev/nvidiactl
7f4454069000-7f445406a000 rw-s d0060000 00:06 553                        /dev/nvidia0
7f445406a000-7f445406c000 r--s 00019000 08:03 2502175                    /opt/intellij-idea-community/lib/idea_rt.jar
7f445406c000-7f445407f000 r--s 00345000 08:03 2493917                    /usr/lib/jvm/java-8-oracle/jre/lib/resources.jar
7f445407f000-7f4454091000 r--s 000d6000 08:03 2493916                    /usr/lib/jvm/java-8-oracle/jre/lib/plugin.jar
7f4454091000-7f4454095000 r--s 00097000 08:03 2493637                    /usr/lib/jvm/java-8-oracle/jre/lib/jsse.jar
7f4454095000-7f4454097000 r--s 00007000 08:03 2493758                    /usr/lib/jvm/java-8-oracle/jre/lib/jfxswt.jar
7f4454097000-7f445409c000 r--s 00084000 08:03 2493792                    /usr/lib/jvm/java-8-oracle/jre/lib/jfr.jar
7f445409c000-7f44540a6000 r--s 0006c000 08:03 2493800                    /usr/lib/jvm/java-8-oracle/jre/lib/javaws.jar
7f44540a6000-7f44540c1000 r--s 00208000 08:03 2493801                    /usr/lib/jvm/java-8-oracle/jre/lib/deploy.jar
7f44540c1000-7f4455075000 rw-p 00000000 00:00 0 
7f4455075000-7f445524d000 r--s 03d2a000 08:03 2493685                    /usr/lib/jvm/java-8-oracle/jre/lib/rt.jar
7f445524d000-7f4455c9f000 rw-p 00000000 00:00 0 
7f4455c9f000-7f4455ca0000 ---p 00000000 00:00 0 
7f4455ca0000-7f4455da0000 rw-p 00000000 00:00 0 
7f4455da0000-7f4455da1000 ---p 00000000 00:00 0 
7f4455da1000-7f4455ea1000 rw-p 00000000 00:00 0 
7f4455ea1000-7f4455ea2000 ---p 00000000 00:00 0 
7f4455ea2000-7f4455fa2000 rw-p 00000000 00:00 0 
7f4455fa2000-7f4455fa3000 ---p 00000000 00:00 0 
7f4455fa3000-7f44560b7000 rw-p 00000000 00:00 0 
7f44560b7000-7f44561e1000 ---p 00000000 00:00 0 
7f44561e1000-7f44561f5000 rw-p 00000000 00:00 0 
7f44561f5000-7f445631e000 ---p 00000000 00:00 0 
7f445631e000-7f4456329000 rw-p 00000000 00:00 0 
7f4456329000-7f44563bd000 ---p 00000000 00:00 0 
7f44563bd000-7f44563d1000 rw-p 00000000 00:00 0 
7f44563d1000-7f445677e000 ---p 00000000 00:00 0 
7f445677e000-7f4456798000 r-xp 00000000 08:03 2493716                    /usr/lib/jvm/java-8-oracle/jre/lib/amd64/libzip.so
7f4456798000-7f4456998000 ---p 0001a000 08:03 2493716                    /usr/lib/jvm/java-8-oracle/jre/lib/amd64/libzip.so
7f4456998000-7f4456999000 rw-p 0001a000 08:03 2493716                    /usr/lib/jvm/java-8-oracle/jre/lib/amd64/libzip.so
7f4456999000-7f44569a4000 r-xp 00000000 08:03 1848107                    /lib/x86_64-linux-gnu/libnss_files-2.23.so
7f44569a4000-7f4456ba3000 ---p 0000b000 08:03 1848107                    /lib/x86_64-linux-gnu/libnss_files-2.23.so
7f4456ba3000-7f4456ba4000 r--p 0000a000 08:03 1848107                    /lib/x86_64-linux-gnu/libnss_files-2.23.so
7f4456ba4000-7f4456ba5000 rw-p 0000b000 08:03 1848107                    /lib/x86_64-linux-gnu/libnss_files-2.23.so
7f4456ba5000-7f4456bab000 rw-p 00000000 00:00 0 
7f4456bab000-7f4456bb6000 r-xp 00000000 08:03 1848104                    /lib/x86_64-linux-gnu/libnss_nis-2.23.so
7f4456bb6000-7f4456db5000 ---p 0000b000 08:03 1848104                    /lib/x86_64-linux-gnu/libnss_nis-2.23.so
7f4456db5000-7f4456db6000 r--p 0000a000 08:03 1848104                    /lib/x86_64-linux-gnu/libnss_nis-2.23.so
7f4456db6000-7f4456db7000 rw-p 0000b000 08:03 1848104                    /lib/x86_64-linux-gnu/libnss_nis-2.23.so
7f4456db7000-7f4456dcd000 r-xp 00000000 08:03 1848102                    /lib/x86_64-linux-gnu/libnsl-2.23.so
7f4456dcd000-7f4456fcc000 ---p 00016000 08:03 1848102                    /lib/x86_64-linux-gnu/libnsl-2.23.so
7f4456fcc000-7f4456fcd000 r--p 00015000 08:03 1848102                    /lib/x86_64-linux-gnu/libnsl-2.23.so
7f4456fcd000-7f4456fce000 rw-p 00016000 08:03 1848102                    /lib/x86_64-linux-gnu/libnsl-2.23.so
7f4456fce000-7f4456fd0000 rw-p 00000000 00:00 0 
7f4456fd0000-7f4456fd8000 r-xp 00000000 08:03 1848100                    /lib/x86_64-linux-gnu/libnss_compat-2.23.so
7f4456fd8000-7f44571d7000 ---p 00008000 08:03 1848100                    /lib/x86_64-linux-gnu/libnss_compat-2.23.so
7f44571d7000-7f44571d8000 r--p 00007000 08:03 1848100                    /lib/x86_64-linux-gnu/libnss_compat-2.23.so
7f44571d8000-7f44571d9000 rw-p 00008000 08:03 1848100                    /lib/x86_64-linux-gnu/libnss_compat-2.23.so
7f44571d9000-7f4457204000 r-xp 00000000 08:03 2493743                    /usr/lib/jvm/java-8-oracle/jre/lib/amd64/libjava.so
7f4457204000-7f4457403000 ---p 0002b000 08:03 2493743                    /usr/lib/jvm/java-8-oracle/jre/lib/amd64/libjava.so
7f4457403000-7f4457405000 rw-p 0002a000 08:03 2493743                    /usr/lib/jvm/java-8-oracle/jre/lib/amd64/libjava.so
7f4457405000-7f4457412000 r-xp 00000000 08:03 2493694                    /usr/lib/jvm/java-8-oracle/jre/lib/amd64/libverify.so
7f4457412000-7f4457611000 ---p 0000d000 08:03 2493694                    /usr/lib/jvm/java-8-oracle/jre/lib/amd64/libverify.so
7f4457611000-7f4457613000 rw-p 0000c000 08:03 2493694                    /usr/lib/jvm/java-8-oracle/jre/lib/amd64/libverify.so
7f4457613000-7f445761a000 r-xp 00000000 08:03 1848116                    /lib/x86_64-linux-gnu/librt-2.23.so
7f445761a000-7f4457819000 ---p 00007000 08:03 1848116                    /lib/x86_64-linux-gnu/librt-2.23.so
7f4457819000-7f445781a000 r--p 00006000 08:03 1848116                    /lib/x86_64-linux-gnu/librt-2.23.so
7f445781a000-7f445781b000 rw-p 00007000 08:03 1848116                    /lib/x86_64-linux-gnu/librt-2.23.so
7f445781b000-7f4457923000 r-xp 00000000 08:03 1848113                    /lib/x86_64-linux-gnu/libm-2.23.so
7f4457923000-7f4457b22000 ---p 00108000 08:03 1848113                    /lib/x86_64-linux-gnu/libm-2.23.so
7f4457b22000-7f4457b23000 r--p 00107000 08:03 1848113                    /lib/x86_64-linux-gnu/libm-2.23.so
7f4457b23000-7f4457b24000 rw-p 00108000 08:03 1848113                    /lib/x86_64-linux-gnu/libm-2.23.so
7f4457b24000-7f44587f1000 r-xp 00000000 08:03 2493747                    /usr/lib/jvm/java-8-oracle/jre/lib/amd64/server/libjvm.so
7f44587f1000-7f44589f0000 ---p 00ccd000 08:03 2493747                    /usr/lib/jvm/java-8-oracle/jre/lib/amd64/server/libjvm.so
7f44589f0000-7f4458ac9000 rw-p 00ccc000 08:03 2493747                    /usr/lib/jvm/java-8-oracle/jre/lib/amd64/server/libjvm.so
7f4458ac9000-7f4458b14000 rw-p 00000000 00:00 0 
7f4458b14000-7f4458cd3000 r-xp 00000000 08:03 1848121                    /lib/x86_64-linux-gnu/libc-2.23.so
7f4458cd3000-7f4458ed3000 ---p 001bf000 08:03 1848121                    /lib/x86_64-linux-gnu/libc-2.23.so
7f4458ed3000-7f4458ed7000 r--p 001bf000 08:03 1848121                    /lib/x86_64-linux-gnu/libc-2.23.so
7f4458ed7000-7f4458ed9000 rw-p 001c3000 08:03 1848121                    /lib/x86_64-linux-gnu/libc-2.23.so
7f4458ed9000-7f4458edd000 rw-p 00000000 00:00 0 
7f4458edd000-7f4458ee0000 r-xp 00000000 08:03 1848122                    /lib/x86_64-linux-gnu/libdl-2.23.so
7f4458ee0000-7f44590df000 ---p 00003000 08:03 1848122                    /lib/x86_64-linux-gnu/libdl-2.23.so
7f44590df000-7f44590e0000 r--p 00002000 08:03 1848122                    /lib/x86_64-linux-gnu/libdl-2.23.so
7f44590e0000-7f44590e1000 rw-p 00003000 08:03 1848122                    /lib/x86_64-linux-gnu/libdl-2.23.so
7f44590e1000-7f44590f6000 r-xp 00000000 08:03 2492804                    /usr/lib/jvm/java-8-oracle/lib/amd64/jli/libjli.so
7f44590f6000-7f44592f6000 ---p 00015000 08:03 2492804                    /usr/lib/jvm/java-8-oracle/lib/amd64/jli/libjli.so
7f44592f6000-7f44592f7000 rw-p 00015000 08:03 2492804                    /usr/lib/jvm/java-8-oracle/lib/amd64/jli/libjli.so
7f44592f7000-7f445930f000 r-xp 00000000 08:03 1848120                    /lib/x86_64-linux-gnu/libpthread-2.23.so
7f445930f000-7f445950e000 ---p 00018000 08:03 1848120                    /lib/x86_64-linux-gnu/libpthread-2.23.so
7f445950e000-7f445950f000 r--p 00017000 08:03 1848120                    /lib/x86_64-linux-gnu/libpthread-2.23.so
7f445950f000-7f4459510000 rw-p 00018000 08:03 1848120                    /lib/x86_64-linux-gnu/libpthread-2.23.so
7f4459510000-7f4459514000 rw-p 00000000 00:00 0 
7f4459514000-7f445953a000 r-xp 00000000 08:03 1848117                    /lib/x86_64-linux-gnu/ld-2.23.so
7f445953a000-7f445953b000 r--s 00000000 08:03 2493764                    /usr/lib/jvm/java-8-oracle/jre/lib/management-agent.jar
7f445953b000-7f445953e000 r--s 0001a000 08:03 2493947                    /usr/lib/jvm/java-8-oracle/jre/lib/jce.jar
7f445953e000-7f4459610000 rw-p 00000000 00:00 0 
7f4459610000-7f4459613000 ---p 00000000 00:00 0 
7f4459613000-7f4459715000 rw-p 00000000 00:00 0 
7f4459715000-7f445971a000 r--s 002f9000 08:03 2493638                    /usr/lib/jvm/java-8-oracle/jre/lib/charsets.jar
7f445971a000-7f445972d000 rw-p 00000000 00:00 0 
7f445972d000-7f4459735000 rw-s 00000000 08:03 262238                     /tmp/hsperfdata_mostafa/30143
7f4459735000-7f4459736000 rw-p 00000000 00:00 0 
7f4459736000-7f4459737000 r--p 00000000 00:00 0 
7f4459737000-7f4459739000 rw-p 00000000 00:00 0 
7f4459739000-7f445973a000 r--p 00025000 08:03 1848117                    /lib/x86_64-linux-gnu/ld-2.23.so
7f445973a000-7f445973b000 rw-p 00026000 08:03 1848117                    /lib/x86_64-linux-gnu/ld-2.23.so
7f445973b000-7f445973c000 rw-p 00000000 00:00 0 
7ffeddecd000-7ffeddeee000 rw-p 00000000 00:00 0                          [stack]
7ffeddf68000-7ffeddf6a000 r--p 00000000 00:00 0                          [vvar]
7ffeddf6a000-7ffeddf6c000 r-xp 00000000 00:00 0                          [vdso]
ffffffffff600000-ffffffffff601000 r-xp 00000000 00:00 0                  [vsyscall]

VM Arguments:
jvm_args: -Didea.launcher.port=7536 -Didea.launcher.bin.path=/opt/intellij-idea-community/bin -Dfile.encoding=UTF-8 
java_command: com.intellij.rt.execution.application.AppMain sample.Main
java_class_path (initial): /usr/lib/jvm/java-8-oracle/jre/lib/charsets.jar:/usr/lib/jvm/java-8-oracle/jre/lib/deploy.jar:/usr/lib/jvm/java-8-oracle/jre/lib/ext/cldrdata.jar:/usr/lib/jvm/java-8-oracle/jre/lib/ext/dnsns.jar:/usr/lib/jvm/java-8-oracle/jre/lib/ext/jaccess.jar:/usr/lib/jvm/java-8-oracle/jre/lib/ext/jfxrt.jar:/usr/lib/jvm/java-8-oracle/jre/lib/ext/localedata.jar:/usr/lib/jvm/java-8-oracle/jre/lib/ext/nashorn.jar:/usr/lib/jvm/java-8-oracle/jre/lib/ext/sunec.jar:/usr/lib/jvm/java-8-oracle/jre/lib/ext/sunjce_provider.jar:/usr/lib/jvm/java-8-oracle/jre/lib/ext/sunpkcs11.jar:/usr/lib/jvm/java-8-oracle/jre/lib/ext/zipfs.jar:/usr/lib/jvm/java-8-oracle/jre/lib/javaws.jar:/usr/lib/jvm/java-8-oracle/jre/lib/jce.jar:/usr/lib/jvm/java-8-oracle/jre/lib/jfr.jar:/usr/lib/jvm/java-8-oracle/jre/lib/jfxswt.jar:/usr/lib/jvm/java-8-oracle/jre/lib/jsse.jar:/usr/lib/jvm/java-8-oracle/jre/lib/management-agent.jar:/usr/lib/jvm/java-8-oracle/jre/lib/plugin.jar:/usr/lib/jvm/java-8-oracle/jre/lib/resources.jar:/usr/lib/jvm/java-8-oracle/jre/lib/rt.jar:/home/mostafa/Desktop/Passing/out/production/Passing:/opt/intellij-idea-community/lib/idea_rt.jar
Launcher Type: SUN_STANDARD

Environment Variables:
JAVA_HOME=/usr/lib/jvm/java-8-oracle
PATH=/usr/local/sbin:/usr/local/bin:/usr/sbin:/usr/bin:/sbin:/bin:/usr/games:/usr/local/games:/snap/bin:/usr/lib/jvm/java-8-oracle/bin:/usr/lib/jvm/java-8-oracle/db/bin:/usr/lib/jvm/java-8-oracle/jre/bin
LD_LIBRARY_PATH=/opt/intellij-idea-community/bin:
SHELL=/bin/bash
DISPLAY=:0

Signal Handlers:
SIGSEGV: [libjvm.so+0xac64b0], sa_mask[0]=11111111011111111101111111111110, sa_flags=SA_RESTART|SA_SIGINFO
SIGBUS: [libjvm.so+0xac64b0], sa_mask[0]=11111111011111111101111111111110, sa_flags=SA_RESTART|SA_SIGINFO
SIGFPE: [libjvm.so+0x91f950], sa_mask[0]=11111111011111111101111111111110, sa_flags=SA_RESTART|SA_SIGINFO
SIGPIPE: SIG_IGN, sa_mask[0]=00000000000010000000000000000000, sa_flags=SA_RESTART
SIGXFSZ: [libjvm.so+0x91f950], sa_mask[0]=11111111011111111101111111111110, sa_flags=SA_RESTART|SA_SIGINFO
SIGILL: [libjvm.so+0x91f950], sa_mask[0]=11111111011111111101111111111110, sa_flags=SA_RESTART|SA_SIGINFO
SIGUSR1: SIG_DFL, sa_mask[0]=00000000000000000000000000000000, sa_flags=none
SIGUSR2: [libjvm.so+0x920f80], sa_mask[0]=00100000000000000000000000000000, sa_flags=SA_RESTART|SA_SIGINFO
SIGHUP: [libjvm.so+0x922380], sa_mask[0]=11111111011111111101111111111110, sa_flags=SA_RESTART|SA_SIGINFO
SIGINT: [libjvm.so+0x922380], sa_mask[0]=11111111011111111101111111111110, sa_flags=SA_RESTART|SA_SIGINFO
SIGTERM: [libjvm.so+0x922380], sa_mask[0]=11111111011111111101111111111110, sa_flags=SA_RESTART|SA_SIGINFO
SIGQUIT: [libjvm.so+0x922380], sa_mask[0]=11111111011111111101111111111110, sa_flags=SA_RESTART|SA_SIGINFO


---------------  S Y S T E M  ---------------

OS:DISTRIB_ID=Ubuntu
DISTRIB_RELEASE=16.04
DISTRIB_CODENAME=xenial
DISTRIB_DESCRIPTION="Ubuntu 16.04.1 LTS"

uname:Linux 4.4.0-47-generic #68-Ubuntu SMP Wed Oct 26 19:39:52 UTC 2016 x86_64
libc:glibc 2.23 NPTL 2.23 
rlimit: STACK 8192k, CORE 0k, NPROC 15037, NOFILE 65536, AS infinity
load average:0.78 0.85 0.83

/proc/meminfo:
MemTotal:        3896084 kB
MemFree:          148304 kB
MemAvailable:     784748 kB
Buffers:           80240 kB
Cached:           737936 kB
SwapCached:         2548 kB
Active:          2252992 kB
Inactive:        1171668 kB
Active(anon):    1754012 kB
Inactive(anon):   879300 kB
Active(file):     498980 kB
Inactive(file):   292368 kB
Unevictable:          32 kB
Mlocked:              32 kB
SwapTotal:       7812092 kB
SwapFree:        7781380 kB
Dirty:             25660 kB
Writeback:             0 kB
AnonPages:       2601016 kB
Mapped:           333692 kB
Shmem:             26828 kB
Slab:             140288 kB
SReclaimable:     103516 kB
SUnreclaim:        36772 kB
KernelStack:       10096 kB
PageTables:        36228 kB
NFS_Unstable:          0 kB
Bounce:                0 kB
WritebackTmp:          0 kB
CommitLimit:     9760132 kB
Committed_AS:    5936448 kB
VmallocTotal:   34359738367 kB
VmallocUsed:           0 kB
VmallocChunk:          0 kB
HardwareCorrupted:     0 kB
AnonHugePages:   1138688 kB
CmaTotal:              0 kB
CmaFree:               0 kB
HugePages_Total:       0
HugePages_Free:        0
HugePages_Rsvd:        0
HugePages_Surp:        0
Hugepagesize:       2048 kB
DirectMap4k:      248064 kB
DirectMap2M:     3794944 kB


CPU:total 4 (2 cores per cpu, 2 threads per core) family 6 model 42 stepping 7, cmov, cx8, fxsr, mmx, sse, sse2, sse3, ssse3, sse4.1, sse4.2, popcnt, avx, aes, clmul, ht, tsc, tscinvbit

/proc/cpuinfo:
processor	: 0
vendor_id	: GenuineIntel
cpu family	: 6
model		: 42
model name	: Intel(R) Core(TM) i5-2450M CPU @ 2.50GHz
stepping	: 7
microcode	: 0x1b
cpu MHz		: 2599.707
cache size	: 3072 KB
physical id	: 0
siblings	: 4
core id		: 0
cpu cores	: 2
apicid		: 0
initial apicid	: 0
fpu		: yes
fpu_exception	: yes
cpuid level	: 13
wp		: yes
flags		: fpu vme de pse tsc msr pae mce cx8 apic sep mtrr pge mca cmov pat pse36 clflush dts acpi mmx fxsr sse sse2 ss ht tm pbe syscall nx rdtscp lm constant_tsc arch_perfmon pebs bts rep_good nopl xtopology nonstop_tsc aperfmperf eagerfpu pni pclmulqdq dtes64 monitor ds_cpl vmx est tm2 ssse3 cx16 xtpr pdcm pcid sse4_1 sse4_2 x2apic popcnt tsc_deadline_timer aes xsave avx lahf_lm epb tpr_shadow vnmi flexpriority ept vpid xsaveopt dtherm ida arat pln pts
bugs		:
bogomips	: 4988.29
clflush size	: 64
cache_alignment	: 64
address sizes	: 36 bits physical, 48 bits virtual
power management:

processor	: 1
vendor_id	: GenuineIntel
cpu family	: 6
model		: 42
model name	: Intel(R) Core(TM) i5-2450M CPU @ 2.50GHz
stepping	: 7
microcode	: 0x1b
cpu MHz		: 2633.007
cache size	: 3072 KB
physical id	: 0
siblings	: 4
core id		: 0
cpu cores	: 2
apicid		: 1
initial apicid	: 1
fpu		: yes
fpu_exception	: yes
cpuid level	: 13
wp		: yes
flags		: fpu vme de pse tsc msr pae mce cx8 apic sep mtrr pge mca cmov pat pse36 clflush dts acpi mmx fxsr sse sse2 ss ht tm pbe syscall nx rdtscp lm constant_tsc arch_perfmon pebs bts rep_good nopl xtopology nonstop_tsc aperfmperf eagerfpu pni pclmulqdq dtes64 monitor ds_cpl vmx est tm2 ssse3 cx16 xtpr pdcm pcid sse4_1 sse4_2 x2apic popcnt tsc_deadline_timer aes xsave avx lahf_lm epb tpr_shadow vnmi flexpriority ept vpid xsaveopt dtherm ida arat pln pts
bugs		:
bogomips	: 4988.29
clflush size	: 64
cache_alignment	: 64
address sizes	: 36 bits physical, 48 bits virtual
power management:

processor	: 2
vendor_id	: GenuineIntel
cpu family	: 6
model		: 42
model name	: Intel(R) Core(TM) i5-2450M CPU @ 2.50GHz
stepping	: 7
microcode	: 0x1b
cpu MHz		: 2633.007
cache size	: 3072 KB
physical id	: 0
siblings	: 4
core id		: 1
cpu cores	: 2
apicid		: 2
initial apicid	: 2
fpu		: yes
fpu_exception	: yes
cpuid level	: 13
wp		: yes
flags		: fpu vme de pse tsc msr pae mce cx8 apic sep mtrr pge mca cmov pat pse36 clflush dts acpi mmx fxsr sse sse2 ss ht tm pbe syscall nx rdtscp lm constant_tsc arch_perfmon pebs bts rep_good nopl xtopology nonstop_tsc aperfmperf eagerfpu pni pclmulqdq dtes64 monitor ds_cpl vmx est tm2 ssse3 cx16 xtpr pdcm pcid sse4_1 sse4_2 x2apic popcnt tsc_deadline_timer aes xsave avx lahf_lm epb tpr_shadow vnmi flexpriority ept vpid xsaveopt dtherm ida arat pln pts
bugs		:
bogomips	: 4988.29
clflush size	: 64
cache_alignment	: 64
address sizes	: 36 bits physical, 48 bits virtual
power management:

processor	: 3
vendor_id	: GenuineIntel
cpu family	: 6
model		: 42
model name	: Intel(R) Core(TM) i5-2450M CPU @ 2.50GHz
stepping	: 7
microcode	: 0x1b
cpu MHz		: 2566.406
cache size	: 3072 KB
physical id	: 0
siblings	: 4
core id		: 1
cpu cores	: 2
apicid		: 3
initial apicid	: 3
fpu		: yes
fpu_exception	: yes
cpuid level	: 13
wp		: yes
flags		: fpu vme de pse tsc msr pae mce cx8 apic sep mtrr pge mca cmov pat pse36 clflush dts acpi mmx fxsr sse sse2 ss ht tm pbe syscall nx rdtscp lm constant_tsc arch_perfmon pebs bts rep_good nopl xtopology nonstop_tsc aperfmperf eagerfpu pni pclmulqdq dtes64 monitor ds_cpl vmx est tm2 ssse3 cx16 xtpr pdcm pcid sse4_1 sse4_2 x2apic popcnt tsc_deadline_timer aes xsave avx lahf_lm epb tpr_shadow vnmi flexpriority ept vpid xsaveopt dtherm ida arat pln pts
bugs		:
bogomips	: 4988.29
clflush size	: 64
cache_alignment	: 64
address sizes	: 36 bits physical, 48 bits virtual
power management:



Memory: 4k page, physical 3896084k(148304k free), swap 7812092k(7781380k free)

vm_info: Java HotSpot(TM) 64-Bit Server VM (25.111-b14) for linux-amd64 JRE (1.8.0_111-b14), built on Sep 22 2016 16:14:03 by "java_re" with gcc 4.3.0 20080428 (Red Hat 4.3.0-8)

time: Sun Dec  4 15:57:24 2016
elapsed time: 10 seconds (0d 0h 0m 10s)

