#
# A fatal error has been detected by the Java Runtime Environment:
#
#  SIGSEGV (0xb) at pc=0x00007f9ffb8dfd28, pid=7073, tid=0x00007f9f92a5b700
#
# JRE version: Java(TM) SE Runtime Environment (8.0_111-b14) (build 1.8.0_111-b14)
# Java VM: Java HotSpot(TM) 64-Bit Server VM (25.111-b14 mixed mode linux-amd64 compressed oops)
# Problematic frame:
# V  [libjvm.so+0x6d1d28]  jni_invoke_nonstatic(JNIEnv_*, JavaValue*, _jobject*, JNICallType, _jmethodID*, JNI_ArgumentPusher*, Thread*)+0x38
#
# Failed to write core dump. Core dumps have been disabled. To enable core dumping, try "ulimit -c unlimited" before starting Java again
#
# If you would like to submit a bug report, please visit:
#   http://bugreport.java.com/bugreport/crash.jsp
#

---------------  T H R E A D  ---------------

Current thread (0x00007f9fa811c000):  JavaThread "JavaFX Application Thread" [_thread_in_vm, id=7110, stack(0x00007f9f9295b000,0x00007f9f92a5c000)]

siginfo: si_signo: 11 (SIGSEGV), si_code: 1 (SEGV_MAPERR), si_addr: 0x00000000000000f5

Registers:
RAX=0x00007f9f92a5a4c0, RBX=0x00007f9f92a5a3d0, RCX=0x0000000000000001, RDX=0x00000000000000f5
RSP=0x00007f9f92a5a220, RBP=0x00007f9f92a5a3a0, RSI=0x00007f9f92a5a430, RDI=0x00007f9fa811c1f8
R8 =0x00007f9fa805a3f8, R9 =0x00007f9f92a5a3d0, R10=0x00007f9f80000ac0, R11=0x00007f9fe5392fe0
R12=0x00007f9fa811c000, R13=0x00007f9fa805a3f8, R14=0x0000000000000001, R15=0x00007f9fa811c1f8
RIP=0x00007f9ffb8dfd28, EFLAGS=0x0000000000010206, CSGSFS=0x0000000000000033, ERR=0x0000000000000004
  TRAPNO=0x000000000000000e

Top of Stack: (sp=0x00007f9f92a5a220)
0x00007f9f92a5a220:   00007f9f92a5a920 00007f9f92a5a540
0x00007f9f92a5a230:   00007f9f92a5a280 00007f9f92a5a300
0x00007f9f92a5a240:   00007f9f92a5a3d0 00007f9f92a5a430
0x00007f9f92a5a250:   00007f9fa811c1f8 00007f9ffb8ff830
0x00007f9f92a5a260:   00007f9fc004d780 00007f9fc004d790
0x00007f9f92a5a270:   00007f9fc004db68 00000000000003d8
0x00007f9f92a5a280:   0000000000000000 00000000ec713230
0x00007f9f92a5a290:   00007f9f0000006f 00007f9f0000000a
0x00007f9f92a5a2a0:   00000000ed0b5420 0000000000000000
0x00007f9f92a5a2b0:   0000000000000000 0000000000000000
0x00007f9f92a5a2c0:   00007f9ff8ebf570 0000000100000100
0x00007f9f92a5a2d0:   0000000000000000 00007f9f92a5a288
0x00007f9f92a5a2e0:   00007f9f92a5a2c9 0000000800000005
0x00007f9f92a5a2f0:   0000000000000000 00007f9fa80de820
0x00007f9f92a5a300:   00007f9ffc16caf0 00007f9ffcc7d6d0
0x00007f9f92a5a310:   00000000a80fc200 00007f9fa811c000
0x00007f9f92a5a320:   0000000000000000 00007f9ffb8e00fb
0x00007f9f92a5a330:   00007f9ff8eac258 00007f9fa811c000
0x00007f9f92a5a340:   00007f9ff8eac258 00007f9fa811c000
0x00007f9f92a5a350:   00007f9f92a5a4e0 00007f9ff8eac258
0x00007f9f92a5a360:   00007f9ff8eac258 00007f9ff8eac258
0x00007f9f92a5a370:   00007f9fc004d780 00007f9f92a5a3d0
0x00007f9f92a5a380:   00007f9fa811c000 00007f9f92a5a410
0x00007f9f92a5a390:   00007f9fa805a3f8 00007f9fa811c1f8
0x00007f9f92a5a3a0:   00007f9f92a5a490 00007f9ffb8e44cf
0x00007f9f92a5a3b0:   00007f9fa811c000 00007f9fe0863054
0x00007f9f92a5a3c0:   00007f9f92a5a4a8 00000000000000f5
0x00007f9f92a5a3d0:   00007f9ffc16d750 00007f9ffcc7d6d0
0x00007f9f92a5a3e0:   0000000092a5a450 63defb1e00000063
0x00007f9f92a5a3f0:   0000000000000000 0000003000000018
0x00007f9f92a5a400:   00007f9f92a5a580 00007f9f92a5a4c0
0x00007f9f92a5a410:   00007f9fa811c000 0000000000000000 

Instructions: (pc=0x00007f9ffb8dfd28)
0x00007f9ffb8dfd08:   00 00 48 85 d2 48 89 bd b0 fe ff ff 48 89 b5 a8
0x00007f9ffb8dfd18:   fe ff ff 4c 89 8d a0 fe ff ff 0f 84 78 09 00 00
0x00007f9ffb8dfd28:   4c 8b 22 4d 85 e4 0f 84 6c 09 00 00 48 8b 45 10
0x00007f9ffb8dfd38:   48 8b 98 38 01 00 00 48 83 7b 18 f7 0f 87 16 07 

Register to memory mapping:

RAX=0x00007f9f92a5a4c0 is pointing into the stack for thread: 0x00007f9fa811c000
RBX=0x00007f9f92a5a3d0 is pointing into the stack for thread: 0x00007f9fa811c000
RCX=0x0000000000000001 is an unknown value
RDX=0x00000000000000f5 is an unknown value
RSP=0x00007f9f92a5a220 is pointing into the stack for thread: 0x00007f9fa811c000
RBP=0x00007f9f92a5a3a0 is pointing into the stack for thread: 0x00007f9fa811c000
RSI=0x00007f9f92a5a430 is pointing into the stack for thread: 0x00007f9fa811c000
RDI=0x00007f9fa811c1f8 is an unknown value
R8 =0x00007f9fa805a3f8 is an unknown value
R9 =0x00007f9f92a5a3d0 is pointing into the stack for thread: 0x00007f9fa811c000
R10=0x00007f9f80000ac0 is an unknown value
R11=0x00007f9fe5392fe0 is at entry_point+32 in (nmethod*)0x00007f9fe5392e50
R12=0x00007f9fa811c000 is a thread
R13=0x00007f9fa805a3f8 is an unknown value
R14=0x0000000000000001 is an unknown value
R15=0x00007f9fa811c1f8 is an unknown value


Stack: [0x00007f9f9295b000,0x00007f9f92a5c000],  sp=0x00007f9f92a5a220,  free space=1020k
Native frames: (J=compiled Java code, j=interpreted, Vv=VM code, C=native code)
V  [libjvm.so+0x6d1d28]  jni_invoke_nonstatic(JNIEnv_*, JavaValue*, _jobject*, JNICallType, _jmethodID*, JNI_ArgumentPusher*, Thread*)+0x38
V  [libjvm.so+0x6d64cf]  jni_CallVoidMethodV+0x10f
C  [libglass.so+0x18641]  JNIEnv_::CallVoidMethod(_jobject*, _jmethodID*, ...)+0x81
C  [libglass.so+0x14f0f]  WindowContextBase::process_key(_GdkEventKey*)+0x20f
C  [libglass.so+0x19f60]  WindowContextBase::im_filter_keypress(_GdkEventKey*)+0x1c0
C  [libglass.so+0x1a91c]  process_events(_GdkEvent*, void*)+0x22c
C  [libgdk-x11-2.0.so.0+0x5ac4c]

Java frames: (J=compiled Java code, j=interpreted, Vv=VM code)
j  com.sun.glass.ui.gtk.GtkApplication._runLoop(Ljava/lang/Runnable;Z)V+0
j  com.sun.glass.ui.gtk.GtkApplication.lambda$null$49(Ljava/lang/Runnable;Z)V+7
j  com.sun.glass.ui.gtk.GtkApplication$$Lambda$43.run()V+12
j  java.lang.Thread.run()V+11
v  ~StubRoutines::call_stub

---------------  P R O C E S S  ---------------

Java Threads: ( => current thread )
  0x00007f9f80204000 JavaThread "Prism Font Disposer" daemon [_thread_blocked, id=7117, stack(0x00007f9f91b27000,0x00007f9f91c28000)]
=>0x00007f9fa811c000 JavaThread "JavaFX Application Thread" [_thread_in_vm, id=7110, stack(0x00007f9f9295b000,0x00007f9f92a5c000)]
  0x00007f9fa8118000 JavaThread "Thread-2" daemon [_thread_blocked, id=7107, stack(0x00007f9f93a5e000,0x00007f9f93b5f000)]
  0x00007f9fa804b800 JavaThread "QuantumRenderer-0" daemon [_thread_blocked, id=7105, stack(0x00007f9fe12fe000,0x00007f9fe13ff000)]
  0x00007f9ff41e2800 JavaThread "JavaFX-Launcher" [_thread_blocked, id=7104, stack(0x00007f9fe13ff000,0x00007f9fe1500000)]
  0x00007f9ff412b000 JavaThread "Monitor Ctrl-Break" daemon [_thread_in_native, id=7103, stack(0x00007f9fe1aae000,0x00007f9fe1baf000)]
  0x00007f9ff40c1800 JavaThread "Service Thread" daemon [_thread_blocked, id=7100, stack(0x00007f9fe1ef4000,0x00007f9fe1ff5000)]
  0x00007f9ff40be800 JavaThread "C1 CompilerThread2" daemon [_thread_blocked, id=7098, stack(0x00007f9fe1ff5000,0x00007f9fe20f6000)]
  0x00007f9ff40bd000 JavaThread "C2 CompilerThread1" daemon [_thread_in_native, id=7096, stack(0x00007f9fe20f6000,0x00007f9fe21f7000)]
  0x00007f9ff40ba000 JavaThread "C2 CompilerThread0" daemon [_thread_in_native, id=7094, stack(0x00007f9fe21f7000,0x00007f9fe22f8000)]
  0x00007f9ff40b8800 JavaThread "Signal Dispatcher" daemon [_thread_blocked, id=7092, stack(0x00007f9fe22f8000,0x00007f9fe23f9000)]
  0x00007f9ff4084800 JavaThread "Finalizer" daemon [_thread_blocked, id=7090, stack(0x00007f9fe26d2000,0x00007f9fe27d3000)]
  0x00007f9ff4080000 JavaThread "Reference Handler" daemon [_thread_blocked, id=7089, stack(0x00007f9fe27d3000,0x00007f9fe28d4000)]
  0x00007f9ff400a800 JavaThread "main" [_thread_blocked, id=7076, stack(0x00007f9ffccfa000,0x00007f9ffcdfb000)]

Other Threads:
  0x00007f9ff4078000 VMThread [stack: 0x00007f9fe28d4000,0x00007f9fe29d5000] [id=7087]
  0x00007f9ff40c4800 WatcherThread [stack: 0x00007f9fe1df3000,0x00007f9fe1ef4000] [id=7102]

VM state:not at safepoint (normal execution)

VM Mutex/Monitor currently owned by a thread: None

Heap:
 PSYoungGen      total 17920K, used 3104K [0x00000000ec300000, 0x00000000ed700000, 0x0000000100000000)
  eden space 15360K, 3% used [0x00000000ec300000,0x00000000ec390268,0x00000000ed200000)
  from space 2560K, 98% used [0x00000000ed480000,0x00000000ed6f8038,0x00000000ed700000)
  to   space 2560K, 0% used [0x00000000ed200000,0x00000000ed200000,0x00000000ed480000)
 ParOldGen       total 40960K, used 3307K [0x00000000c4800000, 0x00000000c7000000, 0x00000000ec300000)
  object space 40960K, 8% used [0x00000000c4800000,0x00000000c4b3ae10,0x00000000c7000000)
 Metaspace       used 15610K, capacity 16298K, committed 16512K, reserved 1062912K
  class space    used 2210K, capacity 2367K, committed 2432K, reserved 1048576K

Card table byte_map: [0x00007f9ff98cb000,0x00007f9ff9aa8000] byte_map_base: 0x00007f9ff92a7000

Marking Bits: (ParMarkBitMap*) 0x00007f9ffc1d1220
 Begin Bits: [0x00007f9fe3240000, 0x00007f9fe4120000)
 End Bits:   [0x00007f9fe4120000, 0x00007f9fe5000000)

Polling page: 0x00007f9ffce20000

CodeCache: size=245760Kb used=4459Kb max_used=4459Kb free=241300Kb
 bounds [0x00007f9fe5000000, 0x00007f9fe5460000, 0x00007f9ff4000000]
 total_blobs=2046 nmethods=1435 adapters=524
 compilation: enabled

Compilation events (10 events):
Event: 6.319 Thread 0x00007f9ff40be800 1433       3       javafx.beans.property.DoublePropertyBase::fireValueChangedEvent (8 bytes)
Event: 6.319 Thread 0x00007f9ff40be800 nmethod 1433 0x00007f9fe545a890 code [0x00007f9fe545aa00, 0x00007f9fe545aca8]
Event: 6.319 Thread 0x00007f9ff40be800 1438       3       javafx.scene.Node::impl_layoutBoundsChanged (47 bytes)
Event: 6.321 Thread 0x00007f9ff40be800 nmethod 1438 0x00007f9fe545ad90 code [0x00007f9fe545afe0, 0x00007f9fe545c148]
Event: 6.321 Thread 0x00007f9ff40be800 1435       3       javafx.beans.binding.StringExpression::getValue (8 bytes)
Event: 6.322 Thread 0x00007f9ff40be800 nmethod 1435 0x00007f9fe545c810 code [0x00007f9fe545c980, 0x00007f9fe545cc88]
Event: 6.322 Thread 0x00007f9ff40be800 1436       1       javafx.scene.text.Text$TextAttribute::access$1700 (5 bytes)
Event: 6.322 Thread 0x00007f9ff40be800 nmethod 1436 0x00007f9fe545cd50 code [0x00007f9fe545cea0, 0x00007f9fe545cf90]
Event: 6.322 Thread 0x00007f9ff40be800 1437       1       javafx.scene.text.Text$TextAttribute::access$1800 (5 bytes)
Event: 6.322 Thread 0x00007f9ff40be800 nmethod 1437 0x00007f9fe545d010 code [0x00007f9fe545d160, 0x00007f9fe545d250]

GC Heap History (4 events):
Event: 1.119 GC heap before
{Heap before GC invocations=1 (full 0):
 PSYoungGen      total 17920K, used 15360K [0x00000000ec300000, 0x00000000ed700000, 0x0000000100000000)
  eden space 15360K, 100% used [0x00000000ec300000,0x00000000ed200000,0x00000000ed200000)
  from space 2560K, 0% used [0x00000000ed480000,0x00000000ed480000,0x00000000ed700000)
  to   space 2560K, 0% used [0x00000000ed200000,0x00000000ed200000,0x00000000ed480000)
 ParOldGen       total 40960K, used 0K [0x00000000c4800000, 0x00000000c7000000, 0x00000000ec300000)
  object space 40960K, 0% used [0x00000000c4800000,0x00000000c4800000,0x00000000c7000000)
 Metaspace       used 10044K, capacity 10460K, committed 10624K, reserved 1058816K
  class space    used 1240K, capacity 1368K, committed 1408K, reserved 1048576K
Event: 1.127 GC heap after
Heap after GC invocations=1 (full 0):
 PSYoungGen      total 17920K, used 2528K [0x00000000ec300000, 0x00000000ed700000, 0x0000000100000000)
  eden space 15360K, 0% used [0x00000000ec300000,0x00000000ec300000,0x00000000ed200000)
  from space 2560K, 98% used [0x00000000ed200000,0x00000000ed478020,0x00000000ed480000)
  to   space 2560K, 0% used [0x00000000ed480000,0x00000000ed480000,0x00000000ed700000)
 ParOldGen       total 40960K, used 416K [0x00000000c4800000, 0x00000000c7000000, 0x00000000ec300000)
  object space 40960K, 1% used [0x00000000c4800000,0x00000000c4868010,0x00000000c7000000)
 Metaspace       used 10044K, capacity 10460K, committed 10624K, reserved 1058816K
  class space    used 1240K, capacity 1368K, committed 1408K, reserved 1048576K
}
Event: 6.280 GC heap before
{Heap before GC invocations=2 (full 0):
 PSYoungGen      total 17920K, used 17888K [0x00000000ec300000, 0x00000000ed700000, 0x0000000100000000)
  eden space 15360K, 100% used [0x00000000ec300000,0x00000000ed200000,0x00000000ed200000)
  from space 2560K, 98% used [0x00000000ed200000,0x00000000ed478020,0x00000000ed480000)
  to   space 2560K, 0% used [0x00000000ed480000,0x00000000ed480000,0x00000000ed700000)
 ParOldGen       total 40960K, used 416K [0x00000000c4800000, 0x00000000c7000000, 0x00000000ec300000)
  object space 40960K, 1% used [0x00000000c4800000,0x00000000c4868010,0x00000000c7000000)
 Metaspace       used 15567K, capacity 16234K, committed 16512K, reserved 1062912K
  class space    used 2210K, capacity 2367K, committed 2432K, reserved 1048576K
Event: 6.290 GC heap after
Heap after GC invocations=2 (full 0):
 PSYoungGen      total 17920K, used 2528K [0x00000000ec300000, 0x00000000ed700000, 0x0000000100000000)
  eden space 15360K, 0% used [0x00000000ec300000,0x00000000ec300000,0x00000000ed200000)
  from space 2560K, 98% used [0x00000000ed480000,0x00000000ed6f8038,0x00000000ed700000)
  to   space 2560K, 0% used [0x00000000ed200000,0x00000000ed200000,0x00000000ed480000)
 ParOldGen       total 40960K, used 3307K [0x00000000c4800000, 0x00000000c7000000, 0x00000000ec300000)
  object space 40960K, 8% used [0x00000000c4800000,0x00000000c4b3ae10,0x00000000c7000000)
 Metaspace       used 15567K, capacity 16234K, committed 16512K, reserved 1062912K
  class space    used 2210K, capacity 2367K, committed 2432K, reserved 1048576K
}

Deoptimization events (10 events):
Event: 1.463 Thread 0x00007f9fa811c000 Uncommon trap: reason=class_check action=maybe_recompile pc=0x00007f9fe52453b4 method=java.io.DataInputStream.readShort()S @ 4
Event: 1.463 Thread 0x00007f9fa811c000 Uncommon trap: reason=class_check action=maybe_recompile pc=0x00007f9fe52453b4 method=java.io.DataInputStream.readShort()S @ 4
Event: 1.517 Thread 0x00007f9fa811c000 Uncommon trap: reason=class_check action=maybe_recompile pc=0x00007f9fe511f4f8 method=java.lang.String.equals(Ljava/lang/Object;)Z @ 8
Event: 1.517 Thread 0x00007f9fa811c000 Uncommon trap: reason=class_check action=maybe_recompile pc=0x00007f9fe511f4f8 method=java.lang.String.equals(Ljava/lang/Object;)Z @ 8
Event: 1.517 Thread 0x00007f9fa811c000 Uncommon trap: reason=class_check action=maybe_recompile pc=0x00007f9fe511f4f8 method=java.lang.String.equals(Ljava/lang/Object;)Z @ 8
Event: 1.661 Thread 0x00007f9fa811c000 Uncommon trap: reason=class_check action=maybe_recompile pc=0x00007f9fe511f4f8 method=java.lang.String.equals(Ljava/lang/Object;)Z @ 8
Event: 1.790 Thread 0x00007f9fa811c000 Uncommon trap: reason=unstable_if action=reinterpret pc=0x00007f9fe52a8788 method=sun.net.www.ParseUtil.encodePath(Ljava/lang/String;Z)Ljava/lang/String; @ 109
Event: 1.978 Thread 0x00007f9fa811c000 Uncommon trap: reason=unstable_if action=reinterpret pc=0x00007f9fe5302c24 method=jdk.internal.org.objectweb.asm.Type.getArgumentsAndReturnSizes(Ljava/lang/String;)I @ 47
Event: 2.955 Thread 0x00007f9fa804b800 Uncommon trap: reason=unstable_if action=reinterpret pc=0x00007f9fe5397e9c method=java.lang.StrictMath.floorOrCeil(DDDD)D @ 115
Event: 3.728 Thread 0x00007f9fa811c000 Uncommon trap: reason=unstable_if action=reinterpret pc=0x00007f9fe5230ea0 method=java.lang.CharacterData.of(I)Ljava/lang/CharacterData; @ 4

Internal exceptions (10 events):
Event: 0.354 Thread 0x00007f9ff41e2800 Exception <a 'java/security/PrivilegedActionException'> (0x00000000ec617d80) thrown at [/HUDSON3/workspace/8-2-build-linux-amd64/jdk8u111/7883/hotspot/src/share/vm/prims/jvm.cpp, line 1386]
Event: 0.354 Thread 0x00007f9ff41e2800 Exception <a 'java/security/PrivilegedActionException'> (0x00000000ec61a1c0) thrown at [/HUDSON3/workspace/8-2-build-linux-amd64/jdk8u111/7883/hotspot/src/share/vm/prims/jvm.cpp, line 1386]
Event: 0.354 Thread 0x00007f9ff41e2800 Exception <a 'java/security/PrivilegedActionException'> (0x00000000ec61a3d0) thrown at [/HUDSON3/workspace/8-2-build-linux-amd64/jdk8u111/7883/hotspot/src/share/vm/prims/jvm.cpp, line 1386]
Event: 0.354 Thread 0x00007f9ff41e2800 Exception <a 'java/lang/NullPointerException'> (0x00000000ec61a9a8) thrown at [/HUDSON3/workspace/8-2-build-linux-amd64/jdk8u111/7883/hotspot/src/share/vm/interpreter/linkResolver.cpp, line 1178]
Event: 0.912 Thread 0x00007f9fa811c000 Exception <a 'java/lang/NullPointerException'> (0x00000000ece58070) thrown at [/HUDSON3/workspace/8-2-build-linux-amd64/jdk8u111/7883/hotspot/src/share/vm/interpreter/linkResolver.cpp, line 1178]
Event: 0.912 Thread 0x00007f9fa811c000 Exception <a 'java/lang/NullPointerException'> (0x00000000ece58070) thrown at [/HUDSON3/workspace/8-2-build-linux-amd64/jdk8u111/7883/hotspot/src/share/vm/prims/jvm.cpp, line 1390]
Event: 1.111 Thread 0x00007f9fa811c000 Exception <a 'java/lang/ArrayIndexOutOfBoundsException': 58> (0x00000000ed1e6fa8) thrown at [/HUDSON3/workspace/8-2-build-linux-amd64/jdk8u111/7883/hotspot/src/share/vm/interpreter/interpreterRuntime.cpp, line 366]
Event: 1.112 Thread 0x00007f9fa811c000 Exception <a 'java/lang/ArrayIndexOutOfBoundsException': 18> (0x00000000ed1e7e30) thrown at [/HUDSON3/workspace/8-2-build-linux-amd64/jdk8u111/7883/hotspot/src/share/vm/interpreter/interpreterRuntime.cpp, line 366]
Event: 1.112 Thread 0x00007f9fa811c000 Exception <a 'java/lang/ArrayIndexOutOfBoundsException': 86> (0x00000000ed1e91d8) thrown at [/HUDSON3/workspace/8-2-build-linux-amd64/jdk8u111/7883/hotspot/src/share/vm/interpreter/interpreterRuntime.cpp, line 366]
Event: 1.299 Thread 0x00007f9fa811c000 Implicit null exception at 0x00007f9fe524b8f5 to 0x00007f9fe524bad5

Events (10 events):
Event: 6.160 loading class com/sun/prism/GraphicsResource
Event: 6.160 loading class com/sun/prism/GraphicsResource done
Event: 6.161 loading class com/sun/javafx/tk/quantum/ViewScene
Event: 6.161 loading class com/sun/javafx/tk/quantum/ViewScene done
Event: 6.163 loading class com/sun/javafx/tk/quantum/WindowStage
Event: 6.163 loading class com/sun/javafx/tk/quantum/WindowStage done
Event: 6.279 Executing VM operation: ParallelGCFailedAllocation
Event: 6.290 Executing VM operation: ParallelGCFailedAllocation done
Event: 6.292 Executing VM operation: RevokeBias
Event: 6.292 Executing VM operation: RevokeBias done


Dynamic libraries:
00400000-00401000 r-xp 00000000 08:03 2493609                            /usr/lib/jvm/java-8-oracle/bin/java
00600000-00601000 rw-p 00000000 08:03 2493609                            /usr/lib/jvm/java-8-oracle/bin/java
01f15000-01f36000 rw-p 00000000 00:00 0                                  [heap]
403dc000-403de000 r-xs 00000000 08:03 262240                             /tmp/.glSvwvKO (deleted)
40a79000-40b19000 rw-p 00000000 00:00 0 
c4800000-c7000000 rw-p 00000000 00:00 0 
c7000000-ec300000 ---p 00000000 00:00 0 
ec300000-ed700000 rw-p 00000000 00:00 0 
ed700000-100000000 ---p 00000000 00:00 0 
100000000-100260000 rw-p 00000000 00:00 0 
100260000-140000000 ---p 00000000 00:00 0 
7f9f74000000-7f9f74021000 rw-p 00000000 00:00 0 
7f9f74021000-7f9f78000000 ---p 00000000 00:00 0 
7f9f7c000000-7f9f7c022000 rw-p 00000000 00:00 0 
7f9f7c022000-7f9f80000000 ---p 00000000 00:00 0 
7f9f80000000-7f9f80505000 rw-p 00000000 00:00 0 
7f9f80505000-7f9f84000000 ---p 00000000 00:00 0 
7f9f84000000-7f9f84021000 rw-p 00000000 00:00 0 
7f9f84021000-7f9f88000000 ---p 00000000 00:00 0 
7f9f88000000-7f9f88021000 rw-p 00000000 00:00 0 
7f9f88021000-7f9f8c000000 ---p 00000000 00:00 0 
7f9f8c000000-7f9f8c021000 rw-p 00000000 00:00 0 
7f9f8c021000-7f9f90000000 ---p 00000000 00:00 0 
7f9f90d26000-7f9f90f26000 rw-s 3314e000 00:06 552                        /dev/nvidiactl
7f9f90f26000-7f9f91727000 rw-p 00000000 00:00 0 
7f9f91727000-7f9f91927000 rw-s 15a332000 00:06 552                       /dev/nvidiactl
7f9f91927000-7f9f91ae7000 rw-p 00000000 00:00 0 
7f9f91ae7000-7f9f91b27000 ---p 00000000 00:00 0 
7f9f91b27000-7f9f91b2a000 ---p 00000000 00:00 0 
7f9f91b2a000-7f9f91c28000 rw-p 00000000 00:00 0 
7f9f91c28000-7f9f91ce1000 r--p 00000000 08:03 1312293                    /usr/share/fonts/truetype/dejavu/DejaVuSans.ttf
7f9f91ce1000-7f9f91cf5000 r--p 00000000 08:03 2493785                    /usr/lib/jvm/java-8-oracle/jre/lib/fonts/LucidaBrightItalic.ttf
7f9f91cf5000-7f9f91d4a000 r--p 00000000 08:03 2493784                    /usr/lib/jvm/java-8-oracle/jre/lib/fonts/LucidaBrightRegular.ttf
7f9f91d4a000-7f9f91df5000 r--p 00000000 08:03 2493781                    /usr/lib/jvm/java-8-oracle/jre/lib/fonts/LucidaSansRegular.ttf
7f9f91df5000-7f9f91e08000 r--p 00000000 08:03 2493789                    /usr/lib/jvm/java-8-oracle/jre/lib/fonts/LucidaBrightDemiItalic.ttf
7f9f91e08000-7f9f91e42000 r--p 00000000 08:03 2493783                    /usr/lib/jvm/java-8-oracle/jre/lib/fonts/LucidaTypewriterBold.ttf
7f9f91e42000-7f9f91e55000 r--p 00000000 08:03 2493782                    /usr/lib/jvm/java-8-oracle/jre/lib/fonts/LucidaBrightDemiBold.ttf
7f9f91e55000-7f9f91e91000 r--p 00000000 08:03 2493787                    /usr/lib/jvm/java-8-oracle/jre/lib/fonts/LucidaTypewriterRegular.ttf
7f9f91e91000-7f9f91edf000 r--p 00000000 08:03 2493788                    /usr/lib/jvm/java-8-oracle/jre/lib/fonts/LucidaSansDemiBold.ttf
7f9f91edf000-7f9f91ee3000 r-xp 00000000 08:03 2493730                    /usr/lib/jvm/java-8-oracle/jre/lib/amd64/libjavafx_font_pango.so
7f9f91ee3000-7f9f920e2000 ---p 00004000 08:03 2493730                    /usr/lib/jvm/java-8-oracle/jre/lib/amd64/libjavafx_font_pango.so
7f9f920e2000-7f9f920e3000 rw-p 00003000 08:03 2493730                    /usr/lib/jvm/java-8-oracle/jre/lib/amd64/libjavafx_font_pango.so
7f9f920e3000-7f9f920e8000 r--s 00084000 08:03 2493792                    /usr/lib/jvm/java-8-oracle/jre/lib/jfr.jar
7f9f920e8000-7f9f922e8000 rw-p 00000000 00:00 0 
7f9f922e8000-7f9f922f3000 r--s 00000000 08:03 664008                     /var/cache/fontconfig/945677eb7aeaf62f1d50efc3fb3ec7d8-le64.cache-6
7f9f922f3000-7f9f922f9000 r--s 00000000 08:03 664037                     /var/cache/fontconfig/2cd17615ca594fa2959ae173292e504c-le64.cache-6
7f9f922f9000-7f9f922fa000 r--s 00000000 08:03 664036                     /var/cache/fontconfig/0d8c3b2ac0904cb8a57a757ad11a4a08-le64.cache-6
7f9f922fa000-7f9f9230f000 r--s 00000000 08:03 664034                     /var/cache/fontconfig/04aabc0a78ac019cf9454389977116d2-le64.cache-6
7f9f9230f000-7f9f92310000 r--s 00000000 08:03 664033                     /var/cache/fontconfig/1ac9eb803944fde146138c791f5cc56a-le64.cache-6
7f9f92310000-7f9f92314000 r--s 00000000 08:03 664032                     /var/cache/fontconfig/385c0604a188198f04d133e54aba7fe7-le64.cache-6
7f9f92314000-7f9f92315000 r--s 00000000 08:03 664030                     /var/cache/fontconfig/dc05db6664285cc2f12bf69c139ae4c3-le64.cache-6
7f9f92315000-7f9f92318000 r--s 00000000 08:03 664029                     /var/cache/fontconfig/767a8244fc0220cfb567a839d0392e0b-le64.cache-6
7f9f92318000-7f9f92319000 r--s 00000000 08:03 664027                     /var/cache/fontconfig/4794a0821666d79190d59a36cb4f44b5-le64.cache-6
7f9f92319000-7f9f9231e000 r--s 00000000 08:03 664018                     /var/cache/fontconfig/8801497958630a81b71ace7c5f9b32a8-le64.cache-6
7f9f9231e000-7f9f9231f000 r--s 00000000 08:03 664017                     /var/cache/fontconfig/bab58bb527bb656aaa9f116d68a48d89-le64.cache-6
7f9f9231f000-7f9f92326000 r--s 00000000 08:03 664015                     /var/cache/fontconfig/3047814df9a2f067bd2d96a2b9c36e5a-le64.cache-6
7f9f92326000-7f9f92327000 r--s 00000000 08:03 664014                     /var/cache/fontconfig/56cf4f4769d0f4abc89a4895d7bd3ae1-le64.cache-6
7f9f92327000-7f9f92328000 r--s 00000000 08:03 664012                     /var/cache/fontconfig/b9d506c9ac06c20b433354fa67a72993-le64.cache-6
7f9f92328000-7f9f9232e000 r--s 00000000 08:03 664011                     /var/cache/fontconfig/b47c4e1ecd0709278f4910c18777a504-le64.cache-6
7f9f9232e000-7f9f92341000 r--s 00000000 08:03 664009                     /var/cache/fontconfig/d52a8644073d54c13679302ca1180695-le64.cache-6
7f9f92341000-7f9f92342000 r--s 00000000 08:03 664007                     /var/cache/fontconfig/551ecf3b0e8b0bca0f25c0944f561853-le64.cache-6
7f9f92342000-7f9f92346000 r--s 00000000 08:03 664006                     /var/cache/fontconfig/d589a48862398ed80a3d6066f4f56f4c-le64.cache-6
7f9f92346000-7f9f92347000 r--s 00000000 08:03 664005                     /var/cache/fontconfig/30829fa25452a46451e813d634d7f916-le64.cache-6
7f9f92347000-7f9f92348000 r--s 00000000 08:03 664002                     /var/cache/fontconfig/0c9eb80ebd1c36541ebe2852d3bb0c49-le64.cache-6
7f9f92348000-7f9f92353000 r--s 00000000 08:03 663991                     /var/cache/fontconfig/83bf95040141907cd45bb53cf7c1c148-le64.cache-6
7f9f92353000-7f9f92358000 r-xp 00000000 08:03 2493726                    /usr/lib/jvm/java-8-oracle/jre/lib/amd64/libjavafx_font_freetype.so
7f9f92358000-7f9f92557000 ---p 00005000 08:03 2493726                    /usr/lib/jvm/java-8-oracle/jre/lib/amd64/libjavafx_font_freetype.so
7f9f92557000-7f9f92558000 rw-p 00004000 08:03 2493726                    /usr/lib/jvm/java-8-oracle/jre/lib/amd64/libjavafx_font_freetype.so
7f9f92558000-7f9f9255b000 r-xp 00000000 08:03 2493688                    /usr/lib/jvm/java-8-oracle/jre/lib/amd64/libjavafx_font.so
7f9f9255b000-7f9f9275a000 ---p 00003000 08:03 2493688                    /usr/lib/jvm/java-8-oracle/jre/lib/amd64/libjavafx_font.so
7f9f9275a000-7f9f9275b000 rw-p 00002000 08:03 2493688                    /usr/lib/jvm/java-8-oracle/jre/lib/amd64/libjavafx_font.so
7f9f9275b000-7f9f9295b000 rw-p 00000000 00:00 0 
7f9f9295b000-7f9f9295e000 ---p 00000000 00:00 0 
7f9f9295e000-7f9f92a5c000 rw-p 00000000 00:00 0 
7f9f92a5c000-7f9f92a5d000 ---p 00000000 00:00 0 
7f9f92a5d000-7f9f9325d000 rw-p 00000000 00:00 0 
7f9f9325d000-7f9f9325e000 ---p 00000000 00:00 0 
7f9f9325e000-7f9f93a5e000 rw-p 00000000 00:00 0 
7f9f93a5e000-7f9f93a61000 ---p 00000000 00:00 0 
7f9f93a61000-7f9f93b5f000 rw-p 00000000 00:00 0 
7f9f93b5f000-7f9f93b60000 ---p 00000000 00:00 0 
7f9f93b60000-7f9f94360000 rw-p 00000000 00:00 0 
7f9f94360000-7f9f9436b000 r-xp 00000000 08:03 657319                     /usr/lib/x86_64-linux-gnu/gio/modules/libdconfsettings.so
7f9f9436b000-7f9f9456b000 ---p 0000b000 08:03 657319                     /usr/lib/x86_64-linux-gnu/gio/modules/libdconfsettings.so
7f9f9456b000-7f9f9456c000 r--p 0000b000 08:03 657319                     /usr/lib/x86_64-linux-gnu/gio/modules/libdconfsettings.so
7f9f9456c000-7f9f9456d000 rw-p 0000c000 08:03 657319                     /usr/lib/x86_64-linux-gnu/gio/modules/libdconfsettings.so
7f9f9456d000-7f9f945b5000 r--p 00000000 08:03 1312548                    /usr/share/glib-2.0/schemas/gschemas.compiled
7f9f945b5000-7f9f945bc000 r-xp 00000000 08:03 403656                     /usr/lib/x86_64-linux-gnu/libogg.so.0.8.2
7f9f945bc000-7f9f947bc000 ---p 00007000 08:03 403656                     /usr/lib/x86_64-linux-gnu/libogg.so.0.8.2
7f9f947bc000-7f9f947bd000 r--p 00007000 08:03 403656                     /usr/lib/x86_64-linux-gnu/libogg.so.0.8.2
7f9f947bd000-7f9f947be000 rw-p 00008000 08:03 403656                     /usr/lib/x86_64-linux-gnu/libogg.so.0.8.2
7f9f947be000-7f9f947e8000 r-xp 00000000 08:03 404005                     /usr/lib/x86_64-linux-gnu/libvorbis.so.0.4.8
7f9f947e8000-7f9f949e8000 ---p 0002a000 08:03 404005                     /usr/lib/x86_64-linux-gnu/libvorbis.so.0.4.8
7f9f949e8000-7f9f949e9000 r--p 0002a000 08:03 404005                     /usr/lib/x86_64-linux-gnu/libvorbis.so.0.4.8
7f9f949e9000-7f9f949ea000 rw-p 0002b000 08:03 404005                     /usr/lib/x86_64-linux-gnu/libvorbis.so.0.4.8
7f9f949ea000-7f9f949f3000 r-xp 00000000 08:03 403523                     /usr/lib/x86_64-linux-gnu/libltdl.so.7.3.1
7f9f949f3000-7f9f94bf2000 ---p 00009000 08:03 403523                     /usr/lib/x86_64-linux-gnu/libltdl.so.7.3.1
7f9f94bf2000-7f9f94bf3000 r--p 00008000 08:03 403523                     /usr/lib/x86_64-linux-gnu/libltdl.so.7.3.1
7f9f94bf3000-7f9f94bf4000 rw-p 00009000 08:03 403523                     /usr/lib/x86_64-linux-gnu/libltdl.so.7.3.1
7f9f94bf4000-7f9f94c08000 r-xp 00000000 08:03 403898                     /usr/lib/x86_64-linux-gnu/libtdb.so.1.3.8
7f9f94c08000-7f9f94e07000 ---p 00014000 08:03 403898                     /usr/lib/x86_64-linux-gnu/libtdb.so.1.3.8
7f9f94e07000-7f9f94e08000 r--p 00013000 08:03 403898                     /usr/lib/x86_64-linux-gnu/libtdb.so.1.3.8
7f9f94e08000-7f9f94e09000 rw-p 00014000 08:03 403898                     /usr/lib/x86_64-linux-gnu/libtdb.so.1.3.8
7f9f94e09000-7f9f94e10000 r-xp 00000000 08:03 404009                     /usr/lib/x86_64-linux-gnu/libvorbisfile.so.3.3.7
7f9f94e10000-7f9f95010000 ---p 00007000 08:03 404009                     /usr/lib/x86_64-linux-gnu/libvorbisfile.so.3.3.7
7f9f95010000-7f9f95011000 r--p 00007000 08:03 404009                     /usr/lib/x86_64-linux-gnu/libvorbisfile.so.3.3.7
7f9f95011000-7f9f95012000 rw-p 00008000 08:03 404009                     /usr/lib/x86_64-linux-gnu/libvorbisfile.so.3.3.7
7f9f95012000-7f9f95022000 r-xp 00000000 08:03 402920                     /usr/lib/x86_64-linux-gnu/libcanberra.so.0.2.5
7f9f95022000-7f9f95221000 ---p 00010000 08:03 402920                     /usr/lib/x86_64-linux-gnu/libcanberra.so.0.2.5
7f9f95221000-7f9f95222000 r--p 0000f000 08:03 402920                     /usr/lib/x86_64-linux-gnu/libcanberra.so.0.2.5
7f9f95222000-7f9f95223000 rw-p 00010000 08:03 402920                     /usr/lib/x86_64-linux-gnu/libcanberra.so.0.2.5
7f9f95223000-7f9f95227000 r-xp 00000000 08:03 402916                     /usr/lib/x86_64-linux-gnu/libcanberra-gtk.so.0.1.9
7f9f95227000-7f9f95426000 ---p 00004000 08:03 402916                     /usr/lib/x86_64-linux-gnu/libcanberra-gtk.so.0.1.9
7f9f95426000-7f9f95427000 r--p 00003000 08:03 402916                     /usr/lib/x86_64-linux-gnu/libcanberra-gtk.so.0.1.9
7f9f95427000-7f9f95428000 rw-p 00004000 08:03 402916                     /usr/lib/x86_64-linux-gnu/libcanberra-gtk.so.0.1.9
7f9f95428000-7f9f9542d000 r-xp 00000000 08:03 657534                     /usr/lib/x86_64-linux-gnu/gtk-2.0/modules/libcanberra-gtk-module.so
7f9f9542d000-7f9f9562c000 ---p 00005000 08:03 657534                     /usr/lib/x86_64-linux-gnu/gtk-2.0/modules/libcanberra-gtk-module.so
7f9f9562c000-7f9f9562d000 r--p 00004000 08:03 657534                     /usr/lib/x86_64-linux-gnu/gtk-2.0/modules/libcanberra-gtk-module.so
7f9f9562d000-7f9f9562e000 rw-p 00005000 08:03 657534                     /usr/lib/x86_64-linux-gnu/gtk-2.0/modules/libcanberra-gtk-module.so
7f9f9562e000-7f9f9565e000 r-xp 00000000 08:03 657346                     /usr/lib/x86_64-linux-gnu/gtk-2.0/2.10.0/engines/libmurrine.so
7f9f9565e000-7f9f9585e000 ---p 00030000 08:03 657346                     /usr/lib/x86_64-linux-gnu/gtk-2.0/2.10.0/engines/libmurrine.so
7f9f9585e000-7f9f9585f000 r--p 00030000 08:03 657346                     /usr/lib/x86_64-linux-gnu/gtk-2.0/2.10.0/engines/libmurrine.so
7f9f9585f000-7f9f95860000 rw-p 00031000 08:03 657346                     /usr/lib/x86_64-linux-gnu/gtk-2.0/2.10.0/engines/libmurrine.so
7f9f95860000-7f9f95870000 r-xp 00000000 08:03 403954                     /usr/lib/x86_64-linux-gnu/libunity-gtk2-parser.so.0.0.0
7f9f95870000-7f9f95a70000 ---p 00010000 08:03 403954                     /usr/lib/x86_64-linux-gnu/libunity-gtk2-parser.so.0.0.0
7f9f95a70000-7f9f95a71000 r--p 00010000 08:03 403954                     /usr/lib/x86_64-linux-gnu/libunity-gtk2-parser.so.0.0.0
7f9f95a71000-7f9f95a72000 rw-p 00011000 08:03 403954                     /usr/lib/x86_64-linux-gnu/libunity-gtk2-parser.so.0.0.0
7f9f95a72000-7f9f95a77000 r-xp 00000000 08:03 657538                     /usr/lib/x86_64-linux-gnu/gtk-2.0/modules/libunity-gtk-module.so
7f9f95a77000-7f9f95c76000 ---p 00005000 08:03 657538                     /usr/lib/x86_64-linux-gnu/gtk-2.0/modules/libunity-gtk-module.so
7f9f95c76000-7f9f95c77000 r--p 00004000 08:03 657538                     /usr/lib/x86_64-linux-gnu/gtk-2.0/modules/libunity-gtk-module.so
7f9f95c77000-7f9f95c78000 rw-p 00005000 08:03 657538                     /usr/lib/x86_64-linux-gnu/gtk-2.0/modules/libunity-gtk-module.so
7f9f95c78000-7f9f95c8a000 r-xp 00000000 08:03 1840172                    /lib/x86_64-linux-gnu/libgpg-error.so.0.17.0
7f9f95c8a000-7f9f95e8a000 ---p 00012000 08:03 1840172                    /lib/x86_64-linux-gnu/libgpg-error.so.0.17.0
7f9f95e8a000-7f9f95e8b000 r--p 00012000 08:03 1840172                    /lib/x86_64-linux-gnu/libgpg-error.so.0.17.0
7f9f95e8b000-7f9f95e8c000 rw-p 00013000 08:03 1840172                    /lib/x86_64-linux-gnu/libgpg-error.so.0.17.0
7f9f95e8c000-7f9f95f64000 r-xp 00000000 08:03 1839881                    /lib/x86_64-linux-gnu/libgcrypt.so.20.0.5
7f9f95f64000-7f9f96163000 ---p 000d8000 08:03 1839881                    /lib/x86_64-linux-gnu/libgcrypt.so.20.0.5
7f9f96163000-7f9f96164000 r--p 000d7000 08:03 1839881                    /lib/x86_64-linux-gnu/libgcrypt.so.20.0.5
7f9f96164000-7f9f9616c000 rw-p 000d8000 08:03 1839881                    /lib/x86_64-linux-gnu/libgcrypt.so.20.0.5
7f9f9616c000-7f9f9616d000 rw-p 00000000 00:00 0 
7f9f9616d000-7f9f9618e000 r-xp 00000000 08:03 1840195                    /lib/x86_64-linux-gnu/liblzma.so.5.0.0
7f9f9618e000-7f9f9638d000 ---p 00021000 08:03 1840195                    /lib/x86_64-linux-gnu/liblzma.so.5.0.0
7f9f9638d000-7f9f9638e000 r--p 00020000 08:03 1840195                    /lib/x86_64-linux-gnu/liblzma.so.5.0.0
7f9f9638e000-7f9f9638f000 rw-p 00021000 08:03 1840195                    /lib/x86_64-linux-gnu/liblzma.so.5.0.0
7f9f9638f000-7f9f9640f000 r-xp 00000000 08:03 1836670                    /lib/x86_64-linux-gnu/libsystemd.so.0.14.0
7f9f9640f000-7f9f96412000 r--p 0007f000 08:03 1836670                    /lib/x86_64-linux-gnu/libsystemd.so.0.14.0
7f9f96412000-7f9f96413000 rw-p 00082000 08:03 1836670                    /lib/x86_64-linux-gnu/libsystemd.so.0.14.0
7f9f96413000-7f9f96414000 rw-p 00000000 00:00 0 
7f9f96414000-7f9f9645e000 r-xp 00000000 08:03 1839804                    /lib/x86_64-linux-gnu/libdbus-1.so.3.14.6
7f9f9645e000-7f9f9665e000 ---p 0004a000 08:03 1839804                    /lib/x86_64-linux-gnu/libdbus-1.so.3.14.6
7f9f9665e000-7f9f9665f000 r--p 0004a000 08:03 1839804                    /lib/x86_64-linux-gnu/libdbus-1.so.3.14.6
7f9f9665f000-7f9f96660000 rw-p 0004b000 08:03 1839804                    /lib/x86_64-linux-gnu/libdbus-1.so.3.14.6
7f9f96660000-7f9f9668c000 r-xp 00000000 08:03 402862                     /usr/lib/x86_64-linux-gnu/libatspi.so.0.0.1
7f9f9668c000-7f9f9688b000 ---p 0002c000 08:03 402862                     /usr/lib/x86_64-linux-gnu/libatspi.so.0.0.1
7f9f9688b000-7f9f9688e000 r--p 0002b000 08:03 402862                     /usr/lib/x86_64-linux-gnu/libatspi.so.0.0.1
7f9f9688e000-7f9f9688f000 rw-p 0002e000 08:03 402862                     /usr/lib/x86_64-linux-gnu/libatspi.so.0.0.1
7f9f9688f000-7f9f968bc000 r-xp 00000000 08:03 402856                     /usr/lib/x86_64-linux-gnu/libatk-bridge-2.0.so.0.0.0
7f9f968bc000-7f9f96abb000 ---p 0002d000 08:03 402856                     /usr/lib/x86_64-linux-gnu/libatk-bridge-2.0.so.0.0.0
7f9f96abb000-7f9f96abc000 r--p 0002c000 08:03 402856                     /usr/lib/x86_64-linux-gnu/libatk-bridge-2.0.so.0.0.0
7f9f96abc000-7f9f96abe000 rw-p 0002d000 08:03 402856                     /usr/lib/x86_64-linux-gnu/libatk-bridge-2.0.so.0.0.0
7f9f96abe000-7f9f96abf000 r-xp 00000000 08:03 657533                     /usr/lib/x86_64-linux-gnu/gtk-2.0/modules/libatk-bridge.so
7f9f96abf000-7f9f96cbe000 ---p 00001000 08:03 657533                     /usr/lib/x86_64-linux-gnu/gtk-2.0/modules/libatk-bridge.so
7f9f96cbe000-7f9f96cbf000 r--p 00000000 08:03 657533                     /usr/lib/x86_64-linux-gnu/gtk-2.0/modules/libatk-bridge.so
7f9f96cbf000-7f9f96cc0000 rw-p 00001000 08:03 657533                     /usr/lib/x86_64-linux-gnu/gtk-2.0/modules/libatk-bridge.so
7f9f96cc0000-7f9f96cc7000 r-xp 00000000 08:03 403191                     /usr/lib/x86_64-linux-gnu/libgailutil.so.18.0.1
7f9f96cc7000-7f9f96ec6000 ---p 00007000 08:03 403191                     /usr/lib/x86_64-linux-gnu/libgailutil.so.18.0.1
7f9f96ec6000-7f9f96ec7000 r--p 00006000 08:03 403191                     /usr/lib/x86_64-linux-gnu/libgailutil.so.18.0.1
7f9f96ec7000-7f9f96ec8000 rw-p 00007000 08:03 403191                     /usr/lib/x86_64-linux-gnu/libgailutil.so.18.0.1
7f9f96ec8000-7f9f96ecb000 r--s 00000000 08:03 663998                     /var/cache/fontconfig/75114ca45c98e8a441da0ff356701271-le64.cache-6
7f9f96ecb000-7f9f96edd000 r--s 00000000 08:03 663987                     /var/cache/fontconfig/9b89f8e3dae116d678bbf48e5f21f69b-le64.cache-6
7f9f96edd000-7f9f96eea000 r--s 00000000 08:03 656609                     /var/cache/fontconfig/e13b20fdb08344e0e664864cc2ede53d-le64.cache-6
7f9f96eea000-7f9f96f38000 r-xp 00000000 08:03 657536                     /usr/lib/x86_64-linux-gnu/gtk-2.0/modules/libgail.so
7f9f96f38000-7f9f97137000 ---p 0004e000 08:03 657536                     /usr/lib/x86_64-linux-gnu/gtk-2.0/modules/libgail.so
7f9f97137000-7f9f97138000 r--p 0004d000 08:03 657536                     /usr/lib/x86_64-linux-gnu/gtk-2.0/modules/libgail.so
7f9f97138000-7f9f9713a000 rw-p 0004e000 08:03 657536                     /usr/lib/x86_64-linux-gnu/gtk-2.0/modules/libgail.so
7f9f9713a000-7f9f9714b000 r-xp 00000000 08:03 657537                     /usr/lib/x86_64-linux-gnu/gtk-2.0/modules/liboverlay-scrollbar.so
7f9f9714b000-7f9f9734b000 ---p 00011000 08:03 657537                     /usr/lib/x86_64-linux-gnu/gtk-2.0/modules/liboverlay-scrollbar.so
7f9f9734b000-7f9f9734c000 r--p 00011000 08:03 657537                     /usr/lib/x86_64-linux-gnu/gtk-2.0/modules/liboverlay-scrollbar.so
7f9f9734c000-7f9f9734d000 rw-p 00012000 08:03 657537                     /usr/lib/x86_64-linux-gnu/gtk-2.0/modules/liboverlay-scrollbar.so
7f9f9734d000-7f9f97376000 r-xp 00000000 08:03 2493738                    /usr/lib/jvm/java-8-oracle/jre/lib/amd64/libglass.so
7f9f97376000-7f9f97575000 ---p 00029000 08:03 2493738                    /usr/lib/jvm/java-8-oracle/jre/lib/amd64/libglass.so
7f9f97575000-7f9f97578000 rw-p 00028000 08:03 2493738                    /usr/lib/jvm/java-8-oracle/jre/lib/amd64/libglass.so
7f9f97578000-7f9f975f8000 rw-s 92afb000 00:06 552                        /dev/nvidiactl
7f9f975f8000-7f9f97678000 rw-s 90f24000 00:06 552                        /dev/nvidiactl
7f9f97678000-7f9f976f8000 rw-s 8f56c000 00:06 552                        /dev/nvidiactl
7f9f976f8000-7f9f977f8000 rw-s 91da8000 00:06 552                        /dev/nvidiactl
7f9f977f8000-7f9f9780b000 rw-s 8e246000 00:06 552                        /dev/nvidiactl
7f9f9780b000-7f9f9782b000 rw-s a00a0000 00:06 553                        /dev/nvidia0
7f9f9782b000-7f9f9786b000 rw-s 6319a000 00:06 552                        /dev/nvidiactl
7f9f9786b000-7f9f9788b000 rw-s 901f9000 00:06 552                        /dev/nvidiactl
7f9f9788b000-7f9f978cb000 rw-s 33bfc000 00:06 552                        /dev/nvidiactl
7f9f978cb000-7f9f978eb000 rw-s 91f59000 00:06 552                        /dev/nvidiactl
7f9f978eb000-7f9f9792b000 rw-s 92afd000 00:06 552                        /dev/nvidiactl
7f9f9792b000-7f9f97a2f000 rw-s 900e3000 00:06 552                        /dev/nvidiactl
7f9f97a2f000-7f9f98dc8000 r-xp 00000000 08:03 397054                     /usr/lib/nvidia-367/libnvidia-glcore.so.367.57
7f9f98dc8000-7f9f98de8000 rwxp 01399000 08:03 397054                     /usr/lib/nvidia-367/libnvidia-glcore.so.367.57
7f9f98de8000-7f9f99189000 r-xp 013b9000 08:03 397054                     /usr/lib/nvidia-367/libnvidia-glcore.so.367.57
7f9f99189000-7f9f99388000 ---p 0175a000 08:03 397054                     /usr/lib/nvidia-367/libnvidia-glcore.so.367.57
7f9f99388000-7f9f99750000 rw-p 01759000 08:03 397054                     /usr/lib/nvidia-367/libnvidia-glcore.so.367.57
7f9f99750000-7f9f99768000 rw-p 00000000 00:00 0 
7f9f99768000-7f9f9976b000 r-xp 00000000 08:03 397058                     /usr/lib/nvidia-367/tls/libnvidia-tls.so.367.57
7f9f9976b000-7f9f9996b000 ---p 00003000 08:03 397058                     /usr/lib/nvidia-367/tls/libnvidia-tls.so.367.57
7f9f9996b000-7f9f9996c000 rw-p 00003000 08:03 397058                     /usr/lib/nvidia-367/tls/libnvidia-tls.so.367.57
7f9f9996c000-7f9f99a34000 r-xp 00000000 08:03 397034                     /usr/lib/nvidia-367/libGLX_nvidia.so.367.57
7f9f99a34000-7f9f99a68000 rwxp 000c8000 08:03 397034                     /usr/lib/nvidia-367/libGLX_nvidia.so.367.57
7f9f99a68000-7f9f99a7b000 r-xp 000fc000 08:03 397034                     /usr/lib/nvidia-367/libGLX_nvidia.so.367.57
7f9f99a7b000-7f9f99c7b000 ---p 0010f000 08:03 397034                     /usr/lib/nvidia-367/libGLX_nvidia.so.367.57
7f9f99c7b000-7f9f99ca3000 rw-p 0010f000 08:03 397034                     /usr/lib/nvidia-367/libGLX_nvidia.so.367.57
7f9f99ca3000-7f9f99caa000 rw-p 00000000 00:00 0 
7f9f99caa000-7f9f99cb0000 r-xp 00000000 08:03 403003                     /usr/lib/x86_64-linux-gnu/libdatrie.so.1.3.3
7f9f99cb0000-7f9f99eb0000 ---p 00006000 08:03 403003                     /usr/lib/x86_64-linux-gnu/libdatrie.so.1.3.3
7f9f99eb0000-7f9f99eb1000 r--p 00006000 08:03 403003                     /usr/lib/x86_64-linux-gnu/libdatrie.so.1.3.3
7f9f99eb1000-7f9f99eb2000 rw-p 00007000 08:03 403003                     /usr/lib/x86_64-linux-gnu/libdatrie.so.1.3.3
7f9f99eb2000-7f9f99eb7000 r-xp 00000000 08:03 402761                     /usr/lib/x86_64-linux-gnu/libXdmcp.so.6.0.0
7f9f99eb7000-7f9f9a0b6000 ---p 00005000 08:03 402761                     /usr/lib/x86_64-linux-gnu/libXdmcp.so.6.0.0
7f9f9a0b6000-7f9f9a0b7000 r--p 00004000 08:03 402761                     /usr/lib/x86_64-linux-gnu/libXdmcp.so.6.0.0
7f9f9a0b7000-7f9f9a0b8000 rw-p 00005000 08:03 402761                     /usr/lib/x86_64-linux-gnu/libXdmcp.so.6.0.0
7f9f9a0b8000-7f9f9a0ba000 r-xp 00000000 08:03 402750                     /usr/lib/x86_64-linux-gnu/libXau.so.6.0.0
7f9f9a0ba000-7f9f9a2ba000 ---p 00002000 08:03 402750                     /usr/lib/x86_64-linux-gnu/libXau.so.6.0.0
7f9f9a2ba000-7f9f9a2bb000 r--p 00002000 08:03 402750                     /usr/lib/x86_64-linux-gnu/libXau.so.6.0.0
7f9f9a2bb000-7f9f9a2bc000 rw-p 00003000 08:03 402750                     /usr/lib/x86_64-linux-gnu/libXau.so.6.0.0
7f9f9a2bc000-7f9f9a2df000 r-xp 00000000 08:03 403307                     /usr/lib/x86_64-linux-gnu/libgraphite2.so.3.0.1
7f9f9a2df000-7f9f9a4de000 ---p 00023000 08:03 403307                     /usr/lib/x86_64-linux-gnu/libgraphite2.so.3.0.1
7f9f9a4de000-7f9f9a4e0000 r--p 00022000 08:03 403307                     /usr/lib/x86_64-linux-gnu/libgraphite2.so.3.0.1
7f9f9a4e0000-7f9f9a4e1000 rw-p 00024000 08:03 403307                     /usr/lib/x86_64-linux-gnu/libgraphite2.so.3.0.1
7f9f9a4e1000-7f9f9a52f000 r-xp 00000000 08:03 397050                     /usr/lib/nvidia-367/libGLdispatch.so.0
7f9f9a52f000-7f9f9a561000 r-xp 0004e000 08:03 397050                     /usr/lib/nvidia-367/libGLdispatch.so.0
7f9f9a561000-7f9f9a59b000 r-xp 00080000 08:03 397050                     /usr/lib/nvidia-367/libGLdispatch.so.0
7f9f9a59b000-7f9f9a79b000 ---p 000ba000 08:03 397050                     /usr/lib/nvidia-367/libGLdispatch.so.0
7f9f9a79b000-7f9f9a7aa000 rw-p 000ba000 08:03 397050                     /usr/lib/nvidia-367/libGLdispatch.so.0
7f9f9a7aa000-7f9f9a7ca000 rw-p 00000000 00:00 0 
7f9f9a7ca000-7f9f9a7da000 r-xp 00000000 08:03 397067                     /usr/lib/nvidia-367/libGLX.so.0
7f9f9a7da000-7f9f9a9da000 ---p 00010000 08:03 397067                     /usr/lib/nvidia-367/libGLX.so.0
7f9f9a9da000-7f9f9a9db000 rw-p 00010000 08:03 397067                     /usr/lib/nvidia-367/libGLX.so.0
7f9f9a9db000-7f9f9a9fb000 rw-p 00000000 00:00 0 
7f9f9a9fb000-7f9f9aa69000 r-xp 00000000 08:03 1840257                    /lib/x86_64-linux-gnu/libpcre.so.3.13.2
7f9f9aa69000-7f9f9ac69000 ---p 0006e000 08:03 1840257                    /lib/x86_64-linux-gnu/libpcre.so.3.13.2
7f9f9ac69000-7f9f9ac6a000 r--p 0006e000 08:03 1840257                    /lib/x86_64-linux-gnu/libpcre.so.3.13.2
7f9f9ac6a000-7f9f9ac6b000 rw-p 0006f000 08:03 1840257                    /lib/x86_64-linux-gnu/libpcre.so.3.13.2
7f9f9ac6b000-7f9f9ac72000 r-xp 00000000 08:03 403132                     /usr/lib/x86_64-linux-gnu/libffi.so.6.0.4
7f9f9ac72000-7f9f9ae71000 ---p 00007000 08:03 403132                     /usr/lib/x86_64-linux-gnu/libffi.so.6.0.4
7f9f9ae71000-7f9f9ae72000 r--p 00006000 08:03 403132                     /usr/lib/x86_64-linux-gnu/libffi.so.6.0.4
7f9f9ae72000-7f9f9ae73000 rw-p 00007000 08:03 403132                     /usr/lib/x86_64-linux-gnu/libffi.so.6.0.4
7f9f9ae73000-7f9f9ae99000 r-xp 00000000 08:03 1835072                    /lib/x86_64-linux-gnu/libexpat.so.1.6.0
7f9f9ae99000-7f9f9b099000 ---p 00026000 08:03 1835072                    /lib/x86_64-linux-gnu/libexpat.so.1.6.0
7f9f9b099000-7f9f9b09b000 r--p 00026000 08:03 1835072                    /lib/x86_64-linux-gnu/libexpat.so.1.6.0
7f9f9b09b000-7f9f9b09c000 rw-p 00028000 08:03 1835072                    /lib/x86_64-linux-gnu/libexpat.so.1.6.0
7f9f9b09c000-7f9f9b0a4000 r-xp 00000000 08:03 403906                     /usr/lib/x86_64-linux-gnu/libthai.so.0.2.4
7f9f9b0a4000-7f9f9b2a3000 ---p 00008000 08:03 403906                     /usr/lib/x86_64-linux-gnu/libthai.so.0.2.4
7f9f9b2a3000-7f9f9b2a4000 r--p 00007000 08:03 403906                     /usr/lib/x86_64-linux-gnu/libthai.so.0.2.4
7f9f9b2a4000-7f9f9b2a5000 rw-p 00008000 08:03 403906                     /usr/lib/x86_64-linux-gnu/libthai.so.0.2.4
7f9f9b2a5000-7f9f9b2c6000 r-xp 00000000 08:03 404128                     /usr/lib/x86_64-linux-gnu/libxcb.so.1.1.0
7f9f9b2c6000-7f9f9b4c5000 ---p 00021000 08:03 404128                     /usr/lib/x86_64-linux-gnu/libxcb.so.1.1.0
7f9f9b4c5000-7f9f9b4c6000 r--p 00020000 08:03 404128                     /usr/lib/x86_64-linux-gnu/libxcb.so.1.1.0
7f9f9b4c6000-7f9f9b4c7000 rw-p 00021000 08:03 404128                     /usr/lib/x86_64-linux-gnu/libxcb.so.1.1.0
7f9f9b4c7000-7f9f9b4cf000 r-xp 00000000 08:03 404114                     /usr/lib/x86_64-linux-gnu/libxcb-render.so.0.0.0
7f9f9b4cf000-7f9f9b6cf000 ---p 00008000 08:03 404114                     /usr/lib/x86_64-linux-gnu/libxcb-render.so.0.0.0
7f9f9b6cf000-7f9f9b6d0000 r--p 00008000 08:03 404114                     /usr/lib/x86_64-linux-gnu/libxcb-render.so.0.0.0
7f9f9b6d0000-7f9f9b6d1000 rw-p 00009000 08:03 404114                     /usr/lib/x86_64-linux-gnu/libxcb-render.so.0.0.0
7f9f9b6d1000-7f9f9b6d3000 r-xp 00000000 08:03 404118                     /usr/lib/x86_64-linux-gnu/libxcb-shm.so.0.0.0
7f9f9b6d3000-7f9f9b8d3000 ---p 00002000 08:03 404118                     /usr/lib/x86_64-linux-gnu/libxcb-shm.so.0.0.0
7f9f9b8d3000-7f9f9b8d4000 r--p 00002000 08:03 404118                     /usr/lib/x86_64-linux-gnu/libxcb-shm.so.0.0.0
7f9f9b8d4000-7f9f9b8d5000 rw-p 00003000 08:03 404118                     /usr/lib/x86_64-linux-gnu/libxcb-shm.so.0.0.0
7f9f9b8d5000-7f9f9b8f9000 r-xp 00000000 08:03 1840269                    /lib/x86_64-linux-gnu/libpng12.so.0.54.0
7f9f9b8f9000-7f9f9baf8000 ---p 00024000 08:03 1840269                    /lib/x86_64-linux-gnu/libpng12.so.0.54.0
7f9f9baf8000-7f9f9baf9000 r--p 00023000 08:03 1840269                    /lib/x86_64-linux-gnu/libpng12.so.0.54.0
7f9f9baf9000-7f9f9bafa000 rw-p 00024000 08:03 1840269                    /lib/x86_64-linux-gnu/libpng12.so.0.54.0
7f9f9bafa000-7f9f9bb99000 r-xp 00000000 08:03 403711                     /usr/lib/x86_64-linux-gnu/libpixman-1.so.0.33.6
7f9f9bb99000-7f9f9bd99000 ---p 0009f000 08:03 403711                     /usr/lib/x86_64-linux-gnu/libpixman-1.so.0.33.6
7f9f9bd99000-7f9f9bda1000 r--p 0009f000 08:03 403711                     /usr/lib/x86_64-linux-gnu/libpixman-1.so.0.33.6
7f9f9bda1000-7f9f9bda2000 rw-p 000a7000 08:03 403711                     /usr/lib/x86_64-linux-gnu/libpixman-1.so.0.33.6
7f9f9bda2000-7f9f9bdfe000 r-xp 00000000 08:03 395340                     /usr/lib/x86_64-linux-gnu/libharfbuzz.so.0.10000.1
7f9f9bdfe000-7f9f9bffe000 ---p 0005c000 08:03 395340                     /usr/lib/x86_64-linux-gnu/libharfbuzz.so.0.10000.1
7f9f9bffe000-7f9f9bfff000 r--p 0005c000 08:03 395340                     /usr/lib/x86_64-linux-gnu/libharfbuzz.so.0.10000.1
7f9f9bfff000-7f9f9c000000 rw-p 0005d000 08:03 395340                     /usr/lib/x86_64-linux-gnu/libharfbuzz.so.0.10000.1
7f9f9c000000-7f9f9c7fa000 rw-p 00000000 00:00 0 
7f9f9c7fa000-7f9fa0000000 ---p 00000000 00:00 0 
7f9fa0000000-7f9fa0004000 r--s 00000000 08:03 663970                     /var/cache/fontconfig/7ef2298fde41cc6eeb7af42e48b7d293-le64.cache-6
7f9fa0004000-7f9fa0006000 rw-s 00000000 08:03 262240                     /tmp/.glSvwvKO (deleted)
7f9fa0006000-7f9fa001d000 r-xp 00000000 08:03 1848112                    /lib/x86_64-linux-gnu/libresolv-2.23.so
7f9fa001d000-7f9fa021d000 ---p 00017000 08:03 1848112                    /lib/x86_64-linux-gnu/libresolv-2.23.so
7f9fa021d000-7f9fa021e000 r--p 00017000 08:03 1848112                    /lib/x86_64-linux-gnu/libresolv-2.23.so
7f9fa021e000-7f9fa021f000 rw-p 00018000 08:03 1848112                    /lib/x86_64-linux-gnu/libresolv-2.23.so
7f9fa021f000-7f9fa0221000 rw-p 00000000 00:00 0 
7f9fa0221000-7f9fa0240000 r-xp 00000000 08:03 1840286                    /lib/x86_64-linux-gnu/libselinux.so.1
7f9fa0240000-7f9fa043f000 ---p 0001f000 08:03 1840286                    /lib/x86_64-linux-gnu/libselinux.so.1
7f9fa043f000-7f9fa0440000 r--p 0001e000 08:03 1840286                    /lib/x86_64-linux-gnu/libselinux.so.1
7f9fa0440000-7f9fa0441000 rw-p 0001f000 08:03 1840286                    /lib/x86_64-linux-gnu/libselinux.so.1
7f9fa0441000-7f9fa0443000 rw-p 00000000 00:00 0 
7f9fa0443000-7f9fa045c000 r-xp 00000000 08:03 1840319                    /lib/x86_64-linux-gnu/libz.so.1.2.8
7f9fa045c000-7f9fa065b000 ---p 00019000 08:03 1840319                    /lib/x86_64-linux-gnu/libz.so.1.2.8
7f9fa065b000-7f9fa065c000 r--p 00018000 08:03 1840319                    /lib/x86_64-linux-gnu/libz.so.1.2.8
7f9fa065c000-7f9fa065d000 rw-p 00019000 08:03 1840319                    /lib/x86_64-linux-gnu/libz.so.1.2.8
7f9fa065d000-7f9fa066e000 r-xp 00000000 08:03 402763                     /usr/lib/x86_64-linux-gnu/libXext.so.6.4.0
7f9fa066e000-7f9fa086d000 ---p 00011000 08:03 402763                     /usr/lib/x86_64-linux-gnu/libXext.so.6.4.0
7f9fa086d000-7f9fa086e000 r--p 00010000 08:03 402763                     /usr/lib/x86_64-linux-gnu/libXext.so.6.4.0
7f9fa086e000-7f9fa086f000 rw-p 00011000 08:03 402763                     /usr/lib/x86_64-linux-gnu/libXext.so.6.4.0
7f9fa086f000-7f9fa0871000 r-xp 00000000 08:03 402759                     /usr/lib/x86_64-linux-gnu/libXdamage.so.1.1.0
7f9fa0871000-7f9fa0a70000 ---p 00002000 08:03 402759                     /usr/lib/x86_64-linux-gnu/libXdamage.so.1.1.0
7f9fa0a70000-7f9fa0a71000 r--p 00001000 08:03 402759                     /usr/lib/x86_64-linux-gnu/libXdamage.so.1.1.0
7f9fa0a71000-7f9fa0a72000 rw-p 00002000 08:03 402759                     /usr/lib/x86_64-linux-gnu/libXdamage.so.1.1.0
7f9fa0a72000-7f9fa0a74000 r-xp 00000000 08:03 402755                     /usr/lib/x86_64-linux-gnu/libXcomposite.so.1.0.0
7f9fa0a74000-7f9fa0c73000 ---p 00002000 08:03 402755                     /usr/lib/x86_64-linux-gnu/libXcomposite.so.1.0.0
7f9fa0c73000-7f9fa0c74000 r--p 00001000 08:03 402755                     /usr/lib/x86_64-linux-gnu/libXcomposite.so.1.0.0
7f9fa0c74000-7f9fa0c75000 rw-p 00002000 08:03 402755                     /usr/lib/x86_64-linux-gnu/libXcomposite.so.1.0.0
7f9fa0c75000-7f9fa0c7e000 r-xp 00000000 08:03 402757                     /usr/lib/x86_64-linux-gnu/libXcursor.so.1.0.2
7f9fa0c7e000-7f9fa0e7d000 ---p 00009000 08:03 402757                     /usr/lib/x86_64-linux-gnu/libXcursor.so.1.0.2
7f9fa0e7d000-7f9fa0e7e000 r--p 00008000 08:03 402757                     /usr/lib/x86_64-linux-gnu/libXcursor.so.1.0.2
7f9fa0e7e000-7f9fa0e7f000 rw-p 00009000 08:03 402757                     /usr/lib/x86_64-linux-gnu/libXcursor.so.1.0.2
7f9fa0e7f000-7f9fa0e89000 r-xp 00000000 08:03 402781                     /usr/lib/x86_64-linux-gnu/libXrandr.so.2.2.0
7f9fa0e89000-7f9fa1088000 ---p 0000a000 08:03 402781                     /usr/lib/x86_64-linux-gnu/libXrandr.so.2.2.0
7f9fa1088000-7f9fa1089000 r--p 00009000 08:03 402781                     /usr/lib/x86_64-linux-gnu/libXrandr.so.2.2.0
7f9fa1089000-7f9fa108a000 rw-p 0000a000 08:03 402781                     /usr/lib/x86_64-linux-gnu/libXrandr.so.2.2.0
7f9fa108a000-7f9fa1099000 r-xp 00000000 08:03 402771                     /usr/lib/x86_64-linux-gnu/libXi.so.6.1.0
7f9fa1099000-7f9fa1298000 ---p 0000f000 08:03 402771                     /usr/lib/x86_64-linux-gnu/libXi.so.6.1.0
7f9fa1298000-7f9fa1299000 r--p 0000e000 08:03 402771                     /usr/lib/x86_64-linux-gnu/libXi.so.6.1.0
7f9fa1299000-7f9fa129a000 rw-p 0000f000 08:03 402771                     /usr/lib/x86_64-linux-gnu/libXi.so.6.1.0
7f9fa129a000-7f9fa129c000 r-xp 00000000 08:03 402773                     /usr/lib/x86_64-linux-gnu/libXinerama.so.1.0.0
7f9fa129c000-7f9fa149b000 ---p 00002000 08:03 402773                     /usr/lib/x86_64-linux-gnu/libXinerama.so.1.0.0
7f9fa149b000-7f9fa149c000 r--p 00001000 08:03 402773                     /usr/lib/x86_64-linux-gnu/libXinerama.so.1.0.0
7f9fa149c000-7f9fa149d000 rw-p 00002000 08:03 402773                     /usr/lib/x86_64-linux-gnu/libXinerama.so.1.0.0
7f9fa149d000-7f9fa14a6000 r-xp 00000000 08:03 402783                     /usr/lib/x86_64-linux-gnu/libXrender.so.1.3.0
7f9fa14a6000-7f9fa16a5000 ---p 00009000 08:03 402783                     /usr/lib/x86_64-linux-gnu/libXrender.so.1.3.0
7f9fa16a5000-7f9fa16a6000 r--p 00008000 08:03 402783                     /usr/lib/x86_64-linux-gnu/libXrender.so.1.3.0
7f9fa16a6000-7f9fa16a7000 rw-p 00009000 08:03 402783                     /usr/lib/x86_64-linux-gnu/libXrender.so.1.3.0
7f9fa16a7000-7f9fa16ac000 r-xp 00000000 08:03 402765                     /usr/lib/x86_64-linux-gnu/libXfixes.so.3.1.0
7f9fa16ac000-7f9fa18ab000 ---p 00005000 08:03 402765                     /usr/lib/x86_64-linux-gnu/libXfixes.so.3.1.0
7f9fa18ab000-7f9fa18ac000 r--p 00004000 08:03 402765                     /usr/lib/x86_64-linux-gnu/libXfixes.so.3.1.0
7f9fa18ac000-7f9fa18ad000 rw-p 00005000 08:03 402765                     /usr/lib/x86_64-linux-gnu/libXfixes.so.3.1.0
7f9fa18ad000-7f9fa18c3000 r-xp 00000000 08:03 1840166                    /lib/x86_64-linux-gnu/libgcc_s.so.1
7f9fa18c3000-7f9fa1ac2000 ---p 00016000 08:03 1840166                    /lib/x86_64-linux-gnu/libgcc_s.so.1
7f9fa1ac2000-7f9fa1ac3000 rw-p 00015000 08:03 1840166                    /lib/x86_64-linux-gnu/libgcc_s.so.1
7f9fa1ac3000-7f9fa1c35000 r-xp 00000000 08:03 393289                     /usr/lib/x86_64-linux-gnu/libstdc++.so.6.0.21
7f9fa1c35000-7f9fa1e35000 ---p 00172000 08:03 393289                     /usr/lib/x86_64-linux-gnu/libstdc++.so.6.0.21
7f9fa1e35000-7f9fa1e3f000 r--p 00172000 08:03 393289                     /usr/lib/x86_64-linux-gnu/libstdc++.so.6.0.21
7f9fa1e3f000-7f9fa1e41000 rw-p 0017c000 08:03 393289                     /usr/lib/x86_64-linux-gnu/libstdc++.so.6.0.21
7f9fa1e41000-7f9fa1e45000 rw-p 00000000 00:00 0 
7f9fa1e45000-7f9fa1e76000 r-xp 00000000 08:03 397049                     /usr/lib/nvidia-367/libGL.so.1.0.0
7f9fa1e76000-7f9fa1ea8000 r-xp 00031000 08:03 397049                     /usr/lib/nvidia-367/libGL.so.1.0.0
7f9fa1ea8000-7f9fa1ed2000 r-xp 00063000 08:03 397049                     /usr/lib/nvidia-367/libGL.so.1.0.0
7f9fa1ed2000-7f9fa20d2000 ---p 0008d000 08:03 397049                     /usr/lib/nvidia-367/libGL.so.1.0.0
7f9fa20d2000-7f9fa20d3000 rw-p 0008d000 08:03 397049                     /usr/lib/nvidia-367/libGL.so.1.0.0
7f9fa20d3000-7f9fa20d4000 rw-p 00000000 00:00 0 
7f9fa20d4000-7f9fa20d9000 r-xp 00000000 08:03 402799                     /usr/lib/x86_64-linux-gnu/libXxf86vm.so.1.0.0
7f9fa20d9000-7f9fa22d8000 ---p 00005000 08:03 402799                     /usr/lib/x86_64-linux-gnu/libXxf86vm.so.1.0.0
7f9fa22d8000-7f9fa22d9000 r--p 00004000 08:03 402799                     /usr/lib/x86_64-linux-gnu/libXxf86vm.so.1.0.0
7f9fa22d9000-7f9fa22da000 rw-p 00005000 08:03 402799                     /usr/lib/x86_64-linux-gnu/libXxf86vm.so.1.0.0
7f9fa22da000-7f9fa240f000 r-xp 00000000 08:03 402746                     /usr/lib/x86_64-linux-gnu/libX11.so.6.3.0
7f9fa240f000-7f9fa260f000 ---p 00135000 08:03 402746                     /usr/lib/x86_64-linux-gnu/libX11.so.6.3.0
7f9fa260f000-7f9fa2610000 r--p 00135000 08:03 402746                     /usr/lib/x86_64-linux-gnu/libX11.so.6.3.0
7f9fa2610000-7f9fa2614000 rw-p 00136000 08:03 402746                     /usr/lib/x86_64-linux-gnu/libX11.so.6.3.0
7f9fa2614000-7f9fa2619000 r-xp 00000000 08:03 402789                     /usr/lib/x86_64-linux-gnu/libXtst.so.6.1.0
7f9fa2619000-7f9fa2818000 ---p 00005000 08:03 402789                     /usr/lib/x86_64-linux-gnu/libXtst.so.6.1.0
7f9fa2818000-7f9fa2819000 r--p 00004000 08:03 402789                     /usr/lib/x86_64-linux-gnu/libXtst.so.6.1.0
7f9fa2819000-7f9fa281a000 rw-p 00005000 08:03 402789                     /usr/lib/x86_64-linux-gnu/libXtst.so.6.1.0
7f9fa281a000-7f9fa2929000 r-xp 00000000 08:03 1835067                    /lib/x86_64-linux-gnu/libglib-2.0.so.0.4800.1
7f9fa2929000-7f9fa2b28000 ---p 0010f000 08:03 1835067                    /lib/x86_64-linux-gnu/libglib-2.0.so.0.4800.1
7f9fa2b28000-7f9fa2b29000 r--p 0010e000 08:03 1835067                    /lib/x86_64-linux-gnu/libglib-2.0.so.0.4800.1
7f9fa2b29000-7f9fa2b2a000 rw-p 0010f000 08:03 1835067                    /lib/x86_64-linux-gnu/libglib-2.0.so.0.4800.1
7f9fa2b2a000-7f9fa2b2b000 rw-p 00000000 00:00 0 
7f9fa2b2b000-7f9fa2b2c000 r-xp 00000000 08:03 393610                     /usr/lib/x86_64-linux-gnu/libgthread-2.0.so.0.4800.1
7f9fa2b2c000-7f9fa2d2b000 ---p 00001000 08:03 393610                     /usr/lib/x86_64-linux-gnu/libgthread-2.0.so.0.4800.1
7f9fa2d2b000-7f9fa2d2c000 r--p 00000000 08:03 393610                     /usr/lib/x86_64-linux-gnu/libgthread-2.0.so.0.4800.1
7f9fa2d2c000-7f9fa2d2d000 rw-p 00001000 08:03 393610                     /usr/lib/x86_64-linux-gnu/libgthread-2.0.so.0.4800.1
7f9fa2d2d000-7f9fa2d30000 r-xp 00000000 08:03 393634                     /usr/lib/x86_64-linux-gnu/libgmodule-2.0.so.0.4800.1
7f9fa2d30000-7f9fa2f2f000 ---p 00003000 08:03 393634                     /usr/lib/x86_64-linux-gnu/libgmodule-2.0.so.0.4800.1
7f9fa2f2f000-7f9fa2f30000 r--p 00002000 08:03 393634                     /usr/lib/x86_64-linux-gnu/libgmodule-2.0.so.0.4800.1
7f9fa2f30000-7f9fa2f31000 rw-p 00003000 08:03 393634                     /usr/lib/x86_64-linux-gnu/libgmodule-2.0.so.0.4800.1
7f9fa2f31000-7f9fa2f83000 r-xp 00000000 08:03 393658                     /usr/lib/x86_64-linux-gnu/libgobject-2.0.so.0.4800.1
7f9fa2f83000-7f9fa3182000 ---p 00052000 08:03 393658                     /usr/lib/x86_64-linux-gnu/libgobject-2.0.so.0.4800.1
7f9fa3182000-7f9fa3183000 r--p 00051000 08:03 393658                     /usr/lib/x86_64-linux-gnu/libgobject-2.0.so.0.4800.1
7f9fa3183000-7f9fa3184000 rw-p 00052000 08:03 393658                     /usr/lib/x86_64-linux-gnu/libgobject-2.0.so.0.4800.1
7f9fa3184000-7f9fa31c1000 r-xp 00000000 08:03 399237                     /usr/lib/x86_64-linux-gnu/libfontconfig.so.1.9.0
7f9fa31c1000-7f9fa33c0000 ---p 0003d000 08:03 399237                     /usr/lib/x86_64-linux-gnu/libfontconfig.so.1.9.0
7f9fa33c0000-7f9fa33c2000 r--p 0003c000 08:03 399237                     /usr/lib/x86_64-linux-gnu/libfontconfig.so.1.9.0
7f9fa33c2000-7f9fa33c7000 rw-p 0003e000 08:03 399237                     /usr/lib/x86_64-linux-gnu/libfontconfig.so.1.9.0
7f9fa33c7000-7f9fa346b000 r-xp 00000000 08:03 403180                     /usr/lib/x86_64-linux-gnu/libfreetype.so.6.12.1
7f9fa346b000-7f9fa366a000 ---p 000a4000 08:03 403180                     /usr/lib/x86_64-linux-gnu/libfreetype.so.6.12.1
7f9fa366a000-7f9fa3670000 r--p 000a3000 08:03 403180                     /usr/lib/x86_64-linux-gnu/libfreetype.so.6.12.1
7f9fa3670000-7f9fa3671000 rw-p 000a9000 08:03 403180                     /usr/lib/x86_64-linux-gnu/libfreetype.so.6.12.1
7f9fa3671000-7f9fa36ba000 r-xp 00000000 08:03 403681                     /usr/lib/x86_64-linux-gnu/libpango-1.0.so.0.3800.1
7f9fa36ba000-7f9fa38ba000 ---p 00049000 08:03 403681                     /usr/lib/x86_64-linux-gnu/libpango-1.0.so.0.3800.1
7f9fa38ba000-7f9fa38bc000 r--p 00049000 08:03 403681                     /usr/lib/x86_64-linux-gnu/libpango-1.0.so.0.3800.1
7f9fa38bc000-7f9fa38bd000 rw-p 0004b000 08:03 403681                     /usr/lib/x86_64-linux-gnu/libpango-1.0.so.0.3800.1
7f9fa38bd000-7f9fa39cb000 r-xp 00000000 08:03 402910                     /usr/lib/x86_64-linux-gnu/libcairo.so.2.11400.6
7f9fa39cb000-7f9fa3bcb000 ---p 0010e000 08:03 402910                     /usr/lib/x86_64-linux-gnu/libcairo.so.2.11400.6
7f9fa3bcb000-7f9fa3bce000 r--p 0010e000 08:03 402910                     /usr/lib/x86_64-linux-gnu/libcairo.so.2.11400.6
7f9fa3bce000-7f9fa3bcf000 rw-p 00111000 08:03 402910                     /usr/lib/x86_64-linux-gnu/libcairo.so.2.11400.6
7f9fa3bcf000-7f9fa3bd1000 rw-p 00000000 00:00 0 
7f9fa3bd1000-7f9fa3bdd000 r-xp 00000000 08:03 403683                     /usr/lib/x86_64-linux-gnu/libpangocairo-1.0.so.0.3800.1
7f9fa3bdd000-7f9fa3ddc000 ---p 0000c000 08:03 403683                     /usr/lib/x86_64-linux-gnu/libpangocairo-1.0.so.0.3800.1
7f9fa3ddc000-7f9fa3ddd000 r--p 0000b000 08:03 403683                     /usr/lib/x86_64-linux-gnu/libpangocairo-1.0.so.0.3800.1
7f9fa3ddd000-7f9fa3dde000 rw-p 0000c000 08:03 403683                     /usr/lib/x86_64-linux-gnu/libpangocairo-1.0.so.0.3800.1
7f9fa3dde000-7f9fa3dff000 r-xp 00000000 08:03 393495                     /usr/lib/x86_64-linux-gnu/libgdk_pixbuf-2.0.so.0.3200.2
7f9fa3dff000-7f9fa3ffe000 ---p 00021000 08:03 393495                     /usr/lib/x86_64-linux-gnu/libgdk_pixbuf-2.0.so.0.3200.2
7f9fa3ffe000-7f9fa3fff000 r--p 00020000 08:03 393495                     /usr/lib/x86_64-linux-gnu/libgdk_pixbuf-2.0.so.0.3200.2
7f9fa3fff000-7f9fa4000000 rw-p 00021000 08:03 393495                     /usr/lib/x86_64-linux-gnu/libgdk_pixbuf-2.0.so.0.3200.2
7f9fa4000000-7f9fa4021000 rw-p 00000000 00:00 0 
7f9fa4021000-7f9fa8000000 ---p 00000000 00:00 0 
7f9fa8000000-7f9fa811f000 rw-p 00000000 00:00 0 
7f9fa811f000-7f9fac000000 ---p 00000000 00:00 0 
7f9fac000000-7f9fac021000 rw-p 00000000 00:00 0 
7f9fac021000-7f9fb0000000 ---p 00000000 00:00 0 
7f9fb0000000-7f9fb0021000 rw-p 00000000 00:00 0 
7f9fb0021000-7f9fb4000000 ---p 00000000 00:00 0 
7f9fb4000000-7f9fb41c1000 rw-p 00000000 00:00 0 
7f9fb41c1000-7f9fb8000000 ---p 00000000 00:00 0 
7f9fb8000000-7f9fb82df000 rw-p 00000000 00:00 0 
7f9fb82df000-7f9fbc000000 ---p 00000000 00:00 0 
7f9fbc000000-7f9fbc021000 rw-p 00000000 00:00 0 
7f9fbc021000-7f9fc0000000 ---p 00000000 00:00 0 
7f9fc0000000-7f9fc01af000 rw-p 00000000 00:00 0 
7f9fc01af000-7f9fc4000000 ---p 00000000 00:00 0 
7f9fc4000000-7f9fc4021000 rw-p 00000000 00:00 0 
7f9fc4021000-7f9fc8000000 ---p 00000000 00:00 0 
7f9fc8000000-7f9fc8021000 rw-p 00000000 00:00 0 
7f9fc8021000-7f9fcc000000 ---p 00000000 00:00 0 
7f9fcc000000-7f9fcc021000 rw-p 00000000 00:00 0 
7f9fcc021000-7f9fd0000000 ---p 00000000 00:00 0 
7f9fd0000000-7f9fd0021000 rw-p 00000000 00:00 0 
7f9fd0021000-7f9fd4000000 ---p 00000000 00:00 0 
7f9fd4000000-7f9fd4021000 rw-p 00000000 00:00 0 
7f9fd4021000-7f9fd8000000 ---p 00000000 00:00 0 
7f9fd8000000-7f9fd8021000 rw-p 00000000 00:00 0 
7f9fd8021000-7f9fdc000000 ---p 00000000 00:00 0 
7f9fdc000000-7f9fdc021000 rw-p 00000000 00:00 0 
7f9fdc021000-7f9fe0000000 ---p 00000000 00:00 0 
7f9fe0000000-7f9fe0005000 r--p 00000000 08:06 1324376                    /home/mostafa/.config/dconf/user
7f9fe0005000-7f9fe0006000 r--s 00000000 00:29 34                         /run/user/1000/dconf/user
7f9fe0006000-7f9fe0007000 rw-s 353b0000 00:06 552                        /dev/nvidiactl
7f9fe0007000-7f9fe000b000 rw-s 915e4000 00:06 552                        /dev/nvidiactl
7f9fe000b000-7f9fe000c000 rw-s aff6b000 00:06 553                        /dev/nvidia0
7f9fe000c000-7f9fe000d000 rw-s aff6a000 00:06 553                        /dev/nvidia0
7f9fe000d000-7f9fe0021000 r-xp 00000000 08:03 403685                     /usr/lib/x86_64-linux-gnu/libpangoft2-1.0.so.0.3800.1
7f9fe0021000-7f9fe0221000 ---p 00014000 08:03 403685                     /usr/lib/x86_64-linux-gnu/libpangoft2-1.0.so.0.3800.1
7f9fe0221000-7f9fe0222000 r--p 00014000 08:03 403685                     /usr/lib/x86_64-linux-gnu/libpangoft2-1.0.so.0.3800.1
7f9fe0222000-7f9fe0223000 rw-p 00015000 08:03 403685                     /usr/lib/x86_64-linux-gnu/libpangoft2-1.0.so.0.3800.1
7f9fe0223000-7f9fe03a3000 r-xp 00000000 08:03 393655                     /usr/lib/x86_64-linux-gnu/libgio-2.0.so.0.4800.1
7f9fe03a3000-7f9fe05a3000 ---p 00180000 08:03 393655                     /usr/lib/x86_64-linux-gnu/libgio-2.0.so.0.4800.1
7f9fe05a3000-7f9fe05a7000 r--p 00180000 08:03 393655                     /usr/lib/x86_64-linux-gnu/libgio-2.0.so.0.4800.1
7f9fe05a7000-7f9fe05a9000 rw-p 00184000 08:03 393655                     /usr/lib/x86_64-linux-gnu/libgio-2.0.so.0.4800.1
7f9fe05a9000-7f9fe05ab000 rw-p 00000000 00:00 0 
7f9fe05ab000-7f9fe05cd000 r-xp 00000000 08:03 402854                     /usr/lib/x86_64-linux-gnu/libatk-1.0.so.0.21809.1
7f9fe05cd000-7f9fe07cc000 ---p 00022000 08:03 402854                     /usr/lib/x86_64-linux-gnu/libatk-1.0.so.0.21809.1
7f9fe07cc000-7f9fe07cf000 r--p 00021000 08:03 402854                     /usr/lib/x86_64-linux-gnu/libatk-1.0.so.0.21809.1
7f9fe07cf000-7f9fe07d0000 rw-p 00024000 08:03 402854                     /usr/lib/x86_64-linux-gnu/libatk-1.0.so.0.21809.1
7f9fe07d0000-7f9fe0880000 r-xp 00000000 08:03 403219                     /usr/lib/x86_64-linux-gnu/libgdk-x11-2.0.so.0.2400.30
7f9fe0880000-7f9fe0a7f000 ---p 000b0000 08:03 403219                     /usr/lib/x86_64-linux-gnu/libgdk-x11-2.0.so.0.2400.30
7f9fe0a7f000-7f9fe0a83000 r--p 000af000 08:03 403219                     /usr/lib/x86_64-linux-gnu/libgdk-x11-2.0.so.0.2400.30
7f9fe0a83000-7f9fe0a85000 rw-p 000b3000 08:03 403219                     /usr/lib/x86_64-linux-gnu/libgdk-x11-2.0.so.0.2400.30
7f9fe0a85000-7f9fe0ec3000 r-xp 00000000 08:03 403364                     /usr/lib/x86_64-linux-gnu/libgtk-x11-2.0.so.0.2400.30
7f9fe0ec3000-7f9fe10c2000 ---p 0043e000 08:03 403364                     /usr/lib/x86_64-linux-gnu/libgtk-x11-2.0.so.0.2400.30
7f9fe10c2000-7f9fe10c9000 r--p 0043d000 08:03 403364                     /usr/lib/x86_64-linux-gnu/libgtk-x11-2.0.so.0.2400.30
7f9fe10c9000-7f9fe10cd000 rw-p 00444000 08:03 403364                     /usr/lib/x86_64-linux-gnu/libgtk-x11-2.0.so.0.2400.30
7f9fe10cd000-7f9fe10d0000 rw-p 00000000 00:00 0 
7f9fe10d0000-7f9fe10d1000 rw-s aff69000 00:06 553                        /dev/nvidia0
7f9fe10f1000-7f9fe10f2000 rw-s 344c8000 00:06 552                        /dev/nvidiactl
7f9fe10f2000-7f9fe10fe000 r-xp 00000000 08:03 2493705                    /usr/lib/jvm/java-8-oracle/jre/lib/amd64/libprism_es2.so
7f9fe10fe000-7f9fe12fd000 ---p 0000c000 08:03 2493705                    /usr/lib/jvm/java-8-oracle/jre/lib/amd64/libprism_es2.so
7f9fe12fd000-7f9fe12fe000 rw-p 0000b000 08:03 2493705                    /usr/lib/jvm/java-8-oracle/jre/lib/amd64/libprism_es2.so
7f9fe12fe000-7f9fe1301000 ---p 00000000 00:00 0 
7f9fe1301000-7f9fe13ff000 rw-p 00000000 00:00 0 
7f9fe13ff000-7f9fe1402000 ---p 00000000 00:00 0 
7f9fe1402000-7f9fe1801000 rw-p 00000000 00:00 0 
7f9fe1801000-7f9fe1817000 r-xp 00000000 08:03 2493693                    /usr/lib/jvm/java-8-oracle/jre/lib/amd64/libnet.so
7f9fe1817000-7f9fe1a17000 ---p 00016000 08:03 2493693                    /usr/lib/jvm/java-8-oracle/jre/lib/amd64/libnet.so
7f9fe1a17000-7f9fe1a18000 rw-p 00016000 08:03 2493693                    /usr/lib/jvm/java-8-oracle/jre/lib/amd64/libnet.so
7f9fe1a18000-7f9fe1aae000 r--s 01103000 08:03 2493769                    /usr/lib/jvm/java-8-oracle/jre/lib/ext/jfxrt.jar
7f9fe1aae000-7f9fe1ab1000 ---p 00000000 00:00 0 
7f9fe1ab1000-7f9fe1baf000 rw-p 00000000 00:00 0 
7f9fe1baf000-7f9fe1bb0000 r-xp 00000000 08:03 2502255                    /opt/intellij-idea-community/bin/libbreakgen64.so
7f9fe1bb0000-7f9fe1daf000 ---p 00001000 08:03 2502255                    /opt/intellij-idea-community/bin/libbreakgen64.so
7f9fe1daf000-7f9fe1db0000 r--p 00000000 08:03 2502255                    /opt/intellij-idea-community/bin/libbreakgen64.so
7f9fe1db0000-7f9fe1db1000 rw-p 00001000 08:03 2502255                    /opt/intellij-idea-community/bin/libbreakgen64.so
7f9fe1db1000-7f9fe1db3000 r--s 00019000 08:03 2502175                    /opt/intellij-idea-community/lib/idea_rt.jar
7f9fe1db3000-7f9fe1dc6000 r--s 00345000 08:03 2493917                    /usr/lib/jvm/java-8-oracle/jre/lib/resources.jar
7f9fe1dc6000-7f9fe1dd8000 r--s 000d6000 08:03 2493916                    /usr/lib/jvm/java-8-oracle/jre/lib/plugin.jar
7f9fe1dd8000-7f9fe1df3000 r--s 00208000 08:03 2493801                    /usr/lib/jvm/java-8-oracle/jre/lib/deploy.jar
7f9fe1df3000-7f9fe1df4000 ---p 00000000 00:00 0 
7f9fe1df4000-7f9fe1ef4000 rw-p 00000000 00:00 0 
7f9fe1ef4000-7f9fe1ef7000 ---p 00000000 00:00 0 
7f9fe1ef7000-7f9fe1ff5000 rw-p 00000000 00:00 0 
7f9fe1ff5000-7f9fe1ff8000 ---p 00000000 00:00 0 
7f9fe1ff8000-7f9fe20f6000 rw-p 00000000 00:00 0 
7f9fe20f6000-7f9fe20f9000 ---p 00000000 00:00 0 
7f9fe20f9000-7f9fe21f7000 rw-p 00000000 00:00 0 
7f9fe21f7000-7f9fe21fa000 ---p 00000000 00:00 0 
7f9fe21fa000-7f9fe22f8000 rw-p 00000000 00:00 0 
7f9fe22f8000-7f9fe22fb000 ---p 00000000 00:00 0 
7f9fe22fb000-7f9fe23f9000 rw-p 00000000 00:00 0 
7f9fe23f9000-7f9fe26d2000 r--p 00000000 08:03 393281                     /usr/lib/locale/locale-archive
7f9fe26d2000-7f9fe26d5000 ---p 00000000 00:00 0 
7f9fe26d5000-7f9fe27d3000 rw-p 00000000 00:00 0 
7f9fe27d3000-7f9fe27d6000 ---p 00000000 00:00 0 
7f9fe27d6000-7f9fe28d4000 rw-p 00000000 00:00 0 
7f9fe28d4000-7f9fe28d5000 ---p 00000000 00:00 0 
7f9fe28d5000-7f9fe5000000 rw-p 00000000 00:00 0 
7f9fe5000000-7f9fe5460000 rwxp 00000000 00:00 0 
7f9fe5460000-7f9ff4000000 ---p 00000000 00:00 0 
7f9ff4000000-7f9ff41e5000 rw-p 00000000 00:00 0 
7f9ff41e5000-7f9ff8000000 ---p 00000000 00:00 0 
7f9ff8000000-7f9ff8001000 rw-s d0060000 00:06 553                        /dev/nvidia0
7f9ff8001000-7f9ff8005000 r--s 00097000 08:03 2493637                    /usr/lib/jvm/java-8-oracle/jre/lib/jsse.jar
7f9ff8005000-7f9ff8007000 r--s 00007000 08:03 2493758                    /usr/lib/jvm/java-8-oracle/jre/lib/jfxswt.jar
7f9ff8007000-7f9ff800c000 r--s 00084000 08:03 2493792                    /usr/lib/jvm/java-8-oracle/jre/lib/jfr.jar
7f9ff800c000-7f9ff8016000 r--s 0006c000 08:03 2493800                    /usr/lib/jvm/java-8-oracle/jre/lib/javaws.jar
7f9ff8016000-7f9ff875f000 rw-p 00000000 00:00 0 
7f9ff875f000-7f9ff8937000 r--s 03d2a000 08:03 2493685                    /usr/lib/jvm/java-8-oracle/jre/lib/rt.jar
7f9ff8937000-7f9ff9389000 rw-p 00000000 00:00 0 
7f9ff9389000-7f9ff938a000 ---p 00000000 00:00 0 
7f9ff938a000-7f9ff948a000 rw-p 00000000 00:00 0 
7f9ff948a000-7f9ff948b000 ---p 00000000 00:00 0 
7f9ff948b000-7f9ff958b000 rw-p 00000000 00:00 0 
7f9ff958b000-7f9ff958c000 ---p 00000000 00:00 0 
7f9ff958c000-7f9ff968c000 rw-p 00000000 00:00 0 
7f9ff968c000-7f9ff968d000 ---p 00000000 00:00 0 
7f9ff968d000-7f9ff97a1000 rw-p 00000000 00:00 0 
7f9ff97a1000-7f9ff98cb000 ---p 00000000 00:00 0 
7f9ff98cb000-7f9ff98df000 rw-p 00000000 00:00 0 
7f9ff98df000-7f9ff9a08000 ---p 00000000 00:00 0 
7f9ff9a08000-7f9ff9a13000 rw-p 00000000 00:00 0 
7f9ff9a13000-7f9ff9aa7000 ---p 00000000 00:00 0 
7f9ff9aa7000-7f9ff9aba000 rw-p 00000000 00:00 0 
7f9ff9aba000-7f9ff9e68000 ---p 00000000 00:00 0 
7f9ff9e68000-7f9ff9e82000 r-xp 00000000 08:03 2493716                    /usr/lib/jvm/java-8-oracle/jre/lib/amd64/libzip.so
7f9ff9e82000-7f9ffa082000 ---p 0001a000 08:03 2493716                    /usr/lib/jvm/java-8-oracle/jre/lib/amd64/libzip.so
7f9ffa082000-7f9ffa083000 rw-p 0001a000 08:03 2493716                    /usr/lib/jvm/java-8-oracle/jre/lib/amd64/libzip.so
7f9ffa083000-7f9ffa08e000 r-xp 00000000 08:03 1848107                    /lib/x86_64-linux-gnu/libnss_files-2.23.so
7f9ffa08e000-7f9ffa28d000 ---p 0000b000 08:03 1848107                    /lib/x86_64-linux-gnu/libnss_files-2.23.so
7f9ffa28d000-7f9ffa28e000 r--p 0000a000 08:03 1848107                    /lib/x86_64-linux-gnu/libnss_files-2.23.so
7f9ffa28e000-7f9ffa28f000 rw-p 0000b000 08:03 1848107                    /lib/x86_64-linux-gnu/libnss_files-2.23.so
7f9ffa28f000-7f9ffa295000 rw-p 00000000 00:00 0 
7f9ffa295000-7f9ffa2a0000 r-xp 00000000 08:03 1848104                    /lib/x86_64-linux-gnu/libnss_nis-2.23.so
7f9ffa2a0000-7f9ffa49f000 ---p 0000b000 08:03 1848104                    /lib/x86_64-linux-gnu/libnss_nis-2.23.so
7f9ffa49f000-7f9ffa4a0000 r--p 0000a000 08:03 1848104                    /lib/x86_64-linux-gnu/libnss_nis-2.23.so
7f9ffa4a0000-7f9ffa4a1000 rw-p 0000b000 08:03 1848104                    /lib/x86_64-linux-gnu/libnss_nis-2.23.so
7f9ffa4a1000-7f9ffa4b7000 r-xp 00000000 08:03 1848102                    /lib/x86_64-linux-gnu/libnsl-2.23.so
7f9ffa4b7000-7f9ffa6b6000 ---p 00016000 08:03 1848102                    /lib/x86_64-linux-gnu/libnsl-2.23.so
7f9ffa6b6000-7f9ffa6b7000 r--p 00015000 08:03 1848102                    /lib/x86_64-linux-gnu/libnsl-2.23.so
7f9ffa6b7000-7f9ffa6b8000 rw-p 00016000 08:03 1848102                    /lib/x86_64-linux-gnu/libnsl-2.23.so
7f9ffa6b8000-7f9ffa6ba000 rw-p 00000000 00:00 0 
7f9ffa6ba000-7f9ffa6c2000 r-xp 00000000 08:03 1848100                    /lib/x86_64-linux-gnu/libnss_compat-2.23.so
7f9ffa6c2000-7f9ffa8c1000 ---p 00008000 08:03 1848100                    /lib/x86_64-linux-gnu/libnss_compat-2.23.so
7f9ffa8c1000-7f9ffa8c2000 r--p 00007000 08:03 1848100                    /lib/x86_64-linux-gnu/libnss_compat-2.23.so
7f9ffa8c2000-7f9ffa8c3000 rw-p 00008000 08:03 1848100                    /lib/x86_64-linux-gnu/libnss_compat-2.23.so
7f9ffa8c3000-7f9ffa8ee000 r-xp 00000000 08:03 2493743                    /usr/lib/jvm/java-8-oracle/jre/lib/amd64/libjava.so
7f9ffa8ee000-7f9ffaaed000 ---p 0002b000 08:03 2493743                    /usr/lib/jvm/java-8-oracle/jre/lib/amd64/libjava.so
7f9ffaaed000-7f9ffaaef000 rw-p 0002a000 08:03 2493743                    /usr/lib/jvm/java-8-oracle/jre/lib/amd64/libjava.so
7f9ffaaef000-7f9ffaafc000 r-xp 00000000 08:03 2493694                    /usr/lib/jvm/java-8-oracle/jre/lib/amd64/libverify.so
7f9ffaafc000-7f9ffacfb000 ---p 0000d000 08:03 2493694                    /usr/lib/jvm/java-8-oracle/jre/lib/amd64/libverify.so
7f9ffacfb000-7f9ffacfd000 rw-p 0000c000 08:03 2493694                    /usr/lib/jvm/java-8-oracle/jre/lib/amd64/libverify.so
7f9ffacfd000-7f9ffad04000 r-xp 00000000 08:03 1848116                    /lib/x86_64-linux-gnu/librt-2.23.so
7f9ffad04000-7f9ffaf03000 ---p 00007000 08:03 1848116                    /lib/x86_64-linux-gnu/librt-2.23.so
7f9ffaf03000-7f9ffaf04000 r--p 00006000 08:03 1848116                    /lib/x86_64-linux-gnu/librt-2.23.so
7f9ffaf04000-7f9ffaf05000 rw-p 00007000 08:03 1848116                    /lib/x86_64-linux-gnu/librt-2.23.so
7f9ffaf05000-7f9ffb00d000 r-xp 00000000 08:03 1848113                    /lib/x86_64-linux-gnu/libm-2.23.so
7f9ffb00d000-7f9ffb20c000 ---p 00108000 08:03 1848113                    /lib/x86_64-linux-gnu/libm-2.23.so
7f9ffb20c000-7f9ffb20d000 r--p 00107000 08:03 1848113                    /lib/x86_64-linux-gnu/libm-2.23.so
7f9ffb20d000-7f9ffb20e000 rw-p 00108000 08:03 1848113                    /lib/x86_64-linux-gnu/libm-2.23.so
7f9ffb20e000-7f9ffbedb000 r-xp 00000000 08:03 2493747                    /usr/lib/jvm/java-8-oracle/jre/lib/amd64/server/libjvm.so
7f9ffbedb000-7f9ffc0da000 ---p 00ccd000 08:03 2493747                    /usr/lib/jvm/java-8-oracle/jre/lib/amd64/server/libjvm.so
7f9ffc0da000-7f9ffc1b3000 rw-p 00ccc000 08:03 2493747                    /usr/lib/jvm/java-8-oracle/jre/lib/amd64/server/libjvm.so
7f9ffc1b3000-7f9ffc1fe000 rw-p 00000000 00:00 0 
7f9ffc1fe000-7f9ffc3bd000 r-xp 00000000 08:03 1848121                    /lib/x86_64-linux-gnu/libc-2.23.so
7f9ffc3bd000-7f9ffc5bd000 ---p 001bf000 08:03 1848121                    /lib/x86_64-linux-gnu/libc-2.23.so
7f9ffc5bd000-7f9ffc5c1000 r--p 001bf000 08:03 1848121                    /lib/x86_64-linux-gnu/libc-2.23.so
7f9ffc5c1000-7f9ffc5c3000 rw-p 001c3000 08:03 1848121                    /lib/x86_64-linux-gnu/libc-2.23.so
7f9ffc5c3000-7f9ffc5c7000 rw-p 00000000 00:00 0 
7f9ffc5c7000-7f9ffc5ca000 r-xp 00000000 08:03 1848122                    /lib/x86_64-linux-gnu/libdl-2.23.so
7f9ffc5ca000-7f9ffc7c9000 ---p 00003000 08:03 1848122                    /lib/x86_64-linux-gnu/libdl-2.23.so
7f9ffc7c9000-7f9ffc7ca000 r--p 00002000 08:03 1848122                    /lib/x86_64-linux-gnu/libdl-2.23.so
7f9ffc7ca000-7f9ffc7cb000 rw-p 00003000 08:03 1848122                    /lib/x86_64-linux-gnu/libdl-2.23.so
7f9ffc7cb000-7f9ffc7e0000 r-xp 00000000 08:03 2492804                    /usr/lib/jvm/java-8-oracle/lib/amd64/jli/libjli.so
7f9ffc7e0000-7f9ffc9e0000 ---p 00015000 08:03 2492804                    /usr/lib/jvm/java-8-oracle/lib/amd64/jli/libjli.so
7f9ffc9e0000-7f9ffc9e1000 rw-p 00015000 08:03 2492804                    /usr/lib/jvm/java-8-oracle/lib/amd64/jli/libjli.so
7f9ffc9e1000-7f9ffc9f9000 r-xp 00000000 08:03 1848120                    /lib/x86_64-linux-gnu/libpthread-2.23.so
7f9ffc9f9000-7f9ffcbf8000 ---p 00018000 08:03 1848120                    /lib/x86_64-linux-gnu/libpthread-2.23.so
7f9ffcbf8000-7f9ffcbf9000 r--p 00017000 08:03 1848120                    /lib/x86_64-linux-gnu/libpthread-2.23.so
7f9ffcbf9000-7f9ffcbfa000 rw-p 00018000 08:03 1848120                    /lib/x86_64-linux-gnu/libpthread-2.23.so
7f9ffcbfa000-7f9ffcbfe000 rw-p 00000000 00:00 0 
7f9ffcbfe000-7f9ffcc24000 r-xp 00000000 08:03 1848117                    /lib/x86_64-linux-gnu/ld-2.23.so
7f9ffcc24000-7f9ffcc25000 r--s 00000000 08:03 2493764                    /usr/lib/jvm/java-8-oracle/jre/lib/management-agent.jar
7f9ffcc25000-7f9ffcc28000 r--s 0001a000 08:03 2493947                    /usr/lib/jvm/java-8-oracle/jre/lib/jce.jar
7f9ffcc28000-7f9ffccfa000 rw-p 00000000 00:00 0 
7f9ffccfa000-7f9ffccfd000 ---p 00000000 00:00 0 
7f9ffccfd000-7f9ffcdff000 rw-p 00000000 00:00 0 
7f9ffcdff000-7f9ffce04000 r--s 002f9000 08:03 2493638                    /usr/lib/jvm/java-8-oracle/jre/lib/charsets.jar
7f9ffce04000-7f9ffce17000 rw-p 00000000 00:00 0 
7f9ffce17000-7f9ffce1f000 rw-s 00000000 08:03 262239                     /tmp/hsperfdata_mostafa/7073
7f9ffce1f000-7f9ffce20000 rw-p 00000000 00:00 0 
7f9ffce20000-7f9ffce21000 r--p 00000000 00:00 0 
7f9ffce21000-7f9ffce23000 rw-p 00000000 00:00 0 
7f9ffce23000-7f9ffce24000 r--p 00025000 08:03 1848117                    /lib/x86_64-linux-gnu/ld-2.23.so
7f9ffce24000-7f9ffce25000 rw-p 00026000 08:03 1848117                    /lib/x86_64-linux-gnu/ld-2.23.so
7f9ffce25000-7f9ffce26000 rw-p 00000000 00:00 0 
7ffe2504d000-7ffe2506e000 rw-p 00000000 00:00 0                          [stack]
7ffe25100000-7ffe25102000 r--p 00000000 00:00 0                          [vvar]
7ffe25102000-7ffe25104000 r-xp 00000000 00:00 0                          [vdso]
ffffffffff600000-ffffffffff601000 r-xp 00000000 00:00 0                  [vsyscall]

VM Arguments:
jvm_args: -Didea.launcher.port=7537 -Didea.launcher.bin.path=/opt/intellij-idea-community/bin -Dfile.encoding=UTF-8 
java_command: com.intellij.rt.execution.application.AppMain sample.Main
java_class_path (initial): /usr/lib/jvm/java-8-oracle/jre/lib/charsets.jar:/usr/lib/jvm/java-8-oracle/jre/lib/deploy.jar:/usr/lib/jvm/java-8-oracle/jre/lib/ext/cldrdata.jar:/usr/lib/jvm/java-8-oracle/jre/lib/ext/dnsns.jar:/usr/lib/jvm/java-8-oracle/jre/lib/ext/jaccess.jar:/usr/lib/jvm/java-8-oracle/jre/lib/ext/jfxrt.jar:/usr/lib/jvm/java-8-oracle/jre/lib/ext/localedata.jar:/usr/lib/jvm/java-8-oracle/jre/lib/ext/nashorn.jar:/usr/lib/jvm/java-8-oracle/jre/lib/ext/sunec.jar:/usr/lib/jvm/java-8-oracle/jre/lib/ext/sunjce_provider.jar:/usr/lib/jvm/java-8-oracle/jre/lib/ext/sunpkcs11.jar:/usr/lib/jvm/java-8-oracle/jre/lib/ext/zipfs.jar:/usr/lib/jvm/java-8-oracle/jre/lib/javaws.jar:/usr/lib/jvm/java-8-oracle/jre/lib/jce.jar:/usr/lib/jvm/java-8-oracle/jre/lib/jfr.jar:/usr/lib/jvm/java-8-oracle/jre/lib/jfxswt.jar:/usr/lib/jvm/java-8-oracle/jre/lib/jsse.jar:/usr/lib/jvm/java-8-oracle/jre/lib/management-agent.jar:/usr/lib/jvm/java-8-oracle/jre/lib/plugin.jar:/usr/lib/jvm/java-8-oracle/jre/lib/resources.jar:/usr/lib/jvm/java-8-oracle/jre/lib/rt.jar:/home/mostafa/Desktop/Passing/out/production/Passing:/opt/intellij-idea-community/lib/idea_rt.jar
Launcher Type: SUN_STANDARD

Environment Variables:
JAVA_HOME=/usr/lib/jvm/java-8-oracle
PATH=/usr/local/sbin:/usr/local/bin:/usr/sbin:/usr/bin:/sbin:/bin:/usr/games:/usr/local/games:/snap/bin:/usr/lib/jvm/java-8-oracle/bin:/usr/lib/jvm/java-8-oracle/db/bin:/usr/lib/jvm/java-8-oracle/jre/bin
LD_LIBRARY_PATH=/opt/intellij-idea-community/bin:
SHELL=/bin/bash
DISPLAY=:0

Signal Handlers:
SIGSEGV: [libjvm.so+0xac64b0], sa_mask[0]=11111111011111111101111111111110, sa_flags=SA_RESTART|SA_SIGINFO
SIGBUS: [libjvm.so+0xac64b0], sa_mask[0]=11111111011111111101111111111110, sa_flags=SA_RESTART|SA_SIGINFO
SIGFPE: [libjvm.so+0x91f950], sa_mask[0]=11111111011111111101111111111110, sa_flags=SA_RESTART|SA_SIGINFO
SIGPIPE: SIG_IGN, sa_mask[0]=00000000000010000000000000000000, sa_flags=SA_RESTART
SIGXFSZ: [libjvm.so+0x91f950], sa_mask[0]=11111111011111111101111111111110, sa_flags=SA_RESTART|SA_SIGINFO
SIGILL: [libjvm.so+0x91f950], sa_mask[0]=11111111011111111101111111111110, sa_flags=SA_RESTART|SA_SIGINFO
SIGUSR1: SIG_DFL, sa_mask[0]=00000000000000000000000000000000, sa_flags=none
SIGUSR2: [libjvm.so+0x920f80], sa_mask[0]=00100000000000000000000000000000, sa_flags=SA_RESTART|SA_SIGINFO
SIGHUP: [libjvm.so+0x922380], sa_mask[0]=11111111011111111101111111111110, sa_flags=SA_RESTART|SA_SIGINFO
SIGINT: [libjvm.so+0x922380], sa_mask[0]=11111111011111111101111111111110, sa_flags=SA_RESTART|SA_SIGINFO
SIGTERM: [libjvm.so+0x922380], sa_mask[0]=11111111011111111101111111111110, sa_flags=SA_RESTART|SA_SIGINFO
SIGQUIT: [libjvm.so+0x922380], sa_mask[0]=11111111011111111101111111111110, sa_flags=SA_RESTART|SA_SIGINFO


---------------  S Y S T E M  ---------------

OS:DISTRIB_ID=Ubuntu
DISTRIB_RELEASE=16.04
DISTRIB_CODENAME=xenial
DISTRIB_DESCRIPTION="Ubuntu 16.04.1 LTS"

uname:Linux 4.4.0-47-generic #68-Ubuntu SMP Wed Oct 26 19:39:52 UTC 2016 x86_64
libc:glibc 2.23 NPTL 2.23 
rlimit: STACK 8192k, CORE 0k, NPROC 15037, NOFILE 65536, AS infinity
load average:2.63 1.23 0.93

/proc/meminfo:
MemTotal:        3896084 kB
MemFree:         1147076 kB
MemAvailable:    1309108 kB
Buffers:           17172 kB
Cached:           340000 kB
SwapCached:        42328 kB
Active:          1775596 kB
Inactive:         745788 kB
Active(anon):    1521484 kB
Inactive(anon):   649720 kB
Active(file):     254112 kB
Inactive(file):    96068 kB
Unevictable:         668 kB
Mlocked:             668 kB
SwapTotal:       7812092 kB
SwapFree:        7215220 kB
Dirty:             17056 kB
Writeback:             0 kB
AnonPages:       2142084 kB
Mapped:           147908 kB
Shmem:              7088 kB
Slab:              73964 kB
SReclaimable:      37028 kB
SUnreclaim:        36936 kB
KernelStack:       10080 kB
PageTables:        35140 kB
NFS_Unstable:          0 kB
Bounce:                0 kB
WritebackTmp:          0 kB
CommitLimit:     9760132 kB
Committed_AS:    5958708 kB
VmallocTotal:   34359738367 kB
VmallocUsed:           0 kB
VmallocChunk:          0 kB
HardwareCorrupted:     0 kB
AnonHugePages:   1552384 kB
CmaTotal:              0 kB
CmaFree:               0 kB
HugePages_Total:       0
HugePages_Free:        0
HugePages_Rsvd:        0
HugePages_Surp:        0
Hugepagesize:       2048 kB
DirectMap4k:      254208 kB
DirectMap2M:     3788800 kB


CPU:total 4 (2 cores per cpu, 2 threads per core) family 6 model 42 stepping 7, cmov, cx8, fxsr, mmx, sse, sse2, sse3, ssse3, sse4.1, sse4.2, popcnt, avx, aes, clmul, ht, tsc, tscinvbit

/proc/cpuinfo:
processor	: 0
vendor_id	: GenuineIntel
cpu family	: 6
model		: 42
model name	: Intel(R) Core(TM) i5-2450M CPU @ 2.50GHz
stepping	: 7
microcode	: 0x1b
cpu MHz		: 2533.007
cache size	: 3072 KB
physical id	: 0
siblings	: 4
core id		: 0
cpu cores	: 2
apicid		: 0
initial apicid	: 0
fpu		: yes
fpu_exception	: yes
cpuid level	: 13
wp		: yes
flags		: fpu vme de pse tsc msr pae mce cx8 apic sep mtrr pge mca cmov pat pse36 clflush dts acpi mmx fxsr sse sse2 ss ht tm pbe syscall nx rdtscp lm constant_tsc arch_perfmon pebs bts rep_good nopl xtopology nonstop_tsc aperfmperf eagerfpu pni pclmulqdq dtes64 monitor ds_cpl vmx est tm2 ssse3 cx16 xtpr pdcm pcid sse4_1 sse4_2 x2apic popcnt tsc_deadline_timer aes xsave avx lahf_lm epb tpr_shadow vnmi flexpriority ept vpid xsaveopt dtherm ida arat pln pts
bugs		:
bogomips	: 4988.62
clflush size	: 64
cache_alignment	: 64
address sizes	: 36 bits physical, 48 bits virtual
power management:

processor	: 1
vendor_id	: GenuineIntel
cpu family	: 6
model		: 42
model name	: Intel(R) Core(TM) i5-2450M CPU @ 2.50GHz
stepping	: 7
microcode	: 0x1b
cpu MHz		: 2499.707
cache size	: 3072 KB
physical id	: 0
siblings	: 4
core id		: 0
cpu cores	: 2
apicid		: 1
initial apicid	: 1
fpu		: yes
fpu_exception	: yes
cpuid level	: 13
wp		: yes
flags		: fpu vme de pse tsc msr pae mce cx8 apic sep mtrr pge mca cmov pat pse36 clflush dts acpi mmx fxsr sse sse2 ss ht tm pbe syscall nx rdtscp lm constant_tsc arch_perfmon pebs bts rep_good nopl xtopology nonstop_tsc aperfmperf eagerfpu pni pclmulqdq dtes64 monitor ds_cpl vmx est tm2 ssse3 cx16 xtpr pdcm pcid sse4_1 sse4_2 x2apic popcnt tsc_deadline_timer aes xsave avx lahf_lm epb tpr_shadow vnmi flexpriority ept vpid xsaveopt dtherm ida arat pln pts
bugs		:
bogomips	: 4988.62
clflush size	: 64
cache_alignment	: 64
address sizes	: 36 bits physical, 48 bits virtual
power management:

processor	: 2
vendor_id	: GenuineIntel
cpu family	: 6
model		: 42
model name	: Intel(R) Core(TM) i5-2450M CPU @ 2.50GHz
stepping	: 7
microcode	: 0x1b
cpu MHz		: 2432.714
cache size	: 3072 KB
physical id	: 0
siblings	: 4
core id		: 1
cpu cores	: 2
apicid		: 2
initial apicid	: 2
fpu		: yes
fpu_exception	: yes
cpuid level	: 13
wp		: yes
flags		: fpu vme de pse tsc msr pae mce cx8 apic sep mtrr pge mca cmov pat pse36 clflush dts acpi mmx fxsr sse sse2 ss ht tm pbe syscall nx rdtscp lm constant_tsc arch_perfmon pebs bts rep_good nopl xtopology nonstop_tsc aperfmperf eagerfpu pni pclmulqdq dtes64 monitor ds_cpl vmx est tm2 ssse3 cx16 xtpr pdcm pcid sse4_1 sse4_2 x2apic popcnt tsc_deadline_timer aes xsave avx lahf_lm epb tpr_shadow vnmi flexpriority ept vpid xsaveopt dtherm ida arat pln pts
bugs		:
bogomips	: 4988.62
clflush size	: 64
cache_alignment	: 64
address sizes	: 36 bits physical, 48 bits virtual
power management:

processor	: 3
vendor_id	: GenuineIntel
cpu family	: 6
model		: 42
model name	: Intel(R) Core(TM) i5-2450M CPU @ 2.50GHz
stepping	: 7
microcode	: 0x1b
cpu MHz		: 2466.503
cache size	: 3072 KB
physical id	: 0
siblings	: 4
core id		: 1
cpu cores	: 2
apicid		: 3
initial apicid	: 3
fpu		: yes
fpu_exception	: yes
cpuid level	: 13
wp		: yes
flags		: fpu vme de pse tsc msr pae mce cx8 apic sep mtrr pge mca cmov pat pse36 clflush dts acpi mmx fxsr sse sse2 ss ht tm pbe syscall nx rdtscp lm constant_tsc arch_perfmon pebs bts rep_good nopl xtopology nonstop_tsc aperfmperf eagerfpu pni pclmulqdq dtes64 monitor ds_cpl vmx est tm2 ssse3 cx16 xtpr pdcm pcid sse4_1 sse4_2 x2apic popcnt tsc_deadline_timer aes xsave avx lahf_lm epb tpr_shadow vnmi flexpriority ept vpid xsaveopt dtherm ida arat pln pts
bugs		:
bogomips	: 4988.62
clflush size	: 64
cache_alignment	: 64
address sizes	: 36 bits physical, 48 bits virtual
power management:



Memory: 4k page, physical 3896084k(1147076k free), swap 7812092k(7215220k free)

vm_info: Java HotSpot(TM) 64-Bit Server VM (25.111-b14) for linux-amd64 JRE (1.8.0_111-b14), built on Sep 22 2016 16:14:03 by "java_re" with gcc 4.3.0 20080428 (Red Hat 4.3.0-8)

time: Fri Dec  2 23:59:59 2016
elapsed time: 6 seconds (0d 0h 0m 6s)

