#
# A fatal error has been detected by the Java Runtime Environment:
#
#  SIGSEGV (0xb) at pc=0x00007f5fb1c09d28, pid=16828, tid=0x00007f5f48d73700
#
# JRE version: Java(TM) SE Runtime Environment (8.0_111-b14) (build 1.8.0_111-b14)
# Java VM: Java HotSpot(TM) 64-Bit Server VM (25.111-b14 mixed mode linux-amd64 compressed oops)
# Problematic frame:
# V  [libjvm.so+0x6d1d28]  jni_invoke_nonstatic(JNIEnv_*, JavaValue*, _jobject*, JNICallType, _jmethodID*, JNI_ArgumentPusher*, Thread*)+0x38
#
# Failed to write core dump. Core dumps have been disabled. To enable core dumping, try "ulimit -c unlimited" before starting Java again
#
# If you would like to submit a bug report, please visit:
#   http://bugreport.java.com/bugreport/crash.jsp
#

---------------  T H R E A D  ---------------

Current thread (0x00007f5f5411c000):  JavaThread "JavaFX Application Thread" [_thread_in_vm, id=16859, stack(0x00007f5f48c73000,0x00007f5f48d74000)]

siginfo: si_signo: 11 (SIGSEGV), si_code: 1 (SEGV_MAPERR), si_addr: 0x00007f5f00000000

Registers:
RAX=0x00007f5f48d72240, RBX=0x00007f5f48d72150, RCX=0x0000000000000001, RDX=0x00007f5f00000000
RSP=0x00007f5f48d71fa0, RBP=0x00007f5f48d72120, RSI=0x00007f5f48d721b0, RDI=0x00007f5f5411c1f8
R8 =0x00007f5f5405d398, R9 =0x00007f5f48d72150, R10=0x00007f5f38000ac0, R11=0x00007f5f9d3929e0
R12=0x00007f5f5411c000, R13=0x00007f5f5405d398, R14=0x0000000000000001, R15=0x00007f5f5411c1f8
RIP=0x00007f5fb1c09d28, EFLAGS=0x0000000000010206, CSGSFS=0x0000000000000033, ERR=0x0000000000000004
  TRAPNO=0x000000000000000e

Top of Stack: (sp=0x00007f5f48d71fa0)
0x00007f5f48d71fa0:   00007f5f48d726a0 00007f5f48d722c0
0x00007f5f48d71fb0:   00007f5f48d72000 00007f5f48d72080
0x00007f5f48d71fc0:   00007f5f48d72150 00007f5f48d721b0
0x00007f5f48d71fd0:   00007f5f5411c1f8 00007f5fb1c29830
0x00007f5f48d71fe0:   00007f5f6801d980 00007f5f6801d990
0x00007f5f48d71ff0:   00007f5f6801dd68 00000000000003d8
0x00007f5f48d72000:   0000000000000000 00000000ec70a920
0x00007f5f48d72010:   00007f5f0000006f 00007f5f0000000a
0x00007f5f48d72020:   00000000ed09ad80 0000000000000000
0x00007f5f48d72030:   0000000000000000 0000000000000000
0x00007f5f48d72040:   00007f5f95f525b0 0000000100000100
0x00007f5f48d72050:   0000000000000000 00007f5f48d72008
0x00007f5f48d72060:   00007f5f48d72049 0000000800000005
0x00007f5f48d72070:   0000000000000000 00007f5f5411b850
0x00007f5f48d72080:   00007f5fb2496af0 00007f5fb2fa76d0
0x00007f5f48d72090:   000000005411b6e0 00007f5f5411c000
0x00007f5f48d720a0:   0000000000000000 00007f5fb1c0a0fb
0x00007f5f48d720b0:   00007f5f95f42038 00007f5f5411c000
0x00007f5f48d720c0:   00007f5f95f42038 00007f5f5411c000
0x00007f5f48d720d0:   00007f5f48d72260 00007f5f95f42038
0x00007f5f48d720e0:   00007f5f95f42038 00007f5f95f42038
0x00007f5f48d720f0:   00007f5f6801d980 00007f5f48d72150
0x00007f5f48d72100:   00007f5f5411c000 00007f5f48d72190
0x00007f5f48d72110:   00007f5f5405d398 00007f5f5411c1f8
0x00007f5f48d72120:   00007f5f48d72210 00007f5fb1c0e4cf
0x00007f5f48d72130:   00007f5f5411c000 00007f5f66b6a054
0x00007f5f48d72140:   00007f5f48d72228 00007f5f00000000
0x00007f5f48d72150:   00007f5fb2497750 00007f5fb2fa76d0
0x00007f5f48d72160:   0000000048d721d0 c486630e00000063
0x00007f5f48d72170:   0000000000000000 0000003000000018
0x00007f5f48d72180:   00007f5f48d72300 00007f5f48d72240
0x00007f5f48d72190:   00007f5f5411c000 0000000000000000 

Instructions: (pc=0x00007f5fb1c09d28)
0x00007f5fb1c09d08:   00 00 48 85 d2 48 89 bd b0 fe ff ff 48 89 b5 a8
0x00007f5fb1c09d18:   fe ff ff 4c 89 8d a0 fe ff ff 0f 84 78 09 00 00
0x00007f5fb1c09d28:   4c 8b 22 4d 85 e4 0f 84 6c 09 00 00 48 8b 45 10
0x00007f5fb1c09d38:   48 8b 98 38 01 00 00 48 83 7b 18 f7 0f 87 16 07 

Register to memory mapping:

RAX=0x00007f5f48d72240 is pointing into the stack for thread: 0x00007f5f5411c000
RBX=0x00007f5f48d72150 is pointing into the stack for thread: 0x00007f5f5411c000
RCX=0x0000000000000001 is an unknown value
RDX=0x00007f5f00000000 is an unknown value
RSP=0x00007f5f48d71fa0 is pointing into the stack for thread: 0x00007f5f5411c000
RBP=0x00007f5f48d72120 is pointing into the stack for thread: 0x00007f5f5411c000
RSI=0x00007f5f48d721b0 is pointing into the stack for thread: 0x00007f5f5411c000
RDI=0x00007f5f5411c1f8 is an unknown value
R8 =0x00007f5f5405d398 is an unknown value
R9 =0x00007f5f48d72150 is pointing into the stack for thread: 0x00007f5f5411c000
R10=0x00007f5f38000ac0 is an unknown value
R11=0x00007f5f9d3929e0 is at entry_point+32 in (nmethod*)0x00007f5f9d392850
R12=0x00007f5f5411c000 is a thread
R13=0x00007f5f5405d398 is an unknown value
R14=0x0000000000000001 is an unknown value
R15=0x00007f5f5411c1f8 is an unknown value


Stack: [0x00007f5f48c73000,0x00007f5f48d74000],  sp=0x00007f5f48d71fa0,  free space=1019k
Native frames: (J=compiled Java code, j=interpreted, Vv=VM code, C=native code)
V  [libjvm.so+0x6d1d28]  jni_invoke_nonstatic(JNIEnv_*, JavaValue*, _jobject*, JNICallType, _jmethodID*, JNI_ArgumentPusher*, Thread*)+0x38
V  [libjvm.so+0x6d64cf]  jni_CallVoidMethodV+0x10f
C  [libglass.so+0x18641]  JNIEnv_::CallVoidMethod(_jobject*, _jmethodID*, ...)+0x81
C  [libglass.so+0x14f0f]  WindowContextBase::process_key(_GdkEventKey*)+0x20f
C  [libglass.so+0x19f60]  WindowContextBase::im_filter_keypress(_GdkEventKey*)+0x1c0
C  [libglass.so+0x1a91c]  process_events(_GdkEvent*, void*)+0x22c
C  [libgdk-x11-2.0.so.0+0x5ac4c]

Java frames: (J=compiled Java code, j=interpreted, Vv=VM code)
j  com.sun.glass.ui.gtk.GtkApplication._runLoop(Ljava/lang/Runnable;Z)V+0
j  com.sun.glass.ui.gtk.GtkApplication.lambda$null$49(Ljava/lang/Runnable;Z)V+7
j  com.sun.glass.ui.gtk.GtkApplication$$Lambda$43.run()V+12
j  java.lang.Thread.run()V+11
v  ~StubRoutines::call_stub

---------------  P R O C E S S  ---------------

Java Threads: ( => current thread )
  0x00007f5f38203800 JavaThread "Prism Font Disposer" daemon [_thread_blocked, id=16865, stack(0x00007f5f33e46000,0x00007f5f33f47000)]
=>0x00007f5f5411c000 JavaThread "JavaFX Application Thread" [_thread_in_vm, id=16859, stack(0x00007f5f48c73000,0x00007f5f48d74000)]
  0x00007f5f54118000 JavaThread "Thread-2" daemon [_thread_blocked, id=16858, stack(0x00007f5f48d74000,0x00007f5f48e75000)]
  0x00007f5f5404b800 JavaThread "QuantumRenderer-0" daemon [_thread_blocked, id=16854, stack(0x00007f5f675e3000,0x00007f5f676e4000)]
  0x00007f5fac1f3000 JavaThread "JavaFX-Launcher" [_thread_blocked, id=16853, stack(0x00007f5f676e4000,0x00007f5f677e5000)]
  0x00007f5fac13b000 JavaThread "Monitor Ctrl-Break" daemon [_thread_in_native, id=16852, stack(0x00007f5f67cfd000,0x00007f5f67dfe000)]
  0x00007f5fac0c1800 JavaThread "Service Thread" daemon [_thread_blocked, id=16850, stack(0x00007f5f94210000,0x00007f5f94311000)]
  0x00007f5fac0be800 JavaThread "C1 CompilerThread2" daemon [_thread_blocked, id=16849, stack(0x00007f5f94311000,0x00007f5f94412000)]
  0x00007f5fac0bd000 JavaThread "C2 CompilerThread1" daemon [_thread_in_native, id=16848, stack(0x00007f5f94412000,0x00007f5f94513000)]
  0x00007f5fac0ba000 JavaThread "C2 CompilerThread0" daemon [_thread_blocked, id=16847, stack(0x00007f5f94513000,0x00007f5f94614000)]
  0x00007f5fac0b8800 JavaThread "Signal Dispatcher" daemon [_thread_blocked, id=16846, stack(0x00007f5f94614000,0x00007f5f94715000)]
  0x00007f5fac084800 JavaThread "Finalizer" daemon [_thread_blocked, id=16839, stack(0x00007f5f949ee000,0x00007f5f94aef000)]
  0x00007f5fac080000 JavaThread "Reference Handler" daemon [_thread_blocked, id=16838, stack(0x00007f5f94aef000,0x00007f5f94bf0000)]
  0x00007f5fac00a800 JavaThread "main" [_thread_blocked, id=16829, stack(0x00007f5fb3024000,0x00007f5fb3125000)]

Other Threads:
  0x00007f5fac078000 VMThread [stack: 0x00007f5f94bf0000,0x00007f5f94cf1000] [id=16837]
  0x00007f5fac0c4800 WatcherThread [stack: 0x00007f5f9410f000,0x00007f5f94210000] [id=16851]

VM state:not at safepoint (normal execution)

VM Mutex/Monitor currently owned by a thread: None

Heap:
 PSYoungGen      total 17920K, used 2884K [0x00000000ec300000, 0x00000000ed700000, 0x0000000100000000)
  eden space 15360K, 2% used [0x00000000ec300000,0x00000000ec355100,0x00000000ed200000)
  from space 2560K, 99% used [0x00000000ed480000,0x00000000ed6fc020,0x00000000ed700000)
  to   space 2560K, 0% used [0x00000000ed200000,0x00000000ed200000,0x00000000ed480000)
 ParOldGen       total 40960K, used 3354K [0x00000000c4800000, 0x00000000c7000000, 0x00000000ec300000)
  object space 40960K, 8% used [0x00000000c4800000,0x00000000c4b46ae8,0x00000000c7000000)
 Metaspace       used 15536K, capacity 16234K, committed 16512K, reserved 1062912K
  class space    used 2207K, capacity 2367K, committed 2432K, reserved 1048576K

Card table byte_map: [0x00007f5f9ca63000,0x00007f5f9cc40000] byte_map_base: 0x00007f5f9c43f000

Marking Bits: (ParMarkBitMap*) 0x00007f5fb24fb220
 Begin Bits: [0x00007f5f96240000, 0x00007f5f97120000)
 End Bits:   [0x00007f5f97120000, 0x00007f5f98000000)

Polling page: 0x00007f5fb314a000

CodeCache: size=245760Kb used=4398Kb max_used=4411Kb free=241361Kb
 bounds [0x00007f5f9d000000, 0x00007f5f9d460000, 0x00007f5fac000000]
 total_blobs=2048 nmethods=1437 adapters=524
 compilation: enabled

Compilation events (10 events):
Event: 5.582 Thread 0x00007f5fac0be800 1435       3       javafx.scene.control.Labeled::getLabelPadding (24 bytes)
Event: 5.582 Thread 0x00007f5fac0be800 nmethod 1435 0x00007f5f9d44b850 code [0x00007f5f9d44b9e0, 0x00007f5f9d44bd48]
Event: 5.582 Thread 0x00007f5fac0be800 1434       3       javafx.beans.property.DoublePropertyBase::fireValueChangedEvent (8 bytes)
Event: 5.582 Thread 0x00007f5fac0be800 nmethod 1434 0x00007f5f9d44be10 code [0x00007f5f9d44bf80, 0x00007f5f9d44c228]
Event: 5.582 Thread 0x00007f5fac0be800 1438       3       javafx.collections.ListChangeBuilder$SingleChange::next (16 bytes)
Event: 5.582 Thread 0x00007f5fac0be800 nmethod 1438 0x00007f5f9d44c310 code [0x00007f5f9d44c480, 0x00007f5f9d44c630]
Event: 5.582 Thread 0x00007f5fac0be800 1436       1       javafx.scene.text.Text$TextAttribute::access$1700 (5 bytes)
Event: 5.583 Thread 0x00007f5fac0be800 nmethod 1436 0x00007f5f9d44c6d0 code [0x00007f5f9d44c820, 0x00007f5f9d44c910]
Event: 5.583 Thread 0x00007f5fac0be800 1437       1       javafx.scene.text.Text$TextAttribute::access$1800 (5 bytes)
Event: 5.584 Thread 0x00007f5fac0ba000 nmethod 1422 0x00007f5f9d44ffd0 code [0x00007f5f9d450200, 0x00007f5f9d450bf0]

GC Heap History (4 events):
Event: 0.807 GC heap before
{Heap before GC invocations=1 (full 0):
 PSYoungGen      total 17920K, used 15360K [0x00000000ec300000, 0x00000000ed700000, 0x0000000100000000)
  eden space 15360K, 100% used [0x00000000ec300000,0x00000000ed200000,0x00000000ed200000)
  from space 2560K, 0% used [0x00000000ed480000,0x00000000ed480000,0x00000000ed700000)
  to   space 2560K, 0% used [0x00000000ed200000,0x00000000ed200000,0x00000000ed480000)
 ParOldGen       total 40960K, used 0K [0x00000000c4800000, 0x00000000c7000000, 0x00000000ec300000)
  object space 40960K, 0% used [0x00000000c4800000,0x00000000c4800000,0x00000000c7000000)
 Metaspace       used 10097K, capacity 10460K, committed 10624K, reserved 1058816K
  class space    used 1247K, capacity 1368K, committed 1408K, reserved 1048576K
Event: 0.813 GC heap after
Heap after GC invocations=1 (full 0):
 PSYoungGen      total 17920K, used 2544K [0x00000000ec300000, 0x00000000ed700000, 0x0000000100000000)
  eden space 15360K, 0% used [0x00000000ec300000,0x00000000ec300000,0x00000000ed200000)
  from space 2560K, 99% used [0x00000000ed200000,0x00000000ed47c040,0x00000000ed480000)
  to   space 2560K, 0% used [0x00000000ed480000,0x00000000ed480000,0x00000000ed700000)
 ParOldGen       total 40960K, used 384K [0x00000000c4800000, 0x00000000c7000000, 0x00000000ec300000)
  object space 40960K, 0% used [0x00000000c4800000,0x00000000c4860000,0x00000000c7000000)
 Metaspace       used 10097K, capacity 10460K, committed 10624K, reserved 1058816K
  class space    used 1247K, capacity 1368K, committed 1408K, reserved 1048576K
}
Event: 5.534 GC heap before
{Heap before GC invocations=2 (full 0):
 PSYoungGen      total 17920K, used 17904K [0x00000000ec300000, 0x00000000ed700000, 0x0000000100000000)
  eden space 15360K, 100% used [0x00000000ec300000,0x00000000ed200000,0x00000000ed200000)
  from space 2560K, 99% used [0x00000000ed200000,0x00000000ed47c040,0x00000000ed480000)
  to   space 2560K, 0% used [0x00000000ed480000,0x00000000ed480000,0x00000000ed700000)
 ParOldGen       total 40960K, used 384K [0x00000000c4800000, 0x00000000c7000000, 0x00000000ec300000)
  object space 40960K, 0% used [0x00000000c4800000,0x00000000c4860000,0x00000000c7000000)
 Metaspace       used 15512K, capacity 16170K, committed 16256K, reserved 1062912K
  class space    used 2207K, capacity 2367K, committed 2432K, reserved 1048576K
Event: 5.545 GC heap after
Heap after GC invocations=2 (full 0):
 PSYoungGen      total 17920K, used 2544K [0x00000000ec300000, 0x00000000ed700000, 0x0000000100000000)
  eden space 15360K, 0% used [0x00000000ec300000,0x00000000ec300000,0x00000000ed200000)
  from space 2560K, 99% used [0x00000000ed480000,0x00000000ed6fc020,0x00000000ed700000)
  to   space 2560K, 0% used [0x00000000ed200000,0x00000000ed200000,0x00000000ed480000)
 ParOldGen       total 40960K, used 3354K [0x00000000c4800000, 0x00000000c7000000, 0x00000000ec300000)
  object space 40960K, 8% used [0x00000000c4800000,0x00000000c4b46ae8,0x00000000c7000000)
 Metaspace       used 15512K, capacity 16170K, committed 16256K, reserved 1062912K
  class space    used 2207K, capacity 2367K, committed 2432K, reserved 1048576K
}

Deoptimization events (10 events):
Event: 1.091 Thread 0x00007f5f5411c000 Uncommon trap: reason=class_check action=maybe_recompile pc=0x00007f5f9d26a5b4 method=java.io.DataInputStream.readShort()S @ 4
Event: 1.093 Thread 0x00007f5f5411c000 Uncommon trap: reason=class_check action=maybe_recompile pc=0x00007f5f9d26a5b4 method=java.io.DataInputStream.readShort()S @ 4
Event: 1.093 Thread 0x00007f5f5411c000 Uncommon trap: reason=class_check action=maybe_recompile pc=0x00007f5f9d26a5b4 method=java.io.DataInputStream.readShort()S @ 4
Event: 1.114 Thread 0x00007f5f5411c000 Uncommon trap: reason=class_check action=maybe_recompile pc=0x00007f5f9d11dbb8 method=java.lang.String.equals(Ljava/lang/Object;)Z @ 8
Event: 1.114 Thread 0x00007f5f5411c000 Uncommon trap: reason=class_check action=maybe_recompile pc=0x00007f5f9d11dbb8 method=java.lang.String.equals(Ljava/lang/Object;)Z @ 8
Event: 1.114 Thread 0x00007f5f5411c000 Uncommon trap: reason=class_check action=maybe_recompile pc=0x00007f5f9d11dbb8 method=java.lang.String.equals(Ljava/lang/Object;)Z @ 8
Event: 1.242 Thread 0x00007f5f5411c000 Uncommon trap: reason=class_check action=maybe_recompile pc=0x00007f5f9d11dbb8 method=java.lang.String.equals(Ljava/lang/Object;)Z @ 8
Event: 1.355 Thread 0x00007f5f5411c000 Uncommon trap: reason=unstable_if action=reinterpret pc=0x00007f5f9d2b574c method=sun.net.www.ParseUtil.encodePath(Ljava/lang/String;Z)Ljava/lang/String; @ 109
Event: 1.518 Thread 0x00007f5f5411c000 Uncommon trap: reason=unstable_if action=reinterpret pc=0x00007f5f9d2caee4 method=jdk.internal.org.objectweb.asm.Type.getArgumentsAndReturnSizes(Ljava/lang/String;)I @ 47
Event: 3.064 Thread 0x00007f5f5404b800 Uncommon trap: reason=unstable_if action=reinterpret pc=0x00007f5f9d3a345c method=java.lang.StrictMath.floorOrCeil(DDDD)D @ 115

Internal exceptions (10 events):
Event: 0.265 Thread 0x00007f5fac1f3000 Exception <a 'java/security/PrivilegedActionException'> (0x00000000ec618d90) thrown at [/HUDSON3/workspace/8-2-build-linux-amd64/jdk8u111/7883/hotspot/src/share/vm/prims/jvm.cpp, line 1386]
Event: 0.266 Thread 0x00007f5fac1f3000 Exception <a 'java/security/PrivilegedActionException'> (0x00000000ec61b1d0) thrown at [/HUDSON3/workspace/8-2-build-linux-amd64/jdk8u111/7883/hotspot/src/share/vm/prims/jvm.cpp, line 1386]
Event: 0.266 Thread 0x00007f5fac1f3000 Exception <a 'java/security/PrivilegedActionException'> (0x00000000ec61b3e0) thrown at [/HUDSON3/workspace/8-2-build-linux-amd64/jdk8u111/7883/hotspot/src/share/vm/prims/jvm.cpp, line 1386]
Event: 0.266 Thread 0x00007f5fac1f3000 Exception <a 'java/lang/NullPointerException'> (0x00000000ec61b9b8) thrown at [/HUDSON3/workspace/8-2-build-linux-amd64/jdk8u111/7883/hotspot/src/share/vm/interpreter/linkResolver.cpp, line 1178]
Event: 0.677 Thread 0x00007f5f5411c000 Exception <a 'java/lang/NullPointerException'> (0x00000000ece54148) thrown at [/HUDSON3/workspace/8-2-build-linux-amd64/jdk8u111/7883/hotspot/src/share/vm/interpreter/linkResolver.cpp, line 1178]
Event: 0.677 Thread 0x00007f5f5411c000 Exception <a 'java/lang/NullPointerException'> (0x00000000ece54148) thrown at [/HUDSON3/workspace/8-2-build-linux-amd64/jdk8u111/7883/hotspot/src/share/vm/prims/jvm.cpp, line 1390]
Event: 0.794 Thread 0x00007f5f5411c000 Exception <a 'java/lang/ArrayIndexOutOfBoundsException': 58> (0x00000000ed1e3050) thrown at [/HUDSON3/workspace/8-2-build-linux-amd64/jdk8u111/7883/hotspot/src/share/vm/interpreter/interpreterRuntime.cpp, line 366]
Event: 0.795 Thread 0x00007f5f5411c000 Exception <a 'java/lang/ArrayIndexOutOfBoundsException': 18> (0x00000000ed1e3ed8) thrown at [/HUDSON3/workspace/8-2-build-linux-amd64/jdk8u111/7883/hotspot/src/share/vm/interpreter/interpreterRuntime.cpp, line 366]
Event: 0.796 Thread 0x00007f5f5411c000 Exception <a 'java/lang/ArrayIndexOutOfBoundsException'> (0x00000000ed1e5280) thrown at [/HUDSON3/workspace/8-2-build-linux-amd64/jdk8u111/7883/hotspot/src/share/vm/runtime/sharedRuntime.cpp, line 605]
Event: 0.961 Thread 0x00007f5f5411c000 Implicit null exception at 0x00007f5f9d26ceb5 to 0x00007f5f9d26d099

Events (10 events):
Event: 5.401 loading class com/sun/prism/GraphicsResource
Event: 5.401 loading class com/sun/prism/GraphicsResource done
Event: 5.401 loading class com/sun/prism/GraphicsResource
Event: 5.401 loading class com/sun/prism/GraphicsResource done
Event: 5.402 loading class com/sun/javafx/tk/quantum/ViewScene
Event: 5.402 loading class com/sun/javafx/tk/quantum/ViewScene done
Event: 5.403 loading class com/sun/javafx/tk/quantum/WindowStage
Event: 5.403 loading class com/sun/javafx/tk/quantum/WindowStage done
Event: 5.534 Executing VM operation: ParallelGCFailedAllocation
Event: 5.545 Executing VM operation: ParallelGCFailedAllocation done


Dynamic libraries:
00400000-00401000 r-xp 00000000 08:03 2493609                            /usr/lib/jvm/java-8-oracle/bin/java
00600000-00601000 rw-p 00000000 08:03 2493609                            /usr/lib/jvm/java-8-oracle/bin/java
00b81000-00ba2000 rw-p 00000000 00:00 0                                  [heap]
402aa000-4034a000 rw-p 00000000 00:00 0 
415da000-415dc000 r-xs 00000000 08:03 262244                             /tmp/.gllZC9vQ (deleted)
c4800000-c7000000 rw-p 00000000 00:00 0 
c7000000-ec300000 ---p 00000000 00:00 0 
ec300000-ed700000 rw-p 00000000 00:00 0 
ed700000-100000000 ---p 00000000 00:00 0 
100000000-100260000 rw-p 00000000 00:00 0 
100260000-140000000 ---p 00000000 00:00 0 
7f5f2c000000-7f5f2c021000 rw-p 00000000 00:00 0 
7f5f2c021000-7f5f30000000 ---p 00000000 00:00 0 
7f5f33045000-7f5f33245000 rw-s 42a03000 00:06 517                        /dev/nvidiactl
7f5f33245000-7f5f33a46000 rw-p 00000000 00:00 0 
7f5f33a46000-7f5f33c46000 rw-s 6a1c2000 00:06 517                        /dev/nvidiactl
7f5f33c46000-7f5f33e06000 rw-p 00000000 00:00 0 
7f5f33e06000-7f5f33e46000 ---p 00000000 00:00 0 
7f5f33e46000-7f5f33e49000 ---p 00000000 00:00 0 
7f5f33e49000-7f5f33f47000 rw-p 00000000 00:00 0 
7f5f33f47000-7f5f34000000 r--p 00000000 08:03 1312293                    /usr/share/fonts/truetype/dejavu/DejaVuSans.ttf
7f5f34000000-7f5f34021000 rw-p 00000000 00:00 0 
7f5f34021000-7f5f38000000 ---p 00000000 00:00 0 
7f5f38000000-7f5f3850b000 rw-p 00000000 00:00 0 
7f5f3850b000-7f5f3c000000 ---p 00000000 00:00 0 
7f5f3c000000-7f5f3c021000 rw-p 00000000 00:00 0 
7f5f3c021000-7f5f40000000 ---p 00000000 00:00 0 
7f5f40000000-7f5f40022000 rw-p 00000000 00:00 0 
7f5f40022000-7f5f44000000 ---p 00000000 00:00 0 
7f5f44000000-7f5f44021000 rw-p 00000000 00:00 0 
7f5f44021000-7f5f48000000 ---p 00000000 00:00 0 
7f5f4800b000-7f5f4801f000 r--p 00000000 08:03 2493785                    /usr/lib/jvm/java-8-oracle/jre/lib/fonts/LucidaBrightItalic.ttf
7f5f4801f000-7f5f48074000 r--p 00000000 08:03 2493784                    /usr/lib/jvm/java-8-oracle/jre/lib/fonts/LucidaBrightRegular.ttf
7f5f48074000-7f5f4811f000 r--p 00000000 08:03 2493781                    /usr/lib/jvm/java-8-oracle/jre/lib/fonts/LucidaSansRegular.ttf
7f5f4811f000-7f5f48132000 r--p 00000000 08:03 2493789                    /usr/lib/jvm/java-8-oracle/jre/lib/fonts/LucidaBrightDemiItalic.ttf
7f5f48132000-7f5f4816c000 r--p 00000000 08:03 2493783                    /usr/lib/jvm/java-8-oracle/jre/lib/fonts/LucidaTypewriterBold.ttf
7f5f4816c000-7f5f4817f000 r--p 00000000 08:03 2493782                    /usr/lib/jvm/java-8-oracle/jre/lib/fonts/LucidaBrightDemiBold.ttf
7f5f4817f000-7f5f481bb000 r--p 00000000 08:03 2493787                    /usr/lib/jvm/java-8-oracle/jre/lib/fonts/LucidaTypewriterRegular.ttf
7f5f481bb000-7f5f48209000 r--p 00000000 08:03 2493788                    /usr/lib/jvm/java-8-oracle/jre/lib/fonts/LucidaSansDemiBold.ttf
7f5f48209000-7f5f4820d000 r-xp 00000000 08:03 2493730                    /usr/lib/jvm/java-8-oracle/jre/lib/amd64/libjavafx_font_pango.so
7f5f4820d000-7f5f4840c000 ---p 00004000 08:03 2493730                    /usr/lib/jvm/java-8-oracle/jre/lib/amd64/libjavafx_font_pango.so
7f5f4840c000-7f5f4840d000 rw-p 00003000 08:03 2493730                    /usr/lib/jvm/java-8-oracle/jre/lib/amd64/libjavafx_font_pango.so
7f5f4840d000-7f5f48412000 r--s 00084000 08:03 2493792                    /usr/lib/jvm/java-8-oracle/jre/lib/jfr.jar
7f5f48412000-7f5f48612000 rw-p 00000000 00:00 0 
7f5f48612000-7f5f4861d000 r--s 00000000 08:03 664008                     /var/cache/fontconfig/945677eb7aeaf62f1d50efc3fb3ec7d8-le64.cache-6
7f5f4861d000-7f5f48623000 r--s 00000000 08:03 664037                     /var/cache/fontconfig/2cd17615ca594fa2959ae173292e504c-le64.cache-6
7f5f48623000-7f5f48624000 r--s 00000000 08:03 664036                     /var/cache/fontconfig/0d8c3b2ac0904cb8a57a757ad11a4a08-le64.cache-6
7f5f48624000-7f5f48639000 r--s 00000000 08:03 664034                     /var/cache/fontconfig/04aabc0a78ac019cf9454389977116d2-le64.cache-6
7f5f48639000-7f5f4863a000 r--s 00000000 08:03 664033                     /var/cache/fontconfig/1ac9eb803944fde146138c791f5cc56a-le64.cache-6
7f5f4863a000-7f5f4863e000 r--s 00000000 08:03 664032                     /var/cache/fontconfig/385c0604a188198f04d133e54aba7fe7-le64.cache-6
7f5f4863e000-7f5f4863f000 r--s 00000000 08:03 664030                     /var/cache/fontconfig/dc05db6664285cc2f12bf69c139ae4c3-le64.cache-6
7f5f4863f000-7f5f48642000 r--s 00000000 08:03 664029                     /var/cache/fontconfig/767a8244fc0220cfb567a839d0392e0b-le64.cache-6
7f5f48642000-7f5f48643000 r--s 00000000 08:03 664027                     /var/cache/fontconfig/4794a0821666d79190d59a36cb4f44b5-le64.cache-6
7f5f48643000-7f5f48648000 r--s 00000000 08:03 664018                     /var/cache/fontconfig/8801497958630a81b71ace7c5f9b32a8-le64.cache-6
7f5f48648000-7f5f48649000 r--s 00000000 08:03 664017                     /var/cache/fontconfig/bab58bb527bb656aaa9f116d68a48d89-le64.cache-6
7f5f48649000-7f5f48650000 r--s 00000000 08:03 664015                     /var/cache/fontconfig/3047814df9a2f067bd2d96a2b9c36e5a-le64.cache-6
7f5f48650000-7f5f48651000 r--s 00000000 08:03 664014                     /var/cache/fontconfig/56cf4f4769d0f4abc89a4895d7bd3ae1-le64.cache-6
7f5f48651000-7f5f48652000 r--s 00000000 08:03 664012                     /var/cache/fontconfig/b9d506c9ac06c20b433354fa67a72993-le64.cache-6
7f5f48652000-7f5f48658000 r--s 00000000 08:03 664011                     /var/cache/fontconfig/b47c4e1ecd0709278f4910c18777a504-le64.cache-6
7f5f48658000-7f5f4866b000 r--s 00000000 08:03 664009                     /var/cache/fontconfig/d52a8644073d54c13679302ca1180695-le64.cache-6
7f5f4866b000-7f5f48670000 r-xp 00000000 08:03 2493726                    /usr/lib/jvm/java-8-oracle/jre/lib/amd64/libjavafx_font_freetype.so
7f5f48670000-7f5f4886f000 ---p 00005000 08:03 2493726                    /usr/lib/jvm/java-8-oracle/jre/lib/amd64/libjavafx_font_freetype.so
7f5f4886f000-7f5f48870000 rw-p 00004000 08:03 2493726                    /usr/lib/jvm/java-8-oracle/jre/lib/amd64/libjavafx_font_freetype.so
7f5f48870000-7f5f48873000 r-xp 00000000 08:03 2493688                    /usr/lib/jvm/java-8-oracle/jre/lib/amd64/libjavafx_font.so
7f5f48873000-7f5f48a72000 ---p 00003000 08:03 2493688                    /usr/lib/jvm/java-8-oracle/jre/lib/amd64/libjavafx_font.so
7f5f48a72000-7f5f48a73000 rw-p 00002000 08:03 2493688                    /usr/lib/jvm/java-8-oracle/jre/lib/amd64/libjavafx_font.so
7f5f48a73000-7f5f48c73000 rw-p 00000000 00:00 0 
7f5f48c73000-7f5f48c76000 ---p 00000000 00:00 0 
7f5f48c76000-7f5f48d74000 rw-p 00000000 00:00 0 
7f5f48d74000-7f5f48d77000 ---p 00000000 00:00 0 
7f5f48d77000-7f5f48e75000 rw-p 00000000 00:00 0 
7f5f48e75000-7f5f48e76000 ---p 00000000 00:00 0 
7f5f48e76000-7f5f49676000 rw-p 00000000 00:00 0 
7f5f49676000-7f5f49677000 ---p 00000000 00:00 0 
7f5f49677000-7f5f49e77000 rw-p 00000000 00:00 0 
7f5f49e77000-7f5f49e78000 ---p 00000000 00:00 0 
7f5f49e78000-7f5f4a678000 rw-p 00000000 00:00 0 
7f5f4a678000-7f5f4a683000 r-xp 00000000 08:03 657319                     /usr/lib/x86_64-linux-gnu/gio/modules/libdconfsettings.so
7f5f4a683000-7f5f4a883000 ---p 0000b000 08:03 657319                     /usr/lib/x86_64-linux-gnu/gio/modules/libdconfsettings.so
7f5f4a883000-7f5f4a884000 r--p 0000b000 08:03 657319                     /usr/lib/x86_64-linux-gnu/gio/modules/libdconfsettings.so
7f5f4a884000-7f5f4a885000 rw-p 0000c000 08:03 657319                     /usr/lib/x86_64-linux-gnu/gio/modules/libdconfsettings.so
7f5f4a885000-7f5f4a8cd000 r--p 00000000 08:03 1312548                    /usr/share/glib-2.0/schemas/gschemas.compiled
7f5f4a8cd000-7f5f4a8d4000 r-xp 00000000 08:03 403656                     /usr/lib/x86_64-linux-gnu/libogg.so.0.8.2
7f5f4a8d4000-7f5f4aad4000 ---p 00007000 08:03 403656                     /usr/lib/x86_64-linux-gnu/libogg.so.0.8.2
7f5f4aad4000-7f5f4aad5000 r--p 00007000 08:03 403656                     /usr/lib/x86_64-linux-gnu/libogg.so.0.8.2
7f5f4aad5000-7f5f4aad6000 rw-p 00008000 08:03 403656                     /usr/lib/x86_64-linux-gnu/libogg.so.0.8.2
7f5f4aad6000-7f5f4ab00000 r-xp 00000000 08:03 404005                     /usr/lib/x86_64-linux-gnu/libvorbis.so.0.4.8
7f5f4ab00000-7f5f4ad00000 ---p 0002a000 08:03 404005                     /usr/lib/x86_64-linux-gnu/libvorbis.so.0.4.8
7f5f4ad00000-7f5f4ad01000 r--p 0002a000 08:03 404005                     /usr/lib/x86_64-linux-gnu/libvorbis.so.0.4.8
7f5f4ad01000-7f5f4ad02000 rw-p 0002b000 08:03 404005                     /usr/lib/x86_64-linux-gnu/libvorbis.so.0.4.8
7f5f4ad02000-7f5f4ad0b000 r-xp 00000000 08:03 403523                     /usr/lib/x86_64-linux-gnu/libltdl.so.7.3.1
7f5f4ad0b000-7f5f4af0a000 ---p 00009000 08:03 403523                     /usr/lib/x86_64-linux-gnu/libltdl.so.7.3.1
7f5f4af0a000-7f5f4af0b000 r--p 00008000 08:03 403523                     /usr/lib/x86_64-linux-gnu/libltdl.so.7.3.1
7f5f4af0b000-7f5f4af0c000 rw-p 00009000 08:03 403523                     /usr/lib/x86_64-linux-gnu/libltdl.so.7.3.1
7f5f4af0c000-7f5f4af20000 r-xp 00000000 08:03 403898                     /usr/lib/x86_64-linux-gnu/libtdb.so.1.3.8
7f5f4af20000-7f5f4b11f000 ---p 00014000 08:03 403898                     /usr/lib/x86_64-linux-gnu/libtdb.so.1.3.8
7f5f4b11f000-7f5f4b120000 r--p 00013000 08:03 403898                     /usr/lib/x86_64-linux-gnu/libtdb.so.1.3.8
7f5f4b120000-7f5f4b121000 rw-p 00014000 08:03 403898                     /usr/lib/x86_64-linux-gnu/libtdb.so.1.3.8
7f5f4b121000-7f5f4b128000 r-xp 00000000 08:03 404009                     /usr/lib/x86_64-linux-gnu/libvorbisfile.so.3.3.7
7f5f4b128000-7f5f4b328000 ---p 00007000 08:03 404009                     /usr/lib/x86_64-linux-gnu/libvorbisfile.so.3.3.7
7f5f4b328000-7f5f4b329000 r--p 00007000 08:03 404009                     /usr/lib/x86_64-linux-gnu/libvorbisfile.so.3.3.7
7f5f4b329000-7f5f4b32a000 rw-p 00008000 08:03 404009                     /usr/lib/x86_64-linux-gnu/libvorbisfile.so.3.3.7
7f5f4b32a000-7f5f4b33a000 r-xp 00000000 08:03 402920                     /usr/lib/x86_64-linux-gnu/libcanberra.so.0.2.5
7f5f4b33a000-7f5f4b539000 ---p 00010000 08:03 402920                     /usr/lib/x86_64-linux-gnu/libcanberra.so.0.2.5
7f5f4b539000-7f5f4b53a000 r--p 0000f000 08:03 402920                     /usr/lib/x86_64-linux-gnu/libcanberra.so.0.2.5
7f5f4b53a000-7f5f4b53b000 rw-p 00010000 08:03 402920                     /usr/lib/x86_64-linux-gnu/libcanberra.so.0.2.5
7f5f4b53b000-7f5f4b53f000 r-xp 00000000 08:03 402916                     /usr/lib/x86_64-linux-gnu/libcanberra-gtk.so.0.1.9
7f5f4b53f000-7f5f4b73e000 ---p 00004000 08:03 402916                     /usr/lib/x86_64-linux-gnu/libcanberra-gtk.so.0.1.9
7f5f4b73e000-7f5f4b73f000 r--p 00003000 08:03 402916                     /usr/lib/x86_64-linux-gnu/libcanberra-gtk.so.0.1.9
7f5f4b73f000-7f5f4b740000 rw-p 00004000 08:03 402916                     /usr/lib/x86_64-linux-gnu/libcanberra-gtk.so.0.1.9
7f5f4b740000-7f5f4b745000 r-xp 00000000 08:03 657534                     /usr/lib/x86_64-linux-gnu/gtk-2.0/modules/libcanberra-gtk-module.so
7f5f4b745000-7f5f4b944000 ---p 00005000 08:03 657534                     /usr/lib/x86_64-linux-gnu/gtk-2.0/modules/libcanberra-gtk-module.so
7f5f4b944000-7f5f4b945000 r--p 00004000 08:03 657534                     /usr/lib/x86_64-linux-gnu/gtk-2.0/modules/libcanberra-gtk-module.so
7f5f4b945000-7f5f4b946000 rw-p 00005000 08:03 657534                     /usr/lib/x86_64-linux-gnu/gtk-2.0/modules/libcanberra-gtk-module.so
7f5f4b946000-7f5f4b976000 r-xp 00000000 08:03 657346                     /usr/lib/x86_64-linux-gnu/gtk-2.0/2.10.0/engines/libmurrine.so
7f5f4b976000-7f5f4bb76000 ---p 00030000 08:03 657346                     /usr/lib/x86_64-linux-gnu/gtk-2.0/2.10.0/engines/libmurrine.so
7f5f4bb76000-7f5f4bb77000 r--p 00030000 08:03 657346                     /usr/lib/x86_64-linux-gnu/gtk-2.0/2.10.0/engines/libmurrine.so
7f5f4bb77000-7f5f4bb78000 rw-p 00031000 08:03 657346                     /usr/lib/x86_64-linux-gnu/gtk-2.0/2.10.0/engines/libmurrine.so
7f5f4bb78000-7f5f4bb88000 r-xp 00000000 08:03 403954                     /usr/lib/x86_64-linux-gnu/libunity-gtk2-parser.so.0.0.0
7f5f4bb88000-7f5f4bd88000 ---p 00010000 08:03 403954                     /usr/lib/x86_64-linux-gnu/libunity-gtk2-parser.so.0.0.0
7f5f4bd88000-7f5f4bd89000 r--p 00010000 08:03 403954                     /usr/lib/x86_64-linux-gnu/libunity-gtk2-parser.so.0.0.0
7f5f4bd89000-7f5f4bd8a000 rw-p 00011000 08:03 403954                     /usr/lib/x86_64-linux-gnu/libunity-gtk2-parser.so.0.0.0
7f5f4bd8a000-7f5f4bd8f000 r-xp 00000000 08:03 657538                     /usr/lib/x86_64-linux-gnu/gtk-2.0/modules/libunity-gtk-module.so
7f5f4bd8f000-7f5f4bf8e000 ---p 00005000 08:03 657538                     /usr/lib/x86_64-linux-gnu/gtk-2.0/modules/libunity-gtk-module.so
7f5f4bf8e000-7f5f4bf8f000 r--p 00004000 08:03 657538                     /usr/lib/x86_64-linux-gnu/gtk-2.0/modules/libunity-gtk-module.so
7f5f4bf8f000-7f5f4bf90000 rw-p 00005000 08:03 657538                     /usr/lib/x86_64-linux-gnu/gtk-2.0/modules/libunity-gtk-module.so
7f5f4bf90000-7f5f4bfa2000 r-xp 00000000 08:03 1840172                    /lib/x86_64-linux-gnu/libgpg-error.so.0.17.0
7f5f4bfa2000-7f5f4c1a2000 ---p 00012000 08:03 1840172                    /lib/x86_64-linux-gnu/libgpg-error.so.0.17.0
7f5f4c1a2000-7f5f4c1a3000 r--p 00012000 08:03 1840172                    /lib/x86_64-linux-gnu/libgpg-error.so.0.17.0
7f5f4c1a3000-7f5f4c1a4000 rw-p 00013000 08:03 1840172                    /lib/x86_64-linux-gnu/libgpg-error.so.0.17.0
7f5f4c1a4000-7f5f4c27c000 r-xp 00000000 08:03 1839881                    /lib/x86_64-linux-gnu/libgcrypt.so.20.0.5
7f5f4c27c000-7f5f4c47b000 ---p 000d8000 08:03 1839881                    /lib/x86_64-linux-gnu/libgcrypt.so.20.0.5
7f5f4c47b000-7f5f4c47c000 r--p 000d7000 08:03 1839881                    /lib/x86_64-linux-gnu/libgcrypt.so.20.0.5
7f5f4c47c000-7f5f4c484000 rw-p 000d8000 08:03 1839881                    /lib/x86_64-linux-gnu/libgcrypt.so.20.0.5
7f5f4c484000-7f5f4c485000 rw-p 00000000 00:00 0 
7f5f4c485000-7f5f4c4a6000 r-xp 00000000 08:03 1840195                    /lib/x86_64-linux-gnu/liblzma.so.5.0.0
7f5f4c4a6000-7f5f4c6a5000 ---p 00021000 08:03 1840195                    /lib/x86_64-linux-gnu/liblzma.so.5.0.0
7f5f4c6a5000-7f5f4c6a6000 r--p 00020000 08:03 1840195                    /lib/x86_64-linux-gnu/liblzma.so.5.0.0
7f5f4c6a6000-7f5f4c6a7000 rw-p 00021000 08:03 1840195                    /lib/x86_64-linux-gnu/liblzma.so.5.0.0
7f5f4c6a7000-7f5f4c727000 r-xp 00000000 08:03 1836670                    /lib/x86_64-linux-gnu/libsystemd.so.0.14.0
7f5f4c727000-7f5f4c72a000 r--p 0007f000 08:03 1836670                    /lib/x86_64-linux-gnu/libsystemd.so.0.14.0
7f5f4c72a000-7f5f4c72b000 rw-p 00082000 08:03 1836670                    /lib/x86_64-linux-gnu/libsystemd.so.0.14.0
7f5f4c72b000-7f5f4c72c000 rw-p 00000000 00:00 0 
7f5f4c72c000-7f5f4c776000 r-xp 00000000 08:03 1839804                    /lib/x86_64-linux-gnu/libdbus-1.so.3.14.6
7f5f4c776000-7f5f4c976000 ---p 0004a000 08:03 1839804                    /lib/x86_64-linux-gnu/libdbus-1.so.3.14.6
7f5f4c976000-7f5f4c977000 r--p 0004a000 08:03 1839804                    /lib/x86_64-linux-gnu/libdbus-1.so.3.14.6
7f5f4c977000-7f5f4c978000 rw-p 0004b000 08:03 1839804                    /lib/x86_64-linux-gnu/libdbus-1.so.3.14.6
7f5f4c978000-7f5f4c9a4000 r-xp 00000000 08:03 402862                     /usr/lib/x86_64-linux-gnu/libatspi.so.0.0.1
7f5f4c9a4000-7f5f4cba3000 ---p 0002c000 08:03 402862                     /usr/lib/x86_64-linux-gnu/libatspi.so.0.0.1
7f5f4cba3000-7f5f4cba6000 r--p 0002b000 08:03 402862                     /usr/lib/x86_64-linux-gnu/libatspi.so.0.0.1
7f5f4cba6000-7f5f4cba7000 rw-p 0002e000 08:03 402862                     /usr/lib/x86_64-linux-gnu/libatspi.so.0.0.1
7f5f4cba7000-7f5f4cbd4000 r-xp 00000000 08:03 402856                     /usr/lib/x86_64-linux-gnu/libatk-bridge-2.0.so.0.0.0
7f5f4cbd4000-7f5f4cdd3000 ---p 0002d000 08:03 402856                     /usr/lib/x86_64-linux-gnu/libatk-bridge-2.0.so.0.0.0
7f5f4cdd3000-7f5f4cdd4000 r--p 0002c000 08:03 402856                     /usr/lib/x86_64-linux-gnu/libatk-bridge-2.0.so.0.0.0
7f5f4cdd4000-7f5f4cdd6000 rw-p 0002d000 08:03 402856                     /usr/lib/x86_64-linux-gnu/libatk-bridge-2.0.so.0.0.0
7f5f4cdd6000-7f5f4cdd7000 r-xp 00000000 08:03 657533                     /usr/lib/x86_64-linux-gnu/gtk-2.0/modules/libatk-bridge.so
7f5f4cdd7000-7f5f4cfd6000 ---p 00001000 08:03 657533                     /usr/lib/x86_64-linux-gnu/gtk-2.0/modules/libatk-bridge.so
7f5f4cfd6000-7f5f4cfd7000 r--p 00000000 08:03 657533                     /usr/lib/x86_64-linux-gnu/gtk-2.0/modules/libatk-bridge.so
7f5f4cfd7000-7f5f4cfd8000 rw-p 00001000 08:03 657533                     /usr/lib/x86_64-linux-gnu/gtk-2.0/modules/libatk-bridge.so
7f5f4cfd8000-7f5f4cfdf000 r-xp 00000000 08:03 403191                     /usr/lib/x86_64-linux-gnu/libgailutil.so.18.0.1
7f5f4cfdf000-7f5f4d1de000 ---p 00007000 08:03 403191                     /usr/lib/x86_64-linux-gnu/libgailutil.so.18.0.1
7f5f4d1de000-7f5f4d1df000 r--p 00006000 08:03 403191                     /usr/lib/x86_64-linux-gnu/libgailutil.so.18.0.1
7f5f4d1df000-7f5f4d1e0000 rw-p 00007000 08:03 403191                     /usr/lib/x86_64-linux-gnu/libgailutil.so.18.0.1
7f5f4d1e0000-7f5f4d1e1000 r--s 00000000 08:03 664007                     /var/cache/fontconfig/551ecf3b0e8b0bca0f25c0944f561853-le64.cache-6
7f5f4d1e1000-7f5f4d1e5000 r--s 00000000 08:03 664006                     /var/cache/fontconfig/d589a48862398ed80a3d6066f4f56f4c-le64.cache-6
7f5f4d1e5000-7f5f4d1f0000 r--s 00000000 08:03 663991                     /var/cache/fontconfig/83bf95040141907cd45bb53cf7c1c148-le64.cache-6
7f5f4d1f0000-7f5f4d202000 r--s 00000000 08:03 663987                     /var/cache/fontconfig/9b89f8e3dae116d678bbf48e5f21f69b-le64.cache-6
7f5f4d202000-7f5f4d250000 r-xp 00000000 08:03 657536                     /usr/lib/x86_64-linux-gnu/gtk-2.0/modules/libgail.so
7f5f4d250000-7f5f4d44f000 ---p 0004e000 08:03 657536                     /usr/lib/x86_64-linux-gnu/gtk-2.0/modules/libgail.so
7f5f4d44f000-7f5f4d450000 r--p 0004d000 08:03 657536                     /usr/lib/x86_64-linux-gnu/gtk-2.0/modules/libgail.so
7f5f4d450000-7f5f4d452000 rw-p 0004e000 08:03 657536                     /usr/lib/x86_64-linux-gnu/gtk-2.0/modules/libgail.so
7f5f4d452000-7f5f4d463000 r-xp 00000000 08:03 657537                     /usr/lib/x86_64-linux-gnu/gtk-2.0/modules/liboverlay-scrollbar.so
7f5f4d463000-7f5f4d663000 ---p 00011000 08:03 657537                     /usr/lib/x86_64-linux-gnu/gtk-2.0/modules/liboverlay-scrollbar.so
7f5f4d663000-7f5f4d664000 r--p 00011000 08:03 657537                     /usr/lib/x86_64-linux-gnu/gtk-2.0/modules/liboverlay-scrollbar.so
7f5f4d664000-7f5f4d665000 rw-p 00012000 08:03 657537                     /usr/lib/x86_64-linux-gnu/gtk-2.0/modules/liboverlay-scrollbar.so
7f5f4d665000-7f5f4d68e000 r-xp 00000000 08:03 2493738                    /usr/lib/jvm/java-8-oracle/jre/lib/amd64/libglass.so
7f5f4d68e000-7f5f4d88d000 ---p 00029000 08:03 2493738                    /usr/lib/jvm/java-8-oracle/jre/lib/amd64/libglass.so
7f5f4d88d000-7f5f4d890000 rw-p 00028000 08:03 2493738                    /usr/lib/jvm/java-8-oracle/jre/lib/amd64/libglass.so
7f5f4d890000-7f5f4d910000 rw-s 1455aa000 00:06 517                       /dev/nvidiactl
7f5f4d910000-7f5f4d990000 rw-s 0ae43000 00:06 517                        /dev/nvidiactl
7f5f4d990000-7f5f4da10000 rw-s 069ec000 00:06 517                        /dev/nvidiactl
7f5f4da10000-7f5f4db10000 rw-s 0ae04000 00:06 517                        /dev/nvidiactl
7f5f4db10000-7f5f4db30000 rw-s a0120000 00:06 553                        /dev/nvidia0
7f5f4db30000-7f5f4db70000 rw-s 38b88000 00:06 517                        /dev/nvidiactl
7f5f4db70000-7f5f4db90000 rw-s 464b1000 00:06 517                        /dev/nvidiactl
7f5f4db90000-7f5f4dbd0000 rw-s 07c1e000 00:06 517                        /dev/nvidiactl
7f5f4dbd0000-7f5f4dbf0000 rw-s 38bd5000 00:06 517                        /dev/nvidiactl
7f5f4dbf0000-7f5f4ef89000 r-xp 00000000 08:03 397054                     /usr/lib/nvidia-367/libnvidia-glcore.so.367.57
7f5f4ef89000-7f5f4efa9000 rwxp 01399000 08:03 397054                     /usr/lib/nvidia-367/libnvidia-glcore.so.367.57
7f5f4efa9000-7f5f4f34a000 r-xp 013b9000 08:03 397054                     /usr/lib/nvidia-367/libnvidia-glcore.so.367.57
7f5f4f34a000-7f5f4f549000 ---p 0175a000 08:03 397054                     /usr/lib/nvidia-367/libnvidia-glcore.so.367.57
7f5f4f549000-7f5f4f911000 rw-p 01759000 08:03 397054                     /usr/lib/nvidia-367/libnvidia-glcore.so.367.57
7f5f4f911000-7f5f4f929000 rw-p 00000000 00:00 0 
7f5f4f929000-7f5f4f92c000 r-xp 00000000 08:03 397058                     /usr/lib/nvidia-367/tls/libnvidia-tls.so.367.57
7f5f4f92c000-7f5f4fb2c000 ---p 00003000 08:03 397058                     /usr/lib/nvidia-367/tls/libnvidia-tls.so.367.57
7f5f4fb2c000-7f5f4fb2d000 rw-p 00003000 08:03 397058                     /usr/lib/nvidia-367/tls/libnvidia-tls.so.367.57
7f5f4fb2d000-7f5f4fbf5000 r-xp 00000000 08:03 397034                     /usr/lib/nvidia-367/libGLX_nvidia.so.367.57
7f5f4fbf5000-7f5f4fc29000 rwxp 000c8000 08:03 397034                     /usr/lib/nvidia-367/libGLX_nvidia.so.367.57
7f5f4fc29000-7f5f4fc3c000 r-xp 000fc000 08:03 397034                     /usr/lib/nvidia-367/libGLX_nvidia.so.367.57
7f5f4fc3c000-7f5f4fe3c000 ---p 0010f000 08:03 397034                     /usr/lib/nvidia-367/libGLX_nvidia.so.367.57
7f5f4fe3c000-7f5f4fe64000 rw-p 0010f000 08:03 397034                     /usr/lib/nvidia-367/libGLX_nvidia.so.367.57
7f5f4fe64000-7f5f4fe6b000 rw-p 00000000 00:00 0 
7f5f4fe6b000-7f5f4fe71000 r-xp 00000000 08:03 403003                     /usr/lib/x86_64-linux-gnu/libdatrie.so.1.3.3
7f5f4fe71000-7f5f50071000 ---p 00006000 08:03 403003                     /usr/lib/x86_64-linux-gnu/libdatrie.so.1.3.3
7f5f50071000-7f5f50072000 r--p 00006000 08:03 403003                     /usr/lib/x86_64-linux-gnu/libdatrie.so.1.3.3
7f5f50072000-7f5f50073000 rw-p 00007000 08:03 403003                     /usr/lib/x86_64-linux-gnu/libdatrie.so.1.3.3
7f5f50073000-7f5f50078000 r-xp 00000000 08:03 402761                     /usr/lib/x86_64-linux-gnu/libXdmcp.so.6.0.0
7f5f50078000-7f5f50277000 ---p 00005000 08:03 402761                     /usr/lib/x86_64-linux-gnu/libXdmcp.so.6.0.0
7f5f50277000-7f5f50278000 r--p 00004000 08:03 402761                     /usr/lib/x86_64-linux-gnu/libXdmcp.so.6.0.0
7f5f50278000-7f5f50279000 rw-p 00005000 08:03 402761                     /usr/lib/x86_64-linux-gnu/libXdmcp.so.6.0.0
7f5f50279000-7f5f5027b000 r-xp 00000000 08:03 402750                     /usr/lib/x86_64-linux-gnu/libXau.so.6.0.0
7f5f5027b000-7f5f5047b000 ---p 00002000 08:03 402750                     /usr/lib/x86_64-linux-gnu/libXau.so.6.0.0
7f5f5047b000-7f5f5047c000 r--p 00002000 08:03 402750                     /usr/lib/x86_64-linux-gnu/libXau.so.6.0.0
7f5f5047c000-7f5f5047d000 rw-p 00003000 08:03 402750                     /usr/lib/x86_64-linux-gnu/libXau.so.6.0.0
7f5f5047d000-7f5f504a0000 r-xp 00000000 08:03 403307                     /usr/lib/x86_64-linux-gnu/libgraphite2.so.3.0.1
7f5f504a0000-7f5f5069f000 ---p 00023000 08:03 403307                     /usr/lib/x86_64-linux-gnu/libgraphite2.so.3.0.1
7f5f5069f000-7f5f506a1000 r--p 00022000 08:03 403307                     /usr/lib/x86_64-linux-gnu/libgraphite2.so.3.0.1
7f5f506a1000-7f5f506a2000 rw-p 00024000 08:03 403307                     /usr/lib/x86_64-linux-gnu/libgraphite2.so.3.0.1
7f5f506a2000-7f5f506f0000 r-xp 00000000 08:03 397050                     /usr/lib/nvidia-367/libGLdispatch.so.0
7f5f506f0000-7f5f50722000 r-xp 0004e000 08:03 397050                     /usr/lib/nvidia-367/libGLdispatch.so.0
7f5f50722000-7f5f5075c000 r-xp 00080000 08:03 397050                     /usr/lib/nvidia-367/libGLdispatch.so.0
7f5f5075c000-7f5f5095c000 ---p 000ba000 08:03 397050                     /usr/lib/nvidia-367/libGLdispatch.so.0
7f5f5095c000-7f5f5096b000 rw-p 000ba000 08:03 397050                     /usr/lib/nvidia-367/libGLdispatch.so.0
7f5f5096b000-7f5f5098b000 rw-p 00000000 00:00 0 
7f5f5098b000-7f5f5099b000 r-xp 00000000 08:03 397067                     /usr/lib/nvidia-367/libGLX.so.0
7f5f5099b000-7f5f50b9b000 ---p 00010000 08:03 397067                     /usr/lib/nvidia-367/libGLX.so.0
7f5f50b9b000-7f5f50b9c000 rw-p 00010000 08:03 397067                     /usr/lib/nvidia-367/libGLX.so.0
7f5f50b9c000-7f5f50bbc000 rw-p 00000000 00:00 0 
7f5f50bbc000-7f5f50c2a000 r-xp 00000000 08:03 1840257                    /lib/x86_64-linux-gnu/libpcre.so.3.13.2
7f5f50c2a000-7f5f50e2a000 ---p 0006e000 08:03 1840257                    /lib/x86_64-linux-gnu/libpcre.so.3.13.2
7f5f50e2a000-7f5f50e2b000 r--p 0006e000 08:03 1840257                    /lib/x86_64-linux-gnu/libpcre.so.3.13.2
7f5f50e2b000-7f5f50e2c000 rw-p 0006f000 08:03 1840257                    /lib/x86_64-linux-gnu/libpcre.so.3.13.2
7f5f50e2c000-7f5f50e33000 r-xp 00000000 08:03 403132                     /usr/lib/x86_64-linux-gnu/libffi.so.6.0.4
7f5f50e33000-7f5f51032000 ---p 00007000 08:03 403132                     /usr/lib/x86_64-linux-gnu/libffi.so.6.0.4
7f5f51032000-7f5f51033000 r--p 00006000 08:03 403132                     /usr/lib/x86_64-linux-gnu/libffi.so.6.0.4
7f5f51033000-7f5f51034000 rw-p 00007000 08:03 403132                     /usr/lib/x86_64-linux-gnu/libffi.so.6.0.4
7f5f51034000-7f5f5105a000 r-xp 00000000 08:03 1835072                    /lib/x86_64-linux-gnu/libexpat.so.1.6.0
7f5f5105a000-7f5f5125a000 ---p 00026000 08:03 1835072                    /lib/x86_64-linux-gnu/libexpat.so.1.6.0
7f5f5125a000-7f5f5125c000 r--p 00026000 08:03 1835072                    /lib/x86_64-linux-gnu/libexpat.so.1.6.0
7f5f5125c000-7f5f5125d000 rw-p 00028000 08:03 1835072                    /lib/x86_64-linux-gnu/libexpat.so.1.6.0
7f5f5125d000-7f5f51265000 r-xp 00000000 08:03 403906                     /usr/lib/x86_64-linux-gnu/libthai.so.0.2.4
7f5f51265000-7f5f51464000 ---p 00008000 08:03 403906                     /usr/lib/x86_64-linux-gnu/libthai.so.0.2.4
7f5f51464000-7f5f51465000 r--p 00007000 08:03 403906                     /usr/lib/x86_64-linux-gnu/libthai.so.0.2.4
7f5f51465000-7f5f51466000 rw-p 00008000 08:03 403906                     /usr/lib/x86_64-linux-gnu/libthai.so.0.2.4
7f5f51466000-7f5f51487000 r-xp 00000000 08:03 404128                     /usr/lib/x86_64-linux-gnu/libxcb.so.1.1.0
7f5f51487000-7f5f51686000 ---p 00021000 08:03 404128                     /usr/lib/x86_64-linux-gnu/libxcb.so.1.1.0
7f5f51686000-7f5f51687000 r--p 00020000 08:03 404128                     /usr/lib/x86_64-linux-gnu/libxcb.so.1.1.0
7f5f51687000-7f5f51688000 rw-p 00021000 08:03 404128                     /usr/lib/x86_64-linux-gnu/libxcb.so.1.1.0
7f5f51688000-7f5f51690000 r-xp 00000000 08:03 404114                     /usr/lib/x86_64-linux-gnu/libxcb-render.so.0.0.0
7f5f51690000-7f5f51890000 ---p 00008000 08:03 404114                     /usr/lib/x86_64-linux-gnu/libxcb-render.so.0.0.0
7f5f51890000-7f5f51891000 r--p 00008000 08:03 404114                     /usr/lib/x86_64-linux-gnu/libxcb-render.so.0.0.0
7f5f51891000-7f5f51892000 rw-p 00009000 08:03 404114                     /usr/lib/x86_64-linux-gnu/libxcb-render.so.0.0.0
7f5f51892000-7f5f51894000 r-xp 00000000 08:03 404118                     /usr/lib/x86_64-linux-gnu/libxcb-shm.so.0.0.0
7f5f51894000-7f5f51a94000 ---p 00002000 08:03 404118                     /usr/lib/x86_64-linux-gnu/libxcb-shm.so.0.0.0
7f5f51a94000-7f5f51a95000 r--p 00002000 08:03 404118                     /usr/lib/x86_64-linux-gnu/libxcb-shm.so.0.0.0
7f5f51a95000-7f5f51a96000 rw-p 00003000 08:03 404118                     /usr/lib/x86_64-linux-gnu/libxcb-shm.so.0.0.0
7f5f51a96000-7f5f51aba000 r-xp 00000000 08:03 1840269                    /lib/x86_64-linux-gnu/libpng12.so.0.54.0
7f5f51aba000-7f5f51cb9000 ---p 00024000 08:03 1840269                    /lib/x86_64-linux-gnu/libpng12.so.0.54.0
7f5f51cb9000-7f5f51cba000 r--p 00023000 08:03 1840269                    /lib/x86_64-linux-gnu/libpng12.so.0.54.0
7f5f51cba000-7f5f51cbb000 rw-p 00024000 08:03 1840269                    /lib/x86_64-linux-gnu/libpng12.so.0.54.0
7f5f51cbb000-7f5f51d5a000 r-xp 00000000 08:03 403711                     /usr/lib/x86_64-linux-gnu/libpixman-1.so.0.33.6
7f5f51d5a000-7f5f51f5a000 ---p 0009f000 08:03 403711                     /usr/lib/x86_64-linux-gnu/libpixman-1.so.0.33.6
7f5f51f5a000-7f5f51f62000 r--p 0009f000 08:03 403711                     /usr/lib/x86_64-linux-gnu/libpixman-1.so.0.33.6
7f5f51f62000-7f5f51f63000 rw-p 000a7000 08:03 403711                     /usr/lib/x86_64-linux-gnu/libpixman-1.so.0.33.6
7f5f51f63000-7f5f51fbf000 r-xp 00000000 08:03 395340                     /usr/lib/x86_64-linux-gnu/libharfbuzz.so.0.10000.1
7f5f51fbf000-7f5f521bf000 ---p 0005c000 08:03 395340                     /usr/lib/x86_64-linux-gnu/libharfbuzz.so.0.10000.1
7f5f521bf000-7f5f521c0000 r--p 0005c000 08:03 395340                     /usr/lib/x86_64-linux-gnu/libharfbuzz.so.0.10000.1
7f5f521c0000-7f5f521c1000 rw-p 0005d000 08:03 395340                     /usr/lib/x86_64-linux-gnu/libharfbuzz.so.0.10000.1
7f5f521c1000-7f5f521d8000 r-xp 00000000 08:03 1848112                    /lib/x86_64-linux-gnu/libresolv-2.23.so
7f5f521d8000-7f5f523d8000 ---p 00017000 08:03 1848112                    /lib/x86_64-linux-gnu/libresolv-2.23.so
7f5f523d8000-7f5f523d9000 r--p 00017000 08:03 1848112                    /lib/x86_64-linux-gnu/libresolv-2.23.so
7f5f523d9000-7f5f523da000 rw-p 00018000 08:03 1848112                    /lib/x86_64-linux-gnu/libresolv-2.23.so
7f5f523da000-7f5f523dc000 rw-p 00000000 00:00 0 
7f5f523dc000-7f5f523fb000 r-xp 00000000 08:03 1840286                    /lib/x86_64-linux-gnu/libselinux.so.1
7f5f523fb000-7f5f525fa000 ---p 0001f000 08:03 1840286                    /lib/x86_64-linux-gnu/libselinux.so.1
7f5f525fa000-7f5f525fb000 r--p 0001e000 08:03 1840286                    /lib/x86_64-linux-gnu/libselinux.so.1
7f5f525fb000-7f5f525fc000 rw-p 0001f000 08:03 1840286                    /lib/x86_64-linux-gnu/libselinux.so.1
7f5f525fc000-7f5f525fe000 rw-p 00000000 00:00 0 
7f5f525fe000-7f5f52617000 r-xp 00000000 08:03 1840319                    /lib/x86_64-linux-gnu/libz.so.1.2.8
7f5f52617000-7f5f52816000 ---p 00019000 08:03 1840319                    /lib/x86_64-linux-gnu/libz.so.1.2.8
7f5f52816000-7f5f52817000 r--p 00018000 08:03 1840319                    /lib/x86_64-linux-gnu/libz.so.1.2.8
7f5f52817000-7f5f52818000 rw-p 00019000 08:03 1840319                    /lib/x86_64-linux-gnu/libz.so.1.2.8
7f5f52818000-7f5f52829000 r-xp 00000000 08:03 402763                     /usr/lib/x86_64-linux-gnu/libXext.so.6.4.0
7f5f52829000-7f5f52a28000 ---p 00011000 08:03 402763                     /usr/lib/x86_64-linux-gnu/libXext.so.6.4.0
7f5f52a28000-7f5f52a29000 r--p 00010000 08:03 402763                     /usr/lib/x86_64-linux-gnu/libXext.so.6.4.0
7f5f52a29000-7f5f52a2a000 rw-p 00011000 08:03 402763                     /usr/lib/x86_64-linux-gnu/libXext.so.6.4.0
7f5f52a2a000-7f5f52a2c000 r-xp 00000000 08:03 402759                     /usr/lib/x86_64-linux-gnu/libXdamage.so.1.1.0
7f5f52a2c000-7f5f52c2b000 ---p 00002000 08:03 402759                     /usr/lib/x86_64-linux-gnu/libXdamage.so.1.1.0
7f5f52c2b000-7f5f52c2c000 r--p 00001000 08:03 402759                     /usr/lib/x86_64-linux-gnu/libXdamage.so.1.1.0
7f5f52c2c000-7f5f52c2d000 rw-p 00002000 08:03 402759                     /usr/lib/x86_64-linux-gnu/libXdamage.so.1.1.0
7f5f52c2d000-7f5f52c2f000 r-xp 00000000 08:03 402755                     /usr/lib/x86_64-linux-gnu/libXcomposite.so.1.0.0
7f5f52c2f000-7f5f52e2e000 ---p 00002000 08:03 402755                     /usr/lib/x86_64-linux-gnu/libXcomposite.so.1.0.0
7f5f52e2e000-7f5f52e2f000 r--p 00001000 08:03 402755                     /usr/lib/x86_64-linux-gnu/libXcomposite.so.1.0.0
7f5f52e2f000-7f5f52e30000 rw-p 00002000 08:03 402755                     /usr/lib/x86_64-linux-gnu/libXcomposite.so.1.0.0
7f5f52e30000-7f5f52e39000 r-xp 00000000 08:03 402757                     /usr/lib/x86_64-linux-gnu/libXcursor.so.1.0.2
7f5f52e39000-7f5f53038000 ---p 00009000 08:03 402757                     /usr/lib/x86_64-linux-gnu/libXcursor.so.1.0.2
7f5f53038000-7f5f53039000 r--p 00008000 08:03 402757                     /usr/lib/x86_64-linux-gnu/libXcursor.so.1.0.2
7f5f53039000-7f5f5303a000 rw-p 00009000 08:03 402757                     /usr/lib/x86_64-linux-gnu/libXcursor.so.1.0.2
7f5f5303a000-7f5f53044000 r-xp 00000000 08:03 402781                     /usr/lib/x86_64-linux-gnu/libXrandr.so.2.2.0
7f5f53044000-7f5f53243000 ---p 0000a000 08:03 402781                     /usr/lib/x86_64-linux-gnu/libXrandr.so.2.2.0
7f5f53243000-7f5f53244000 r--p 00009000 08:03 402781                     /usr/lib/x86_64-linux-gnu/libXrandr.so.2.2.0
7f5f53244000-7f5f53245000 rw-p 0000a000 08:03 402781                     /usr/lib/x86_64-linux-gnu/libXrandr.so.2.2.0
7f5f53245000-7f5f53254000 r-xp 00000000 08:03 402771                     /usr/lib/x86_64-linux-gnu/libXi.so.6.1.0
7f5f53254000-7f5f53453000 ---p 0000f000 08:03 402771                     /usr/lib/x86_64-linux-gnu/libXi.so.6.1.0
7f5f53453000-7f5f53454000 r--p 0000e000 08:03 402771                     /usr/lib/x86_64-linux-gnu/libXi.so.6.1.0
7f5f53454000-7f5f53455000 rw-p 0000f000 08:03 402771                     /usr/lib/x86_64-linux-gnu/libXi.so.6.1.0
7f5f53455000-7f5f53457000 r-xp 00000000 08:03 402773                     /usr/lib/x86_64-linux-gnu/libXinerama.so.1.0.0
7f5f53457000-7f5f53656000 ---p 00002000 08:03 402773                     /usr/lib/x86_64-linux-gnu/libXinerama.so.1.0.0
7f5f53656000-7f5f53657000 r--p 00001000 08:03 402773                     /usr/lib/x86_64-linux-gnu/libXinerama.so.1.0.0
7f5f53657000-7f5f53658000 rw-p 00002000 08:03 402773                     /usr/lib/x86_64-linux-gnu/libXinerama.so.1.0.0
7f5f53658000-7f5f53661000 r-xp 00000000 08:03 402783                     /usr/lib/x86_64-linux-gnu/libXrender.so.1.3.0
7f5f53661000-7f5f53860000 ---p 00009000 08:03 402783                     /usr/lib/x86_64-linux-gnu/libXrender.so.1.3.0
7f5f53860000-7f5f53861000 r--p 00008000 08:03 402783                     /usr/lib/x86_64-linux-gnu/libXrender.so.1.3.0
7f5f53861000-7f5f53862000 rw-p 00009000 08:03 402783                     /usr/lib/x86_64-linux-gnu/libXrender.so.1.3.0
7f5f53862000-7f5f53867000 r-xp 00000000 08:03 402765                     /usr/lib/x86_64-linux-gnu/libXfixes.so.3.1.0
7f5f53867000-7f5f53a66000 ---p 00005000 08:03 402765                     /usr/lib/x86_64-linux-gnu/libXfixes.so.3.1.0
7f5f53a66000-7f5f53a67000 r--p 00004000 08:03 402765                     /usr/lib/x86_64-linux-gnu/libXfixes.so.3.1.0
7f5f53a67000-7f5f53a68000 rw-p 00005000 08:03 402765                     /usr/lib/x86_64-linux-gnu/libXfixes.so.3.1.0
7f5f53a68000-7f5f53a7e000 r-xp 00000000 08:03 1840166                    /lib/x86_64-linux-gnu/libgcc_s.so.1
7f5f53a7e000-7f5f53c7d000 ---p 00016000 08:03 1840166                    /lib/x86_64-linux-gnu/libgcc_s.so.1
7f5f53c7d000-7f5f53c7e000 rw-p 00015000 08:03 1840166                    /lib/x86_64-linux-gnu/libgcc_s.so.1
7f5f53c7e000-7f5f53df0000 r-xp 00000000 08:03 393289                     /usr/lib/x86_64-linux-gnu/libstdc++.so.6.0.21
7f5f53df0000-7f5f53ff0000 ---p 00172000 08:03 393289                     /usr/lib/x86_64-linux-gnu/libstdc++.so.6.0.21
7f5f53ff0000-7f5f53ffa000 r--p 00172000 08:03 393289                     /usr/lib/x86_64-linux-gnu/libstdc++.so.6.0.21
7f5f53ffa000-7f5f53ffc000 rw-p 0017c000 08:03 393289                     /usr/lib/x86_64-linux-gnu/libstdc++.so.6.0.21
7f5f53ffc000-7f5f54000000 rw-p 00000000 00:00 0 
7f5f54000000-7f5f542b5000 rw-p 00000000 00:00 0 
7f5f542b5000-7f5f58000000 ---p 00000000 00:00 0 
7f5f58000000-7f5f587fc000 rw-p 00000000 00:00 0 
7f5f587fc000-7f5f5c000000 ---p 00000000 00:00 0 
7f5f5c000000-7f5f5c021000 rw-p 00000000 00:00 0 
7f5f5c021000-7f5f60000000 ---p 00000000 00:00 0 
7f5f60000000-7f5f60021000 rw-p 00000000 00:00 0 
7f5f60021000-7f5f64000000 ---p 00000000 00:00 0 
7f5f64000000-7f5f64001000 r--s 00000000 08:03 664005                     /var/cache/fontconfig/30829fa25452a46451e813d634d7f916-le64.cache-6
7f5f64001000-7f5f64004000 r--s 00000000 08:03 663998                     /var/cache/fontconfig/75114ca45c98e8a441da0ff356701271-le64.cache-6
7f5f64004000-7f5f64011000 r--s 00000000 08:03 656609                     /var/cache/fontconfig/e13b20fdb08344e0e664864cc2ede53d-le64.cache-6
7f5f64011000-7f5f64015000 r--s 00000000 08:03 663970                     /var/cache/fontconfig/7ef2298fde41cc6eeb7af42e48b7d293-le64.cache-6
7f5f64015000-7f5f64055000 rw-s 07cd7000 00:06 517                        /dev/nvidiactl
7f5f64055000-7f5f64159000 rw-s 8e1b1000 00:06 517                        /dev/nvidiactl
7f5f64159000-7f5f6418a000 r-xp 00000000 08:03 397049                     /usr/lib/nvidia-367/libGL.so.1.0.0
7f5f6418a000-7f5f641bc000 r-xp 00031000 08:03 397049                     /usr/lib/nvidia-367/libGL.so.1.0.0
7f5f641bc000-7f5f641e6000 r-xp 00063000 08:03 397049                     /usr/lib/nvidia-367/libGL.so.1.0.0
7f5f641e6000-7f5f643e6000 ---p 0008d000 08:03 397049                     /usr/lib/nvidia-367/libGL.so.1.0.0
7f5f643e6000-7f5f643e7000 rw-p 0008d000 08:03 397049                     /usr/lib/nvidia-367/libGL.so.1.0.0
7f5f643e7000-7f5f643e8000 rw-p 00000000 00:00 0 
7f5f643e8000-7f5f643ed000 r-xp 00000000 08:03 402799                     /usr/lib/x86_64-linux-gnu/libXxf86vm.so.1.0.0
7f5f643ed000-7f5f645ec000 ---p 00005000 08:03 402799                     /usr/lib/x86_64-linux-gnu/libXxf86vm.so.1.0.0
7f5f645ec000-7f5f645ed000 r--p 00004000 08:03 402799                     /usr/lib/x86_64-linux-gnu/libXxf86vm.so.1.0.0
7f5f645ed000-7f5f645ee000 rw-p 00005000 08:03 402799                     /usr/lib/x86_64-linux-gnu/libXxf86vm.so.1.0.0
7f5f645ee000-7f5f64723000 r-xp 00000000 08:03 402746                     /usr/lib/x86_64-linux-gnu/libX11.so.6.3.0
7f5f64723000-7f5f64923000 ---p 00135000 08:03 402746                     /usr/lib/x86_64-linux-gnu/libX11.so.6.3.0
7f5f64923000-7f5f64924000 r--p 00135000 08:03 402746                     /usr/lib/x86_64-linux-gnu/libX11.so.6.3.0
7f5f64924000-7f5f64928000 rw-p 00136000 08:03 402746                     /usr/lib/x86_64-linux-gnu/libX11.so.6.3.0
7f5f64928000-7f5f6492d000 r-xp 00000000 08:03 402789                     /usr/lib/x86_64-linux-gnu/libXtst.so.6.1.0
7f5f6492d000-7f5f64b2c000 ---p 00005000 08:03 402789                     /usr/lib/x86_64-linux-gnu/libXtst.so.6.1.0
7f5f64b2c000-7f5f64b2d000 r--p 00004000 08:03 402789                     /usr/lib/x86_64-linux-gnu/libXtst.so.6.1.0
7f5f64b2d000-7f5f64b2e000 rw-p 00005000 08:03 402789                     /usr/lib/x86_64-linux-gnu/libXtst.so.6.1.0
7f5f64b2e000-7f5f64c3d000 r-xp 00000000 08:03 1835067                    /lib/x86_64-linux-gnu/libglib-2.0.so.0.4800.1
7f5f64c3d000-7f5f64e3c000 ---p 0010f000 08:03 1835067                    /lib/x86_64-linux-gnu/libglib-2.0.so.0.4800.1
7f5f64e3c000-7f5f64e3d000 r--p 0010e000 08:03 1835067                    /lib/x86_64-linux-gnu/libglib-2.0.so.0.4800.1
7f5f64e3d000-7f5f64e3e000 rw-p 0010f000 08:03 1835067                    /lib/x86_64-linux-gnu/libglib-2.0.so.0.4800.1
7f5f64e3e000-7f5f64e3f000 rw-p 00000000 00:00 0 
7f5f64e3f000-7f5f64e40000 r-xp 00000000 08:03 393610                     /usr/lib/x86_64-linux-gnu/libgthread-2.0.so.0.4800.1
7f5f64e40000-7f5f6503f000 ---p 00001000 08:03 393610                     /usr/lib/x86_64-linux-gnu/libgthread-2.0.so.0.4800.1
7f5f6503f000-7f5f65040000 r--p 00000000 08:03 393610                     /usr/lib/x86_64-linux-gnu/libgthread-2.0.so.0.4800.1
7f5f65040000-7f5f65041000 rw-p 00001000 08:03 393610                     /usr/lib/x86_64-linux-gnu/libgthread-2.0.so.0.4800.1
7f5f65041000-7f5f65044000 r-xp 00000000 08:03 393634                     /usr/lib/x86_64-linux-gnu/libgmodule-2.0.so.0.4800.1
7f5f65044000-7f5f65243000 ---p 00003000 08:03 393634                     /usr/lib/x86_64-linux-gnu/libgmodule-2.0.so.0.4800.1
7f5f65243000-7f5f65244000 r--p 00002000 08:03 393634                     /usr/lib/x86_64-linux-gnu/libgmodule-2.0.so.0.4800.1
7f5f65244000-7f5f65245000 rw-p 00003000 08:03 393634                     /usr/lib/x86_64-linux-gnu/libgmodule-2.0.so.0.4800.1
7f5f65245000-7f5f65297000 r-xp 00000000 08:03 393658                     /usr/lib/x86_64-linux-gnu/libgobject-2.0.so.0.4800.1
7f5f65297000-7f5f65496000 ---p 00052000 08:03 393658                     /usr/lib/x86_64-linux-gnu/libgobject-2.0.so.0.4800.1
7f5f65496000-7f5f65497000 r--p 00051000 08:03 393658                     /usr/lib/x86_64-linux-gnu/libgobject-2.0.so.0.4800.1
7f5f65497000-7f5f65498000 rw-p 00052000 08:03 393658                     /usr/lib/x86_64-linux-gnu/libgobject-2.0.so.0.4800.1
7f5f65498000-7f5f654d5000 r-xp 00000000 08:03 399237                     /usr/lib/x86_64-linux-gnu/libfontconfig.so.1.9.0
7f5f654d5000-7f5f656d4000 ---p 0003d000 08:03 399237                     /usr/lib/x86_64-linux-gnu/libfontconfig.so.1.9.0
7f5f656d4000-7f5f656d6000 r--p 0003c000 08:03 399237                     /usr/lib/x86_64-linux-gnu/libfontconfig.so.1.9.0
7f5f656d6000-7f5f656db000 rw-p 0003e000 08:03 399237                     /usr/lib/x86_64-linux-gnu/libfontconfig.so.1.9.0
7f5f656db000-7f5f6577f000 r-xp 00000000 08:03 403180                     /usr/lib/x86_64-linux-gnu/libfreetype.so.6.12.1
7f5f6577f000-7f5f6597e000 ---p 000a4000 08:03 403180                     /usr/lib/x86_64-linux-gnu/libfreetype.so.6.12.1
7f5f6597e000-7f5f65984000 r--p 000a3000 08:03 403180                     /usr/lib/x86_64-linux-gnu/libfreetype.so.6.12.1
7f5f65984000-7f5f65985000 rw-p 000a9000 08:03 403180                     /usr/lib/x86_64-linux-gnu/libfreetype.so.6.12.1
7f5f65985000-7f5f659ce000 r-xp 00000000 08:03 403681                     /usr/lib/x86_64-linux-gnu/libpango-1.0.so.0.3800.1
7f5f659ce000-7f5f65bce000 ---p 00049000 08:03 403681                     /usr/lib/x86_64-linux-gnu/libpango-1.0.so.0.3800.1
7f5f65bce000-7f5f65bd0000 r--p 00049000 08:03 403681                     /usr/lib/x86_64-linux-gnu/libpango-1.0.so.0.3800.1
7f5f65bd0000-7f5f65bd1000 rw-p 0004b000 08:03 403681                     /usr/lib/x86_64-linux-gnu/libpango-1.0.so.0.3800.1
7f5f65bd1000-7f5f65cdf000 r-xp 00000000 08:03 402910                     /usr/lib/x86_64-linux-gnu/libcairo.so.2.11400.6
7f5f65cdf000-7f5f65edf000 ---p 0010e000 08:03 402910                     /usr/lib/x86_64-linux-gnu/libcairo.so.2.11400.6
7f5f65edf000-7f5f65ee2000 r--p 0010e000 08:03 402910                     /usr/lib/x86_64-linux-gnu/libcairo.so.2.11400.6
7f5f65ee2000-7f5f65ee3000 rw-p 00111000 08:03 402910                     /usr/lib/x86_64-linux-gnu/libcairo.so.2.11400.6
7f5f65ee3000-7f5f65ee5000 rw-p 00000000 00:00 0 
7f5f65ee5000-7f5f65ef1000 r-xp 00000000 08:03 403683                     /usr/lib/x86_64-linux-gnu/libpangocairo-1.0.so.0.3800.1
7f5f65ef1000-7f5f660f0000 ---p 0000c000 08:03 403683                     /usr/lib/x86_64-linux-gnu/libpangocairo-1.0.so.0.3800.1
7f5f660f0000-7f5f660f1000 r--p 0000b000 08:03 403683                     /usr/lib/x86_64-linux-gnu/libpangocairo-1.0.so.0.3800.1
7f5f660f1000-7f5f660f2000 rw-p 0000c000 08:03 403683                     /usr/lib/x86_64-linux-gnu/libpangocairo-1.0.so.0.3800.1
7f5f660f2000-7f5f66113000 r-xp 00000000 08:03 393495                     /usr/lib/x86_64-linux-gnu/libgdk_pixbuf-2.0.so.0.3200.2
7f5f66113000-7f5f66312000 ---p 00021000 08:03 393495                     /usr/lib/x86_64-linux-gnu/libgdk_pixbuf-2.0.so.0.3200.2
7f5f66312000-7f5f66313000 r--p 00020000 08:03 393495                     /usr/lib/x86_64-linux-gnu/libgdk_pixbuf-2.0.so.0.3200.2
7f5f66313000-7f5f66314000 rw-p 00021000 08:03 393495                     /usr/lib/x86_64-linux-gnu/libgdk_pixbuf-2.0.so.0.3200.2
7f5f66314000-7f5f66328000 r-xp 00000000 08:03 403685                     /usr/lib/x86_64-linux-gnu/libpangoft2-1.0.so.0.3800.1
7f5f66328000-7f5f66528000 ---p 00014000 08:03 403685                     /usr/lib/x86_64-linux-gnu/libpangoft2-1.0.so.0.3800.1
7f5f66528000-7f5f66529000 r--p 00014000 08:03 403685                     /usr/lib/x86_64-linux-gnu/libpangoft2-1.0.so.0.3800.1
7f5f66529000-7f5f6652a000 rw-p 00015000 08:03 403685                     /usr/lib/x86_64-linux-gnu/libpangoft2-1.0.so.0.3800.1
7f5f6652a000-7f5f666aa000 r-xp 00000000 08:03 393655                     /usr/lib/x86_64-linux-gnu/libgio-2.0.so.0.4800.1
7f5f666aa000-7f5f668aa000 ---p 00180000 08:03 393655                     /usr/lib/x86_64-linux-gnu/libgio-2.0.so.0.4800.1
7f5f668aa000-7f5f668ae000 r--p 00180000 08:03 393655                     /usr/lib/x86_64-linux-gnu/libgio-2.0.so.0.4800.1
7f5f668ae000-7f5f668b0000 rw-p 00184000 08:03 393655                     /usr/lib/x86_64-linux-gnu/libgio-2.0.so.0.4800.1
7f5f668b0000-7f5f668b2000 rw-p 00000000 00:00 0 
7f5f668b2000-7f5f668d4000 r-xp 00000000 08:03 402854                     /usr/lib/x86_64-linux-gnu/libatk-1.0.so.0.21809.1
7f5f668d4000-7f5f66ad3000 ---p 00022000 08:03 402854                     /usr/lib/x86_64-linux-gnu/libatk-1.0.so.0.21809.1
7f5f66ad3000-7f5f66ad6000 r--p 00021000 08:03 402854                     /usr/lib/x86_64-linux-gnu/libatk-1.0.so.0.21809.1
7f5f66ad6000-7f5f66ad7000 rw-p 00024000 08:03 402854                     /usr/lib/x86_64-linux-gnu/libatk-1.0.so.0.21809.1
7f5f66ad7000-7f5f66b87000 r-xp 00000000 08:03 403219                     /usr/lib/x86_64-linux-gnu/libgdk-x11-2.0.so.0.2400.30
7f5f66b87000-7f5f66d86000 ---p 000b0000 08:03 403219                     /usr/lib/x86_64-linux-gnu/libgdk-x11-2.0.so.0.2400.30
7f5f66d86000-7f5f66d8a000 r--p 000af000 08:03 403219                     /usr/lib/x86_64-linux-gnu/libgdk-x11-2.0.so.0.2400.30
7f5f66d8a000-7f5f66d8c000 rw-p 000b3000 08:03 403219                     /usr/lib/x86_64-linux-gnu/libgdk-x11-2.0.so.0.2400.30
7f5f66d8c000-7f5f671ca000 r-xp 00000000 08:03 403364                     /usr/lib/x86_64-linux-gnu/libgtk-x11-2.0.so.0.2400.30
7f5f671ca000-7f5f673c9000 ---p 0043e000 08:03 403364                     /usr/lib/x86_64-linux-gnu/libgtk-x11-2.0.so.0.2400.30
7f5f673c9000-7f5f673d0000 r--p 0043d000 08:03 403364                     /usr/lib/x86_64-linux-gnu/libgtk-x11-2.0.so.0.2400.30
7f5f673d0000-7f5f673d4000 rw-p 00444000 08:03 403364                     /usr/lib/x86_64-linux-gnu/libgtk-x11-2.0.so.0.2400.30
7f5f673d4000-7f5f673d7000 rw-p 00000000 00:00 0 
7f5f673d7000-7f5f673e3000 r-xp 00000000 08:03 2493705                    /usr/lib/jvm/java-8-oracle/jre/lib/amd64/libprism_es2.so
7f5f673e3000-7f5f675e2000 ---p 0000c000 08:03 2493705                    /usr/lib/jvm/java-8-oracle/jre/lib/amd64/libprism_es2.so
7f5f675e2000-7f5f675e3000 rw-p 0000b000 08:03 2493705                    /usr/lib/jvm/java-8-oracle/jre/lib/amd64/libprism_es2.so
7f5f675e3000-7f5f675e6000 ---p 00000000 00:00 0 
7f5f675e6000-7f5f676e4000 rw-p 00000000 00:00 0 
7f5f676e4000-7f5f676e7000 ---p 00000000 00:00 0 
7f5f676e7000-7f5f67ae6000 rw-p 00000000 00:00 0 
7f5f67ae6000-7f5f67afc000 r-xp 00000000 08:03 2493693                    /usr/lib/jvm/java-8-oracle/jre/lib/amd64/libnet.so
7f5f67afc000-7f5f67cfc000 ---p 00016000 08:03 2493693                    /usr/lib/jvm/java-8-oracle/jre/lib/amd64/libnet.so
7f5f67cfc000-7f5f67cfd000 rw-p 00016000 08:03 2493693                    /usr/lib/jvm/java-8-oracle/jre/lib/amd64/libnet.so
7f5f67cfd000-7f5f67d00000 ---p 00000000 00:00 0 
7f5f67d00000-7f5f67dfe000 rw-p 00000000 00:00 0 
7f5f67dfe000-7f5f67dff000 r-xp 00000000 08:03 2502255                    /opt/intellij-idea-community/bin/libbreakgen64.so
7f5f67dff000-7f5f67ffe000 ---p 00001000 08:03 2502255                    /opt/intellij-idea-community/bin/libbreakgen64.so
7f5f67ffe000-7f5f67fff000 r--p 00000000 08:03 2502255                    /opt/intellij-idea-community/bin/libbreakgen64.so
7f5f67fff000-7f5f68000000 rw-p 00001000 08:03 2502255                    /opt/intellij-idea-community/bin/libbreakgen64.so
7f5f68000000-7f5f682d0000 rw-p 00000000 00:00 0 
7f5f682d0000-7f5f6c000000 ---p 00000000 00:00 0 
7f5f6c000000-7f5f6c021000 rw-p 00000000 00:00 0 
7f5f6c021000-7f5f70000000 ---p 00000000 00:00 0 
7f5f70000000-7f5f701b4000 rw-p 00000000 00:00 0 
7f5f701b4000-7f5f74000000 ---p 00000000 00:00 0 
7f5f74000000-7f5f741ec000 rw-p 00000000 00:00 0 
7f5f741ec000-7f5f78000000 ---p 00000000 00:00 0 
7f5f78000000-7f5f78021000 rw-p 00000000 00:00 0 
7f5f78021000-7f5f7c000000 ---p 00000000 00:00 0 
7f5f7c000000-7f5f7c021000 rw-p 00000000 00:00 0 
7f5f7c021000-7f5f80000000 ---p 00000000 00:00 0 
7f5f80000000-7f5f80021000 rw-p 00000000 00:00 0 
7f5f80021000-7f5f84000000 ---p 00000000 00:00 0 
7f5f84000000-7f5f84021000 rw-p 00000000 00:00 0 
7f5f84021000-7f5f88000000 ---p 00000000 00:00 0 
7f5f88000000-7f5f88021000 rw-p 00000000 00:00 0 
7f5f88021000-7f5f8c000000 ---p 00000000 00:00 0 
7f5f8c000000-7f5f8c021000 rw-p 00000000 00:00 0 
7f5f8c021000-7f5f90000000 ---p 00000000 00:00 0 
7f5f90000000-7f5f90021000 rw-p 00000000 00:00 0 
7f5f90021000-7f5f94000000 ---p 00000000 00:00 0 
7f5f94000000-7f5f94001000 r--s 00000000 08:03 664002                     /var/cache/fontconfig/0c9eb80ebd1c36541ebe2852d3bb0c49-le64.cache-6
7f5f94001000-7f5f94006000 r--p 00000000 08:06 1318708                    /home/mostafa/.config/dconf/user
7f5f94006000-7f5f94019000 rw-s 29139000 00:06 517                        /dev/nvidiactl
7f5f94039000-7f5f940cf000 r--s 01103000 08:03 2493769                    /usr/lib/jvm/java-8-oracle/jre/lib/ext/jfxrt.jar
7f5f940cf000-7f5f940e2000 r--s 00345000 08:03 2493917                    /usr/lib/jvm/java-8-oracle/jre/lib/resources.jar
7f5f940e2000-7f5f940f4000 r--s 000d6000 08:03 2493916                    /usr/lib/jvm/java-8-oracle/jre/lib/plugin.jar
7f5f940f4000-7f5f9410f000 r--s 00208000 08:03 2493801                    /usr/lib/jvm/java-8-oracle/jre/lib/deploy.jar
7f5f9410f000-7f5f94110000 ---p 00000000 00:00 0 
7f5f94110000-7f5f94210000 rw-p 00000000 00:00 0 
7f5f94210000-7f5f94213000 ---p 00000000 00:00 0 
7f5f94213000-7f5f94311000 rw-p 00000000 00:00 0 
7f5f94311000-7f5f94314000 ---p 00000000 00:00 0 
7f5f94314000-7f5f94412000 rw-p 00000000 00:00 0 
7f5f94412000-7f5f94415000 ---p 00000000 00:00 0 
7f5f94415000-7f5f94513000 rw-p 00000000 00:00 0 
7f5f94513000-7f5f94516000 ---p 00000000 00:00 0 
7f5f94516000-7f5f94614000 rw-p 00000000 00:00 0 
7f5f94614000-7f5f94617000 ---p 00000000 00:00 0 
7f5f94617000-7f5f94715000 rw-p 00000000 00:00 0 
7f5f94715000-7f5f949ee000 r--p 00000000 08:03 393281                     /usr/lib/locale/locale-archive
7f5f949ee000-7f5f949f1000 ---p 00000000 00:00 0 
7f5f949f1000-7f5f94aef000 rw-p 00000000 00:00 0 
7f5f94aef000-7f5f94af2000 ---p 00000000 00:00 0 
7f5f94af2000-7f5f94bf0000 rw-p 00000000 00:00 0 
7f5f94bf0000-7f5f94bf1000 ---p 00000000 00:00 0 
7f5f94bf1000-7f5f98000000 rw-p 00000000 00:00 0 
7f5f98000000-7f5f98021000 rw-p 00000000 00:00 0 
7f5f98021000-7f5f9c000000 ---p 00000000 00:00 0 
7f5f9c000000-7f5f9c002000 rw-s 00000000 08:03 262244                     /tmp/.gllZC9vQ (deleted)
7f5f9c002000-7f5f9c003000 r--s 00000000 00:29 27                         /run/user/1000/dconf/user
7f5f9c003000-7f5f9c004000 rw-s 29138000 00:06 517                        /dev/nvidiactl
7f5f9c004000-7f5f9c008000 rw-s 6a6ee000 00:06 517                        /dev/nvidiactl
7f5f9c008000-7f5f9c009000 rw-s aff71000 00:06 553                        /dev/nvidia0
7f5f9c009000-7f5f9c00a000 rw-s aff70000 00:06 553                        /dev/nvidia0
7f5f9c00a000-7f5f9c00b000 rw-s aff6f000 00:06 553                        /dev/nvidia0
7f5f9c00b000-7f5f9c00c000 rw-s 33469000 00:06 517                        /dev/nvidiactl
7f5f9c00c000-7f5f9c00e000 r--s 00019000 08:03 2502175                    /opt/intellij-idea-community/lib/idea_rt.jar
7f5f9c00e000-7f5f9c012000 r--s 00097000 08:03 2493637                    /usr/lib/jvm/java-8-oracle/jre/lib/jsse.jar
7f5f9c012000-7f5f9c235000 rw-p 00000000 00:00 0 
7f5f9c235000-7f5f9c40d000 r--s 03d2a000 08:03 2493685                    /usr/lib/jvm/java-8-oracle/jre/lib/rt.jar
7f5f9c40d000-7f5f9c65f000 rw-p 00000000 00:00 0 
7f5f9c65f000-7f5f9c660000 ---p 00000000 00:00 0 
7f5f9c660000-7f5f9c760000 rw-p 00000000 00:00 0 
7f5f9c760000-7f5f9c761000 ---p 00000000 00:00 0 
7f5f9c761000-7f5f9c861000 rw-p 00000000 00:00 0 
7f5f9c861000-7f5f9c862000 ---p 00000000 00:00 0 
7f5f9c862000-7f5f9c962000 rw-p 00000000 00:00 0 
7f5f9c962000-7f5f9c963000 ---p 00000000 00:00 0 
7f5f9c963000-7f5f9ca77000 rw-p 00000000 00:00 0 
7f5f9ca77000-7f5f9cba0000 ---p 00000000 00:00 0 
7f5f9cba0000-7f5f9cbab000 rw-p 00000000 00:00 0 
7f5f9cbab000-7f5f9cc3f000 ---p 00000000 00:00 0 
7f5f9cc3f000-7f5f9cc52000 rw-p 00000000 00:00 0 
7f5f9cc52000-7f5f9d000000 ---p 00000000 00:00 0 
7f5f9d000000-7f5f9d460000 rwxp 00000000 00:00 0 
7f5f9d460000-7f5fac000000 ---p 00000000 00:00 0 
7f5fac000000-7f5fac1f5000 rw-p 00000000 00:00 0 
7f5fac1f5000-7f5fb0000000 ---p 00000000 00:00 0 
7f5fb0000000-7f5fb0001000 rw-s d0060000 00:06 553                        /dev/nvidia0
7f5fb0001000-7f5fb0003000 r--s 00007000 08:03 2493758                    /usr/lib/jvm/java-8-oracle/jre/lib/jfxswt.jar
7f5fb0003000-7f5fb0008000 r--s 00084000 08:03 2493792                    /usr/lib/jvm/java-8-oracle/jre/lib/jfr.jar
7f5fb0008000-7f5fb0012000 r--s 0006c000 08:03 2493800                    /usr/lib/jvm/java-8-oracle/jre/lib/javaws.jar
7f5fb0012000-7f5fb0068000 rw-p 00000000 00:00 0 
7f5fb0068000-7f5fb0192000 ---p 00000000 00:00 0 
7f5fb0192000-7f5fb01ac000 r-xp 00000000 08:03 2493716                    /usr/lib/jvm/java-8-oracle/jre/lib/amd64/libzip.so
7f5fb01ac000-7f5fb03ac000 ---p 0001a000 08:03 2493716                    /usr/lib/jvm/java-8-oracle/jre/lib/amd64/libzip.so
7f5fb03ac000-7f5fb03ad000 rw-p 0001a000 08:03 2493716                    /usr/lib/jvm/java-8-oracle/jre/lib/amd64/libzip.so
7f5fb03ad000-7f5fb03b8000 r-xp 00000000 08:03 1848107                    /lib/x86_64-linux-gnu/libnss_files-2.23.so
7f5fb03b8000-7f5fb05b7000 ---p 0000b000 08:03 1848107                    /lib/x86_64-linux-gnu/libnss_files-2.23.so
7f5fb05b7000-7f5fb05b8000 r--p 0000a000 08:03 1848107                    /lib/x86_64-linux-gnu/libnss_files-2.23.so
7f5fb05b8000-7f5fb05b9000 rw-p 0000b000 08:03 1848107                    /lib/x86_64-linux-gnu/libnss_files-2.23.so
7f5fb05b9000-7f5fb05bf000 rw-p 00000000 00:00 0 
7f5fb05bf000-7f5fb05ca000 r-xp 00000000 08:03 1848104                    /lib/x86_64-linux-gnu/libnss_nis-2.23.so
7f5fb05ca000-7f5fb07c9000 ---p 0000b000 08:03 1848104                    /lib/x86_64-linux-gnu/libnss_nis-2.23.so
7f5fb07c9000-7f5fb07ca000 r--p 0000a000 08:03 1848104                    /lib/x86_64-linux-gnu/libnss_nis-2.23.so
7f5fb07ca000-7f5fb07cb000 rw-p 0000b000 08:03 1848104                    /lib/x86_64-linux-gnu/libnss_nis-2.23.so
7f5fb07cb000-7f5fb07e1000 r-xp 00000000 08:03 1848102                    /lib/x86_64-linux-gnu/libnsl-2.23.so
7f5fb07e1000-7f5fb09e0000 ---p 00016000 08:03 1848102                    /lib/x86_64-linux-gnu/libnsl-2.23.so
7f5fb09e0000-7f5fb09e1000 r--p 00015000 08:03 1848102                    /lib/x86_64-linux-gnu/libnsl-2.23.so
7f5fb09e1000-7f5fb09e2000 rw-p 00016000 08:03 1848102                    /lib/x86_64-linux-gnu/libnsl-2.23.so
7f5fb09e2000-7f5fb09e4000 rw-p 00000000 00:00 0 
7f5fb09e4000-7f5fb09ec000 r-xp 00000000 08:03 1848100                    /lib/x86_64-linux-gnu/libnss_compat-2.23.so
7f5fb09ec000-7f5fb0beb000 ---p 00008000 08:03 1848100                    /lib/x86_64-linux-gnu/libnss_compat-2.23.so
7f5fb0beb000-7f5fb0bec000 r--p 00007000 08:03 1848100                    /lib/x86_64-linux-gnu/libnss_compat-2.23.so
7f5fb0bec000-7f5fb0bed000 rw-p 00008000 08:03 1848100                    /lib/x86_64-linux-gnu/libnss_compat-2.23.so
7f5fb0bed000-7f5fb0c18000 r-xp 00000000 08:03 2493743                    /usr/lib/jvm/java-8-oracle/jre/lib/amd64/libjava.so
7f5fb0c18000-7f5fb0e17000 ---p 0002b000 08:03 2493743                    /usr/lib/jvm/java-8-oracle/jre/lib/amd64/libjava.so
7f5fb0e17000-7f5fb0e19000 rw-p 0002a000 08:03 2493743                    /usr/lib/jvm/java-8-oracle/jre/lib/amd64/libjava.so
7f5fb0e19000-7f5fb0e26000 r-xp 00000000 08:03 2493694                    /usr/lib/jvm/java-8-oracle/jre/lib/amd64/libverify.so
7f5fb0e26000-7f5fb1025000 ---p 0000d000 08:03 2493694                    /usr/lib/jvm/java-8-oracle/jre/lib/amd64/libverify.so
7f5fb1025000-7f5fb1027000 rw-p 0000c000 08:03 2493694                    /usr/lib/jvm/java-8-oracle/jre/lib/amd64/libverify.so
7f5fb1027000-7f5fb102e000 r-xp 00000000 08:03 1848116                    /lib/x86_64-linux-gnu/librt-2.23.so
7f5fb102e000-7f5fb122d000 ---p 00007000 08:03 1848116                    /lib/x86_64-linux-gnu/librt-2.23.so
7f5fb122d000-7f5fb122e000 r--p 00006000 08:03 1848116                    /lib/x86_64-linux-gnu/librt-2.23.so
7f5fb122e000-7f5fb122f000 rw-p 00007000 08:03 1848116                    /lib/x86_64-linux-gnu/librt-2.23.so
7f5fb122f000-7f5fb1337000 r-xp 00000000 08:03 1848113                    /lib/x86_64-linux-gnu/libm-2.23.so
7f5fb1337000-7f5fb1536000 ---p 00108000 08:03 1848113                    /lib/x86_64-linux-gnu/libm-2.23.so
7f5fb1536000-7f5fb1537000 r--p 00107000 08:03 1848113                    /lib/x86_64-linux-gnu/libm-2.23.so
7f5fb1537000-7f5fb1538000 rw-p 00108000 08:03 1848113                    /lib/x86_64-linux-gnu/libm-2.23.so
7f5fb1538000-7f5fb2205000 r-xp 00000000 08:03 2493747                    /usr/lib/jvm/java-8-oracle/jre/lib/amd64/server/libjvm.so
7f5fb2205000-7f5fb2404000 ---p 00ccd000 08:03 2493747                    /usr/lib/jvm/java-8-oracle/jre/lib/amd64/server/libjvm.so
7f5fb2404000-7f5fb24dd000 rw-p 00ccc000 08:03 2493747                    /usr/lib/jvm/java-8-oracle/jre/lib/amd64/server/libjvm.so
7f5fb24dd000-7f5fb2528000 rw-p 00000000 00:00 0 
7f5fb2528000-7f5fb26e7000 r-xp 00000000 08:03 1848121                    /lib/x86_64-linux-gnu/libc-2.23.so
7f5fb26e7000-7f5fb28e7000 ---p 001bf000 08:03 1848121                    /lib/x86_64-linux-gnu/libc-2.23.so
7f5fb28e7000-7f5fb28eb000 r--p 001bf000 08:03 1848121                    /lib/x86_64-linux-gnu/libc-2.23.so
7f5fb28eb000-7f5fb28ed000 rw-p 001c3000 08:03 1848121                    /lib/x86_64-linux-gnu/libc-2.23.so
7f5fb28ed000-7f5fb28f1000 rw-p 00000000 00:00 0 
7f5fb28f1000-7f5fb28f4000 r-xp 00000000 08:03 1848122                    /lib/x86_64-linux-gnu/libdl-2.23.so
7f5fb28f4000-7f5fb2af3000 ---p 00003000 08:03 1848122                    /lib/x86_64-linux-gnu/libdl-2.23.so
7f5fb2af3000-7f5fb2af4000 r--p 00002000 08:03 1848122                    /lib/x86_64-linux-gnu/libdl-2.23.so
7f5fb2af4000-7f5fb2af5000 rw-p 00003000 08:03 1848122                    /lib/x86_64-linux-gnu/libdl-2.23.so
7f5fb2af5000-7f5fb2b0a000 r-xp 00000000 08:03 2492804                    /usr/lib/jvm/java-8-oracle/lib/amd64/jli/libjli.so
7f5fb2b0a000-7f5fb2d0a000 ---p 00015000 08:03 2492804                    /usr/lib/jvm/java-8-oracle/lib/amd64/jli/libjli.so
7f5fb2d0a000-7f5fb2d0b000 rw-p 00015000 08:03 2492804                    /usr/lib/jvm/java-8-oracle/lib/amd64/jli/libjli.so
7f5fb2d0b000-7f5fb2d23000 r-xp 00000000 08:03 1848120                    /lib/x86_64-linux-gnu/libpthread-2.23.so
7f5fb2d23000-7f5fb2f22000 ---p 00018000 08:03 1848120                    /lib/x86_64-linux-gnu/libpthread-2.23.so
7f5fb2f22000-7f5fb2f23000 r--p 00017000 08:03 1848120                    /lib/x86_64-linux-gnu/libpthread-2.23.so
7f5fb2f23000-7f5fb2f24000 rw-p 00018000 08:03 1848120                    /lib/x86_64-linux-gnu/libpthread-2.23.so
7f5fb2f24000-7f5fb2f28000 rw-p 00000000 00:00 0 
7f5fb2f28000-7f5fb2f4e000 r-xp 00000000 08:03 1848117                    /lib/x86_64-linux-gnu/ld-2.23.so
7f5fb2f4e000-7f5fb2f4f000 r--s 00000000 08:03 2493764                    /usr/lib/jvm/java-8-oracle/jre/lib/management-agent.jar
7f5fb2f4f000-7f5fb2f52000 r--s 0001a000 08:03 2493947                    /usr/lib/jvm/java-8-oracle/jre/lib/jce.jar
7f5fb2f52000-7f5fb3024000 rw-p 00000000 00:00 0 
7f5fb3024000-7f5fb3027000 ---p 00000000 00:00 0 
7f5fb3027000-7f5fb3129000 rw-p 00000000 00:00 0 
7f5fb3129000-7f5fb312e000 r--s 002f9000 08:03 2493638                    /usr/lib/jvm/java-8-oracle/jre/lib/charsets.jar
7f5fb312e000-7f5fb3141000 rw-p 00000000 00:00 0 
7f5fb3141000-7f5fb3149000 rw-s 00000000 08:03 262242                     /tmp/hsperfdata_mostafa/16828
7f5fb3149000-7f5fb314a000 rw-p 00000000 00:00 0 
7f5fb314a000-7f5fb314b000 r--p 00000000 00:00 0 
7f5fb314b000-7f5fb314d000 rw-p 00000000 00:00 0 
7f5fb314d000-7f5fb314e000 r--p 00025000 08:03 1848117                    /lib/x86_64-linux-gnu/ld-2.23.so
7f5fb314e000-7f5fb314f000 rw-p 00026000 08:03 1848117                    /lib/x86_64-linux-gnu/ld-2.23.so
7f5fb314f000-7f5fb3150000 rw-p 00000000 00:00 0 
7ffd5223c000-7ffd5225d000 rw-p 00000000 00:00 0                          [stack]
7ffd52341000-7ffd52343000 r--p 00000000 00:00 0                          [vvar]
7ffd52343000-7ffd52345000 r-xp 00000000 00:00 0                          [vdso]
ffffffffff600000-ffffffffff601000 r-xp 00000000 00:00 0                  [vsyscall]

VM Arguments:
jvm_args: -Didea.launcher.port=7546 -Didea.launcher.bin.path=/opt/intellij-idea-community/bin -Dfile.encoding=UTF-8 
java_command: com.intellij.rt.execution.application.AppMain sample.Main
java_class_path (initial): /usr/lib/jvm/java-8-oracle/jre/lib/charsets.jar:/usr/lib/jvm/java-8-oracle/jre/lib/deploy.jar:/usr/lib/jvm/java-8-oracle/jre/lib/ext/cldrdata.jar:/usr/lib/jvm/java-8-oracle/jre/lib/ext/dnsns.jar:/usr/lib/jvm/java-8-oracle/jre/lib/ext/jaccess.jar:/usr/lib/jvm/java-8-oracle/jre/lib/ext/jfxrt.jar:/usr/lib/jvm/java-8-oracle/jre/lib/ext/localedata.jar:/usr/lib/jvm/java-8-oracle/jre/lib/ext/nashorn.jar:/usr/lib/jvm/java-8-oracle/jre/lib/ext/sunec.jar:/usr/lib/jvm/java-8-oracle/jre/lib/ext/sunjce_provider.jar:/usr/lib/jvm/java-8-oracle/jre/lib/ext/sunpkcs11.jar:/usr/lib/jvm/java-8-oracle/jre/lib/ext/zipfs.jar:/usr/lib/jvm/java-8-oracle/jre/lib/javaws.jar:/usr/lib/jvm/java-8-oracle/jre/lib/jce.jar:/usr/lib/jvm/java-8-oracle/jre/lib/jfr.jar:/usr/lib/jvm/java-8-oracle/jre/lib/jfxswt.jar:/usr/lib/jvm/java-8-oracle/jre/lib/jsse.jar:/usr/lib/jvm/java-8-oracle/jre/lib/management-agent.jar:/usr/lib/jvm/java-8-oracle/jre/lib/plugin.jar:/usr/lib/jvm/java-8-oracle/jre/lib/resources.jar:/usr/lib/jvm/java-8-oracle/jre/lib/rt.jar:/home/mostafa/Desktop/Passing/out/production/Passing:/opt/intellij-idea-community/lib/idea_rt.jar
Launcher Type: SUN_STANDARD

Environment Variables:
JAVA_HOME=/usr/lib/jvm/java-8-oracle
PATH=/usr/local/sbin:/usr/local/bin:/usr/sbin:/usr/bin:/sbin:/bin:/usr/games:/usr/local/games:/snap/bin:/usr/lib/jvm/java-8-oracle/bin:/usr/lib/jvm/java-8-oracle/db/bin:/usr/lib/jvm/java-8-oracle/jre/bin
LD_LIBRARY_PATH=/opt/intellij-idea-community/bin:
SHELL=/bin/bash
DISPLAY=:0

Signal Handlers:
SIGSEGV: [libjvm.so+0xac64b0], sa_mask[0]=11111111011111111101111111111110, sa_flags=SA_RESTART|SA_SIGINFO
SIGBUS: [libjvm.so+0xac64b0], sa_mask[0]=11111111011111111101111111111110, sa_flags=SA_RESTART|SA_SIGINFO
SIGFPE: [libjvm.so+0x91f950], sa_mask[0]=11111111011111111101111111111110, sa_flags=SA_RESTART|SA_SIGINFO
SIGPIPE: SIG_IGN, sa_mask[0]=00000000000010000000000000000000, sa_flags=SA_RESTART
SIGXFSZ: [libjvm.so+0x91f950], sa_mask[0]=11111111011111111101111111111110, sa_flags=SA_RESTART|SA_SIGINFO
SIGILL: [libjvm.so+0x91f950], sa_mask[0]=11111111011111111101111111111110, sa_flags=SA_RESTART|SA_SIGINFO
SIGUSR1: SIG_DFL, sa_mask[0]=00000000000000000000000000000000, sa_flags=none
SIGUSR2: [libjvm.so+0x920f80], sa_mask[0]=00100000000000000000000000000000, sa_flags=SA_RESTART|SA_SIGINFO
SIGHUP: [libjvm.so+0x922380], sa_mask[0]=11111111011111111101111111111110, sa_flags=SA_RESTART|SA_SIGINFO
SIGINT: [libjvm.so+0x922380], sa_mask[0]=11111111011111111101111111111110, sa_flags=SA_RESTART|SA_SIGINFO
SIGTERM: [libjvm.so+0x922380], sa_mask[0]=11111111011111111101111111111110, sa_flags=SA_RESTART|SA_SIGINFO
SIGQUIT: [libjvm.so+0x922380], sa_mask[0]=11111111011111111101111111111110, sa_flags=SA_RESTART|SA_SIGINFO


---------------  S Y S T E M  ---------------

OS:DISTRIB_ID=Ubuntu
DISTRIB_RELEASE=16.04
DISTRIB_CODENAME=xenial
DISTRIB_DESCRIPTION="Ubuntu 16.04.1 LTS"

uname:Linux 4.4.0-47-generic #68-Ubuntu SMP Wed Oct 26 19:39:52 UTC 2016 x86_64
libc:glibc 2.23 NPTL 2.23 
rlimit: STACK 8192k, CORE 0k, NPROC 15037, NOFILE 65536, AS infinity
load average:0.74 0.78 0.69

/proc/meminfo:
MemTotal:        3896084 kB
MemFree:          203036 kB
MemAvailable:     336728 kB
Buffers:           14924 kB
Cached:           499236 kB
SwapCached:       212836 kB
Active:          2527012 kB
Inactive:         885528 kB
Active(anon):    2296448 kB
Inactive(anon):   795616 kB
Active(file):     230564 kB
Inactive(file):    89912 kB
Unevictable:         716 kB
Mlocked:             716 kB
SwapTotal:       7812092 kB
SwapFree:        6596504 kB
Dirty:              2628 kB
Writeback:             0 kB
AnonPages:       2876108 kB
Mapped:           427056 kB
Shmem:            193672 kB
Slab:              82308 kB
SReclaimable:      39760 kB
SUnreclaim:        42548 kB
KernelStack:       13040 kB
PageTables:        53040 kB
NFS_Unstable:          0 kB
Bounce:                0 kB
WritebackTmp:          0 kB
CommitLimit:     9760132 kB
Committed_AS:    9925440 kB
VmallocTotal:   34359738367 kB
VmallocUsed:           0 kB
VmallocChunk:          0 kB
HardwareCorrupted:     0 kB
AnonHugePages:   1554432 kB
CmaTotal:              0 kB
CmaFree:               0 kB
HugePages_Total:       0
HugePages_Free:        0
HugePages_Rsvd:        0
HugePages_Surp:        0
Hugepagesize:       2048 kB
DirectMap4k:      268544 kB
DirectMap2M:     3774464 kB


CPU:total 4 (2 cores per cpu, 2 threads per core) family 6 model 42 stepping 7, cmov, cx8, fxsr, mmx, sse, sse2, sse3, ssse3, sse4.1, sse4.2, popcnt, avx, aes, clmul, ht, tsc, tscinvbit

/proc/cpuinfo:
processor	: 0
vendor_id	: GenuineIntel
cpu family	: 6
model		: 42
model name	: Intel(R) Core(TM) i5-2450M CPU @ 2.50GHz
stepping	: 7
microcode	: 0x1b
cpu MHz		: 2899.902
cache size	: 3072 KB
physical id	: 0
siblings	: 4
core id		: 0
cpu cores	: 2
apicid		: 0
initial apicid	: 0
fpu		: yes
fpu_exception	: yes
cpuid level	: 13
wp		: yes
flags		: fpu vme de pse tsc msr pae mce cx8 apic sep mtrr pge mca cmov pat pse36 clflush dts acpi mmx fxsr sse sse2 ss ht tm pbe syscall nx rdtscp lm constant_tsc arch_perfmon pebs bts rep_good nopl xtopology nonstop_tsc aperfmperf eagerfpu pni pclmulqdq dtes64 monitor ds_cpl vmx est tm2 ssse3 cx16 xtpr pdcm pcid sse4_1 sse4_2 x2apic popcnt tsc_deadline_timer aes xsave avx lahf_lm epb tpr_shadow vnmi flexpriority ept vpid xsaveopt dtherm ida arat pln pts
bugs		:
bogomips	: 4988.44
clflush size	: 64
cache_alignment	: 64
address sizes	: 36 bits physical, 48 bits virtual
power management:

processor	: 1
vendor_id	: GenuineIntel
cpu family	: 6
model		: 42
model name	: Intel(R) Core(TM) i5-2450M CPU @ 2.50GHz
stepping	: 7
microcode	: 0x1b
cpu MHz		: 2899.902
cache size	: 3072 KB
physical id	: 0
siblings	: 4
core id		: 0
cpu cores	: 2
apicid		: 1
initial apicid	: 1
fpu		: yes
fpu_exception	: yes
cpuid level	: 13
wp		: yes
flags		: fpu vme de pse tsc msr pae mce cx8 apic sep mtrr pge mca cmov pat pse36 clflush dts acpi mmx fxsr sse sse2 ss ht tm pbe syscall nx rdtscp lm constant_tsc arch_perfmon pebs bts rep_good nopl xtopology nonstop_tsc aperfmperf eagerfpu pni pclmulqdq dtes64 monitor ds_cpl vmx est tm2 ssse3 cx16 xtpr pdcm pcid sse4_1 sse4_2 x2apic popcnt tsc_deadline_timer aes xsave avx lahf_lm epb tpr_shadow vnmi flexpriority ept vpid xsaveopt dtherm ida arat pln pts
bugs		:
bogomips	: 4988.44
clflush size	: 64
cache_alignment	: 64
address sizes	: 36 bits physical, 48 bits virtual
power management:

processor	: 2
vendor_id	: GenuineIntel
cpu family	: 6
model		: 42
model name	: Intel(R) Core(TM) i5-2450M CPU @ 2.50GHz
stepping	: 7
microcode	: 0x1b
cpu MHz		: 2900.000
cache size	: 3072 KB
physical id	: 0
siblings	: 4
core id		: 1
cpu cores	: 2
apicid		: 2
initial apicid	: 2
fpu		: yes
fpu_exception	: yes
cpuid level	: 13
wp		: yes
flags		: fpu vme de pse tsc msr pae mce cx8 apic sep mtrr pge mca cmov pat pse36 clflush dts acpi mmx fxsr sse sse2 ss ht tm pbe syscall nx rdtscp lm constant_tsc arch_perfmon pebs bts rep_good nopl xtopology nonstop_tsc aperfmperf eagerfpu pni pclmulqdq dtes64 monitor ds_cpl vmx est tm2 ssse3 cx16 xtpr pdcm pcid sse4_1 sse4_2 x2apic popcnt tsc_deadline_timer aes xsave avx lahf_lm epb tpr_shadow vnmi flexpriority ept vpid xsaveopt dtherm ida arat pln pts
bugs		:
bogomips	: 4988.44
clflush size	: 64
cache_alignment	: 64
address sizes	: 36 bits physical, 48 bits virtual
power management:

processor	: 3
vendor_id	: GenuineIntel
cpu family	: 6
model		: 42
model name	: Intel(R) Core(TM) i5-2450M CPU @ 2.50GHz
stepping	: 7
microcode	: 0x1b
cpu MHz		: 2900.000
cache size	: 3072 KB
physical id	: 0
siblings	: 4
core id		: 1
cpu cores	: 2
apicid		: 3
initial apicid	: 3
fpu		: yes
fpu_exception	: yes
cpuid level	: 13
wp		: yes
flags		: fpu vme de pse tsc msr pae mce cx8 apic sep mtrr pge mca cmov pat pse36 clflush dts acpi mmx fxsr sse sse2 ss ht tm pbe syscall nx rdtscp lm constant_tsc arch_perfmon pebs bts rep_good nopl xtopology nonstop_tsc aperfmperf eagerfpu pni pclmulqdq dtes64 monitor ds_cpl vmx est tm2 ssse3 cx16 xtpr pdcm pcid sse4_1 sse4_2 x2apic popcnt tsc_deadline_timer aes xsave avx lahf_lm epb tpr_shadow vnmi flexpriority ept vpid xsaveopt dtherm ida arat pln pts
bugs		:
bogomips	: 4988.44
clflush size	: 64
cache_alignment	: 64
address sizes	: 36 bits physical, 48 bits virtual
power management:



Memory: 4k page, physical 3896084k(203036k free), swap 7812092k(6596504k free)

vm_info: Java HotSpot(TM) 64-Bit Server VM (25.111-b14) for linux-amd64 JRE (1.8.0_111-b14), built on Sep 22 2016 16:14:03 by "java_re" with gcc 4.3.0 20080428 (Red Hat 4.3.0-8)

time: Fri Dec  2 18:17:03 2016
elapsed time: 5 seconds (0d 0h 0m 5s)

