#
# A fatal error has been detected by the Java Runtime Environment:
#
#  SIGSEGV (0xb) at pc=0x00007f4894b13d28, pid=3698, tid=0x00007f482c461700
#
# JRE version: Java(TM) SE Runtime Environment (8.0_111-b14) (build 1.8.0_111-b14)
# Java VM: Java HotSpot(TM) 64-Bit Server VM (25.111-b14 mixed mode linux-amd64 compressed oops)
# Problematic frame:
# V  [libjvm.so+0x6d1d28]  jni_invoke_nonstatic(JNIEnv_*, JavaValue*, _jobject*, JNICallType, _jmethodID*, JNI_ArgumentPusher*, Thread*)+0x38
#
# Failed to write core dump. Core dumps have been disabled. To enable core dumping, try "ulimit -c unlimited" before starting Java again
#
# If you would like to submit a bug report, please visit:
#   http://bugreport.java.com/bugreport/crash.jsp
#

---------------  T H R E A D  ---------------

Current thread (0x00007f483c11c800):  JavaThread "JavaFX Application Thread" [_thread_in_vm, id=3736, stack(0x00007f482c361000,0x00007f482c462000)]

siginfo: si_signo: 11 (SIGSEGV), si_code: 1 (SEGV_MAPERR), si_addr: 0x00007f4800000000

Registers:
RAX=0x00007f482c460340, RBX=0x00007f482c460250, RCX=0x0000000000000001, RDX=0x00007f4800000000
RSP=0x00007f482c4600a0, RBP=0x00007f482c460220, RSI=0x00007f482c4602b0, RDI=0x00007f483c11c9f8
R8 =0x00007f483c05b6f8, R9 =0x00007f482c460250, R10=0x00007f4810000ac0, R11=0x00007f4880304120
R12=0x00007f483c11c800, R13=0x00007f483c05b6f8, R14=0x0000000000000001, R15=0x00007f483c11c9f8
RIP=0x00007f4894b13d28, EFLAGS=0x0000000000010206, CSGSFS=0x0000000000000033, ERR=0x0000000000000004
  TRAPNO=0x000000000000000e

Top of Stack: (sp=0x00007f482c4600a0)
0x00007f482c4600a0:   00007f482c4607a0 00007f482c4603c0
0x00007f482c4600b0:   00007f482c460100 00007f482c460180
0x00007f482c4600c0:   00007f482c460250 00007f482c4602b0
0x00007f482c4600d0:   00007f483c11c9f8 00007f4894b33830
0x00007f482c4600e0:   00007f484c27b670 00007f484c27b680
0x00007f482c4600f0:   00007f484c27ba58 00000000000003d8
0x00007f482c460100:   0000000000000000 00000000ec70a110
0x00007f482c460110:   00007f480000006f 00007f480000000a
0x00007f482c460120:   00000000ed0b5120 0000000000000000
0x00007f482c460130:   0000000000000000 0000000000000000
0x00007f482c460140:   00007f487d2fb570 0000000100000100
0x00007f482c460150:   0000000000000000 00007f482c460108
0x00007f482c460160:   00007f482c460149 0000000800000005
0x00007f482c460170:   0000000000000000 00007f483c11c040
0x00007f482c460180:   00007f48953a0af0 00007f4895eb16d0
0x00007f482c460190:   000000003c11bed0 00007f483c11c800
0x00007f482c4601a0:   0000000000000000 00007f4894b140fb
0x00007f482c4601b0:   00007f487d2e8258 00007f483c11c800
0x00007f482c4601c0:   00007f487d2e8258 00007f483c11c800
0x00007f482c4601d0:   00007f482c460360 00007f487d2e8258
0x00007f482c4601e0:   00007f487d2e8258 00007f487d2e8258
0x00007f482c4601f0:   00007f484c27b670 00007f482c460250
0x00007f482c460200:   00007f483c11c800 00007f482c460290
0x00007f482c460210:   00007f483c05b6f8 00007f483c11c9f8
0x00007f482c460220:   00007f482c460310 00007f4894b184cf
0x00007f482c460230:   00007f483c11c800 00007f4875a8c054
0x00007f482c460240:   00007f482c460328 00007f4800000000
0x00007f482c460250:   00007f48953a1750 00007f4895eb16d0
0x00007f482c460260:   000000002c4602d0 248727b900000063
0x00007f482c460270:   0000000000000000 0000003000000018
0x00007f482c460280:   00007f482c460400 00007f482c460340
0x00007f482c460290:   00007f483c11c800 0000000000000000 

Instructions: (pc=0x00007f4894b13d28)
0x00007f4894b13d08:   00 00 48 85 d2 48 89 bd b0 fe ff ff 48 89 b5 a8
0x00007f4894b13d18:   fe ff ff 4c 89 8d a0 fe ff ff 0f 84 78 09 00 00
0x00007f4894b13d28:   4c 8b 22 4d 85 e4 0f 84 6c 09 00 00 48 8b 45 10
0x00007f4894b13d38:   48 8b 98 38 01 00 00 48 83 7b 18 f7 0f 87 16 07 

Register to memory mapping:

RAX=0x00007f482c460340 is pointing into the stack for thread: 0x00007f483c11c800
RBX=0x00007f482c460250 is pointing into the stack for thread: 0x00007f483c11c800
RCX=0x0000000000000001 is an unknown value
RDX=0x00007f4800000000 is an unknown value
RSP=0x00007f482c4600a0 is pointing into the stack for thread: 0x00007f483c11c800
RBP=0x00007f482c460220 is pointing into the stack for thread: 0x00007f483c11c800
RSI=0x00007f482c4602b0 is pointing into the stack for thread: 0x00007f483c11c800
RDI=0x00007f483c11c9f8 is an unknown value
R8 =0x00007f483c05b6f8 is an unknown value
R9 =0x00007f482c460250 is pointing into the stack for thread: 0x00007f483c11c800
R10=0x00007f4810000ac0 is an unknown value
R11=0x00007f4880304120 is at entry_point+32 in (nmethod*)0x00007f4880303f90
R12=0x00007f483c11c800 is a thread
R13=0x00007f483c05b6f8 is an unknown value
R14=0x0000000000000001 is an unknown value
R15=0x00007f483c11c9f8 is an unknown value


Stack: [0x00007f482c361000,0x00007f482c462000],  sp=0x00007f482c4600a0,  free space=1020k
Native frames: (J=compiled Java code, j=interpreted, Vv=VM code, C=native code)
V  [libjvm.so+0x6d1d28]  jni_invoke_nonstatic(JNIEnv_*, JavaValue*, _jobject*, JNICallType, _jmethodID*, JNI_ArgumentPusher*, Thread*)+0x38
V  [libjvm.so+0x6d64cf]  jni_CallVoidMethodV+0x10f
C  [libglass.so+0x18641]  JNIEnv_::CallVoidMethod(_jobject*, _jmethodID*, ...)+0x81
C  [libglass.so+0x14f0f]  WindowContextBase::process_key(_GdkEventKey*)+0x20f
C  [libglass.so+0x19f60]  WindowContextBase::im_filter_keypress(_GdkEventKey*)+0x1c0
C  [libglass.so+0x1a91c]  process_events(_GdkEvent*, void*)+0x22c
C  [libgdk-x11-2.0.so.0+0x5ac4c]

Java frames: (J=compiled Java code, j=interpreted, Vv=VM code)
j  com.sun.glass.ui.gtk.GtkApplication._runLoop(Ljava/lang/Runnable;Z)V+0
j  com.sun.glass.ui.gtk.GtkApplication.lambda$null$49(Ljava/lang/Runnable;Z)V+7
j  com.sun.glass.ui.gtk.GtkApplication$$Lambda$43.run()V+12
j  java.lang.Thread.run()V+11
v  ~StubRoutines::call_stub

---------------  P R O C E S S  ---------------

Java Threads: ( => current thread )
  0x00007f4810201800 JavaThread "Prism Font Disposer" daemon [_thread_blocked, id=3741, stack(0x00007f4826d39000,0x00007f4826e3a000)]
=>0x00007f483c11c800 JavaThread "JavaFX Application Thread" [_thread_in_vm, id=3736, stack(0x00007f482c361000,0x00007f482c462000)]
  0x00007f483c118000 JavaThread "Thread-2" daemon [_thread_blocked, id=3733, stack(0x00007f482cc63000,0x00007f482cd64000)]
  0x00007f483c04b800 JavaThread "QuantumRenderer-0" daemon [_thread_blocked, id=3731, stack(0x00007f4876527000,0x00007f4876628000)]
  0x00007f489018a800 JavaThread "JavaFX-Launcher" [_thread_blocked, id=3730, stack(0x00007f4876628000,0x00007f4876729000)]
  0x00007f4890123000 JavaThread "Monitor Ctrl-Break" daemon [_thread_in_native, id=3728, stack(0x00007f4876cd7000,0x00007f4876dd8000)]
  0x00007f48900c1800 JavaThread "Service Thread" daemon [_thread_blocked, id=3719, stack(0x00007f487711b000,0x00007f487721c000)]
  0x00007f48900be800 JavaThread "C1 CompilerThread2" daemon [_thread_blocked, id=3718, stack(0x00007f487721c000,0x00007f487731d000)]
  0x00007f48900bd000 JavaThread "C2 CompilerThread1" daemon [_thread_in_native, id=3717, stack(0x00007f487731d000,0x00007f487741e000)]
  0x00007f48900ba000 JavaThread "C2 CompilerThread0" daemon [_thread_in_native, id=3716, stack(0x00007f487741e000,0x00007f487751f000)]
  0x00007f48900b8800 JavaThread "Signal Dispatcher" daemon [_thread_blocked, id=3715, stack(0x00007f487751f000,0x00007f4877620000)]
  0x00007f4890084800 JavaThread "Finalizer" daemon [_thread_blocked, id=3712, stack(0x00007f48778f9000,0x00007f48779fa000)]
  0x00007f4890080000 JavaThread "Reference Handler" daemon [_thread_blocked, id=3710, stack(0x00007f48779fa000,0x00007f4877afb000)]
  0x00007f489000a800 JavaThread "main" [_thread_blocked, id=3699, stack(0x00007f4895f2e000,0x00007f489602f000)]

Other Threads:
  0x00007f4890078000 VMThread [stack: 0x00007f4877afb000,0x00007f4877bfc000] [id=3709]
  0x00007f48900c4800 WatcherThread [stack: 0x00007f487701a000,0x00007f487711b000] [id=3720]

VM state:not at safepoint (normal execution)

VM Mutex/Monitor currently owned by a thread: None

Heap:
 PSYoungGen      total 17920K, used 3102K [0x00000000ec300000, 0x00000000ed700000, 0x0000000100000000)
  eden space 15360K, 3% used [0x00000000ec300000,0x00000000ec38f818,0x00000000ed200000)
  from space 2560K, 98% used [0x00000000ed480000,0x00000000ed6f8058,0x00000000ed700000)
  to   space 2560K, 0% used [0x00000000ed200000,0x00000000ed200000,0x00000000ed480000)
 ParOldGen       total 40960K, used 3292K [0x00000000c4800000, 0x00000000c7000000, 0x00000000ec300000)
  object space 40960K, 8% used [0x00000000c4800000,0x00000000c4b37360,0x00000000c7000000)
 Metaspace       used 15570K, capacity 16234K, committed 16512K, reserved 1062912K
  class space    used 2210K, capacity 2367K, committed 2432K, reserved 1048576K

Card table byte_map: [0x00007f487f9c6000,0x00007f487fba3000] byte_map_base: 0x00007f487f3a2000

Marking Bits: (ParMarkBitMap*) 0x00007f4895405220
 Begin Bits: [0x00007f487d7c5000, 0x00007f487e6a5000)
 End Bits:   [0x00007f487e6a5000, 0x00007f487f585000)

Polling page: 0x00007f4896054000

CodeCache: size=245760Kb used=4425Kb max_used=4425Kb free=241334Kb
 bounds [0x00007f487ff63000, 0x00007f48803c3000, 0x00007f488ef63000]
 total_blobs=2057 nmethods=1446 adapters=524
 compilation: enabled

Compilation events (10 events):
Event: 6.275 Thread 0x00007f48900be800 nmethod 1434 0x00007f48803b41d0 code [0x00007f48803b4340, 0x00007f48803b44f0]
Event: 6.275 Thread 0x00007f48900be800 1443       1       javafx.scene.text.Text$TextAttribute::access$1700 (5 bytes)
Event: 6.275 Thread 0x00007f48900be800 nmethod 1443 0x00007f48803b3f10 code [0x00007f48803b4060, 0x00007f48803b4150]
Event: 6.275 Thread 0x00007f48900be800 1444       1       javafx.scene.text.Text$TextAttribute::access$1800 (5 bytes)
Event: 6.275 Thread 0x00007f48900be800 nmethod 1444 0x00007f48803b3c50 code [0x00007f48803b3da0, 0x00007f48803b3e90]
Event: 6.275 Thread 0x00007f48900be800 1445       3       java.lang.CharacterDataLatin1::getPropertiesEx (11 bytes)
Event: 6.275 Thread 0x00007f48900be800 nmethod 1445 0x00007f48803b3850 code [0x00007f48803b39c0, 0x00007f48803b3b50]
Event: 6.275 Thread 0x00007f48900be800 1446       3       com.sun.javafx.geom.RectBounds::getWidth (10 bytes)
Event: 6.275 Thread 0x00007f48900be800 nmethod 1446 0x00007f48803b3510 code [0x00007f48803b3660, 0x00007f48803b37d0]
Event: 6.276 Thread 0x00007f48900be800 1447       3       javafx.scene.Node::updateCanReceiveFocus (31 bytes)

GC Heap History (4 events):
Event: 1.035 GC heap before
{Heap before GC invocations=1 (full 0):
 PSYoungGen      total 17920K, used 15360K [0x00000000ec300000, 0x00000000ed700000, 0x0000000100000000)
  eden space 15360K, 100% used [0x00000000ec300000,0x00000000ed200000,0x00000000ed200000)
  from space 2560K, 0% used [0x00000000ed480000,0x00000000ed480000,0x00000000ed700000)
  to   space 2560K, 0% used [0x00000000ed200000,0x00000000ed200000,0x00000000ed480000)
 ParOldGen       total 40960K, used 0K [0x00000000c4800000, 0x00000000c7000000, 0x00000000ec300000)
  object space 40960K, 0% used [0x00000000c4800000,0x00000000c4800000,0x00000000c7000000)
 Metaspace       used 10067K, capacity 10460K, committed 10624K, reserved 1058816K
  class space    used 1240K, capacity 1368K, committed 1408K, reserved 1048576K
Event: 1.043 GC heap after
Heap after GC invocations=1 (full 0):
 PSYoungGen      total 17920K, used 2544K [0x00000000ec300000, 0x00000000ed700000, 0x0000000100000000)
  eden space 15360K, 0% used [0x00000000ec300000,0x00000000ec300000,0x00000000ed200000)
  from space 2560K, 99% used [0x00000000ed200000,0x00000000ed47c040,0x00000000ed480000)
  to   space 2560K, 0% used [0x00000000ed480000,0x00000000ed480000,0x00000000ed700000)
 ParOldGen       total 40960K, used 392K [0x00000000c4800000, 0x00000000c7000000, 0x00000000ec300000)
  object space 40960K, 0% used [0x00000000c4800000,0x00000000c4862000,0x00000000c7000000)
 Metaspace       used 10067K, capacity 10460K, committed 10624K, reserved 1058816K
  class space    used 1240K, capacity 1368K, committed 1408K, reserved 1048576K
}
Event: 6.234 GC heap before
{Heap before GC invocations=2 (full 0):
 PSYoungGen      total 17920K, used 17904K [0x00000000ec300000, 0x00000000ed700000, 0x0000000100000000)
  eden space 15360K, 100% used [0x00000000ec300000,0x00000000ed200000,0x00000000ed200000)
  from space 2560K, 99% used [0x00000000ed200000,0x00000000ed47c040,0x00000000ed480000)
  to   space 2560K, 0% used [0x00000000ed480000,0x00000000ed480000,0x00000000ed700000)
 ParOldGen       total 40960K, used 392K [0x00000000c4800000, 0x00000000c7000000, 0x00000000ec300000)
  object space 40960K, 0% used [0x00000000c4800000,0x00000000c4862000,0x00000000c7000000)
 Metaspace       used 15534K, capacity 16170K, committed 16256K, reserved 1062912K
  class space    used 2210K, capacity 2367K, committed 2432K, reserved 1048576K
Event: 6.243 GC heap after
Heap after GC invocations=2 (full 0):
 PSYoungGen      total 17920K, used 2528K [0x00000000ec300000, 0x00000000ed700000, 0x0000000100000000)
  eden space 15360K, 0% used [0x00000000ec300000,0x00000000ec300000,0x00000000ed200000)
  from space 2560K, 98% used [0x00000000ed480000,0x00000000ed6f8058,0x00000000ed700000)
  to   space 2560K, 0% used [0x00000000ed200000,0x00000000ed200000,0x00000000ed480000)
 ParOldGen       total 40960K, used 3292K [0x00000000c4800000, 0x00000000c7000000, 0x00000000ec300000)
  object space 40960K, 8% used [0x00000000c4800000,0x00000000c4b37360,0x00000000c7000000)
 Metaspace       used 15534K, capacity 16170K, committed 16256K, reserved 1062912K
  class space    used 2210K, capacity 2367K, committed 2432K, reserved 1048576K
}

Deoptimization events (10 events):
Event: 1.395 Thread 0x00007f483c11c800 Uncommon trap: reason=class_check action=maybe_recompile pc=0x00007f48801c7334 method=java.io.DataInputStream.readShort()S @ 4
Event: 1.395 Thread 0x00007f483c11c800 Uncommon trap: reason=class_check action=maybe_recompile pc=0x00007f48801c7334 method=java.io.DataInputStream.readShort()S @ 4
Event: 1.421 Thread 0x00007f483c11c800 Uncommon trap: reason=class_check action=maybe_recompile pc=0x00007f4880082cf8 method=java.lang.String.equals(Ljava/lang/Object;)Z @ 8
Event: 1.421 Thread 0x00007f483c11c800 Uncommon trap: reason=class_check action=maybe_recompile pc=0x00007f4880082cf8 method=java.lang.String.equals(Ljava/lang/Object;)Z @ 8
Event: 1.421 Thread 0x00007f483c11c800 Uncommon trap: reason=class_check action=maybe_recompile pc=0x00007f4880082cf8 method=java.lang.String.equals(Ljava/lang/Object;)Z @ 8
Event: 1.534 Thread 0x00007f483c11c800 Uncommon trap: reason=class_check action=maybe_recompile pc=0x00007f4880082cf8 method=java.lang.String.equals(Ljava/lang/Object;)Z @ 8
Event: 1.675 Thread 0x00007f483c11c800 Uncommon trap: reason=unstable_if action=reinterpret pc=0x00007f488022870c method=sun.net.www.ParseUtil.encodePath(Ljava/lang/String;Z)Ljava/lang/String; @ 109
Event: 1.815 Thread 0x00007f483c11c800 Uncommon trap: reason=unstable_if action=reinterpret pc=0x00007f4880272ca4 method=jdk.internal.org.objectweb.asm.Type.getArgumentsAndReturnSizes(Ljava/lang/String;)I @ 47
Event: 3.248 Thread 0x00007f483c04b800 Uncommon trap: reason=unstable_if action=reinterpret pc=0x00007f4880316b1c method=java.lang.StrictMath.floorOrCeil(DDDD)D @ 115
Event: 4.380 Thread 0x00007f483c11c800 Uncommon trap: reason=unstable_if action=reinterpret pc=0x00007f4880191da0 method=java.lang.CharacterData.of(I)Ljava/lang/CharacterData; @ 4

Internal exceptions (10 events):
Event: 0.477 Thread 0x00007f489018a800 Exception <a 'java/security/PrivilegedActionException'> (0x00000000ec617d80) thrown at [/HUDSON3/workspace/8-2-build-linux-amd64/jdk8u111/7883/hotspot/src/share/vm/prims/jvm.cpp, line 1386]
Event: 0.478 Thread 0x00007f489018a800 Exception <a 'java/security/PrivilegedActionException'> (0x00000000ec61a1c0) thrown at [/HUDSON3/workspace/8-2-build-linux-amd64/jdk8u111/7883/hotspot/src/share/vm/prims/jvm.cpp, line 1386]
Event: 0.478 Thread 0x00007f489018a800 Exception <a 'java/security/PrivilegedActionException'> (0x00000000ec61a3d0) thrown at [/HUDSON3/workspace/8-2-build-linux-amd64/jdk8u111/7883/hotspot/src/share/vm/prims/jvm.cpp, line 1386]
Event: 0.478 Thread 0x00007f489018a800 Exception <a 'java/lang/NullPointerException'> (0x00000000ec61a9a8) thrown at [/HUDSON3/workspace/8-2-build-linux-amd64/jdk8u111/7883/hotspot/src/share/vm/interpreter/linkResolver.cpp, line 1178]
Event: 0.893 Thread 0x00007f483c11c800 Exception <a 'java/lang/NullPointerException'> (0x00000000ece57f60) thrown at [/HUDSON3/workspace/8-2-build-linux-amd64/jdk8u111/7883/hotspot/src/share/vm/interpreter/linkResolver.cpp, line 1178]
Event: 0.893 Thread 0x00007f483c11c800 Exception <a 'java/lang/NullPointerException'> (0x00000000ece57f60) thrown at [/HUDSON3/workspace/8-2-build-linux-amd64/jdk8u111/7883/hotspot/src/share/vm/prims/jvm.cpp, line 1390]
Event: 1.027 Thread 0x00007f483c11c800 Exception <a 'java/lang/ArrayIndexOutOfBoundsException': 58> (0x00000000ed1e6e80) thrown at [/HUDSON3/workspace/8-2-build-linux-amd64/jdk8u111/7883/hotspot/src/share/vm/interpreter/interpreterRuntime.cpp, line 366]
Event: 1.028 Thread 0x00007f483c11c800 Exception <a 'java/lang/ArrayIndexOutOfBoundsException': 18> (0x00000000ed1e7d08) thrown at [/HUDSON3/workspace/8-2-build-linux-amd64/jdk8u111/7883/hotspot/src/share/vm/interpreter/interpreterRuntime.cpp, line 366]
Event: 1.028 Thread 0x00007f483c11c800 Exception <a 'java/lang/ArrayIndexOutOfBoundsException': 86> (0x00000000ed1e90b0) thrown at [/HUDSON3/workspace/8-2-build-linux-amd64/jdk8u111/7883/hotspot/src/share/vm/interpreter/interpreterRuntime.cpp, line 366]
Event: 1.265 Thread 0x00007f483c11c800 Implicit null exception at 0x00007f48801dd5f5 to 0x00007f48801dd7d5

Events (10 events):
Event: 6.117 loading class com/sun/prism/GraphicsResource
Event: 6.117 loading class com/sun/prism/GraphicsResource done
Event: 6.117 loading class com/sun/prism/GraphicsResource
Event: 6.117 loading class com/sun/prism/GraphicsResource done
Event: 6.118 loading class com/sun/javafx/tk/quantum/ViewScene
Event: 6.118 loading class com/sun/javafx/tk/quantum/ViewScene done
Event: 6.120 loading class com/sun/javafx/tk/quantum/WindowStage
Event: 6.120 loading class com/sun/javafx/tk/quantum/WindowStage done
Event: 6.234 Executing VM operation: ParallelGCFailedAllocation
Event: 6.243 Executing VM operation: ParallelGCFailedAllocation done


Dynamic libraries:
00400000-00401000 r-xp 00000000 08:03 2493609                            /usr/lib/jvm/java-8-oracle/bin/java
00600000-00601000 rw-p 00000000 08:03 2493609                            /usr/lib/jvm/java-8-oracle/bin/java
0195e000-0197f000 rw-p 00000000 00:00 0                                  [heap]
40213000-402b3000 rw-p 00000000 00:00 0 
405ab000-405ad000 r-xs 00000000 08:03 262241                             /tmp/.glGgP5Od (deleted)
c4800000-c7000000 rw-p 00000000 00:00 0 
c7000000-ec300000 ---p 00000000 00:00 0 
ec300000-ed700000 rw-p 00000000 00:00 0 
ed700000-100000000 ---p 00000000 00:00 0 
100000000-100260000 rw-p 00000000 00:00 0 
100260000-140000000 ---p 00000000 00:00 0 
7f4810000000-7f48104f1000 rw-p 00000000 00:00 0 
7f48104f1000-7f4814000000 ---p 00000000 00:00 0 
7f4814000000-7f4814021000 rw-p 00000000 00:00 0 
7f4814021000-7f4818000000 ---p 00000000 00:00 0 
7f4818000000-7f4818021000 rw-p 00000000 00:00 0 
7f4818021000-7f481c000000 ---p 00000000 00:00 0 
7f481c000000-7f481c022000 rw-p 00000000 00:00 0 
7f481c022000-7f4820000000 ---p 00000000 00:00 0 
7f4820000000-7f4820021000 rw-p 00000000 00:00 0 
7f4820021000-7f4824000000 ---p 00000000 00:00 0 
7f4825f38000-7f4826138000 rw-s 156861000 00:06 552                       /dev/nvidiactl
7f4826138000-7f4826939000 rw-p 00000000 00:00 0 
7f4826939000-7f4826b39000 rw-s 91c3a000 00:06 552                        /dev/nvidiactl
7f4826b39000-7f4826cf9000 rw-p 00000000 00:00 0 
7f4826cf9000-7f4826d39000 ---p 00000000 00:00 0 
7f4826d39000-7f4826d3c000 ---p 00000000 00:00 0 
7f4826d3c000-7f4826e3a000 rw-p 00000000 00:00 0 
7f4826e3a000-7f4826ef3000 r--p 00000000 08:03 1312293                    /usr/share/fonts/truetype/dejavu/DejaVuSans.ttf
7f4826ef3000-7f4826f48000 r--p 00000000 08:03 2493784                    /usr/lib/jvm/java-8-oracle/jre/lib/fonts/LucidaBrightRegular.ttf
7f4826f48000-7f4826ff3000 r--p 00000000 08:03 2493781                    /usr/lib/jvm/java-8-oracle/jre/lib/fonts/LucidaSansRegular.ttf
7f4826ff3000-7f4826ff7000 r-xp 00000000 08:03 2493730                    /usr/lib/jvm/java-8-oracle/jre/lib/amd64/libjavafx_font_pango.so
7f4826ff7000-7f48271f6000 ---p 00004000 08:03 2493730                    /usr/lib/jvm/java-8-oracle/jre/lib/amd64/libjavafx_font_pango.so
7f48271f6000-7f48271f7000 rw-p 00003000 08:03 2493730                    /usr/lib/jvm/java-8-oracle/jre/lib/amd64/libjavafx_font_pango.so
7f48271f7000-7f48273f7000 rw-p 00000000 00:00 0 
7f48273f7000-7f48273fc000 r-xp 00000000 08:03 2493726                    /usr/lib/jvm/java-8-oracle/jre/lib/amd64/libjavafx_font_freetype.so
7f48273fc000-7f48275fb000 ---p 00005000 08:03 2493726                    /usr/lib/jvm/java-8-oracle/jre/lib/amd64/libjavafx_font_freetype.so
7f48275fb000-7f48275fc000 rw-p 00004000 08:03 2493726                    /usr/lib/jvm/java-8-oracle/jre/lib/amd64/libjavafx_font_freetype.so
7f48275fc000-7f48275ff000 r-xp 00000000 08:03 2493688                    /usr/lib/jvm/java-8-oracle/jre/lib/amd64/libjavafx_font.so
7f48275ff000-7f48277fe000 ---p 00003000 08:03 2493688                    /usr/lib/jvm/java-8-oracle/jre/lib/amd64/libjavafx_font.so
7f48277fe000-7f48277ff000 rw-p 00002000 08:03 2493688                    /usr/lib/jvm/java-8-oracle/jre/lib/amd64/libjavafx_font.so
7f48277ff000-7f4827800000 ---p 00000000 00:00 0 
7f4827800000-7f4828000000 rw-p 00000000 00:00 0 
7f4828000000-7f4828021000 rw-p 00000000 00:00 0 
7f4828021000-7f482c000000 ---p 00000000 00:00 0 
7f482c022000-7f482c036000 r--p 00000000 08:03 2493785                    /usr/lib/jvm/java-8-oracle/jre/lib/fonts/LucidaBrightItalic.ttf
7f482c036000-7f482c049000 r--p 00000000 08:03 2493789                    /usr/lib/jvm/java-8-oracle/jre/lib/fonts/LucidaBrightDemiItalic.ttf
7f482c049000-7f482c083000 r--p 00000000 08:03 2493783                    /usr/lib/jvm/java-8-oracle/jre/lib/fonts/LucidaTypewriterBold.ttf
7f482c083000-7f482c096000 r--p 00000000 08:03 2493782                    /usr/lib/jvm/java-8-oracle/jre/lib/fonts/LucidaBrightDemiBold.ttf
7f482c096000-7f482c0d2000 r--p 00000000 08:03 2493787                    /usr/lib/jvm/java-8-oracle/jre/lib/fonts/LucidaTypewriterRegular.ttf
7f482c0d2000-7f482c120000 r--p 00000000 08:03 2493788                    /usr/lib/jvm/java-8-oracle/jre/lib/fonts/LucidaSansDemiBold.ttf
7f482c120000-7f482c125000 r--s 00084000 08:03 2493792                    /usr/lib/jvm/java-8-oracle/jre/lib/jfr.jar
7f482c125000-7f482c130000 r--s 00000000 08:03 664008                     /var/cache/fontconfig/945677eb7aeaf62f1d50efc3fb3ec7d8-le64.cache-6
7f482c130000-7f482c136000 r--s 00000000 08:03 664037                     /var/cache/fontconfig/2cd17615ca594fa2959ae173292e504c-le64.cache-6
7f482c136000-7f482c14b000 r--s 00000000 08:03 664034                     /var/cache/fontconfig/04aabc0a78ac019cf9454389977116d2-le64.cache-6
7f482c14b000-7f482c14f000 r--s 00000000 08:03 664032                     /var/cache/fontconfig/385c0604a188198f04d133e54aba7fe7-le64.cache-6
7f482c14f000-7f482c154000 r--s 00000000 08:03 664018                     /var/cache/fontconfig/8801497958630a81b71ace7c5f9b32a8-le64.cache-6
7f482c154000-7f482c15b000 r--s 00000000 08:03 664015                     /var/cache/fontconfig/3047814df9a2f067bd2d96a2b9c36e5a-le64.cache-6
7f482c15b000-7f482c161000 r--s 00000000 08:03 664011                     /var/cache/fontconfig/b47c4e1ecd0709278f4910c18777a504-le64.cache-6
7f482c161000-7f482c361000 rw-p 00000000 00:00 0 
7f482c361000-7f482c364000 ---p 00000000 00:00 0 
7f482c364000-7f482c462000 rw-p 00000000 00:00 0 
7f482c462000-7f482c463000 ---p 00000000 00:00 0 
7f482c463000-7f482cc63000 rw-p 00000000 00:00 0 
7f482cc63000-7f482cc66000 ---p 00000000 00:00 0 
7f482cc66000-7f482cd64000 rw-p 00000000 00:00 0 
7f482cd64000-7f482cd65000 ---p 00000000 00:00 0 
7f482cd65000-7f482d565000 rw-p 00000000 00:00 0 
7f482d565000-7f482d570000 r-xp 00000000 08:03 657319                     /usr/lib/x86_64-linux-gnu/gio/modules/libdconfsettings.so
7f482d570000-7f482d770000 ---p 0000b000 08:03 657319                     /usr/lib/x86_64-linux-gnu/gio/modules/libdconfsettings.so
7f482d770000-7f482d771000 r--p 0000b000 08:03 657319                     /usr/lib/x86_64-linux-gnu/gio/modules/libdconfsettings.so
7f482d771000-7f482d772000 rw-p 0000c000 08:03 657319                     /usr/lib/x86_64-linux-gnu/gio/modules/libdconfsettings.so
7f482d772000-7f482d779000 r-xp 00000000 08:03 403656                     /usr/lib/x86_64-linux-gnu/libogg.so.0.8.2
7f482d779000-7f482d979000 ---p 00007000 08:03 403656                     /usr/lib/x86_64-linux-gnu/libogg.so.0.8.2
7f482d979000-7f482d97a000 r--p 00007000 08:03 403656                     /usr/lib/x86_64-linux-gnu/libogg.so.0.8.2
7f482d97a000-7f482d97b000 rw-p 00008000 08:03 403656                     /usr/lib/x86_64-linux-gnu/libogg.so.0.8.2
7f482d97b000-7f482d9a5000 r-xp 00000000 08:03 404005                     /usr/lib/x86_64-linux-gnu/libvorbis.so.0.4.8
7f482d9a5000-7f482dba5000 ---p 0002a000 08:03 404005                     /usr/lib/x86_64-linux-gnu/libvorbis.so.0.4.8
7f482dba5000-7f482dba6000 r--p 0002a000 08:03 404005                     /usr/lib/x86_64-linux-gnu/libvorbis.so.0.4.8
7f482dba6000-7f482dba7000 rw-p 0002b000 08:03 404005                     /usr/lib/x86_64-linux-gnu/libvorbis.so.0.4.8
7f482dba7000-7f482dbb0000 r-xp 00000000 08:03 403523                     /usr/lib/x86_64-linux-gnu/libltdl.so.7.3.1
7f482dbb0000-7f482ddaf000 ---p 00009000 08:03 403523                     /usr/lib/x86_64-linux-gnu/libltdl.so.7.3.1
7f482ddaf000-7f482ddb0000 r--p 00008000 08:03 403523                     /usr/lib/x86_64-linux-gnu/libltdl.so.7.3.1
7f482ddb0000-7f482ddb1000 rw-p 00009000 08:03 403523                     /usr/lib/x86_64-linux-gnu/libltdl.so.7.3.1
7f482ddb1000-7f482ddc5000 r-xp 00000000 08:03 403898                     /usr/lib/x86_64-linux-gnu/libtdb.so.1.3.8
7f482ddc5000-7f482dfc4000 ---p 00014000 08:03 403898                     /usr/lib/x86_64-linux-gnu/libtdb.so.1.3.8
7f482dfc4000-7f482dfc5000 r--p 00013000 08:03 403898                     /usr/lib/x86_64-linux-gnu/libtdb.so.1.3.8
7f482dfc5000-7f482dfc6000 rw-p 00014000 08:03 403898                     /usr/lib/x86_64-linux-gnu/libtdb.so.1.3.8
7f482dfc6000-7f482dfcd000 r-xp 00000000 08:03 404009                     /usr/lib/x86_64-linux-gnu/libvorbisfile.so.3.3.7
7f482dfcd000-7f482e1cd000 ---p 00007000 08:03 404009                     /usr/lib/x86_64-linux-gnu/libvorbisfile.so.3.3.7
7f482e1cd000-7f482e1ce000 r--p 00007000 08:03 404009                     /usr/lib/x86_64-linux-gnu/libvorbisfile.so.3.3.7
7f482e1ce000-7f482e1cf000 rw-p 00008000 08:03 404009                     /usr/lib/x86_64-linux-gnu/libvorbisfile.so.3.3.7
7f482e1cf000-7f482e1df000 r-xp 00000000 08:03 402920                     /usr/lib/x86_64-linux-gnu/libcanberra.so.0.2.5
7f482e1df000-7f482e3de000 ---p 00010000 08:03 402920                     /usr/lib/x86_64-linux-gnu/libcanberra.so.0.2.5
7f482e3de000-7f482e3df000 r--p 0000f000 08:03 402920                     /usr/lib/x86_64-linux-gnu/libcanberra.so.0.2.5
7f482e3df000-7f482e3e0000 rw-p 00010000 08:03 402920                     /usr/lib/x86_64-linux-gnu/libcanberra.so.0.2.5
7f482e3e0000-7f482e3e4000 r-xp 00000000 08:03 402916                     /usr/lib/x86_64-linux-gnu/libcanberra-gtk.so.0.1.9
7f482e3e4000-7f482e5e3000 ---p 00004000 08:03 402916                     /usr/lib/x86_64-linux-gnu/libcanberra-gtk.so.0.1.9
7f482e5e3000-7f482e5e4000 r--p 00003000 08:03 402916                     /usr/lib/x86_64-linux-gnu/libcanberra-gtk.so.0.1.9
7f482e5e4000-7f482e5e5000 rw-p 00004000 08:03 402916                     /usr/lib/x86_64-linux-gnu/libcanberra-gtk.so.0.1.9
7f482e5e5000-7f482e5ea000 r-xp 00000000 08:03 657534                     /usr/lib/x86_64-linux-gnu/gtk-2.0/modules/libcanberra-gtk-module.so
7f482e5ea000-7f482e7e9000 ---p 00005000 08:03 657534                     /usr/lib/x86_64-linux-gnu/gtk-2.0/modules/libcanberra-gtk-module.so
7f482e7e9000-7f482e7ea000 r--p 00004000 08:03 657534                     /usr/lib/x86_64-linux-gnu/gtk-2.0/modules/libcanberra-gtk-module.so
7f482e7ea000-7f482e7eb000 rw-p 00005000 08:03 657534                     /usr/lib/x86_64-linux-gnu/gtk-2.0/modules/libcanberra-gtk-module.so
7f482e7eb000-7f482e81b000 r-xp 00000000 08:03 657346                     /usr/lib/x86_64-linux-gnu/gtk-2.0/2.10.0/engines/libmurrine.so
7f482e81b000-7f482ea1b000 ---p 00030000 08:03 657346                     /usr/lib/x86_64-linux-gnu/gtk-2.0/2.10.0/engines/libmurrine.so
7f482ea1b000-7f482ea1c000 r--p 00030000 08:03 657346                     /usr/lib/x86_64-linux-gnu/gtk-2.0/2.10.0/engines/libmurrine.so
7f482ea1c000-7f482ea1d000 rw-p 00031000 08:03 657346                     /usr/lib/x86_64-linux-gnu/gtk-2.0/2.10.0/engines/libmurrine.so
7f482ea1d000-7f482ea2d000 r-xp 00000000 08:03 403954                     /usr/lib/x86_64-linux-gnu/libunity-gtk2-parser.so.0.0.0
7f482ea2d000-7f482ec2d000 ---p 00010000 08:03 403954                     /usr/lib/x86_64-linux-gnu/libunity-gtk2-parser.so.0.0.0
7f482ec2d000-7f482ec2e000 r--p 00010000 08:03 403954                     /usr/lib/x86_64-linux-gnu/libunity-gtk2-parser.so.0.0.0
7f482ec2e000-7f482ec2f000 rw-p 00011000 08:03 403954                     /usr/lib/x86_64-linux-gnu/libunity-gtk2-parser.so.0.0.0
7f482ec2f000-7f482ec34000 r-xp 00000000 08:03 657538                     /usr/lib/x86_64-linux-gnu/gtk-2.0/modules/libunity-gtk-module.so
7f482ec34000-7f482ee33000 ---p 00005000 08:03 657538                     /usr/lib/x86_64-linux-gnu/gtk-2.0/modules/libunity-gtk-module.so
7f482ee33000-7f482ee34000 r--p 00004000 08:03 657538                     /usr/lib/x86_64-linux-gnu/gtk-2.0/modules/libunity-gtk-module.so
7f482ee34000-7f482ee35000 rw-p 00005000 08:03 657538                     /usr/lib/x86_64-linux-gnu/gtk-2.0/modules/libunity-gtk-module.so
7f482ee35000-7f482ee47000 r-xp 00000000 08:03 1840172                    /lib/x86_64-linux-gnu/libgpg-error.so.0.17.0
7f482ee47000-7f482f047000 ---p 00012000 08:03 1840172                    /lib/x86_64-linux-gnu/libgpg-error.so.0.17.0
7f482f047000-7f482f048000 r--p 00012000 08:03 1840172                    /lib/x86_64-linux-gnu/libgpg-error.so.0.17.0
7f482f048000-7f482f049000 rw-p 00013000 08:03 1840172                    /lib/x86_64-linux-gnu/libgpg-error.so.0.17.0
7f482f049000-7f482f121000 r-xp 00000000 08:03 1839881                    /lib/x86_64-linux-gnu/libgcrypt.so.20.0.5
7f482f121000-7f482f320000 ---p 000d8000 08:03 1839881                    /lib/x86_64-linux-gnu/libgcrypt.so.20.0.5
7f482f320000-7f482f321000 r--p 000d7000 08:03 1839881                    /lib/x86_64-linux-gnu/libgcrypt.so.20.0.5
7f482f321000-7f482f329000 rw-p 000d8000 08:03 1839881                    /lib/x86_64-linux-gnu/libgcrypt.so.20.0.5
7f482f329000-7f482f32a000 rw-p 00000000 00:00 0 
7f482f32a000-7f482f34b000 r-xp 00000000 08:03 1840195                    /lib/x86_64-linux-gnu/liblzma.so.5.0.0
7f482f34b000-7f482f54a000 ---p 00021000 08:03 1840195                    /lib/x86_64-linux-gnu/liblzma.so.5.0.0
7f482f54a000-7f482f54b000 r--p 00020000 08:03 1840195                    /lib/x86_64-linux-gnu/liblzma.so.5.0.0
7f482f54b000-7f482f54c000 rw-p 00021000 08:03 1840195                    /lib/x86_64-linux-gnu/liblzma.so.5.0.0
7f482f54c000-7f482f596000 r-xp 00000000 08:03 1839804                    /lib/x86_64-linux-gnu/libdbus-1.so.3.14.6
7f482f596000-7f482f796000 ---p 0004a000 08:03 1839804                    /lib/x86_64-linux-gnu/libdbus-1.so.3.14.6
7f482f796000-7f482f797000 r--p 0004a000 08:03 1839804                    /lib/x86_64-linux-gnu/libdbus-1.so.3.14.6
7f482f797000-7f482f798000 rw-p 0004b000 08:03 1839804                    /lib/x86_64-linux-gnu/libdbus-1.so.3.14.6
7f482f798000-7f482f7c4000 r-xp 00000000 08:03 402862                     /usr/lib/x86_64-linux-gnu/libatspi.so.0.0.1
7f482f7c4000-7f482f9c3000 ---p 0002c000 08:03 402862                     /usr/lib/x86_64-linux-gnu/libatspi.so.0.0.1
7f482f9c3000-7f482f9c6000 r--p 0002b000 08:03 402862                     /usr/lib/x86_64-linux-gnu/libatspi.so.0.0.1
7f482f9c6000-7f482f9c7000 rw-p 0002e000 08:03 402862                     /usr/lib/x86_64-linux-gnu/libatspi.so.0.0.1
7f482f9c7000-7f482f9f4000 r-xp 00000000 08:03 402856                     /usr/lib/x86_64-linux-gnu/libatk-bridge-2.0.so.0.0.0
7f482f9f4000-7f482fbf3000 ---p 0002d000 08:03 402856                     /usr/lib/x86_64-linux-gnu/libatk-bridge-2.0.so.0.0.0
7f482fbf3000-7f482fbf4000 r--p 0002c000 08:03 402856                     /usr/lib/x86_64-linux-gnu/libatk-bridge-2.0.so.0.0.0
7f482fbf4000-7f482fbf6000 rw-p 0002d000 08:03 402856                     /usr/lib/x86_64-linux-gnu/libatk-bridge-2.0.so.0.0.0
7f482fbf6000-7f482fbf7000 r-xp 00000000 08:03 657533                     /usr/lib/x86_64-linux-gnu/gtk-2.0/modules/libatk-bridge.so
7f482fbf7000-7f482fdf6000 ---p 00001000 08:03 657533                     /usr/lib/x86_64-linux-gnu/gtk-2.0/modules/libatk-bridge.so
7f482fdf6000-7f482fdf7000 r--p 00000000 08:03 657533                     /usr/lib/x86_64-linux-gnu/gtk-2.0/modules/libatk-bridge.so
7f482fdf7000-7f482fdf8000 rw-p 00001000 08:03 657533                     /usr/lib/x86_64-linux-gnu/gtk-2.0/modules/libatk-bridge.so
7f482fdf8000-7f482fdff000 r-xp 00000000 08:03 403191                     /usr/lib/x86_64-linux-gnu/libgailutil.so.18.0.1
7f482fdff000-7f482fffe000 ---p 00007000 08:03 403191                     /usr/lib/x86_64-linux-gnu/libgailutil.so.18.0.1
7f482fffe000-7f482ffff000 r--p 00006000 08:03 403191                     /usr/lib/x86_64-linux-gnu/libgailutil.so.18.0.1
7f482ffff000-7f4830000000 rw-p 00007000 08:03 403191                     /usr/lib/x86_64-linux-gnu/libgailutil.so.18.0.1
7f4830000000-7f48307fc000 rw-p 00000000 00:00 0 
7f48307fc000-7f4834000000 ---p 00000000 00:00 0 
7f4834000000-7f4834001000 r--s 00000000 08:03 664036                     /var/cache/fontconfig/0d8c3b2ac0904cb8a57a757ad11a4a08-le64.cache-6
7f4834001000-7f4834002000 r--s 00000000 08:03 664033                     /var/cache/fontconfig/1ac9eb803944fde146138c791f5cc56a-le64.cache-6
7f4834002000-7f4834003000 r--s 00000000 08:03 664030                     /var/cache/fontconfig/dc05db6664285cc2f12bf69c139ae4c3-le64.cache-6
7f4834003000-7f4834016000 r--s 00000000 08:03 664009                     /var/cache/fontconfig/d52a8644073d54c13679302ca1180695-le64.cache-6
7f4834016000-7f483405e000 r--p 00000000 08:03 1312548                    /usr/share/glib-2.0/schemas/gschemas.compiled
7f483405e000-7f48340de000 r-xp 00000000 08:03 1836670                    /lib/x86_64-linux-gnu/libsystemd.so.0.14.0
7f48340de000-7f48340e1000 r--p 0007f000 08:03 1836670                    /lib/x86_64-linux-gnu/libsystemd.so.0.14.0
7f48340e1000-7f48340e2000 rw-p 00082000 08:03 1836670                    /lib/x86_64-linux-gnu/libsystemd.so.0.14.0
7f48340e2000-7f48340e3000 rw-p 00000000 00:00 0 
7f48340e3000-7f48340e6000 r--s 00000000 08:03 664029                     /var/cache/fontconfig/767a8244fc0220cfb567a839d0392e0b-le64.cache-6
7f48340e6000-7f48340e7000 r--s 00000000 08:03 664027                     /var/cache/fontconfig/4794a0821666d79190d59a36cb4f44b5-le64.cache-6
7f48340e7000-7f48340e8000 r--s 00000000 08:03 664017                     /var/cache/fontconfig/bab58bb527bb656aaa9f116d68a48d89-le64.cache-6
7f48340e8000-7f48340f3000 r--s 00000000 08:03 663991                     /var/cache/fontconfig/83bf95040141907cd45bb53cf7c1c148-le64.cache-6
7f48340f3000-7f4834105000 r--s 00000000 08:03 663987                     /var/cache/fontconfig/9b89f8e3dae116d678bbf48e5f21f69b-le64.cache-6
7f4834105000-7f4834153000 r-xp 00000000 08:03 657536                     /usr/lib/x86_64-linux-gnu/gtk-2.0/modules/libgail.so
7f4834153000-7f4834352000 ---p 0004e000 08:03 657536                     /usr/lib/x86_64-linux-gnu/gtk-2.0/modules/libgail.so
7f4834352000-7f4834353000 r--p 0004d000 08:03 657536                     /usr/lib/x86_64-linux-gnu/gtk-2.0/modules/libgail.so
7f4834353000-7f4834355000 rw-p 0004e000 08:03 657536                     /usr/lib/x86_64-linux-gnu/gtk-2.0/modules/libgail.so
7f4834355000-7f4834366000 r-xp 00000000 08:03 657537                     /usr/lib/x86_64-linux-gnu/gtk-2.0/modules/liboverlay-scrollbar.so
7f4834366000-7f4834566000 ---p 00011000 08:03 657537                     /usr/lib/x86_64-linux-gnu/gtk-2.0/modules/liboverlay-scrollbar.so
7f4834566000-7f4834567000 r--p 00011000 08:03 657537                     /usr/lib/x86_64-linux-gnu/gtk-2.0/modules/liboverlay-scrollbar.so
7f4834567000-7f4834568000 rw-p 00012000 08:03 657537                     /usr/lib/x86_64-linux-gnu/gtk-2.0/modules/liboverlay-scrollbar.so
7f4834568000-7f4834591000 r-xp 00000000 08:03 2493738                    /usr/lib/jvm/java-8-oracle/jre/lib/amd64/libglass.so
7f4834591000-7f4834790000 ---p 00029000 08:03 2493738                    /usr/lib/jvm/java-8-oracle/jre/lib/amd64/libglass.so
7f4834790000-7f4834793000 rw-p 00028000 08:03 2493738                    /usr/lib/jvm/java-8-oracle/jre/lib/amd64/libglass.so
7f4834793000-7f4834813000 rw-s 8e026000 00:06 552                        /dev/nvidiactl
7f4834813000-7f4834893000 rw-s 91d5a000 00:06 552                        /dev/nvidiactl
7f4834893000-7f4834993000 rw-s 90e0f000 00:06 552                        /dev/nvidiactl
7f4834993000-7f4835d2c000 r-xp 00000000 08:03 397054                     /usr/lib/nvidia-367/libnvidia-glcore.so.367.57
7f4835d2c000-7f4835d4c000 rwxp 01399000 08:03 397054                     /usr/lib/nvidia-367/libnvidia-glcore.so.367.57
7f4835d4c000-7f48360ed000 r-xp 013b9000 08:03 397054                     /usr/lib/nvidia-367/libnvidia-glcore.so.367.57
7f48360ed000-7f48362ec000 ---p 0175a000 08:03 397054                     /usr/lib/nvidia-367/libnvidia-glcore.so.367.57
7f48362ec000-7f48366b4000 rw-p 01759000 08:03 397054                     /usr/lib/nvidia-367/libnvidia-glcore.so.367.57
7f48366b4000-7f48366cc000 rw-p 00000000 00:00 0 
7f48366cc000-7f48366cf000 r-xp 00000000 08:03 397058                     /usr/lib/nvidia-367/tls/libnvidia-tls.so.367.57
7f48366cf000-7f48368cf000 ---p 00003000 08:03 397058                     /usr/lib/nvidia-367/tls/libnvidia-tls.so.367.57
7f48368cf000-7f48368d0000 rw-p 00003000 08:03 397058                     /usr/lib/nvidia-367/tls/libnvidia-tls.so.367.57
7f48368d0000-7f4836998000 r-xp 00000000 08:03 397034                     /usr/lib/nvidia-367/libGLX_nvidia.so.367.57
7f4836998000-7f48369cc000 rwxp 000c8000 08:03 397034                     /usr/lib/nvidia-367/libGLX_nvidia.so.367.57
7f48369cc000-7f48369df000 r-xp 000fc000 08:03 397034                     /usr/lib/nvidia-367/libGLX_nvidia.so.367.57
7f48369df000-7f4836bdf000 ---p 0010f000 08:03 397034                     /usr/lib/nvidia-367/libGLX_nvidia.so.367.57
7f4836bdf000-7f4836c07000 rw-p 0010f000 08:03 397034                     /usr/lib/nvidia-367/libGLX_nvidia.so.367.57
7f4836c07000-7f4836c0e000 rw-p 00000000 00:00 0 
7f4836c0e000-7f4836c14000 r-xp 00000000 08:03 403003                     /usr/lib/x86_64-linux-gnu/libdatrie.so.1.3.3
7f4836c14000-7f4836e14000 ---p 00006000 08:03 403003                     /usr/lib/x86_64-linux-gnu/libdatrie.so.1.3.3
7f4836e14000-7f4836e15000 r--p 00006000 08:03 403003                     /usr/lib/x86_64-linux-gnu/libdatrie.so.1.3.3
7f4836e15000-7f4836e16000 rw-p 00007000 08:03 403003                     /usr/lib/x86_64-linux-gnu/libdatrie.so.1.3.3
7f4836e16000-7f4836e1b000 r-xp 00000000 08:03 402761                     /usr/lib/x86_64-linux-gnu/libXdmcp.so.6.0.0
7f4836e1b000-7f483701a000 ---p 00005000 08:03 402761                     /usr/lib/x86_64-linux-gnu/libXdmcp.so.6.0.0
7f483701a000-7f483701b000 r--p 00004000 08:03 402761                     /usr/lib/x86_64-linux-gnu/libXdmcp.so.6.0.0
7f483701b000-7f483701c000 rw-p 00005000 08:03 402761                     /usr/lib/x86_64-linux-gnu/libXdmcp.so.6.0.0
7f483701c000-7f483701e000 r-xp 00000000 08:03 402750                     /usr/lib/x86_64-linux-gnu/libXau.so.6.0.0
7f483701e000-7f483721e000 ---p 00002000 08:03 402750                     /usr/lib/x86_64-linux-gnu/libXau.so.6.0.0
7f483721e000-7f483721f000 r--p 00002000 08:03 402750                     /usr/lib/x86_64-linux-gnu/libXau.so.6.0.0
7f483721f000-7f4837220000 rw-p 00003000 08:03 402750                     /usr/lib/x86_64-linux-gnu/libXau.so.6.0.0
7f4837220000-7f4837243000 r-xp 00000000 08:03 403307                     /usr/lib/x86_64-linux-gnu/libgraphite2.so.3.0.1
7f4837243000-7f4837442000 ---p 00023000 08:03 403307                     /usr/lib/x86_64-linux-gnu/libgraphite2.so.3.0.1
7f4837442000-7f4837444000 r--p 00022000 08:03 403307                     /usr/lib/x86_64-linux-gnu/libgraphite2.so.3.0.1
7f4837444000-7f4837445000 rw-p 00024000 08:03 403307                     /usr/lib/x86_64-linux-gnu/libgraphite2.so.3.0.1
7f4837445000-7f4837493000 r-xp 00000000 08:03 397050                     /usr/lib/nvidia-367/libGLdispatch.so.0
7f4837493000-7f48374c5000 r-xp 0004e000 08:03 397050                     /usr/lib/nvidia-367/libGLdispatch.so.0
7f48374c5000-7f48374ff000 r-xp 00080000 08:03 397050                     /usr/lib/nvidia-367/libGLdispatch.so.0
7f48374ff000-7f48376ff000 ---p 000ba000 08:03 397050                     /usr/lib/nvidia-367/libGLdispatch.so.0
7f48376ff000-7f483770e000 rw-p 000ba000 08:03 397050                     /usr/lib/nvidia-367/libGLdispatch.so.0
7f483770e000-7f483772e000 rw-p 00000000 00:00 0 
7f483772e000-7f483773e000 r-xp 00000000 08:03 397067                     /usr/lib/nvidia-367/libGLX.so.0
7f483773e000-7f483793e000 ---p 00010000 08:03 397067                     /usr/lib/nvidia-367/libGLX.so.0
7f483793e000-7f483793f000 rw-p 00010000 08:03 397067                     /usr/lib/nvidia-367/libGLX.so.0
7f483793f000-7f483795f000 rw-p 00000000 00:00 0 
7f483795f000-7f48379cd000 r-xp 00000000 08:03 1840257                    /lib/x86_64-linux-gnu/libpcre.so.3.13.2
7f48379cd000-7f4837bcd000 ---p 0006e000 08:03 1840257                    /lib/x86_64-linux-gnu/libpcre.so.3.13.2
7f4837bcd000-7f4837bce000 r--p 0006e000 08:03 1840257                    /lib/x86_64-linux-gnu/libpcre.so.3.13.2
7f4837bce000-7f4837bcf000 rw-p 0006f000 08:03 1840257                    /lib/x86_64-linux-gnu/libpcre.so.3.13.2
7f4837bcf000-7f4837bd6000 r-xp 00000000 08:03 403132                     /usr/lib/x86_64-linux-gnu/libffi.so.6.0.4
7f4837bd6000-7f4837dd5000 ---p 00007000 08:03 403132                     /usr/lib/x86_64-linux-gnu/libffi.so.6.0.4
7f4837dd5000-7f4837dd6000 r--p 00006000 08:03 403132                     /usr/lib/x86_64-linux-gnu/libffi.so.6.0.4
7f4837dd6000-7f4837dd7000 rw-p 00007000 08:03 403132                     /usr/lib/x86_64-linux-gnu/libffi.so.6.0.4
7f4837dd7000-7f4837dfd000 r-xp 00000000 08:03 1835072                    /lib/x86_64-linux-gnu/libexpat.so.1.6.0
7f4837dfd000-7f4837ffd000 ---p 00026000 08:03 1835072                    /lib/x86_64-linux-gnu/libexpat.so.1.6.0
7f4837ffd000-7f4837fff000 r--p 00026000 08:03 1835072                    /lib/x86_64-linux-gnu/libexpat.so.1.6.0
7f4837fff000-7f4838000000 rw-p 00028000 08:03 1835072                    /lib/x86_64-linux-gnu/libexpat.so.1.6.0
7f4838000000-7f4838021000 rw-p 00000000 00:00 0 
7f4838021000-7f483c000000 ---p 00000000 00:00 0 
7f483c000000-7f483c11f000 rw-p 00000000 00:00 0 
7f483c11f000-7f4840000000 ---p 00000000 00:00 0 
7f4840000000-7f4840021000 rw-p 00000000 00:00 0 
7f4840021000-7f4844000000 ---p 00000000 00:00 0 
7f4844000000-7f4844021000 rw-p 00000000 00:00 0 
7f4844021000-7f4848000000 ---p 00000000 00:00 0 
7f4848000000-7f48481d9000 rw-p 00000000 00:00 0 
7f48481d9000-7f484c000000 ---p 00000000 00:00 0 
7f484c000000-7f484c3c4000 rw-p 00000000 00:00 0 
7f484c3c4000-7f4850000000 ---p 00000000 00:00 0 
7f4850000000-7f4850021000 rw-p 00000000 00:00 0 
7f4850021000-7f4854000000 ---p 00000000 00:00 0 
7f4854000000-7f4854236000 rw-p 00000000 00:00 0 
7f4854236000-7f4858000000 ---p 00000000 00:00 0 
7f4858000000-7f4858021000 rw-p 00000000 00:00 0 
7f4858021000-7f485c000000 ---p 00000000 00:00 0 
7f485c000000-7f485c021000 rw-p 00000000 00:00 0 
7f485c021000-7f4860000000 ---p 00000000 00:00 0 
7f4860000000-7f4860021000 rw-p 00000000 00:00 0 
7f4860021000-7f4864000000 ---p 00000000 00:00 0 
7f4864000000-7f4864021000 rw-p 00000000 00:00 0 
7f4864021000-7f4868000000 ---p 00000000 00:00 0 
7f4868000000-7f4868021000 rw-p 00000000 00:00 0 
7f4868021000-7f486c000000 ---p 00000000 00:00 0 
7f486c000000-7f486c001000 r--s 00000000 08:03 664014                     /var/cache/fontconfig/56cf4f4769d0f4abc89a4895d7bd3ae1-le64.cache-6
7f486c001000-7f486c002000 r--s 00000000 08:03 664012                     /var/cache/fontconfig/b9d506c9ac06c20b433354fa67a72993-le64.cache-6
7f486c002000-7f486c003000 r--s 00000000 08:03 664007                     /var/cache/fontconfig/551ecf3b0e8b0bca0f25c0944f561853-le64.cache-6
7f486c003000-7f486c007000 r--s 00000000 08:03 664006                     /var/cache/fontconfig/d589a48862398ed80a3d6066f4f56f4c-le64.cache-6
7f486c007000-7f486c008000 r--s 00000000 08:03 664005                     /var/cache/fontconfig/30829fa25452a46451e813d634d7f916-le64.cache-6
7f486c008000-7f486c015000 r--s 00000000 08:03 656609                     /var/cache/fontconfig/e13b20fdb08344e0e664864cc2ede53d-le64.cache-6
7f486c015000-7f486c019000 r--s 00000000 08:03 663970                     /var/cache/fontconfig/7ef2298fde41cc6eeb7af42e48b7d293-le64.cache-6
7f486c019000-7f486c01e000 r--p 00000000 08:06 1316917                    /home/mostafa/.config/dconf/user
7f486c01e000-7f486c09e000 rw-s 333f0000 00:06 552                        /dev/nvidiactl
7f486c09e000-7f486c0b1000 rw-s 91deb000 00:06 552                        /dev/nvidiactl
7f486c0b1000-7f486c0d1000 rw-s a00a0000 00:06 553                        /dev/nvidia0
7f486c0d1000-7f486c111000 rw-s 91d8b000 00:06 552                        /dev/nvidiactl
7f486c111000-7f486c131000 rw-s 90be2000 00:06 552                        /dev/nvidiactl
7f486c131000-7f486c171000 rw-s 90f3d000 00:06 552                        /dev/nvidiactl
7f486c171000-7f486c179000 r-xp 00000000 08:03 403906                     /usr/lib/x86_64-linux-gnu/libthai.so.0.2.4
7f486c179000-7f486c378000 ---p 00008000 08:03 403906                     /usr/lib/x86_64-linux-gnu/libthai.so.0.2.4
7f486c378000-7f486c379000 r--p 00007000 08:03 403906                     /usr/lib/x86_64-linux-gnu/libthai.so.0.2.4
7f486c379000-7f486c37a000 rw-p 00008000 08:03 403906                     /usr/lib/x86_64-linux-gnu/libthai.so.0.2.4
7f486c37a000-7f486c39b000 r-xp 00000000 08:03 404128                     /usr/lib/x86_64-linux-gnu/libxcb.so.1.1.0
7f486c39b000-7f486c59a000 ---p 00021000 08:03 404128                     /usr/lib/x86_64-linux-gnu/libxcb.so.1.1.0
7f486c59a000-7f486c59b000 r--p 00020000 08:03 404128                     /usr/lib/x86_64-linux-gnu/libxcb.so.1.1.0
7f486c59b000-7f486c59c000 rw-p 00021000 08:03 404128                     /usr/lib/x86_64-linux-gnu/libxcb.so.1.1.0
7f486c59c000-7f486c5a4000 r-xp 00000000 08:03 404114                     /usr/lib/x86_64-linux-gnu/libxcb-render.so.0.0.0
7f486c5a4000-7f486c7a4000 ---p 00008000 08:03 404114                     /usr/lib/x86_64-linux-gnu/libxcb-render.so.0.0.0
7f486c7a4000-7f486c7a5000 r--p 00008000 08:03 404114                     /usr/lib/x86_64-linux-gnu/libxcb-render.so.0.0.0
7f486c7a5000-7f486c7a6000 rw-p 00009000 08:03 404114                     /usr/lib/x86_64-linux-gnu/libxcb-render.so.0.0.0
7f486c7a6000-7f486c7a8000 r-xp 00000000 08:03 404118                     /usr/lib/x86_64-linux-gnu/libxcb-shm.so.0.0.0
7f486c7a8000-7f486c9a8000 ---p 00002000 08:03 404118                     /usr/lib/x86_64-linux-gnu/libxcb-shm.so.0.0.0
7f486c9a8000-7f486c9a9000 r--p 00002000 08:03 404118                     /usr/lib/x86_64-linux-gnu/libxcb-shm.so.0.0.0
7f486c9a9000-7f486c9aa000 rw-p 00003000 08:03 404118                     /usr/lib/x86_64-linux-gnu/libxcb-shm.so.0.0.0
7f486c9aa000-7f486c9ce000 r-xp 00000000 08:03 1840269                    /lib/x86_64-linux-gnu/libpng12.so.0.54.0
7f486c9ce000-7f486cbcd000 ---p 00024000 08:03 1840269                    /lib/x86_64-linux-gnu/libpng12.so.0.54.0
7f486cbcd000-7f486cbce000 r--p 00023000 08:03 1840269                    /lib/x86_64-linux-gnu/libpng12.so.0.54.0
7f486cbce000-7f486cbcf000 rw-p 00024000 08:03 1840269                    /lib/x86_64-linux-gnu/libpng12.so.0.54.0
7f486cbcf000-7f486cc6e000 r-xp 00000000 08:03 403711                     /usr/lib/x86_64-linux-gnu/libpixman-1.so.0.33.6
7f486cc6e000-7f486ce6e000 ---p 0009f000 08:03 403711                     /usr/lib/x86_64-linux-gnu/libpixman-1.so.0.33.6
7f486ce6e000-7f486ce76000 r--p 0009f000 08:03 403711                     /usr/lib/x86_64-linux-gnu/libpixman-1.so.0.33.6
7f486ce76000-7f486ce77000 rw-p 000a7000 08:03 403711                     /usr/lib/x86_64-linux-gnu/libpixman-1.so.0.33.6
7f486ce77000-7f486ced3000 r-xp 00000000 08:03 395340                     /usr/lib/x86_64-linux-gnu/libharfbuzz.so.0.10000.1
7f486ced3000-7f486d0d3000 ---p 0005c000 08:03 395340                     /usr/lib/x86_64-linux-gnu/libharfbuzz.so.0.10000.1
7f486d0d3000-7f486d0d4000 r--p 0005c000 08:03 395340                     /usr/lib/x86_64-linux-gnu/libharfbuzz.so.0.10000.1
7f486d0d4000-7f486d0d5000 rw-p 0005d000 08:03 395340                     /usr/lib/x86_64-linux-gnu/libharfbuzz.so.0.10000.1
7f486d0d5000-7f486d0ec000 r-xp 00000000 08:03 1848112                    /lib/x86_64-linux-gnu/libresolv-2.23.so
7f486d0ec000-7f486d2ec000 ---p 00017000 08:03 1848112                    /lib/x86_64-linux-gnu/libresolv-2.23.so
7f486d2ec000-7f486d2ed000 r--p 00017000 08:03 1848112                    /lib/x86_64-linux-gnu/libresolv-2.23.so
7f486d2ed000-7f486d2ee000 rw-p 00018000 08:03 1848112                    /lib/x86_64-linux-gnu/libresolv-2.23.so
7f486d2ee000-7f486d2f0000 rw-p 00000000 00:00 0 
7f486d2f0000-7f486d30f000 r-xp 00000000 08:03 1840286                    /lib/x86_64-linux-gnu/libselinux.so.1
7f486d30f000-7f486d50e000 ---p 0001f000 08:03 1840286                    /lib/x86_64-linux-gnu/libselinux.so.1
7f486d50e000-7f486d50f000 r--p 0001e000 08:03 1840286                    /lib/x86_64-linux-gnu/libselinux.so.1
7f486d50f000-7f486d510000 rw-p 0001f000 08:03 1840286                    /lib/x86_64-linux-gnu/libselinux.so.1
7f486d510000-7f486d512000 rw-p 00000000 00:00 0 
7f486d512000-7f486d52b000 r-xp 00000000 08:03 1840319                    /lib/x86_64-linux-gnu/libz.so.1.2.8
7f486d52b000-7f486d72a000 ---p 00019000 08:03 1840319                    /lib/x86_64-linux-gnu/libz.so.1.2.8
7f486d72a000-7f486d72b000 r--p 00018000 08:03 1840319                    /lib/x86_64-linux-gnu/libz.so.1.2.8
7f486d72b000-7f486d72c000 rw-p 00019000 08:03 1840319                    /lib/x86_64-linux-gnu/libz.so.1.2.8
7f486d72c000-7f486d73d000 r-xp 00000000 08:03 402763                     /usr/lib/x86_64-linux-gnu/libXext.so.6.4.0
7f486d73d000-7f486d93c000 ---p 00011000 08:03 402763                     /usr/lib/x86_64-linux-gnu/libXext.so.6.4.0
7f486d93c000-7f486d93d000 r--p 00010000 08:03 402763                     /usr/lib/x86_64-linux-gnu/libXext.so.6.4.0
7f486d93d000-7f486d93e000 rw-p 00011000 08:03 402763                     /usr/lib/x86_64-linux-gnu/libXext.so.6.4.0
7f486d93e000-7f486d940000 r-xp 00000000 08:03 402759                     /usr/lib/x86_64-linux-gnu/libXdamage.so.1.1.0
7f486d940000-7f486db3f000 ---p 00002000 08:03 402759                     /usr/lib/x86_64-linux-gnu/libXdamage.so.1.1.0
7f486db3f000-7f486db40000 r--p 00001000 08:03 402759                     /usr/lib/x86_64-linux-gnu/libXdamage.so.1.1.0
7f486db40000-7f486db41000 rw-p 00002000 08:03 402759                     /usr/lib/x86_64-linux-gnu/libXdamage.so.1.1.0
7f486db41000-7f486db43000 r-xp 00000000 08:03 402755                     /usr/lib/x86_64-linux-gnu/libXcomposite.so.1.0.0
7f486db43000-7f486dd42000 ---p 00002000 08:03 402755                     /usr/lib/x86_64-linux-gnu/libXcomposite.so.1.0.0
7f486dd42000-7f486dd43000 r--p 00001000 08:03 402755                     /usr/lib/x86_64-linux-gnu/libXcomposite.so.1.0.0
7f486dd43000-7f486dd44000 rw-p 00002000 08:03 402755                     /usr/lib/x86_64-linux-gnu/libXcomposite.so.1.0.0
7f486dd44000-7f486dd4d000 r-xp 00000000 08:03 402757                     /usr/lib/x86_64-linux-gnu/libXcursor.so.1.0.2
7f486dd4d000-7f486df4c000 ---p 00009000 08:03 402757                     /usr/lib/x86_64-linux-gnu/libXcursor.so.1.0.2
7f486df4c000-7f486df4d000 r--p 00008000 08:03 402757                     /usr/lib/x86_64-linux-gnu/libXcursor.so.1.0.2
7f486df4d000-7f486df4e000 rw-p 00009000 08:03 402757                     /usr/lib/x86_64-linux-gnu/libXcursor.so.1.0.2
7f486df4e000-7f486df58000 r-xp 00000000 08:03 402781                     /usr/lib/x86_64-linux-gnu/libXrandr.so.2.2.0
7f486df58000-7f486e157000 ---p 0000a000 08:03 402781                     /usr/lib/x86_64-linux-gnu/libXrandr.so.2.2.0
7f486e157000-7f486e158000 r--p 00009000 08:03 402781                     /usr/lib/x86_64-linux-gnu/libXrandr.so.2.2.0
7f486e158000-7f486e159000 rw-p 0000a000 08:03 402781                     /usr/lib/x86_64-linux-gnu/libXrandr.so.2.2.0
7f486e159000-7f486e168000 r-xp 00000000 08:03 402771                     /usr/lib/x86_64-linux-gnu/libXi.so.6.1.0
7f486e168000-7f486e367000 ---p 0000f000 08:03 402771                     /usr/lib/x86_64-linux-gnu/libXi.so.6.1.0
7f486e367000-7f486e368000 r--p 0000e000 08:03 402771                     /usr/lib/x86_64-linux-gnu/libXi.so.6.1.0
7f486e368000-7f486e369000 rw-p 0000f000 08:03 402771                     /usr/lib/x86_64-linux-gnu/libXi.so.6.1.0
7f486e369000-7f486e36b000 r-xp 00000000 08:03 402773                     /usr/lib/x86_64-linux-gnu/libXinerama.so.1.0.0
7f486e36b000-7f486e56a000 ---p 00002000 08:03 402773                     /usr/lib/x86_64-linux-gnu/libXinerama.so.1.0.0
7f486e56a000-7f486e56b000 r--p 00001000 08:03 402773                     /usr/lib/x86_64-linux-gnu/libXinerama.so.1.0.0
7f486e56b000-7f486e56c000 rw-p 00002000 08:03 402773                     /usr/lib/x86_64-linux-gnu/libXinerama.so.1.0.0
7f486e56c000-7f486e575000 r-xp 00000000 08:03 402783                     /usr/lib/x86_64-linux-gnu/libXrender.so.1.3.0
7f486e575000-7f486e774000 ---p 00009000 08:03 402783                     /usr/lib/x86_64-linux-gnu/libXrender.so.1.3.0
7f486e774000-7f486e775000 r--p 00008000 08:03 402783                     /usr/lib/x86_64-linux-gnu/libXrender.so.1.3.0
7f486e775000-7f486e776000 rw-p 00009000 08:03 402783                     /usr/lib/x86_64-linux-gnu/libXrender.so.1.3.0
7f486e776000-7f486e77b000 r-xp 00000000 08:03 402765                     /usr/lib/x86_64-linux-gnu/libXfixes.so.3.1.0
7f486e77b000-7f486e97a000 ---p 00005000 08:03 402765                     /usr/lib/x86_64-linux-gnu/libXfixes.so.3.1.0
7f486e97a000-7f486e97b000 r--p 00004000 08:03 402765                     /usr/lib/x86_64-linux-gnu/libXfixes.so.3.1.0
7f486e97b000-7f486e97c000 rw-p 00005000 08:03 402765                     /usr/lib/x86_64-linux-gnu/libXfixes.so.3.1.0
7f486e97c000-7f486e992000 r-xp 00000000 08:03 1840166                    /lib/x86_64-linux-gnu/libgcc_s.so.1
7f486e992000-7f486eb91000 ---p 00016000 08:03 1840166                    /lib/x86_64-linux-gnu/libgcc_s.so.1
7f486eb91000-7f486eb92000 rw-p 00015000 08:03 1840166                    /lib/x86_64-linux-gnu/libgcc_s.so.1
7f486eb92000-7f486ed04000 r-xp 00000000 08:03 393289                     /usr/lib/x86_64-linux-gnu/libstdc++.so.6.0.21
7f486ed04000-7f486ef04000 ---p 00172000 08:03 393289                     /usr/lib/x86_64-linux-gnu/libstdc++.so.6.0.21
7f486ef04000-7f486ef0e000 r--p 00172000 08:03 393289                     /usr/lib/x86_64-linux-gnu/libstdc++.so.6.0.21
7f486ef0e000-7f486ef10000 rw-p 0017c000 08:03 393289                     /usr/lib/x86_64-linux-gnu/libstdc++.so.6.0.21
7f486ef10000-7f486ef14000 rw-p 00000000 00:00 0 
7f486ef14000-7f486ef45000 r-xp 00000000 08:03 397049                     /usr/lib/nvidia-367/libGL.so.1.0.0
7f486ef45000-7f486ef77000 r-xp 00031000 08:03 397049                     /usr/lib/nvidia-367/libGL.so.1.0.0
7f486ef77000-7f486efa1000 r-xp 00063000 08:03 397049                     /usr/lib/nvidia-367/libGL.so.1.0.0
7f486efa1000-7f486f1a1000 ---p 0008d000 08:03 397049                     /usr/lib/nvidia-367/libGL.so.1.0.0
7f486f1a1000-7f486f1a2000 rw-p 0008d000 08:03 397049                     /usr/lib/nvidia-367/libGL.so.1.0.0
7f486f1a2000-7f486f1a3000 rw-p 00000000 00:00 0 
7f486f1a3000-7f486f1a8000 r-xp 00000000 08:03 402799                     /usr/lib/x86_64-linux-gnu/libXxf86vm.so.1.0.0
7f486f1a8000-7f486f3a7000 ---p 00005000 08:03 402799                     /usr/lib/x86_64-linux-gnu/libXxf86vm.so.1.0.0
7f486f3a7000-7f486f3a8000 r--p 00004000 08:03 402799                     /usr/lib/x86_64-linux-gnu/libXxf86vm.so.1.0.0
7f486f3a8000-7f486f3a9000 rw-p 00005000 08:03 402799                     /usr/lib/x86_64-linux-gnu/libXxf86vm.so.1.0.0
7f486f3a9000-7f486f4de000 r-xp 00000000 08:03 402746                     /usr/lib/x86_64-linux-gnu/libX11.so.6.3.0
7f486f4de000-7f486f6de000 ---p 00135000 08:03 402746                     /usr/lib/x86_64-linux-gnu/libX11.so.6.3.0
7f486f6de000-7f486f6df000 r--p 00135000 08:03 402746                     /usr/lib/x86_64-linux-gnu/libX11.so.6.3.0
7f486f6df000-7f486f6e3000 rw-p 00136000 08:03 402746                     /usr/lib/x86_64-linux-gnu/libX11.so.6.3.0
7f486f6e3000-7f486f6e8000 r-xp 00000000 08:03 402789                     /usr/lib/x86_64-linux-gnu/libXtst.so.6.1.0
7f486f6e8000-7f486f8e7000 ---p 00005000 08:03 402789                     /usr/lib/x86_64-linux-gnu/libXtst.so.6.1.0
7f486f8e7000-7f486f8e8000 r--p 00004000 08:03 402789                     /usr/lib/x86_64-linux-gnu/libXtst.so.6.1.0
7f486f8e8000-7f486f8e9000 rw-p 00005000 08:03 402789                     /usr/lib/x86_64-linux-gnu/libXtst.so.6.1.0
7f486f8e9000-7f486f9f8000 r-xp 00000000 08:03 1835067                    /lib/x86_64-linux-gnu/libglib-2.0.so.0.4800.1
7f486f9f8000-7f486fbf7000 ---p 0010f000 08:03 1835067                    /lib/x86_64-linux-gnu/libglib-2.0.so.0.4800.1
7f486fbf7000-7f486fbf8000 r--p 0010e000 08:03 1835067                    /lib/x86_64-linux-gnu/libglib-2.0.so.0.4800.1
7f486fbf8000-7f486fbf9000 rw-p 0010f000 08:03 1835067                    /lib/x86_64-linux-gnu/libglib-2.0.so.0.4800.1
7f486fbf9000-7f486fbfa000 rw-p 00000000 00:00 0 
7f486fbfa000-7f486fbfb000 r-xp 00000000 08:03 393610                     /usr/lib/x86_64-linux-gnu/libgthread-2.0.so.0.4800.1
7f486fbfb000-7f486fdfa000 ---p 00001000 08:03 393610                     /usr/lib/x86_64-linux-gnu/libgthread-2.0.so.0.4800.1
7f486fdfa000-7f486fdfb000 r--p 00000000 08:03 393610                     /usr/lib/x86_64-linux-gnu/libgthread-2.0.so.0.4800.1
7f486fdfb000-7f486fdfc000 rw-p 00001000 08:03 393610                     /usr/lib/x86_64-linux-gnu/libgthread-2.0.so.0.4800.1
7f486fdfc000-7f486fdff000 r-xp 00000000 08:03 393634                     /usr/lib/x86_64-linux-gnu/libgmodule-2.0.so.0.4800.1
7f486fdff000-7f486fffe000 ---p 00003000 08:03 393634                     /usr/lib/x86_64-linux-gnu/libgmodule-2.0.so.0.4800.1
7f486fffe000-7f486ffff000 r--p 00002000 08:03 393634                     /usr/lib/x86_64-linux-gnu/libgmodule-2.0.so.0.4800.1
7f486ffff000-7f4870000000 rw-p 00003000 08:03 393634                     /usr/lib/x86_64-linux-gnu/libgmodule-2.0.so.0.4800.1
7f4870000000-7f4870021000 rw-p 00000000 00:00 0 
7f4870021000-7f4874000000 ---p 00000000 00:00 0 
7f4874000000-7f4874003000 r--s 00000000 08:03 663998                     /var/cache/fontconfig/75114ca45c98e8a441da0ff356701271-le64.cache-6
7f4874003000-7f4874023000 rw-s 8f72a000 00:06 552                        /dev/nvidiactl
7f4874023000-7f4874063000 rw-s 91e59000 00:06 552                        /dev/nvidiactl
7f4874063000-7f4874167000 rw-s 90d88000 00:06 552                        /dev/nvidiactl
7f4874167000-7f48741b9000 r-xp 00000000 08:03 393658                     /usr/lib/x86_64-linux-gnu/libgobject-2.0.so.0.4800.1
7f48741b9000-7f48743b8000 ---p 00052000 08:03 393658                     /usr/lib/x86_64-linux-gnu/libgobject-2.0.so.0.4800.1
7f48743b8000-7f48743b9000 r--p 00051000 08:03 393658                     /usr/lib/x86_64-linux-gnu/libgobject-2.0.so.0.4800.1
7f48743b9000-7f48743ba000 rw-p 00052000 08:03 393658                     /usr/lib/x86_64-linux-gnu/libgobject-2.0.so.0.4800.1
7f48743ba000-7f48743f7000 r-xp 00000000 08:03 399237                     /usr/lib/x86_64-linux-gnu/libfontconfig.so.1.9.0
7f48743f7000-7f48745f6000 ---p 0003d000 08:03 399237                     /usr/lib/x86_64-linux-gnu/libfontconfig.so.1.9.0
7f48745f6000-7f48745f8000 r--p 0003c000 08:03 399237                     /usr/lib/x86_64-linux-gnu/libfontconfig.so.1.9.0
7f48745f8000-7f48745fd000 rw-p 0003e000 08:03 399237                     /usr/lib/x86_64-linux-gnu/libfontconfig.so.1.9.0
7f48745fd000-7f48746a1000 r-xp 00000000 08:03 403180                     /usr/lib/x86_64-linux-gnu/libfreetype.so.6.12.1
7f48746a1000-7f48748a0000 ---p 000a4000 08:03 403180                     /usr/lib/x86_64-linux-gnu/libfreetype.so.6.12.1
7f48748a0000-7f48748a6000 r--p 000a3000 08:03 403180                     /usr/lib/x86_64-linux-gnu/libfreetype.so.6.12.1
7f48748a6000-7f48748a7000 rw-p 000a9000 08:03 403180                     /usr/lib/x86_64-linux-gnu/libfreetype.so.6.12.1
7f48748a7000-7f48748f0000 r-xp 00000000 08:03 403681                     /usr/lib/x86_64-linux-gnu/libpango-1.0.so.0.3800.1
7f48748f0000-7f4874af0000 ---p 00049000 08:03 403681                     /usr/lib/x86_64-linux-gnu/libpango-1.0.so.0.3800.1
7f4874af0000-7f4874af2000 r--p 00049000 08:03 403681                     /usr/lib/x86_64-linux-gnu/libpango-1.0.so.0.3800.1
7f4874af2000-7f4874af3000 rw-p 0004b000 08:03 403681                     /usr/lib/x86_64-linux-gnu/libpango-1.0.so.0.3800.1
7f4874af3000-7f4874c01000 r-xp 00000000 08:03 402910                     /usr/lib/x86_64-linux-gnu/libcairo.so.2.11400.6
7f4874c01000-7f4874e01000 ---p 0010e000 08:03 402910                     /usr/lib/x86_64-linux-gnu/libcairo.so.2.11400.6
7f4874e01000-7f4874e04000 r--p 0010e000 08:03 402910                     /usr/lib/x86_64-linux-gnu/libcairo.so.2.11400.6
7f4874e04000-7f4874e05000 rw-p 00111000 08:03 402910                     /usr/lib/x86_64-linux-gnu/libcairo.so.2.11400.6
7f4874e05000-7f4874e07000 rw-p 00000000 00:00 0 
7f4874e07000-7f4874e13000 r-xp 00000000 08:03 403683                     /usr/lib/x86_64-linux-gnu/libpangocairo-1.0.so.0.3800.1
7f4874e13000-7f4875012000 ---p 0000c000 08:03 403683                     /usr/lib/x86_64-linux-gnu/libpangocairo-1.0.so.0.3800.1
7f4875012000-7f4875013000 r--p 0000b000 08:03 403683                     /usr/lib/x86_64-linux-gnu/libpangocairo-1.0.so.0.3800.1
7f4875013000-7f4875014000 rw-p 0000c000 08:03 403683                     /usr/lib/x86_64-linux-gnu/libpangocairo-1.0.so.0.3800.1
7f4875014000-7f4875035000 r-xp 00000000 08:03 393495                     /usr/lib/x86_64-linux-gnu/libgdk_pixbuf-2.0.so.0.3200.2
7f4875035000-7f4875234000 ---p 00021000 08:03 393495                     /usr/lib/x86_64-linux-gnu/libgdk_pixbuf-2.0.so.0.3200.2
7f4875234000-7f4875235000 r--p 00020000 08:03 393495                     /usr/lib/x86_64-linux-gnu/libgdk_pixbuf-2.0.so.0.3200.2
7f4875235000-7f4875236000 rw-p 00021000 08:03 393495                     /usr/lib/x86_64-linux-gnu/libgdk_pixbuf-2.0.so.0.3200.2
7f4875236000-7f487524a000 r-xp 00000000 08:03 403685                     /usr/lib/x86_64-linux-gnu/libpangoft2-1.0.so.0.3800.1
7f487524a000-7f487544a000 ---p 00014000 08:03 403685                     /usr/lib/x86_64-linux-gnu/libpangoft2-1.0.so.0.3800.1
7f487544a000-7f487544b000 r--p 00014000 08:03 403685                     /usr/lib/x86_64-linux-gnu/libpangoft2-1.0.so.0.3800.1
7f487544b000-7f487544c000 rw-p 00015000 08:03 403685                     /usr/lib/x86_64-linux-gnu/libpangoft2-1.0.so.0.3800.1
7f487544c000-7f48755cc000 r-xp 00000000 08:03 393655                     /usr/lib/x86_64-linux-gnu/libgio-2.0.so.0.4800.1
7f48755cc000-7f48757cc000 ---p 00180000 08:03 393655                     /usr/lib/x86_64-linux-gnu/libgio-2.0.so.0.4800.1
7f48757cc000-7f48757d0000 r--p 00180000 08:03 393655                     /usr/lib/x86_64-linux-gnu/libgio-2.0.so.0.4800.1
7f48757d0000-7f48757d2000 rw-p 00184000 08:03 393655                     /usr/lib/x86_64-linux-gnu/libgio-2.0.so.0.4800.1
7f48757d2000-7f48757d4000 rw-p 00000000 00:00 0 
7f48757d4000-7f48757f6000 r-xp 00000000 08:03 402854                     /usr/lib/x86_64-linux-gnu/libatk-1.0.so.0.21809.1
7f48757f6000-7f48759f5000 ---p 00022000 08:03 402854                     /usr/lib/x86_64-linux-gnu/libatk-1.0.so.0.21809.1
7f48759f5000-7f48759f8000 r--p 00021000 08:03 402854                     /usr/lib/x86_64-linux-gnu/libatk-1.0.so.0.21809.1
7f48759f8000-7f48759f9000 rw-p 00024000 08:03 402854                     /usr/lib/x86_64-linux-gnu/libatk-1.0.so.0.21809.1
7f48759f9000-7f4875aa9000 r-xp 00000000 08:03 403219                     /usr/lib/x86_64-linux-gnu/libgdk-x11-2.0.so.0.2400.30
7f4875aa9000-7f4875ca8000 ---p 000b0000 08:03 403219                     /usr/lib/x86_64-linux-gnu/libgdk-x11-2.0.so.0.2400.30
7f4875ca8000-7f4875cac000 r--p 000af000 08:03 403219                     /usr/lib/x86_64-linux-gnu/libgdk-x11-2.0.so.0.2400.30
7f4875cac000-7f4875cae000 rw-p 000b3000 08:03 403219                     /usr/lib/x86_64-linux-gnu/libgdk-x11-2.0.so.0.2400.30
7f4875cae000-7f48760ec000 r-xp 00000000 08:03 403364                     /usr/lib/x86_64-linux-gnu/libgtk-x11-2.0.so.0.2400.30
7f48760ec000-7f48762eb000 ---p 0043e000 08:03 403364                     /usr/lib/x86_64-linux-gnu/libgtk-x11-2.0.so.0.2400.30
7f48762eb000-7f48762f2000 r--p 0043d000 08:03 403364                     /usr/lib/x86_64-linux-gnu/libgtk-x11-2.0.so.0.2400.30
7f48762f2000-7f48762f6000 rw-p 00444000 08:03 403364                     /usr/lib/x86_64-linux-gnu/libgtk-x11-2.0.so.0.2400.30
7f48762f6000-7f48762f9000 rw-p 00000000 00:00 0 
7f48762f9000-7f48762fb000 rw-s 00000000 08:03 262241                     /tmp/.glGgP5Od (deleted)
7f487631b000-7f4876327000 r-xp 00000000 08:03 2493705                    /usr/lib/jvm/java-8-oracle/jre/lib/amd64/libprism_es2.so
7f4876327000-7f4876526000 ---p 0000c000 08:03 2493705                    /usr/lib/jvm/java-8-oracle/jre/lib/amd64/libprism_es2.so
7f4876526000-7f4876527000 rw-p 0000b000 08:03 2493705                    /usr/lib/jvm/java-8-oracle/jre/lib/amd64/libprism_es2.so
7f4876527000-7f487652a000 ---p 00000000 00:00 0 
7f487652a000-7f4876628000 rw-p 00000000 00:00 0 
7f4876628000-7f487662b000 ---p 00000000 00:00 0 
7f487662b000-7f4876a2a000 rw-p 00000000 00:00 0 
7f4876a2a000-7f4876a40000 r-xp 00000000 08:03 2493693                    /usr/lib/jvm/java-8-oracle/jre/lib/amd64/libnet.so
7f4876a40000-7f4876c40000 ---p 00016000 08:03 2493693                    /usr/lib/jvm/java-8-oracle/jre/lib/amd64/libnet.so
7f4876c40000-7f4876c41000 rw-p 00016000 08:03 2493693                    /usr/lib/jvm/java-8-oracle/jre/lib/amd64/libnet.so
7f4876c41000-7f4876cd7000 r--s 01103000 08:03 2493769                    /usr/lib/jvm/java-8-oracle/jre/lib/ext/jfxrt.jar
7f4876cd7000-7f4876cda000 ---p 00000000 00:00 0 
7f4876cda000-7f4876dd8000 rw-p 00000000 00:00 0 
7f4876dd8000-7f4876dd9000 r-xp 00000000 08:03 2502255                    /opt/intellij-idea-community/bin/libbreakgen64.so
7f4876dd9000-7f4876fd8000 ---p 00001000 08:03 2502255                    /opt/intellij-idea-community/bin/libbreakgen64.so
7f4876fd8000-7f4876fd9000 r--p 00000000 08:03 2502255                    /opt/intellij-idea-community/bin/libbreakgen64.so
7f4876fd9000-7f4876fda000 rw-p 00001000 08:03 2502255                    /opt/intellij-idea-community/bin/libbreakgen64.so
7f4876fda000-7f4876fed000 r--s 00345000 08:03 2493917                    /usr/lib/jvm/java-8-oracle/jre/lib/resources.jar
7f4876fed000-7f4876fff000 r--s 000d6000 08:03 2493916                    /usr/lib/jvm/java-8-oracle/jre/lib/plugin.jar
7f4876fff000-7f487701a000 r--s 00208000 08:03 2493801                    /usr/lib/jvm/java-8-oracle/jre/lib/deploy.jar
7f487701a000-7f487701b000 ---p 00000000 00:00 0 
7f487701b000-7f487711b000 rw-p 00000000 00:00 0 
7f487711b000-7f487711e000 ---p 00000000 00:00 0 
7f487711e000-7f487721c000 rw-p 00000000 00:00 0 
7f487721c000-7f487721f000 ---p 00000000 00:00 0 
7f487721f000-7f487731d000 rw-p 00000000 00:00 0 
7f487731d000-7f4877320000 ---p 00000000 00:00 0 
7f4877320000-7f487741e000 rw-p 00000000 00:00 0 
7f487741e000-7f4877421000 ---p 00000000 00:00 0 
7f4877421000-7f487751f000 rw-p 00000000 00:00 0 
7f487751f000-7f4877522000 ---p 00000000 00:00 0 
7f4877522000-7f4877620000 rw-p 00000000 00:00 0 
7f4877620000-7f48778f9000 r--p 00000000 08:03 393281                     /usr/lib/locale/locale-archive
7f48778f9000-7f48778fc000 ---p 00000000 00:00 0 
7f48778fc000-7f48779fa000 rw-p 00000000 00:00 0 
7f48779fa000-7f48779fd000 ---p 00000000 00:00 0 
7f48779fd000-7f4877afb000 rw-p 00000000 00:00 0 
7f4877afb000-7f4877afc000 ---p 00000000 00:00 0 
7f4877afc000-7f4878000000 rw-p 00000000 00:00 0 
7f4878000000-7f4878021000 rw-p 00000000 00:00 0 
7f4878021000-7f487c000000 ---p 00000000 00:00 0 
7f487c000000-7f487c001000 r--s 00000000 08:03 664002                     /var/cache/fontconfig/0c9eb80ebd1c36541ebe2852d3bb0c49-le64.cache-6
7f487c001000-7f487c002000 r--s 00000000 00:29 32                         /run/user/1000/dconf/user
7f487c002000-7f487c003000 rw-s 8f7b7000 00:06 552                        /dev/nvidiactl
7f487c003000-7f487c007000 rw-s 92b87000 00:06 552                        /dev/nvidiactl
7f487c007000-7f487c008000 rw-s aff6b000 00:06 553                        /dev/nvidia0
7f487c008000-7f487c009000 rw-s aff6a000 00:06 553                        /dev/nvidia0
7f487c009000-7f487c00a000 rw-s aff69000 00:06 553                        /dev/nvidia0
7f487c00a000-7f487c00b000 rw-s 90ed9000 00:06 552                        /dev/nvidiactl
7f487c00b000-7f487c00c000 rw-s d0060000 00:06 553                        /dev/nvidia0
7f487c00c000-7f487cb9b000 rw-p 00000000 00:00 0 
7f487cb9b000-7f487cd73000 r--s 03d2a000 08:03 2493685                    /usr/lib/jvm/java-8-oracle/jre/lib/rt.jar
7f487cd73000-7f487f585000 rw-p 00000000 00:00 0 
7f487f585000-7f487f586000 ---p 00000000 00:00 0 
7f487f586000-7f487f686000 rw-p 00000000 00:00 0 
7f487f686000-7f487f687000 ---p 00000000 00:00 0 
7f487f687000-7f487f787000 rw-p 00000000 00:00 0 
7f487f787000-7f487f788000 ---p 00000000 00:00 0 
7f487f788000-7f487f89c000 rw-p 00000000 00:00 0 
7f487f89c000-7f487f9c6000 ---p 00000000 00:00 0 
7f487f9c6000-7f487f9da000 rw-p 00000000 00:00 0 
7f487f9da000-7f487fb03000 ---p 00000000 00:00 0 
7f487fb03000-7f487fb0e000 rw-p 00000000 00:00 0 
7f487fb0e000-7f487fba2000 ---p 00000000 00:00 0 
7f487fba2000-7f487fbb5000 rw-p 00000000 00:00 0 
7f487fbb5000-7f487ff63000 ---p 00000000 00:00 0 
7f487ff63000-7f48803c3000 rwxp 00000000 00:00 0 
7f48803c3000-7f488ef63000 ---p 00000000 00:00 0 
7f488ef63000-7f488ef7d000 r-xp 00000000 08:03 2493716                    /usr/lib/jvm/java-8-oracle/jre/lib/amd64/libzip.so
7f488ef7d000-7f488f17d000 ---p 0001a000 08:03 2493716                    /usr/lib/jvm/java-8-oracle/jre/lib/amd64/libzip.so
7f488f17d000-7f488f17e000 rw-p 0001a000 08:03 2493716                    /usr/lib/jvm/java-8-oracle/jre/lib/amd64/libzip.so
7f488f17e000-7f488f189000 r-xp 00000000 08:03 1848107                    /lib/x86_64-linux-gnu/libnss_files-2.23.so
7f488f189000-7f488f388000 ---p 0000b000 08:03 1848107                    /lib/x86_64-linux-gnu/libnss_files-2.23.so
7f488f388000-7f488f389000 r--p 0000a000 08:03 1848107                    /lib/x86_64-linux-gnu/libnss_files-2.23.so
7f488f389000-7f488f38a000 rw-p 0000b000 08:03 1848107                    /lib/x86_64-linux-gnu/libnss_files-2.23.so
7f488f38a000-7f488f390000 rw-p 00000000 00:00 0 
7f488f390000-7f488f39b000 r-xp 00000000 08:03 1848104                    /lib/x86_64-linux-gnu/libnss_nis-2.23.so
7f488f39b000-7f488f59a000 ---p 0000b000 08:03 1848104                    /lib/x86_64-linux-gnu/libnss_nis-2.23.so
7f488f59a000-7f488f59b000 r--p 0000a000 08:03 1848104                    /lib/x86_64-linux-gnu/libnss_nis-2.23.so
7f488f59b000-7f488f59c000 rw-p 0000b000 08:03 1848104                    /lib/x86_64-linux-gnu/libnss_nis-2.23.so
7f488f59c000-7f488f5b2000 r-xp 00000000 08:03 1848102                    /lib/x86_64-linux-gnu/libnsl-2.23.so
7f488f5b2000-7f488f7b1000 ---p 00016000 08:03 1848102                    /lib/x86_64-linux-gnu/libnsl-2.23.so
7f488f7b1000-7f488f7b2000 r--p 00015000 08:03 1848102                    /lib/x86_64-linux-gnu/libnsl-2.23.so
7f488f7b2000-7f488f7b3000 rw-p 00016000 08:03 1848102                    /lib/x86_64-linux-gnu/libnsl-2.23.so
7f488f7b3000-7f488f7b5000 rw-p 00000000 00:00 0 
7f488f7b5000-7f488f7bd000 r-xp 00000000 08:03 1848100                    /lib/x86_64-linux-gnu/libnss_compat-2.23.so
7f488f7bd000-7f488f9bc000 ---p 00008000 08:03 1848100                    /lib/x86_64-linux-gnu/libnss_compat-2.23.so
7f488f9bc000-7f488f9bd000 r--p 00007000 08:03 1848100                    /lib/x86_64-linux-gnu/libnss_compat-2.23.so
7f488f9bd000-7f488f9be000 rw-p 00008000 08:03 1848100                    /lib/x86_64-linux-gnu/libnss_compat-2.23.so
7f488f9be000-7f488f9e9000 r-xp 00000000 08:03 2493743                    /usr/lib/jvm/java-8-oracle/jre/lib/amd64/libjava.so
7f488f9e9000-7f488fbe8000 ---p 0002b000 08:03 2493743                    /usr/lib/jvm/java-8-oracle/jre/lib/amd64/libjava.so
7f488fbe8000-7f488fbea000 rw-p 0002a000 08:03 2493743                    /usr/lib/jvm/java-8-oracle/jre/lib/amd64/libjava.so
7f488fbea000-7f488fbf7000 r-xp 00000000 08:03 2493694                    /usr/lib/jvm/java-8-oracle/jre/lib/amd64/libverify.so
7f488fbf7000-7f488fdf6000 ---p 0000d000 08:03 2493694                    /usr/lib/jvm/java-8-oracle/jre/lib/amd64/libverify.so
7f488fdf6000-7f488fdf8000 rw-p 0000c000 08:03 2493694                    /usr/lib/jvm/java-8-oracle/jre/lib/amd64/libverify.so
7f488fdf8000-7f488fdff000 r-xp 00000000 08:03 1848116                    /lib/x86_64-linux-gnu/librt-2.23.so
7f488fdff000-7f488fffe000 ---p 00007000 08:03 1848116                    /lib/x86_64-linux-gnu/librt-2.23.so
7f488fffe000-7f488ffff000 r--p 00006000 08:03 1848116                    /lib/x86_64-linux-gnu/librt-2.23.so
7f488ffff000-7f4890000000 rw-p 00007000 08:03 1848116                    /lib/x86_64-linux-gnu/librt-2.23.so
7f4890000000-7f4890411000 rw-p 00000000 00:00 0 
7f4890411000-7f4894000000 ---p 00000000 00:00 0 
7f4894000000-7f4894002000 r--s 00019000 08:03 2502175                    /opt/intellij-idea-community/lib/idea_rt.jar
7f4894002000-7f4894006000 r--s 00097000 08:03 2493637                    /usr/lib/jvm/java-8-oracle/jre/lib/jsse.jar
7f4894006000-7f4894008000 r--s 00007000 08:03 2493758                    /usr/lib/jvm/java-8-oracle/jre/lib/jfxswt.jar
7f4894008000-7f489400d000 r--s 00084000 08:03 2493792                    /usr/lib/jvm/java-8-oracle/jre/lib/jfr.jar
7f489400d000-7f4894017000 r--s 0006c000 08:03 2493800                    /usr/lib/jvm/java-8-oracle/jre/lib/javaws.jar
7f4894017000-7f4894038000 rw-p 00000000 00:00 0 
7f4894038000-7f4894039000 ---p 00000000 00:00 0 
7f4894039000-7f4894139000 rw-p 00000000 00:00 0 
7f4894139000-7f4894241000 r-xp 00000000 08:03 1848113                    /lib/x86_64-linux-gnu/libm-2.23.so
7f4894241000-7f4894440000 ---p 00108000 08:03 1848113                    /lib/x86_64-linux-gnu/libm-2.23.so
7f4894440000-7f4894441000 r--p 00107000 08:03 1848113                    /lib/x86_64-linux-gnu/libm-2.23.so
7f4894441000-7f4894442000 rw-p 00108000 08:03 1848113                    /lib/x86_64-linux-gnu/libm-2.23.so
7f4894442000-7f489510f000 r-xp 00000000 08:03 2493747                    /usr/lib/jvm/java-8-oracle/jre/lib/amd64/server/libjvm.so
7f489510f000-7f489530e000 ---p 00ccd000 08:03 2493747                    /usr/lib/jvm/java-8-oracle/jre/lib/amd64/server/libjvm.so
7f489530e000-7f48953e7000 rw-p 00ccc000 08:03 2493747                    /usr/lib/jvm/java-8-oracle/jre/lib/amd64/server/libjvm.so
7f48953e7000-7f4895432000 rw-p 00000000 00:00 0 
7f4895432000-7f48955f1000 r-xp 00000000 08:03 1848121                    /lib/x86_64-linux-gnu/libc-2.23.so
7f48955f1000-7f48957f1000 ---p 001bf000 08:03 1848121                    /lib/x86_64-linux-gnu/libc-2.23.so
7f48957f1000-7f48957f5000 r--p 001bf000 08:03 1848121                    /lib/x86_64-linux-gnu/libc-2.23.so
7f48957f5000-7f48957f7000 rw-p 001c3000 08:03 1848121                    /lib/x86_64-linux-gnu/libc-2.23.so
7f48957f7000-7f48957fb000 rw-p 00000000 00:00 0 
7f48957fb000-7f48957fe000 r-xp 00000000 08:03 1848122                    /lib/x86_64-linux-gnu/libdl-2.23.so
7f48957fe000-7f48959fd000 ---p 00003000 08:03 1848122                    /lib/x86_64-linux-gnu/libdl-2.23.so
7f48959fd000-7f48959fe000 r--p 00002000 08:03 1848122                    /lib/x86_64-linux-gnu/libdl-2.23.so
7f48959fe000-7f48959ff000 rw-p 00003000 08:03 1848122                    /lib/x86_64-linux-gnu/libdl-2.23.so
7f48959ff000-7f4895a14000 r-xp 00000000 08:03 2492804                    /usr/lib/jvm/java-8-oracle/lib/amd64/jli/libjli.so
7f4895a14000-7f4895c14000 ---p 00015000 08:03 2492804                    /usr/lib/jvm/java-8-oracle/lib/amd64/jli/libjli.so
7f4895c14000-7f4895c15000 rw-p 00015000 08:03 2492804                    /usr/lib/jvm/java-8-oracle/lib/amd64/jli/libjli.so
7f4895c15000-7f4895c2d000 r-xp 00000000 08:03 1848120                    /lib/x86_64-linux-gnu/libpthread-2.23.so
7f4895c2d000-7f4895e2c000 ---p 00018000 08:03 1848120                    /lib/x86_64-linux-gnu/libpthread-2.23.so
7f4895e2c000-7f4895e2d000 r--p 00017000 08:03 1848120                    /lib/x86_64-linux-gnu/libpthread-2.23.so
7f4895e2d000-7f4895e2e000 rw-p 00018000 08:03 1848120                    /lib/x86_64-linux-gnu/libpthread-2.23.so
7f4895e2e000-7f4895e32000 rw-p 00000000 00:00 0 
7f4895e32000-7f4895e58000 r-xp 00000000 08:03 1848117                    /lib/x86_64-linux-gnu/ld-2.23.so
7f4895e58000-7f4895e59000 r--s 00000000 08:03 2493764                    /usr/lib/jvm/java-8-oracle/jre/lib/management-agent.jar
7f4895e59000-7f4895e5c000 r--s 0001a000 08:03 2493947                    /usr/lib/jvm/java-8-oracle/jre/lib/jce.jar
7f4895e5c000-7f4895f2e000 rw-p 00000000 00:00 0 
7f4895f2e000-7f4895f31000 ---p 00000000 00:00 0 
7f4895f31000-7f4896033000 rw-p 00000000 00:00 0 
7f4896033000-7f4896038000 r--s 002f9000 08:03 2493638                    /usr/lib/jvm/java-8-oracle/jre/lib/charsets.jar
7f4896038000-7f489604b000 rw-p 00000000 00:00 0 
7f489604b000-7f4896053000 rw-s 00000000 08:03 262239                     /tmp/hsperfdata_mostafa/3698
7f4896053000-7f4896054000 rw-p 00000000 00:00 0 
7f4896054000-7f4896055000 r--p 00000000 00:00 0 
7f4896055000-7f4896057000 rw-p 00000000 00:00 0 
7f4896057000-7f4896058000 r--p 00025000 08:03 1848117                    /lib/x86_64-linux-gnu/ld-2.23.so
7f4896058000-7f4896059000 rw-p 00026000 08:03 1848117                    /lib/x86_64-linux-gnu/ld-2.23.so
7f4896059000-7f489605a000 rw-p 00000000 00:00 0 
7ffe27e30000-7ffe27e51000 rw-p 00000000 00:00 0                          [stack]
7ffe27f72000-7ffe27f74000 r--p 00000000 00:00 0                          [vvar]
7ffe27f74000-7ffe27f76000 r-xp 00000000 00:00 0                          [vdso]
ffffffffff600000-ffffffffff601000 r-xp 00000000 00:00 0                  [vsyscall]

VM Arguments:
jvm_args: -Didea.launcher.port=7534 -Didea.launcher.bin.path=/opt/intellij-idea-community/bin -Dfile.encoding=UTF-8 
java_command: com.intellij.rt.execution.application.AppMain sample.Main
java_class_path (initial): /usr/lib/jvm/java-8-oracle/jre/lib/charsets.jar:/usr/lib/jvm/java-8-oracle/jre/lib/deploy.jar:/usr/lib/jvm/java-8-oracle/jre/lib/ext/cldrdata.jar:/usr/lib/jvm/java-8-oracle/jre/lib/ext/dnsns.jar:/usr/lib/jvm/java-8-oracle/jre/lib/ext/jaccess.jar:/usr/lib/jvm/java-8-oracle/jre/lib/ext/jfxrt.jar:/usr/lib/jvm/java-8-oracle/jre/lib/ext/localedata.jar:/usr/lib/jvm/java-8-oracle/jre/lib/ext/nashorn.jar:/usr/lib/jvm/java-8-oracle/jre/lib/ext/sunec.jar:/usr/lib/jvm/java-8-oracle/jre/lib/ext/sunjce_provider.jar:/usr/lib/jvm/java-8-oracle/jre/lib/ext/sunpkcs11.jar:/usr/lib/jvm/java-8-oracle/jre/lib/ext/zipfs.jar:/usr/lib/jvm/java-8-oracle/jre/lib/javaws.jar:/usr/lib/jvm/java-8-oracle/jre/lib/jce.jar:/usr/lib/jvm/java-8-oracle/jre/lib/jfr.jar:/usr/lib/jvm/java-8-oracle/jre/lib/jfxswt.jar:/usr/lib/jvm/java-8-oracle/jre/lib/jsse.jar:/usr/lib/jvm/java-8-oracle/jre/lib/management-agent.jar:/usr/lib/jvm/java-8-oracle/jre/lib/plugin.jar:/usr/lib/jvm/java-8-oracle/jre/lib/resources.jar:/usr/lib/jvm/java-8-oracle/jre/lib/rt.jar:/home/mostafa/Desktop/Passing/out/production/Passing:/opt/intellij-idea-community/lib/idea_rt.jar
Launcher Type: SUN_STANDARD

Environment Variables:
JAVA_HOME=/usr/lib/jvm/java-8-oracle
PATH=/usr/local/sbin:/usr/local/bin:/usr/sbin:/usr/bin:/sbin:/bin:/usr/games:/usr/local/games:/snap/bin:/usr/lib/jvm/java-8-oracle/bin:/usr/lib/jvm/java-8-oracle/db/bin:/usr/lib/jvm/java-8-oracle/jre/bin
LD_LIBRARY_PATH=/opt/intellij-idea-community/bin:
SHELL=/bin/bash
DISPLAY=:0

Signal Handlers:
SIGSEGV: [libjvm.so+0xac64b0], sa_mask[0]=11111111011111111101111111111110, sa_flags=SA_RESTART|SA_SIGINFO
SIGBUS: [libjvm.so+0xac64b0], sa_mask[0]=11111111011111111101111111111110, sa_flags=SA_RESTART|SA_SIGINFO
SIGFPE: [libjvm.so+0x91f950], sa_mask[0]=11111111011111111101111111111110, sa_flags=SA_RESTART|SA_SIGINFO
SIGPIPE: SIG_IGN, sa_mask[0]=00000000000010000000000000000000, sa_flags=SA_RESTART
SIGXFSZ: [libjvm.so+0x91f950], sa_mask[0]=11111111011111111101111111111110, sa_flags=SA_RESTART|SA_SIGINFO
SIGILL: [libjvm.so+0x91f950], sa_mask[0]=11111111011111111101111111111110, sa_flags=SA_RESTART|SA_SIGINFO
SIGUSR1: SIG_DFL, sa_mask[0]=00000000000000000000000000000000, sa_flags=none
SIGUSR2: [libjvm.so+0x920f80], sa_mask[0]=00100000000000000000000000000000, sa_flags=SA_RESTART|SA_SIGINFO
SIGHUP: [libjvm.so+0x922380], sa_mask[0]=11111111011111111101111111111110, sa_flags=SA_RESTART|SA_SIGINFO
SIGINT: [libjvm.so+0x922380], sa_mask[0]=11111111011111111101111111111110, sa_flags=SA_RESTART|SA_SIGINFO
SIGTERM: [libjvm.so+0x922380], sa_mask[0]=11111111011111111101111111111110, sa_flags=SA_RESTART|SA_SIGINFO
SIGQUIT: [libjvm.so+0x922380], sa_mask[0]=11111111011111111101111111111110, sa_flags=SA_RESTART|SA_SIGINFO


---------------  S Y S T E M  ---------------

OS:DISTRIB_ID=Ubuntu
DISTRIB_RELEASE=16.04
DISTRIB_CODENAME=xenial
DISTRIB_DESCRIPTION="Ubuntu 16.04.1 LTS"

uname:Linux 4.4.0-47-generic #68-Ubuntu SMP Wed Oct 26 19:39:52 UTC 2016 x86_64
libc:glibc 2.23 NPTL 2.23 
rlimit: STACK 8192k, CORE 0k, NPROC 15037, NOFILE 65536, AS infinity
load average:1.34 0.88 0.56

/proc/meminfo:
MemTotal:        3896084 kB
MemFree:          107696 kB
MemAvailable:    1061404 kB
Buffers:           70472 kB
Cached:          1074236 kB
SwapCached:         2128 kB
Active:          2161248 kB
Inactive:        1377624 kB
Active(anon):    1588748 kB
Inactive(anon):   828008 kB
Active(file):     572500 kB
Inactive(file):   549616 kB
Unevictable:         456 kB
Mlocked:             456 kB
SwapTotal:       7812092 kB
SwapFree:        7807604 kB
Dirty:             25788 kB
Writeback:             0 kB
AnonPages:       2388336 kB
Mapped:           282000 kB
Shmem:             22600 kB
Slab:             111580 kB
SReclaimable:      76508 kB
SUnreclaim:        35072 kB
KernelStack:        9712 kB
PageTables:        34100 kB
NFS_Unstable:          0 kB
Bounce:                0 kB
WritebackTmp:          0 kB
CommitLimit:     9760132 kB
Committed_AS:    5639252 kB
VmallocTotal:   34359738367 kB
VmallocUsed:           0 kB
VmallocChunk:          0 kB
HardwareCorrupted:     0 kB
AnonHugePages:   1593344 kB
CmaTotal:              0 kB
CmaFree:               0 kB
HugePages_Total:       0
HugePages_Free:        0
HugePages_Rsvd:        0
HugePages_Surp:        0
Hugepagesize:       2048 kB
DirectMap4k:      248064 kB
DirectMap2M:     3794944 kB


CPU:total 4 (2 cores per cpu, 2 threads per core) family 6 model 42 stepping 7, cmov, cx8, fxsr, mmx, sse, sse2, sse3, ssse3, sse4.1, sse4.2, popcnt, avx, aes, clmul, ht, tsc, tscinvbit

/proc/cpuinfo:
processor	: 0
vendor_id	: GenuineIntel
cpu family	: 6
model		: 42
model name	: Intel(R) Core(TM) i5-2450M CPU @ 2.50GHz
stepping	: 7
microcode	: 0x1b
cpu MHz		: 2784.863
cache size	: 3072 KB
physical id	: 0
siblings	: 4
core id		: 0
cpu cores	: 2
apicid		: 0
initial apicid	: 0
fpu		: yes
fpu_exception	: yes
cpuid level	: 13
wp		: yes
flags		: fpu vme de pse tsc msr pae mce cx8 apic sep mtrr pge mca cmov pat pse36 clflush dts acpi mmx fxsr sse sse2 ss ht tm pbe syscall nx rdtscp lm constant_tsc arch_perfmon pebs bts rep_good nopl xtopology nonstop_tsc aperfmperf eagerfpu pni pclmulqdq dtes64 monitor ds_cpl vmx est tm2 ssse3 cx16 xtpr pdcm pcid sse4_1 sse4_2 x2apic popcnt tsc_deadline_timer aes xsave avx lahf_lm epb tpr_shadow vnmi flexpriority ept vpid xsaveopt dtherm ida arat pln pts
bugs		:
bogomips	: 4988.35
clflush size	: 64
cache_alignment	: 64
address sizes	: 36 bits physical, 48 bits virtual
power management:

processor	: 1
vendor_id	: GenuineIntel
cpu family	: 6
model		: 42
model name	: Intel(R) Core(TM) i5-2450M CPU @ 2.50GHz
stepping	: 7
microcode	: 0x1b
cpu MHz		: 2699.707
cache size	: 3072 KB
physical id	: 0
siblings	: 4
core id		: 0
cpu cores	: 2
apicid		: 1
initial apicid	: 1
fpu		: yes
fpu_exception	: yes
cpuid level	: 13
wp		: yes
flags		: fpu vme de pse tsc msr pae mce cx8 apic sep mtrr pge mca cmov pat pse36 clflush dts acpi mmx fxsr sse sse2 ss ht tm pbe syscall nx rdtscp lm constant_tsc arch_perfmon pebs bts rep_good nopl xtopology nonstop_tsc aperfmperf eagerfpu pni pclmulqdq dtes64 monitor ds_cpl vmx est tm2 ssse3 cx16 xtpr pdcm pcid sse4_1 sse4_2 x2apic popcnt tsc_deadline_timer aes xsave avx lahf_lm epb tpr_shadow vnmi flexpriority ept vpid xsaveopt dtherm ida arat pln pts
bugs		:
bogomips	: 4988.35
clflush size	: 64
cache_alignment	: 64
address sizes	: 36 bits physical, 48 bits virtual
power management:

processor	: 2
vendor_id	: GenuineIntel
cpu family	: 6
model		: 42
model name	: Intel(R) Core(TM) i5-2450M CPU @ 2.50GHz
stepping	: 7
microcode	: 0x1b
cpu MHz		: 2766.406
cache size	: 3072 KB
physical id	: 0
siblings	: 4
core id		: 1
cpu cores	: 2
apicid		: 2
initial apicid	: 2
fpu		: yes
fpu_exception	: yes
cpuid level	: 13
wp		: yes
flags		: fpu vme de pse tsc msr pae mce cx8 apic sep mtrr pge mca cmov pat pse36 clflush dts acpi mmx fxsr sse sse2 ss ht tm pbe syscall nx rdtscp lm constant_tsc arch_perfmon pebs bts rep_good nopl xtopology nonstop_tsc aperfmperf eagerfpu pni pclmulqdq dtes64 monitor ds_cpl vmx est tm2 ssse3 cx16 xtpr pdcm pcid sse4_1 sse4_2 x2apic popcnt tsc_deadline_timer aes xsave avx lahf_lm epb tpr_shadow vnmi flexpriority ept vpid xsaveopt dtherm ida arat pln pts
bugs		:
bogomips	: 4988.35
clflush size	: 64
cache_alignment	: 64
address sizes	: 36 bits physical, 48 bits virtual
power management:

processor	: 3
vendor_id	: GenuineIntel
cpu family	: 6
model		: 42
model name	: Intel(R) Core(TM) i5-2450M CPU @ 2.50GHz
stepping	: 7
microcode	: 0x1b
cpu MHz		: 2733.105
cache size	: 3072 KB
physical id	: 0
siblings	: 4
core id		: 1
cpu cores	: 2
apicid		: 3
initial apicid	: 3
fpu		: yes
fpu_exception	: yes
cpuid level	: 13
wp		: yes
flags		: fpu vme de pse tsc msr pae mce cx8 apic sep mtrr pge mca cmov pat pse36 clflush dts acpi mmx fxsr sse sse2 ss ht tm pbe syscall nx rdtscp lm constant_tsc arch_perfmon pebs bts rep_good nopl xtopology nonstop_tsc aperfmperf eagerfpu pni pclmulqdq dtes64 monitor ds_cpl vmx est tm2 ssse3 cx16 xtpr pdcm pcid sse4_1 sse4_2 x2apic popcnt tsc_deadline_timer aes xsave avx lahf_lm epb tpr_shadow vnmi flexpriority ept vpid xsaveopt dtherm ida arat pln pts
bugs		:
bogomips	: 4988.35
clflush size	: 64
cache_alignment	: 64
address sizes	: 36 bits physical, 48 bits virtual
power management:



Memory: 4k page, physical 3896084k(107696k free), swap 7812092k(7807604k free)

vm_info: Java HotSpot(TM) 64-Bit Server VM (25.111-b14) for linux-amd64 JRE (1.8.0_111-b14), built on Sep 22 2016 16:14:03 by "java_re" with gcc 4.3.0 20080428 (Red Hat 4.3.0-8)

time: Sat Dec  3 19:55:09 2016
elapsed time: 6 seconds (0d 0h 0m 6s)

