#
# A fatal error has been detected by the Java Runtime Environment:
#
#  SIGSEGV (0xb) at pc=0x00007fb7a71ddd28, pid=3606, tid=0x00007fb73e347700
#
# JRE version: Java(TM) SE Runtime Environment (8.0_111-b14) (build 1.8.0_111-b14)
# Java VM: Java HotSpot(TM) 64-Bit Server VM (25.111-b14 mixed mode linux-amd64 compressed oops)
# Problematic frame:
# V  [libjvm.so+0x6d1d28]  jni_invoke_nonstatic(JNIEnv_*, JavaValue*, _jobject*, JNICallType, _jmethodID*, JNI_ArgumentPusher*, Thread*)+0x38
#
# Failed to write core dump. Core dumps have been disabled. To enable core dumping, try "ulimit -c unlimited" before starting Java again
#
# If you would like to submit a bug report, please visit:
#   http://bugreport.java.com/bugreport/crash.jsp
#

---------------  T H R E A D  ---------------

Current thread (0x00007fb75411b800):  JavaThread "JavaFX Application Thread" [_thread_in_vm, id=3635, stack(0x00007fb73e247000,0x00007fb73e348000)]

siginfo: si_signo: 11 (SIGSEGV), si_code: 1 (SEGV_MAPERR), si_addr: 0x00007fb700000000

Registers:
RAX=0x00007fb73e346140, RBX=0x00007fb73e346050, RCX=0x0000000000000001, RDX=0x00007fb700000000
RSP=0x00007fb73e345ea0, RBP=0x00007fb73e346020, RSI=0x00007fb73e3460b0, RDI=0x00007fb75411b9f8
R8 =0x00007fb75405e1b8, R9 =0x00007fb73e346050, R10=0x00007fb72c000ac0, R11=0x00007fb791394ee0
R12=0x00007fb75411b800, R13=0x00007fb75405e1b8, R14=0x0000000000000001, R15=0x00007fb75411b9f8
RIP=0x00007fb7a71ddd28, EFLAGS=0x0000000000010206, CSGSFS=0x0000000000000033, ERR=0x0000000000000004
  TRAPNO=0x000000000000000e

Top of Stack: (sp=0x00007fb73e345ea0)
0x00007fb73e345ea0:   00007fb73e3465a0 00007fb73e3461c0
0x00007fb73e345eb0:   00007fb73e345f00 00007fb73e345f80
0x00007fb73e345ec0:   00007fb73e346050 00007fb73e3460b0
0x00007fb73e345ed0:   00007fb75411b9f8 00007fb7a71fd830
0x00007fb73e345ee0:   00007fb760010cb0 00007fb760010cc0
0x00007fb73e345ef0:   00007fb760011098 00000000000003d8
0x00007fb73e345f00:   0000000000000000 00000000ec70a110
0x00007fb73e345f10:   00007fb70000006f 00007fb70000000a
0x00007fb73e345f20:   00000000ed0b4b90 0000000000000000
0x00007fb73e345f30:   0000000000000000 0000000000000000
0x00007fb73e345f40:   00007fb7a47bd570 0000000100000100
0x00007fb73e345f50:   0000000000000000 00007fb73e345f08
0x00007fb73e345f60:   00007fb73e345f49 0000000800000005
0x00007fb73e345f70:   0000000000000000 00007fb75411b380
0x00007fb73e345f80:   00007fb7a7a6aaf0 00007fb7a857b6d0
0x00007fb73e345f90:   000000005411b210 00007fb75411b800
0x00007fb73e345fa0:   0000000000000000 00007fb7a71de0fb
0x00007fb73e345fb0:   00007fb7a47aa258 00007fb75411b800
0x00007fb73e345fc0:   00007fb7a47aa258 00007fb75411b800
0x00007fb73e345fd0:   00007fb73e346160 00007fb7a47aa258
0x00007fb73e345fe0:   00007fb7a47aa258 00007fb7a47aa258
0x00007fb73e345ff0:   00007fb760010cb0 00007fb73e346050
0x00007fb73e346000:   00007fb75411b800 00007fb73e346090
0x00007fb73e346010:   00007fb75405e1b8 00007fb75411b9f8
0x00007fb73e346020:   00007fb73e346110 00007fb7a71e24cf
0x00007fb73e346030:   00007fb75411b800 00007fb78c162054
0x00007fb73e346040:   00007fb73e346128 00007fb700000000
0x00007fb73e346050:   00007fb7a7a6b750 00007fb7a857b6d0
0x00007fb73e346060:   000000003e3460d0 165794da00000063
0x00007fb73e346070:   0000000000000000 0000003000000018
0x00007fb73e346080:   00007fb73e346200 00007fb73e346140
0x00007fb73e346090:   00007fb75411b800 0000000000000000 

Instructions: (pc=0x00007fb7a71ddd28)
0x00007fb7a71ddd08:   00 00 48 85 d2 48 89 bd b0 fe ff ff 48 89 b5 a8
0x00007fb7a71ddd18:   fe ff ff 4c 89 8d a0 fe ff ff 0f 84 78 09 00 00
0x00007fb7a71ddd28:   4c 8b 22 4d 85 e4 0f 84 6c 09 00 00 48 8b 45 10
0x00007fb7a71ddd38:   48 8b 98 38 01 00 00 48 83 7b 18 f7 0f 87 16 07 

Register to memory mapping:

RAX=0x00007fb73e346140 is pointing into the stack for thread: 0x00007fb75411b800
RBX=0x00007fb73e346050 is pointing into the stack for thread: 0x00007fb75411b800
RCX=0x0000000000000001 is an unknown value
RDX=0x00007fb700000000 is an unknown value
RSP=0x00007fb73e345ea0 is pointing into the stack for thread: 0x00007fb75411b800
RBP=0x00007fb73e346020 is pointing into the stack for thread: 0x00007fb75411b800
RSI=0x00007fb73e3460b0 is pointing into the stack for thread: 0x00007fb75411b800
RDI=0x00007fb75411b9f8 is an unknown value
R8 =0x00007fb75405e1b8 is an unknown value
R9 =0x00007fb73e346050 is pointing into the stack for thread: 0x00007fb75411b800
R10=0x00007fb72c000ac0 is an unknown value
R11=0x00007fb791394ee0 is at entry_point+32 in (nmethod*)0x00007fb791394d50
R12=0x00007fb75411b800 is a thread
R13=0x00007fb75405e1b8 is an unknown value
R14=0x0000000000000001 is an unknown value
R15=0x00007fb75411b9f8 is an unknown value


Stack: [0x00007fb73e247000,0x00007fb73e348000],  sp=0x00007fb73e345ea0,  free space=1019k
Native frames: (J=compiled Java code, j=interpreted, Vv=VM code, C=native code)
V  [libjvm.so+0x6d1d28]  jni_invoke_nonstatic(JNIEnv_*, JavaValue*, _jobject*, JNICallType, _jmethodID*, JNI_ArgumentPusher*, Thread*)+0x38
V  [libjvm.so+0x6d64cf]  jni_CallVoidMethodV+0x10f
C  [libglass.so+0x18641]  JNIEnv_::CallVoidMethod(_jobject*, _jmethodID*, ...)+0x81
C  [libglass.so+0x14f0f]  WindowContextBase::process_key(_GdkEventKey*)+0x20f
C  [libglass.so+0x19f60]  WindowContextBase::im_filter_keypress(_GdkEventKey*)+0x1c0
C  [libglass.so+0x1a91c]  process_events(_GdkEvent*, void*)+0x22c
C  [libgdk-x11-2.0.so.0+0x5ac4c]

Java frames: (J=compiled Java code, j=interpreted, Vv=VM code)
j  com.sun.glass.ui.gtk.GtkApplication._runLoop(Ljava/lang/Runnable;Z)V+0
j  com.sun.glass.ui.gtk.GtkApplication.lambda$null$49(Ljava/lang/Runnable;Z)V+7
j  com.sun.glass.ui.gtk.GtkApplication$$Lambda$43.run()V+12
j  java.lang.Thread.run()V+11
v  ~StubRoutines::call_stub

---------------  P R O C E S S  ---------------

Java Threads: ( => current thread )
  0x00007fb72c27b000 JavaThread "Prism Font Disposer" daemon [_thread_blocked, id=3640, stack(0x00007fb73d425000,0x00007fb73d526000)]
=>0x00007fb75411b800 JavaThread "JavaFX Application Thread" [_thread_in_vm, id=3635, stack(0x00007fb73e247000,0x00007fb73e348000)]
  0x00007fb754117800 JavaThread "Thread-2" daemon [_thread_blocked, id=3634, stack(0x00007fb73e348000,0x00007fb73e449000)]
  0x00007fb75404b800 JavaThread "QuantumRenderer-0" daemon [_thread_blocked, id=3627, stack(0x00007fb78cbfd000,0x00007fb78ccfe000)]
  0x00007fb7a01ca800 JavaThread "JavaFX-Launcher" [_thread_blocked, id=3626, stack(0x00007fb78ccfe000,0x00007fb78cdff000)]
  0x00007fb7a0123000 JavaThread "Monitor Ctrl-Break" daemon [_thread_in_native, id=3625, stack(0x00007fb78d3ad000,0x00007fb78d4ae000)]
  0x00007fb7a00c1800 JavaThread "Service Thread" daemon [_thread_blocked, id=3623, stack(0x00007fb78d7ed000,0x00007fb78d8ee000)]
  0x00007fb7a00be800 JavaThread "C1 CompilerThread2" daemon [_thread_blocked, id=3622, stack(0x00007fb78d8ee000,0x00007fb78d9ef000)]
  0x00007fb7a00bd000 JavaThread "C2 CompilerThread1" daemon [_thread_in_native, id=3621, stack(0x00007fb78d9ef000,0x00007fb78daf0000)]
  0x00007fb7a00ba000 JavaThread "C2 CompilerThread0" daemon [_thread_in_native, id=3620, stack(0x00007fb78daf0000,0x00007fb78dbf1000)]
  0x00007fb7a00b8800 JavaThread "Signal Dispatcher" daemon [_thread_blocked, id=3619, stack(0x00007fb78dbf1000,0x00007fb78dcf2000)]
  0x00007fb7a0084800 JavaThread "Finalizer" daemon [_thread_blocked, id=3618, stack(0x00007fb78dfcb000,0x00007fb78e0cc000)]
  0x00007fb7a0080000 JavaThread "Reference Handler" daemon [_thread_blocked, id=3617, stack(0x00007fb78e0cc000,0x00007fb78e1cd000)]
  0x00007fb7a000a800 JavaThread "main" [_thread_blocked, id=3607, stack(0x00007fb7a85f8000,0x00007fb7a86f9000)]

Other Threads:
  0x00007fb7a0078000 VMThread [stack: 0x00007fb78e1cd000,0x00007fb78e2ce000] [id=3612]
  0x00007fb7a00c4800 WatcherThread [stack: 0x00007fb78d6ec000,0x00007fb78d7ed000] [id=3624]

VM state:not at safepoint (normal execution)

VM Mutex/Monitor currently owned by a thread: None

Heap:
 PSYoungGen      total 17920K, used 3100K [0x00000000ec300000, 0x00000000ed700000, 0x0000000100000000)
  eden space 15360K, 3% used [0x00000000ec300000,0x00000000ec38f308,0x00000000ed200000)
  from space 2560K, 98% used [0x00000000ed480000,0x00000000ed6f8058,0x00000000ed700000)
  to   space 2560K, 0% used [0x00000000ed200000,0x00000000ed200000,0x00000000ed480000)
 ParOldGen       total 40960K, used 3304K [0x00000000c4800000, 0x00000000c7000000, 0x00000000ec300000)
  object space 40960K, 8% used [0x00000000c4800000,0x00000000c4b3a3a0,0x00000000c7000000)
 Metaspace       used 15582K, capacity 16234K, committed 16512K, reserved 1062912K
  class space    used 2210K, capacity 2367K, committed 2432K, reserved 1048576K

Card table byte_map: [0x00007fb7a51c9000,0x00007fb7a53a6000] byte_map_base: 0x00007fb7a4ba5000

Marking Bits: (ParMarkBitMap*) 0x00007fb7a7acf220
 Begin Bits: [0x00007fb78f240000, 0x00007fb790120000)
 End Bits:   [0x00007fb790120000, 0x00007fb791000000)

Polling page: 0x00007fb7a871e000

CodeCache: size=245760Kb used=4428Kb max_used=4442Kb free=241331Kb
 bounds [0x00007fb791000000, 0x00007fb791460000, 0x00007fb7a0000000]
 total_blobs=2065 nmethods=1454 adapters=524
 compilation: enabled

Compilation events (10 events):
Event: 6.234 Thread 0x00007fb7a00be800 1453       1       javafx.scene.text.Text$TextAttribute::access$1800 (5 bytes)
Event: 6.234 Thread 0x00007fb7a00be800 nmethod 1453 0x00007fb791450f50 code [0x00007fb7914510a0, 0x00007fb791451190]
Event: 6.234 Thread 0x00007fb7a00be800 1454       3       com.sun.javafx.geom.RectBounds::<init> (14 bytes)
Event: 6.234 Thread 0x00007fb7a00be800 nmethod 1454 0x00007fb791451210 code [0x00007fb791451380, 0x00007fb791451670]
Event: 6.234 Thread 0x00007fb7a00be800 1457       3       javafx.scene.control.SkinBase::snapSize (19 bytes)
Event: 6.234 Thread 0x00007fb7a00be800 nmethod 1457 0x00007fb7914517d0 code [0x00007fb791451980, 0x00007fb791451cc8]
Event: 6.234 Thread 0x00007fb7a00be800 1455       3       javafx.scene.Node::updateCanReceiveFocus (31 bytes)
Event: 6.236 Thread 0x00007fb7a00be800 nmethod 1455 0x00007fb791451e10 code [0x00007fb791452020, 0x00007fb791452df8]
Event: 6.236 Thread 0x00007fb7a00be800 1456       3       javafx.scene.Node::isDisabled (19 bytes)
Event: 6.236 Thread 0x00007fb7a00be800 nmethod 1456 0x00007fb791453390 code [0x00007fb791453520, 0x00007fb7914538e8]

GC Heap History (4 events):
Event: 1.315 GC heap before
{Heap before GC invocations=1 (full 0):
 PSYoungGen      total 17920K, used 15360K [0x00000000ec300000, 0x00000000ed700000, 0x0000000100000000)
  eden space 15360K, 100% used [0x00000000ec300000,0x00000000ed200000,0x00000000ed200000)
  from space 2560K, 0% used [0x00000000ed480000,0x00000000ed480000,0x00000000ed700000)
  to   space 2560K, 0% used [0x00000000ed200000,0x00000000ed200000,0x00000000ed480000)
 ParOldGen       total 40960K, used 0K [0x00000000c4800000, 0x00000000c7000000, 0x00000000ec300000)
  object space 40960K, 0% used [0x00000000c4800000,0x00000000c4800000,0x00000000c7000000)
 Metaspace       used 10055K, capacity 10460K, committed 10624K, reserved 1058816K
  class space    used 1240K, capacity 1368K, committed 1408K, reserved 1048576K
Event: 1.322 GC heap after
Heap after GC invocations=1 (full 0):
 PSYoungGen      total 17920K, used 2528K [0x00000000ec300000, 0x00000000ed700000, 0x0000000100000000)
  eden space 15360K, 0% used [0x00000000ec300000,0x00000000ec300000,0x00000000ed200000)
  from space 2560K, 98% used [0x00000000ed200000,0x00000000ed478050,0x00000000ed480000)
  to   space 2560K, 0% used [0x00000000ed480000,0x00000000ed480000,0x00000000ed700000)
 ParOldGen       total 40960K, used 432K [0x00000000c4800000, 0x00000000c7000000, 0x00000000ec300000)
  object space 40960K, 1% used [0x00000000c4800000,0x00000000c486c000,0x00000000c7000000)
 Metaspace       used 10055K, capacity 10460K, committed 10624K, reserved 1058816K
  class space    used 1240K, capacity 1368K, committed 1408K, reserved 1048576K
}
Event: 6.198 GC heap before
{Heap before GC invocations=2 (full 0):
 PSYoungGen      total 17920K, used 17888K [0x00000000ec300000, 0x00000000ed700000, 0x0000000100000000)
  eden space 15360K, 100% used [0x00000000ec300000,0x00000000ed200000,0x00000000ed200000)
  from space 2560K, 98% used [0x00000000ed200000,0x00000000ed478050,0x00000000ed480000)
  to   space 2560K, 0% used [0x00000000ed480000,0x00000000ed480000,0x00000000ed700000)
 ParOldGen       total 40960K, used 432K [0x00000000c4800000, 0x00000000c7000000, 0x00000000ec300000)
  object space 40960K, 1% used [0x00000000c4800000,0x00000000c486c000,0x00000000c7000000)
 Metaspace       used 15534K, capacity 16170K, committed 16256K, reserved 1062912K
  class space    used 2210K, capacity 2367K, committed 2432K, reserved 1048576K
Event: 6.205 GC heap after
Heap after GC invocations=2 (full 0):
 PSYoungGen      total 17920K, used 2528K [0x00000000ec300000, 0x00000000ed700000, 0x0000000100000000)
  eden space 15360K, 0% used [0x00000000ec300000,0x00000000ec300000,0x00000000ed200000)
  from space 2560K, 98% used [0x00000000ed480000,0x00000000ed6f8058,0x00000000ed700000)
  to   space 2560K, 0% used [0x00000000ed200000,0x00000000ed200000,0x00000000ed480000)
 ParOldGen       total 40960K, used 3304K [0x00000000c4800000, 0x00000000c7000000, 0x00000000ec300000)
  object space 40960K, 8% used [0x00000000c4800000,0x00000000c4b3a3a0,0x00000000c7000000)
 Metaspace       used 15534K, capacity 16170K, committed 16256K, reserved 1062912K
  class space    used 2210K, capacity 2367K, committed 2432K, reserved 1048576K
}

Deoptimization events (10 events):
Event: 1.553 Thread 0x00007fb75411b800 Uncommon trap: reason=class_check action=maybe_recompile pc=0x00007fb791255534 method=java.io.DataInputStream.readShort()S @ 4
Event: 1.553 Thread 0x00007fb75411b800 Uncommon trap: reason=class_check action=maybe_recompile pc=0x00007fb791255534 method=java.io.DataInputStream.readShort()S @ 4
Event: 1.561 Thread 0x00007fb75411b800 Uncommon trap: reason=class_check action=maybe_recompile pc=0x00007fb79111fa38 method=java.lang.String.equals(Ljava/lang/Object;)Z @ 8
Event: 1.561 Thread 0x00007fb75411b800 Uncommon trap: reason=class_check action=maybe_recompile pc=0x00007fb79111fa38 method=java.lang.String.equals(Ljava/lang/Object;)Z @ 8
Event: 1.561 Thread 0x00007fb75411b800 Uncommon trap: reason=class_check action=maybe_recompile pc=0x00007fb79111fa38 method=java.lang.String.equals(Ljava/lang/Object;)Z @ 8
Event: 1.649 Thread 0x00007fb75411b800 Uncommon trap: reason=class_check action=maybe_recompile pc=0x00007fb79111fa38 method=java.lang.String.equals(Ljava/lang/Object;)Z @ 8
Event: 1.728 Thread 0x00007fb75411b800 Uncommon trap: reason=unstable_if action=reinterpret pc=0x00007fb7912b948c method=sun.net.www.ParseUtil.encodePath(Ljava/lang/String;Z)Ljava/lang/String; @ 109
Event: 1.804 Thread 0x00007fb75411b800 Uncommon trap: reason=unstable_if action=reinterpret pc=0x00007fb79131e524 method=jdk.internal.org.objectweb.asm.Type.getArgumentsAndReturnSizes(Ljava/lang/String;)I @ 47
Event: 3.868 Thread 0x00007fb75404b800 Uncommon trap: reason=unstable_if action=reinterpret pc=0x00007fb7913aa31c method=java.lang.StrictMath.floorOrCeil(DDDD)D @ 115
Event: 4.483 Thread 0x00007fb75411b800 Uncommon trap: reason=unstable_if action=reinterpret pc=0x00007fb79121dda0 method=java.lang.CharacterData.of(I)Ljava/lang/CharacterData; @ 4

Internal exceptions (10 events):
Event: 0.447 Thread 0x00007fb7a01ca800 Exception <a 'java/security/PrivilegedActionException'> (0x00000000ec617d80) thrown at [/HUDSON3/workspace/8-2-build-linux-amd64/jdk8u111/7883/hotspot/src/share/vm/prims/jvm.cpp, line 1386]
Event: 0.448 Thread 0x00007fb7a01ca800 Exception <a 'java/security/PrivilegedActionException'> (0x00000000ec61a1c0) thrown at [/HUDSON3/workspace/8-2-build-linux-amd64/jdk8u111/7883/hotspot/src/share/vm/prims/jvm.cpp, line 1386]
Event: 0.448 Thread 0x00007fb7a01ca800 Exception <a 'java/security/PrivilegedActionException'> (0x00000000ec61a3d0) thrown at [/HUDSON3/workspace/8-2-build-linux-amd64/jdk8u111/7883/hotspot/src/share/vm/prims/jvm.cpp, line 1386]
Event: 0.448 Thread 0x00007fb7a01ca800 Exception <a 'java/lang/NullPointerException'> (0x00000000ec61a9a8) thrown at [/HUDSON3/workspace/8-2-build-linux-amd64/jdk8u111/7883/hotspot/src/share/vm/interpreter/linkResolver.cpp, line 1178]
Event: 1.125 Thread 0x00007fb75411b800 Exception <a 'java/lang/NullPointerException'> (0x00000000ece57fb8) thrown at [/HUDSON3/workspace/8-2-build-linux-amd64/jdk8u111/7883/hotspot/src/share/vm/interpreter/linkResolver.cpp, line 1178]
Event: 1.125 Thread 0x00007fb75411b800 Exception <a 'java/lang/NullPointerException'> (0x00000000ece57fb8) thrown at [/HUDSON3/workspace/8-2-build-linux-amd64/jdk8u111/7883/hotspot/src/share/vm/prims/jvm.cpp, line 1390]
Event: 1.307 Thread 0x00007fb75411b800 Exception <a 'java/lang/ArrayIndexOutOfBoundsException': 58> (0x00000000ed1e6ed8) thrown at [/HUDSON3/workspace/8-2-build-linux-amd64/jdk8u111/7883/hotspot/src/share/vm/interpreter/interpreterRuntime.cpp, line 366]
Event: 1.308 Thread 0x00007fb75411b800 Exception <a 'java/lang/ArrayIndexOutOfBoundsException': 18> (0x00000000ed1e7d60) thrown at [/HUDSON3/workspace/8-2-build-linux-amd64/jdk8u111/7883/hotspot/src/share/vm/interpreter/interpreterRuntime.cpp, line 366]
Event: 1.309 Thread 0x00007fb75411b800 Exception <a 'java/lang/ArrayIndexOutOfBoundsException': 86> (0x00000000ed1e9108) thrown at [/HUDSON3/workspace/8-2-build-linux-amd64/jdk8u111/7883/hotspot/src/share/vm/interpreter/interpreterRuntime.cpp, line 366]
Event: 1.450 Thread 0x00007fb75411b800 Implicit null exception at 0x00007fb79126b475 to 0x00007fb79126b659

Events (10 events):
Event: 6.059 loading class com/sun/prism/GraphicsResource
Event: 6.059 loading class com/sun/prism/GraphicsResource done
Event: 6.059 loading class com/sun/prism/GraphicsResource
Event: 6.059 loading class com/sun/prism/GraphicsResource done
Event: 6.060 loading class com/sun/javafx/tk/quantum/ViewScene
Event: 6.060 loading class com/sun/javafx/tk/quantum/ViewScene done
Event: 6.062 loading class com/sun/javafx/tk/quantum/WindowStage
Event: 6.062 loading class com/sun/javafx/tk/quantum/WindowStage done
Event: 6.198 Executing VM operation: ParallelGCFailedAllocation
Event: 6.205 Executing VM operation: ParallelGCFailedAllocation done


Dynamic libraries:
00400000-00401000 r-xp 00000000 08:03 2493609                            /usr/lib/jvm/java-8-oracle/bin/java
00600000-00601000 rw-p 00000000 08:03 2493609                            /usr/lib/jvm/java-8-oracle/bin/java
011bf000-011e0000 rw-p 00000000 00:00 0                                  [heap]
40db5000-40e55000 rw-p 00000000 00:00 0 
41185000-41187000 r-xs 00000000 08:03 262240                             /tmp/.glafCSGl (deleted)
c4800000-c7000000 rw-p 00000000 00:00 0 
c7000000-ec300000 ---p 00000000 00:00 0 
ec300000-ed700000 rw-p 00000000 00:00 0 
ed700000-100000000 ---p 00000000 00:00 0 
100000000-100260000 rw-p 00000000 00:00 0 
100260000-140000000 ---p 00000000 00:00 0 
7fb720000000-7fb720021000 rw-p 00000000 00:00 0 
7fb720021000-7fb724000000 ---p 00000000 00:00 0 
7fb728000000-7fb728021000 rw-p 00000000 00:00 0 
7fb728021000-7fb72c000000 ---p 00000000 00:00 0 
7fb72c000000-7fb72c539000 rw-p 00000000 00:00 0 
7fb72c539000-7fb730000000 ---p 00000000 00:00 0 
7fb730000000-7fb730021000 rw-p 00000000 00:00 0 
7fb730021000-7fb734000000 ---p 00000000 00:00 0 
7fb734000000-7fb734022000 rw-p 00000000 00:00 0 
7fb734022000-7fb738000000 ---p 00000000 00:00 0 
7fb738000000-7fb738021000 rw-p 00000000 00:00 0 
7fb738021000-7fb73c000000 ---p 00000000 00:00 0 
7fb73c624000-7fb73c824000 rw-s 90623000 00:06 517                        /dev/nvidiactl
7fb73c824000-7fb73d025000 rw-p 00000000 00:00 0 
7fb73d025000-7fb73d225000 rw-s 8f991000 00:06 517                        /dev/nvidiactl
7fb73d225000-7fb73d3e5000 rw-p 00000000 00:00 0 
7fb73d3e5000-7fb73d425000 ---p 00000000 00:00 0 
7fb73d425000-7fb73d428000 ---p 00000000 00:00 0 
7fb73d428000-7fb73d526000 rw-p 00000000 00:00 0 
7fb73d526000-7fb73d5df000 r--p 00000000 08:03 1312293                    /usr/share/fonts/truetype/dejavu/DejaVuSans.ttf
7fb73d5df000-7fb73d5f3000 r--p 00000000 08:03 2493785                    /usr/lib/jvm/java-8-oracle/jre/lib/fonts/LucidaBrightItalic.ttf
7fb73d5f3000-7fb73d648000 r--p 00000000 08:03 2493784                    /usr/lib/jvm/java-8-oracle/jre/lib/fonts/LucidaBrightRegular.ttf
7fb73d648000-7fb73d6f3000 r--p 00000000 08:03 2493781                    /usr/lib/jvm/java-8-oracle/jre/lib/fonts/LucidaSansRegular.ttf
7fb73d6f3000-7fb73d706000 r--p 00000000 08:03 2493789                    /usr/lib/jvm/java-8-oracle/jre/lib/fonts/LucidaBrightDemiItalic.ttf
7fb73d706000-7fb73d740000 r--p 00000000 08:03 2493783                    /usr/lib/jvm/java-8-oracle/jre/lib/fonts/LucidaTypewriterBold.ttf
7fb73d740000-7fb73d753000 r--p 00000000 08:03 2493782                    /usr/lib/jvm/java-8-oracle/jre/lib/fonts/LucidaBrightDemiBold.ttf
7fb73d753000-7fb73d78f000 r--p 00000000 08:03 2493787                    /usr/lib/jvm/java-8-oracle/jre/lib/fonts/LucidaTypewriterRegular.ttf
7fb73d78f000-7fb73d7dd000 r--p 00000000 08:03 2493788                    /usr/lib/jvm/java-8-oracle/jre/lib/fonts/LucidaSansDemiBold.ttf
7fb73d7dd000-7fb73d7e1000 r-xp 00000000 08:03 2493730                    /usr/lib/jvm/java-8-oracle/jre/lib/amd64/libjavafx_font_pango.so
7fb73d7e1000-7fb73d9e0000 ---p 00004000 08:03 2493730                    /usr/lib/jvm/java-8-oracle/jre/lib/amd64/libjavafx_font_pango.so
7fb73d9e0000-7fb73d9e1000 rw-p 00003000 08:03 2493730                    /usr/lib/jvm/java-8-oracle/jre/lib/amd64/libjavafx_font_pango.so
7fb73d9e1000-7fb73d9e6000 r--s 00084000 08:03 2493792                    /usr/lib/jvm/java-8-oracle/jre/lib/jfr.jar
7fb73d9e6000-7fb73dbe6000 rw-p 00000000 00:00 0 
7fb73dbe6000-7fb73dbf1000 r--s 00000000 08:03 664008                     /var/cache/fontconfig/945677eb7aeaf62f1d50efc3fb3ec7d8-le64.cache-6
7fb73dbf1000-7fb73dbf7000 r--s 00000000 08:03 664037                     /var/cache/fontconfig/2cd17615ca594fa2959ae173292e504c-le64.cache-6
7fb73dbf7000-7fb73dbf8000 r--s 00000000 08:03 664036                     /var/cache/fontconfig/0d8c3b2ac0904cb8a57a757ad11a4a08-le64.cache-6
7fb73dbf8000-7fb73dc0d000 r--s 00000000 08:03 664034                     /var/cache/fontconfig/04aabc0a78ac019cf9454389977116d2-le64.cache-6
7fb73dc0d000-7fb73dc0e000 r--s 00000000 08:03 664033                     /var/cache/fontconfig/1ac9eb803944fde146138c791f5cc56a-le64.cache-6
7fb73dc0e000-7fb73dc12000 r--s 00000000 08:03 664032                     /var/cache/fontconfig/385c0604a188198f04d133e54aba7fe7-le64.cache-6
7fb73dc12000-7fb73dc13000 r--s 00000000 08:03 664030                     /var/cache/fontconfig/dc05db6664285cc2f12bf69c139ae4c3-le64.cache-6
7fb73dc13000-7fb73dc16000 r--s 00000000 08:03 664029                     /var/cache/fontconfig/767a8244fc0220cfb567a839d0392e0b-le64.cache-6
7fb73dc16000-7fb73dc17000 r--s 00000000 08:03 664027                     /var/cache/fontconfig/4794a0821666d79190d59a36cb4f44b5-le64.cache-6
7fb73dc17000-7fb73dc1c000 r--s 00000000 08:03 664018                     /var/cache/fontconfig/8801497958630a81b71ace7c5f9b32a8-le64.cache-6
7fb73dc1c000-7fb73dc1d000 r--s 00000000 08:03 664017                     /var/cache/fontconfig/bab58bb527bb656aaa9f116d68a48d89-le64.cache-6
7fb73dc1d000-7fb73dc24000 r--s 00000000 08:03 664015                     /var/cache/fontconfig/3047814df9a2f067bd2d96a2b9c36e5a-le64.cache-6
7fb73dc24000-7fb73dc25000 r--s 00000000 08:03 664014                     /var/cache/fontconfig/56cf4f4769d0f4abc89a4895d7bd3ae1-le64.cache-6
7fb73dc25000-7fb73dc26000 r--s 00000000 08:03 664012                     /var/cache/fontconfig/b9d506c9ac06c20b433354fa67a72993-le64.cache-6
7fb73dc26000-7fb73dc2c000 r--s 00000000 08:03 664011                     /var/cache/fontconfig/b47c4e1ecd0709278f4910c18777a504-le64.cache-6
7fb73dc2c000-7fb73dc3f000 r--s 00000000 08:03 664009                     /var/cache/fontconfig/d52a8644073d54c13679302ca1180695-le64.cache-6
7fb73dc3f000-7fb73dc44000 r-xp 00000000 08:03 2493726                    /usr/lib/jvm/java-8-oracle/jre/lib/amd64/libjavafx_font_freetype.so
7fb73dc44000-7fb73de43000 ---p 00005000 08:03 2493726                    /usr/lib/jvm/java-8-oracle/jre/lib/amd64/libjavafx_font_freetype.so
7fb73de43000-7fb73de44000 rw-p 00004000 08:03 2493726                    /usr/lib/jvm/java-8-oracle/jre/lib/amd64/libjavafx_font_freetype.so
7fb73de44000-7fb73de47000 r-xp 00000000 08:03 2493688                    /usr/lib/jvm/java-8-oracle/jre/lib/amd64/libjavafx_font.so
7fb73de47000-7fb73e046000 ---p 00003000 08:03 2493688                    /usr/lib/jvm/java-8-oracle/jre/lib/amd64/libjavafx_font.so
7fb73e046000-7fb73e047000 rw-p 00002000 08:03 2493688                    /usr/lib/jvm/java-8-oracle/jre/lib/amd64/libjavafx_font.so
7fb73e047000-7fb73e247000 rw-p 00000000 00:00 0 
7fb73e247000-7fb73e24a000 ---p 00000000 00:00 0 
7fb73e24a000-7fb73e348000 rw-p 00000000 00:00 0 
7fb73e348000-7fb73e34b000 ---p 00000000 00:00 0 
7fb73e34b000-7fb73e449000 rw-p 00000000 00:00 0 
7fb73e449000-7fb73e44a000 ---p 00000000 00:00 0 
7fb73e44a000-7fb73ec4a000 rw-p 00000000 00:00 0 
7fb73ec4a000-7fb73ec4b000 ---p 00000000 00:00 0 
7fb73ec4b000-7fb73f44b000 rw-p 00000000 00:00 0 
7fb73f44b000-7fb73f44c000 ---p 00000000 00:00 0 
7fb73f44c000-7fb73fc4c000 rw-p 00000000 00:00 0 
7fb73fc4c000-7fb73fc57000 r-xp 00000000 08:03 657319                     /usr/lib/x86_64-linux-gnu/gio/modules/libdconfsettings.so
7fb73fc57000-7fb73fe57000 ---p 0000b000 08:03 657319                     /usr/lib/x86_64-linux-gnu/gio/modules/libdconfsettings.so
7fb73fe57000-7fb73fe58000 r--p 0000b000 08:03 657319                     /usr/lib/x86_64-linux-gnu/gio/modules/libdconfsettings.so
7fb73fe58000-7fb73fe59000 rw-p 0000c000 08:03 657319                     /usr/lib/x86_64-linux-gnu/gio/modules/libdconfsettings.so
7fb73fe59000-7fb73fea1000 r--p 00000000 08:03 1312548                    /usr/share/glib-2.0/schemas/gschemas.compiled
7fb73fea1000-7fb73fea8000 r-xp 00000000 08:03 403656                     /usr/lib/x86_64-linux-gnu/libogg.so.0.8.2
7fb73fea8000-7fb7400a8000 ---p 00007000 08:03 403656                     /usr/lib/x86_64-linux-gnu/libogg.so.0.8.2
7fb7400a8000-7fb7400a9000 r--p 00007000 08:03 403656                     /usr/lib/x86_64-linux-gnu/libogg.so.0.8.2
7fb7400a9000-7fb7400aa000 rw-p 00008000 08:03 403656                     /usr/lib/x86_64-linux-gnu/libogg.so.0.8.2
7fb7400aa000-7fb7400d4000 r-xp 00000000 08:03 404005                     /usr/lib/x86_64-linux-gnu/libvorbis.so.0.4.8
7fb7400d4000-7fb7402d4000 ---p 0002a000 08:03 404005                     /usr/lib/x86_64-linux-gnu/libvorbis.so.0.4.8
7fb7402d4000-7fb7402d5000 r--p 0002a000 08:03 404005                     /usr/lib/x86_64-linux-gnu/libvorbis.so.0.4.8
7fb7402d5000-7fb7402d6000 rw-p 0002b000 08:03 404005                     /usr/lib/x86_64-linux-gnu/libvorbis.so.0.4.8
7fb7402d6000-7fb7402df000 r-xp 00000000 08:03 403523                     /usr/lib/x86_64-linux-gnu/libltdl.so.7.3.1
7fb7402df000-7fb7404de000 ---p 00009000 08:03 403523                     /usr/lib/x86_64-linux-gnu/libltdl.so.7.3.1
7fb7404de000-7fb7404df000 r--p 00008000 08:03 403523                     /usr/lib/x86_64-linux-gnu/libltdl.so.7.3.1
7fb7404df000-7fb7404e0000 rw-p 00009000 08:03 403523                     /usr/lib/x86_64-linux-gnu/libltdl.so.7.3.1
7fb7404e0000-7fb7404f4000 r-xp 00000000 08:03 403898                     /usr/lib/x86_64-linux-gnu/libtdb.so.1.3.8
7fb7404f4000-7fb7406f3000 ---p 00014000 08:03 403898                     /usr/lib/x86_64-linux-gnu/libtdb.so.1.3.8
7fb7406f3000-7fb7406f4000 r--p 00013000 08:03 403898                     /usr/lib/x86_64-linux-gnu/libtdb.so.1.3.8
7fb7406f4000-7fb7406f5000 rw-p 00014000 08:03 403898                     /usr/lib/x86_64-linux-gnu/libtdb.so.1.3.8
7fb7406f5000-7fb7406fc000 r-xp 00000000 08:03 404009                     /usr/lib/x86_64-linux-gnu/libvorbisfile.so.3.3.7
7fb7406fc000-7fb7408fc000 ---p 00007000 08:03 404009                     /usr/lib/x86_64-linux-gnu/libvorbisfile.so.3.3.7
7fb7408fc000-7fb7408fd000 r--p 00007000 08:03 404009                     /usr/lib/x86_64-linux-gnu/libvorbisfile.so.3.3.7
7fb7408fd000-7fb7408fe000 rw-p 00008000 08:03 404009                     /usr/lib/x86_64-linux-gnu/libvorbisfile.so.3.3.7
7fb7408fe000-7fb74090e000 r-xp 00000000 08:03 402920                     /usr/lib/x86_64-linux-gnu/libcanberra.so.0.2.5
7fb74090e000-7fb740b0d000 ---p 00010000 08:03 402920                     /usr/lib/x86_64-linux-gnu/libcanberra.so.0.2.5
7fb740b0d000-7fb740b0e000 r--p 0000f000 08:03 402920                     /usr/lib/x86_64-linux-gnu/libcanberra.so.0.2.5
7fb740b0e000-7fb740b0f000 rw-p 00010000 08:03 402920                     /usr/lib/x86_64-linux-gnu/libcanberra.so.0.2.5
7fb740b0f000-7fb740b13000 r-xp 00000000 08:03 402916                     /usr/lib/x86_64-linux-gnu/libcanberra-gtk.so.0.1.9
7fb740b13000-7fb740d12000 ---p 00004000 08:03 402916                     /usr/lib/x86_64-linux-gnu/libcanberra-gtk.so.0.1.9
7fb740d12000-7fb740d13000 r--p 00003000 08:03 402916                     /usr/lib/x86_64-linux-gnu/libcanberra-gtk.so.0.1.9
7fb740d13000-7fb740d14000 rw-p 00004000 08:03 402916                     /usr/lib/x86_64-linux-gnu/libcanberra-gtk.so.0.1.9
7fb740d14000-7fb740d19000 r-xp 00000000 08:03 657534                     /usr/lib/x86_64-linux-gnu/gtk-2.0/modules/libcanberra-gtk-module.so
7fb740d19000-7fb740f18000 ---p 00005000 08:03 657534                     /usr/lib/x86_64-linux-gnu/gtk-2.0/modules/libcanberra-gtk-module.so
7fb740f18000-7fb740f19000 r--p 00004000 08:03 657534                     /usr/lib/x86_64-linux-gnu/gtk-2.0/modules/libcanberra-gtk-module.so
7fb740f19000-7fb740f1a000 rw-p 00005000 08:03 657534                     /usr/lib/x86_64-linux-gnu/gtk-2.0/modules/libcanberra-gtk-module.so
7fb740f1a000-7fb740f4a000 r-xp 00000000 08:03 657346                     /usr/lib/x86_64-linux-gnu/gtk-2.0/2.10.0/engines/libmurrine.so
7fb740f4a000-7fb74114a000 ---p 00030000 08:03 657346                     /usr/lib/x86_64-linux-gnu/gtk-2.0/2.10.0/engines/libmurrine.so
7fb74114a000-7fb74114b000 r--p 00030000 08:03 657346                     /usr/lib/x86_64-linux-gnu/gtk-2.0/2.10.0/engines/libmurrine.so
7fb74114b000-7fb74114c000 rw-p 00031000 08:03 657346                     /usr/lib/x86_64-linux-gnu/gtk-2.0/2.10.0/engines/libmurrine.so
7fb74114c000-7fb74115c000 r-xp 00000000 08:03 403954                     /usr/lib/x86_64-linux-gnu/libunity-gtk2-parser.so.0.0.0
7fb74115c000-7fb74135c000 ---p 00010000 08:03 403954                     /usr/lib/x86_64-linux-gnu/libunity-gtk2-parser.so.0.0.0
7fb74135c000-7fb74135d000 r--p 00010000 08:03 403954                     /usr/lib/x86_64-linux-gnu/libunity-gtk2-parser.so.0.0.0
7fb74135d000-7fb74135e000 rw-p 00011000 08:03 403954                     /usr/lib/x86_64-linux-gnu/libunity-gtk2-parser.so.0.0.0
7fb74135e000-7fb741363000 r-xp 00000000 08:03 657538                     /usr/lib/x86_64-linux-gnu/gtk-2.0/modules/libunity-gtk-module.so
7fb741363000-7fb741562000 ---p 00005000 08:03 657538                     /usr/lib/x86_64-linux-gnu/gtk-2.0/modules/libunity-gtk-module.so
7fb741562000-7fb741563000 r--p 00004000 08:03 657538                     /usr/lib/x86_64-linux-gnu/gtk-2.0/modules/libunity-gtk-module.so
7fb741563000-7fb741564000 rw-p 00005000 08:03 657538                     /usr/lib/x86_64-linux-gnu/gtk-2.0/modules/libunity-gtk-module.so
7fb741564000-7fb741576000 r-xp 00000000 08:03 1840172                    /lib/x86_64-linux-gnu/libgpg-error.so.0.17.0
7fb741576000-7fb741776000 ---p 00012000 08:03 1840172                    /lib/x86_64-linux-gnu/libgpg-error.so.0.17.0
7fb741776000-7fb741777000 r--p 00012000 08:03 1840172                    /lib/x86_64-linux-gnu/libgpg-error.so.0.17.0
7fb741777000-7fb741778000 rw-p 00013000 08:03 1840172                    /lib/x86_64-linux-gnu/libgpg-error.so.0.17.0
7fb741778000-7fb741850000 r-xp 00000000 08:03 1839881                    /lib/x86_64-linux-gnu/libgcrypt.so.20.0.5
7fb741850000-7fb741a4f000 ---p 000d8000 08:03 1839881                    /lib/x86_64-linux-gnu/libgcrypt.so.20.0.5
7fb741a4f000-7fb741a50000 r--p 000d7000 08:03 1839881                    /lib/x86_64-linux-gnu/libgcrypt.so.20.0.5
7fb741a50000-7fb741a58000 rw-p 000d8000 08:03 1839881                    /lib/x86_64-linux-gnu/libgcrypt.so.20.0.5
7fb741a58000-7fb741a59000 rw-p 00000000 00:00 0 
7fb741a59000-7fb741a7a000 r-xp 00000000 08:03 1840195                    /lib/x86_64-linux-gnu/liblzma.so.5.0.0
7fb741a7a000-7fb741c79000 ---p 00021000 08:03 1840195                    /lib/x86_64-linux-gnu/liblzma.so.5.0.0
7fb741c79000-7fb741c7a000 r--p 00020000 08:03 1840195                    /lib/x86_64-linux-gnu/liblzma.so.5.0.0
7fb741c7a000-7fb741c7b000 rw-p 00021000 08:03 1840195                    /lib/x86_64-linux-gnu/liblzma.so.5.0.0
7fb741c7b000-7fb741cfb000 r-xp 00000000 08:03 1836670                    /lib/x86_64-linux-gnu/libsystemd.so.0.14.0
7fb741cfb000-7fb741cfe000 r--p 0007f000 08:03 1836670                    /lib/x86_64-linux-gnu/libsystemd.so.0.14.0
7fb741cfe000-7fb741cff000 rw-p 00082000 08:03 1836670                    /lib/x86_64-linux-gnu/libsystemd.so.0.14.0
7fb741cff000-7fb741d00000 rw-p 00000000 00:00 0 
7fb741d00000-7fb741d4a000 r-xp 00000000 08:03 1839804                    /lib/x86_64-linux-gnu/libdbus-1.so.3.14.6
7fb741d4a000-7fb741f4a000 ---p 0004a000 08:03 1839804                    /lib/x86_64-linux-gnu/libdbus-1.so.3.14.6
7fb741f4a000-7fb741f4b000 r--p 0004a000 08:03 1839804                    /lib/x86_64-linux-gnu/libdbus-1.so.3.14.6
7fb741f4b000-7fb741f4c000 rw-p 0004b000 08:03 1839804                    /lib/x86_64-linux-gnu/libdbus-1.so.3.14.6
7fb741f4c000-7fb741f78000 r-xp 00000000 08:03 402862                     /usr/lib/x86_64-linux-gnu/libatspi.so.0.0.1
7fb741f78000-7fb742177000 ---p 0002c000 08:03 402862                     /usr/lib/x86_64-linux-gnu/libatspi.so.0.0.1
7fb742177000-7fb74217a000 r--p 0002b000 08:03 402862                     /usr/lib/x86_64-linux-gnu/libatspi.so.0.0.1
7fb74217a000-7fb74217b000 rw-p 0002e000 08:03 402862                     /usr/lib/x86_64-linux-gnu/libatspi.so.0.0.1
7fb74217b000-7fb7421a8000 r-xp 00000000 08:03 402856                     /usr/lib/x86_64-linux-gnu/libatk-bridge-2.0.so.0.0.0
7fb7421a8000-7fb7423a7000 ---p 0002d000 08:03 402856                     /usr/lib/x86_64-linux-gnu/libatk-bridge-2.0.so.0.0.0
7fb7423a7000-7fb7423a8000 r--p 0002c000 08:03 402856                     /usr/lib/x86_64-linux-gnu/libatk-bridge-2.0.so.0.0.0
7fb7423a8000-7fb7423aa000 rw-p 0002d000 08:03 402856                     /usr/lib/x86_64-linux-gnu/libatk-bridge-2.0.so.0.0.0
7fb7423aa000-7fb7423ab000 r-xp 00000000 08:03 657533                     /usr/lib/x86_64-linux-gnu/gtk-2.0/modules/libatk-bridge.so
7fb7423ab000-7fb7425aa000 ---p 00001000 08:03 657533                     /usr/lib/x86_64-linux-gnu/gtk-2.0/modules/libatk-bridge.so
7fb7425aa000-7fb7425ab000 r--p 00000000 08:03 657533                     /usr/lib/x86_64-linux-gnu/gtk-2.0/modules/libatk-bridge.so
7fb7425ab000-7fb7425ac000 rw-p 00001000 08:03 657533                     /usr/lib/x86_64-linux-gnu/gtk-2.0/modules/libatk-bridge.so
7fb7425ac000-7fb7425b3000 r-xp 00000000 08:03 403191                     /usr/lib/x86_64-linux-gnu/libgailutil.so.18.0.1
7fb7425b3000-7fb7427b2000 ---p 00007000 08:03 403191                     /usr/lib/x86_64-linux-gnu/libgailutil.so.18.0.1
7fb7427b2000-7fb7427b3000 r--p 00006000 08:03 403191                     /usr/lib/x86_64-linux-gnu/libgailutil.so.18.0.1
7fb7427b3000-7fb7427b4000 rw-p 00007000 08:03 403191                     /usr/lib/x86_64-linux-gnu/libgailutil.so.18.0.1
7fb7427b4000-7fb742802000 r-xp 00000000 08:03 657536                     /usr/lib/x86_64-linux-gnu/gtk-2.0/modules/libgail.so
7fb742802000-7fb742a01000 ---p 0004e000 08:03 657536                     /usr/lib/x86_64-linux-gnu/gtk-2.0/modules/libgail.so
7fb742a01000-7fb742a02000 r--p 0004d000 08:03 657536                     /usr/lib/x86_64-linux-gnu/gtk-2.0/modules/libgail.so
7fb742a02000-7fb742a04000 rw-p 0004e000 08:03 657536                     /usr/lib/x86_64-linux-gnu/gtk-2.0/modules/libgail.so
7fb742a04000-7fb742a15000 r-xp 00000000 08:03 657537                     /usr/lib/x86_64-linux-gnu/gtk-2.0/modules/liboverlay-scrollbar.so
7fb742a15000-7fb742c15000 ---p 00011000 08:03 657537                     /usr/lib/x86_64-linux-gnu/gtk-2.0/modules/liboverlay-scrollbar.so
7fb742c15000-7fb742c16000 r--p 00011000 08:03 657537                     /usr/lib/x86_64-linux-gnu/gtk-2.0/modules/liboverlay-scrollbar.so
7fb742c16000-7fb742c17000 rw-p 00012000 08:03 657537                     /usr/lib/x86_64-linux-gnu/gtk-2.0/modules/liboverlay-scrollbar.so
7fb742c17000-7fb742c40000 r-xp 00000000 08:03 2493738                    /usr/lib/jvm/java-8-oracle/jre/lib/amd64/libglass.so
7fb742c40000-7fb742e3f000 ---p 00029000 08:03 2493738                    /usr/lib/jvm/java-8-oracle/jre/lib/amd64/libglass.so
7fb742e3f000-7fb742e42000 rw-p 00028000 08:03 2493738                    /usr/lib/jvm/java-8-oracle/jre/lib/amd64/libglass.so
7fb742e42000-7fb742ec2000 rw-s 91233000 00:06 517                        /dev/nvidiactl
7fb742ec2000-7fb742f42000 rw-s 34f0b000 00:06 517                        /dev/nvidiactl
7fb742f42000-7fb742fc2000 rw-s 90520000 00:06 517                        /dev/nvidiactl
7fb742fc2000-7fb7430c2000 rw-s 15a166000 00:06 517                       /dev/nvidiactl
7fb7430c2000-7fb7431c6000 rw-s 159b9b000 00:06 517                       /dev/nvidiactl
7fb7431c6000-7fb74455f000 r-xp 00000000 08:03 397054                     /usr/lib/nvidia-367/libnvidia-glcore.so.367.57
7fb74455f000-7fb74457f000 rwxp 01399000 08:03 397054                     /usr/lib/nvidia-367/libnvidia-glcore.so.367.57
7fb74457f000-7fb744920000 r-xp 013b9000 08:03 397054                     /usr/lib/nvidia-367/libnvidia-glcore.so.367.57
7fb744920000-7fb744b1f000 ---p 0175a000 08:03 397054                     /usr/lib/nvidia-367/libnvidia-glcore.so.367.57
7fb744b1f000-7fb744ee7000 rw-p 01759000 08:03 397054                     /usr/lib/nvidia-367/libnvidia-glcore.so.367.57
7fb744ee7000-7fb744eff000 rw-p 00000000 00:00 0 
7fb744eff000-7fb744f02000 r-xp 00000000 08:03 397058                     /usr/lib/nvidia-367/tls/libnvidia-tls.so.367.57
7fb744f02000-7fb745102000 ---p 00003000 08:03 397058                     /usr/lib/nvidia-367/tls/libnvidia-tls.so.367.57
7fb745102000-7fb745103000 rw-p 00003000 08:03 397058                     /usr/lib/nvidia-367/tls/libnvidia-tls.so.367.57
7fb745103000-7fb7451cb000 r-xp 00000000 08:03 397034                     /usr/lib/nvidia-367/libGLX_nvidia.so.367.57
7fb7451cb000-7fb7451ff000 rwxp 000c8000 08:03 397034                     /usr/lib/nvidia-367/libGLX_nvidia.so.367.57
7fb7451ff000-7fb745212000 r-xp 000fc000 08:03 397034                     /usr/lib/nvidia-367/libGLX_nvidia.so.367.57
7fb745212000-7fb745412000 ---p 0010f000 08:03 397034                     /usr/lib/nvidia-367/libGLX_nvidia.so.367.57
7fb745412000-7fb74543a000 rw-p 0010f000 08:03 397034                     /usr/lib/nvidia-367/libGLX_nvidia.so.367.57
7fb74543a000-7fb745441000 rw-p 00000000 00:00 0 
7fb745441000-7fb745447000 r-xp 00000000 08:03 403003                     /usr/lib/x86_64-linux-gnu/libdatrie.so.1.3.3
7fb745447000-7fb745647000 ---p 00006000 08:03 403003                     /usr/lib/x86_64-linux-gnu/libdatrie.so.1.3.3
7fb745647000-7fb745648000 r--p 00006000 08:03 403003                     /usr/lib/x86_64-linux-gnu/libdatrie.so.1.3.3
7fb745648000-7fb745649000 rw-p 00007000 08:03 403003                     /usr/lib/x86_64-linux-gnu/libdatrie.so.1.3.3
7fb745649000-7fb74564e000 r-xp 00000000 08:03 402761                     /usr/lib/x86_64-linux-gnu/libXdmcp.so.6.0.0
7fb74564e000-7fb74584d000 ---p 00005000 08:03 402761                     /usr/lib/x86_64-linux-gnu/libXdmcp.so.6.0.0
7fb74584d000-7fb74584e000 r--p 00004000 08:03 402761                     /usr/lib/x86_64-linux-gnu/libXdmcp.so.6.0.0
7fb74584e000-7fb74584f000 rw-p 00005000 08:03 402761                     /usr/lib/x86_64-linux-gnu/libXdmcp.so.6.0.0
7fb74584f000-7fb745851000 r-xp 00000000 08:03 402750                     /usr/lib/x86_64-linux-gnu/libXau.so.6.0.0
7fb745851000-7fb745a51000 ---p 00002000 08:03 402750                     /usr/lib/x86_64-linux-gnu/libXau.so.6.0.0
7fb745a51000-7fb745a52000 r--p 00002000 08:03 402750                     /usr/lib/x86_64-linux-gnu/libXau.so.6.0.0
7fb745a52000-7fb745a53000 rw-p 00003000 08:03 402750                     /usr/lib/x86_64-linux-gnu/libXau.so.6.0.0
7fb745a53000-7fb745a76000 r-xp 00000000 08:03 403307                     /usr/lib/x86_64-linux-gnu/libgraphite2.so.3.0.1
7fb745a76000-7fb745c75000 ---p 00023000 08:03 403307                     /usr/lib/x86_64-linux-gnu/libgraphite2.so.3.0.1
7fb745c75000-7fb745c77000 r--p 00022000 08:03 403307                     /usr/lib/x86_64-linux-gnu/libgraphite2.so.3.0.1
7fb745c77000-7fb745c78000 rw-p 00024000 08:03 403307                     /usr/lib/x86_64-linux-gnu/libgraphite2.so.3.0.1
7fb745c78000-7fb745cc6000 r-xp 00000000 08:03 397050                     /usr/lib/nvidia-367/libGLdispatch.so.0
7fb745cc6000-7fb745cf8000 r-xp 0004e000 08:03 397050                     /usr/lib/nvidia-367/libGLdispatch.so.0
7fb745cf8000-7fb745d32000 r-xp 00080000 08:03 397050                     /usr/lib/nvidia-367/libGLdispatch.so.0
7fb745d32000-7fb745f32000 ---p 000ba000 08:03 397050                     /usr/lib/nvidia-367/libGLdispatch.so.0
7fb745f32000-7fb745f41000 rw-p 000ba000 08:03 397050                     /usr/lib/nvidia-367/libGLdispatch.so.0
7fb745f41000-7fb745f61000 rw-p 00000000 00:00 0 
7fb745f61000-7fb745f71000 r-xp 00000000 08:03 397067                     /usr/lib/nvidia-367/libGLX.so.0
7fb745f71000-7fb746171000 ---p 00010000 08:03 397067                     /usr/lib/nvidia-367/libGLX.so.0
7fb746171000-7fb746172000 rw-p 00010000 08:03 397067                     /usr/lib/nvidia-367/libGLX.so.0
7fb746172000-7fb746192000 rw-p 00000000 00:00 0 
7fb746192000-7fb746200000 r-xp 00000000 08:03 1840257                    /lib/x86_64-linux-gnu/libpcre.so.3.13.2
7fb746200000-7fb746400000 ---p 0006e000 08:03 1840257                    /lib/x86_64-linux-gnu/libpcre.so.3.13.2
7fb746400000-7fb746401000 r--p 0006e000 08:03 1840257                    /lib/x86_64-linux-gnu/libpcre.so.3.13.2
7fb746401000-7fb746402000 rw-p 0006f000 08:03 1840257                    /lib/x86_64-linux-gnu/libpcre.so.3.13.2
7fb746402000-7fb746409000 r-xp 00000000 08:03 403132                     /usr/lib/x86_64-linux-gnu/libffi.so.6.0.4
7fb746409000-7fb746608000 ---p 00007000 08:03 403132                     /usr/lib/x86_64-linux-gnu/libffi.so.6.0.4
7fb746608000-7fb746609000 r--p 00006000 08:03 403132                     /usr/lib/x86_64-linux-gnu/libffi.so.6.0.4
7fb746609000-7fb74660a000 rw-p 00007000 08:03 403132                     /usr/lib/x86_64-linux-gnu/libffi.so.6.0.4
7fb74660a000-7fb746630000 r-xp 00000000 08:03 1835072                    /lib/x86_64-linux-gnu/libexpat.so.1.6.0
7fb746630000-7fb746830000 ---p 00026000 08:03 1835072                    /lib/x86_64-linux-gnu/libexpat.so.1.6.0
7fb746830000-7fb746832000 r--p 00026000 08:03 1835072                    /lib/x86_64-linux-gnu/libexpat.so.1.6.0
7fb746832000-7fb746833000 rw-p 00028000 08:03 1835072                    /lib/x86_64-linux-gnu/libexpat.so.1.6.0
7fb746833000-7fb74683b000 r-xp 00000000 08:03 403906                     /usr/lib/x86_64-linux-gnu/libthai.so.0.2.4
7fb74683b000-7fb746a3a000 ---p 00008000 08:03 403906                     /usr/lib/x86_64-linux-gnu/libthai.so.0.2.4
7fb746a3a000-7fb746a3b000 r--p 00007000 08:03 403906                     /usr/lib/x86_64-linux-gnu/libthai.so.0.2.4
7fb746a3b000-7fb746a3c000 rw-p 00008000 08:03 403906                     /usr/lib/x86_64-linux-gnu/libthai.so.0.2.4
7fb746a3c000-7fb746a5d000 r-xp 00000000 08:03 404128                     /usr/lib/x86_64-linux-gnu/libxcb.so.1.1.0
7fb746a5d000-7fb746c5c000 ---p 00021000 08:03 404128                     /usr/lib/x86_64-linux-gnu/libxcb.so.1.1.0
7fb746c5c000-7fb746c5d000 r--p 00020000 08:03 404128                     /usr/lib/x86_64-linux-gnu/libxcb.so.1.1.0
7fb746c5d000-7fb746c5e000 rw-p 00021000 08:03 404128                     /usr/lib/x86_64-linux-gnu/libxcb.so.1.1.0
7fb746c5e000-7fb746c66000 r-xp 00000000 08:03 404114                     /usr/lib/x86_64-linux-gnu/libxcb-render.so.0.0.0
7fb746c66000-7fb746e66000 ---p 00008000 08:03 404114                     /usr/lib/x86_64-linux-gnu/libxcb-render.so.0.0.0
7fb746e66000-7fb746e67000 r--p 00008000 08:03 404114                     /usr/lib/x86_64-linux-gnu/libxcb-render.so.0.0.0
7fb746e67000-7fb746e68000 rw-p 00009000 08:03 404114                     /usr/lib/x86_64-linux-gnu/libxcb-render.so.0.0.0
7fb746e68000-7fb746e6a000 r-xp 00000000 08:03 404118                     /usr/lib/x86_64-linux-gnu/libxcb-shm.so.0.0.0
7fb746e6a000-7fb74706a000 ---p 00002000 08:03 404118                     /usr/lib/x86_64-linux-gnu/libxcb-shm.so.0.0.0
7fb74706a000-7fb74706b000 r--p 00002000 08:03 404118                     /usr/lib/x86_64-linux-gnu/libxcb-shm.so.0.0.0
7fb74706b000-7fb74706c000 rw-p 00003000 08:03 404118                     /usr/lib/x86_64-linux-gnu/libxcb-shm.so.0.0.0
7fb74706c000-7fb747090000 r-xp 00000000 08:03 1840269                    /lib/x86_64-linux-gnu/libpng12.so.0.54.0
7fb747090000-7fb74728f000 ---p 00024000 08:03 1840269                    /lib/x86_64-linux-gnu/libpng12.so.0.54.0
7fb74728f000-7fb747290000 r--p 00023000 08:03 1840269                    /lib/x86_64-linux-gnu/libpng12.so.0.54.0
7fb747290000-7fb747291000 rw-p 00024000 08:03 1840269                    /lib/x86_64-linux-gnu/libpng12.so.0.54.0
7fb747291000-7fb747330000 r-xp 00000000 08:03 403711                     /usr/lib/x86_64-linux-gnu/libpixman-1.so.0.33.6
7fb747330000-7fb747530000 ---p 0009f000 08:03 403711                     /usr/lib/x86_64-linux-gnu/libpixman-1.so.0.33.6
7fb747530000-7fb747538000 r--p 0009f000 08:03 403711                     /usr/lib/x86_64-linux-gnu/libpixman-1.so.0.33.6
7fb747538000-7fb747539000 rw-p 000a7000 08:03 403711                     /usr/lib/x86_64-linux-gnu/libpixman-1.so.0.33.6
7fb747539000-7fb747595000 r-xp 00000000 08:03 395340                     /usr/lib/x86_64-linux-gnu/libharfbuzz.so.0.10000.1
7fb747595000-7fb747795000 ---p 0005c000 08:03 395340                     /usr/lib/x86_64-linux-gnu/libharfbuzz.so.0.10000.1
7fb747795000-7fb747796000 r--p 0005c000 08:03 395340                     /usr/lib/x86_64-linux-gnu/libharfbuzz.so.0.10000.1
7fb747796000-7fb747797000 rw-p 0005d000 08:03 395340                     /usr/lib/x86_64-linux-gnu/libharfbuzz.so.0.10000.1
7fb747797000-7fb7477ae000 r-xp 00000000 08:03 1848112                    /lib/x86_64-linux-gnu/libresolv-2.23.so
7fb7477ae000-7fb7479ae000 ---p 00017000 08:03 1848112                    /lib/x86_64-linux-gnu/libresolv-2.23.so
7fb7479ae000-7fb7479af000 r--p 00017000 08:03 1848112                    /lib/x86_64-linux-gnu/libresolv-2.23.so
7fb7479af000-7fb7479b0000 rw-p 00018000 08:03 1848112                    /lib/x86_64-linux-gnu/libresolv-2.23.so
7fb7479b0000-7fb7479b2000 rw-p 00000000 00:00 0 
7fb7479b2000-7fb7479d1000 r-xp 00000000 08:03 1840286                    /lib/x86_64-linux-gnu/libselinux.so.1
7fb7479d1000-7fb747bd0000 ---p 0001f000 08:03 1840286                    /lib/x86_64-linux-gnu/libselinux.so.1
7fb747bd0000-7fb747bd1000 r--p 0001e000 08:03 1840286                    /lib/x86_64-linux-gnu/libselinux.so.1
7fb747bd1000-7fb747bd2000 rw-p 0001f000 08:03 1840286                    /lib/x86_64-linux-gnu/libselinux.so.1
7fb747bd2000-7fb747bd4000 rw-p 00000000 00:00 0 
7fb747bd4000-7fb747bed000 r-xp 00000000 08:03 1840319                    /lib/x86_64-linux-gnu/libz.so.1.2.8
7fb747bed000-7fb747dec000 ---p 00019000 08:03 1840319                    /lib/x86_64-linux-gnu/libz.so.1.2.8
7fb747dec000-7fb747ded000 r--p 00018000 08:03 1840319                    /lib/x86_64-linux-gnu/libz.so.1.2.8
7fb747ded000-7fb747dee000 rw-p 00019000 08:03 1840319                    /lib/x86_64-linux-gnu/libz.so.1.2.8
7fb747dee000-7fb747dff000 r-xp 00000000 08:03 402763                     /usr/lib/x86_64-linux-gnu/libXext.so.6.4.0
7fb747dff000-7fb747ffe000 ---p 00011000 08:03 402763                     /usr/lib/x86_64-linux-gnu/libXext.so.6.4.0
7fb747ffe000-7fb747fff000 r--p 00010000 08:03 402763                     /usr/lib/x86_64-linux-gnu/libXext.so.6.4.0
7fb747fff000-7fb748000000 rw-p 00011000 08:03 402763                     /usr/lib/x86_64-linux-gnu/libXext.so.6.4.0
7fb748000000-7fb7487fc000 rw-p 00000000 00:00 0 
7fb7487fc000-7fb74c000000 ---p 00000000 00:00 0 
7fb74c000000-7fb74c001000 r--s 00000000 08:03 664007                     /var/cache/fontconfig/551ecf3b0e8b0bca0f25c0944f561853-le64.cache-6
7fb74c001000-7fb74c005000 r--s 00000000 08:03 664006                     /var/cache/fontconfig/d589a48862398ed80a3d6066f4f56f4c-le64.cache-6
7fb74c005000-7fb74c006000 r--s 00000000 08:03 664005                     /var/cache/fontconfig/30829fa25452a46451e813d634d7f916-le64.cache-6
7fb74c006000-7fb74c009000 r--s 00000000 08:03 663998                     /var/cache/fontconfig/75114ca45c98e8a441da0ff356701271-le64.cache-6
7fb74c009000-7fb74c014000 r--s 00000000 08:03 663991                     /var/cache/fontconfig/83bf95040141907cd45bb53cf7c1c148-le64.cache-6
7fb74c014000-7fb74c026000 r--s 00000000 08:03 663987                     /var/cache/fontconfig/9b89f8e3dae116d678bbf48e5f21f69b-le64.cache-6
7fb74c026000-7fb74c033000 r--s 00000000 08:03 656609                     /var/cache/fontconfig/e13b20fdb08344e0e664864cc2ede53d-le64.cache-6
7fb74c033000-7fb74c037000 r--s 00000000 08:03 663970                     /var/cache/fontconfig/7ef2298fde41cc6eeb7af42e48b7d293-le64.cache-6
7fb74c037000-7fb74c039000 rw-s 00000000 08:03 262240                     /tmp/.glafCSGl (deleted)
7fb74c039000-7fb74c04c000 rw-s 1579fb000 00:06 517                       /dev/nvidiactl
7fb74c04c000-7fb74c06c000 rw-s a00a0000 00:06 553                        /dev/nvidia0
7fb74c06c000-7fb74c0ac000 rw-s 15880b000 00:06 517                       /dev/nvidiactl
7fb74c0ac000-7fb74c0ae000 r-xp 00000000 08:03 402759                     /usr/lib/x86_64-linux-gnu/libXdamage.so.1.1.0
7fb74c0ae000-7fb74c2ad000 ---p 00002000 08:03 402759                     /usr/lib/x86_64-linux-gnu/libXdamage.so.1.1.0
7fb74c2ad000-7fb74c2ae000 r--p 00001000 08:03 402759                     /usr/lib/x86_64-linux-gnu/libXdamage.so.1.1.0
7fb74c2ae000-7fb74c2af000 rw-p 00002000 08:03 402759                     /usr/lib/x86_64-linux-gnu/libXdamage.so.1.1.0
7fb74c2af000-7fb74c2b1000 r-xp 00000000 08:03 402755                     /usr/lib/x86_64-linux-gnu/libXcomposite.so.1.0.0
7fb74c2b1000-7fb74c4b0000 ---p 00002000 08:03 402755                     /usr/lib/x86_64-linux-gnu/libXcomposite.so.1.0.0
7fb74c4b0000-7fb74c4b1000 r--p 00001000 08:03 402755                     /usr/lib/x86_64-linux-gnu/libXcomposite.so.1.0.0
7fb74c4b1000-7fb74c4b2000 rw-p 00002000 08:03 402755                     /usr/lib/x86_64-linux-gnu/libXcomposite.so.1.0.0
7fb74c4b2000-7fb74c4bb000 r-xp 00000000 08:03 402757                     /usr/lib/x86_64-linux-gnu/libXcursor.so.1.0.2
7fb74c4bb000-7fb74c6ba000 ---p 00009000 08:03 402757                     /usr/lib/x86_64-linux-gnu/libXcursor.so.1.0.2
7fb74c6ba000-7fb74c6bb000 r--p 00008000 08:03 402757                     /usr/lib/x86_64-linux-gnu/libXcursor.so.1.0.2
7fb74c6bb000-7fb74c6bc000 rw-p 00009000 08:03 402757                     /usr/lib/x86_64-linux-gnu/libXcursor.so.1.0.2
7fb74c6bc000-7fb74c6c6000 r-xp 00000000 08:03 402781                     /usr/lib/x86_64-linux-gnu/libXrandr.so.2.2.0
7fb74c6c6000-7fb74c8c5000 ---p 0000a000 08:03 402781                     /usr/lib/x86_64-linux-gnu/libXrandr.so.2.2.0
7fb74c8c5000-7fb74c8c6000 r--p 00009000 08:03 402781                     /usr/lib/x86_64-linux-gnu/libXrandr.so.2.2.0
7fb74c8c6000-7fb74c8c7000 rw-p 0000a000 08:03 402781                     /usr/lib/x86_64-linux-gnu/libXrandr.so.2.2.0
7fb74c8c7000-7fb74c8d6000 r-xp 00000000 08:03 402771                     /usr/lib/x86_64-linux-gnu/libXi.so.6.1.0
7fb74c8d6000-7fb74cad5000 ---p 0000f000 08:03 402771                     /usr/lib/x86_64-linux-gnu/libXi.so.6.1.0
7fb74cad5000-7fb74cad6000 r--p 0000e000 08:03 402771                     /usr/lib/x86_64-linux-gnu/libXi.so.6.1.0
7fb74cad6000-7fb74cad7000 rw-p 0000f000 08:03 402771                     /usr/lib/x86_64-linux-gnu/libXi.so.6.1.0
7fb74cad7000-7fb74cad9000 r-xp 00000000 08:03 402773                     /usr/lib/x86_64-linux-gnu/libXinerama.so.1.0.0
7fb74cad9000-7fb74ccd8000 ---p 00002000 08:03 402773                     /usr/lib/x86_64-linux-gnu/libXinerama.so.1.0.0
7fb74ccd8000-7fb74ccd9000 r--p 00001000 08:03 402773                     /usr/lib/x86_64-linux-gnu/libXinerama.so.1.0.0
7fb74ccd9000-7fb74ccda000 rw-p 00002000 08:03 402773                     /usr/lib/x86_64-linux-gnu/libXinerama.so.1.0.0
7fb74ccda000-7fb74cce3000 r-xp 00000000 08:03 402783                     /usr/lib/x86_64-linux-gnu/libXrender.so.1.3.0
7fb74cce3000-7fb74cee2000 ---p 00009000 08:03 402783                     /usr/lib/x86_64-linux-gnu/libXrender.so.1.3.0
7fb74cee2000-7fb74cee3000 r--p 00008000 08:03 402783                     /usr/lib/x86_64-linux-gnu/libXrender.so.1.3.0
7fb74cee3000-7fb74cee4000 rw-p 00009000 08:03 402783                     /usr/lib/x86_64-linux-gnu/libXrender.so.1.3.0
7fb74cee4000-7fb74cee9000 r-xp 00000000 08:03 402765                     /usr/lib/x86_64-linux-gnu/libXfixes.so.3.1.0
7fb74cee9000-7fb74d0e8000 ---p 00005000 08:03 402765                     /usr/lib/x86_64-linux-gnu/libXfixes.so.3.1.0
7fb74d0e8000-7fb74d0e9000 r--p 00004000 08:03 402765                     /usr/lib/x86_64-linux-gnu/libXfixes.so.3.1.0
7fb74d0e9000-7fb74d0ea000 rw-p 00005000 08:03 402765                     /usr/lib/x86_64-linux-gnu/libXfixes.so.3.1.0
7fb74d0ea000-7fb74d100000 r-xp 00000000 08:03 1840166                    /lib/x86_64-linux-gnu/libgcc_s.so.1
7fb74d100000-7fb74d2ff000 ---p 00016000 08:03 1840166                    /lib/x86_64-linux-gnu/libgcc_s.so.1
7fb74d2ff000-7fb74d300000 rw-p 00015000 08:03 1840166                    /lib/x86_64-linux-gnu/libgcc_s.so.1
7fb74d300000-7fb74d472000 r-xp 00000000 08:03 393289                     /usr/lib/x86_64-linux-gnu/libstdc++.so.6.0.21
7fb74d472000-7fb74d672000 ---p 00172000 08:03 393289                     /usr/lib/x86_64-linux-gnu/libstdc++.so.6.0.21
7fb74d672000-7fb74d67c000 r--p 00172000 08:03 393289                     /usr/lib/x86_64-linux-gnu/libstdc++.so.6.0.21
7fb74d67c000-7fb74d67e000 rw-p 0017c000 08:03 393289                     /usr/lib/x86_64-linux-gnu/libstdc++.so.6.0.21
7fb74d67e000-7fb74d682000 rw-p 00000000 00:00 0 
7fb74d682000-7fb74d6b3000 r-xp 00000000 08:03 397049                     /usr/lib/nvidia-367/libGL.so.1.0.0
7fb74d6b3000-7fb74d6e5000 r-xp 00031000 08:03 397049                     /usr/lib/nvidia-367/libGL.so.1.0.0
7fb74d6e5000-7fb74d70f000 r-xp 00063000 08:03 397049                     /usr/lib/nvidia-367/libGL.so.1.0.0
7fb74d70f000-7fb74d90f000 ---p 0008d000 08:03 397049                     /usr/lib/nvidia-367/libGL.so.1.0.0
7fb74d90f000-7fb74d910000 rw-p 0008d000 08:03 397049                     /usr/lib/nvidia-367/libGL.so.1.0.0
7fb74d910000-7fb74d911000 rw-p 00000000 00:00 0 
7fb74d911000-7fb74d916000 r-xp 00000000 08:03 402799                     /usr/lib/x86_64-linux-gnu/libXxf86vm.so.1.0.0
7fb74d916000-7fb74db15000 ---p 00005000 08:03 402799                     /usr/lib/x86_64-linux-gnu/libXxf86vm.so.1.0.0
7fb74db15000-7fb74db16000 r--p 00004000 08:03 402799                     /usr/lib/x86_64-linux-gnu/libXxf86vm.so.1.0.0
7fb74db16000-7fb74db17000 rw-p 00005000 08:03 402799                     /usr/lib/x86_64-linux-gnu/libXxf86vm.so.1.0.0
7fb74db17000-7fb74dc4c000 r-xp 00000000 08:03 402746                     /usr/lib/x86_64-linux-gnu/libX11.so.6.3.0
7fb74dc4c000-7fb74de4c000 ---p 00135000 08:03 402746                     /usr/lib/x86_64-linux-gnu/libX11.so.6.3.0
7fb74de4c000-7fb74de4d000 r--p 00135000 08:03 402746                     /usr/lib/x86_64-linux-gnu/libX11.so.6.3.0
7fb74de4d000-7fb74de51000 rw-p 00136000 08:03 402746                     /usr/lib/x86_64-linux-gnu/libX11.so.6.3.0
7fb74de51000-7fb74de56000 r-xp 00000000 08:03 402789                     /usr/lib/x86_64-linux-gnu/libXtst.so.6.1.0
7fb74de56000-7fb74e055000 ---p 00005000 08:03 402789                     /usr/lib/x86_64-linux-gnu/libXtst.so.6.1.0
7fb74e055000-7fb74e056000 r--p 00004000 08:03 402789                     /usr/lib/x86_64-linux-gnu/libXtst.so.6.1.0
7fb74e056000-7fb74e057000 rw-p 00005000 08:03 402789                     /usr/lib/x86_64-linux-gnu/libXtst.so.6.1.0
7fb74e057000-7fb74e166000 r-xp 00000000 08:03 1835067                    /lib/x86_64-linux-gnu/libglib-2.0.so.0.4800.1
7fb74e166000-7fb74e365000 ---p 0010f000 08:03 1835067                    /lib/x86_64-linux-gnu/libglib-2.0.so.0.4800.1
7fb74e365000-7fb74e366000 r--p 0010e000 08:03 1835067                    /lib/x86_64-linux-gnu/libglib-2.0.so.0.4800.1
7fb74e366000-7fb74e367000 rw-p 0010f000 08:03 1835067                    /lib/x86_64-linux-gnu/libglib-2.0.so.0.4800.1
7fb74e367000-7fb74e368000 rw-p 00000000 00:00 0 
7fb74e368000-7fb74e369000 r-xp 00000000 08:03 393610                     /usr/lib/x86_64-linux-gnu/libgthread-2.0.so.0.4800.1
7fb74e369000-7fb74e568000 ---p 00001000 08:03 393610                     /usr/lib/x86_64-linux-gnu/libgthread-2.0.so.0.4800.1
7fb74e568000-7fb74e569000 r--p 00000000 08:03 393610                     /usr/lib/x86_64-linux-gnu/libgthread-2.0.so.0.4800.1
7fb74e569000-7fb74e56a000 rw-p 00001000 08:03 393610                     /usr/lib/x86_64-linux-gnu/libgthread-2.0.so.0.4800.1
7fb74e56a000-7fb74e56d000 r-xp 00000000 08:03 393634                     /usr/lib/x86_64-linux-gnu/libgmodule-2.0.so.0.4800.1
7fb74e56d000-7fb74e76c000 ---p 00003000 08:03 393634                     /usr/lib/x86_64-linux-gnu/libgmodule-2.0.so.0.4800.1
7fb74e76c000-7fb74e76d000 r--p 00002000 08:03 393634                     /usr/lib/x86_64-linux-gnu/libgmodule-2.0.so.0.4800.1
7fb74e76d000-7fb74e76e000 rw-p 00003000 08:03 393634                     /usr/lib/x86_64-linux-gnu/libgmodule-2.0.so.0.4800.1
7fb74e76e000-7fb74e7c0000 r-xp 00000000 08:03 393658                     /usr/lib/x86_64-linux-gnu/libgobject-2.0.so.0.4800.1
7fb74e7c0000-7fb74e9bf000 ---p 00052000 08:03 393658                     /usr/lib/x86_64-linux-gnu/libgobject-2.0.so.0.4800.1
7fb74e9bf000-7fb74e9c0000 r--p 00051000 08:03 393658                     /usr/lib/x86_64-linux-gnu/libgobject-2.0.so.0.4800.1
7fb74e9c0000-7fb74e9c1000 rw-p 00052000 08:03 393658                     /usr/lib/x86_64-linux-gnu/libgobject-2.0.so.0.4800.1
7fb74e9c1000-7fb74e9fe000 r-xp 00000000 08:03 399237                     /usr/lib/x86_64-linux-gnu/libfontconfig.so.1.9.0
7fb74e9fe000-7fb74ebfd000 ---p 0003d000 08:03 399237                     /usr/lib/x86_64-linux-gnu/libfontconfig.so.1.9.0
7fb74ebfd000-7fb74ebff000 r--p 0003c000 08:03 399237                     /usr/lib/x86_64-linux-gnu/libfontconfig.so.1.9.0
7fb74ebff000-7fb74ec04000 rw-p 0003e000 08:03 399237                     /usr/lib/x86_64-linux-gnu/libfontconfig.so.1.9.0
7fb74ec04000-7fb74eca8000 r-xp 00000000 08:03 403180                     /usr/lib/x86_64-linux-gnu/libfreetype.so.6.12.1
7fb74eca8000-7fb74eea7000 ---p 000a4000 08:03 403180                     /usr/lib/x86_64-linux-gnu/libfreetype.so.6.12.1
7fb74eea7000-7fb74eead000 r--p 000a3000 08:03 403180                     /usr/lib/x86_64-linux-gnu/libfreetype.so.6.12.1
7fb74eead000-7fb74eeae000 rw-p 000a9000 08:03 403180                     /usr/lib/x86_64-linux-gnu/libfreetype.so.6.12.1
7fb74eeae000-7fb74eef7000 r-xp 00000000 08:03 403681                     /usr/lib/x86_64-linux-gnu/libpango-1.0.so.0.3800.1
7fb74eef7000-7fb74f0f7000 ---p 00049000 08:03 403681                     /usr/lib/x86_64-linux-gnu/libpango-1.0.so.0.3800.1
7fb74f0f7000-7fb74f0f9000 r--p 00049000 08:03 403681                     /usr/lib/x86_64-linux-gnu/libpango-1.0.so.0.3800.1
7fb74f0f9000-7fb74f0fa000 rw-p 0004b000 08:03 403681                     /usr/lib/x86_64-linux-gnu/libpango-1.0.so.0.3800.1
7fb74f0fa000-7fb74f208000 r-xp 00000000 08:03 402910                     /usr/lib/x86_64-linux-gnu/libcairo.so.2.11400.6
7fb74f208000-7fb74f408000 ---p 0010e000 08:03 402910                     /usr/lib/x86_64-linux-gnu/libcairo.so.2.11400.6
7fb74f408000-7fb74f40b000 r--p 0010e000 08:03 402910                     /usr/lib/x86_64-linux-gnu/libcairo.so.2.11400.6
7fb74f40b000-7fb74f40c000 rw-p 00111000 08:03 402910                     /usr/lib/x86_64-linux-gnu/libcairo.so.2.11400.6
7fb74f40c000-7fb74f40e000 rw-p 00000000 00:00 0 
7fb74f40e000-7fb74f41a000 r-xp 00000000 08:03 403683                     /usr/lib/x86_64-linux-gnu/libpangocairo-1.0.so.0.3800.1
7fb74f41a000-7fb74f619000 ---p 0000c000 08:03 403683                     /usr/lib/x86_64-linux-gnu/libpangocairo-1.0.so.0.3800.1
7fb74f619000-7fb74f61a000 r--p 0000b000 08:03 403683                     /usr/lib/x86_64-linux-gnu/libpangocairo-1.0.so.0.3800.1
7fb74f61a000-7fb74f61b000 rw-p 0000c000 08:03 403683                     /usr/lib/x86_64-linux-gnu/libpangocairo-1.0.so.0.3800.1
7fb74f61b000-7fb74f63c000 r-xp 00000000 08:03 393495                     /usr/lib/x86_64-linux-gnu/libgdk_pixbuf-2.0.so.0.3200.2
7fb74f63c000-7fb74f83b000 ---p 00021000 08:03 393495                     /usr/lib/x86_64-linux-gnu/libgdk_pixbuf-2.0.so.0.3200.2
7fb74f83b000-7fb74f83c000 r--p 00020000 08:03 393495                     /usr/lib/x86_64-linux-gnu/libgdk_pixbuf-2.0.so.0.3200.2
7fb74f83c000-7fb74f83d000 rw-p 00021000 08:03 393495                     /usr/lib/x86_64-linux-gnu/libgdk_pixbuf-2.0.so.0.3200.2
7fb74f83d000-7fb74f851000 r-xp 00000000 08:03 403685                     /usr/lib/x86_64-linux-gnu/libpangoft2-1.0.so.0.3800.1
7fb74f851000-7fb74fa51000 ---p 00014000 08:03 403685                     /usr/lib/x86_64-linux-gnu/libpangoft2-1.0.so.0.3800.1
7fb74fa51000-7fb74fa52000 r--p 00014000 08:03 403685                     /usr/lib/x86_64-linux-gnu/libpangoft2-1.0.so.0.3800.1
7fb74fa52000-7fb74fa53000 rw-p 00015000 08:03 403685                     /usr/lib/x86_64-linux-gnu/libpangoft2-1.0.so.0.3800.1
7fb74fa53000-7fb74fbd3000 r-xp 00000000 08:03 393655                     /usr/lib/x86_64-linux-gnu/libgio-2.0.so.0.4800.1
7fb74fbd3000-7fb74fdd3000 ---p 00180000 08:03 393655                     /usr/lib/x86_64-linux-gnu/libgio-2.0.so.0.4800.1
7fb74fdd3000-7fb74fdd7000 r--p 00180000 08:03 393655                     /usr/lib/x86_64-linux-gnu/libgio-2.0.so.0.4800.1
7fb74fdd7000-7fb74fdd9000 rw-p 00184000 08:03 393655                     /usr/lib/x86_64-linux-gnu/libgio-2.0.so.0.4800.1
7fb74fdd9000-7fb74fddb000 rw-p 00000000 00:00 0 
7fb74fddb000-7fb74fdfd000 r-xp 00000000 08:03 402854                     /usr/lib/x86_64-linux-gnu/libatk-1.0.so.0.21809.1
7fb74fdfd000-7fb74fffc000 ---p 00022000 08:03 402854                     /usr/lib/x86_64-linux-gnu/libatk-1.0.so.0.21809.1
7fb74fffc000-7fb74ffff000 r--p 00021000 08:03 402854                     /usr/lib/x86_64-linux-gnu/libatk-1.0.so.0.21809.1
7fb74ffff000-7fb750000000 rw-p 00024000 08:03 402854                     /usr/lib/x86_64-linux-gnu/libatk-1.0.so.0.21809.1
7fb750000000-7fb750021000 rw-p 00000000 00:00 0 
7fb750021000-7fb754000000 ---p 00000000 00:00 0 
7fb754000000-7fb7542b3000 rw-p 00000000 00:00 0 
7fb7542b3000-7fb758000000 ---p 00000000 00:00 0 
7fb758000000-7fb758021000 rw-p 00000000 00:00 0 
7fb758021000-7fb75c000000 ---p 00000000 00:00 0 
7fb75c000000-7fb75c021000 rw-p 00000000 00:00 0 
7fb75c021000-7fb760000000 ---p 00000000 00:00 0 
7fb760000000-7fb7601b1000 rw-p 00000000 00:00 0 
7fb7601b1000-7fb764000000 ---p 00000000 00:00 0 
7fb764000000-7fb7642b9000 rw-p 00000000 00:00 0 
7fb7642b9000-7fb768000000 ---p 00000000 00:00 0 
7fb768000000-7fb768021000 rw-p 00000000 00:00 0 
7fb768021000-7fb76c000000 ---p 00000000 00:00 0 
7fb76c000000-7fb76c24e000 rw-p 00000000 00:00 0 
7fb76c24e000-7fb770000000 ---p 00000000 00:00 0 
7fb770000000-7fb770021000 rw-p 00000000 00:00 0 
7fb770021000-7fb774000000 ---p 00000000 00:00 0 
7fb774000000-7fb774021000 rw-p 00000000 00:00 0 
7fb774021000-7fb778000000 ---p 00000000 00:00 0 
7fb778000000-7fb778021000 rw-p 00000000 00:00 0 
7fb778021000-7fb77c000000 ---p 00000000 00:00 0 
7fb77c000000-7fb77c021000 rw-p 00000000 00:00 0 
7fb77c021000-7fb780000000 ---p 00000000 00:00 0 
7fb780000000-7fb780021000 rw-p 00000000 00:00 0 
7fb780021000-7fb784000000 ---p 00000000 00:00 0 
7fb784000000-7fb784021000 rw-p 00000000 00:00 0 
7fb784021000-7fb788000000 ---p 00000000 00:00 0 
7fb788000000-7fb788021000 rw-p 00000000 00:00 0 
7fb788021000-7fb78c000000 ---p 00000000 00:00 0 
7fb78c000000-7fb78c001000 r--s 00000000 08:03 664002                     /var/cache/fontconfig/0c9eb80ebd1c36541ebe2852d3bb0c49-le64.cache-6
7fb78c001000-7fb78c006000 r--p 00000000 08:06 1324712                    /home/mostafa/.config/dconf/user
7fb78c006000-7fb78c007000 r--s 00000000 00:27 30                         /run/user/1000/dconf/user
7fb78c007000-7fb78c008000 rw-s 1579fa000 00:06 517                       /dev/nvidiactl
7fb78c008000-7fb78c00c000 rw-s 15a163000 00:06 517                       /dev/nvidiactl
7fb78c00c000-7fb78c00d000 rw-s aff6b000 00:06 553                        /dev/nvidia0
7fb78c00d000-7fb78c02d000 rw-s 15a10f000 00:06 517                       /dev/nvidiactl
7fb78c02d000-7fb78c02e000 rw-s aff6a000 00:06 553                        /dev/nvidia0
7fb78c02e000-7fb78c06e000 rw-s 158890000 00:06 517                       /dev/nvidiactl
7fb78c06e000-7fb78c08e000 rw-s 1599bb000 00:06 517                       /dev/nvidiactl
7fb78c08e000-7fb78c08f000 rw-s aff69000 00:06 553                        /dev/nvidia0
7fb78c08f000-7fb78c0cf000 rw-s 13d501000 00:06 517                       /dev/nvidiactl
7fb78c0cf000-7fb78c17f000 r-xp 00000000 08:03 403219                     /usr/lib/x86_64-linux-gnu/libgdk-x11-2.0.so.0.2400.30
7fb78c17f000-7fb78c37e000 ---p 000b0000 08:03 403219                     /usr/lib/x86_64-linux-gnu/libgdk-x11-2.0.so.0.2400.30
7fb78c37e000-7fb78c382000 r--p 000af000 08:03 403219                     /usr/lib/x86_64-linux-gnu/libgdk-x11-2.0.so.0.2400.30
7fb78c382000-7fb78c384000 rw-p 000b3000 08:03 403219                     /usr/lib/x86_64-linux-gnu/libgdk-x11-2.0.so.0.2400.30
7fb78c384000-7fb78c7c2000 r-xp 00000000 08:03 403364                     /usr/lib/x86_64-linux-gnu/libgtk-x11-2.0.so.0.2400.30
7fb78c7c2000-7fb78c9c1000 ---p 0043e000 08:03 403364                     /usr/lib/x86_64-linux-gnu/libgtk-x11-2.0.so.0.2400.30
7fb78c9c1000-7fb78c9c8000 r--p 0043d000 08:03 403364                     /usr/lib/x86_64-linux-gnu/libgtk-x11-2.0.so.0.2400.30
7fb78c9c8000-7fb78c9cc000 rw-p 00444000 08:03 403364                     /usr/lib/x86_64-linux-gnu/libgtk-x11-2.0.so.0.2400.30
7fb78c9cc000-7fb78c9cf000 rw-p 00000000 00:00 0 
7fb78c9ef000-7fb78c9f0000 rw-s 1574b0000 00:06 517                       /dev/nvidiactl
7fb78c9f0000-7fb78c9f1000 rw-s d0060000 00:06 553                        /dev/nvidia0
7fb78c9f1000-7fb78c9fd000 r-xp 00000000 08:03 2493705                    /usr/lib/jvm/java-8-oracle/jre/lib/amd64/libprism_es2.so
7fb78c9fd000-7fb78cbfc000 ---p 0000c000 08:03 2493705                    /usr/lib/jvm/java-8-oracle/jre/lib/amd64/libprism_es2.so
7fb78cbfc000-7fb78cbfd000 rw-p 0000b000 08:03 2493705                    /usr/lib/jvm/java-8-oracle/jre/lib/amd64/libprism_es2.so
7fb78cbfd000-7fb78cc00000 ---p 00000000 00:00 0 
7fb78cc00000-7fb78ccfe000 rw-p 00000000 00:00 0 
7fb78ccfe000-7fb78cd01000 ---p 00000000 00:00 0 
7fb78cd01000-7fb78d100000 rw-p 00000000 00:00 0 
7fb78d100000-7fb78d116000 r-xp 00000000 08:03 2493693                    /usr/lib/jvm/java-8-oracle/jre/lib/amd64/libnet.so
7fb78d116000-7fb78d316000 ---p 00016000 08:03 2493693                    /usr/lib/jvm/java-8-oracle/jre/lib/amd64/libnet.so
7fb78d316000-7fb78d317000 rw-p 00016000 08:03 2493693                    /usr/lib/jvm/java-8-oracle/jre/lib/amd64/libnet.so
7fb78d317000-7fb78d3ad000 r--s 01103000 08:03 2493769                    /usr/lib/jvm/java-8-oracle/jre/lib/ext/jfxrt.jar
7fb78d3ad000-7fb78d3b0000 ---p 00000000 00:00 0 
7fb78d3b0000-7fb78d4ae000 rw-p 00000000 00:00 0 
7fb78d4ae000-7fb78d4af000 r-xp 00000000 08:03 2502255                    /opt/intellij-idea-community/bin/libbreakgen64.so
7fb78d4af000-7fb78d6ae000 ---p 00001000 08:03 2502255                    /opt/intellij-idea-community/bin/libbreakgen64.so
7fb78d6ae000-7fb78d6af000 r--p 00000000 08:03 2502255                    /opt/intellij-idea-community/bin/libbreakgen64.so
7fb78d6af000-7fb78d6b0000 rw-p 00001000 08:03 2502255                    /opt/intellij-idea-community/bin/libbreakgen64.so
7fb78d6b0000-7fb78d6b2000 r--s 00019000 08:03 2502175                    /opt/intellij-idea-community/lib/idea_rt.jar
7fb78d6b2000-7fb78d6c5000 r--s 00345000 08:03 2493917                    /usr/lib/jvm/java-8-oracle/jre/lib/resources.jar
7fb78d6c5000-7fb78d6d7000 r--s 000d6000 08:03 2493916                    /usr/lib/jvm/java-8-oracle/jre/lib/plugin.jar
7fb78d6d7000-7fb78d6db000 r--s 00097000 08:03 2493637                    /usr/lib/jvm/java-8-oracle/jre/lib/jsse.jar
7fb78d6db000-7fb78d6dd000 r--s 00007000 08:03 2493758                    /usr/lib/jvm/java-8-oracle/jre/lib/jfxswt.jar
7fb78d6dd000-7fb78d6e2000 r--s 00084000 08:03 2493792                    /usr/lib/jvm/java-8-oracle/jre/lib/jfr.jar
7fb78d6e2000-7fb78d6ec000 r--s 0006c000 08:03 2493800                    /usr/lib/jvm/java-8-oracle/jre/lib/javaws.jar
7fb78d6ec000-7fb78d6ed000 ---p 00000000 00:00 0 
7fb78d6ed000-7fb78d7ed000 rw-p 00000000 00:00 0 
7fb78d7ed000-7fb78d7f0000 ---p 00000000 00:00 0 
7fb78d7f0000-7fb78d8ee000 rw-p 00000000 00:00 0 
7fb78d8ee000-7fb78d8f1000 ---p 00000000 00:00 0 
7fb78d8f1000-7fb78d9ef000 rw-p 00000000 00:00 0 
7fb78d9ef000-7fb78d9f2000 ---p 00000000 00:00 0 
7fb78d9f2000-7fb78daf0000 rw-p 00000000 00:00 0 
7fb78daf0000-7fb78daf3000 ---p 00000000 00:00 0 
7fb78daf3000-7fb78dbf1000 rw-p 00000000 00:00 0 
7fb78dbf1000-7fb78dbf4000 ---p 00000000 00:00 0 
7fb78dbf4000-7fb78dcf2000 rw-p 00000000 00:00 0 
7fb78dcf2000-7fb78dfcb000 r--p 00000000 08:03 393281                     /usr/lib/locale/locale-archive
7fb78dfcb000-7fb78dfce000 ---p 00000000 00:00 0 
7fb78dfce000-7fb78e0cc000 rw-p 00000000 00:00 0 
7fb78e0cc000-7fb78e0cf000 ---p 00000000 00:00 0 
7fb78e0cf000-7fb78e1cd000 rw-p 00000000 00:00 0 
7fb78e1cd000-7fb78e1ce000 ---p 00000000 00:00 0 
7fb78e1ce000-7fb791000000 rw-p 00000000 00:00 0 
7fb791000000-7fb791460000 rwxp 00000000 00:00 0 
7fb791460000-7fb7a0000000 ---p 00000000 00:00 0 
7fb7a0000000-7fb7a01cd000 rw-p 00000000 00:00 0 
7fb7a01cd000-7fb7a4000000 ---p 00000000 00:00 0 
7fb7a4000000-7fb7a401b000 r--s 00208000 08:03 2493801                    /usr/lib/jvm/java-8-oracle/jre/lib/deploy.jar
7fb7a401b000-7fb7a405d000 rw-p 00000000 00:00 0 
7fb7a405d000-7fb7a4235000 r--s 03d2a000 08:03 2493685                    /usr/lib/jvm/java-8-oracle/jre/lib/rt.jar
7fb7a4235000-7fb7a4c87000 rw-p 00000000 00:00 0 
7fb7a4c87000-7fb7a4c88000 ---p 00000000 00:00 0 
7fb7a4c88000-7fb7a4d88000 rw-p 00000000 00:00 0 
7fb7a4d88000-7fb7a4d89000 ---p 00000000 00:00 0 
7fb7a4d89000-7fb7a4e89000 rw-p 00000000 00:00 0 
7fb7a4e89000-7fb7a4e8a000 ---p 00000000 00:00 0 
7fb7a4e8a000-7fb7a4f8a000 rw-p 00000000 00:00 0 
7fb7a4f8a000-7fb7a4f8b000 ---p 00000000 00:00 0 
7fb7a4f8b000-7fb7a509f000 rw-p 00000000 00:00 0 
7fb7a509f000-7fb7a51c9000 ---p 00000000 00:00 0 
7fb7a51c9000-7fb7a51dd000 rw-p 00000000 00:00 0 
7fb7a51dd000-7fb7a5306000 ---p 00000000 00:00 0 
7fb7a5306000-7fb7a5311000 rw-p 00000000 00:00 0 
7fb7a5311000-7fb7a53a5000 ---p 00000000 00:00 0 
7fb7a53a5000-7fb7a53b8000 rw-p 00000000 00:00 0 
7fb7a53b8000-7fb7a5766000 ---p 00000000 00:00 0 
7fb7a5766000-7fb7a5780000 r-xp 00000000 08:03 2493716                    /usr/lib/jvm/java-8-oracle/jre/lib/amd64/libzip.so
7fb7a5780000-7fb7a5980000 ---p 0001a000 08:03 2493716                    /usr/lib/jvm/java-8-oracle/jre/lib/amd64/libzip.so
7fb7a5980000-7fb7a5981000 rw-p 0001a000 08:03 2493716                    /usr/lib/jvm/java-8-oracle/jre/lib/amd64/libzip.so
7fb7a5981000-7fb7a598c000 r-xp 00000000 08:03 1848107                    /lib/x86_64-linux-gnu/libnss_files-2.23.so
7fb7a598c000-7fb7a5b8b000 ---p 0000b000 08:03 1848107                    /lib/x86_64-linux-gnu/libnss_files-2.23.so
7fb7a5b8b000-7fb7a5b8c000 r--p 0000a000 08:03 1848107                    /lib/x86_64-linux-gnu/libnss_files-2.23.so
7fb7a5b8c000-7fb7a5b8d000 rw-p 0000b000 08:03 1848107                    /lib/x86_64-linux-gnu/libnss_files-2.23.so
7fb7a5b8d000-7fb7a5b93000 rw-p 00000000 00:00 0 
7fb7a5b93000-7fb7a5b9e000 r-xp 00000000 08:03 1848104                    /lib/x86_64-linux-gnu/libnss_nis-2.23.so
7fb7a5b9e000-7fb7a5d9d000 ---p 0000b000 08:03 1848104                    /lib/x86_64-linux-gnu/libnss_nis-2.23.so
7fb7a5d9d000-7fb7a5d9e000 r--p 0000a000 08:03 1848104                    /lib/x86_64-linux-gnu/libnss_nis-2.23.so
7fb7a5d9e000-7fb7a5d9f000 rw-p 0000b000 08:03 1848104                    /lib/x86_64-linux-gnu/libnss_nis-2.23.so
7fb7a5d9f000-7fb7a5db5000 r-xp 00000000 08:03 1848102                    /lib/x86_64-linux-gnu/libnsl-2.23.so
7fb7a5db5000-7fb7a5fb4000 ---p 00016000 08:03 1848102                    /lib/x86_64-linux-gnu/libnsl-2.23.so
7fb7a5fb4000-7fb7a5fb5000 r--p 00015000 08:03 1848102                    /lib/x86_64-linux-gnu/libnsl-2.23.so
7fb7a5fb5000-7fb7a5fb6000 rw-p 00016000 08:03 1848102                    /lib/x86_64-linux-gnu/libnsl-2.23.so
7fb7a5fb6000-7fb7a5fb8000 rw-p 00000000 00:00 0 
7fb7a5fb8000-7fb7a5fc0000 r-xp 00000000 08:03 1848100                    /lib/x86_64-linux-gnu/libnss_compat-2.23.so
7fb7a5fc0000-7fb7a61bf000 ---p 00008000 08:03 1848100                    /lib/x86_64-linux-gnu/libnss_compat-2.23.so
7fb7a61bf000-7fb7a61c0000 r--p 00007000 08:03 1848100                    /lib/x86_64-linux-gnu/libnss_compat-2.23.so
7fb7a61c0000-7fb7a61c1000 rw-p 00008000 08:03 1848100                    /lib/x86_64-linux-gnu/libnss_compat-2.23.so
7fb7a61c1000-7fb7a61ec000 r-xp 00000000 08:03 2493743                    /usr/lib/jvm/java-8-oracle/jre/lib/amd64/libjava.so
7fb7a61ec000-7fb7a63eb000 ---p 0002b000 08:03 2493743                    /usr/lib/jvm/java-8-oracle/jre/lib/amd64/libjava.so
7fb7a63eb000-7fb7a63ed000 rw-p 0002a000 08:03 2493743                    /usr/lib/jvm/java-8-oracle/jre/lib/amd64/libjava.so
7fb7a63ed000-7fb7a63fa000 r-xp 00000000 08:03 2493694                    /usr/lib/jvm/java-8-oracle/jre/lib/amd64/libverify.so
7fb7a63fa000-7fb7a65f9000 ---p 0000d000 08:03 2493694                    /usr/lib/jvm/java-8-oracle/jre/lib/amd64/libverify.so
7fb7a65f9000-7fb7a65fb000 rw-p 0000c000 08:03 2493694                    /usr/lib/jvm/java-8-oracle/jre/lib/amd64/libverify.so
7fb7a65fb000-7fb7a6602000 r-xp 00000000 08:03 1848116                    /lib/x86_64-linux-gnu/librt-2.23.so
7fb7a6602000-7fb7a6801000 ---p 00007000 08:03 1848116                    /lib/x86_64-linux-gnu/librt-2.23.so
7fb7a6801000-7fb7a6802000 r--p 00006000 08:03 1848116                    /lib/x86_64-linux-gnu/librt-2.23.so
7fb7a6802000-7fb7a6803000 rw-p 00007000 08:03 1848116                    /lib/x86_64-linux-gnu/librt-2.23.so
7fb7a6803000-7fb7a690b000 r-xp 00000000 08:03 1848113                    /lib/x86_64-linux-gnu/libm-2.23.so
7fb7a690b000-7fb7a6b0a000 ---p 00108000 08:03 1848113                    /lib/x86_64-linux-gnu/libm-2.23.so
7fb7a6b0a000-7fb7a6b0b000 r--p 00107000 08:03 1848113                    /lib/x86_64-linux-gnu/libm-2.23.so
7fb7a6b0b000-7fb7a6b0c000 rw-p 00108000 08:03 1848113                    /lib/x86_64-linux-gnu/libm-2.23.so
7fb7a6b0c000-7fb7a77d9000 r-xp 00000000 08:03 2493747                    /usr/lib/jvm/java-8-oracle/jre/lib/amd64/server/libjvm.so
7fb7a77d9000-7fb7a79d8000 ---p 00ccd000 08:03 2493747                    /usr/lib/jvm/java-8-oracle/jre/lib/amd64/server/libjvm.so
7fb7a79d8000-7fb7a7ab1000 rw-p 00ccc000 08:03 2493747                    /usr/lib/jvm/java-8-oracle/jre/lib/amd64/server/libjvm.so
7fb7a7ab1000-7fb7a7afc000 rw-p 00000000 00:00 0 
7fb7a7afc000-7fb7a7cbb000 r-xp 00000000 08:03 1848121                    /lib/x86_64-linux-gnu/libc-2.23.so
7fb7a7cbb000-7fb7a7ebb000 ---p 001bf000 08:03 1848121                    /lib/x86_64-linux-gnu/libc-2.23.so
7fb7a7ebb000-7fb7a7ebf000 r--p 001bf000 08:03 1848121                    /lib/x86_64-linux-gnu/libc-2.23.so
7fb7a7ebf000-7fb7a7ec1000 rw-p 001c3000 08:03 1848121                    /lib/x86_64-linux-gnu/libc-2.23.so
7fb7a7ec1000-7fb7a7ec5000 rw-p 00000000 00:00 0 
7fb7a7ec5000-7fb7a7ec8000 r-xp 00000000 08:03 1848122                    /lib/x86_64-linux-gnu/libdl-2.23.so
7fb7a7ec8000-7fb7a80c7000 ---p 00003000 08:03 1848122                    /lib/x86_64-linux-gnu/libdl-2.23.so
7fb7a80c7000-7fb7a80c8000 r--p 00002000 08:03 1848122                    /lib/x86_64-linux-gnu/libdl-2.23.so
7fb7a80c8000-7fb7a80c9000 rw-p 00003000 08:03 1848122                    /lib/x86_64-linux-gnu/libdl-2.23.so
7fb7a80c9000-7fb7a80de000 r-xp 00000000 08:03 2492804                    /usr/lib/jvm/java-8-oracle/lib/amd64/jli/libjli.so
7fb7a80de000-7fb7a82de000 ---p 00015000 08:03 2492804                    /usr/lib/jvm/java-8-oracle/lib/amd64/jli/libjli.so
7fb7a82de000-7fb7a82df000 rw-p 00015000 08:03 2492804                    /usr/lib/jvm/java-8-oracle/lib/amd64/jli/libjli.so
7fb7a82df000-7fb7a82f7000 r-xp 00000000 08:03 1848120                    /lib/x86_64-linux-gnu/libpthread-2.23.so
7fb7a82f7000-7fb7a84f6000 ---p 00018000 08:03 1848120                    /lib/x86_64-linux-gnu/libpthread-2.23.so
7fb7a84f6000-7fb7a84f7000 r--p 00017000 08:03 1848120                    /lib/x86_64-linux-gnu/libpthread-2.23.so
7fb7a84f7000-7fb7a84f8000 rw-p 00018000 08:03 1848120                    /lib/x86_64-linux-gnu/libpthread-2.23.so
7fb7a84f8000-7fb7a84fc000 rw-p 00000000 00:00 0 
7fb7a84fc000-7fb7a8522000 r-xp 00000000 08:03 1848117                    /lib/x86_64-linux-gnu/ld-2.23.so
7fb7a8522000-7fb7a8523000 r--s 00000000 08:03 2493764                    /usr/lib/jvm/java-8-oracle/jre/lib/management-agent.jar
7fb7a8523000-7fb7a8526000 r--s 0001a000 08:03 2493947                    /usr/lib/jvm/java-8-oracle/jre/lib/jce.jar
7fb7a8526000-7fb7a85f8000 rw-p 00000000 00:00 0 
7fb7a85f8000-7fb7a85fb000 ---p 00000000 00:00 0 
7fb7a85fb000-7fb7a86fd000 rw-p 00000000 00:00 0 
7fb7a86fd000-7fb7a8702000 r--s 002f9000 08:03 2493638                    /usr/lib/jvm/java-8-oracle/jre/lib/charsets.jar
7fb7a8702000-7fb7a8715000 rw-p 00000000 00:00 0 
7fb7a8715000-7fb7a871d000 rw-s 00000000 08:03 262239                     /tmp/hsperfdata_mostafa/3606
7fb7a871d000-7fb7a871e000 rw-p 00000000 00:00 0 
7fb7a871e000-7fb7a871f000 r--p 00000000 00:00 0 
7fb7a871f000-7fb7a8721000 rw-p 00000000 00:00 0 
7fb7a8721000-7fb7a8722000 r--p 00025000 08:03 1848117                    /lib/x86_64-linux-gnu/ld-2.23.so
7fb7a8722000-7fb7a8723000 rw-p 00026000 08:03 1848117                    /lib/x86_64-linux-gnu/ld-2.23.so
7fb7a8723000-7fb7a8724000 rw-p 00000000 00:00 0 
7ffe7d0d6000-7ffe7d0f7000 rw-p 00000000 00:00 0                          [stack]
7ffe7d0ff000-7ffe7d101000 r--p 00000000 00:00 0                          [vvar]
7ffe7d101000-7ffe7d103000 r-xp 00000000 00:00 0                          [vdso]
ffffffffff600000-ffffffffff601000 r-xp 00000000 00:00 0                  [vsyscall]

VM Arguments:
jvm_args: -Didea.launcher.port=7537 -Didea.launcher.bin.path=/opt/intellij-idea-community/bin -Dfile.encoding=UTF-8 
java_command: com.intellij.rt.execution.application.AppMain sample.Main
java_class_path (initial): /usr/lib/jvm/java-8-oracle/jre/lib/charsets.jar:/usr/lib/jvm/java-8-oracle/jre/lib/deploy.jar:/usr/lib/jvm/java-8-oracle/jre/lib/ext/cldrdata.jar:/usr/lib/jvm/java-8-oracle/jre/lib/ext/dnsns.jar:/usr/lib/jvm/java-8-oracle/jre/lib/ext/jaccess.jar:/usr/lib/jvm/java-8-oracle/jre/lib/ext/jfxrt.jar:/usr/lib/jvm/java-8-oracle/jre/lib/ext/localedata.jar:/usr/lib/jvm/java-8-oracle/jre/lib/ext/nashorn.jar:/usr/lib/jvm/java-8-oracle/jre/lib/ext/sunec.jar:/usr/lib/jvm/java-8-oracle/jre/lib/ext/sunjce_provider.jar:/usr/lib/jvm/java-8-oracle/jre/lib/ext/sunpkcs11.jar:/usr/lib/jvm/java-8-oracle/jre/lib/ext/zipfs.jar:/usr/lib/jvm/java-8-oracle/jre/lib/javaws.jar:/usr/lib/jvm/java-8-oracle/jre/lib/jce.jar:/usr/lib/jvm/java-8-oracle/jre/lib/jfr.jar:/usr/lib/jvm/java-8-oracle/jre/lib/jfxswt.jar:/usr/lib/jvm/java-8-oracle/jre/lib/jsse.jar:/usr/lib/jvm/java-8-oracle/jre/lib/management-agent.jar:/usr/lib/jvm/java-8-oracle/jre/lib/plugin.jar:/usr/lib/jvm/java-8-oracle/jre/lib/resources.jar:/usr/lib/jvm/java-8-oracle/jre/lib/rt.jar:/home/mostafa/Desktop/Passing/out/production/Passing:/opt/intellij-idea-community/lib/idea_rt.jar
Launcher Type: SUN_STANDARD

Environment Variables:
JAVA_HOME=/usr/lib/jvm/java-8-oracle
PATH=/usr/local/sbin:/usr/local/bin:/usr/sbin:/usr/bin:/sbin:/bin:/usr/games:/usr/local/games:/snap/bin:/usr/lib/jvm/java-8-oracle/bin:/usr/lib/jvm/java-8-oracle/db/bin:/usr/lib/jvm/java-8-oracle/jre/bin
LD_LIBRARY_PATH=/opt/intellij-idea-community/bin:
SHELL=/bin/bash
DISPLAY=:0

Signal Handlers:
SIGSEGV: [libjvm.so+0xac64b0], sa_mask[0]=11111111011111111101111111111110, sa_flags=SA_RESTART|SA_SIGINFO
SIGBUS: [libjvm.so+0xac64b0], sa_mask[0]=11111111011111111101111111111110, sa_flags=SA_RESTART|SA_SIGINFO
SIGFPE: [libjvm.so+0x91f950], sa_mask[0]=11111111011111111101111111111110, sa_flags=SA_RESTART|SA_SIGINFO
SIGPIPE: SIG_IGN, sa_mask[0]=00000000000010000000000000000000, sa_flags=SA_RESTART
SIGXFSZ: [libjvm.so+0x91f950], sa_mask[0]=11111111011111111101111111111110, sa_flags=SA_RESTART|SA_SIGINFO
SIGILL: [libjvm.so+0x91f950], sa_mask[0]=11111111011111111101111111111110, sa_flags=SA_RESTART|SA_SIGINFO
SIGUSR1: SIG_DFL, sa_mask[0]=00000000000000000000000000000000, sa_flags=none
SIGUSR2: [libjvm.so+0x920f80], sa_mask[0]=00100000000000000000000000000000, sa_flags=SA_RESTART|SA_SIGINFO
SIGHUP: [libjvm.so+0x922380], sa_mask[0]=11111111011111111101111111111110, sa_flags=SA_RESTART|SA_SIGINFO
SIGINT: [libjvm.so+0x922380], sa_mask[0]=11111111011111111101111111111110, sa_flags=SA_RESTART|SA_SIGINFO
SIGTERM: [libjvm.so+0x922380], sa_mask[0]=11111111011111111101111111111110, sa_flags=SA_RESTART|SA_SIGINFO
SIGQUIT: [libjvm.so+0x922380], sa_mask[0]=11111111011111111101111111111110, sa_flags=SA_RESTART|SA_SIGINFO


---------------  S Y S T E M  ---------------

OS:DISTRIB_ID=Ubuntu
DISTRIB_RELEASE=16.04
DISTRIB_CODENAME=xenial
DISTRIB_DESCRIPTION="Ubuntu 16.04.1 LTS"

uname:Linux 4.4.0-47-generic #68-Ubuntu SMP Wed Oct 26 19:39:52 UTC 2016 x86_64
libc:glibc 2.23 NPTL 2.23 
rlimit: STACK 8192k, CORE 0k, NPROC 15037, NOFILE 65536, AS infinity
load average:0.41 0.29 0.27

/proc/meminfo:
MemTotal:        3896084 kB
MemFree:          159020 kB
MemAvailable:    1046024 kB
Buffers:           71224 kB
Cached:          1010336 kB
SwapCached:           56 kB
Active:          2372816 kB
Inactive:        1118340 kB
Active(anon):    1819556 kB
Inactive(anon):   613540 kB
Active(file):     553260 kB
Inactive(file):   504800 kB
Unevictable:          32 kB
Mlocked:              32 kB
SwapTotal:       7812092 kB
SwapFree:        7808508 kB
Dirty:               328 kB
Writeback:             0 kB
AnonPages:       2405492 kB
Mapped:           286432 kB
Shmem:             23508 kB
Slab:             106460 kB
SReclaimable:      71212 kB
SUnreclaim:        35248 kB
KernelStack:       10096 kB
PageTables:        35728 kB
NFS_Unstable:          0 kB
Bounce:                0 kB
WritebackTmp:          0 kB
CommitLimit:     9760132 kB
Committed_AS:    5843608 kB
VmallocTotal:   34359738367 kB
VmallocUsed:           0 kB
VmallocChunk:          0 kB
HardwareCorrupted:     0 kB
AnonHugePages:   1394688 kB
CmaTotal:              0 kB
CmaFree:               0 kB
HugePages_Total:       0
HugePages_Free:        0
HugePages_Rsvd:        0
HugePages_Surp:        0
Hugepagesize:       2048 kB
DirectMap4k:      223488 kB
DirectMap2M:     3819520 kB


CPU:total 4 (2 cores per cpu, 2 threads per core) family 6 model 42 stepping 7, cmov, cx8, fxsr, mmx, sse, sse2, sse3, ssse3, sse4.1, sse4.2, popcnt, avx, aes, clmul, ht, tsc, tscinvbit

/proc/cpuinfo:
processor	: 0
vendor_id	: GenuineIntel
cpu family	: 6
model		: 42
model name	: Intel(R) Core(TM) i5-2450M CPU @ 2.50GHz
stepping	: 7
microcode	: 0x1b
cpu MHz		: 2822.753
cache size	: 3072 KB
physical id	: 0
siblings	: 4
core id		: 0
cpu cores	: 2
apicid		: 0
initial apicid	: 0
fpu		: yes
fpu_exception	: yes
cpuid level	: 13
wp		: yes
flags		: fpu vme de pse tsc msr pae mce cx8 apic sep mtrr pge mca cmov pat pse36 clflush dts acpi mmx fxsr sse sse2 ss ht tm pbe syscall nx rdtscp lm constant_tsc arch_perfmon pebs bts rep_good nopl xtopology nonstop_tsc aperfmperf eagerfpu pni pclmulqdq dtes64 monitor ds_cpl vmx est tm2 ssse3 cx16 xtpr pdcm pcid sse4_1 sse4_2 x2apic popcnt tsc_deadline_timer aes xsave avx lahf_lm epb tpr_shadow vnmi flexpriority ept vpid xsaveopt dtherm ida arat pln pts
bugs		:
bogomips	: 4988.58
clflush size	: 64
cache_alignment	: 64
address sizes	: 36 bits physical, 48 bits virtual
power management:

processor	: 1
vendor_id	: GenuineIntel
cpu family	: 6
model		: 42
model name	: Intel(R) Core(TM) i5-2450M CPU @ 2.50GHz
stepping	: 7
microcode	: 0x1b
cpu MHz		: 2797.851
cache size	: 3072 KB
physical id	: 0
siblings	: 4
core id		: 0
cpu cores	: 2
apicid		: 1
initial apicid	: 1
fpu		: yes
fpu_exception	: yes
cpuid level	: 13
wp		: yes
flags		: fpu vme de pse tsc msr pae mce cx8 apic sep mtrr pge mca cmov pat pse36 clflush dts acpi mmx fxsr sse sse2 ss ht tm pbe syscall nx rdtscp lm constant_tsc arch_perfmon pebs bts rep_good nopl xtopology nonstop_tsc aperfmperf eagerfpu pni pclmulqdq dtes64 monitor ds_cpl vmx est tm2 ssse3 cx16 xtpr pdcm pcid sse4_1 sse4_2 x2apic popcnt tsc_deadline_timer aes xsave avx lahf_lm epb tpr_shadow vnmi flexpriority ept vpid xsaveopt dtherm ida arat pln pts
bugs		:
bogomips	: 4988.58
clflush size	: 64
cache_alignment	: 64
address sizes	: 36 bits physical, 48 bits virtual
power management:

processor	: 2
vendor_id	: GenuineIntel
cpu family	: 6
model		: 42
model name	: Intel(R) Core(TM) i5-2450M CPU @ 2.50GHz
stepping	: 7
microcode	: 0x1b
cpu MHz		: 2794.921
cache size	: 3072 KB
physical id	: 0
siblings	: 4
core id		: 1
cpu cores	: 2
apicid		: 2
initial apicid	: 2
fpu		: yes
fpu_exception	: yes
cpuid level	: 13
wp		: yes
flags		: fpu vme de pse tsc msr pae mce cx8 apic sep mtrr pge mca cmov pat pse36 clflush dts acpi mmx fxsr sse sse2 ss ht tm pbe syscall nx rdtscp lm constant_tsc arch_perfmon pebs bts rep_good nopl xtopology nonstop_tsc aperfmperf eagerfpu pni pclmulqdq dtes64 monitor ds_cpl vmx est tm2 ssse3 cx16 xtpr pdcm pcid sse4_1 sse4_2 x2apic popcnt tsc_deadline_timer aes xsave avx lahf_lm epb tpr_shadow vnmi flexpriority ept vpid xsaveopt dtherm ida arat pln pts
bugs		:
bogomips	: 4988.58
clflush size	: 64
cache_alignment	: 64
address sizes	: 36 bits physical, 48 bits virtual
power management:

processor	: 3
vendor_id	: GenuineIntel
cpu family	: 6
model		: 42
model name	: Intel(R) Core(TM) i5-2450M CPU @ 2.50GHz
stepping	: 7
microcode	: 0x1b
cpu MHz		: 2795.019
cache size	: 3072 KB
physical id	: 0
siblings	: 4
core id		: 1
cpu cores	: 2
apicid		: 3
initial apicid	: 3
fpu		: yes
fpu_exception	: yes
cpuid level	: 13
wp		: yes
flags		: fpu vme de pse tsc msr pae mce cx8 apic sep mtrr pge mca cmov pat pse36 clflush dts acpi mmx fxsr sse sse2 ss ht tm pbe syscall nx rdtscp lm constant_tsc arch_perfmon pebs bts rep_good nopl xtopology nonstop_tsc aperfmperf eagerfpu pni pclmulqdq dtes64 monitor ds_cpl vmx est tm2 ssse3 cx16 xtpr pdcm pcid sse4_1 sse4_2 x2apic popcnt tsc_deadline_timer aes xsave avx lahf_lm epb tpr_shadow vnmi flexpriority ept vpid xsaveopt dtherm ida arat pln pts
bugs		:
bogomips	: 4988.58
clflush size	: 64
cache_alignment	: 64
address sizes	: 36 bits physical, 48 bits virtual
power management:



Memory: 4k page, physical 3896084k(159020k free), swap 7812092k(7808508k free)

vm_info: Java HotSpot(TM) 64-Bit Server VM (25.111-b14) for linux-amd64 JRE (1.8.0_111-b14), built on Sep 22 2016 16:14:03 by "java_re" with gcc 4.3.0 20080428 (Red Hat 4.3.0-8)

time: Sat Dec  3 15:28:00 2016
elapsed time: 6 seconds (0d 0h 0m 6s)

