#
# A fatal error has been detected by the Java Runtime Environment:
#
#  SIGSEGV (0xb) at pc=0x00007f14b2116716, pid=30201, tid=0x00007f144928c700
#
# JRE version: Java(TM) SE Runtime Environment (8.0_111-b14) (build 1.8.0_111-b14)
# Java VM: Java HotSpot(TM) 64-Bit Server VM (25.111-b14 mixed mode linux-amd64 compressed oops)
# Problematic frame:
# V  [libjvm.so+0x6d2716]  jni_invoke_nonstatic(JNIEnv_*, JavaValue*, _jobject*, JNICallType, _jmethodID*, JNI_ArgumentPusher*, Thread*)+0xa26
#
# Failed to write core dump. Core dumps have been disabled. To enable core dumping, try "ulimit -c unlimited" before starting Java again
#
# If you would like to submit a bug report, please visit:
#   http://bugreport.java.com/bugreport/crash.jsp
#

---------------  T H R E A D  ---------------

Current thread (0x00007f145811c000):  JavaThread "JavaFX Application Thread" [_thread_in_vm, id=30238, stack(0x00007f144918c000,0x00007f144928d000)]

siginfo: si_signo: 11 (SIGSEGV), si_code: 1 (SEGV_MAPERR), si_addr: 0x0000000000000011

Registers:
RAX=0x00007f14b29d3c80, RBX=0x0000000000000005, RCX=0x0000000000000001, RDX=0x00007f149a922258
RSP=0x00007f144928b220, RBP=0x00007f144928b3a0, RSI=0x00000001000acab0, RDI=0x00007f145811c1f8
R8 =0x000000000000003c, R9 =0x00007f144928b3d0, R10=0x00007f1438000ac0, R11=0x00007f149d39c760
R12=0x0000000000000009, R13=0x00007f145805e1b8, R14=0x0000000000000000, R15=0x00007f145811ba78
RIP=0x00007f14b2116716, EFLAGS=0x0000000000010202, CSGSFS=0x0000000000000033, ERR=0x0000000000000004
  TRAPNO=0x000000000000000e

Top of Stack: (sp=0x00007f144928b220)
0x00007f144928b220:   00007f144928b920 00007f144928b540
0x00007f144928b230:   00007f144928b280 00007f144928b300
0x00007f144928b240:   00007f144928b3d0 00007f144928b430
0x00007f144928b250:   00007f145811c1f8 00007f14b2135830
0x00007f144928b260:   00007f146c000bf0 00007f146c000c00
0x00007f144928b270:   00007f146c000fd8 00000000000003d8
0x00007f144928b280:   0000000000000000 00000000ec70a260
0x00007f144928b290:   00007f140000006f 00007f140000000a
0x00007f144928b2a0:   00000000ed0a8068 0000000000000000
0x00007f144928b2b0:   0000000000000000 0000000000000000
0x00007f144928b2c0:   00007f149a935570 0000000100000100
0x00007f144928b2d0:   0000000000000000 00007f144928b288
0x00007f144928b2e0:   00007f144928b2c9 0000000800000005
0x00007f144928b2f0:   0000000000000000 00007f145811bb50
0x00007f144928b300:   00007f14b29a2af0 00007f14b34b36d0
0x00007f144928b310:   000000005811b9e0 00007f145811c000
0x00007f144928b320:   0000000000000000 00007f14b21160fb
0x00007f144928b330:   00007f149a922258 00007f145811c000
0x00007f144928b340:   00007f149a922258 00007f145811c000
0x00007f144928b350:   00007f144928b4e0 00007f149a922258
0x00007f144928b360:   00007f149a922258 00007f149a922258
0x00007f144928b370:   00007f146c000bf0 00007f144928b3d0
0x00007f144928b380:   00007f145811c000 00007f144928b410
0x00007f144928b390:   00007f145805e1b8 00007f145811c1f8
0x00007f144928b3a0:   00007f144928b490 00007f14b211a4cf
0x00007f144928b3b0:   00007f145811c000 00007f1463084054
0x00007f144928b3c0:   00007f144928b4a8 00000000ed61d898
0x00007f144928b3d0:   00007f14b29a3750 00007f14b34b36d0
0x00007f144928b3e0:   000000004928b450 5027ef3100000063
0x00007f144928b3f0:   0000000000000000 0000003000000018
0x00007f144928b400:   00007f144928b580 00007f144928b4c0
0x00007f144928b410:   00007f145811c000 0000000000000000 

Instructions: (pc=0x00007f14b2116716)
0x00007f14b21166f6:   48 8b 70 08 e8 61 bb 03 00 48 8b 95 a8 fe ff ff
0x00007f14b2116706:   48 89 42 08 e9 8c fd ff ff 48 8b 05 52 e4 89 00
0x00007f14b2116716:   41 8b 54 24 08 8b 48 08 48 d3 e2 48 03 10 e9 fe
0x00007f14b2116726:   fe ff ff 48 8b 7b 18 48 85 ff 0f 84 55 fc ff ff 

Register to memory mapping:

RAX=0x00007f14b29d3c80: <offset 0xf8fc80> in /usr/lib/jvm/java-8-oracle/jre/lib/amd64/server/libjvm.so at 0x00007f14b1a44000
RBX=0x0000000000000005 is an unknown value
RCX=0x0000000000000001 is an unknown value
RDX={method} {0x00007f149a922258} 'notifyKey' '(II[CI)V' in 'com/sun/glass/ui/View'
RSP=0x00007f144928b220 is pointing into the stack for thread: 0x00007f145811c000
RBP=0x00007f144928b3a0 is pointing into the stack for thread: 0x00007f145811c000
RSI=0x00000001000acab0 is pointing into metadata
RDI=0x00007f145811c1f8 is an unknown value
R8 =0x000000000000003c is an unknown value
R9 =0x00007f144928b3d0 is pointing into the stack for thread: 0x00007f145811c000
R10=0x00007f1438000ac0 is an unknown value
R11=0x00007f149d39c760 is at entry_point+32 in (nmethod*)0x00007f149d39c5d0
R12=0x0000000000000009 is an unknown value
R13=0x00007f145805e1b8 is an unknown value
R14=0x0000000000000000 is an unknown value
R15=0x00007f145811ba78 is an unknown value


Stack: [0x00007f144918c000,0x00007f144928d000],  sp=0x00007f144928b220,  free space=1020k
Native frames: (J=compiled Java code, j=interpreted, Vv=VM code, C=native code)
V  [libjvm.so+0x6d2716]  jni_invoke_nonstatic(JNIEnv_*, JavaValue*, _jobject*, JNICallType, _jmethodID*, JNI_ArgumentPusher*, Thread*)+0xa26
V  [libjvm.so+0x6d64cf]  jni_CallVoidMethodV+0x10f
C  [libglass.so+0x18641]  JNIEnv_::CallVoidMethod(_jobject*, _jmethodID*, ...)+0x81
C  [libglass.so+0x14f0f]  WindowContextBase::process_key(_GdkEventKey*)+0x20f
C  [libglass.so+0x19f60]  WindowContextBase::im_filter_keypress(_GdkEventKey*)+0x1c0
C  [libglass.so+0x1a91c]  process_events(_GdkEvent*, void*)+0x22c
C  [libgdk-x11-2.0.so.0+0x5ac4c]

Java frames: (J=compiled Java code, j=interpreted, Vv=VM code)
j  com.sun.glass.ui.gtk.GtkApplication._runLoop(Ljava/lang/Runnable;Z)V+0
j  com.sun.glass.ui.gtk.GtkApplication.lambda$null$49(Ljava/lang/Runnable;Z)V+7
j  com.sun.glass.ui.gtk.GtkApplication$$Lambda$43.run()V+12
j  java.lang.Thread.run()V+11
v  ~StubRoutines::call_stub

---------------  P R O C E S S  ---------------

Java Threads: ( => current thread )
  0x00007f1438234000 JavaThread "Prism Font Disposer" daemon [_thread_blocked, id=30244, stack(0x00007f144835d000,0x00007f144845e000)]
=>0x00007f145811c000 JavaThread "JavaFX Application Thread" [_thread_in_vm, id=30238, stack(0x00007f144918c000,0x00007f144928d000)]
  0x00007f1458119000 JavaThread "Thread-2" daemon [_thread_blocked, id=30235, stack(0x00007f144a28f000,0x00007f144a390000)]
  0x00007f145804b800 JavaThread "QuantumRenderer-0" daemon [_thread_blocked, id=30233, stack(0x00007f1463afd000,0x00007f1463bfe000)]
  0x00007f14ac213000 JavaThread "JavaFX-Launcher" [_thread_blocked, id=30232, stack(0x00007f1463bfe000,0x00007f1463cff000)]
  0x00007f14ac123000 JavaThread "Monitor Ctrl-Break" daemon [_thread_in_native, id=30231, stack(0x00007f14982e5000,0x00007f14983e6000)]
  0x00007f14ac0c1800 JavaThread "Service Thread" daemon [_thread_blocked, id=30226, stack(0x00007f1498740000,0x00007f1498841000)]
  0x00007f14ac0be800 JavaThread "C1 CompilerThread2" daemon [_thread_blocked, id=30224, stack(0x00007f1498841000,0x00007f1498942000)]
  0x00007f14ac0bd000 JavaThread "C2 CompilerThread1" daemon [_thread_in_native, id=30223, stack(0x00007f1498942000,0x00007f1498a43000)]
  0x00007f14ac0ba000 JavaThread "C2 CompilerThread0" daemon [_thread_in_native, id=30222, stack(0x00007f1498a43000,0x00007f1498b44000)]
  0x00007f14ac0b8800 JavaThread "Signal Dispatcher" daemon [_thread_blocked, id=30221, stack(0x00007f1498b44000,0x00007f1498c45000)]
  0x00007f14ac084800 JavaThread "Finalizer" daemon [_thread_blocked, id=30217, stack(0x00007f1498f1e000,0x00007f149901f000)]
  0x00007f14ac080000 JavaThread "Reference Handler" daemon [_thread_blocked, id=30215, stack(0x00007f149901f000,0x00007f1499120000)]
  0x00007f14ac00a800 JavaThread "main" [_thread_blocked, id=30203, stack(0x00007f14b3530000,0x00007f14b3631000)]

Other Threads:
  0x00007f14ac078000 VMThread [stack: 0x00007f1499120000,0x00007f1499221000] [id=30214]
  0x00007f14ac0c4800 WatcherThread [stack: 0x00007f149863f000,0x00007f1498740000] [id=30227]

VM state:not at safepoint (normal execution)

VM Mutex/Monitor currently owned by a thread: None

Heap:
 PSYoungGen      total 17920K, used 3123K [0x00000000ec300000, 0x00000000ed700000, 0x0000000100000000)
  eden space 15360K, 3% used [0x00000000ec300000,0x00000000ec390c50,0x00000000ed200000)
  from space 2560K, 99% used [0x00000000ed480000,0x00000000ed6fc030,0x00000000ed700000)
  to   space 2560K, 0% used [0x00000000ed200000,0x00000000ed200000,0x00000000ed480000)
 ParOldGen       total 40960K, used 3332K [0x00000000c4800000, 0x00000000c7000000, 0x00000000ec300000)
  object space 40960K, 8% used [0x00000000c4800000,0x00000000c4b41378,0x00000000c7000000)
 Metaspace       used 15581K, capacity 16234K, committed 16512K, reserved 1062912K
  class space    used 2209K, capacity 2367K, committed 2432K, reserved 1048576K

Card table byte_map: [0x00007f14b0101000,0x00007f14b02de000] byte_map_base: 0x00007f14afadd000

Marking Bits: (ParMarkBitMap*) 0x00007f14b2a07220
 Begin Bits: [0x00007f149adff000, 0x00007f149bcdf000)
 End Bits:   [0x00007f149bcdf000, 0x00007f149cbbf000)

Polling page: 0x00007f14b3656000

CodeCache: size=245760Kb used=4439Kb max_used=4439Kb free=241320Kb
 bounds [0x00007f149d000000, 0x00007f149d460000, 0x00007f14ac000000]
 total_blobs=2063 nmethods=1452 adapters=524
 compilation: enabled

Compilation events (10 events):
Event: 5.847 Thread 0x00007f14ac0be800 1451       1       javafx.scene.text.Text$TextAttribute::access$1800 (5 bytes)
Event: 5.847 Thread 0x00007f14ac0be800 nmethod 1451 0x00007f149d4515d0 code [0x00007f149d451720, 0x00007f149d451810]
Event: 5.847 Thread 0x00007f14ac0be800 1453       3       javafx.scene.text.Text::getTextLayout (176 bytes)
Event: 5.851 Thread 0x00007f14ac0be800 nmethod 1453 0x00007f149d451890 code [0x00007f149d451d40, 0x00007f149d454d08]
Event: 5.851 Thread 0x00007f14ac0be800 1454       3       javafx.scene.Node::impl_notifyLayoutBoundsChanged (46 bytes)
Event: 5.852 Thread 0x00007f14ac0be800 nmethod 1454 0x00007f149d456390 code [0x00007f149d4565a0, 0x00007f149d4572a8]
Event: 5.852 Thread 0x00007f14ac0be800 1455       3       com.sun.javafx.geom.RectBounds::getHeight (10 bytes)
Event: 5.853 Thread 0x00007f14ac0be800 nmethod 1455 0x00007f149d457610 code [0x00007f149d457760, 0x00007f149d4578d0]
Event: 5.853 Thread 0x00007f14ac0be800 1456       3       sun.util.logging.PlatformLogger::isLoggable (38 bytes)
Event: 5.853 Thread 0x00007f14ac0be800 nmethod 1456 0x00007f149d457950 code [0x00007f149d457ae0, 0x00007f149d457ee8]

GC Heap History (4 events):
Event: 0.852 GC heap before
{Heap before GC invocations=1 (full 0):
 PSYoungGen      total 17920K, used 15360K [0x00000000ec300000, 0x00000000ed700000, 0x0000000100000000)
  eden space 15360K, 100% used [0x00000000ec300000,0x00000000ed200000,0x00000000ed200000)
  from space 2560K, 0% used [0x00000000ed480000,0x00000000ed480000,0x00000000ed700000)
  to   space 2560K, 0% used [0x00000000ed200000,0x00000000ed200000,0x00000000ed480000)
 ParOldGen       total 40960K, used 0K [0x00000000c4800000, 0x00000000c7000000, 0x00000000ec300000)
  object space 40960K, 0% used [0x00000000c4800000,0x00000000c4800000,0x00000000c7000000)
 Metaspace       used 10048K, capacity 10460K, committed 10624K, reserved 1058816K
  class space    used 1240K, capacity 1368K, committed 1408K, reserved 1048576K
Event: 0.858 GC heap after
Heap after GC invocations=1 (full 0):
 PSYoungGen      total 17920K, used 2528K [0x00000000ec300000, 0x00000000ed700000, 0x0000000100000000)
  eden space 15360K, 0% used [0x00000000ec300000,0x00000000ec300000,0x00000000ed200000)
  from space 2560K, 98% used [0x00000000ed200000,0x00000000ed478050,0x00000000ed480000)
  to   space 2560K, 0% used [0x00000000ed480000,0x00000000ed480000,0x00000000ed700000)
 ParOldGen       total 40960K, used 392K [0x00000000c4800000, 0x00000000c7000000, 0x00000000ec300000)
  object space 40960K, 0% used [0x00000000c4800000,0x00000000c4862000,0x00000000c7000000)
 Metaspace       used 10048K, capacity 10460K, committed 10624K, reserved 1058816K
  class space    used 1240K, capacity 1368K, committed 1408K, reserved 1048576K
}
Event: 5.805 GC heap before
{Heap before GC invocations=2 (full 0):
 PSYoungGen      total 17920K, used 17888K [0x00000000ec300000, 0x00000000ed700000, 0x0000000100000000)
  eden space 15360K, 100% used [0x00000000ec300000,0x00000000ed200000,0x00000000ed200000)
  from space 2560K, 98% used [0x00000000ed200000,0x00000000ed478050,0x00000000ed480000)
  to   space 2560K, 0% used [0x00000000ed480000,0x00000000ed480000,0x00000000ed700000)
 ParOldGen       total 40960K, used 392K [0x00000000c4800000, 0x00000000c7000000, 0x00000000ec300000)
  object space 40960K, 0% used [0x00000000c4800000,0x00000000c4862000,0x00000000c7000000)
 Metaspace       used 15549K, capacity 16234K, committed 16512K, reserved 1062912K
  class space    used 2209K, capacity 2367K, committed 2432K, reserved 1048576K
Event: 5.819 GC heap after
Heap after GC invocations=2 (full 0):
 PSYoungGen      total 17920K, used 2544K [0x00000000ec300000, 0x00000000ed700000, 0x0000000100000000)
  eden space 15360K, 0% used [0x00000000ec300000,0x00000000ec300000,0x00000000ed200000)
  from space 2560K, 99% used [0x00000000ed480000,0x00000000ed6fc030,0x00000000ed700000)
  to   space 2560K, 0% used [0x00000000ed200000,0x00000000ed200000,0x00000000ed480000)
 ParOldGen       total 40960K, used 3332K [0x00000000c4800000, 0x00000000c7000000, 0x00000000ec300000)
  object space 40960K, 8% used [0x00000000c4800000,0x00000000c4b41378,0x00000000c7000000)
 Metaspace       used 15549K, capacity 16234K, committed 16512K, reserved 1062912K
  class space    used 2209K, capacity 2367K, committed 2432K, reserved 1048576K
}

Deoptimization events (10 events):
Event: 1.113 Thread 0x00007f145811c000 Uncommon trap: reason=class_check action=maybe_recompile pc=0x00007f149d2497b4 method=java.io.DataInputStream.readShort()S @ 4
Event: 1.113 Thread 0x00007f145811c000 Uncommon trap: reason=class_check action=maybe_recompile pc=0x00007f149d2497b4 method=java.io.DataInputStream.readShort()S @ 4
Event: 1.124 Thread 0x00007f145811c000 Uncommon trap: reason=class_check action=maybe_recompile pc=0x00007f149d1204f8 method=java.lang.String.equals(Ljava/lang/Object;)Z @ 8
Event: 1.124 Thread 0x00007f145811c000 Uncommon trap: reason=class_check action=maybe_recompile pc=0x00007f149d1204f8 method=java.lang.String.equals(Ljava/lang/Object;)Z @ 8
Event: 1.124 Thread 0x00007f145811c000 Uncommon trap: reason=class_check action=maybe_recompile pc=0x00007f149d1204f8 method=java.lang.String.equals(Ljava/lang/Object;)Z @ 8
Event: 1.292 Thread 0x00007f145811c000 Uncommon trap: reason=class_check action=maybe_recompile pc=0x00007f149d1204f8 method=java.lang.String.equals(Ljava/lang/Object;)Z @ 8
Event: 1.406 Thread 0x00007f145811c000 Uncommon trap: reason=unstable_if action=reinterpret pc=0x00007f149d2a6dcc method=sun.net.www.ParseUtil.encodePath(Ljava/lang/String;Z)Ljava/lang/String; @ 109
Event: 1.687 Thread 0x00007f145811c000 Uncommon trap: reason=unstable_if action=reinterpret pc=0x00007f149d2f9764 method=jdk.internal.org.objectweb.asm.Type.getArgumentsAndReturnSizes(Ljava/lang/String;)I @ 47
Event: 2.349 Thread 0x00007f145804b800 Uncommon trap: reason=unstable_if action=reinterpret pc=0x00007f149d396d1c method=java.lang.StrictMath.floorOrCeil(DDDD)D @ 115
Event: 3.100 Thread 0x00007f145811c000 Uncommon trap: reason=unstable_if action=reinterpret pc=0x00007f149d23de20 method=java.lang.CharacterData.of(I)Ljava/lang/CharacterData; @ 4

Internal exceptions (10 events):
Event: 0.283 Thread 0x00007f14ac213000 Exception <a 'java/security/PrivilegedActionException'> (0x00000000ec617dc0) thrown at [/HUDSON3/workspace/8-2-build-linux-amd64/jdk8u111/7883/hotspot/src/share/vm/prims/jvm.cpp, line 1386]
Event: 0.283 Thread 0x00007f14ac213000 Exception <a 'java/security/PrivilegedActionException'> (0x00000000ec61a200) thrown at [/HUDSON3/workspace/8-2-build-linux-amd64/jdk8u111/7883/hotspot/src/share/vm/prims/jvm.cpp, line 1386]
Event: 0.283 Thread 0x00007f14ac213000 Exception <a 'java/security/PrivilegedActionException'> (0x00000000ec61a410) thrown at [/HUDSON3/workspace/8-2-build-linux-amd64/jdk8u111/7883/hotspot/src/share/vm/prims/jvm.cpp, line 1386]
Event: 0.283 Thread 0x00007f14ac213000 Exception <a 'java/lang/NullPointerException'> (0x00000000ec61a9e8) thrown at [/HUDSON3/workspace/8-2-build-linux-amd64/jdk8u111/7883/hotspot/src/share/vm/interpreter/linkResolver.cpp, line 1178]
Event: 0.726 Thread 0x00007f145811c000 Exception <a 'java/lang/NullPointerException'> (0x00000000ece580b0) thrown at [/HUDSON3/workspace/8-2-build-linux-amd64/jdk8u111/7883/hotspot/src/share/vm/interpreter/linkResolver.cpp, line 1178]
Event: 0.726 Thread 0x00007f145811c000 Exception <a 'java/lang/NullPointerException'> (0x00000000ece580b0) thrown at [/HUDSON3/workspace/8-2-build-linux-amd64/jdk8u111/7883/hotspot/src/share/vm/prims/jvm.cpp, line 1390]
Event: 0.843 Thread 0x00007f145811c000 Exception <a 'java/lang/ArrayIndexOutOfBoundsException': 58> (0x00000000ed1e7028) thrown at [/HUDSON3/workspace/8-2-build-linux-amd64/jdk8u111/7883/hotspot/src/share/vm/interpreter/interpreterRuntime.cpp, line 366]
Event: 0.845 Thread 0x00007f145811c000 Exception <a 'java/lang/ArrayIndexOutOfBoundsException': 18> (0x00000000ed1e7eb0) thrown at [/HUDSON3/workspace/8-2-build-linux-amd64/jdk8u111/7883/hotspot/src/share/vm/interpreter/interpreterRuntime.cpp, line 366]
Event: 0.845 Thread 0x00007f145811c000 Exception <a 'java/lang/ArrayIndexOutOfBoundsException': 86> (0x00000000ed1e9258) thrown at [/HUDSON3/workspace/8-2-build-linux-amd64/jdk8u111/7883/hotspot/src/share/vm/interpreter/interpreterRuntime.cpp, line 366]
Event: 1.020 Thread 0x00007f145811c000 Implicit null exception at 0x00007f149d29c275 to 0x00007f149d29c491

Events (10 events):
Event: 5.692 loading class com/sun/prism/GraphicsResource
Event: 5.692 loading class com/sun/prism/GraphicsResource done
Event: 5.693 loading class com/sun/javafx/tk/quantum/ViewScene
Event: 5.693 loading class com/sun/javafx/tk/quantum/ViewScene done
Event: 5.695 loading class com/sun/javafx/tk/quantum/WindowStage
Event: 5.695 loading class com/sun/javafx/tk/quantum/WindowStage done
Event: 5.804 Executing VM operation: ParallelGCFailedAllocation
Event: 5.819 Executing VM operation: ParallelGCFailedAllocation done
Event: 5.820 Executing VM operation: RevokeBias
Event: 5.822 Executing VM operation: RevokeBias done


Dynamic libraries:
00400000-00401000 r-xp 00000000 08:03 2493609                            /usr/lib/jvm/java-8-oracle/bin/java
00600000-00601000 rw-p 00000000 08:03 2493609                            /usr/lib/jvm/java-8-oracle/bin/java
0141e000-0143f000 rw-p 00000000 00:00 0                                  [heap]
40a5a000-40a5c000 r-xs 00000000 08:03 262240                             /tmp/.glMas54J (deleted)
4116c000-4120c000 rw-p 00000000 00:00 0 
c4800000-c7000000 rw-p 00000000 00:00 0 
c7000000-ec300000 ---p 00000000 00:00 0 
ec300000-ed700000 rw-p 00000000 00:00 0 
ed700000-100000000 ---p 00000000 00:00 0 
100000000-100260000 rw-p 00000000 00:00 0 
100260000-140000000 ---p 00000000 00:00 0 
7f142c000000-7f142c021000 rw-p 00000000 00:00 0 
7f142c021000-7f1430000000 ---p 00000000 00:00 0 
7f14333ff000-7f14335ff000 rw-s 14b52d000 00:06 552                       /dev/nvidiactl
7f14335ff000-7f14337ff000 rw-s 6c334000 00:06 552                        /dev/nvidiactl
7f14337ff000-7f1434000000 rw-p 00000000 00:00 0 
7f1434000000-7f1434021000 rw-p 00000000 00:00 0 
7f1434021000-7f1438000000 ---p 00000000 00:00 0 
7f1438000000-7f1438508000 rw-p 00000000 00:00 0 
7f1438508000-7f143c000000 ---p 00000000 00:00 0 
7f143c000000-7f143c022000 rw-p 00000000 00:00 0 
7f143c022000-7f1440000000 ---p 00000000 00:00 0 
7f1440000000-7f1440021000 rw-p 00000000 00:00 0 
7f1440021000-7f1444000000 ---p 00000000 00:00 0 
7f1444000000-7f1444021000 rw-p 00000000 00:00 0 
7f1444021000-7f1448000000 ---p 00000000 00:00 0 
7f144815d000-7f144831d000 rw-p 00000000 00:00 0 
7f144831d000-7f144835d000 ---p 00000000 00:00 0 
7f144835d000-7f1448360000 ---p 00000000 00:00 0 
7f1448360000-7f144845e000 rw-p 00000000 00:00 0 
7f144845e000-7f1448517000 r--p 00000000 08:03 1312293                    /usr/share/fonts/truetype/dejavu/DejaVuSans.ttf
7f1448517000-7f144852b000 r--p 00000000 08:03 2493785                    /usr/lib/jvm/java-8-oracle/jre/lib/fonts/LucidaBrightItalic.ttf
7f144852b000-7f1448580000 r--p 00000000 08:03 2493784                    /usr/lib/jvm/java-8-oracle/jre/lib/fonts/LucidaBrightRegular.ttf
7f1448580000-7f144862b000 r--p 00000000 08:03 2493781                    /usr/lib/jvm/java-8-oracle/jre/lib/fonts/LucidaSansRegular.ttf
7f144862b000-7f144863e000 r--p 00000000 08:03 2493789                    /usr/lib/jvm/java-8-oracle/jre/lib/fonts/LucidaBrightDemiItalic.ttf
7f144863e000-7f1448678000 r--p 00000000 08:03 2493783                    /usr/lib/jvm/java-8-oracle/jre/lib/fonts/LucidaTypewriterBold.ttf
7f1448678000-7f144868b000 r--p 00000000 08:03 2493782                    /usr/lib/jvm/java-8-oracle/jre/lib/fonts/LucidaBrightDemiBold.ttf
7f144868b000-7f14486c7000 r--p 00000000 08:03 2493787                    /usr/lib/jvm/java-8-oracle/jre/lib/fonts/LucidaTypewriterRegular.ttf
7f14486c7000-7f1448715000 r--p 00000000 08:03 2493788                    /usr/lib/jvm/java-8-oracle/jre/lib/fonts/LucidaSansDemiBold.ttf
7f1448715000-7f1448719000 r-xp 00000000 08:03 2493730                    /usr/lib/jvm/java-8-oracle/jre/lib/amd64/libjavafx_font_pango.so
7f1448719000-7f1448918000 ---p 00004000 08:03 2493730                    /usr/lib/jvm/java-8-oracle/jre/lib/amd64/libjavafx_font_pango.so
7f1448918000-7f1448919000 rw-p 00003000 08:03 2493730                    /usr/lib/jvm/java-8-oracle/jre/lib/amd64/libjavafx_font_pango.so
7f1448919000-7f144891e000 r--s 00084000 08:03 2493792                    /usr/lib/jvm/java-8-oracle/jre/lib/jfr.jar
7f144891e000-7f1448b1e000 rw-p 00000000 00:00 0 
7f1448b1e000-7f1448b29000 r--s 00000000 08:03 664008                     /var/cache/fontconfig/945677eb7aeaf62f1d50efc3fb3ec7d8-le64.cache-6
7f1448b29000-7f1448b2f000 r--s 00000000 08:03 664037                     /var/cache/fontconfig/2cd17615ca594fa2959ae173292e504c-le64.cache-6
7f1448b2f000-7f1448b30000 r--s 00000000 08:03 664036                     /var/cache/fontconfig/0d8c3b2ac0904cb8a57a757ad11a4a08-le64.cache-6
7f1448b30000-7f1448b45000 r--s 00000000 08:03 664034                     /var/cache/fontconfig/04aabc0a78ac019cf9454389977116d2-le64.cache-6
7f1448b45000-7f1448b46000 r--s 00000000 08:03 664033                     /var/cache/fontconfig/1ac9eb803944fde146138c791f5cc56a-le64.cache-6
7f1448b46000-7f1448b4a000 r--s 00000000 08:03 664032                     /var/cache/fontconfig/385c0604a188198f04d133e54aba7fe7-le64.cache-6
7f1448b4a000-7f1448b4d000 r--s 00000000 08:03 664029                     /var/cache/fontconfig/767a8244fc0220cfb567a839d0392e0b-le64.cache-6
7f1448b4d000-7f1448b52000 r--s 00000000 08:03 664018                     /var/cache/fontconfig/8801497958630a81b71ace7c5f9b32a8-le64.cache-6
7f1448b52000-7f1448b59000 r--s 00000000 08:03 664015                     /var/cache/fontconfig/3047814df9a2f067bd2d96a2b9c36e5a-le64.cache-6
7f1448b59000-7f1448b5f000 r--s 00000000 08:03 664011                     /var/cache/fontconfig/b47c4e1ecd0709278f4910c18777a504-le64.cache-6
7f1448b5f000-7f1448b72000 r--s 00000000 08:03 664009                     /var/cache/fontconfig/d52a8644073d54c13679302ca1180695-le64.cache-6
7f1448b72000-7f1448b84000 r--s 00000000 08:03 663987                     /var/cache/fontconfig/9b89f8e3dae116d678bbf48e5f21f69b-le64.cache-6
7f1448b84000-7f1448b89000 r-xp 00000000 08:03 2493726                    /usr/lib/jvm/java-8-oracle/jre/lib/amd64/libjavafx_font_freetype.so
7f1448b89000-7f1448d88000 ---p 00005000 08:03 2493726                    /usr/lib/jvm/java-8-oracle/jre/lib/amd64/libjavafx_font_freetype.so
7f1448d88000-7f1448d89000 rw-p 00004000 08:03 2493726                    /usr/lib/jvm/java-8-oracle/jre/lib/amd64/libjavafx_font_freetype.so
7f1448d89000-7f1448d8c000 r-xp 00000000 08:03 2493688                    /usr/lib/jvm/java-8-oracle/jre/lib/amd64/libjavafx_font.so
7f1448d8c000-7f1448f8b000 ---p 00003000 08:03 2493688                    /usr/lib/jvm/java-8-oracle/jre/lib/amd64/libjavafx_font.so
7f1448f8b000-7f1448f8c000 rw-p 00002000 08:03 2493688                    /usr/lib/jvm/java-8-oracle/jre/lib/amd64/libjavafx_font.so
7f1448f8c000-7f144918c000 rw-p 00000000 00:00 0 
7f144918c000-7f144918f000 ---p 00000000 00:00 0 
7f144918f000-7f144928d000 rw-p 00000000 00:00 0 
7f144928d000-7f144928e000 ---p 00000000 00:00 0 
7f144928e000-7f1449a8e000 rw-p 00000000 00:00 0 
7f1449a8e000-7f1449a8f000 ---p 00000000 00:00 0 
7f1449a8f000-7f144a28f000 rw-p 00000000 00:00 0 
7f144a28f000-7f144a292000 ---p 00000000 00:00 0 
7f144a292000-7f144a390000 rw-p 00000000 00:00 0 
7f144a390000-7f144a391000 ---p 00000000 00:00 0 
7f144a391000-7f144ab91000 rw-p 00000000 00:00 0 
7f144ab91000-7f144ab9c000 r-xp 00000000 08:03 657319                     /usr/lib/x86_64-linux-gnu/gio/modules/libdconfsettings.so
7f144ab9c000-7f144ad9c000 ---p 0000b000 08:03 657319                     /usr/lib/x86_64-linux-gnu/gio/modules/libdconfsettings.so
7f144ad9c000-7f144ad9d000 r--p 0000b000 08:03 657319                     /usr/lib/x86_64-linux-gnu/gio/modules/libdconfsettings.so
7f144ad9d000-7f144ad9e000 rw-p 0000c000 08:03 657319                     /usr/lib/x86_64-linux-gnu/gio/modules/libdconfsettings.so
7f144ad9e000-7f144ada5000 r-xp 00000000 08:03 403656                     /usr/lib/x86_64-linux-gnu/libogg.so.0.8.2
7f144ada5000-7f144afa5000 ---p 00007000 08:03 403656                     /usr/lib/x86_64-linux-gnu/libogg.so.0.8.2
7f144afa5000-7f144afa6000 r--p 00007000 08:03 403656                     /usr/lib/x86_64-linux-gnu/libogg.so.0.8.2
7f144afa6000-7f144afa7000 rw-p 00008000 08:03 403656                     /usr/lib/x86_64-linux-gnu/libogg.so.0.8.2
7f144afa7000-7f144afd1000 r-xp 00000000 08:03 404005                     /usr/lib/x86_64-linux-gnu/libvorbis.so.0.4.8
7f144afd1000-7f144b1d1000 ---p 0002a000 08:03 404005                     /usr/lib/x86_64-linux-gnu/libvorbis.so.0.4.8
7f144b1d1000-7f144b1d2000 r--p 0002a000 08:03 404005                     /usr/lib/x86_64-linux-gnu/libvorbis.so.0.4.8
7f144b1d2000-7f144b1d3000 rw-p 0002b000 08:03 404005                     /usr/lib/x86_64-linux-gnu/libvorbis.so.0.4.8
7f144b1d3000-7f144b1dc000 r-xp 00000000 08:03 403523                     /usr/lib/x86_64-linux-gnu/libltdl.so.7.3.1
7f144b1dc000-7f144b3db000 ---p 00009000 08:03 403523                     /usr/lib/x86_64-linux-gnu/libltdl.so.7.3.1
7f144b3db000-7f144b3dc000 r--p 00008000 08:03 403523                     /usr/lib/x86_64-linux-gnu/libltdl.so.7.3.1
7f144b3dc000-7f144b3dd000 rw-p 00009000 08:03 403523                     /usr/lib/x86_64-linux-gnu/libltdl.so.7.3.1
7f144b3dd000-7f144b3f1000 r-xp 00000000 08:03 403898                     /usr/lib/x86_64-linux-gnu/libtdb.so.1.3.8
7f144b3f1000-7f144b5f0000 ---p 00014000 08:03 403898                     /usr/lib/x86_64-linux-gnu/libtdb.so.1.3.8
7f144b5f0000-7f144b5f1000 r--p 00013000 08:03 403898                     /usr/lib/x86_64-linux-gnu/libtdb.so.1.3.8
7f144b5f1000-7f144b5f2000 rw-p 00014000 08:03 403898                     /usr/lib/x86_64-linux-gnu/libtdb.so.1.3.8
7f144b5f2000-7f144b5f9000 r-xp 00000000 08:03 404009                     /usr/lib/x86_64-linux-gnu/libvorbisfile.so.3.3.7
7f144b5f9000-7f144b7f9000 ---p 00007000 08:03 404009                     /usr/lib/x86_64-linux-gnu/libvorbisfile.so.3.3.7
7f144b7f9000-7f144b7fa000 r--p 00007000 08:03 404009                     /usr/lib/x86_64-linux-gnu/libvorbisfile.so.3.3.7
7f144b7fa000-7f144b7fb000 rw-p 00008000 08:03 404009                     /usr/lib/x86_64-linux-gnu/libvorbisfile.so.3.3.7
7f144b7fb000-7f144b80b000 r-xp 00000000 08:03 402920                     /usr/lib/x86_64-linux-gnu/libcanberra.so.0.2.5
7f144b80b000-7f144ba0a000 ---p 00010000 08:03 402920                     /usr/lib/x86_64-linux-gnu/libcanberra.so.0.2.5
7f144ba0a000-7f144ba0b000 r--p 0000f000 08:03 402920                     /usr/lib/x86_64-linux-gnu/libcanberra.so.0.2.5
7f144ba0b000-7f144ba0c000 rw-p 00010000 08:03 402920                     /usr/lib/x86_64-linux-gnu/libcanberra.so.0.2.5
7f144ba0c000-7f144ba10000 r-xp 00000000 08:03 402916                     /usr/lib/x86_64-linux-gnu/libcanberra-gtk.so.0.1.9
7f144ba10000-7f144bc0f000 ---p 00004000 08:03 402916                     /usr/lib/x86_64-linux-gnu/libcanberra-gtk.so.0.1.9
7f144bc0f000-7f144bc10000 r--p 00003000 08:03 402916                     /usr/lib/x86_64-linux-gnu/libcanberra-gtk.so.0.1.9
7f144bc10000-7f144bc11000 rw-p 00004000 08:03 402916                     /usr/lib/x86_64-linux-gnu/libcanberra-gtk.so.0.1.9
7f144bc11000-7f144bc16000 r-xp 00000000 08:03 657534                     /usr/lib/x86_64-linux-gnu/gtk-2.0/modules/libcanberra-gtk-module.so
7f144bc16000-7f144be15000 ---p 00005000 08:03 657534                     /usr/lib/x86_64-linux-gnu/gtk-2.0/modules/libcanberra-gtk-module.so
7f144be15000-7f144be16000 r--p 00004000 08:03 657534                     /usr/lib/x86_64-linux-gnu/gtk-2.0/modules/libcanberra-gtk-module.so
7f144be16000-7f144be17000 rw-p 00005000 08:03 657534                     /usr/lib/x86_64-linux-gnu/gtk-2.0/modules/libcanberra-gtk-module.so
7f144be17000-7f144be47000 r-xp 00000000 08:03 657346                     /usr/lib/x86_64-linux-gnu/gtk-2.0/2.10.0/engines/libmurrine.so
7f144be47000-7f144c047000 ---p 00030000 08:03 657346                     /usr/lib/x86_64-linux-gnu/gtk-2.0/2.10.0/engines/libmurrine.so
7f144c047000-7f144c048000 r--p 00030000 08:03 657346                     /usr/lib/x86_64-linux-gnu/gtk-2.0/2.10.0/engines/libmurrine.so
7f144c048000-7f144c049000 rw-p 00031000 08:03 657346                     /usr/lib/x86_64-linux-gnu/gtk-2.0/2.10.0/engines/libmurrine.so
7f144c049000-7f144c059000 r-xp 00000000 08:03 403954                     /usr/lib/x86_64-linux-gnu/libunity-gtk2-parser.so.0.0.0
7f144c059000-7f144c259000 ---p 00010000 08:03 403954                     /usr/lib/x86_64-linux-gnu/libunity-gtk2-parser.so.0.0.0
7f144c259000-7f144c25a000 r--p 00010000 08:03 403954                     /usr/lib/x86_64-linux-gnu/libunity-gtk2-parser.so.0.0.0
7f144c25a000-7f144c25b000 rw-p 00011000 08:03 403954                     /usr/lib/x86_64-linux-gnu/libunity-gtk2-parser.so.0.0.0
7f144c25b000-7f144c260000 r-xp 00000000 08:03 657538                     /usr/lib/x86_64-linux-gnu/gtk-2.0/modules/libunity-gtk-module.so
7f144c260000-7f144c45f000 ---p 00005000 08:03 657538                     /usr/lib/x86_64-linux-gnu/gtk-2.0/modules/libunity-gtk-module.so
7f144c45f000-7f144c460000 r--p 00004000 08:03 657538                     /usr/lib/x86_64-linux-gnu/gtk-2.0/modules/libunity-gtk-module.so
7f144c460000-7f144c461000 rw-p 00005000 08:03 657538                     /usr/lib/x86_64-linux-gnu/gtk-2.0/modules/libunity-gtk-module.so
7f144c461000-7f144c473000 r-xp 00000000 08:03 1840172                    /lib/x86_64-linux-gnu/libgpg-error.so.0.17.0
7f144c473000-7f144c673000 ---p 00012000 08:03 1840172                    /lib/x86_64-linux-gnu/libgpg-error.so.0.17.0
7f144c673000-7f144c674000 r--p 00012000 08:03 1840172                    /lib/x86_64-linux-gnu/libgpg-error.so.0.17.0
7f144c674000-7f144c675000 rw-p 00013000 08:03 1840172                    /lib/x86_64-linux-gnu/libgpg-error.so.0.17.0
7f144c675000-7f144c74d000 r-xp 00000000 08:03 1839881                    /lib/x86_64-linux-gnu/libgcrypt.so.20.0.5
7f144c74d000-7f144c94c000 ---p 000d8000 08:03 1839881                    /lib/x86_64-linux-gnu/libgcrypt.so.20.0.5
7f144c94c000-7f144c94d000 r--p 000d7000 08:03 1839881                    /lib/x86_64-linux-gnu/libgcrypt.so.20.0.5
7f144c94d000-7f144c955000 rw-p 000d8000 08:03 1839881                    /lib/x86_64-linux-gnu/libgcrypt.so.20.0.5
7f144c955000-7f144c956000 rw-p 00000000 00:00 0 
7f144c956000-7f144c977000 r-xp 00000000 08:03 1840195                    /lib/x86_64-linux-gnu/liblzma.so.5.0.0
7f144c977000-7f144cb76000 ---p 00021000 08:03 1840195                    /lib/x86_64-linux-gnu/liblzma.so.5.0.0
7f144cb76000-7f144cb77000 r--p 00020000 08:03 1840195                    /lib/x86_64-linux-gnu/liblzma.so.5.0.0
7f144cb77000-7f144cb78000 rw-p 00021000 08:03 1840195                    /lib/x86_64-linux-gnu/liblzma.so.5.0.0
7f144cb78000-7f144cbf8000 r-xp 00000000 08:03 1836670                    /lib/x86_64-linux-gnu/libsystemd.so.0.14.0
7f144cbf8000-7f144cbfb000 r--p 0007f000 08:03 1836670                    /lib/x86_64-linux-gnu/libsystemd.so.0.14.0
7f144cbfb000-7f144cbfc000 rw-p 00082000 08:03 1836670                    /lib/x86_64-linux-gnu/libsystemd.so.0.14.0
7f144cbfc000-7f144cbfd000 rw-p 00000000 00:00 0 
7f144cbfd000-7f144cc47000 r-xp 00000000 08:03 1839804                    /lib/x86_64-linux-gnu/libdbus-1.so.3.14.6
7f144cc47000-7f144ce47000 ---p 0004a000 08:03 1839804                    /lib/x86_64-linux-gnu/libdbus-1.so.3.14.6
7f144ce47000-7f144ce48000 r--p 0004a000 08:03 1839804                    /lib/x86_64-linux-gnu/libdbus-1.so.3.14.6
7f144ce48000-7f144ce49000 rw-p 0004b000 08:03 1839804                    /lib/x86_64-linux-gnu/libdbus-1.so.3.14.6
7f144ce49000-7f144ce75000 r-xp 00000000 08:03 402862                     /usr/lib/x86_64-linux-gnu/libatspi.so.0.0.1
7f144ce75000-7f144d074000 ---p 0002c000 08:03 402862                     /usr/lib/x86_64-linux-gnu/libatspi.so.0.0.1
7f144d074000-7f144d077000 r--p 0002b000 08:03 402862                     /usr/lib/x86_64-linux-gnu/libatspi.so.0.0.1
7f144d077000-7f144d078000 rw-p 0002e000 08:03 402862                     /usr/lib/x86_64-linux-gnu/libatspi.so.0.0.1
7f144d078000-7f144d0a5000 r-xp 00000000 08:03 402856                     /usr/lib/x86_64-linux-gnu/libatk-bridge-2.0.so.0.0.0
7f144d0a5000-7f144d2a4000 ---p 0002d000 08:03 402856                     /usr/lib/x86_64-linux-gnu/libatk-bridge-2.0.so.0.0.0
7f144d2a4000-7f144d2a5000 r--p 0002c000 08:03 402856                     /usr/lib/x86_64-linux-gnu/libatk-bridge-2.0.so.0.0.0
7f144d2a5000-7f144d2a7000 rw-p 0002d000 08:03 402856                     /usr/lib/x86_64-linux-gnu/libatk-bridge-2.0.so.0.0.0
7f144d2a7000-7f144d2a8000 r-xp 00000000 08:03 657533                     /usr/lib/x86_64-linux-gnu/gtk-2.0/modules/libatk-bridge.so
7f144d2a8000-7f144d4a7000 ---p 00001000 08:03 657533                     /usr/lib/x86_64-linux-gnu/gtk-2.0/modules/libatk-bridge.so
7f144d4a7000-7f144d4a8000 r--p 00000000 08:03 657533                     /usr/lib/x86_64-linux-gnu/gtk-2.0/modules/libatk-bridge.so
7f144d4a8000-7f144d4a9000 rw-p 00001000 08:03 657533                     /usr/lib/x86_64-linux-gnu/gtk-2.0/modules/libatk-bridge.so
7f144d4a9000-7f144d4b0000 r-xp 00000000 08:03 403191                     /usr/lib/x86_64-linux-gnu/libgailutil.so.18.0.1
7f144d4b0000-7f144d6af000 ---p 00007000 08:03 403191                     /usr/lib/x86_64-linux-gnu/libgailutil.so.18.0.1
7f144d6af000-7f144d6b0000 r--p 00006000 08:03 403191                     /usr/lib/x86_64-linux-gnu/libgailutil.so.18.0.1
7f144d6b0000-7f144d6b1000 rw-p 00007000 08:03 403191                     /usr/lib/x86_64-linux-gnu/libgailutil.so.18.0.1
7f144d6b1000-7f144d6ff000 r-xp 00000000 08:03 657536                     /usr/lib/x86_64-linux-gnu/gtk-2.0/modules/libgail.so
7f144d6ff000-7f144d8fe000 ---p 0004e000 08:03 657536                     /usr/lib/x86_64-linux-gnu/gtk-2.0/modules/libgail.so
7f144d8fe000-7f144d8ff000 r--p 0004d000 08:03 657536                     /usr/lib/x86_64-linux-gnu/gtk-2.0/modules/libgail.so
7f144d8ff000-7f144d901000 rw-p 0004e000 08:03 657536                     /usr/lib/x86_64-linux-gnu/gtk-2.0/modules/libgail.so
7f144d901000-7f144d912000 r-xp 00000000 08:03 657537                     /usr/lib/x86_64-linux-gnu/gtk-2.0/modules/liboverlay-scrollbar.so
7f144d912000-7f144db12000 ---p 00011000 08:03 657537                     /usr/lib/x86_64-linux-gnu/gtk-2.0/modules/liboverlay-scrollbar.so
7f144db12000-7f144db13000 r--p 00011000 08:03 657537                     /usr/lib/x86_64-linux-gnu/gtk-2.0/modules/liboverlay-scrollbar.so
7f144db13000-7f144db14000 rw-p 00012000 08:03 657537                     /usr/lib/x86_64-linux-gnu/gtk-2.0/modules/liboverlay-scrollbar.so
7f144db14000-7f144db3d000 r-xp 00000000 08:03 2493738                    /usr/lib/jvm/java-8-oracle/jre/lib/amd64/libglass.so
7f144db3d000-7f144dd3c000 ---p 00029000 08:03 2493738                    /usr/lib/jvm/java-8-oracle/jre/lib/amd64/libglass.so
7f144dd3c000-7f144dd3f000 rw-p 00028000 08:03 2493738                    /usr/lib/jvm/java-8-oracle/jre/lib/amd64/libglass.so
7f144dd3f000-7f144ddbf000 rw-s 41723000 00:06 552                        /dev/nvidiactl
7f144ddbf000-7f144de3f000 rw-s 91f71000 00:06 552                        /dev/nvidiactl
7f144de3f000-7f144debf000 rw-s 8f98a000 00:06 552                        /dev/nvidiactl
7f144debf000-7f144dfbf000 rw-s 908aa000 00:06 552                        /dev/nvidiactl
7f144dfbf000-7f144e0c3000 rw-s 33a60000 00:06 552                        /dev/nvidiactl
7f144e0c3000-7f144f45c000 r-xp 00000000 08:03 397054                     /usr/lib/nvidia-367/libnvidia-glcore.so.367.57
7f144f45c000-7f144f47c000 rwxp 01399000 08:03 397054                     /usr/lib/nvidia-367/libnvidia-glcore.so.367.57
7f144f47c000-7f144f81d000 r-xp 013b9000 08:03 397054                     /usr/lib/nvidia-367/libnvidia-glcore.so.367.57
7f144f81d000-7f144fa1c000 ---p 0175a000 08:03 397054                     /usr/lib/nvidia-367/libnvidia-glcore.so.367.57
7f144fa1c000-7f144fde4000 rw-p 01759000 08:03 397054                     /usr/lib/nvidia-367/libnvidia-glcore.so.367.57
7f144fde4000-7f144fdfc000 rw-p 00000000 00:00 0 
7f144fdfc000-7f144fdff000 r-xp 00000000 08:03 397058                     /usr/lib/nvidia-367/tls/libnvidia-tls.so.367.57
7f144fdff000-7f144ffff000 ---p 00003000 08:03 397058                     /usr/lib/nvidia-367/tls/libnvidia-tls.so.367.57
7f144ffff000-7f1450000000 rw-p 00003000 08:03 397058                     /usr/lib/nvidia-367/tls/libnvidia-tls.so.367.57
7f1450000000-7f14507fc000 rw-p 00000000 00:00 0 
7f14507fc000-7f1454000000 ---p 00000000 00:00 0 
7f1454000000-7f1454001000 r--s 00000000 08:03 664030                     /var/cache/fontconfig/dc05db6664285cc2f12bf69c139ae4c3-le64.cache-6
7f1454001000-7f1454002000 r--s 00000000 08:03 664027                     /var/cache/fontconfig/4794a0821666d79190d59a36cb4f44b5-le64.cache-6
7f1454002000-7f1454003000 r--s 00000000 08:03 664017                     /var/cache/fontconfig/bab58bb527bb656aaa9f116d68a48d89-le64.cache-6
7f1454003000-7f1454004000 r--s 00000000 08:03 664014                     /var/cache/fontconfig/56cf4f4769d0f4abc89a4895d7bd3ae1-le64.cache-6
7f1454004000-7f1454005000 r--s 00000000 08:03 664012                     /var/cache/fontconfig/b9d506c9ac06c20b433354fa67a72993-le64.cache-6
7f1454005000-7f1454010000 r--s 00000000 08:03 663991                     /var/cache/fontconfig/83bf95040141907cd45bb53cf7c1c148-le64.cache-6
7f1454010000-7f145401d000 r--s 00000000 08:03 656609                     /var/cache/fontconfig/e13b20fdb08344e0e664864cc2ede53d-le64.cache-6
7f145401d000-7f1454065000 r--p 00000000 08:03 1312548                    /usr/share/glib-2.0/schemas/gschemas.compiled
7f1454065000-7f1454085000 rw-s a00a0000 00:06 553                        /dev/nvidia0
7f1454085000-7f14540c5000 rw-s 90ca9000 00:06 552                        /dev/nvidiactl
7f14540c5000-7f145418d000 r-xp 00000000 08:03 397034                     /usr/lib/nvidia-367/libGLX_nvidia.so.367.57
7f145418d000-7f14541c1000 rwxp 000c8000 08:03 397034                     /usr/lib/nvidia-367/libGLX_nvidia.so.367.57
7f14541c1000-7f14541d4000 r-xp 000fc000 08:03 397034                     /usr/lib/nvidia-367/libGLX_nvidia.so.367.57
7f14541d4000-7f14543d4000 ---p 0010f000 08:03 397034                     /usr/lib/nvidia-367/libGLX_nvidia.so.367.57
7f14543d4000-7f14543fc000 rw-p 0010f000 08:03 397034                     /usr/lib/nvidia-367/libGLX_nvidia.so.367.57
7f14543fc000-7f1454403000 rw-p 00000000 00:00 0 
7f1454403000-7f1454409000 r-xp 00000000 08:03 403003                     /usr/lib/x86_64-linux-gnu/libdatrie.so.1.3.3
7f1454409000-7f1454609000 ---p 00006000 08:03 403003                     /usr/lib/x86_64-linux-gnu/libdatrie.so.1.3.3
7f1454609000-7f145460a000 r--p 00006000 08:03 403003                     /usr/lib/x86_64-linux-gnu/libdatrie.so.1.3.3
7f145460a000-7f145460b000 rw-p 00007000 08:03 403003                     /usr/lib/x86_64-linux-gnu/libdatrie.so.1.3.3
7f145460b000-7f1454610000 r-xp 00000000 08:03 402761                     /usr/lib/x86_64-linux-gnu/libXdmcp.so.6.0.0
7f1454610000-7f145480f000 ---p 00005000 08:03 402761                     /usr/lib/x86_64-linux-gnu/libXdmcp.so.6.0.0
7f145480f000-7f1454810000 r--p 00004000 08:03 402761                     /usr/lib/x86_64-linux-gnu/libXdmcp.so.6.0.0
7f1454810000-7f1454811000 rw-p 00005000 08:03 402761                     /usr/lib/x86_64-linux-gnu/libXdmcp.so.6.0.0
7f1454811000-7f1454813000 r-xp 00000000 08:03 402750                     /usr/lib/x86_64-linux-gnu/libXau.so.6.0.0
7f1454813000-7f1454a13000 ---p 00002000 08:03 402750                     /usr/lib/x86_64-linux-gnu/libXau.so.6.0.0
7f1454a13000-7f1454a14000 r--p 00002000 08:03 402750                     /usr/lib/x86_64-linux-gnu/libXau.so.6.0.0
7f1454a14000-7f1454a15000 rw-p 00003000 08:03 402750                     /usr/lib/x86_64-linux-gnu/libXau.so.6.0.0
7f1454a15000-7f1454a38000 r-xp 00000000 08:03 403307                     /usr/lib/x86_64-linux-gnu/libgraphite2.so.3.0.1
7f1454a38000-7f1454c37000 ---p 00023000 08:03 403307                     /usr/lib/x86_64-linux-gnu/libgraphite2.so.3.0.1
7f1454c37000-7f1454c39000 r--p 00022000 08:03 403307                     /usr/lib/x86_64-linux-gnu/libgraphite2.so.3.0.1
7f1454c39000-7f1454c3a000 rw-p 00024000 08:03 403307                     /usr/lib/x86_64-linux-gnu/libgraphite2.so.3.0.1
7f1454c3a000-7f1454c88000 r-xp 00000000 08:03 397050                     /usr/lib/nvidia-367/libGLdispatch.so.0
7f1454c88000-7f1454cba000 r-xp 0004e000 08:03 397050                     /usr/lib/nvidia-367/libGLdispatch.so.0
7f1454cba000-7f1454cf4000 r-xp 00080000 08:03 397050                     /usr/lib/nvidia-367/libGLdispatch.so.0
7f1454cf4000-7f1454ef4000 ---p 000ba000 08:03 397050                     /usr/lib/nvidia-367/libGLdispatch.so.0
7f1454ef4000-7f1454f03000 rw-p 000ba000 08:03 397050                     /usr/lib/nvidia-367/libGLdispatch.so.0
7f1454f03000-7f1454f23000 rw-p 00000000 00:00 0 
7f1454f23000-7f1454f33000 r-xp 00000000 08:03 397067                     /usr/lib/nvidia-367/libGLX.so.0
7f1454f33000-7f1455133000 ---p 00010000 08:03 397067                     /usr/lib/nvidia-367/libGLX.so.0
7f1455133000-7f1455134000 rw-p 00010000 08:03 397067                     /usr/lib/nvidia-367/libGLX.so.0
7f1455134000-7f1455154000 rw-p 00000000 00:00 0 
7f1455154000-7f14551c2000 r-xp 00000000 08:03 1840257                    /lib/x86_64-linux-gnu/libpcre.so.3.13.2
7f14551c2000-7f14553c2000 ---p 0006e000 08:03 1840257                    /lib/x86_64-linux-gnu/libpcre.so.3.13.2
7f14553c2000-7f14553c3000 r--p 0006e000 08:03 1840257                    /lib/x86_64-linux-gnu/libpcre.so.3.13.2
7f14553c3000-7f14553c4000 rw-p 0006f000 08:03 1840257                    /lib/x86_64-linux-gnu/libpcre.so.3.13.2
7f14553c4000-7f14553cb000 r-xp 00000000 08:03 403132                     /usr/lib/x86_64-linux-gnu/libffi.so.6.0.4
7f14553cb000-7f14555ca000 ---p 00007000 08:03 403132                     /usr/lib/x86_64-linux-gnu/libffi.so.6.0.4
7f14555ca000-7f14555cb000 r--p 00006000 08:03 403132                     /usr/lib/x86_64-linux-gnu/libffi.so.6.0.4
7f14555cb000-7f14555cc000 rw-p 00007000 08:03 403132                     /usr/lib/x86_64-linux-gnu/libffi.so.6.0.4
7f14555cc000-7f14555f2000 r-xp 00000000 08:03 1835072                    /lib/x86_64-linux-gnu/libexpat.so.1.6.0
7f14555f2000-7f14557f2000 ---p 00026000 08:03 1835072                    /lib/x86_64-linux-gnu/libexpat.so.1.6.0
7f14557f2000-7f14557f4000 r--p 00026000 08:03 1835072                    /lib/x86_64-linux-gnu/libexpat.so.1.6.0
7f14557f4000-7f14557f5000 rw-p 00028000 08:03 1835072                    /lib/x86_64-linux-gnu/libexpat.so.1.6.0
7f14557f5000-7f14557fd000 r-xp 00000000 08:03 403906                     /usr/lib/x86_64-linux-gnu/libthai.so.0.2.4
7f14557fd000-7f14559fc000 ---p 00008000 08:03 403906                     /usr/lib/x86_64-linux-gnu/libthai.so.0.2.4
7f14559fc000-7f14559fd000 r--p 00007000 08:03 403906                     /usr/lib/x86_64-linux-gnu/libthai.so.0.2.4
7f14559fd000-7f14559fe000 rw-p 00008000 08:03 403906                     /usr/lib/x86_64-linux-gnu/libthai.so.0.2.4
7f14559fe000-7f1455a1f000 r-xp 00000000 08:03 404128                     /usr/lib/x86_64-linux-gnu/libxcb.so.1.1.0
7f1455a1f000-7f1455c1e000 ---p 00021000 08:03 404128                     /usr/lib/x86_64-linux-gnu/libxcb.so.1.1.0
7f1455c1e000-7f1455c1f000 r--p 00020000 08:03 404128                     /usr/lib/x86_64-linux-gnu/libxcb.so.1.1.0
7f1455c1f000-7f1455c20000 rw-p 00021000 08:03 404128                     /usr/lib/x86_64-linux-gnu/libxcb.so.1.1.0
7f1455c20000-7f1455c28000 r-xp 00000000 08:03 404114                     /usr/lib/x86_64-linux-gnu/libxcb-render.so.0.0.0
7f1455c28000-7f1455e28000 ---p 00008000 08:03 404114                     /usr/lib/x86_64-linux-gnu/libxcb-render.so.0.0.0
7f1455e28000-7f1455e29000 r--p 00008000 08:03 404114                     /usr/lib/x86_64-linux-gnu/libxcb-render.so.0.0.0
7f1455e29000-7f1455e2a000 rw-p 00009000 08:03 404114                     /usr/lib/x86_64-linux-gnu/libxcb-render.so.0.0.0
7f1455e2a000-7f1455e2c000 r-xp 00000000 08:03 404118                     /usr/lib/x86_64-linux-gnu/libxcb-shm.so.0.0.0
7f1455e2c000-7f145602c000 ---p 00002000 08:03 404118                     /usr/lib/x86_64-linux-gnu/libxcb-shm.so.0.0.0
7f145602c000-7f145602d000 r--p 00002000 08:03 404118                     /usr/lib/x86_64-linux-gnu/libxcb-shm.so.0.0.0
7f145602d000-7f145602e000 rw-p 00003000 08:03 404118                     /usr/lib/x86_64-linux-gnu/libxcb-shm.so.0.0.0
7f145602e000-7f1456052000 r-xp 00000000 08:03 1840269                    /lib/x86_64-linux-gnu/libpng12.so.0.54.0
7f1456052000-7f1456251000 ---p 00024000 08:03 1840269                    /lib/x86_64-linux-gnu/libpng12.so.0.54.0
7f1456251000-7f1456252000 r--p 00023000 08:03 1840269                    /lib/x86_64-linux-gnu/libpng12.so.0.54.0
7f1456252000-7f1456253000 rw-p 00024000 08:03 1840269                    /lib/x86_64-linux-gnu/libpng12.so.0.54.0
7f1456253000-7f14562f2000 r-xp 00000000 08:03 403711                     /usr/lib/x86_64-linux-gnu/libpixman-1.so.0.33.6
7f14562f2000-7f14564f2000 ---p 0009f000 08:03 403711                     /usr/lib/x86_64-linux-gnu/libpixman-1.so.0.33.6
7f14564f2000-7f14564fa000 r--p 0009f000 08:03 403711                     /usr/lib/x86_64-linux-gnu/libpixman-1.so.0.33.6
7f14564fa000-7f14564fb000 rw-p 000a7000 08:03 403711                     /usr/lib/x86_64-linux-gnu/libpixman-1.so.0.33.6
7f14564fb000-7f1456557000 r-xp 00000000 08:03 395340                     /usr/lib/x86_64-linux-gnu/libharfbuzz.so.0.10000.1
7f1456557000-7f1456757000 ---p 0005c000 08:03 395340                     /usr/lib/x86_64-linux-gnu/libharfbuzz.so.0.10000.1
7f1456757000-7f1456758000 r--p 0005c000 08:03 395340                     /usr/lib/x86_64-linux-gnu/libharfbuzz.so.0.10000.1
7f1456758000-7f1456759000 rw-p 0005d000 08:03 395340                     /usr/lib/x86_64-linux-gnu/libharfbuzz.so.0.10000.1
7f1456759000-7f1456770000 r-xp 00000000 08:03 1848112                    /lib/x86_64-linux-gnu/libresolv-2.23.so
7f1456770000-7f1456970000 ---p 00017000 08:03 1848112                    /lib/x86_64-linux-gnu/libresolv-2.23.so
7f1456970000-7f1456971000 r--p 00017000 08:03 1848112                    /lib/x86_64-linux-gnu/libresolv-2.23.so
7f1456971000-7f1456972000 rw-p 00018000 08:03 1848112                    /lib/x86_64-linux-gnu/libresolv-2.23.so
7f1456972000-7f1456974000 rw-p 00000000 00:00 0 
7f1456974000-7f1456993000 r-xp 00000000 08:03 1840286                    /lib/x86_64-linux-gnu/libselinux.so.1
7f1456993000-7f1456b92000 ---p 0001f000 08:03 1840286                    /lib/x86_64-linux-gnu/libselinux.so.1
7f1456b92000-7f1456b93000 r--p 0001e000 08:03 1840286                    /lib/x86_64-linux-gnu/libselinux.so.1
7f1456b93000-7f1456b94000 rw-p 0001f000 08:03 1840286                    /lib/x86_64-linux-gnu/libselinux.so.1
7f1456b94000-7f1456b96000 rw-p 00000000 00:00 0 
7f1456b96000-7f1456baf000 r-xp 00000000 08:03 1840319                    /lib/x86_64-linux-gnu/libz.so.1.2.8
7f1456baf000-7f1456dae000 ---p 00019000 08:03 1840319                    /lib/x86_64-linux-gnu/libz.so.1.2.8
7f1456dae000-7f1456daf000 r--p 00018000 08:03 1840319                    /lib/x86_64-linux-gnu/libz.so.1.2.8
7f1456daf000-7f1456db0000 rw-p 00019000 08:03 1840319                    /lib/x86_64-linux-gnu/libz.so.1.2.8
7f1456db0000-7f1456dc1000 r-xp 00000000 08:03 402763                     /usr/lib/x86_64-linux-gnu/libXext.so.6.4.0
7f1456dc1000-7f1456fc0000 ---p 00011000 08:03 402763                     /usr/lib/x86_64-linux-gnu/libXext.so.6.4.0
7f1456fc0000-7f1456fc1000 r--p 00010000 08:03 402763                     /usr/lib/x86_64-linux-gnu/libXext.so.6.4.0
7f1456fc1000-7f1456fc2000 rw-p 00011000 08:03 402763                     /usr/lib/x86_64-linux-gnu/libXext.so.6.4.0
7f1456fc2000-7f1456fc4000 r-xp 00000000 08:03 402759                     /usr/lib/x86_64-linux-gnu/libXdamage.so.1.1.0
7f1456fc4000-7f14571c3000 ---p 00002000 08:03 402759                     /usr/lib/x86_64-linux-gnu/libXdamage.so.1.1.0
7f14571c3000-7f14571c4000 r--p 00001000 08:03 402759                     /usr/lib/x86_64-linux-gnu/libXdamage.so.1.1.0
7f14571c4000-7f14571c5000 rw-p 00002000 08:03 402759                     /usr/lib/x86_64-linux-gnu/libXdamage.so.1.1.0
7f14571c5000-7f14571c7000 r-xp 00000000 08:03 402755                     /usr/lib/x86_64-linux-gnu/libXcomposite.so.1.0.0
7f14571c7000-7f14573c6000 ---p 00002000 08:03 402755                     /usr/lib/x86_64-linux-gnu/libXcomposite.so.1.0.0
7f14573c6000-7f14573c7000 r--p 00001000 08:03 402755                     /usr/lib/x86_64-linux-gnu/libXcomposite.so.1.0.0
7f14573c7000-7f14573c8000 rw-p 00002000 08:03 402755                     /usr/lib/x86_64-linux-gnu/libXcomposite.so.1.0.0
7f14573c8000-7f14573d1000 r-xp 00000000 08:03 402757                     /usr/lib/x86_64-linux-gnu/libXcursor.so.1.0.2
7f14573d1000-7f14575d0000 ---p 00009000 08:03 402757                     /usr/lib/x86_64-linux-gnu/libXcursor.so.1.0.2
7f14575d0000-7f14575d1000 r--p 00008000 08:03 402757                     /usr/lib/x86_64-linux-gnu/libXcursor.so.1.0.2
7f14575d1000-7f14575d2000 rw-p 00009000 08:03 402757                     /usr/lib/x86_64-linux-gnu/libXcursor.so.1.0.2
7f14575d2000-7f14575dc000 r-xp 00000000 08:03 402781                     /usr/lib/x86_64-linux-gnu/libXrandr.so.2.2.0
7f14575dc000-7f14577db000 ---p 0000a000 08:03 402781                     /usr/lib/x86_64-linux-gnu/libXrandr.so.2.2.0
7f14577db000-7f14577dc000 r--p 00009000 08:03 402781                     /usr/lib/x86_64-linux-gnu/libXrandr.so.2.2.0
7f14577dc000-7f14577dd000 rw-p 0000a000 08:03 402781                     /usr/lib/x86_64-linux-gnu/libXrandr.so.2.2.0
7f14577dd000-7f14577ec000 r-xp 00000000 08:03 402771                     /usr/lib/x86_64-linux-gnu/libXi.so.6.1.0
7f14577ec000-7f14579eb000 ---p 0000f000 08:03 402771                     /usr/lib/x86_64-linux-gnu/libXi.so.6.1.0
7f14579eb000-7f14579ec000 r--p 0000e000 08:03 402771                     /usr/lib/x86_64-linux-gnu/libXi.so.6.1.0
7f14579ec000-7f14579ed000 rw-p 0000f000 08:03 402771                     /usr/lib/x86_64-linux-gnu/libXi.so.6.1.0
7f14579ed000-7f14579ef000 r-xp 00000000 08:03 402773                     /usr/lib/x86_64-linux-gnu/libXinerama.so.1.0.0
7f14579ef000-7f1457bee000 ---p 00002000 08:03 402773                     /usr/lib/x86_64-linux-gnu/libXinerama.so.1.0.0
7f1457bee000-7f1457bef000 r--p 00001000 08:03 402773                     /usr/lib/x86_64-linux-gnu/libXinerama.so.1.0.0
7f1457bef000-7f1457bf0000 rw-p 00002000 08:03 402773                     /usr/lib/x86_64-linux-gnu/libXinerama.so.1.0.0
7f1457bf0000-7f1457bf9000 r-xp 00000000 08:03 402783                     /usr/lib/x86_64-linux-gnu/libXrender.so.1.3.0
7f1457bf9000-7f1457df8000 ---p 00009000 08:03 402783                     /usr/lib/x86_64-linux-gnu/libXrender.so.1.3.0
7f1457df8000-7f1457df9000 r--p 00008000 08:03 402783                     /usr/lib/x86_64-linux-gnu/libXrender.so.1.3.0
7f1457df9000-7f1457dfa000 rw-p 00009000 08:03 402783                     /usr/lib/x86_64-linux-gnu/libXrender.so.1.3.0
7f1457dfa000-7f1457dff000 r-xp 00000000 08:03 402765                     /usr/lib/x86_64-linux-gnu/libXfixes.so.3.1.0
7f1457dff000-7f1457ffe000 ---p 00005000 08:03 402765                     /usr/lib/x86_64-linux-gnu/libXfixes.so.3.1.0
7f1457ffe000-7f1457fff000 r--p 00004000 08:03 402765                     /usr/lib/x86_64-linux-gnu/libXfixes.so.3.1.0
7f1457fff000-7f1458000000 rw-p 00005000 08:03 402765                     /usr/lib/x86_64-linux-gnu/libXfixes.so.3.1.0
7f1458000000-7f1458298000 rw-p 00000000 00:00 0 
7f1458298000-7f145c000000 ---p 00000000 00:00 0 
7f145c000000-7f145c021000 rw-p 00000000 00:00 0 
7f145c021000-7f1460000000 ---p 00000000 00:00 0 
7f1460000000-7f1460001000 r--s 00000000 08:03 664007                     /var/cache/fontconfig/551ecf3b0e8b0bca0f25c0944f561853-le64.cache-6
7f1460001000-7f1460005000 r--s 00000000 08:03 664006                     /var/cache/fontconfig/d589a48862398ed80a3d6066f4f56f4c-le64.cache-6
7f1460005000-7f1460008000 r--s 00000000 08:03 663998                     /var/cache/fontconfig/75114ca45c98e8a441da0ff356701271-le64.cache-6
7f1460008000-7f146001b000 rw-s 2d09b000 00:06 552                        /dev/nvidiactl
7f146001b000-7f146003b000 rw-s 33f99000 00:06 552                        /dev/nvidiactl
7f146003b000-7f146007b000 rw-s 8f1f1000 00:06 552                        /dev/nvidiactl
7f146007b000-7f146009b000 rw-s 5d27c000 00:06 552                        /dev/nvidiactl
7f146009b000-7f14600db000 rw-s 90e0d000 00:06 552                        /dev/nvidiactl
7f14600db000-7f14600f1000 r-xp 00000000 08:03 1840166                    /lib/x86_64-linux-gnu/libgcc_s.so.1
7f14600f1000-7f14602f0000 ---p 00016000 08:03 1840166                    /lib/x86_64-linux-gnu/libgcc_s.so.1
7f14602f0000-7f14602f1000 rw-p 00015000 08:03 1840166                    /lib/x86_64-linux-gnu/libgcc_s.so.1
7f14602f1000-7f1460463000 r-xp 00000000 08:03 393289                     /usr/lib/x86_64-linux-gnu/libstdc++.so.6.0.21
7f1460463000-7f1460663000 ---p 00172000 08:03 393289                     /usr/lib/x86_64-linux-gnu/libstdc++.so.6.0.21
7f1460663000-7f146066d000 r--p 00172000 08:03 393289                     /usr/lib/x86_64-linux-gnu/libstdc++.so.6.0.21
7f146066d000-7f146066f000 rw-p 0017c000 08:03 393289                     /usr/lib/x86_64-linux-gnu/libstdc++.so.6.0.21
7f146066f000-7f1460673000 rw-p 00000000 00:00 0 
7f1460673000-7f14606a4000 r-xp 00000000 08:03 397049                     /usr/lib/nvidia-367/libGL.so.1.0.0
7f14606a4000-7f14606d6000 r-xp 00031000 08:03 397049                     /usr/lib/nvidia-367/libGL.so.1.0.0
7f14606d6000-7f1460700000 r-xp 00063000 08:03 397049                     /usr/lib/nvidia-367/libGL.so.1.0.0
7f1460700000-7f1460900000 ---p 0008d000 08:03 397049                     /usr/lib/nvidia-367/libGL.so.1.0.0
7f1460900000-7f1460901000 rw-p 0008d000 08:03 397049                     /usr/lib/nvidia-367/libGL.so.1.0.0
7f1460901000-7f1460902000 rw-p 00000000 00:00 0 
7f1460902000-7f1460907000 r-xp 00000000 08:03 402799                     /usr/lib/x86_64-linux-gnu/libXxf86vm.so.1.0.0
7f1460907000-7f1460b06000 ---p 00005000 08:03 402799                     /usr/lib/x86_64-linux-gnu/libXxf86vm.so.1.0.0
7f1460b06000-7f1460b07000 r--p 00004000 08:03 402799                     /usr/lib/x86_64-linux-gnu/libXxf86vm.so.1.0.0
7f1460b07000-7f1460b08000 rw-p 00005000 08:03 402799                     /usr/lib/x86_64-linux-gnu/libXxf86vm.so.1.0.0
7f1460b08000-7f1460c3d000 r-xp 00000000 08:03 402746                     /usr/lib/x86_64-linux-gnu/libX11.so.6.3.0
7f1460c3d000-7f1460e3d000 ---p 00135000 08:03 402746                     /usr/lib/x86_64-linux-gnu/libX11.so.6.3.0
7f1460e3d000-7f1460e3e000 r--p 00135000 08:03 402746                     /usr/lib/x86_64-linux-gnu/libX11.so.6.3.0
7f1460e3e000-7f1460e42000 rw-p 00136000 08:03 402746                     /usr/lib/x86_64-linux-gnu/libX11.so.6.3.0
7f1460e42000-7f1460e47000 r-xp 00000000 08:03 402789                     /usr/lib/x86_64-linux-gnu/libXtst.so.6.1.0
7f1460e47000-7f1461046000 ---p 00005000 08:03 402789                     /usr/lib/x86_64-linux-gnu/libXtst.so.6.1.0
7f1461046000-7f1461047000 r--p 00004000 08:03 402789                     /usr/lib/x86_64-linux-gnu/libXtst.so.6.1.0
7f1461047000-7f1461048000 rw-p 00005000 08:03 402789                     /usr/lib/x86_64-linux-gnu/libXtst.so.6.1.0
7f1461048000-7f1461157000 r-xp 00000000 08:03 1835067                    /lib/x86_64-linux-gnu/libglib-2.0.so.0.4800.1
7f1461157000-7f1461356000 ---p 0010f000 08:03 1835067                    /lib/x86_64-linux-gnu/libglib-2.0.so.0.4800.1
7f1461356000-7f1461357000 r--p 0010e000 08:03 1835067                    /lib/x86_64-linux-gnu/libglib-2.0.so.0.4800.1
7f1461357000-7f1461358000 rw-p 0010f000 08:03 1835067                    /lib/x86_64-linux-gnu/libglib-2.0.so.0.4800.1
7f1461358000-7f1461359000 rw-p 00000000 00:00 0 
7f1461359000-7f146135a000 r-xp 00000000 08:03 393610                     /usr/lib/x86_64-linux-gnu/libgthread-2.0.so.0.4800.1
7f146135a000-7f1461559000 ---p 00001000 08:03 393610                     /usr/lib/x86_64-linux-gnu/libgthread-2.0.so.0.4800.1
7f1461559000-7f146155a000 r--p 00000000 08:03 393610                     /usr/lib/x86_64-linux-gnu/libgthread-2.0.so.0.4800.1
7f146155a000-7f146155b000 rw-p 00001000 08:03 393610                     /usr/lib/x86_64-linux-gnu/libgthread-2.0.so.0.4800.1
7f146155b000-7f146155e000 r-xp 00000000 08:03 393634                     /usr/lib/x86_64-linux-gnu/libgmodule-2.0.so.0.4800.1
7f146155e000-7f146175d000 ---p 00003000 08:03 393634                     /usr/lib/x86_64-linux-gnu/libgmodule-2.0.so.0.4800.1
7f146175d000-7f146175e000 r--p 00002000 08:03 393634                     /usr/lib/x86_64-linux-gnu/libgmodule-2.0.so.0.4800.1
7f146175e000-7f146175f000 rw-p 00003000 08:03 393634                     /usr/lib/x86_64-linux-gnu/libgmodule-2.0.so.0.4800.1
7f146175f000-7f14617b1000 r-xp 00000000 08:03 393658                     /usr/lib/x86_64-linux-gnu/libgobject-2.0.so.0.4800.1
7f14617b1000-7f14619b0000 ---p 00052000 08:03 393658                     /usr/lib/x86_64-linux-gnu/libgobject-2.0.so.0.4800.1
7f14619b0000-7f14619b1000 r--p 00051000 08:03 393658                     /usr/lib/x86_64-linux-gnu/libgobject-2.0.so.0.4800.1
7f14619b1000-7f14619b2000 rw-p 00052000 08:03 393658                     /usr/lib/x86_64-linux-gnu/libgobject-2.0.so.0.4800.1
7f14619b2000-7f14619ef000 r-xp 00000000 08:03 399237                     /usr/lib/x86_64-linux-gnu/libfontconfig.so.1.9.0
7f14619ef000-7f1461bee000 ---p 0003d000 08:03 399237                     /usr/lib/x86_64-linux-gnu/libfontconfig.so.1.9.0
7f1461bee000-7f1461bf0000 r--p 0003c000 08:03 399237                     /usr/lib/x86_64-linux-gnu/libfontconfig.so.1.9.0
7f1461bf0000-7f1461bf5000 rw-p 0003e000 08:03 399237                     /usr/lib/x86_64-linux-gnu/libfontconfig.so.1.9.0
7f1461bf5000-7f1461c99000 r-xp 00000000 08:03 403180                     /usr/lib/x86_64-linux-gnu/libfreetype.so.6.12.1
7f1461c99000-7f1461e98000 ---p 000a4000 08:03 403180                     /usr/lib/x86_64-linux-gnu/libfreetype.so.6.12.1
7f1461e98000-7f1461e9e000 r--p 000a3000 08:03 403180                     /usr/lib/x86_64-linux-gnu/libfreetype.so.6.12.1
7f1461e9e000-7f1461e9f000 rw-p 000a9000 08:03 403180                     /usr/lib/x86_64-linux-gnu/libfreetype.so.6.12.1
7f1461e9f000-7f1461ee8000 r-xp 00000000 08:03 403681                     /usr/lib/x86_64-linux-gnu/libpango-1.0.so.0.3800.1
7f1461ee8000-7f14620e8000 ---p 00049000 08:03 403681                     /usr/lib/x86_64-linux-gnu/libpango-1.0.so.0.3800.1
7f14620e8000-7f14620ea000 r--p 00049000 08:03 403681                     /usr/lib/x86_64-linux-gnu/libpango-1.0.so.0.3800.1
7f14620ea000-7f14620eb000 rw-p 0004b000 08:03 403681                     /usr/lib/x86_64-linux-gnu/libpango-1.0.so.0.3800.1
7f14620eb000-7f14621f9000 r-xp 00000000 08:03 402910                     /usr/lib/x86_64-linux-gnu/libcairo.so.2.11400.6
7f14621f9000-7f14623f9000 ---p 0010e000 08:03 402910                     /usr/lib/x86_64-linux-gnu/libcairo.so.2.11400.6
7f14623f9000-7f14623fc000 r--p 0010e000 08:03 402910                     /usr/lib/x86_64-linux-gnu/libcairo.so.2.11400.6
7f14623fc000-7f14623fd000 rw-p 00111000 08:03 402910                     /usr/lib/x86_64-linux-gnu/libcairo.so.2.11400.6
7f14623fd000-7f14623ff000 rw-p 00000000 00:00 0 
7f14623ff000-7f146240b000 r-xp 00000000 08:03 403683                     /usr/lib/x86_64-linux-gnu/libpangocairo-1.0.so.0.3800.1
7f146240b000-7f146260a000 ---p 0000c000 08:03 403683                     /usr/lib/x86_64-linux-gnu/libpangocairo-1.0.so.0.3800.1
7f146260a000-7f146260b000 r--p 0000b000 08:03 403683                     /usr/lib/x86_64-linux-gnu/libpangocairo-1.0.so.0.3800.1
7f146260b000-7f146260c000 rw-p 0000c000 08:03 403683                     /usr/lib/x86_64-linux-gnu/libpangocairo-1.0.so.0.3800.1
7f146260c000-7f146262d000 r-xp 00000000 08:03 393495                     /usr/lib/x86_64-linux-gnu/libgdk_pixbuf-2.0.so.0.3200.2
7f146262d000-7f146282c000 ---p 00021000 08:03 393495                     /usr/lib/x86_64-linux-gnu/libgdk_pixbuf-2.0.so.0.3200.2
7f146282c000-7f146282d000 r--p 00020000 08:03 393495                     /usr/lib/x86_64-linux-gnu/libgdk_pixbuf-2.0.so.0.3200.2
7f146282d000-7f146282e000 rw-p 00021000 08:03 393495                     /usr/lib/x86_64-linux-gnu/libgdk_pixbuf-2.0.so.0.3200.2
7f146282e000-7f1462842000 r-xp 00000000 08:03 403685                     /usr/lib/x86_64-linux-gnu/libpangoft2-1.0.so.0.3800.1
7f1462842000-7f1462a42000 ---p 00014000 08:03 403685                     /usr/lib/x86_64-linux-gnu/libpangoft2-1.0.so.0.3800.1
7f1462a42000-7f1462a43000 r--p 00014000 08:03 403685                     /usr/lib/x86_64-linux-gnu/libpangoft2-1.0.so.0.3800.1
7f1462a43000-7f1462a44000 rw-p 00015000 08:03 403685                     /usr/lib/x86_64-linux-gnu/libpangoft2-1.0.so.0.3800.1
7f1462a44000-7f1462bc4000 r-xp 00000000 08:03 393655                     /usr/lib/x86_64-linux-gnu/libgio-2.0.so.0.4800.1
7f1462bc4000-7f1462dc4000 ---p 00180000 08:03 393655                     /usr/lib/x86_64-linux-gnu/libgio-2.0.so.0.4800.1
7f1462dc4000-7f1462dc8000 r--p 00180000 08:03 393655                     /usr/lib/x86_64-linux-gnu/libgio-2.0.so.0.4800.1
7f1462dc8000-7f1462dca000 rw-p 00184000 08:03 393655                     /usr/lib/x86_64-linux-gnu/libgio-2.0.so.0.4800.1
7f1462dca000-7f1462dcc000 rw-p 00000000 00:00 0 
7f1462dcc000-7f1462dee000 r-xp 00000000 08:03 402854                     /usr/lib/x86_64-linux-gnu/libatk-1.0.so.0.21809.1
7f1462dee000-7f1462fed000 ---p 00022000 08:03 402854                     /usr/lib/x86_64-linux-gnu/libatk-1.0.so.0.21809.1
7f1462fed000-7f1462ff0000 r--p 00021000 08:03 402854                     /usr/lib/x86_64-linux-gnu/libatk-1.0.so.0.21809.1
7f1462ff0000-7f1462ff1000 rw-p 00024000 08:03 402854                     /usr/lib/x86_64-linux-gnu/libatk-1.0.so.0.21809.1
7f1462ff1000-7f14630a1000 r-xp 00000000 08:03 403219                     /usr/lib/x86_64-linux-gnu/libgdk-x11-2.0.so.0.2400.30
7f14630a1000-7f14632a0000 ---p 000b0000 08:03 403219                     /usr/lib/x86_64-linux-gnu/libgdk-x11-2.0.so.0.2400.30
7f14632a0000-7f14632a4000 r--p 000af000 08:03 403219                     /usr/lib/x86_64-linux-gnu/libgdk-x11-2.0.so.0.2400.30
7f14632a4000-7f14632a6000 rw-p 000b3000 08:03 403219                     /usr/lib/x86_64-linux-gnu/libgdk-x11-2.0.so.0.2400.30
7f14632a6000-7f14636e4000 r-xp 00000000 08:03 403364                     /usr/lib/x86_64-linux-gnu/libgtk-x11-2.0.so.0.2400.30
7f14636e4000-7f14638e3000 ---p 0043e000 08:03 403364                     /usr/lib/x86_64-linux-gnu/libgtk-x11-2.0.so.0.2400.30
7f14638e3000-7f14638ea000 r--p 0043d000 08:03 403364                     /usr/lib/x86_64-linux-gnu/libgtk-x11-2.0.so.0.2400.30
7f14638ea000-7f14638ee000 rw-p 00444000 08:03 403364                     /usr/lib/x86_64-linux-gnu/libgtk-x11-2.0.so.0.2400.30
7f14638ee000-7f14638f1000 rw-p 00000000 00:00 0 
7f14638f1000-7f14638fd000 r-xp 00000000 08:03 2493705                    /usr/lib/jvm/java-8-oracle/jre/lib/amd64/libprism_es2.so
7f14638fd000-7f1463afc000 ---p 0000c000 08:03 2493705                    /usr/lib/jvm/java-8-oracle/jre/lib/amd64/libprism_es2.so
7f1463afc000-7f1463afd000 rw-p 0000b000 08:03 2493705                    /usr/lib/jvm/java-8-oracle/jre/lib/amd64/libprism_es2.so
7f1463afd000-7f1463b00000 ---p 00000000 00:00 0 
7f1463b00000-7f1463bfe000 rw-p 00000000 00:00 0 
7f1463bfe000-7f1463c01000 ---p 00000000 00:00 0 
7f1463c01000-7f1464000000 rw-p 00000000 00:00 0 
7f1464000000-7f1464021000 rw-p 00000000 00:00 0 
7f1464021000-7f1468000000 ---p 00000000 00:00 0 
7f1468000000-7f1468021000 rw-p 00000000 00:00 0 
7f1468021000-7f146c000000 ---p 00000000 00:00 0 
7f146c000000-7f146c1ea000 rw-p 00000000 00:00 0 
7f146c1ea000-7f1470000000 ---p 00000000 00:00 0 
7f1470000000-7f14702f4000 rw-p 00000000 00:00 0 
7f14702f4000-7f1474000000 ---p 00000000 00:00 0 
7f1474000000-7f1474021000 rw-p 00000000 00:00 0 
7f1474021000-7f1478000000 ---p 00000000 00:00 0 
7f1478000000-7f147824b000 rw-p 00000000 00:00 0 
7f147824b000-7f147c000000 ---p 00000000 00:00 0 
7f147c000000-7f147c021000 rw-p 00000000 00:00 0 
7f147c021000-7f1480000000 ---p 00000000 00:00 0 
7f1480000000-7f1480021000 rw-p 00000000 00:00 0 
7f1480021000-7f1484000000 ---p 00000000 00:00 0 
7f1484000000-7f1484021000 rw-p 00000000 00:00 0 
7f1484021000-7f1488000000 ---p 00000000 00:00 0 
7f1488000000-7f1488021000 rw-p 00000000 00:00 0 
7f1488021000-7f148c000000 ---p 00000000 00:00 0 
7f148c000000-7f148c021000 rw-p 00000000 00:00 0 
7f148c021000-7f1490000000 ---p 00000000 00:00 0 
7f1490000000-7f1490021000 rw-p 00000000 00:00 0 
7f1490021000-7f1494000000 ---p 00000000 00:00 0 
7f1494000000-7f1494021000 rw-p 00000000 00:00 0 
7f1494021000-7f1498000000 ---p 00000000 00:00 0 
7f1498000000-7f1498001000 r--s 00000000 08:03 664005                     /var/cache/fontconfig/30829fa25452a46451e813d634d7f916-le64.cache-6
7f1498001000-7f1498002000 r--s 00000000 08:03 664002                     /var/cache/fontconfig/0c9eb80ebd1c36541ebe2852d3bb0c49-le64.cache-6
7f1498002000-7f1498006000 r--s 00000000 08:03 663970                     /var/cache/fontconfig/7ef2298fde41cc6eeb7af42e48b7d293-le64.cache-6
7f1498006000-7f1498008000 rw-s 00000000 08:03 262240                     /tmp/.glMas54J (deleted)
7f1498008000-7f149800d000 r--p 00000000 08:06 1308527                    /home/mostafa/.config/dconf/user
7f149800d000-7f149800e000 r--s 00000000 00:29 29                         /run/user/1000/dconf/user
7f149800e000-7f149800f000 rw-s 33579000 00:06 552                        /dev/nvidiactl
7f149800f000-7f1498013000 rw-s 5d1cf000 00:06 552                        /dev/nvidiactl
7f1498013000-7f1498014000 rw-s aff6b000 00:06 553                        /dev/nvidia0
7f1498014000-7f1498015000 rw-s aff6a000 00:06 553                        /dev/nvidia0
7f1498015000-7f1498016000 rw-s aff69000 00:06 553                        /dev/nvidia0
7f1498036000-7f1498037000 rw-s 5d319000 00:06 552                        /dev/nvidiactl
7f1498037000-7f1498038000 rw-s d0060000 00:06 553                        /dev/nvidia0
7f1498038000-7f149804e000 r-xp 00000000 08:03 2493693                    /usr/lib/jvm/java-8-oracle/jre/lib/amd64/libnet.so
7f149804e000-7f149824e000 ---p 00016000 08:03 2493693                    /usr/lib/jvm/java-8-oracle/jre/lib/amd64/libnet.so
7f149824e000-7f149824f000 rw-p 00016000 08:03 2493693                    /usr/lib/jvm/java-8-oracle/jre/lib/amd64/libnet.so
7f149824f000-7f14982e5000 r--s 01103000 08:03 2493769                    /usr/lib/jvm/java-8-oracle/jre/lib/ext/jfxrt.jar
7f14982e5000-7f14982e8000 ---p 00000000 00:00 0 
7f14982e8000-7f14983e6000 rw-p 00000000 00:00 0 
7f14983e6000-7f14983e7000 r-xp 00000000 08:03 2502255                    /opt/intellij-idea-community/bin/libbreakgen64.so
7f14983e7000-7f14985e6000 ---p 00001000 08:03 2502255                    /opt/intellij-idea-community/bin/libbreakgen64.so
7f14985e6000-7f14985e7000 r--p 00000000 08:03 2502255                    /opt/intellij-idea-community/bin/libbreakgen64.so
7f14985e7000-7f14985e8000 rw-p 00001000 08:03 2502255                    /opt/intellij-idea-community/bin/libbreakgen64.so
7f14985e8000-7f14985ea000 r--s 00019000 08:03 2502175                    /opt/intellij-idea-community/lib/idea_rt.jar
7f14985ea000-7f14985fd000 r--s 00345000 08:03 2493917                    /usr/lib/jvm/java-8-oracle/jre/lib/resources.jar
7f14985fd000-7f149860f000 r--s 000d6000 08:03 2493916                    /usr/lib/jvm/java-8-oracle/jre/lib/plugin.jar
7f149860f000-7f1498613000 r--s 00097000 08:03 2493637                    /usr/lib/jvm/java-8-oracle/jre/lib/jsse.jar
7f1498613000-7f1498615000 r--s 00007000 08:03 2493758                    /usr/lib/jvm/java-8-oracle/jre/lib/jfxswt.jar
7f1498615000-7f149861a000 r--s 00084000 08:03 2493792                    /usr/lib/jvm/java-8-oracle/jre/lib/jfr.jar
7f149861a000-7f1498624000 r--s 0006c000 08:03 2493800                    /usr/lib/jvm/java-8-oracle/jre/lib/javaws.jar
7f1498624000-7f149863f000 r--s 00208000 08:03 2493801                    /usr/lib/jvm/java-8-oracle/jre/lib/deploy.jar
7f149863f000-7f1498640000 ---p 00000000 00:00 0 
7f1498640000-7f1498740000 rw-p 00000000 00:00 0 
7f1498740000-7f1498743000 ---p 00000000 00:00 0 
7f1498743000-7f1498841000 rw-p 00000000 00:00 0 
7f1498841000-7f1498844000 ---p 00000000 00:00 0 
7f1498844000-7f1498942000 rw-p 00000000 00:00 0 
7f1498942000-7f1498945000 ---p 00000000 00:00 0 
7f1498945000-7f1498a43000 rw-p 00000000 00:00 0 
7f1498a43000-7f1498a46000 ---p 00000000 00:00 0 
7f1498a46000-7f1498b44000 rw-p 00000000 00:00 0 
7f1498b44000-7f1498b47000 ---p 00000000 00:00 0 
7f1498b47000-7f1498c45000 rw-p 00000000 00:00 0 
7f1498c45000-7f1498f1e000 r--p 00000000 08:03 393281                     /usr/lib/locale/locale-archive
7f1498f1e000-7f1498f21000 ---p 00000000 00:00 0 
7f1498f21000-7f149901f000 rw-p 00000000 00:00 0 
7f149901f000-7f1499022000 ---p 00000000 00:00 0 
7f1499022000-7f1499120000 rw-p 00000000 00:00 0 
7f1499120000-7f1499121000 ---p 00000000 00:00 0 
7f1499121000-7f149a1d5000 rw-p 00000000 00:00 0 
7f149a1d5000-7f149a3ad000 r--s 03d2a000 08:03 2493685                    /usr/lib/jvm/java-8-oracle/jre/lib/rt.jar
7f149a3ad000-7f149cbbf000 rw-p 00000000 00:00 0 
7f149cbbf000-7f149cbc0000 ---p 00000000 00:00 0 
7f149cbc0000-7f149ccc0000 rw-p 00000000 00:00 0 
7f149ccc0000-7f149ccc1000 ---p 00000000 00:00 0 
7f149ccc1000-7f149cdc1000 rw-p 00000000 00:00 0 
7f149cdc1000-7f149cdc2000 ---p 00000000 00:00 0 
7f149cdc2000-7f149ced6000 rw-p 00000000 00:00 0 
7f149ced6000-7f149d000000 ---p 00000000 00:00 0 
7f149d000000-7f149d460000 rwxp 00000000 00:00 0 
7f149d460000-7f14ac000000 ---p 00000000 00:00 0 
7f14ac000000-7f14ac215000 rw-p 00000000 00:00 0 
7f14ac215000-7f14b0000000 ---p 00000000 00:00 0 
7f14b0000000-7f14b0001000 ---p 00000000 00:00 0 
7f14b0001000-7f14b0115000 rw-p 00000000 00:00 0 
7f14b0115000-7f14b023e000 ---p 00000000 00:00 0 
7f14b023e000-7f14b0249000 rw-p 00000000 00:00 0 
7f14b0249000-7f14b02dd000 ---p 00000000 00:00 0 
7f14b02dd000-7f14b02f0000 rw-p 00000000 00:00 0 
7f14b02f0000-7f14b069e000 ---p 00000000 00:00 0 
7f14b069e000-7f14b06b8000 r-xp 00000000 08:03 2493716                    /usr/lib/jvm/java-8-oracle/jre/lib/amd64/libzip.so
7f14b06b8000-7f14b08b8000 ---p 0001a000 08:03 2493716                    /usr/lib/jvm/java-8-oracle/jre/lib/amd64/libzip.so
7f14b08b8000-7f14b08b9000 rw-p 0001a000 08:03 2493716                    /usr/lib/jvm/java-8-oracle/jre/lib/amd64/libzip.so
7f14b08b9000-7f14b08c4000 r-xp 00000000 08:03 1848107                    /lib/x86_64-linux-gnu/libnss_files-2.23.so
7f14b08c4000-7f14b0ac3000 ---p 0000b000 08:03 1848107                    /lib/x86_64-linux-gnu/libnss_files-2.23.so
7f14b0ac3000-7f14b0ac4000 r--p 0000a000 08:03 1848107                    /lib/x86_64-linux-gnu/libnss_files-2.23.so
7f14b0ac4000-7f14b0ac5000 rw-p 0000b000 08:03 1848107                    /lib/x86_64-linux-gnu/libnss_files-2.23.so
7f14b0ac5000-7f14b0acb000 rw-p 00000000 00:00 0 
7f14b0acb000-7f14b0ad6000 r-xp 00000000 08:03 1848104                    /lib/x86_64-linux-gnu/libnss_nis-2.23.so
7f14b0ad6000-7f14b0cd5000 ---p 0000b000 08:03 1848104                    /lib/x86_64-linux-gnu/libnss_nis-2.23.so
7f14b0cd5000-7f14b0cd6000 r--p 0000a000 08:03 1848104                    /lib/x86_64-linux-gnu/libnss_nis-2.23.so
7f14b0cd6000-7f14b0cd7000 rw-p 0000b000 08:03 1848104                    /lib/x86_64-linux-gnu/libnss_nis-2.23.so
7f14b0cd7000-7f14b0ced000 r-xp 00000000 08:03 1848102                    /lib/x86_64-linux-gnu/libnsl-2.23.so
7f14b0ced000-7f14b0eec000 ---p 00016000 08:03 1848102                    /lib/x86_64-linux-gnu/libnsl-2.23.so
7f14b0eec000-7f14b0eed000 r--p 00015000 08:03 1848102                    /lib/x86_64-linux-gnu/libnsl-2.23.so
7f14b0eed000-7f14b0eee000 rw-p 00016000 08:03 1848102                    /lib/x86_64-linux-gnu/libnsl-2.23.so
7f14b0eee000-7f14b0ef0000 rw-p 00000000 00:00 0 
7f14b0ef0000-7f14b0ef8000 r-xp 00000000 08:03 1848100                    /lib/x86_64-linux-gnu/libnss_compat-2.23.so
7f14b0ef8000-7f14b10f7000 ---p 00008000 08:03 1848100                    /lib/x86_64-linux-gnu/libnss_compat-2.23.so
7f14b10f7000-7f14b10f8000 r--p 00007000 08:03 1848100                    /lib/x86_64-linux-gnu/libnss_compat-2.23.so
7f14b10f8000-7f14b10f9000 rw-p 00008000 08:03 1848100                    /lib/x86_64-linux-gnu/libnss_compat-2.23.so
7f14b10f9000-7f14b1124000 r-xp 00000000 08:03 2493743                    /usr/lib/jvm/java-8-oracle/jre/lib/amd64/libjava.so
7f14b1124000-7f14b1323000 ---p 0002b000 08:03 2493743                    /usr/lib/jvm/java-8-oracle/jre/lib/amd64/libjava.so
7f14b1323000-7f14b1325000 rw-p 0002a000 08:03 2493743                    /usr/lib/jvm/java-8-oracle/jre/lib/amd64/libjava.so
7f14b1325000-7f14b1332000 r-xp 00000000 08:03 2493694                    /usr/lib/jvm/java-8-oracle/jre/lib/amd64/libverify.so
7f14b1332000-7f14b1531000 ---p 0000d000 08:03 2493694                    /usr/lib/jvm/java-8-oracle/jre/lib/amd64/libverify.so
7f14b1531000-7f14b1533000 rw-p 0000c000 08:03 2493694                    /usr/lib/jvm/java-8-oracle/jre/lib/amd64/libverify.so
7f14b1533000-7f14b153a000 r-xp 00000000 08:03 1848116                    /lib/x86_64-linux-gnu/librt-2.23.so
7f14b153a000-7f14b1739000 ---p 00007000 08:03 1848116                    /lib/x86_64-linux-gnu/librt-2.23.so
7f14b1739000-7f14b173a000 r--p 00006000 08:03 1848116                    /lib/x86_64-linux-gnu/librt-2.23.so
7f14b173a000-7f14b173b000 rw-p 00007000 08:03 1848116                    /lib/x86_64-linux-gnu/librt-2.23.so
7f14b173b000-7f14b1843000 r-xp 00000000 08:03 1848113                    /lib/x86_64-linux-gnu/libm-2.23.so
7f14b1843000-7f14b1a42000 ---p 00108000 08:03 1848113                    /lib/x86_64-linux-gnu/libm-2.23.so
7f14b1a42000-7f14b1a43000 r--p 00107000 08:03 1848113                    /lib/x86_64-linux-gnu/libm-2.23.so
7f14b1a43000-7f14b1a44000 rw-p 00108000 08:03 1848113                    /lib/x86_64-linux-gnu/libm-2.23.so
7f14b1a44000-7f14b2711000 r-xp 00000000 08:03 2493747                    /usr/lib/jvm/java-8-oracle/jre/lib/amd64/server/libjvm.so
7f14b2711000-7f14b2910000 ---p 00ccd000 08:03 2493747                    /usr/lib/jvm/java-8-oracle/jre/lib/amd64/server/libjvm.so
7f14b2910000-7f14b29e9000 rw-p 00ccc000 08:03 2493747                    /usr/lib/jvm/java-8-oracle/jre/lib/amd64/server/libjvm.so
7f14b29e9000-7f14b2a34000 rw-p 00000000 00:00 0 
7f14b2a34000-7f14b2bf3000 r-xp 00000000 08:03 1848121                    /lib/x86_64-linux-gnu/libc-2.23.so
7f14b2bf3000-7f14b2df3000 ---p 001bf000 08:03 1848121                    /lib/x86_64-linux-gnu/libc-2.23.so
7f14b2df3000-7f14b2df7000 r--p 001bf000 08:03 1848121                    /lib/x86_64-linux-gnu/libc-2.23.so
7f14b2df7000-7f14b2df9000 rw-p 001c3000 08:03 1848121                    /lib/x86_64-linux-gnu/libc-2.23.so
7f14b2df9000-7f14b2dfd000 rw-p 00000000 00:00 0 
7f14b2dfd000-7f14b2e00000 r-xp 00000000 08:03 1848122                    /lib/x86_64-linux-gnu/libdl-2.23.so
7f14b2e00000-7f14b2fff000 ---p 00003000 08:03 1848122                    /lib/x86_64-linux-gnu/libdl-2.23.so
7f14b2fff000-7f14b3000000 r--p 00002000 08:03 1848122                    /lib/x86_64-linux-gnu/libdl-2.23.so
7f14b3000000-7f14b3001000 rw-p 00003000 08:03 1848122                    /lib/x86_64-linux-gnu/libdl-2.23.so
7f14b3001000-7f14b3016000 r-xp 00000000 08:03 2492804                    /usr/lib/jvm/java-8-oracle/lib/amd64/jli/libjli.so
7f14b3016000-7f14b3216000 ---p 00015000 08:03 2492804                    /usr/lib/jvm/java-8-oracle/lib/amd64/jli/libjli.so
7f14b3216000-7f14b3217000 rw-p 00015000 08:03 2492804                    /usr/lib/jvm/java-8-oracle/lib/amd64/jli/libjli.so
7f14b3217000-7f14b322f000 r-xp 00000000 08:03 1848120                    /lib/x86_64-linux-gnu/libpthread-2.23.so
7f14b322f000-7f14b342e000 ---p 00018000 08:03 1848120                    /lib/x86_64-linux-gnu/libpthread-2.23.so
7f14b342e000-7f14b342f000 r--p 00017000 08:03 1848120                    /lib/x86_64-linux-gnu/libpthread-2.23.so
7f14b342f000-7f14b3430000 rw-p 00018000 08:03 1848120                    /lib/x86_64-linux-gnu/libpthread-2.23.so
7f14b3430000-7f14b3434000 rw-p 00000000 00:00 0 
7f14b3434000-7f14b345a000 r-xp 00000000 08:03 1848117                    /lib/x86_64-linux-gnu/ld-2.23.so
7f14b345a000-7f14b345b000 r--s 00000000 08:03 2493764                    /usr/lib/jvm/java-8-oracle/jre/lib/management-agent.jar
7f14b345b000-7f14b345e000 r--s 0001a000 08:03 2493947                    /usr/lib/jvm/java-8-oracle/jre/lib/jce.jar
7f14b345e000-7f14b3530000 rw-p 00000000 00:00 0 
7f14b3530000-7f14b3533000 ---p 00000000 00:00 0 
7f14b3533000-7f14b3635000 rw-p 00000000 00:00 0 
7f14b3635000-7f14b363a000 r--s 002f9000 08:03 2493638                    /usr/lib/jvm/java-8-oracle/jre/lib/charsets.jar
7f14b363a000-7f14b364d000 rw-p 00000000 00:00 0 
7f14b364d000-7f14b3655000 rw-s 00000000 08:03 262239                     /tmp/hsperfdata_mostafa/30201
7f14b3655000-7f14b3656000 rw-p 00000000 00:00 0 
7f14b3656000-7f14b3657000 r--p 00000000 00:00 0 
7f14b3657000-7f14b3659000 rw-p 00000000 00:00 0 
7f14b3659000-7f14b365a000 r--p 00025000 08:03 1848117                    /lib/x86_64-linux-gnu/ld-2.23.so
7f14b365a000-7f14b365b000 rw-p 00026000 08:03 1848117                    /lib/x86_64-linux-gnu/ld-2.23.so
7f14b365b000-7f14b365c000 rw-p 00000000 00:00 0 
7ffe836ab000-7ffe836cc000 rw-p 00000000 00:00 0                          [stack]
7ffe83753000-7ffe83755000 r--p 00000000 00:00 0                          [vvar]
7ffe83755000-7ffe83757000 r-xp 00000000 00:00 0                          [vdso]
ffffffffff600000-ffffffffff601000 r-xp 00000000 00:00 0                  [vsyscall]

VM Arguments:
jvm_args: -Didea.launcher.port=7537 -Didea.launcher.bin.path=/opt/intellij-idea-community/bin -Dfile.encoding=UTF-8 
java_command: com.intellij.rt.execution.application.AppMain sample.Main
java_class_path (initial): /usr/lib/jvm/java-8-oracle/jre/lib/charsets.jar:/usr/lib/jvm/java-8-oracle/jre/lib/deploy.jar:/usr/lib/jvm/java-8-oracle/jre/lib/ext/cldrdata.jar:/usr/lib/jvm/java-8-oracle/jre/lib/ext/dnsns.jar:/usr/lib/jvm/java-8-oracle/jre/lib/ext/jaccess.jar:/usr/lib/jvm/java-8-oracle/jre/lib/ext/jfxrt.jar:/usr/lib/jvm/java-8-oracle/jre/lib/ext/localedata.jar:/usr/lib/jvm/java-8-oracle/jre/lib/ext/nashorn.jar:/usr/lib/jvm/java-8-oracle/jre/lib/ext/sunec.jar:/usr/lib/jvm/java-8-oracle/jre/lib/ext/sunjce_provider.jar:/usr/lib/jvm/java-8-oracle/jre/lib/ext/sunpkcs11.jar:/usr/lib/jvm/java-8-oracle/jre/lib/ext/zipfs.jar:/usr/lib/jvm/java-8-oracle/jre/lib/javaws.jar:/usr/lib/jvm/java-8-oracle/jre/lib/jce.jar:/usr/lib/jvm/java-8-oracle/jre/lib/jfr.jar:/usr/lib/jvm/java-8-oracle/jre/lib/jfxswt.jar:/usr/lib/jvm/java-8-oracle/jre/lib/jsse.jar:/usr/lib/jvm/java-8-oracle/jre/lib/management-agent.jar:/usr/lib/jvm/java-8-oracle/jre/lib/plugin.jar:/usr/lib/jvm/java-8-oracle/jre/lib/resources.jar:/usr/lib/jvm/java-8-oracle/jre/lib/rt.jar:/home/mostafa/Desktop/Passing/out/production/Passing:/opt/intellij-idea-community/lib/idea_rt.jar
Launcher Type: SUN_STANDARD

Environment Variables:
JAVA_HOME=/usr/lib/jvm/java-8-oracle
PATH=/usr/local/sbin:/usr/local/bin:/usr/sbin:/usr/bin:/sbin:/bin:/usr/games:/usr/local/games:/snap/bin:/usr/lib/jvm/java-8-oracle/bin:/usr/lib/jvm/java-8-oracle/db/bin:/usr/lib/jvm/java-8-oracle/jre/bin
LD_LIBRARY_PATH=/opt/intellij-idea-community/bin:
SHELL=/bin/bash
DISPLAY=:0

Signal Handlers:
SIGSEGV: [libjvm.so+0xac64b0], sa_mask[0]=11111111011111111101111111111110, sa_flags=SA_RESTART|SA_SIGINFO
SIGBUS: [libjvm.so+0xac64b0], sa_mask[0]=11111111011111111101111111111110, sa_flags=SA_RESTART|SA_SIGINFO
SIGFPE: [libjvm.so+0x91f950], sa_mask[0]=11111111011111111101111111111110, sa_flags=SA_RESTART|SA_SIGINFO
SIGPIPE: SIG_IGN, sa_mask[0]=00000000000010000000000000000000, sa_flags=SA_RESTART
SIGXFSZ: [libjvm.so+0x91f950], sa_mask[0]=11111111011111111101111111111110, sa_flags=SA_RESTART|SA_SIGINFO
SIGILL: [libjvm.so+0x91f950], sa_mask[0]=11111111011111111101111111111110, sa_flags=SA_RESTART|SA_SIGINFO
SIGUSR1: SIG_DFL, sa_mask[0]=00000000000000000000000000000000, sa_flags=none
SIGUSR2: [libjvm.so+0x920f80], sa_mask[0]=00100000000000000000000000000000, sa_flags=SA_RESTART|SA_SIGINFO
SIGHUP: [libjvm.so+0x922380], sa_mask[0]=11111111011111111101111111111110, sa_flags=SA_RESTART|SA_SIGINFO
SIGINT: [libjvm.so+0x922380], sa_mask[0]=11111111011111111101111111111110, sa_flags=SA_RESTART|SA_SIGINFO
SIGTERM: [libjvm.so+0x922380], sa_mask[0]=11111111011111111101111111111110, sa_flags=SA_RESTART|SA_SIGINFO
SIGQUIT: [libjvm.so+0x922380], sa_mask[0]=11111111011111111101111111111110, sa_flags=SA_RESTART|SA_SIGINFO


---------------  S Y S T E M  ---------------

OS:DISTRIB_ID=Ubuntu
DISTRIB_RELEASE=16.04
DISTRIB_CODENAME=xenial
DISTRIB_DESCRIPTION="Ubuntu 16.04.1 LTS"

uname:Linux 4.4.0-47-generic #68-Ubuntu SMP Wed Oct 26 19:39:52 UTC 2016 x86_64
libc:glibc 2.23 NPTL 2.23 
rlimit: STACK 8192k, CORE 0k, NPROC 15037, NOFILE 65536, AS infinity
load average:0.96 0.89 0.85

/proc/meminfo:
MemTotal:        3896084 kB
MemFree:          141264 kB
MemAvailable:     777880 kB
Buffers:           80276 kB
Cached:           738072 kB
SwapCached:         2548 kB
Active:          2257976 kB
Inactive:        1171328 kB
Active(anon):    1758484 kB
Inactive(anon):   879300 kB
Active(file):     499492 kB
Inactive(file):   292028 kB
Unevictable:          32 kB
Mlocked:              32 kB
SwapTotal:       7812092 kB
SwapFree:        7781380 kB
Dirty:             25876 kB
Writeback:             0 kB
AnonPages:       2607672 kB
Mapped:           333732 kB
Shmem:             26828 kB
Slab:             140360 kB
SReclaimable:     103516 kB
SUnreclaim:        36844 kB
KernelStack:       10128 kB
PageTables:        36248 kB
NFS_Unstable:          0 kB
Bounce:                0 kB
WritebackTmp:          0 kB
CommitLimit:     9760132 kB
Committed_AS:    5925048 kB
VmallocTotal:   34359738367 kB
VmallocUsed:           0 kB
VmallocChunk:          0 kB
HardwareCorrupted:     0 kB
AnonHugePages:   1142784 kB
CmaTotal:              0 kB
CmaFree:               0 kB
HugePages_Total:       0
HugePages_Free:        0
HugePages_Rsvd:        0
HugePages_Surp:        0
Hugepagesize:       2048 kB
DirectMap4k:      248064 kB
DirectMap2M:     3794944 kB


CPU:total 4 (2 cores per cpu, 2 threads per core) family 6 model 42 stepping 7, cmov, cx8, fxsr, mmx, sse, sse2, sse3, ssse3, sse4.1, sse4.2, popcnt, avx, aes, clmul, ht, tsc, tscinvbit

/proc/cpuinfo:
processor	: 0
vendor_id	: GenuineIntel
cpu family	: 6
model		: 42
model name	: Intel(R) Core(TM) i5-2450M CPU @ 2.50GHz
stepping	: 7
microcode	: 0x1b
cpu MHz		: 2900.000
cache size	: 3072 KB
physical id	: 0
siblings	: 4
core id		: 0
cpu cores	: 2
apicid		: 0
initial apicid	: 0
fpu		: yes
fpu_exception	: yes
cpuid level	: 13
wp		: yes
flags		: fpu vme de pse tsc msr pae mce cx8 apic sep mtrr pge mca cmov pat pse36 clflush dts acpi mmx fxsr sse sse2 ss ht tm pbe syscall nx rdtscp lm constant_tsc arch_perfmon pebs bts rep_good nopl xtopology nonstop_tsc aperfmperf eagerfpu pni pclmulqdq dtes64 monitor ds_cpl vmx est tm2 ssse3 cx16 xtpr pdcm pcid sse4_1 sse4_2 x2apic popcnt tsc_deadline_timer aes xsave avx lahf_lm epb tpr_shadow vnmi flexpriority ept vpid xsaveopt dtherm ida arat pln pts
bugs		:
bogomips	: 4988.29
clflush size	: 64
cache_alignment	: 64
address sizes	: 36 bits physical, 48 bits virtual
power management:

processor	: 1
vendor_id	: GenuineIntel
cpu family	: 6
model		: 42
model name	: Intel(R) Core(TM) i5-2450M CPU @ 2.50GHz
stepping	: 7
microcode	: 0x1b
cpu MHz		: 2900.000
cache size	: 3072 KB
physical id	: 0
siblings	: 4
core id		: 0
cpu cores	: 2
apicid		: 1
initial apicid	: 1
fpu		: yes
fpu_exception	: yes
cpuid level	: 13
wp		: yes
flags		: fpu vme de pse tsc msr pae mce cx8 apic sep mtrr pge mca cmov pat pse36 clflush dts acpi mmx fxsr sse sse2 ss ht tm pbe syscall nx rdtscp lm constant_tsc arch_perfmon pebs bts rep_good nopl xtopology nonstop_tsc aperfmperf eagerfpu pni pclmulqdq dtes64 monitor ds_cpl vmx est tm2 ssse3 cx16 xtpr pdcm pcid sse4_1 sse4_2 x2apic popcnt tsc_deadline_timer aes xsave avx lahf_lm epb tpr_shadow vnmi flexpriority ept vpid xsaveopt dtherm ida arat pln pts
bugs		:
bogomips	: 4988.29
clflush size	: 64
cache_alignment	: 64
address sizes	: 36 bits physical, 48 bits virtual
power management:

processor	: 2
vendor_id	: GenuineIntel
cpu family	: 6
model		: 42
model name	: Intel(R) Core(TM) i5-2450M CPU @ 2.50GHz
stepping	: 7
microcode	: 0x1b
cpu MHz		: 2899.902
cache size	: 3072 KB
physical id	: 0
siblings	: 4
core id		: 1
cpu cores	: 2
apicid		: 2
initial apicid	: 2
fpu		: yes
fpu_exception	: yes
cpuid level	: 13
wp		: yes
flags		: fpu vme de pse tsc msr pae mce cx8 apic sep mtrr pge mca cmov pat pse36 clflush dts acpi mmx fxsr sse sse2 ss ht tm pbe syscall nx rdtscp lm constant_tsc arch_perfmon pebs bts rep_good nopl xtopology nonstop_tsc aperfmperf eagerfpu pni pclmulqdq dtes64 monitor ds_cpl vmx est tm2 ssse3 cx16 xtpr pdcm pcid sse4_1 sse4_2 x2apic popcnt tsc_deadline_timer aes xsave avx lahf_lm epb tpr_shadow vnmi flexpriority ept vpid xsaveopt dtherm ida arat pln pts
bugs		:
bogomips	: 4988.29
clflush size	: 64
cache_alignment	: 64
address sizes	: 36 bits physical, 48 bits virtual
power management:

processor	: 3
vendor_id	: GenuineIntel
cpu family	: 6
model		: 42
model name	: Intel(R) Core(TM) i5-2450M CPU @ 2.50GHz
stepping	: 7
microcode	: 0x1b
cpu MHz		: 2900.000
cache size	: 3072 KB
physical id	: 0
siblings	: 4
core id		: 1
cpu cores	: 2
apicid		: 3
initial apicid	: 3
fpu		: yes
fpu_exception	: yes
cpuid level	: 13
wp		: yes
flags		: fpu vme de pse tsc msr pae mce cx8 apic sep mtrr pge mca cmov pat pse36 clflush dts acpi mmx fxsr sse sse2 ss ht tm pbe syscall nx rdtscp lm constant_tsc arch_perfmon pebs bts rep_good nopl xtopology nonstop_tsc aperfmperf eagerfpu pni pclmulqdq dtes64 monitor ds_cpl vmx est tm2 ssse3 cx16 xtpr pdcm pcid sse4_1 sse4_2 x2apic popcnt tsc_deadline_timer aes xsave avx lahf_lm epb tpr_shadow vnmi flexpriority ept vpid xsaveopt dtherm ida arat pln pts
bugs		:
bogomips	: 4988.29
clflush size	: 64
cache_alignment	: 64
address sizes	: 36 bits physical, 48 bits virtual
power management:



Memory: 4k page, physical 3896084k(141264k free), swap 7812092k(7781380k free)

vm_info: Java HotSpot(TM) 64-Bit Server VM (25.111-b14) for linux-amd64 JRE (1.8.0_111-b14), built on Sep 22 2016 16:14:03 by "java_re" with gcc 4.3.0 20080428 (Red Hat 4.3.0-8)

time: Sun Dec  4 15:57:32 2016
elapsed time: 5 seconds (0d 0h 0m 5s)

