#
# A fatal error has been detected by the Java Runtime Environment:
#
#  SIGSEGV (0xb) at pc=0x00007f90dd2c6d28, pid=30011, tid=0x00007f907443e700
#
# JRE version: Java(TM) SE Runtime Environment (8.0_111-b14) (build 1.8.0_111-b14)
# Java VM: Java HotSpot(TM) 64-Bit Server VM (25.111-b14 mixed mode linux-amd64 compressed oops)
# Problematic frame:
# V  [libjvm.so+0x6d1d28]  jni_invoke_nonstatic(JNIEnv_*, JavaValue*, _jobject*, JNICallType, _jmethodID*, JNI_ArgumentPusher*, Thread*)+0x38
#
# Failed to write core dump. Core dumps have been disabled. To enable core dumping, try "ulimit -c unlimited" before starting Java again
#
# If you would like to submit a bug report, please visit:
#   http://bugreport.java.com/bugreport/crash.jsp
#

---------------  T H R E A D  ---------------

Current thread (0x00007f908011c000):  JavaThread "JavaFX Application Thread" [_thread_in_vm, id=30048, stack(0x00007f907433e000,0x00007f907443f000)]

siginfo: si_signo: 11 (SIGSEGV), si_code: 1 (SEGV_MAPERR), si_addr: 0xffffffffffffffff

Registers:
RAX=0x00007f907443d3c0, RBX=0x00007f907443d2d0, RCX=0x0000000000000001, RDX=0xffffffffffffffff
RSP=0x00007f907443d120, RBP=0x00007f907443d2a0, RSI=0x00007f907443d330, RDI=0x00007f908011c1f8
R8 =0x00007f908005ddb8, R9 =0x00007f907443d2d0, R10=0x00007f9064002630, R11=0x00007f90c8d3a340
R12=0x00007f908011c000, R13=0x00007f908005ddb8, R14=0x0000000000000001, R15=0x00007f908011c1f8
RIP=0x00007f90dd2c6d28, EFLAGS=0x0000000000010286, CSGSFS=0x0000000000000033, ERR=0x0000000000000005
  TRAPNO=0x000000000000000e

Top of Stack: (sp=0x00007f907443d120)
0x00007f907443d120:   00007f907443d820 00007f907443d440
0x00007f907443d130:   00007f907443d180 00007f907443d200
0x00007f907443d140:   00007f907443d2d0 00007f907443d330
0x00007f907443d150:   00007f908011c1f8 00007f90dd2e6830
0x00007f907443d160:   00007f909804e040 00007f909804e050
0x00007f907443d170:   00007f909804e428 00000000000003d8
0x00007f907443d180:   0000000000000000 00000000ece3e9e0
0x00007f907443d190:   00007f900000006f 00007f900000000a
0x00007f907443d1a0:   00000000ecf0b180 0000000000000000
0x00007f907443d1b0:   0000000000000000 0000000000000000
0x00007f907443d1c0:   00007f90c5a45570 0000000100000100
0x00007f907443d1d0:   0000000000000000 00007f907443d188
0x00007f907443d1e0:   00007f907443d1c9 0000000800000005
0x00007f907443d1f0:   0000000000000000 00007f908011b6c0
0x00007f907443d200:   00007f90ddb53af0 00007f90de6646d0
0x00007f907443d210:   000000008011b550 00007f908011c000
0x00007f907443d220:   0000000000000000 00007f90dd2c70fb
0x00007f907443d230:   00007f90c5a33140 00007f908011c000
0x00007f907443d240:   00007f90c5a33140 00007f908011c000
0x00007f907443d250:   00007f907443d3e0 00007f90c5a33140
0x00007f907443d260:   00007f90c5a33140 00007f90c5a33140
0x00007f907443d270:   00007f909804e040 00007f907443d2d0
0x00007f907443d280:   00007f908011c000 00007f907443d310
0x00007f907443d290:   00007f908005ddb8 00007f908011c1f8
0x00007f907443d2a0:   00007f907443d390 00007f90dd2cb4cf
0x00007f907443d2b0:   00007f908011c000 00007f90a61f5054
0x00007f907443d2c0:   00007f907443d3a8 ffffffffffffffff
0x00007f907443d2d0:   00007f90ddb54750 00007f90de6646d0
0x00007f907443d2e0:   000000007443d350 6e28c9da00000063
0x00007f907443d2f0:   0000000000000000 0000003000000018
0x00007f907443d300:   00007f907443d480 00007f907443d3c0
0x00007f907443d310:   00007f908011c000 0000000000000000 

Instructions: (pc=0x00007f90dd2c6d28)
0x00007f90dd2c6d08:   00 00 48 85 d2 48 89 bd b0 fe ff ff 48 89 b5 a8
0x00007f90dd2c6d18:   fe ff ff 4c 89 8d a0 fe ff ff 0f 84 78 09 00 00
0x00007f90dd2c6d28:   4c 8b 22 4d 85 e4 0f 84 6c 09 00 00 48 8b 45 10
0x00007f90dd2c6d38:   48 8b 98 38 01 00 00 48 83 7b 18 f7 0f 87 16 07 

Register to memory mapping:

RAX=0x00007f907443d3c0 is pointing into the stack for thread: 0x00007f908011c000
RBX=0x00007f907443d2d0 is pointing into the stack for thread: 0x00007f908011c000
RCX=0x0000000000000001 is an unknown value
RDX=0xffffffffffffffff is an unknown value
RSP=0x00007f907443d120 is pointing into the stack for thread: 0x00007f908011c000
RBP=0x00007f907443d2a0 is pointing into the stack for thread: 0x00007f908011c000
RSI=0x00007f907443d330 is pointing into the stack for thread: 0x00007f908011c000
RDI=0x00007f908011c1f8 is an unknown value
R8 =0x00007f908005ddb8 is an unknown value
R9 =0x00007f907443d2d0 is pointing into the stack for thread: 0x00007f908011c000
R10=0x00007f9064002630 is an unknown value
R11=0x00007f90c8d3a340 is at entry_point+32 in (nmethod*)0x00007f90c8d3a1d0
R12=0x00007f908011c000 is a thread
R13=0x00007f908005ddb8 is an unknown value
R14=0x0000000000000001 is an unknown value
R15=0x00007f908011c1f8 is an unknown value


Stack: [0x00007f907433e000,0x00007f907443f000],  sp=0x00007f907443d120,  free space=1020k
Native frames: (J=compiled Java code, j=interpreted, Vv=VM code, C=native code)
V  [libjvm.so+0x6d1d28]  jni_invoke_nonstatic(JNIEnv_*, JavaValue*, _jobject*, JNICallType, _jmethodID*, JNI_ArgumentPusher*, Thread*)+0x38
V  [libjvm.so+0x6d64cf]  jni_CallVoidMethodV+0x10f
C  [libglass.so+0x18641]  JNIEnv_::CallVoidMethod(_jobject*, _jmethodID*, ...)+0x81
C  [libglass.so+0x14f0f]  WindowContextBase::process_key(_GdkEventKey*)+0x20f
C  [libglass.so+0x19f60]  WindowContextBase::im_filter_keypress(_GdkEventKey*)+0x1c0
C  [libglass.so+0x1a91c]  process_events(_GdkEvent*, void*)+0x22c
C  [libgdk-x11-2.0.so.0+0x5ac4c]

Java frames: (J=compiled Java code, j=interpreted, Vv=VM code)
j  com.sun.glass.ui.gtk.GtkApplication._runLoop(Ljava/lang/Runnable;Z)V+0
j  com.sun.glass.ui.gtk.GtkApplication.lambda$null$49(Ljava/lang/Runnable;Z)V+7
j  com.sun.glass.ui.gtk.GtkApplication$$Lambda$43.run()V+12
j  java.lang.Thread.run()V+11
v  ~StubRoutines::call_stub

---------------  P R O C E S S  ---------------

Java Threads: ( => current thread )
  0x00007f906431e800 JavaThread "AWT-XAWT" daemon [_thread_in_native, id=30065, stack(0x00007f905db59000,0x00007f905dc5a000)]
  0x00007f90642aa000 JavaThread "Java2D Disposer" daemon [_thread_blocked, id=30064, stack(0x00007f905dc5a000,0x00007f905dd5b000)]
  0x00007f906425b800 JavaThread "Prism Font Disposer" daemon [_thread_blocked, id=30055, stack(0x00007f905f500000,0x00007f905f601000)]
=>0x00007f908011c000 JavaThread "JavaFX Application Thread" [_thread_in_vm, id=30048, stack(0x00007f907433e000,0x00007f907443f000)]
  0x00007f9080118000 JavaThread "Thread-2" daemon [_thread_blocked, id=30047, stack(0x00007f907443f000,0x00007f9074540000)]
  0x00007f908004b800 JavaThread "QuantumRenderer-0" daemon [_thread_blocked, id=30043, stack(0x00007f90a6c6e000,0x00007f90a6d6f000)]
  0x00007f90d81be800 JavaThread "JavaFX-Launcher" [_thread_blocked, id=30042, stack(0x00007f90a6d6f000,0x00007f90a6e70000)]
  0x00007f90d8123000 JavaThread "Monitor Ctrl-Break" daemon [_thread_in_native, id=30041, stack(0x00007f90a741e000,0x00007f90a751f000)]
  0x00007f90d80c1800 JavaThread "Service Thread" daemon [_thread_blocked, id=30033, stack(0x00007f90a7822000,0x00007f90a7923000)]
  0x00007f90d80be800 JavaThread "C1 CompilerThread2" daemon [_thread_in_native, id=30032, stack(0x00007f90a7923000,0x00007f90a7a24000)]
  0x00007f90d80bd000 JavaThread "C2 CompilerThread1" daemon [_thread_in_native, id=30031, stack(0x00007f90a7a24000,0x00007f90a7b25000)]
  0x00007f90d80ba000 JavaThread "C2 CompilerThread0" daemon [_thread_blocked, id=30030, stack(0x00007f90a7b25000,0x00007f90a7c26000)]
  0x00007f90d80b8800 JavaThread "Signal Dispatcher" daemon [_thread_blocked, id=30029, stack(0x00007f90a7c26000,0x00007f90a7d27000)]
  0x00007f90d8084800 JavaThread "Finalizer" daemon [_thread_blocked, id=30026, stack(0x00007f90c40c5000,0x00007f90c41c6000)]
  0x00007f90d8080000 JavaThread "Reference Handler" daemon [_thread_blocked, id=30025, stack(0x00007f90c41c6000,0x00007f90c42c7000)]
  0x00007f90d800a800 JavaThread "main" [_thread_blocked, id=30013, stack(0x00007f90de6e1000,0x00007f90de7e2000)]

Other Threads:
  0x00007f90d8078000 VMThread [stack: 0x00007f90c42c7000,0x00007f90c43c8000] [id=30023]
  0x00007f90d80c4800 WatcherThread [stack: 0x00007f90a7721000,0x00007f90a7822000] [id=30034]

VM state:not at safepoint (normal execution)

VM Mutex/Monitor currently owned by a thread: None

Heap:
 PSYoungGen      total 17920K, used 13816K [0x00000000ec300000, 0x00000000ed700000, 0x0000000100000000)
  eden space 15360K, 89% used [0x00000000ec300000,0x00000000ed07e2c0,0x00000000ed200000)
  from space 2560K, 0% used [0x00000000ed200000,0x00000000ed200000,0x00000000ed480000)
  to   space 2560K, 0% used [0x00000000ed480000,0x00000000ed480000,0x00000000ed700000)
 ParOldGen       total 24576K, used 6548K [0x00000000c4800000, 0x00000000c6000000, 0x00000000ec300000)
  object space 24576K, 26% used [0x00000000c4800000,0x00000000c4e652c0,0x00000000c6000000)
 Metaspace       used 22906K, capacity 23612K, committed 23936K, reserved 1071104K
  class space    used 2969K, capacity 3126K, committed 3200K, reserved 1048576K

Card table byte_map: [0x00007f90c8211000,0x00007f90c83ee000] byte_map_base: 0x00007f90c7bed000

Marking Bits: (ParMarkBitMap*) 0x00007f90ddbb8220
 Begin Bits: [0x00007f90c5f0f000, 0x00007f90c6def000)
 End Bits:   [0x00007f90c6def000, 0x00007f90c7ccf000)

Polling page: 0x00007f90de807000

CodeCache: size=245760Kb used=9003Kb max_used=9003Kb free=236756Kb
 bounds [0x00007f90c87ae000, 0x00007f90c908e000, 0x00007f90d77ae000]
 total_blobs=3928 nmethods=3104 adapters=736
 compilation: enabled

Compilation events (10 events):
Event: 305.785 Thread 0x00007f90d80be800 nmethod 3330 0x00007f90c907d390 code [0x00007f90c907d580, 0x00007f90c907e128]
Event: 305.785 Thread 0x00007f90d80be800 3333       3       javafx.scene.CssStyleHelper::updateParentTriggerStates (106 bytes)
Event: 305.786 Thread 0x00007f90d80be800 nmethod 3333 0x00007f90c90803d0 code [0x00007f90c9080620, 0x00007f90c9081448]
Event: 305.786 Thread 0x00007f90d80be800 3331       3       javafx.beans.property.ObjectPropertyBase::addListener (14 bytes)
Event: 305.787 Thread 0x00007f90d80be800 nmethod 3331 0x00007f90c907fcd0 code [0x00007f90c907fe40, 0x00007f90c907ffe8]
Event: 305.787 Thread 0x00007f90d80be800 3335       3       com.sun.javafx.text.PrismTextLayout::initCache (276 bytes)
Event: 305.788 Thread 0x00007f90d80be800 nmethod 3335 0x00007f90c907ecd0 code [0x00007f90c907eec0, 0x00007f90c907f998]
Event: 305.788 Thread 0x00007f90d80be800 3336       3       com.sun.javafx.text.PrismTextLayout::copyCache (49 bytes)
Event: 305.789 Thread 0x00007f90d80be800 nmethod 3336 0x00007f90c9081c10 code [0x00007f90c9081d80, 0x00007f90c9082048]
Event: 305.789 Thread 0x00007f90d80be800 3334       3       javafx.scene.text.Text::impl_geomChanged (59 bytes)

GC Heap History (8 events):
Event: 0.957 GC heap before
{Heap before GC invocations=1 (full 0):
 PSYoungGen      total 17920K, used 15360K [0x00000000ec300000, 0x00000000ed700000, 0x0000000100000000)
  eden space 15360K, 100% used [0x00000000ec300000,0x00000000ed200000,0x00000000ed200000)
  from space 2560K, 0% used [0x00000000ed480000,0x00000000ed480000,0x00000000ed700000)
  to   space 2560K, 0% used [0x00000000ed200000,0x00000000ed200000,0x00000000ed480000)
 ParOldGen       total 40960K, used 0K [0x00000000c4800000, 0x00000000c7000000, 0x00000000ec300000)
  object space 40960K, 0% used [0x00000000c4800000,0x00000000c4800000,0x00000000c7000000)
 Metaspace       used 10091K, capacity 10460K, committed 10624K, reserved 1058816K
  class space    used 1247K, capacity 1368K, committed 1408K, reserved 1048576K
Event: 0.964 GC heap after
Heap after GC invocations=1 (full 0):
 PSYoungGen      total 17920K, used 2528K [0x00000000ec300000, 0x00000000ed700000, 0x0000000100000000)
  eden space 15360K, 0% used [0x00000000ec300000,0x00000000ec300000,0x00000000ed200000)
  from space 2560K, 98% used [0x00000000ed200000,0x00000000ed478050,0x00000000ed480000)
  to   space 2560K, 0% used [0x00000000ed480000,0x00000000ed480000,0x00000000ed700000)
 ParOldGen       total 40960K, used 376K [0x00000000c4800000, 0x00000000c7000000, 0x00000000ec300000)
  object space 40960K, 0% used [0x00000000c4800000,0x00000000c485e000,0x00000000c7000000)
 Metaspace       used 10091K, capacity 10460K, committed 10624K, reserved 1058816K
  class space    used 1247K, capacity 1368K, committed 1408K, reserved 1048576K
}
Event: 26.494 GC heap before
{Heap before GC invocations=2 (full 0):
 PSYoungGen      total 17920K, used 17888K [0x00000000ec300000, 0x00000000ed700000, 0x0000000100000000)
  eden space 15360K, 100% used [0x00000000ec300000,0x00000000ed200000,0x00000000ed200000)
  from space 2560K, 98% used [0x00000000ed200000,0x00000000ed478050,0x00000000ed480000)
  to   space 2560K, 0% used [0x00000000ed480000,0x00000000ed480000,0x00000000ed700000)
 ParOldGen       total 40960K, used 376K [0x00000000c4800000, 0x00000000c7000000, 0x00000000ec300000)
  object space 40960K, 0% used [0x00000000c4800000,0x00000000c485e000,0x00000000c7000000)
 Metaspace       used 15631K, capacity 16248K, committed 16512K, reserved 1062912K
  class space    used 2206K, capacity 2358K, committed 2432K, reserved 1048576K
Event: 26.511 GC heap after
Heap after GC invocations=2 (full 0):
 PSYoungGen      total 17920K, used 2544K [0x00000000ec300000, 0x00000000ed700000, 0x0000000100000000)
  eden space 15360K, 0% used [0x00000000ec300000,0x00000000ec300000,0x00000000ed200000)
  from space 2560K, 99% used [0x00000000ed480000,0x00000000ed6fc040,0x00000000ed700000)
  to   space 2560K, 0% used [0x00000000ed200000,0x00000000ed200000,0x00000000ed480000)
 ParOldGen       total 40960K, used 2884K [0x00000000c4800000, 0x00000000c7000000, 0x00000000ec300000)
  object space 40960K, 7% used [0x00000000c4800000,0x00000000c4ad1318,0x00000000c7000000)
 Metaspace       used 15631K, capacity 16248K, committed 16512K, reserved 1062912K
  class space    used 2206K, capacity 2358K, committed 2432K, reserved 1048576K
}
Event: 40.767 GC heap before
{Heap before GC invocations=3 (full 0):
 PSYoungGen      total 17920K, used 8168K [0x00000000ec300000, 0x00000000ed700000, 0x0000000100000000)
  eden space 15360K, 36% used [0x00000000ec300000,0x00000000ec87e3a8,0x00000000ed200000)
  from space 2560K, 99% used [0x00000000ed480000,0x00000000ed6fc040,0x00000000ed700000)
  to   space 2560K, 0% used [0x00000000ed200000,0x00000000ed200000,0x00000000ed480000)
 ParOldGen       total 40960K, used 2884K [0x00000000c4800000, 0x00000000c7000000, 0x00000000ec300000)
  object space 40960K, 7% used [0x00000000c4800000,0x00000000c4ad1318,0x00000000c7000000)
 Metaspace       used 20522K, capacity 21192K, committed 21296K, reserved 1067008K
  class space    used 2752K, capacity 2926K, committed 2944K, reserved 1048576K
Event: 40.774 GC heap after
Heap after GC invocations=3 (full 0):
 PSYoungGen      total 17920K, used 2528K [0x00000000ec300000, 0x00000000ed700000, 0x0000000100000000)
  eden space 15360K, 0% used [0x00000000ec300000,0x00000000ec300000,0x00000000ed200000)
  from space 2560K, 98% used [0x00000000ed200000,0x00000000ed478020,0x00000000ed480000)
  to   space 2560K, 0% used [0x00000000ed480000,0x00000000ed480000,0x00000000ed700000)
 ParOldGen       total 40960K, used 4471K [0x00000000c4800000, 0x00000000c7000000, 0x00000000ec300000)
  object space 40960K, 10% used [0x00000000c4800000,0x00000000c4c5dea0,0x00000000c7000000)
 Metaspace       used 20522K, capacity 21192K, committed 21296K, reserved 1067008K
  class space    used 2752K, capacity 2926K, committed 2944K, reserved 1048576K
}
Event: 40.774 GC heap before
{Heap before GC invocations=4 (full 1):
 PSYoungGen      total 17920K, used 2528K [0x00000000ec300000, 0x00000000ed700000, 0x0000000100000000)
  eden space 15360K, 0% used [0x00000000ec300000,0x00000000ec300000,0x00000000ed200000)
  from space 2560K, 98% used [0x00000000ed200000,0x00000000ed478020,0x00000000ed480000)
  to   space 2560K, 0% used [0x00000000ed480000,0x00000000ed480000,0x00000000ed700000)
 ParOldGen       total 40960K, used 4471K [0x00000000c4800000, 0x00000000c7000000, 0x00000000ec300000)
  object space 40960K, 10% used [0x00000000c4800000,0x00000000c4c5dea0,0x00000000c7000000)
 Metaspace       used 20522K, capacity 21192K, committed 21296K, reserved 1067008K
  class space    used 2752K, capacity 2926K, committed 2944K, reserved 1048576K
Event: 40.825 GC heap after
Heap after GC invocations=4 (full 1):
 PSYoungGen      total 17920K, used 0K [0x00000000ec300000, 0x00000000ed700000, 0x0000000100000000)
  eden space 15360K, 0% used [0x00000000ec300000,0x00000000ec300000,0x00000000ed200000)
  from space 2560K, 0% used [0x00000000ed200000,0x00000000ed200000,0x00000000ed480000)
  to   space 2560K, 0% used [0x00000000ed480000,0x00000000ed480000,0x00000000ed700000)
 ParOldGen       total 24576K, used 6548K [0x00000000c4800000, 0x00000000c6000000, 0x00000000ec300000)
  object space 24576K, 26% used [0x00000000c4800000,0x00000000c4e652c0,0x00000000c6000000)
 Metaspace       used 20522K, capacity 21192K, committed 21296K, reserved 1067008K
  class space    used 2752K, capacity 2926K, committed 2944K, reserved 1048576K
}

Deoptimization events (10 events):
Event: 40.839 Thread 0x00007f908011c000 Uncommon trap: reason=class_check action=maybe_recompile pc=0x00007f90c8af89f4 method=java.util.HashMap.putVal(ILjava/lang/Object;Ljava/lang/Object;ZZ)Ljava/lang/Object; @ 253
Event: 40.839 Thread 0x00007f908011c000 Uncommon trap: reason=class_check action=maybe_recompile pc=0x00007f90c8af89f4 method=java.util.HashMap.putVal(ILjava/lang/Object;Ljava/lang/Object;ZZ)Ljava/lang/Object; @ 253
Event: 40.840 Thread 0x00007f908011c000 Uncommon trap: reason=class_check action=maybe_recompile pc=0x00007f90c8af89f4 method=java.util.HashMap.putVal(ILjava/lang/Object;Ljava/lang/Object;ZZ)Ljava/lang/Object; @ 253
Event: 40.840 Thread 0x00007f908011c000 Uncommon trap: reason=unstable_if action=reinterpret pc=0x00007f90c8c96ae8 method=java.lang.String.trim()Ljava/lang/String; @ 23
Event: 40.870 Thread 0x00007f908011c000 Uncommon trap: reason=unstable_if action=reinterpret pc=0x00007f90c8c30f20 method=java.util.concurrent.locks.ReentrantLock$Sync.tryRelease(I)Z @ 28
Event: 305.706 Thread 0x00007f908011c000 Uncommon trap: reason=array_check action=maybe_recompile pc=0x00007f90c8ffc0f0 method=com.sun.javafx.css.SimpleSelector.applies(Ljavafx/css/Styleable;[Ljava/util/Set;I)Z @ 37
Event: 305.706 Thread 0x00007f908011c000 Uncommon trap: reason=array_check action=maybe_recompile pc=0x00007f90c901e2c4 method=com.sun.javafx.css.SimpleSelector.applies(Ljavafx/css/Styleable;[Ljava/util/Set;I)Z @ 37
Event: 305.706 Thread 0x00007f908011c000 Uncommon trap: reason=array_check action=maybe_recompile pc=0x00007f90c901e2c4 method=com.sun.javafx.css.SimpleSelector.applies(Ljavafx/css/Styleable;[Ljava/util/Set;I)Z @ 37
Event: 305.707 Thread 0x00007f908011c000 Uncommon trap: reason=array_check action=maybe_recompile pc=0x00007f90c901e2c4 method=com.sun.javafx.css.SimpleSelector.applies(Ljavafx/css/Styleable;[Ljava/util/Set;I)Z @ 37
Event: 305.707 Thread 0x00007f908011c000 Uncommon trap: reason=array_check action=maybe_recompile pc=0x00007f90c8ffc0f0 method=com.sun.javafx.css.SimpleSelector.applies(Ljavafx/css/Styleable;[Ljava/util/Set;I)Z @ 37

Internal exceptions (10 events):
Event: 0.809 Thread 0x00007f908011c000 Exception <a 'java/lang/NullPointerException'> (0x00000000ece52c68) thrown at [/HUDSON3/workspace/8-2-build-linux-amd64/jdk8u111/7883/hotspot/src/share/vm/prims/jvm.cpp, line 1390]
Event: 0.948 Thread 0x00007f908011c000 Exception <a 'java/lang/ArrayIndexOutOfBoundsException': 58> (0x00000000ed1e1b60) thrown at [/HUDSON3/workspace/8-2-build-linux-amd64/jdk8u111/7883/hotspot/src/share/vm/interpreter/interpreterRuntime.cpp, line 366]
Event: 0.949 Thread 0x00007f908011c000 Exception <a 'java/lang/ArrayIndexOutOfBoundsException': 18> (0x00000000ed1e29e8) thrown at [/HUDSON3/workspace/8-2-build-linux-amd64/jdk8u111/7883/hotspot/src/share/vm/interpreter/interpreterRuntime.cpp, line 366]
Event: 0.949 Thread 0x00007f908011c000 Exception <a 'java/lang/ArrayIndexOutOfBoundsException': 86> (0x00000000ed1e3d90) thrown at [/HUDSON3/workspace/8-2-build-linux-amd64/jdk8u111/7883/hotspot/src/share/vm/interpreter/interpreterRuntime.cpp, line 366]
Event: 1.106 Thread 0x00007f908011c000 Implicit null exception at 0x00007f90c8a138b5 to 0x00007f90c8a13a99
Event: 40.549 Thread 0x00007f908011c000 Exception <a 'java/io/FileNotFoundException'> (0x00000000ec6501d8) thrown at [/HUDSON3/workspace/8-2-build-linux-amd64/jdk8u111/7883/hotspot/src/share/vm/prims/jni.cpp, line 709]
Event: 40.549 Thread 0x00007f908011c000 Exception <a 'java/io/FileNotFoundException'> (0x00000000ec650f60) thrown at [/HUDSON3/workspace/8-2-build-linux-amd64/jdk8u111/7883/hotspot/src/share/vm/prims/jni.cpp, line 709]
Event: 40.689 Thread 0x00007f908011c000 Implicit null exception at 0x00007f90c8c7d6b3 to 0x00007f90c8c7da81
Event: 40.690 Thread 0x00007f908011c000 Implicit null exception at 0x00007f90c89b9536 to 0x00007f90c89b98e5
Event: 41.033 Thread 0x00007f90643c5000 Exception <a 'java/lang/UnsupportedOperationException': > (0x00000000ec3ecbd0) thrown at [/HUDSON3/workspace/8-2-build-linux-amd64/jdk8u111/7883/hotspot/src/share/vm/prims/jni.cpp, line 735]

Events (10 events):
Event: 305.706 Thread 0x00007f908011c000 DEOPT UNPACKING pc=0x00007f90c87b3229 sp=0x00007f9074439c10 mode 2
Event: 305.706 Thread 0x00007f908011c000 Uncommon trap: trap_request=0xffffffd6 fr.pc=0x00007f90c901e2c4
Event: 305.707 Thread 0x00007f908011c000 DEOPT PACKING pc=0x00007f90c901e2c4 sp=0x00007f9074439c90
Event: 305.707 Thread 0x00007f908011c000 DEOPT UNPACKING pc=0x00007f90c87b3229 sp=0x00007f9074439c10 mode 2
Event: 305.707 Thread 0x00007f908011c000 Uncommon trap: trap_request=0xffffffd6 fr.pc=0x00007f90c901e2c4
Event: 305.707 Thread 0x00007f908011c000 DEOPT PACKING pc=0x00007f90c901e2c4 sp=0x00007f9074439c20
Event: 305.707 Thread 0x00007f908011c000 DEOPT UNPACKING pc=0x00007f90c87b3229 sp=0x00007f9074439ba0 mode 2
Event: 305.707 Thread 0x00007f908011c000 Uncommon trap: trap_request=0xffffffd6 fr.pc=0x00007f90c8ffc0f0
Event: 305.707 Thread 0x00007f908011c000 DEOPT PACKING pc=0x00007f90c8ffc0f0 sp=0x00007f9074439bc0
Event: 305.707 Thread 0x00007f908011c000 DEOPT UNPACKING pc=0x00007f90c87b3229 sp=0x00007f9074439b90 mode 2


Dynamic libraries:
00400000-00401000 r-xp 00000000 08:03 2493609                            /usr/lib/jvm/java-8-oracle/bin/java
00600000-00601000 rw-p 00000000 08:03 2493609                            /usr/lib/jvm/java-8-oracle/bin/java
02194000-021b5000 rw-p 00000000 00:00 0                                  [heap]
40fd7000-40fd9000 r-xs 00000000 08:03 262240                             /tmp/.glH8Nj61 (deleted)
41053000-410f3000 rw-p 00000000 00:00 0 
c4800000-c6000000 rw-p 00000000 00:00 0 
c6000000-ec300000 ---p 00000000 00:00 0 
ec300000-ed700000 rw-p 00000000 00:00 0 
ed700000-100000000 ---p 00000000 00:00 0 
100000000-100320000 rw-p 00000000 00:00 0 
100320000-140000000 ---p 00000000 00:00 0 
7f9040000000-7f9040021000 rw-p 00000000 00:00 0 
7f9040021000-7f9044000000 ---p 00000000 00:00 0 
7f9048000000-7f9048021000 rw-p 00000000 00:00 0 
7f9048021000-7f904c000000 ---p 00000000 00:00 0 
7f904c000000-7f904c021000 rw-p 00000000 00:00 0 
7f904c021000-7f9050000000 ---p 00000000 00:00 0 
7f9050000000-7f9050021000 rw-p 00000000 00:00 0 
7f9050021000-7f9054000000 ---p 00000000 00:00 0 
7f9054000000-7f905402a000 rw-p 00000000 00:00 0 
7f905402a000-7f9058000000 ---p 00000000 00:00 0 
7f9058000000-7f9058021000 rw-p 00000000 00:00 0 
7f9058021000-7f905c000000 ---p 00000000 00:00 0 
7f905cdc5000-7f905ce05000 rw-p 00000000 00:00 0 
7f905ce05000-7f905cfc5000 ---p 00000000 00:00 0 
7f905cfc5000-7f905d1c5000 rw-p 00000000 00:00 0 
7f905d1c5000-7f905d1c8000 ---p 00000000 00:00 0 
7f905d1c8000-7f905d2c6000 rw-p 00000000 00:00 0 
7f905d2c6000-7f905d2c9000 ---p 00000000 00:00 0 
7f905d2c9000-7f905d3c7000 rw-p 00000000 00:00 0 
7f905d3c7000-7f905d430000 r-xp 00000000 08:03 2493750                    /usr/lib/jvm/java-8-oracle/jre/lib/amd64/libt2k.so
7f905d430000-7f905d630000 ---p 00069000 08:03 2493750                    /usr/lib/jvm/java-8-oracle/jre/lib/amd64/libt2k.so
7f905d630000-7f905d637000 rw-p 00069000 08:03 2493750                    /usr/lib/jvm/java-8-oracle/jre/lib/amd64/libt2k.so
7f905d637000-7f905d647000 rw-p 00000000 00:00 0 
7f905d647000-7f905d658000 r-xp 00000000 08:03 2493718                    /usr/lib/jvm/java-8-oracle/jre/lib/amd64/libnio.so
7f905d658000-7f905d857000 ---p 00011000 08:03 2493718                    /usr/lib/jvm/java-8-oracle/jre/lib/amd64/libnio.so
7f905d857000-7f905d858000 rw-p 00010000 08:03 2493718                    /usr/lib/jvm/java-8-oracle/jre/lib/amd64/libnio.so
7f905d858000-7f905d85b000 ---p 00000000 00:00 0 
7f905d85b000-7f905db59000 rw-p 00000000 00:00 0 
7f905db59000-7f905db5c000 ---p 00000000 00:00 0 
7f905db5c000-7f905dc5a000 rw-p 00000000 00:00 0 
7f905dc5a000-7f905dc5d000 ---p 00000000 00:00 0 
7f905dc5d000-7f905dd5b000 rw-p 00000000 00:00 0 
7f905dd5b000-7f905ddc0000 r-xp 00000000 08:03 2493712                    /usr/lib/jvm/java-8-oracle/jre/lib/amd64/libfontmanager.so
7f905ddc0000-7f905dfbf000 ---p 00065000 08:03 2493712                    /usr/lib/jvm/java-8-oracle/jre/lib/amd64/libfontmanager.so
7f905dfbf000-7f905dfc4000 rw-p 00064000 08:03 2493712                    /usr/lib/jvm/java-8-oracle/jre/lib/amd64/libfontmanager.so
7f905dfc4000-7f905dfd4000 rw-p 00000000 00:00 0 
7f905dfd4000-7f905e028000 r-xp 00000000 08:03 2493720                    /usr/lib/jvm/java-8-oracle/jre/lib/amd64/libawt_xawt.so
7f905e028000-7f905e228000 ---p 00054000 08:03 2493720                    /usr/lib/jvm/java-8-oracle/jre/lib/amd64/libawt_xawt.so
7f905e228000-7f905e22c000 rw-p 00054000 08:03 2493720                    /usr/lib/jvm/java-8-oracle/jre/lib/amd64/libawt_xawt.so
7f905e22c000-7f905e22d000 rw-p 00000000 00:00 0 
7f905e22d000-7f905e2cf000 r-xp 00000000 08:03 2493753                    /usr/lib/jvm/java-8-oracle/jre/lib/amd64/libawt.so
7f905e2cf000-7f905e4cf000 ---p 000a2000 08:03 2493753                    /usr/lib/jvm/java-8-oracle/jre/lib/amd64/libawt.so
7f905e4cf000-7f905e4db000 rw-p 000a2000 08:03 2493753                    /usr/lib/jvm/java-8-oracle/jre/lib/amd64/libawt.so
7f905e4db000-7f905e6ff000 rw-p 00000000 00:00 0 
7f905e6ff000-7f905e8ff000 rw-s 349cf000 00:06 552                        /dev/nvidiactl
7f905e8ff000-7f905f100000 rw-p 00000000 00:00 0 
7f905f100000-7f905f300000 rw-s 901f9000 00:06 552                        /dev/nvidiactl
7f905f300000-7f905f500000 rw-p 00000000 00:00 0 
7f905f500000-7f905f503000 ---p 00000000 00:00 0 
7f905f503000-7f905f601000 rw-p 00000000 00:00 0 
7f905f601000-7f905f6ba000 r--p 00000000 08:03 1312293                    /usr/share/fonts/truetype/dejavu/DejaVuSans.ttf
7f905f6ba000-7f905f70f000 r--p 00000000 08:03 2493784                    /usr/lib/jvm/java-8-oracle/jre/lib/fonts/LucidaBrightRegular.ttf
7f905f70f000-7f905f7ba000 r--p 00000000 08:03 2493781                    /usr/lib/jvm/java-8-oracle/jre/lib/fonts/LucidaSansRegular.ttf
7f905f7ba000-7f905f7f4000 r--p 00000000 08:03 2493783                    /usr/lib/jvm/java-8-oracle/jre/lib/fonts/LucidaTypewriterBold.ttf
7f905f7f4000-7f905f7f8000 r-xp 00000000 08:03 2493730                    /usr/lib/jvm/java-8-oracle/jre/lib/amd64/libjavafx_font_pango.so
7f905f7f8000-7f905f9f7000 ---p 00004000 08:03 2493730                    /usr/lib/jvm/java-8-oracle/jre/lib/amd64/libjavafx_font_pango.so
7f905f9f7000-7f905f9f8000 rw-p 00003000 08:03 2493730                    /usr/lib/jvm/java-8-oracle/jre/lib/amd64/libjavafx_font_pango.so
7f905f9f8000-7f905fbf8000 rw-p 00000000 00:00 0 
7f905fbf8000-7f905fbfd000 r-xp 00000000 08:03 2493726                    /usr/lib/jvm/java-8-oracle/jre/lib/amd64/libjavafx_font_freetype.so
7f905fbfd000-7f905fdfc000 ---p 00005000 08:03 2493726                    /usr/lib/jvm/java-8-oracle/jre/lib/amd64/libjavafx_font_freetype.so
7f905fdfc000-7f905fdfd000 rw-p 00004000 08:03 2493726                    /usr/lib/jvm/java-8-oracle/jre/lib/amd64/libjavafx_font_freetype.so
7f905fdfd000-7f905fe00000 r-xp 00000000 08:03 2493688                    /usr/lib/jvm/java-8-oracle/jre/lib/amd64/libjavafx_font.so
7f905fe00000-7f905ffff000 ---p 00003000 08:03 2493688                    /usr/lib/jvm/java-8-oracle/jre/lib/amd64/libjavafx_font.so
7f905ffff000-7f9060000000 rw-p 00002000 08:03 2493688                    /usr/lib/jvm/java-8-oracle/jre/lib/amd64/libjavafx_font.so
7f9060000000-7f9060021000 rw-p 00000000 00:00 0 
7f9060021000-7f9064000000 ---p 00000000 00:00 0 
7f9064000000-7f9064666000 rw-p 00000000 00:00 0 
7f9064666000-7f9068000000 ---p 00000000 00:00 0 
7f9068000000-7f9068022000 rw-p 00000000 00:00 0 
7f9068022000-7f906c000000 ---p 00000000 00:00 0 
7f906c000000-7f906c021000 rw-p 00000000 00:00 0 
7f906c021000-7f9070000000 ---p 00000000 00:00 0 
7f9070000000-7f9070021000 rw-p 00000000 00:00 0 
7f9070021000-7f9074000000 ---p 00000000 00:00 0 
7f907400e000-7f9074022000 r--p 00000000 08:03 2493785                    /usr/lib/jvm/java-8-oracle/jre/lib/fonts/LucidaBrightItalic.ttf
7f9074022000-7f9074035000 r--p 00000000 08:03 2493789                    /usr/lib/jvm/java-8-oracle/jre/lib/fonts/LucidaBrightDemiItalic.ttf
7f9074035000-7f9074048000 r--p 00000000 08:03 2493782                    /usr/lib/jvm/java-8-oracle/jre/lib/fonts/LucidaBrightDemiBold.ttf
7f9074048000-7f9074084000 r--p 00000000 08:03 2493787                    /usr/lib/jvm/java-8-oracle/jre/lib/fonts/LucidaTypewriterRegular.ttf
7f9074084000-7f90740d2000 r--p 00000000 08:03 2493788                    /usr/lib/jvm/java-8-oracle/jre/lib/fonts/LucidaSansDemiBold.ttf
7f90740d2000-7f90740d7000 r--s 00084000 08:03 2493792                    /usr/lib/jvm/java-8-oracle/jre/lib/jfr.jar
7f90740d7000-7f90740e2000 r--s 00000000 08:03 664008                     /var/cache/fontconfig/945677eb7aeaf62f1d50efc3fb3ec7d8-le64.cache-6
7f90740e2000-7f90740e8000 r--s 00000000 08:03 664037                     /var/cache/fontconfig/2cd17615ca594fa2959ae173292e504c-le64.cache-6
7f90740e8000-7f90740e9000 r--s 00000000 08:03 664036                     /var/cache/fontconfig/0d8c3b2ac0904cb8a57a757ad11a4a08-le64.cache-6
7f90740e9000-7f90740fe000 r--s 00000000 08:03 664034                     /var/cache/fontconfig/04aabc0a78ac019cf9454389977116d2-le64.cache-6
7f90740fe000-7f90740ff000 r--s 00000000 08:03 664033                     /var/cache/fontconfig/1ac9eb803944fde146138c791f5cc56a-le64.cache-6
7f90740ff000-7f9074103000 r--s 00000000 08:03 664032                     /var/cache/fontconfig/385c0604a188198f04d133e54aba7fe7-le64.cache-6
7f9074103000-7f9074104000 r--s 00000000 08:03 664030                     /var/cache/fontconfig/dc05db6664285cc2f12bf69c139ae4c3-le64.cache-6
7f9074104000-7f9074107000 r--s 00000000 08:03 664029                     /var/cache/fontconfig/767a8244fc0220cfb567a839d0392e0b-le64.cache-6
7f9074107000-7f9074108000 r--s 00000000 08:03 664027                     /var/cache/fontconfig/4794a0821666d79190d59a36cb4f44b5-le64.cache-6
7f9074108000-7f907410d000 r--s 00000000 08:03 664018                     /var/cache/fontconfig/8801497958630a81b71ace7c5f9b32a8-le64.cache-6
7f907410d000-7f907410e000 r--s 00000000 08:03 664017                     /var/cache/fontconfig/bab58bb527bb656aaa9f116d68a48d89-le64.cache-6
7f907410e000-7f9074115000 r--s 00000000 08:03 664015                     /var/cache/fontconfig/3047814df9a2f067bd2d96a2b9c36e5a-le64.cache-6
7f9074115000-7f9074116000 r--s 00000000 08:03 664014                     /var/cache/fontconfig/56cf4f4769d0f4abc89a4895d7bd3ae1-le64.cache-6
7f9074116000-7f907411c000 r--s 00000000 08:03 664011                     /var/cache/fontconfig/b47c4e1ecd0709278f4910c18777a504-le64.cache-6
7f907411c000-7f907412f000 r--s 00000000 08:03 664009                     /var/cache/fontconfig/d52a8644073d54c13679302ca1180695-le64.cache-6
7f907412f000-7f9074133000 r--s 00000000 08:03 664006                     /var/cache/fontconfig/d589a48862398ed80a3d6066f4f56f4c-le64.cache-6
7f9074133000-7f907413e000 r--s 00000000 08:03 663991                     /var/cache/fontconfig/83bf95040141907cd45bb53cf7c1c148-le64.cache-6
7f907413e000-7f907433e000 rw-p 00000000 00:00 0 
7f907433e000-7f9074341000 ---p 00000000 00:00 0 
7f9074341000-7f907443f000 rw-p 00000000 00:00 0 
7f907443f000-7f9074442000 ---p 00000000 00:00 0 
7f9074442000-7f9074540000 rw-p 00000000 00:00 0 
7f9074540000-7f9074541000 ---p 00000000 00:00 0 
7f9074541000-7f9074d41000 rw-p 00000000 00:00 0 
7f9074d41000-7f9074d42000 ---p 00000000 00:00 0 
7f9074d42000-7f9075542000 rw-p 00000000 00:00 0 
7f9075542000-7f9075543000 ---p 00000000 00:00 0 
7f9075543000-7f9075d43000 rw-p 00000000 00:00 0 
7f9075d43000-7f9075d4e000 r-xp 00000000 08:03 657319                     /usr/lib/x86_64-linux-gnu/gio/modules/libdconfsettings.so
7f9075d4e000-7f9075f4e000 ---p 0000b000 08:03 657319                     /usr/lib/x86_64-linux-gnu/gio/modules/libdconfsettings.so
7f9075f4e000-7f9075f4f000 r--p 0000b000 08:03 657319                     /usr/lib/x86_64-linux-gnu/gio/modules/libdconfsettings.so
7f9075f4f000-7f9075f50000 rw-p 0000c000 08:03 657319                     /usr/lib/x86_64-linux-gnu/gio/modules/libdconfsettings.so
7f9075f50000-7f9075f98000 r--p 00000000 08:03 1312548                    /usr/share/glib-2.0/schemas/gschemas.compiled
7f9075f98000-7f9075f9f000 r-xp 00000000 08:03 403656                     /usr/lib/x86_64-linux-gnu/libogg.so.0.8.2
7f9075f9f000-7f907619f000 ---p 00007000 08:03 403656                     /usr/lib/x86_64-linux-gnu/libogg.so.0.8.2
7f907619f000-7f90761a0000 r--p 00007000 08:03 403656                     /usr/lib/x86_64-linux-gnu/libogg.so.0.8.2
7f90761a0000-7f90761a1000 rw-p 00008000 08:03 403656                     /usr/lib/x86_64-linux-gnu/libogg.so.0.8.2
7f90761a1000-7f90761cb000 r-xp 00000000 08:03 404005                     /usr/lib/x86_64-linux-gnu/libvorbis.so.0.4.8
7f90761cb000-7f90763cb000 ---p 0002a000 08:03 404005                     /usr/lib/x86_64-linux-gnu/libvorbis.so.0.4.8
7f90763cb000-7f90763cc000 r--p 0002a000 08:03 404005                     /usr/lib/x86_64-linux-gnu/libvorbis.so.0.4.8
7f90763cc000-7f90763cd000 rw-p 0002b000 08:03 404005                     /usr/lib/x86_64-linux-gnu/libvorbis.so.0.4.8
7f90763cd000-7f90763d6000 r-xp 00000000 08:03 403523                     /usr/lib/x86_64-linux-gnu/libltdl.so.7.3.1
7f90763d6000-7f90765d5000 ---p 00009000 08:03 403523                     /usr/lib/x86_64-linux-gnu/libltdl.so.7.3.1
7f90765d5000-7f90765d6000 r--p 00008000 08:03 403523                     /usr/lib/x86_64-linux-gnu/libltdl.so.7.3.1
7f90765d6000-7f90765d7000 rw-p 00009000 08:03 403523                     /usr/lib/x86_64-linux-gnu/libltdl.so.7.3.1
7f90765d7000-7f90765eb000 r-xp 00000000 08:03 403898                     /usr/lib/x86_64-linux-gnu/libtdb.so.1.3.8
7f90765eb000-7f90767ea000 ---p 00014000 08:03 403898                     /usr/lib/x86_64-linux-gnu/libtdb.so.1.3.8
7f90767ea000-7f90767eb000 r--p 00013000 08:03 403898                     /usr/lib/x86_64-linux-gnu/libtdb.so.1.3.8
7f90767eb000-7f90767ec000 rw-p 00014000 08:03 403898                     /usr/lib/x86_64-linux-gnu/libtdb.so.1.3.8
7f90767ec000-7f90767f3000 r-xp 00000000 08:03 404009                     /usr/lib/x86_64-linux-gnu/libvorbisfile.so.3.3.7
7f90767f3000-7f90769f3000 ---p 00007000 08:03 404009                     /usr/lib/x86_64-linux-gnu/libvorbisfile.so.3.3.7
7f90769f3000-7f90769f4000 r--p 00007000 08:03 404009                     /usr/lib/x86_64-linux-gnu/libvorbisfile.so.3.3.7
7f90769f4000-7f90769f5000 rw-p 00008000 08:03 404009                     /usr/lib/x86_64-linux-gnu/libvorbisfile.so.3.3.7
7f90769f5000-7f9076a05000 r-xp 00000000 08:03 402920                     /usr/lib/x86_64-linux-gnu/libcanberra.so.0.2.5
7f9076a05000-7f9076c04000 ---p 00010000 08:03 402920                     /usr/lib/x86_64-linux-gnu/libcanberra.so.0.2.5
7f9076c04000-7f9076c05000 r--p 0000f000 08:03 402920                     /usr/lib/x86_64-linux-gnu/libcanberra.so.0.2.5
7f9076c05000-7f9076c06000 rw-p 00010000 08:03 402920                     /usr/lib/x86_64-linux-gnu/libcanberra.so.0.2.5
7f9076c06000-7f9076c0a000 r-xp 00000000 08:03 402916                     /usr/lib/x86_64-linux-gnu/libcanberra-gtk.so.0.1.9
7f9076c0a000-7f9076e09000 ---p 00004000 08:03 402916                     /usr/lib/x86_64-linux-gnu/libcanberra-gtk.so.0.1.9
7f9076e09000-7f9076e0a000 r--p 00003000 08:03 402916                     /usr/lib/x86_64-linux-gnu/libcanberra-gtk.so.0.1.9
7f9076e0a000-7f9076e0b000 rw-p 00004000 08:03 402916                     /usr/lib/x86_64-linux-gnu/libcanberra-gtk.so.0.1.9
7f9076e0b000-7f9076e10000 r-xp 00000000 08:03 657534                     /usr/lib/x86_64-linux-gnu/gtk-2.0/modules/libcanberra-gtk-module.so
7f9076e10000-7f907700f000 ---p 00005000 08:03 657534                     /usr/lib/x86_64-linux-gnu/gtk-2.0/modules/libcanberra-gtk-module.so
7f907700f000-7f9077010000 r--p 00004000 08:03 657534                     /usr/lib/x86_64-linux-gnu/gtk-2.0/modules/libcanberra-gtk-module.so
7f9077010000-7f9077011000 rw-p 00005000 08:03 657534                     /usr/lib/x86_64-linux-gnu/gtk-2.0/modules/libcanberra-gtk-module.so
7f9077011000-7f9077041000 r-xp 00000000 08:03 657346                     /usr/lib/x86_64-linux-gnu/gtk-2.0/2.10.0/engines/libmurrine.so
7f9077041000-7f9077241000 ---p 00030000 08:03 657346                     /usr/lib/x86_64-linux-gnu/gtk-2.0/2.10.0/engines/libmurrine.so
7f9077241000-7f9077242000 r--p 00030000 08:03 657346                     /usr/lib/x86_64-linux-gnu/gtk-2.0/2.10.0/engines/libmurrine.so
7f9077242000-7f9077243000 rw-p 00031000 08:03 657346                     /usr/lib/x86_64-linux-gnu/gtk-2.0/2.10.0/engines/libmurrine.so
7f9077243000-7f9077253000 r-xp 00000000 08:03 403954                     /usr/lib/x86_64-linux-gnu/libunity-gtk2-parser.so.0.0.0
7f9077253000-7f9077453000 ---p 00010000 08:03 403954                     /usr/lib/x86_64-linux-gnu/libunity-gtk2-parser.so.0.0.0
7f9077453000-7f9077454000 r--p 00010000 08:03 403954                     /usr/lib/x86_64-linux-gnu/libunity-gtk2-parser.so.0.0.0
7f9077454000-7f9077455000 rw-p 00011000 08:03 403954                     /usr/lib/x86_64-linux-gnu/libunity-gtk2-parser.so.0.0.0
7f9077455000-7f907745a000 r-xp 00000000 08:03 657538                     /usr/lib/x86_64-linux-gnu/gtk-2.0/modules/libunity-gtk-module.so
7f907745a000-7f9077659000 ---p 00005000 08:03 657538                     /usr/lib/x86_64-linux-gnu/gtk-2.0/modules/libunity-gtk-module.so
7f9077659000-7f907765a000 r--p 00004000 08:03 657538                     /usr/lib/x86_64-linux-gnu/gtk-2.0/modules/libunity-gtk-module.so
7f907765a000-7f907765b000 rw-p 00005000 08:03 657538                     /usr/lib/x86_64-linux-gnu/gtk-2.0/modules/libunity-gtk-module.so
7f907765b000-7f907766d000 r-xp 00000000 08:03 1840172                    /lib/x86_64-linux-gnu/libgpg-error.so.0.17.0
7f907766d000-7f907786d000 ---p 00012000 08:03 1840172                    /lib/x86_64-linux-gnu/libgpg-error.so.0.17.0
7f907786d000-7f907786e000 r--p 00012000 08:03 1840172                    /lib/x86_64-linux-gnu/libgpg-error.so.0.17.0
7f907786e000-7f907786f000 rw-p 00013000 08:03 1840172                    /lib/x86_64-linux-gnu/libgpg-error.so.0.17.0
7f907786f000-7f9077947000 r-xp 00000000 08:03 1839881                    /lib/x86_64-linux-gnu/libgcrypt.so.20.0.5
7f9077947000-7f9077b46000 ---p 000d8000 08:03 1839881                    /lib/x86_64-linux-gnu/libgcrypt.so.20.0.5
7f9077b46000-7f9077b47000 r--p 000d7000 08:03 1839881                    /lib/x86_64-linux-gnu/libgcrypt.so.20.0.5
7f9077b47000-7f9077b4f000 rw-p 000d8000 08:03 1839881                    /lib/x86_64-linux-gnu/libgcrypt.so.20.0.5
7f9077b4f000-7f9077b50000 rw-p 00000000 00:00 0 
7f9077b50000-7f9077b71000 r-xp 00000000 08:03 1840195                    /lib/x86_64-linux-gnu/liblzma.so.5.0.0
7f9077b71000-7f9077d70000 ---p 00021000 08:03 1840195                    /lib/x86_64-linux-gnu/liblzma.so.5.0.0
7f9077d70000-7f9077d71000 r--p 00020000 08:03 1840195                    /lib/x86_64-linux-gnu/liblzma.so.5.0.0
7f9077d71000-7f9077d72000 rw-p 00021000 08:03 1840195                    /lib/x86_64-linux-gnu/liblzma.so.5.0.0
7f9077d72000-7f9077df2000 r-xp 00000000 08:03 1836670                    /lib/x86_64-linux-gnu/libsystemd.so.0.14.0
7f9077df2000-7f9077df5000 r--p 0007f000 08:03 1836670                    /lib/x86_64-linux-gnu/libsystemd.so.0.14.0
7f9077df5000-7f9077df6000 rw-p 00082000 08:03 1836670                    /lib/x86_64-linux-gnu/libsystemd.so.0.14.0
7f9077df6000-7f9077df7000 rw-p 00000000 00:00 0 
7f9077df7000-7f9077e41000 r-xp 00000000 08:03 1839804                    /lib/x86_64-linux-gnu/libdbus-1.so.3.14.6
7f9077e41000-7f9078041000 ---p 0004a000 08:03 1839804                    /lib/x86_64-linux-gnu/libdbus-1.so.3.14.6
7f9078041000-7f9078042000 r--p 0004a000 08:03 1839804                    /lib/x86_64-linux-gnu/libdbus-1.so.3.14.6
7f9078042000-7f9078043000 rw-p 0004b000 08:03 1839804                    /lib/x86_64-linux-gnu/libdbus-1.so.3.14.6
7f9078043000-7f907806f000 r-xp 00000000 08:03 402862                     /usr/lib/x86_64-linux-gnu/libatspi.so.0.0.1
7f907806f000-7f907826e000 ---p 0002c000 08:03 402862                     /usr/lib/x86_64-linux-gnu/libatspi.so.0.0.1
7f907826e000-7f9078271000 r--p 0002b000 08:03 402862                     /usr/lib/x86_64-linux-gnu/libatspi.so.0.0.1
7f9078271000-7f9078272000 rw-p 0002e000 08:03 402862                     /usr/lib/x86_64-linux-gnu/libatspi.so.0.0.1
7f9078272000-7f907829f000 r-xp 00000000 08:03 402856                     /usr/lib/x86_64-linux-gnu/libatk-bridge-2.0.so.0.0.0
7f907829f000-7f907849e000 ---p 0002d000 08:03 402856                     /usr/lib/x86_64-linux-gnu/libatk-bridge-2.0.so.0.0.0
7f907849e000-7f907849f000 r--p 0002c000 08:03 402856                     /usr/lib/x86_64-linux-gnu/libatk-bridge-2.0.so.0.0.0
7f907849f000-7f90784a1000 rw-p 0002d000 08:03 402856                     /usr/lib/x86_64-linux-gnu/libatk-bridge-2.0.so.0.0.0
7f90784a1000-7f90784a2000 r-xp 00000000 08:03 657533                     /usr/lib/x86_64-linux-gnu/gtk-2.0/modules/libatk-bridge.so
7f90784a2000-7f90786a1000 ---p 00001000 08:03 657533                     /usr/lib/x86_64-linux-gnu/gtk-2.0/modules/libatk-bridge.so
7f90786a1000-7f90786a2000 r--p 00000000 08:03 657533                     /usr/lib/x86_64-linux-gnu/gtk-2.0/modules/libatk-bridge.so
7f90786a2000-7f90786a3000 rw-p 00001000 08:03 657533                     /usr/lib/x86_64-linux-gnu/gtk-2.0/modules/libatk-bridge.so
7f90786a3000-7f90786aa000 r-xp 00000000 08:03 403191                     /usr/lib/x86_64-linux-gnu/libgailutil.so.18.0.1
7f90786aa000-7f90788a9000 ---p 00007000 08:03 403191                     /usr/lib/x86_64-linux-gnu/libgailutil.so.18.0.1
7f90788a9000-7f90788aa000 r--p 00006000 08:03 403191                     /usr/lib/x86_64-linux-gnu/libgailutil.so.18.0.1
7f90788aa000-7f90788ab000 rw-p 00007000 08:03 403191                     /usr/lib/x86_64-linux-gnu/libgailutil.so.18.0.1
7f90788ab000-7f90788ae000 r--s 00000000 08:03 663998                     /var/cache/fontconfig/75114ca45c98e8a441da0ff356701271-le64.cache-6
7f90788ae000-7f90788c0000 r--s 00000000 08:03 663987                     /var/cache/fontconfig/9b89f8e3dae116d678bbf48e5f21f69b-le64.cache-6
7f90788c0000-7f90788cd000 r--s 00000000 08:03 656609                     /var/cache/fontconfig/e13b20fdb08344e0e664864cc2ede53d-le64.cache-6
7f90788cd000-7f907891b000 r-xp 00000000 08:03 657536                     /usr/lib/x86_64-linux-gnu/gtk-2.0/modules/libgail.so
7f907891b000-7f9078b1a000 ---p 0004e000 08:03 657536                     /usr/lib/x86_64-linux-gnu/gtk-2.0/modules/libgail.so
7f9078b1a000-7f9078b1b000 r--p 0004d000 08:03 657536                     /usr/lib/x86_64-linux-gnu/gtk-2.0/modules/libgail.so
7f9078b1b000-7f9078b1d000 rw-p 0004e000 08:03 657536                     /usr/lib/x86_64-linux-gnu/gtk-2.0/modules/libgail.so
7f9078b1d000-7f9078b2e000 r-xp 00000000 08:03 657537                     /usr/lib/x86_64-linux-gnu/gtk-2.0/modules/liboverlay-scrollbar.so
7f9078b2e000-7f9078d2e000 ---p 00011000 08:03 657537                     /usr/lib/x86_64-linux-gnu/gtk-2.0/modules/liboverlay-scrollbar.so
7f9078d2e000-7f9078d2f000 r--p 00011000 08:03 657537                     /usr/lib/x86_64-linux-gnu/gtk-2.0/modules/liboverlay-scrollbar.so
7f9078d2f000-7f9078d30000 rw-p 00012000 08:03 657537                     /usr/lib/x86_64-linux-gnu/gtk-2.0/modules/liboverlay-scrollbar.so
7f9078d30000-7f9078d59000 r-xp 00000000 08:03 2493738                    /usr/lib/jvm/java-8-oracle/jre/lib/amd64/libglass.so
7f9078d59000-7f9078f58000 ---p 00029000 08:03 2493738                    /usr/lib/jvm/java-8-oracle/jre/lib/amd64/libglass.so
7f9078f58000-7f9078f5b000 rw-p 00028000 08:03 2493738                    /usr/lib/jvm/java-8-oracle/jre/lib/amd64/libglass.so
7f9078f5b000-7f9078fdb000 rw-s 91322000 00:06 552                        /dev/nvidiactl
7f9078fdb000-7f907905b000 rw-s 2d021000 00:06 552                        /dev/nvidiactl
7f907905b000-7f90790db000 rw-s 5d17c000 00:06 552                        /dev/nvidiactl
7f90790db000-7f90791db000 rw-s 13e44d000 00:06 552                       /dev/nvidiactl
7f90791db000-7f907921b000 rw-s 1307f9000 00:06 552                       /dev/nvidiactl
7f907921b000-7f907a5b4000 r-xp 00000000 08:03 397054                     /usr/lib/nvidia-367/libnvidia-glcore.so.367.57
7f907a5b4000-7f907a5d4000 rwxp 01399000 08:03 397054                     /usr/lib/nvidia-367/libnvidia-glcore.so.367.57
7f907a5d4000-7f907a975000 r-xp 013b9000 08:03 397054                     /usr/lib/nvidia-367/libnvidia-glcore.so.367.57
7f907a975000-7f907ab74000 ---p 0175a000 08:03 397054                     /usr/lib/nvidia-367/libnvidia-glcore.so.367.57
7f907ab74000-7f907af3c000 rw-p 01759000 08:03 397054                     /usr/lib/nvidia-367/libnvidia-glcore.so.367.57
7f907af3c000-7f907af54000 rw-p 00000000 00:00 0 
7f907af54000-7f907af57000 r-xp 00000000 08:03 397058                     /usr/lib/nvidia-367/tls/libnvidia-tls.so.367.57
7f907af57000-7f907b157000 ---p 00003000 08:03 397058                     /usr/lib/nvidia-367/tls/libnvidia-tls.so.367.57
7f907b157000-7f907b158000 rw-p 00003000 08:03 397058                     /usr/lib/nvidia-367/tls/libnvidia-tls.so.367.57
7f907b158000-7f907b220000 r-xp 00000000 08:03 397034                     /usr/lib/nvidia-367/libGLX_nvidia.so.367.57
7f907b220000-7f907b254000 rwxp 000c8000 08:03 397034                     /usr/lib/nvidia-367/libGLX_nvidia.so.367.57
7f907b254000-7f907b267000 r-xp 000fc000 08:03 397034                     /usr/lib/nvidia-367/libGLX_nvidia.so.367.57
7f907b267000-7f907b467000 ---p 0010f000 08:03 397034                     /usr/lib/nvidia-367/libGLX_nvidia.so.367.57
7f907b467000-7f907b48f000 rw-p 0010f000 08:03 397034                     /usr/lib/nvidia-367/libGLX_nvidia.so.367.57
7f907b48f000-7f907b496000 rw-p 00000000 00:00 0 
7f907b496000-7f907b49c000 r-xp 00000000 08:03 403003                     /usr/lib/x86_64-linux-gnu/libdatrie.so.1.3.3
7f907b49c000-7f907b69c000 ---p 00006000 08:03 403003                     /usr/lib/x86_64-linux-gnu/libdatrie.so.1.3.3
7f907b69c000-7f907b69d000 r--p 00006000 08:03 403003                     /usr/lib/x86_64-linux-gnu/libdatrie.so.1.3.3
7f907b69d000-7f907b69e000 rw-p 00007000 08:03 403003                     /usr/lib/x86_64-linux-gnu/libdatrie.so.1.3.3
7f907b69e000-7f907b6a3000 r-xp 00000000 08:03 402761                     /usr/lib/x86_64-linux-gnu/libXdmcp.so.6.0.0
7f907b6a3000-7f907b8a2000 ---p 00005000 08:03 402761                     /usr/lib/x86_64-linux-gnu/libXdmcp.so.6.0.0
7f907b8a2000-7f907b8a3000 r--p 00004000 08:03 402761                     /usr/lib/x86_64-linux-gnu/libXdmcp.so.6.0.0
7f907b8a3000-7f907b8a4000 rw-p 00005000 08:03 402761                     /usr/lib/x86_64-linux-gnu/libXdmcp.so.6.0.0
7f907b8a4000-7f907b8a6000 r-xp 00000000 08:03 402750                     /usr/lib/x86_64-linux-gnu/libXau.so.6.0.0
7f907b8a6000-7f907baa6000 ---p 00002000 08:03 402750                     /usr/lib/x86_64-linux-gnu/libXau.so.6.0.0
7f907baa6000-7f907baa7000 r--p 00002000 08:03 402750                     /usr/lib/x86_64-linux-gnu/libXau.so.6.0.0
7f907baa7000-7f907baa8000 rw-p 00003000 08:03 402750                     /usr/lib/x86_64-linux-gnu/libXau.so.6.0.0
7f907baa8000-7f907bacb000 r-xp 00000000 08:03 403307                     /usr/lib/x86_64-linux-gnu/libgraphite2.so.3.0.1
7f907bacb000-7f907bcca000 ---p 00023000 08:03 403307                     /usr/lib/x86_64-linux-gnu/libgraphite2.so.3.0.1
7f907bcca000-7f907bccc000 r--p 00022000 08:03 403307                     /usr/lib/x86_64-linux-gnu/libgraphite2.so.3.0.1
7f907bccc000-7f907bccd000 rw-p 00024000 08:03 403307                     /usr/lib/x86_64-linux-gnu/libgraphite2.so.3.0.1
7f907bccd000-7f907bd1b000 r-xp 00000000 08:03 397050                     /usr/lib/nvidia-367/libGLdispatch.so.0
7f907bd1b000-7f907bd4d000 r-xp 0004e000 08:03 397050                     /usr/lib/nvidia-367/libGLdispatch.so.0
7f907bd4d000-7f907bd87000 r-xp 00080000 08:03 397050                     /usr/lib/nvidia-367/libGLdispatch.so.0
7f907bd87000-7f907bf87000 ---p 000ba000 08:03 397050                     /usr/lib/nvidia-367/libGLdispatch.so.0
7f907bf87000-7f907bf96000 rw-p 000ba000 08:03 397050                     /usr/lib/nvidia-367/libGLdispatch.so.0
7f907bf96000-7f907bfb6000 rw-p 00000000 00:00 0 
7f907bfb6000-7f907bfc6000 r-xp 00000000 08:03 397067                     /usr/lib/nvidia-367/libGLX.so.0
7f907bfc6000-7f907c1c6000 ---p 00010000 08:03 397067                     /usr/lib/nvidia-367/libGLX.so.0
7f907c1c6000-7f907c1c7000 rw-p 00010000 08:03 397067                     /usr/lib/nvidia-367/libGLX.so.0
7f907c1c7000-7f907c1e7000 rw-p 00000000 00:00 0 
7f907c1e7000-7f907c255000 r-xp 00000000 08:03 1840257                    /lib/x86_64-linux-gnu/libpcre.so.3.13.2
7f907c255000-7f907c455000 ---p 0006e000 08:03 1840257                    /lib/x86_64-linux-gnu/libpcre.so.3.13.2
7f907c455000-7f907c456000 r--p 0006e000 08:03 1840257                    /lib/x86_64-linux-gnu/libpcre.so.3.13.2
7f907c456000-7f907c457000 rw-p 0006f000 08:03 1840257                    /lib/x86_64-linux-gnu/libpcre.so.3.13.2
7f907c457000-7f907c45e000 r-xp 00000000 08:03 403132                     /usr/lib/x86_64-linux-gnu/libffi.so.6.0.4
7f907c45e000-7f907c65d000 ---p 00007000 08:03 403132                     /usr/lib/x86_64-linux-gnu/libffi.so.6.0.4
7f907c65d000-7f907c65e000 r--p 00006000 08:03 403132                     /usr/lib/x86_64-linux-gnu/libffi.so.6.0.4
7f907c65e000-7f907c65f000 rw-p 00007000 08:03 403132                     /usr/lib/x86_64-linux-gnu/libffi.so.6.0.4
7f907c65f000-7f907c685000 r-xp 00000000 08:03 1835072                    /lib/x86_64-linux-gnu/libexpat.so.1.6.0
7f907c685000-7f907c885000 ---p 00026000 08:03 1835072                    /lib/x86_64-linux-gnu/libexpat.so.1.6.0
7f907c885000-7f907c887000 r--p 00026000 08:03 1835072                    /lib/x86_64-linux-gnu/libexpat.so.1.6.0
7f907c887000-7f907c888000 rw-p 00028000 08:03 1835072                    /lib/x86_64-linux-gnu/libexpat.so.1.6.0
7f907c888000-7f907c890000 r-xp 00000000 08:03 403906                     /usr/lib/x86_64-linux-gnu/libthai.so.0.2.4
7f907c890000-7f907ca8f000 ---p 00008000 08:03 403906                     /usr/lib/x86_64-linux-gnu/libthai.so.0.2.4
7f907ca8f000-7f907ca90000 r--p 00007000 08:03 403906                     /usr/lib/x86_64-linux-gnu/libthai.so.0.2.4
7f907ca90000-7f907ca91000 rw-p 00008000 08:03 403906                     /usr/lib/x86_64-linux-gnu/libthai.so.0.2.4
7f907ca91000-7f907cab2000 r-xp 00000000 08:03 404128                     /usr/lib/x86_64-linux-gnu/libxcb.so.1.1.0
7f907cab2000-7f907ccb1000 ---p 00021000 08:03 404128                     /usr/lib/x86_64-linux-gnu/libxcb.so.1.1.0
7f907ccb1000-7f907ccb2000 r--p 00020000 08:03 404128                     /usr/lib/x86_64-linux-gnu/libxcb.so.1.1.0
7f907ccb2000-7f907ccb3000 rw-p 00021000 08:03 404128                     /usr/lib/x86_64-linux-gnu/libxcb.so.1.1.0
7f907ccb3000-7f907ccbb000 r-xp 00000000 08:03 404114                     /usr/lib/x86_64-linux-gnu/libxcb-render.so.0.0.0
7f907ccbb000-7f907cebb000 ---p 00008000 08:03 404114                     /usr/lib/x86_64-linux-gnu/libxcb-render.so.0.0.0
7f907cebb000-7f907cebc000 r--p 00008000 08:03 404114                     /usr/lib/x86_64-linux-gnu/libxcb-render.so.0.0.0
7f907cebc000-7f907cebd000 rw-p 00009000 08:03 404114                     /usr/lib/x86_64-linux-gnu/libxcb-render.so.0.0.0
7f907cebd000-7f907cebf000 r-xp 00000000 08:03 404118                     /usr/lib/x86_64-linux-gnu/libxcb-shm.so.0.0.0
7f907cebf000-7f907d0bf000 ---p 00002000 08:03 404118                     /usr/lib/x86_64-linux-gnu/libxcb-shm.so.0.0.0
7f907d0bf000-7f907d0c0000 r--p 00002000 08:03 404118                     /usr/lib/x86_64-linux-gnu/libxcb-shm.so.0.0.0
7f907d0c0000-7f907d0c1000 rw-p 00003000 08:03 404118                     /usr/lib/x86_64-linux-gnu/libxcb-shm.so.0.0.0
7f907d0c1000-7f907d0e5000 r-xp 00000000 08:03 1840269                    /lib/x86_64-linux-gnu/libpng12.so.0.54.0
7f907d0e5000-7f907d2e4000 ---p 00024000 08:03 1840269                    /lib/x86_64-linux-gnu/libpng12.so.0.54.0
7f907d2e4000-7f907d2e5000 r--p 00023000 08:03 1840269                    /lib/x86_64-linux-gnu/libpng12.so.0.54.0
7f907d2e5000-7f907d2e6000 rw-p 00024000 08:03 1840269                    /lib/x86_64-linux-gnu/libpng12.so.0.54.0
7f907d2e6000-7f907d385000 r-xp 00000000 08:03 403711                     /usr/lib/x86_64-linux-gnu/libpixman-1.so.0.33.6
7f907d385000-7f907d585000 ---p 0009f000 08:03 403711                     /usr/lib/x86_64-linux-gnu/libpixman-1.so.0.33.6
7f907d585000-7f907d58d000 r--p 0009f000 08:03 403711                     /usr/lib/x86_64-linux-gnu/libpixman-1.so.0.33.6
7f907d58d000-7f907d58e000 rw-p 000a7000 08:03 403711                     /usr/lib/x86_64-linux-gnu/libpixman-1.so.0.33.6
7f907d58e000-7f907d5ea000 r-xp 00000000 08:03 395340                     /usr/lib/x86_64-linux-gnu/libharfbuzz.so.0.10000.1
7f907d5ea000-7f907d7ea000 ---p 0005c000 08:03 395340                     /usr/lib/x86_64-linux-gnu/libharfbuzz.so.0.10000.1
7f907d7ea000-7f907d7eb000 r--p 0005c000 08:03 395340                     /usr/lib/x86_64-linux-gnu/libharfbuzz.so.0.10000.1
7f907d7eb000-7f907d7ec000 rw-p 0005d000 08:03 395340                     /usr/lib/x86_64-linux-gnu/libharfbuzz.so.0.10000.1
7f907d7ec000-7f907d803000 r-xp 00000000 08:03 1848112                    /lib/x86_64-linux-gnu/libresolv-2.23.so
7f907d803000-7f907da03000 ---p 00017000 08:03 1848112                    /lib/x86_64-linux-gnu/libresolv-2.23.so
7f907da03000-7f907da04000 r--p 00017000 08:03 1848112                    /lib/x86_64-linux-gnu/libresolv-2.23.so
7f907da04000-7f907da05000 rw-p 00018000 08:03 1848112                    /lib/x86_64-linux-gnu/libresolv-2.23.so
7f907da05000-7f907da07000 rw-p 00000000 00:00 0 
7f907da07000-7f907da26000 r-xp 00000000 08:03 1840286                    /lib/x86_64-linux-gnu/libselinux.so.1
7f907da26000-7f907dc25000 ---p 0001f000 08:03 1840286                    /lib/x86_64-linux-gnu/libselinux.so.1
7f907dc25000-7f907dc26000 r--p 0001e000 08:03 1840286                    /lib/x86_64-linux-gnu/libselinux.so.1
7f907dc26000-7f907dc27000 rw-p 0001f000 08:03 1840286                    /lib/x86_64-linux-gnu/libselinux.so.1
7f907dc27000-7f907dc29000 rw-p 00000000 00:00 0 
7f907dc29000-7f907dc42000 r-xp 00000000 08:03 1840319                    /lib/x86_64-linux-gnu/libz.so.1.2.8
7f907dc42000-7f907de41000 ---p 00019000 08:03 1840319                    /lib/x86_64-linux-gnu/libz.so.1.2.8
7f907de41000-7f907de42000 r--p 00018000 08:03 1840319                    /lib/x86_64-linux-gnu/libz.so.1.2.8
7f907de42000-7f907de43000 rw-p 00019000 08:03 1840319                    /lib/x86_64-linux-gnu/libz.so.1.2.8
7f907de43000-7f907de54000 r-xp 00000000 08:03 402763                     /usr/lib/x86_64-linux-gnu/libXext.so.6.4.0
7f907de54000-7f907e053000 ---p 00011000 08:03 402763                     /usr/lib/x86_64-linux-gnu/libXext.so.6.4.0
7f907e053000-7f907e054000 r--p 00010000 08:03 402763                     /usr/lib/x86_64-linux-gnu/libXext.so.6.4.0
7f907e054000-7f907e055000 rw-p 00011000 08:03 402763                     /usr/lib/x86_64-linux-gnu/libXext.so.6.4.0
7f907e055000-7f907e057000 r-xp 00000000 08:03 402759                     /usr/lib/x86_64-linux-gnu/libXdamage.so.1.1.0
7f907e057000-7f907e256000 ---p 00002000 08:03 402759                     /usr/lib/x86_64-linux-gnu/libXdamage.so.1.1.0
7f907e256000-7f907e257000 r--p 00001000 08:03 402759                     /usr/lib/x86_64-linux-gnu/libXdamage.so.1.1.0
7f907e257000-7f907e258000 rw-p 00002000 08:03 402759                     /usr/lib/x86_64-linux-gnu/libXdamage.so.1.1.0
7f907e258000-7f907e25a000 r-xp 00000000 08:03 402755                     /usr/lib/x86_64-linux-gnu/libXcomposite.so.1.0.0
7f907e25a000-7f907e459000 ---p 00002000 08:03 402755                     /usr/lib/x86_64-linux-gnu/libXcomposite.so.1.0.0
7f907e459000-7f907e45a000 r--p 00001000 08:03 402755                     /usr/lib/x86_64-linux-gnu/libXcomposite.so.1.0.0
7f907e45a000-7f907e45b000 rw-p 00002000 08:03 402755                     /usr/lib/x86_64-linux-gnu/libXcomposite.so.1.0.0
7f907e45b000-7f907e464000 r-xp 00000000 08:03 402757                     /usr/lib/x86_64-linux-gnu/libXcursor.so.1.0.2
7f907e464000-7f907e663000 ---p 00009000 08:03 402757                     /usr/lib/x86_64-linux-gnu/libXcursor.so.1.0.2
7f907e663000-7f907e664000 r--p 00008000 08:03 402757                     /usr/lib/x86_64-linux-gnu/libXcursor.so.1.0.2
7f907e664000-7f907e665000 rw-p 00009000 08:03 402757                     /usr/lib/x86_64-linux-gnu/libXcursor.so.1.0.2
7f907e665000-7f907e66f000 r-xp 00000000 08:03 402781                     /usr/lib/x86_64-linux-gnu/libXrandr.so.2.2.0
7f907e66f000-7f907e86e000 ---p 0000a000 08:03 402781                     /usr/lib/x86_64-linux-gnu/libXrandr.so.2.2.0
7f907e86e000-7f907e86f000 r--p 00009000 08:03 402781                     /usr/lib/x86_64-linux-gnu/libXrandr.so.2.2.0
7f907e86f000-7f907e870000 rw-p 0000a000 08:03 402781                     /usr/lib/x86_64-linux-gnu/libXrandr.so.2.2.0
7f907e870000-7f907e87f000 r-xp 00000000 08:03 402771                     /usr/lib/x86_64-linux-gnu/libXi.so.6.1.0
7f907e87f000-7f907ea7e000 ---p 0000f000 08:03 402771                     /usr/lib/x86_64-linux-gnu/libXi.so.6.1.0
7f907ea7e000-7f907ea7f000 r--p 0000e000 08:03 402771                     /usr/lib/x86_64-linux-gnu/libXi.so.6.1.0
7f907ea7f000-7f907ea80000 rw-p 0000f000 08:03 402771                     /usr/lib/x86_64-linux-gnu/libXi.so.6.1.0
7f907ea80000-7f907ea82000 r-xp 00000000 08:03 402773                     /usr/lib/x86_64-linux-gnu/libXinerama.so.1.0.0
7f907ea82000-7f907ec81000 ---p 00002000 08:03 402773                     /usr/lib/x86_64-linux-gnu/libXinerama.so.1.0.0
7f907ec81000-7f907ec82000 r--p 00001000 08:03 402773                     /usr/lib/x86_64-linux-gnu/libXinerama.so.1.0.0
7f907ec82000-7f907ec83000 rw-p 00002000 08:03 402773                     /usr/lib/x86_64-linux-gnu/libXinerama.so.1.0.0
7f907ec83000-7f907ec8c000 r-xp 00000000 08:03 402783                     /usr/lib/x86_64-linux-gnu/libXrender.so.1.3.0
7f907ec8c000-7f907ee8b000 ---p 00009000 08:03 402783                     /usr/lib/x86_64-linux-gnu/libXrender.so.1.3.0
7f907ee8b000-7f907ee8c000 r--p 00008000 08:03 402783                     /usr/lib/x86_64-linux-gnu/libXrender.so.1.3.0
7f907ee8c000-7f907ee8d000 rw-p 00009000 08:03 402783                     /usr/lib/x86_64-linux-gnu/libXrender.so.1.3.0
7f907ee8d000-7f907ee92000 r-xp 00000000 08:03 402765                     /usr/lib/x86_64-linux-gnu/libXfixes.so.3.1.0
7f907ee92000-7f907f091000 ---p 00005000 08:03 402765                     /usr/lib/x86_64-linux-gnu/libXfixes.so.3.1.0
7f907f091000-7f907f092000 r--p 00004000 08:03 402765                     /usr/lib/x86_64-linux-gnu/libXfixes.so.3.1.0
7f907f092000-7f907f093000 rw-p 00005000 08:03 402765                     /usr/lib/x86_64-linux-gnu/libXfixes.so.3.1.0
7f907f093000-7f907f0a9000 r-xp 00000000 08:03 1840166                    /lib/x86_64-linux-gnu/libgcc_s.so.1
7f907f0a9000-7f907f2a8000 ---p 00016000 08:03 1840166                    /lib/x86_64-linux-gnu/libgcc_s.so.1
7f907f2a8000-7f907f2a9000 rw-p 00015000 08:03 1840166                    /lib/x86_64-linux-gnu/libgcc_s.so.1
7f907f2a9000-7f907f41b000 r-xp 00000000 08:03 393289                     /usr/lib/x86_64-linux-gnu/libstdc++.so.6.0.21
7f907f41b000-7f907f61b000 ---p 00172000 08:03 393289                     /usr/lib/x86_64-linux-gnu/libstdc++.so.6.0.21
7f907f61b000-7f907f625000 r--p 00172000 08:03 393289                     /usr/lib/x86_64-linux-gnu/libstdc++.so.6.0.21
7f907f625000-7f907f627000 rw-p 0017c000 08:03 393289                     /usr/lib/x86_64-linux-gnu/libstdc++.so.6.0.21
7f907f627000-7f907f62b000 rw-p 00000000 00:00 0 
7f907f62b000-7f907f65c000 r-xp 00000000 08:03 397049                     /usr/lib/nvidia-367/libGL.so.1.0.0
7f907f65c000-7f907f68e000 r-xp 00031000 08:03 397049                     /usr/lib/nvidia-367/libGL.so.1.0.0
7f907f68e000-7f907f6b8000 r-xp 00063000 08:03 397049                     /usr/lib/nvidia-367/libGL.so.1.0.0
7f907f6b8000-7f907f8b8000 ---p 0008d000 08:03 397049                     /usr/lib/nvidia-367/libGL.so.1.0.0
7f907f8b8000-7f907f8b9000 rw-p 0008d000 08:03 397049                     /usr/lib/nvidia-367/libGL.so.1.0.0
7f907f8b9000-7f907f8ba000 rw-p 00000000 00:00 0 
7f907f8ba000-7f907f8bf000 r-xp 00000000 08:03 402799                     /usr/lib/x86_64-linux-gnu/libXxf86vm.so.1.0.0
7f907f8bf000-7f907fabe000 ---p 00005000 08:03 402799                     /usr/lib/x86_64-linux-gnu/libXxf86vm.so.1.0.0
7f907fabe000-7f907fabf000 r--p 00004000 08:03 402799                     /usr/lib/x86_64-linux-gnu/libXxf86vm.so.1.0.0
7f907fabf000-7f907fac0000 rw-p 00005000 08:03 402799                     /usr/lib/x86_64-linux-gnu/libXxf86vm.so.1.0.0
7f907fac0000-7f907fbf5000 r-xp 00000000 08:03 402746                     /usr/lib/x86_64-linux-gnu/libX11.so.6.3.0
7f907fbf5000-7f907fdf5000 ---p 00135000 08:03 402746                     /usr/lib/x86_64-linux-gnu/libX11.so.6.3.0
7f907fdf5000-7f907fdf6000 r--p 00135000 08:03 402746                     /usr/lib/x86_64-linux-gnu/libX11.so.6.3.0
7f907fdf6000-7f907fdfa000 rw-p 00136000 08:03 402746                     /usr/lib/x86_64-linux-gnu/libX11.so.6.3.0
7f907fdfa000-7f907fdff000 r-xp 00000000 08:03 402789                     /usr/lib/x86_64-linux-gnu/libXtst.so.6.1.0
7f907fdff000-7f907fffe000 ---p 00005000 08:03 402789                     /usr/lib/x86_64-linux-gnu/libXtst.so.6.1.0
7f907fffe000-7f907ffff000 r--p 00004000 08:03 402789                     /usr/lib/x86_64-linux-gnu/libXtst.so.6.1.0
7f907ffff000-7f9080000000 rw-p 00005000 08:03 402789                     /usr/lib/x86_64-linux-gnu/libXtst.so.6.1.0
7f9080000000-7f90802b3000 rw-p 00000000 00:00 0 
7f90802b3000-7f9084000000 ---p 00000000 00:00 0 
7f9084000000-7f90849cf000 rw-p 00000000 00:00 0 
7f90849cf000-7f9088000000 ---p 00000000 00:00 0 
7f9088000000-7f9088021000 rw-p 00000000 00:00 0 
7f9088021000-7f908c000000 ---p 00000000 00:00 0 
7f908c000000-7f908c021000 rw-p 00000000 00:00 0 
7f908c021000-7f9090000000 ---p 00000000 00:00 0 
7f9090000000-7f9090523000 rw-p 00000000 00:00 0 
7f9090523000-7f9094000000 ---p 00000000 00:00 0 
7f9094000000-7f9094021000 rw-p 00000000 00:00 0 
7f9094021000-7f9098000000 ---p 00000000 00:00 0 
7f9098000000-7f909899c000 rw-p 00000000 00:00 0 
7f909899c000-7f909c000000 ---p 00000000 00:00 0 
7f909c000000-7f909c6f3000 rw-p 00000000 00:00 0 
7f909c6f3000-7f90a0000000 ---p 00000000 00:00 0 
7f90a0000000-7f90a0021000 rw-p 00000000 00:00 0 
7f90a0021000-7f90a4000000 ---p 00000000 00:00 0 
7f90a4000000-7f90a4001000 r--s 00000000 08:03 664012                     /var/cache/fontconfig/b9d506c9ac06c20b433354fa67a72993-le64.cache-6
7f90a4001000-7f90a4002000 r--s 00000000 08:03 664007                     /var/cache/fontconfig/551ecf3b0e8b0bca0f25c0944f561853-le64.cache-6
7f90a4002000-7f90a4015000 rw-s 111802000 00:06 552                       /dev/nvidiactl
7f90a4015000-7f90a4035000 rw-s a00a0000 00:06 553                        /dev/nvidia0
7f90a4035000-7f90a4055000 rw-s 13affe000 00:06 552                       /dev/nvidiactl
7f90a4055000-7f90a4095000 rw-s 157a60000 00:06 552                       /dev/nvidiactl
7f90a4095000-7f90a40b5000 rw-s 1306ab000 00:06 552                       /dev/nvidiactl
7f90a40b5000-7f90a41b9000 rw-s 33a60000 00:06 552                        /dev/nvidiactl
7f90a41b9000-7f90a42c8000 r-xp 00000000 08:03 1835067                    /lib/x86_64-linux-gnu/libglib-2.0.so.0.4800.1
7f90a42c8000-7f90a44c7000 ---p 0010f000 08:03 1835067                    /lib/x86_64-linux-gnu/libglib-2.0.so.0.4800.1
7f90a44c7000-7f90a44c8000 r--p 0010e000 08:03 1835067                    /lib/x86_64-linux-gnu/libglib-2.0.so.0.4800.1
7f90a44c8000-7f90a44c9000 rw-p 0010f000 08:03 1835067                    /lib/x86_64-linux-gnu/libglib-2.0.so.0.4800.1
7f90a44c9000-7f90a44ca000 rw-p 00000000 00:00 0 
7f90a44ca000-7f90a44cb000 r-xp 00000000 08:03 393610                     /usr/lib/x86_64-linux-gnu/libgthread-2.0.so.0.4800.1
7f90a44cb000-7f90a46ca000 ---p 00001000 08:03 393610                     /usr/lib/x86_64-linux-gnu/libgthread-2.0.so.0.4800.1
7f90a46ca000-7f90a46cb000 r--p 00000000 08:03 393610                     /usr/lib/x86_64-linux-gnu/libgthread-2.0.so.0.4800.1
7f90a46cb000-7f90a46cc000 rw-p 00001000 08:03 393610                     /usr/lib/x86_64-linux-gnu/libgthread-2.0.so.0.4800.1
7f90a46cc000-7f90a46cf000 r-xp 00000000 08:03 393634                     /usr/lib/x86_64-linux-gnu/libgmodule-2.0.so.0.4800.1
7f90a46cf000-7f90a48ce000 ---p 00003000 08:03 393634                     /usr/lib/x86_64-linux-gnu/libgmodule-2.0.so.0.4800.1
7f90a48ce000-7f90a48cf000 r--p 00002000 08:03 393634                     /usr/lib/x86_64-linux-gnu/libgmodule-2.0.so.0.4800.1
7f90a48cf000-7f90a48d0000 rw-p 00003000 08:03 393634                     /usr/lib/x86_64-linux-gnu/libgmodule-2.0.so.0.4800.1
7f90a48d0000-7f90a4922000 r-xp 00000000 08:03 393658                     /usr/lib/x86_64-linux-gnu/libgobject-2.0.so.0.4800.1
7f90a4922000-7f90a4b21000 ---p 00052000 08:03 393658                     /usr/lib/x86_64-linux-gnu/libgobject-2.0.so.0.4800.1
7f90a4b21000-7f90a4b22000 r--p 00051000 08:03 393658                     /usr/lib/x86_64-linux-gnu/libgobject-2.0.so.0.4800.1
7f90a4b22000-7f90a4b23000 rw-p 00052000 08:03 393658                     /usr/lib/x86_64-linux-gnu/libgobject-2.0.so.0.4800.1
7f90a4b23000-7f90a4b60000 r-xp 00000000 08:03 399237                     /usr/lib/x86_64-linux-gnu/libfontconfig.so.1.9.0
7f90a4b60000-7f90a4d5f000 ---p 0003d000 08:03 399237                     /usr/lib/x86_64-linux-gnu/libfontconfig.so.1.9.0
7f90a4d5f000-7f90a4d61000 r--p 0003c000 08:03 399237                     /usr/lib/x86_64-linux-gnu/libfontconfig.so.1.9.0
7f90a4d61000-7f90a4d66000 rw-p 0003e000 08:03 399237                     /usr/lib/x86_64-linux-gnu/libfontconfig.so.1.9.0
7f90a4d66000-7f90a4e0a000 r-xp 00000000 08:03 403180                     /usr/lib/x86_64-linux-gnu/libfreetype.so.6.12.1
7f90a4e0a000-7f90a5009000 ---p 000a4000 08:03 403180                     /usr/lib/x86_64-linux-gnu/libfreetype.so.6.12.1
7f90a5009000-7f90a500f000 r--p 000a3000 08:03 403180                     /usr/lib/x86_64-linux-gnu/libfreetype.so.6.12.1
7f90a500f000-7f90a5010000 rw-p 000a9000 08:03 403180                     /usr/lib/x86_64-linux-gnu/libfreetype.so.6.12.1
7f90a5010000-7f90a5059000 r-xp 00000000 08:03 403681                     /usr/lib/x86_64-linux-gnu/libpango-1.0.so.0.3800.1
7f90a5059000-7f90a5259000 ---p 00049000 08:03 403681                     /usr/lib/x86_64-linux-gnu/libpango-1.0.so.0.3800.1
7f90a5259000-7f90a525b000 r--p 00049000 08:03 403681                     /usr/lib/x86_64-linux-gnu/libpango-1.0.so.0.3800.1
7f90a525b000-7f90a525c000 rw-p 0004b000 08:03 403681                     /usr/lib/x86_64-linux-gnu/libpango-1.0.so.0.3800.1
7f90a525c000-7f90a536a000 r-xp 00000000 08:03 402910                     /usr/lib/x86_64-linux-gnu/libcairo.so.2.11400.6
7f90a536a000-7f90a556a000 ---p 0010e000 08:03 402910                     /usr/lib/x86_64-linux-gnu/libcairo.so.2.11400.6
7f90a556a000-7f90a556d000 r--p 0010e000 08:03 402910                     /usr/lib/x86_64-linux-gnu/libcairo.so.2.11400.6
7f90a556d000-7f90a556e000 rw-p 00111000 08:03 402910                     /usr/lib/x86_64-linux-gnu/libcairo.so.2.11400.6
7f90a556e000-7f90a5570000 rw-p 00000000 00:00 0 
7f90a5570000-7f90a557c000 r-xp 00000000 08:03 403683                     /usr/lib/x86_64-linux-gnu/libpangocairo-1.0.so.0.3800.1
7f90a557c000-7f90a577b000 ---p 0000c000 08:03 403683                     /usr/lib/x86_64-linux-gnu/libpangocairo-1.0.so.0.3800.1
7f90a577b000-7f90a577c000 r--p 0000b000 08:03 403683                     /usr/lib/x86_64-linux-gnu/libpangocairo-1.0.so.0.3800.1
7f90a577c000-7f90a577d000 rw-p 0000c000 08:03 403683                     /usr/lib/x86_64-linux-gnu/libpangocairo-1.0.so.0.3800.1
7f90a577d000-7f90a579e000 r-xp 00000000 08:03 393495                     /usr/lib/x86_64-linux-gnu/libgdk_pixbuf-2.0.so.0.3200.2
7f90a579e000-7f90a599d000 ---p 00021000 08:03 393495                     /usr/lib/x86_64-linux-gnu/libgdk_pixbuf-2.0.so.0.3200.2
7f90a599d000-7f90a599e000 r--p 00020000 08:03 393495                     /usr/lib/x86_64-linux-gnu/libgdk_pixbuf-2.0.so.0.3200.2
7f90a599e000-7f90a599f000 rw-p 00021000 08:03 393495                     /usr/lib/x86_64-linux-gnu/libgdk_pixbuf-2.0.so.0.3200.2
7f90a599f000-7f90a59b3000 r-xp 00000000 08:03 403685                     /usr/lib/x86_64-linux-gnu/libpangoft2-1.0.so.0.3800.1
7f90a59b3000-7f90a5bb3000 ---p 00014000 08:03 403685                     /usr/lib/x86_64-linux-gnu/libpangoft2-1.0.so.0.3800.1
7f90a5bb3000-7f90a5bb4000 r--p 00014000 08:03 403685                     /usr/lib/x86_64-linux-gnu/libpangoft2-1.0.so.0.3800.1
7f90a5bb4000-7f90a5bb5000 rw-p 00015000 08:03 403685                     /usr/lib/x86_64-linux-gnu/libpangoft2-1.0.so.0.3800.1
7f90a5bb5000-7f90a5d35000 r-xp 00000000 08:03 393655                     /usr/lib/x86_64-linux-gnu/libgio-2.0.so.0.4800.1
7f90a5d35000-7f90a5f35000 ---p 00180000 08:03 393655                     /usr/lib/x86_64-linux-gnu/libgio-2.0.so.0.4800.1
7f90a5f35000-7f90a5f39000 r--p 00180000 08:03 393655                     /usr/lib/x86_64-linux-gnu/libgio-2.0.so.0.4800.1
7f90a5f39000-7f90a5f3b000 rw-p 00184000 08:03 393655                     /usr/lib/x86_64-linux-gnu/libgio-2.0.so.0.4800.1
7f90a5f3b000-7f90a5f3d000 rw-p 00000000 00:00 0 
7f90a5f3d000-7f90a5f5f000 r-xp 00000000 08:03 402854                     /usr/lib/x86_64-linux-gnu/libatk-1.0.so.0.21809.1
7f90a5f5f000-7f90a615e000 ---p 00022000 08:03 402854                     /usr/lib/x86_64-linux-gnu/libatk-1.0.so.0.21809.1
7f90a615e000-7f90a6161000 r--p 00021000 08:03 402854                     /usr/lib/x86_64-linux-gnu/libatk-1.0.so.0.21809.1
7f90a6161000-7f90a6162000 rw-p 00024000 08:03 402854                     /usr/lib/x86_64-linux-gnu/libatk-1.0.so.0.21809.1
7f90a6162000-7f90a6212000 r-xp 00000000 08:03 403219                     /usr/lib/x86_64-linux-gnu/libgdk-x11-2.0.so.0.2400.30
7f90a6212000-7f90a6411000 ---p 000b0000 08:03 403219                     /usr/lib/x86_64-linux-gnu/libgdk-x11-2.0.so.0.2400.30
7f90a6411000-7f90a6415000 r--p 000af000 08:03 403219                     /usr/lib/x86_64-linux-gnu/libgdk-x11-2.0.so.0.2400.30
7f90a6415000-7f90a6417000 rw-p 000b3000 08:03 403219                     /usr/lib/x86_64-linux-gnu/libgdk-x11-2.0.so.0.2400.30
7f90a6417000-7f90a6855000 r-xp 00000000 08:03 403364                     /usr/lib/x86_64-linux-gnu/libgtk-x11-2.0.so.0.2400.30
7f90a6855000-7f90a6a54000 ---p 0043e000 08:03 403364                     /usr/lib/x86_64-linux-gnu/libgtk-x11-2.0.so.0.2400.30
7f90a6a54000-7f90a6a5b000 r--p 0043d000 08:03 403364                     /usr/lib/x86_64-linux-gnu/libgtk-x11-2.0.so.0.2400.30
7f90a6a5b000-7f90a6a5f000 rw-p 00444000 08:03 403364                     /usr/lib/x86_64-linux-gnu/libgtk-x11-2.0.so.0.2400.30
7f90a6a5f000-7f90a6a62000 rw-p 00000000 00:00 0 
7f90a6a62000-7f90a6a6e000 r-xp 00000000 08:03 2493705                    /usr/lib/jvm/java-8-oracle/jre/lib/amd64/libprism_es2.so
7f90a6a6e000-7f90a6c6d000 ---p 0000c000 08:03 2493705                    /usr/lib/jvm/java-8-oracle/jre/lib/amd64/libprism_es2.so
7f90a6c6d000-7f90a6c6e000 rw-p 0000b000 08:03 2493705                    /usr/lib/jvm/java-8-oracle/jre/lib/amd64/libprism_es2.so
7f90a6c6e000-7f90a6c71000 ---p 00000000 00:00 0 
7f90a6c71000-7f90a6d6f000 rw-p 00000000 00:00 0 
7f90a6d6f000-7f90a6d72000 ---p 00000000 00:00 0 
7f90a6d72000-7f90a7171000 rw-p 00000000 00:00 0 
7f90a7171000-7f90a7187000 r-xp 00000000 08:03 2493693                    /usr/lib/jvm/java-8-oracle/jre/lib/amd64/libnet.so
7f90a7187000-7f90a7387000 ---p 00016000 08:03 2493693                    /usr/lib/jvm/java-8-oracle/jre/lib/amd64/libnet.so
7f90a7387000-7f90a7388000 rw-p 00016000 08:03 2493693                    /usr/lib/jvm/java-8-oracle/jre/lib/amd64/libnet.so
7f90a7388000-7f90a741e000 r--s 01103000 08:03 2493769                    /usr/lib/jvm/java-8-oracle/jre/lib/ext/jfxrt.jar
7f90a741e000-7f90a7421000 ---p 00000000 00:00 0 
7f90a7421000-7f90a751f000 rw-p 00000000 00:00 0 
7f90a751f000-7f90a7520000 r-xp 00000000 08:03 2502255                    /opt/intellij-idea-community/bin/libbreakgen64.so
7f90a7520000-7f90a771f000 ---p 00001000 08:03 2502255                    /opt/intellij-idea-community/bin/libbreakgen64.so
7f90a771f000-7f90a7720000 r--p 00000000 08:03 2502255                    /opt/intellij-idea-community/bin/libbreakgen64.so
7f90a7720000-7f90a7721000 rw-p 00001000 08:03 2502255                    /opt/intellij-idea-community/bin/libbreakgen64.so
7f90a7721000-7f90a7722000 ---p 00000000 00:00 0 
7f90a7722000-7f90a7822000 rw-p 00000000 00:00 0 
7f90a7822000-7f90a7825000 ---p 00000000 00:00 0 
7f90a7825000-7f90a7923000 rw-p 00000000 00:00 0 
7f90a7923000-7f90a7926000 ---p 00000000 00:00 0 
7f90a7926000-7f90a7a24000 rw-p 00000000 00:00 0 
7f90a7a24000-7f90a7a27000 ---p 00000000 00:00 0 
7f90a7a27000-7f90a7b25000 rw-p 00000000 00:00 0 
7f90a7b25000-7f90a7b28000 ---p 00000000 00:00 0 
7f90a7b28000-7f90a7c26000 rw-p 00000000 00:00 0 
7f90a7c26000-7f90a7c29000 ---p 00000000 00:00 0 
7f90a7c29000-7f90a7d27000 rw-p 00000000 00:00 0 
7f90a7d27000-7f90a8000000 r--p 00000000 08:03 393281                     /usr/lib/locale/locale-archive
7f90a8000000-7f90a8021000 rw-p 00000000 00:00 0 
7f90a8021000-7f90ac000000 ---p 00000000 00:00 0 
7f90ac000000-7f90ac021000 rw-p 00000000 00:00 0 
7f90ac021000-7f90b0000000 ---p 00000000 00:00 0 
7f90b0000000-7f90b0021000 rw-p 00000000 00:00 0 
7f90b0021000-7f90b4000000 ---p 00000000 00:00 0 
7f90b4000000-7f90b4021000 rw-p 00000000 00:00 0 
7f90b4021000-7f90b8000000 ---p 00000000 00:00 0 
7f90b8000000-7f90b8021000 rw-p 00000000 00:00 0 
7f90b8021000-7f90bc000000 ---p 00000000 00:00 0 
7f90bc000000-7f90bc021000 rw-p 00000000 00:00 0 
7f90bc021000-7f90c0000000 ---p 00000000 00:00 0 
7f90c0000000-7f90c0021000 rw-p 00000000 00:00 0 
7f90c0021000-7f90c4000000 ---p 00000000 00:00 0 
7f90c4000000-7f90c4001000 r--s 00000000 08:03 664005                     /var/cache/fontconfig/30829fa25452a46451e813d634d7f916-le64.cache-6
7f90c4001000-7f90c4002000 r--s 00000000 08:03 664002                     /var/cache/fontconfig/0c9eb80ebd1c36541ebe2852d3bb0c49-le64.cache-6
7f90c4002000-7f90c4006000 r--s 00000000 08:03 663970                     /var/cache/fontconfig/7ef2298fde41cc6eeb7af42e48b7d293-le64.cache-6
7f90c4006000-7f90c4008000 rw-s 00000000 08:03 262240                     /tmp/.glH8Nj61 (deleted)
7f90c4008000-7f90c400d000 r--p 00000000 08:06 1308527                    /home/mostafa/.config/dconf/user
7f90c400d000-7f90c400e000 r--s 00000000 00:29 29                         /run/user/1000/dconf/user
7f90c400e000-7f90c400f000 rw-s 111801000 00:06 552                       /dev/nvidiactl
7f90c400f000-7f90c4013000 rw-s 1594b5000 00:06 552                       /dev/nvidiactl
7f90c4013000-7f90c4014000 rw-s aff6b000 00:06 553                        /dev/nvidia0
7f90c4014000-7f90c4015000 rw-s aff6a000 00:06 553                        /dev/nvidia0
7f90c4015000-7f90c4016000 rw-s aff69000 00:06 553                        /dev/nvidia0
7f90c4016000-7f90c4056000 rw-s 15700e000 00:06 552                       /dev/nvidiactl
7f90c4076000-7f90c4077000 rw-s 157a63000 00:06 552                       /dev/nvidiactl
7f90c4077000-7f90c4078000 rw-s d0060000 00:06 553                        /dev/nvidia0
7f90c4078000-7f90c407a000 r--s 00019000 08:03 2502175                    /opt/intellij-idea-community/lib/idea_rt.jar
7f90c407a000-7f90c408d000 r--s 00345000 08:03 2493917                    /usr/lib/jvm/java-8-oracle/jre/lib/resources.jar
7f90c408d000-7f90c409f000 r--s 000d6000 08:03 2493916                    /usr/lib/jvm/java-8-oracle/jre/lib/plugin.jar
7f90c409f000-7f90c40a3000 r--s 00097000 08:03 2493637                    /usr/lib/jvm/java-8-oracle/jre/lib/jsse.jar
7f90c40a3000-7f90c40a5000 r--s 00007000 08:03 2493758                    /usr/lib/jvm/java-8-oracle/jre/lib/jfxswt.jar
7f90c40a5000-7f90c40aa000 r--s 00084000 08:03 2493792                    /usr/lib/jvm/java-8-oracle/jre/lib/jfr.jar
7f90c40aa000-7f90c40c5000 r--s 00208000 08:03 2493801                    /usr/lib/jvm/java-8-oracle/jre/lib/deploy.jar
7f90c40c5000-7f90c40c8000 ---p 00000000 00:00 0 
7f90c40c8000-7f90c41c6000 rw-p 00000000 00:00 0 
7f90c41c6000-7f90c41c9000 ---p 00000000 00:00 0 
7f90c41c9000-7f90c42c7000 rw-p 00000000 00:00 0 
7f90c42c7000-7f90c42c8000 ---p 00000000 00:00 0 
7f90c42c8000-7f90c535b000 rw-p 00000000 00:00 0 
7f90c535b000-7f90c5533000 r--s 03d2a000 08:03 2493685                    /usr/lib/jvm/java-8-oracle/jre/lib/rt.jar
7f90c5533000-7f90c7ccf000 rw-p 00000000 00:00 0 
7f90c7ccf000-7f90c7cd0000 ---p 00000000 00:00 0 
7f90c7cd0000-7f90c7dd0000 rw-p 00000000 00:00 0 
7f90c7dd0000-7f90c7dd1000 ---p 00000000 00:00 0 
7f90c7dd1000-7f90c7ed1000 rw-p 00000000 00:00 0 
7f90c7ed1000-7f90c7ed2000 ---p 00000000 00:00 0 
7f90c7ed2000-7f90c7fd2000 rw-p 00000000 00:00 0 
7f90c7fd2000-7f90c7fd3000 ---p 00000000 00:00 0 
7f90c7fd3000-7f90c80df000 rw-p 00000000 00:00 0 
7f90c80df000-7f90c8211000 ---p 00000000 00:00 0 
7f90c8211000-7f90c821d000 rw-p 00000000 00:00 0 
7f90c821d000-7f90c834e000 ---p 00000000 00:00 0 
7f90c834e000-7f90c8359000 rw-p 00000000 00:00 0 
7f90c8359000-7f90c83ed000 ---p 00000000 00:00 0 
7f90c83ed000-7f90c8412000 rw-p 00000000 00:00 0 
7f90c8412000-7f90c87ae000 ---p 00000000 00:00 0 
7f90c87ae000-7f90c908e000 rwxp 00000000 00:00 0 
7f90c908e000-7f90d77ae000 ---p 00000000 00:00 0 
7f90d77ae000-7f90d77c8000 r-xp 00000000 08:03 2493716                    /usr/lib/jvm/java-8-oracle/jre/lib/amd64/libzip.so
7f90d77c8000-7f90d79c8000 ---p 0001a000 08:03 2493716                    /usr/lib/jvm/java-8-oracle/jre/lib/amd64/libzip.so
7f90d79c8000-7f90d79c9000 rw-p 0001a000 08:03 2493716                    /usr/lib/jvm/java-8-oracle/jre/lib/amd64/libzip.so
7f90d79c9000-7f90d79d4000 r-xp 00000000 08:03 1848107                    /lib/x86_64-linux-gnu/libnss_files-2.23.so
7f90d79d4000-7f90d7bd3000 ---p 0000b000 08:03 1848107                    /lib/x86_64-linux-gnu/libnss_files-2.23.so
7f90d7bd3000-7f90d7bd4000 r--p 0000a000 08:03 1848107                    /lib/x86_64-linux-gnu/libnss_files-2.23.so
7f90d7bd4000-7f90d7bd5000 rw-p 0000b000 08:03 1848107                    /lib/x86_64-linux-gnu/libnss_files-2.23.so
7f90d7bd5000-7f90d7bdb000 rw-p 00000000 00:00 0 
7f90d7bdb000-7f90d7be6000 r-xp 00000000 08:03 1848104                    /lib/x86_64-linux-gnu/libnss_nis-2.23.so
7f90d7be6000-7f90d7de5000 ---p 0000b000 08:03 1848104                    /lib/x86_64-linux-gnu/libnss_nis-2.23.so
7f90d7de5000-7f90d7de6000 r--p 0000a000 08:03 1848104                    /lib/x86_64-linux-gnu/libnss_nis-2.23.so
7f90d7de6000-7f90d7de7000 rw-p 0000b000 08:03 1848104                    /lib/x86_64-linux-gnu/libnss_nis-2.23.so
7f90d7de7000-7f90d7dfd000 r-xp 00000000 08:03 1848102                    /lib/x86_64-linux-gnu/libnsl-2.23.so
7f90d7dfd000-7f90d7ffc000 ---p 00016000 08:03 1848102                    /lib/x86_64-linux-gnu/libnsl-2.23.so
7f90d7ffc000-7f90d7ffd000 r--p 00015000 08:03 1848102                    /lib/x86_64-linux-gnu/libnsl-2.23.so
7f90d7ffd000-7f90d7ffe000 rw-p 00016000 08:03 1848102                    /lib/x86_64-linux-gnu/libnsl-2.23.so
7f90d7ffe000-7f90d8000000 rw-p 00000000 00:00 0 
7f90d8000000-7f90d81c1000 rw-p 00000000 00:00 0 
7f90d81c1000-7f90dc000000 ---p 00000000 00:00 0 
7f90dc000000-7f90dc00a000 r--s 0006c000 08:03 2493800                    /usr/lib/jvm/java-8-oracle/jre/lib/javaws.jar
7f90dc00a000-7f90dc0a1000 rw-p 00000000 00:00 0 
7f90dc0a1000-7f90dc0a9000 r-xp 00000000 08:03 1848100                    /lib/x86_64-linux-gnu/libnss_compat-2.23.so
7f90dc0a9000-7f90dc2a8000 ---p 00008000 08:03 1848100                    /lib/x86_64-linux-gnu/libnss_compat-2.23.so
7f90dc2a8000-7f90dc2a9000 r--p 00007000 08:03 1848100                    /lib/x86_64-linux-gnu/libnss_compat-2.23.so
7f90dc2a9000-7f90dc2aa000 rw-p 00008000 08:03 1848100                    /lib/x86_64-linux-gnu/libnss_compat-2.23.so
7f90dc2aa000-7f90dc2d5000 r-xp 00000000 08:03 2493743                    /usr/lib/jvm/java-8-oracle/jre/lib/amd64/libjava.so
7f90dc2d5000-7f90dc4d4000 ---p 0002b000 08:03 2493743                    /usr/lib/jvm/java-8-oracle/jre/lib/amd64/libjava.so
7f90dc4d4000-7f90dc4d6000 rw-p 0002a000 08:03 2493743                    /usr/lib/jvm/java-8-oracle/jre/lib/amd64/libjava.so
7f90dc4d6000-7f90dc4e3000 r-xp 00000000 08:03 2493694                    /usr/lib/jvm/java-8-oracle/jre/lib/amd64/libverify.so
7f90dc4e3000-7f90dc6e2000 ---p 0000d000 08:03 2493694                    /usr/lib/jvm/java-8-oracle/jre/lib/amd64/libverify.so
7f90dc6e2000-7f90dc6e4000 rw-p 0000c000 08:03 2493694                    /usr/lib/jvm/java-8-oracle/jre/lib/amd64/libverify.so
7f90dc6e4000-7f90dc6eb000 r-xp 00000000 08:03 1848116                    /lib/x86_64-linux-gnu/librt-2.23.so
7f90dc6eb000-7f90dc8ea000 ---p 00007000 08:03 1848116                    /lib/x86_64-linux-gnu/librt-2.23.so
7f90dc8ea000-7f90dc8eb000 r--p 00006000 08:03 1848116                    /lib/x86_64-linux-gnu/librt-2.23.so
7f90dc8eb000-7f90dc8ec000 rw-p 00007000 08:03 1848116                    /lib/x86_64-linux-gnu/librt-2.23.so
7f90dc8ec000-7f90dc9f4000 r-xp 00000000 08:03 1848113                    /lib/x86_64-linux-gnu/libm-2.23.so
7f90dc9f4000-7f90dcbf3000 ---p 00108000 08:03 1848113                    /lib/x86_64-linux-gnu/libm-2.23.so
7f90dcbf3000-7f90dcbf4000 r--p 00107000 08:03 1848113                    /lib/x86_64-linux-gnu/libm-2.23.so
7f90dcbf4000-7f90dcbf5000 rw-p 00108000 08:03 1848113                    /lib/x86_64-linux-gnu/libm-2.23.so
7f90dcbf5000-7f90dd8c2000 r-xp 00000000 08:03 2493747                    /usr/lib/jvm/java-8-oracle/jre/lib/amd64/server/libjvm.so
7f90dd8c2000-7f90ddac1000 ---p 00ccd000 08:03 2493747                    /usr/lib/jvm/java-8-oracle/jre/lib/amd64/server/libjvm.so
7f90ddac1000-7f90ddb9a000 rw-p 00ccc000 08:03 2493747                    /usr/lib/jvm/java-8-oracle/jre/lib/amd64/server/libjvm.so
7f90ddb9a000-7f90ddbe5000 rw-p 00000000 00:00 0 
7f90ddbe5000-7f90ddda4000 r-xp 00000000 08:03 1848121                    /lib/x86_64-linux-gnu/libc-2.23.so
7f90ddda4000-7f90ddfa4000 ---p 001bf000 08:03 1848121                    /lib/x86_64-linux-gnu/libc-2.23.so
7f90ddfa4000-7f90ddfa8000 r--p 001bf000 08:03 1848121                    /lib/x86_64-linux-gnu/libc-2.23.so
7f90ddfa8000-7f90ddfaa000 rw-p 001c3000 08:03 1848121                    /lib/x86_64-linux-gnu/libc-2.23.so
7f90ddfaa000-7f90ddfae000 rw-p 00000000 00:00 0 
7f90ddfae000-7f90ddfb1000 r-xp 00000000 08:03 1848122                    /lib/x86_64-linux-gnu/libdl-2.23.so
7f90ddfb1000-7f90de1b0000 ---p 00003000 08:03 1848122                    /lib/x86_64-linux-gnu/libdl-2.23.so
7f90de1b0000-7f90de1b1000 r--p 00002000 08:03 1848122                    /lib/x86_64-linux-gnu/libdl-2.23.so
7f90de1b1000-7f90de1b2000 rw-p 00003000 08:03 1848122                    /lib/x86_64-linux-gnu/libdl-2.23.so
7f90de1b2000-7f90de1c7000 r-xp 00000000 08:03 2492804                    /usr/lib/jvm/java-8-oracle/lib/amd64/jli/libjli.so
7f90de1c7000-7f90de3c7000 ---p 00015000 08:03 2492804                    /usr/lib/jvm/java-8-oracle/lib/amd64/jli/libjli.so
7f90de3c7000-7f90de3c8000 rw-p 00015000 08:03 2492804                    /usr/lib/jvm/java-8-oracle/lib/amd64/jli/libjli.so
7f90de3c8000-7f90de3e0000 r-xp 00000000 08:03 1848120                    /lib/x86_64-linux-gnu/libpthread-2.23.so
7f90de3e0000-7f90de5df000 ---p 00018000 08:03 1848120                    /lib/x86_64-linux-gnu/libpthread-2.23.so
7f90de5df000-7f90de5e0000 r--p 00017000 08:03 1848120                    /lib/x86_64-linux-gnu/libpthread-2.23.so
7f90de5e0000-7f90de5e1000 rw-p 00018000 08:03 1848120                    /lib/x86_64-linux-gnu/libpthread-2.23.so
7f90de5e1000-7f90de5e5000 rw-p 00000000 00:00 0 
7f90de5e5000-7f90de60b000 r-xp 00000000 08:03 1848117                    /lib/x86_64-linux-gnu/ld-2.23.so
7f90de60b000-7f90de60c000 r--s 00000000 08:03 2493764                    /usr/lib/jvm/java-8-oracle/jre/lib/management-agent.jar
7f90de60c000-7f90de60f000 r--s 0001a000 08:03 2493947                    /usr/lib/jvm/java-8-oracle/jre/lib/jce.jar
7f90de60f000-7f90de6e1000 rw-p 00000000 00:00 0 
7f90de6e1000-7f90de6e4000 ---p 00000000 00:00 0 
7f90de6e4000-7f90de7e6000 rw-p 00000000 00:00 0 
7f90de7e6000-7f90de7eb000 r--s 002f9000 08:03 2493638                    /usr/lib/jvm/java-8-oracle/jre/lib/charsets.jar
7f90de7eb000-7f90de7fe000 rw-p 00000000 00:00 0 
7f90de7fe000-7f90de806000 rw-s 00000000 08:03 262238                     /tmp/hsperfdata_mostafa/30011
7f90de806000-7f90de807000 rw-p 00000000 00:00 0 
7f90de807000-7f90de808000 r--p 00000000 00:00 0 
7f90de808000-7f90de80a000 rw-p 00000000 00:00 0 
7f90de80a000-7f90de80b000 r--p 00025000 08:03 1848117                    /lib/x86_64-linux-gnu/ld-2.23.so
7f90de80b000-7f90de80c000 rw-p 00026000 08:03 1848117                    /lib/x86_64-linux-gnu/ld-2.23.so
7f90de80c000-7f90de80d000 rw-p 00000000 00:00 0 
7ffc0c8a4000-7ffc0c8c5000 rw-p 00000000 00:00 0                          [stack]
7ffc0c93b000-7ffc0c93d000 r--p 00000000 00:00 0                          [vvar]
7ffc0c93d000-7ffc0c93f000 r-xp 00000000 00:00 0                          [vdso]
ffffffffff600000-ffffffffff601000 r-xp 00000000 00:00 0                  [vsyscall]

VM Arguments:
jvm_args: -Didea.launcher.port=7535 -Didea.launcher.bin.path=/opt/intellij-idea-community/bin -Dfile.encoding=UTF-8 
java_command: com.intellij.rt.execution.application.AppMain sample.Main
java_class_path (initial): /usr/lib/jvm/java-8-oracle/jre/lib/charsets.jar:/usr/lib/jvm/java-8-oracle/jre/lib/deploy.jar:/usr/lib/jvm/java-8-oracle/jre/lib/ext/cldrdata.jar:/usr/lib/jvm/java-8-oracle/jre/lib/ext/dnsns.jar:/usr/lib/jvm/java-8-oracle/jre/lib/ext/jaccess.jar:/usr/lib/jvm/java-8-oracle/jre/lib/ext/jfxrt.jar:/usr/lib/jvm/java-8-oracle/jre/lib/ext/localedata.jar:/usr/lib/jvm/java-8-oracle/jre/lib/ext/nashorn.jar:/usr/lib/jvm/java-8-oracle/jre/lib/ext/sunec.jar:/usr/lib/jvm/java-8-oracle/jre/lib/ext/sunjce_provider.jar:/usr/lib/jvm/java-8-oracle/jre/lib/ext/sunpkcs11.jar:/usr/lib/jvm/java-8-oracle/jre/lib/ext/zipfs.jar:/usr/lib/jvm/java-8-oracle/jre/lib/javaws.jar:/usr/lib/jvm/java-8-oracle/jre/lib/jce.jar:/usr/lib/jvm/java-8-oracle/jre/lib/jfr.jar:/usr/lib/jvm/java-8-oracle/jre/lib/jfxswt.jar:/usr/lib/jvm/java-8-oracle/jre/lib/jsse.jar:/usr/lib/jvm/java-8-oracle/jre/lib/management-agent.jar:/usr/lib/jvm/java-8-oracle/jre/lib/plugin.jar:/usr/lib/jvm/java-8-oracle/jre/lib/resources.jar:/usr/lib/jvm/java-8-oracle/jre/lib/rt.jar:/home/mostafa/Desktop/Passing/out/production/Passing:/opt/intellij-idea-community/lib/idea_rt.jar
Launcher Type: SUN_STANDARD

Environment Variables:
JAVA_HOME=/usr/lib/jvm/java-8-oracle
PATH=/usr/local/sbin:/usr/local/bin:/usr/sbin:/usr/bin:/sbin:/bin:/usr/games:/usr/local/games:/snap/bin:/usr/lib/jvm/java-8-oracle/bin:/usr/lib/jvm/java-8-oracle/db/bin:/usr/lib/jvm/java-8-oracle/jre/bin
LD_LIBRARY_PATH=/opt/intellij-idea-community/bin:
SHELL=/bin/bash
DISPLAY=:0

Signal Handlers:
SIGSEGV: [libjvm.so+0xac64b0], sa_mask[0]=11111111011111111101111111111110, sa_flags=SA_RESTART|SA_SIGINFO
SIGBUS: [libjvm.so+0xac64b0], sa_mask[0]=11111111011111111101111111111110, sa_flags=SA_RESTART|SA_SIGINFO
SIGFPE: [libjvm.so+0x91f950], sa_mask[0]=11111111011111111101111111111110, sa_flags=SA_RESTART|SA_SIGINFO
SIGPIPE: SIG_IGN, sa_mask[0]=00000000000010000000000000000000, sa_flags=SA_RESTART
SIGXFSZ: [libjvm.so+0x91f950], sa_mask[0]=11111111011111111101111111111110, sa_flags=SA_RESTART|SA_SIGINFO
SIGILL: [libjvm.so+0x91f950], sa_mask[0]=11111111011111111101111111111110, sa_flags=SA_RESTART|SA_SIGINFO
SIGUSR1: SIG_DFL, sa_mask[0]=00000000000000000000000000000000, sa_flags=none
SIGUSR2: [libjvm.so+0x920f80], sa_mask[0]=00100000000000000000000000000000, sa_flags=SA_RESTART|SA_SIGINFO
SIGHUP: [libjvm.so+0x922380], sa_mask[0]=11111111011111111101111111111110, sa_flags=SA_RESTART|SA_SIGINFO
SIGINT: [libjvm.so+0x922380], sa_mask[0]=11111111011111111101111111111110, sa_flags=SA_RESTART|SA_SIGINFO
SIGTERM: [libjvm.so+0x922380], sa_mask[0]=11111111011111111101111111111110, sa_flags=SA_RESTART|SA_SIGINFO
SIGQUIT: [libjvm.so+0x922380], sa_mask[0]=11111111011111111101111111111110, sa_flags=SA_RESTART|SA_SIGINFO


---------------  S Y S T E M  ---------------

OS:DISTRIB_ID=Ubuntu
DISTRIB_RELEASE=16.04
DISTRIB_CODENAME=xenial
DISTRIB_DESCRIPTION="Ubuntu 16.04.1 LTS"

uname:Linux 4.4.0-47-generic #68-Ubuntu SMP Wed Oct 26 19:39:52 UTC 2016 x86_64
libc:glibc 2.23 NPTL 2.23 
rlimit: STACK 8192k, CORE 0k, NPROC 15037, NOFILE 65536, AS infinity
load average:0.90 0.88 0.84

/proc/meminfo:
MemTotal:        3896084 kB
MemFree:          121184 kB
MemAvailable:     752916 kB
Buffers:           80160 kB
Cached:           733304 kB
SwapCached:         2548 kB
Active:          2274448 kB
Inactive:        1179028 kB
Active(anon):    1787544 kB
Inactive(anon):   879304 kB
Active(file):     486904 kB
Inactive(file):   299724 kB
Unevictable:          32 kB
Mlocked:              32 kB
SwapTotal:       7812092 kB
SwapFree:        7781380 kB
Dirty:                76 kB
Writeback:             0 kB
AnonPages:       2634532 kB
Mapped:           333724 kB
Shmem:             26832 kB
Slab:             140216 kB
SReclaimable:     103532 kB
SUnreclaim:        36684 kB
KernelStack:        9968 kB
PageTables:        36368 kB
NFS_Unstable:          0 kB
Bounce:                0 kB
WritebackTmp:          0 kB
CommitLimit:     9760132 kB
Committed_AS:    5921232 kB
VmallocTotal:   34359738367 kB
VmallocUsed:           0 kB
VmallocChunk:          0 kB
HardwareCorrupted:     0 kB
AnonHugePages:   1150976 kB
CmaTotal:              0 kB
CmaFree:               0 kB
HugePages_Total:       0
HugePages_Free:        0
HugePages_Rsvd:        0
HugePages_Surp:        0
Hugepagesize:       2048 kB
DirectMap4k:      246016 kB
DirectMap2M:     3796992 kB


CPU:total 4 (2 cores per cpu, 2 threads per core) family 6 model 42 stepping 7, cmov, cx8, fxsr, mmx, sse, sse2, sse3, ssse3, sse4.1, sse4.2, popcnt, avx, aes, clmul, ht, tsc, tscinvbit

/proc/cpuinfo:
processor	: 0
vendor_id	: GenuineIntel
cpu family	: 6
model		: 42
model name	: Intel(R) Core(TM) i5-2450M CPU @ 2.50GHz
stepping	: 7
microcode	: 0x1b
cpu MHz		: 2298.925
cache size	: 3072 KB
physical id	: 0
siblings	: 4
core id		: 0
cpu cores	: 2
apicid		: 0
initial apicid	: 0
fpu		: yes
fpu_exception	: yes
cpuid level	: 13
wp		: yes
flags		: fpu vme de pse tsc msr pae mce cx8 apic sep mtrr pge mca cmov pat pse36 clflush dts acpi mmx fxsr sse sse2 ss ht tm pbe syscall nx rdtscp lm constant_tsc arch_perfmon pebs bts rep_good nopl xtopology nonstop_tsc aperfmperf eagerfpu pni pclmulqdq dtes64 monitor ds_cpl vmx est tm2 ssse3 cx16 xtpr pdcm pcid sse4_1 sse4_2 x2apic popcnt tsc_deadline_timer aes xsave avx lahf_lm epb tpr_shadow vnmi flexpriority ept vpid xsaveopt dtherm ida arat pln pts
bugs		:
bogomips	: 4988.29
clflush size	: 64
cache_alignment	: 64
address sizes	: 36 bits physical, 48 bits virtual
power management:

processor	: 1
vendor_id	: GenuineIntel
cpu family	: 6
model		: 42
model name	: Intel(R) Core(TM) i5-2450M CPU @ 2.50GHz
stepping	: 7
microcode	: 0x1b
cpu MHz		: 2330.566
cache size	: 3072 KB
physical id	: 0
siblings	: 4
core id		: 0
cpu cores	: 2
apicid		: 1
initial apicid	: 1
fpu		: yes
fpu_exception	: yes
cpuid level	: 13
wp		: yes
flags		: fpu vme de pse tsc msr pae mce cx8 apic sep mtrr pge mca cmov pat pse36 clflush dts acpi mmx fxsr sse sse2 ss ht tm pbe syscall nx rdtscp lm constant_tsc arch_perfmon pebs bts rep_good nopl xtopology nonstop_tsc aperfmperf eagerfpu pni pclmulqdq dtes64 monitor ds_cpl vmx est tm2 ssse3 cx16 xtpr pdcm pcid sse4_1 sse4_2 x2apic popcnt tsc_deadline_timer aes xsave avx lahf_lm epb tpr_shadow vnmi flexpriority ept vpid xsaveopt dtherm ida arat pln pts
bugs		:
bogomips	: 4988.29
clflush size	: 64
cache_alignment	: 64
address sizes	: 36 bits physical, 48 bits virtual
power management:

processor	: 2
vendor_id	: GenuineIntel
cpu family	: 6
model		: 42
model name	: Intel(R) Core(TM) i5-2450M CPU @ 2.50GHz
stepping	: 7
microcode	: 0x1b
cpu MHz		: 2248.046
cache size	: 3072 KB
physical id	: 0
siblings	: 4
core id		: 1
cpu cores	: 2
apicid		: 2
initial apicid	: 2
fpu		: yes
fpu_exception	: yes
cpuid level	: 13
wp		: yes
flags		: fpu vme de pse tsc msr pae mce cx8 apic sep mtrr pge mca cmov pat pse36 clflush dts acpi mmx fxsr sse sse2 ss ht tm pbe syscall nx rdtscp lm constant_tsc arch_perfmon pebs bts rep_good nopl xtopology nonstop_tsc aperfmperf eagerfpu pni pclmulqdq dtes64 monitor ds_cpl vmx est tm2 ssse3 cx16 xtpr pdcm pcid sse4_1 sse4_2 x2apic popcnt tsc_deadline_timer aes xsave avx lahf_lm epb tpr_shadow vnmi flexpriority ept vpid xsaveopt dtherm ida arat pln pts
bugs		:
bogomips	: 4988.29
clflush size	: 64
cache_alignment	: 64
address sizes	: 36 bits physical, 48 bits virtual
power management:

processor	: 3
vendor_id	: GenuineIntel
cpu family	: 6
model		: 42
model name	: Intel(R) Core(TM) i5-2450M CPU @ 2.50GHz
stepping	: 7
microcode	: 0x1b
cpu MHz		: 2330.273
cache size	: 3072 KB
physical id	: 0
siblings	: 4
core id		: 1
cpu cores	: 2
apicid		: 3
initial apicid	: 3
fpu		: yes
fpu_exception	: yes
cpuid level	: 13
wp		: yes
flags		: fpu vme de pse tsc msr pae mce cx8 apic sep mtrr pge mca cmov pat pse36 clflush dts acpi mmx fxsr sse sse2 ss ht tm pbe syscall nx rdtscp lm constant_tsc arch_perfmon pebs bts rep_good nopl xtopology nonstop_tsc aperfmperf eagerfpu pni pclmulqdq dtes64 monitor ds_cpl vmx est tm2 ssse3 cx16 xtpr pdcm pcid sse4_1 sse4_2 x2apic popcnt tsc_deadline_timer aes xsave avx lahf_lm epb tpr_shadow vnmi flexpriority ept vpid xsaveopt dtherm ida arat pln pts
bugs		:
bogomips	: 4988.29
clflush size	: 64
cache_alignment	: 64
address sizes	: 36 bits physical, 48 bits virtual
power management:



Memory: 4k page, physical 3896084k(121184k free), swap 7812092k(7781380k free)

vm_info: Java HotSpot(TM) 64-Bit Server VM (25.111-b14) for linux-amd64 JRE (1.8.0_111-b14), built on Sep 22 2016 16:14:03 by "java_re" with gcc 4.3.0 20080428 (Red Hat 4.3.0-8)

time: Sun Dec  4 15:57:07 2016
elapsed time: 305 seconds (0d 0h 5m 5s)

