#
# A fatal error has been detected by the Java Runtime Environment:
#
#  SIGSEGV (0xb) at pc=0x00007f3bfda9bd28, pid=3479, tid=0x00007f3b90bda700
#
# JRE version: Java(TM) SE Runtime Environment (8.0_111-b14) (build 1.8.0_111-b14)
# Java VM: Java HotSpot(TM) 64-Bit Server VM (25.111-b14 mixed mode linux-amd64 compressed oops)
# Problematic frame:
# V  [libjvm.so+0x6d1d28]  jni_invoke_nonstatic(JNIEnv_*, JavaValue*, _jobject*, JNICallType, _jmethodID*, JNI_ArgumentPusher*, Thread*)+0x38
#
# Failed to write core dump. Core dumps have been disabled. To enable core dumping, try "ulimit -c unlimited" before starting Java again
#
# If you would like to submit a bug report, please visit:
#   http://bugreport.java.com/bugreport/crash.jsp
#

---------------  T H R E A D  ---------------

Current thread (0x00007f3bf82c8800):  JavaThread "JavaFX Application Thread" [_thread_in_vm, id=3521, stack(0x00007f3b90ada000,0x00007f3b90bdb000)]

siginfo: si_signo: 11 (SIGSEGV), si_code: 1 (SEGV_MAPERR), si_addr: 0x000000000000006b

Registers:
RAX=0x00007f3b90bd9240, RBX=0x00007f3b90bd9150, RCX=0x0000000000000001, RDX=0x000000000000006b
RSP=0x00007f3b90bd8fa0, RBP=0x00007f3b90bd9120, RSI=0x00007f3b90bd91b0, RDI=0x00007f3bf82c89f8
R8 =0x00007f3bf8205fa8, R9 =0x00007f3b90bd9150, R10=0x00007f3b80000ba0, R11=0x00007f3be8b479a0
R12=0x00007f3bf82c8800, R13=0x00007f3bf8205fa8, R14=0x0000000000000001, R15=0x00007f3bf82c89f8
RIP=0x00007f3bfda9bd28, EFLAGS=0x0000000000010202, CSGSFS=0x0000000000000033, ERR=0x0000000000000004
  TRAPNO=0x000000000000000e

Top of Stack: (sp=0x00007f3b90bd8fa0)
0x00007f3b90bd8fa0:   00007f3b90bd96a0 00007f3b90bd92c0
0x00007f3b90bd8fb0:   00007f3b90bd9000 00007f3b90bd9080
0x00007f3b90bd8fc0:   00007f3b90bd9150 00007f3b90bd91b0
0x00007f3b90bd8fd0:   00007f3bf82c89f8 00007f3bfdabb830
0x00007f3b90bd8fe0:   00007f3bac002ab0 00007f3bac002ac0
0x00007f3b90bd8ff0:   00007f3bac002e98 00000000000003d8
0x00007f3b90bd9000:   0000000000000000 00000000ec7214c0
0x00007f3b90bd9010:   00007f3b0000006f 00007f3b0000000a
0x00007f3b90bd9020:   00000000ed1153d0 0000000000000000
0x00007f3b90bd9030:   0000000000000000 0000000000000000
0x00007f3b90bd9040:   00007f3be5b5d7c8 0000000100000100
0x00007f3b90bd9050:   0000000000000000 00007f3b90bd9008
0x00007f3b90bd9060:   00007f3b90bd9049 0000000800000005
0x00007f3b90bd9070:   0000000000000000 00007f3bf82c81c0
0x00007f3b90bd9080:   00007f3bfe328af0 00007f3bfee396d0
0x00007f3b90bd9090:   00000000f82c85f0 00007f3bf82c8800
0x00007f3b90bd90a0:   0000000000000000 00007f3bfda9c0fb
0x00007f3b90bd90b0:   00007f3be5b67c00 00007f3bf82c8800
0x00007f3b90bd90c0:   00007f3be5b67c00 00007f3bf82c8800
0x00007f3b90bd90d0:   00007f3b90bd9260 00007f3be5b67c00
0x00007f3b90bd90e0:   00007f3be5b67c00 00007f3be5b67c00
0x00007f3b90bd90f0:   00007f3bac002ab0 00007f3b90bd9150
0x00007f3b90bd9100:   00007f3bf82c8800 00007f3b90bd9190
0x00007f3b90bd9110:   00007f3bf8205fa8 00007f3bf82c89f8
0x00007f3b90bd9120:   00007f3b90bd9210 00007f3bfdaa04cf
0x00007f3b90bd9130:   00007f3bf82c8800 00007f3bc69e4054
0x00007f3b90bd9140:   00007f3b90bd9228 000000000000006b
0x00007f3b90bd9150:   00007f3bfe329750 00007f3bfee396d0
0x00007f3b90bd9160:   0000000090bd91d0 e8a7931500000063
0x00007f3b90bd9170:   0000000000000000 0000003000000018
0x00007f3b90bd9180:   00007f3b90bd9300 00007f3b90bd9240
0x00007f3b90bd9190:   00007f3bf82c8800 0000000000000000 

Instructions: (pc=0x00007f3bfda9bd28)
0x00007f3bfda9bd08:   00 00 48 85 d2 48 89 bd b0 fe ff ff 48 89 b5 a8
0x00007f3bfda9bd18:   fe ff ff 4c 89 8d a0 fe ff ff 0f 84 78 09 00 00
0x00007f3bfda9bd28:   4c 8b 22 4d 85 e4 0f 84 6c 09 00 00 48 8b 45 10
0x00007f3bfda9bd38:   48 8b 98 38 01 00 00 48 83 7b 18 f7 0f 87 16 07 

Register to memory mapping:

RAX=0x00007f3b90bd9240 is pointing into the stack for thread: 0x00007f3bf82c8800
RBX=0x00007f3b90bd9150 is pointing into the stack for thread: 0x00007f3bf82c8800
RCX=0x0000000000000001 is an unknown value
RDX=0x000000000000006b is an unknown value
RSP=0x00007f3b90bd8fa0 is pointing into the stack for thread: 0x00007f3bf82c8800
RBP=0x00007f3b90bd9120 is pointing into the stack for thread: 0x00007f3bf82c8800
RSI=0x00007f3b90bd91b0 is pointing into the stack for thread: 0x00007f3bf82c8800
RDI=0x00007f3bf82c89f8 is an unknown value
R8 =0x00007f3bf8205fa8 is an unknown value
R9 =0x00007f3b90bd9150 is pointing into the stack for thread: 0x00007f3bf82c8800
R10=0x00007f3b80000ba0 is an unknown value
R11=0x00007f3be8b479a0 is at entry_point+32 in (nmethod*)0x00007f3be8b47810
R12=0x00007f3bf82c8800 is a thread
R13=0x00007f3bf8205fa8 is an unknown value
R14=0x0000000000000001 is an unknown value
R15=0x00007f3bf82c89f8 is an unknown value


Stack: [0x00007f3b90ada000,0x00007f3b90bdb000],  sp=0x00007f3b90bd8fa0,  free space=1019k
Native frames: (J=compiled Java code, j=interpreted, Vv=VM code, C=native code)
V  [libjvm.so+0x6d1d28]  jni_invoke_nonstatic(JNIEnv_*, JavaValue*, _jobject*, JNICallType, _jmethodID*, JNI_ArgumentPusher*, Thread*)+0x38
V  [libjvm.so+0x6d64cf]  jni_CallVoidMethodV+0x10f
C  [libglass.so+0x18641]  JNIEnv_::CallVoidMethod(_jobject*, _jmethodID*, ...)+0x81
C  [libglass.so+0x14f0f]  WindowContextBase::process_key(_GdkEventKey*)+0x20f
C  [libglass.so+0x19f60]  WindowContextBase::im_filter_keypress(_GdkEventKey*)+0x1c0
C  [libglass.so+0x1a91c]  process_events(_GdkEvent*, void*)+0x22c
C  [libgdk-x11-2.0.so.0+0x5ac4c]

Java frames: (J=compiled Java code, j=interpreted, Vv=VM code)
j  com.sun.glass.ui.gtk.GtkApplication._runLoop(Ljava/lang/Runnable;Z)V+0
j  com.sun.glass.ui.gtk.GtkApplication.lambda$null$49(Ljava/lang/Runnable;Z)V+7
j  com.sun.glass.ui.gtk.GtkApplication$$Lambda$41.run()V+12
j  java.lang.Thread.run()V+11
v  ~StubRoutines::call_stub

---------------  P R O C E S S  ---------------

Java Threads: ( => current thread )
  0x00007f3b80231000 JavaThread "Prism Font Disposer" daemon [_thread_blocked, id=3528, stack(0x00007f3b7b6a0000,0x00007f3b7b7a1000)]
  0x00007f3bf82cd000 JavaThread "JavaFX-Launcher" [_thread_blocked, id=3522, stack(0x00007f3b909d9000,0x00007f3b90ada000)]
=>0x00007f3bf82c8800 JavaThread "JavaFX Application Thread" [_thread_in_vm, id=3521, stack(0x00007f3b90ada000,0x00007f3b90bdb000)]
  0x00007f3bf82c4000 JavaThread "Thread-1" daemon [_thread_blocked, id=3520, stack(0x00007f3b90bdb000,0x00007f3b90cdc000)]
  0x00007f3bf81ef800 JavaThread "QuantumRenderer-0" daemon [_thread_blocked, id=3516, stack(0x00007f3bc745d000,0x00007f3bc755e000)]
  0x00007f3bf80d3800 JavaThread "Service Thread" daemon [_thread_blocked, id=3512, stack(0x00007f3bc76f5000,0x00007f3bc77f6000)]
  0x00007f3bf80d0800 JavaThread "C1 CompilerThread2" daemon [_thread_blocked, id=3508, stack(0x00007f3bc77f6000,0x00007f3bc78f7000)]
  0x00007f3bf80ce800 JavaThread "C2 CompilerThread1" daemon [_thread_in_native, id=3504, stack(0x00007f3bc78f7000,0x00007f3bc79f8000)]
  0x00007f3bf80cc000 JavaThread "C2 CompilerThread0" daemon [_thread_in_native, id=3503, stack(0x00007f3bc79f8000,0x00007f3bc7af9000)]
  0x00007f3bb8001000 JavaThread "JDWP Command Reader" daemon [_thread_in_native, id=3501, stack(0x00007f3bc7af9000,0x00007f3bc7bfa000)]
  0x00007f3bf80c9800 JavaThread "JDWP Event Helper Thread" daemon [_thread_blocked, id=3499, stack(0x00007f3bc7bfa000,0x00007f3bc7cfb000)]
  0x00007f3bf80c6000 JavaThread "JDWP Transport Listener: dt_socket" daemon [_thread_blocked, id=3498, stack(0x00007f3bc7cfb000,0x00007f3bc7dfc000)]
  0x00007f3bf80b9800 JavaThread "Signal Dispatcher" daemon [_thread_blocked, id=3497, stack(0x00007f3be408c000,0x00007f3be418d000)]
  0x00007f3bf8087800 JavaThread "Finalizer" daemon [_thread_blocked, id=3493, stack(0x00007f3be418d000,0x00007f3be428e000)]
  0x00007f3bf8083000 JavaThread "Reference Handler" daemon [_thread_blocked, id=3492, stack(0x00007f3be428e000,0x00007f3be438f000)]
  0x00007f3bf800d800 JavaThread "main" [_thread_blocked, id=3481, stack(0x00007f3bfeeb6000,0x00007f3bfefb7000)]

Other Threads:
  0x00007f3bf807b800 VMThread [stack: 0x00007f3be438f000,0x00007f3be4490000] [id=3491]
  0x00007f3bf80d7000 WatcherThread [stack: 0x00007f3bc75f4000,0x00007f3bc76f5000] [id=3514]

VM state:not at safepoint (normal execution)

VM Mutex/Monitor currently owned by a thread: None

Heap:
 PSYoungGen      total 17920K, used 3338K [0x00000000ec300000, 0x00000000ed700000, 0x0000000100000000)
  eden space 15360K, 5% used [0x00000000ec300000,0x00000000ec3ca9f8,0x00000000ed200000)
  from space 2560K, 98% used [0x00000000ed480000,0x00000000ed6f8030,0x00000000ed700000)
  to   space 2560K, 0% used [0x00000000ed200000,0x00000000ed200000,0x00000000ed480000)
 ParOldGen       total 40960K, used 3163K [0x00000000c4800000, 0x00000000c7000000, 0x00000000ec300000)
  object space 40960K, 7% used [0x00000000c4800000,0x00000000c4b16f88,0x00000000c7000000)
 Metaspace       used 15605K, capacity 16192K, committed 16256K, reserved 1062912K
  class space    used 2196K, capacity 2370K, committed 2432K, reserved 1048576K

Card table byte_map: [0x00007f3be8211000,0x00007f3be83ee000] byte_map_base: 0x00007f3be7bed000

Marking Bits: (ParMarkBitMap*) 0x00007f3bfe38d220
 Begin Bits: [0x00007f3be604d000, 0x00007f3be6f2d000)
 End Bits:   [0x00007f3be6f2d000, 0x00007f3be7e0d000)

Polling page: 0x00007f3bfefdc000

CodeCache: size=245760Kb used=4592Kb max_used=4592Kb free=241167Kb
 bounds [0x00007f3be87ae000, 0x00007f3be8c2e000, 0x00007f3bf77ae000]
 total_blobs=2083 nmethods=1481 adapters=523
 compilation: enabled

Compilation events (10 events):
Event: 30.089 Thread 0x00007f3bf80d0800 nmethod 1462 0x00007f3be8c27250 code [0x00007f3be8c273a0, 0x00007f3be8c274b0]
Event: 30.089 Thread 0x00007f3bf80d0800 1479       3       com.sun.javafx.font.FontStrikeDesc::hashCode (68 bytes)
Event: 30.090 Thread 0x00007f3bf80d0800 nmethod 1479 0x00007f3be8c27510 code [0x00007f3be8c276c0, 0x00007f3be8c27e10]
Event: 30.090 Thread 0x00007f3bf80d0800 1481       3       javafx.beans.property.StringPropertyBase::get (5 bytes)
Event: 30.090 Thread 0x00007f3bf80d0800 nmethod 1481 0x00007f3be8c28050 code [0x00007f3be8c281c0, 0x00007f3be8c283e8]
Event: 30.090 Thread 0x00007f3bf80d0800 1480       3       java.lang.CharacterDataLatin1::getPropertiesEx (11 bytes)
Event: 30.090 Thread 0x00007f3bf80d0800 nmethod 1480 0x00007f3be8c28490 code [0x00007f3be8c28600, 0x00007f3be8c28790]
Event: 30.092 Thread 0x00007f3bf80d0800 1482       3       javafx.scene.Node::updateCanReceiveFocus (31 bytes)
Event: 30.093 Thread 0x00007f3bf80d0800 nmethod 1482 0x00007f3be8c28890 code [0x00007f3be8c28aa0, 0x00007f3be8c29898]
Event: 30.093 Thread 0x00007f3bf80d0800 1485       3       sun.util.logging.PlatformLogger::isLoggable (38 bytes)

GC Heap History (4 events):
Event: 1.358 GC heap before
{Heap before GC invocations=1 (full 0):
 PSYoungGen      total 17920K, used 15360K [0x00000000ec300000, 0x00000000ed700000, 0x0000000100000000)
  eden space 15360K, 100% used [0x00000000ec300000,0x00000000ed200000,0x00000000ed200000)
  from space 2560K, 0% used [0x00000000ed480000,0x00000000ed480000,0x00000000ed700000)
  to   space 2560K, 0% used [0x00000000ed200000,0x00000000ed200000,0x00000000ed480000)
 ParOldGen       total 40960K, used 0K [0x00000000c4800000, 0x00000000c7000000, 0x00000000ec300000)
  object space 40960K, 0% used [0x00000000c4800000,0x00000000c4800000,0x00000000c7000000)
 Metaspace       used 9991K, capacity 10374K, committed 10624K, reserved 1058816K
  class space    used 1221K, capacity 1339K, committed 1408K, reserved 1048576K
Event: 1.368 GC heap after
Heap after GC invocations=1 (full 0):
 PSYoungGen      total 17920K, used 2528K [0x00000000ec300000, 0x00000000ed700000, 0x0000000100000000)
  eden space 15360K, 0% used [0x00000000ec300000,0x00000000ec300000,0x00000000ed200000)
  from space 2560K, 98% used [0x00000000ed200000,0x00000000ed478040,0x00000000ed480000)
  to   space 2560K, 0% used [0x00000000ed480000,0x00000000ed480000,0x00000000ed700000)
 ParOldGen       total 40960K, used 336K [0x00000000c4800000, 0x00000000c7000000, 0x00000000ec300000)
  object space 40960K, 0% used [0x00000000c4800000,0x00000000c4854020,0x00000000c7000000)
 Metaspace       used 9991K, capacity 10374K, committed 10624K, reserved 1058816K
  class space    used 1221K, capacity 1339K, committed 1408K, reserved 1048576K
}
Event: 29.996 GC heap before
{Heap before GC invocations=2 (full 0):
 PSYoungGen      total 17920K, used 17888K [0x00000000ec300000, 0x00000000ed700000, 0x0000000100000000)
  eden space 15360K, 100% used [0x00000000ec300000,0x00000000ed200000,0x00000000ed200000)
  from space 2560K, 98% used [0x00000000ed200000,0x00000000ed478040,0x00000000ed480000)
  to   space 2560K, 0% used [0x00000000ed480000,0x00000000ed480000,0x00000000ed700000)
 ParOldGen       total 40960K, used 336K [0x00000000c4800000, 0x00000000c7000000, 0x00000000ec300000)
  object space 40960K, 0% used [0x00000000c4800000,0x00000000c4854020,0x00000000c7000000)
 Metaspace       used 15565K, capacity 16192K, committed 16256K, reserved 1062912K
  class space    used 2196K, capacity 2370K, committed 2432K, reserved 1048576K
Event: 30.016 GC heap after
Heap after GC invocations=2 (full 0):
 PSYoungGen      total 17920K, used 2528K [0x00000000ec300000, 0x00000000ed700000, 0x0000000100000000)
  eden space 15360K, 0% used [0x00000000ec300000,0x00000000ec300000,0x00000000ed200000)
  from space 2560K, 98% used [0x00000000ed480000,0x00000000ed6f8030,0x00000000ed700000)
  to   space 2560K, 0% used [0x00000000ed200000,0x00000000ed200000,0x00000000ed480000)
 ParOldGen       total 40960K, used 3163K [0x00000000c4800000, 0x00000000c7000000, 0x00000000ec300000)
  object space 40960K, 7% used [0x00000000c4800000,0x00000000c4b16f88,0x00000000c7000000)
 Metaspace       used 15565K, capacity 16192K, committed 16256K, reserved 1062912K
  class space    used 2196K, capacity 2370K, committed 2432K, reserved 1048576K
}

Deoptimization events (10 events):
Event: 1.802 Thread 0x00007f3bf82c8800 Uncommon trap: reason=class_check action=maybe_recompile pc=0x00007f3be8a27efc method=java.io.DataInputStream.readShort()S @ 4
Event: 1.802 Thread 0x00007f3bf82c8800 Uncommon trap: reason=class_check action=maybe_recompile pc=0x00007f3be8a27efc method=java.io.DataInputStream.readShort()S @ 4
Event: 1.841 Thread 0x00007f3bf82c8800 Uncommon trap: reason=class_check action=maybe_recompile pc=0x00007f3be88cbb94 method=java.lang.String.equals(Ljava/lang/Object;)Z @ 8
Event: 1.841 Thread 0x00007f3bf82c8800 Uncommon trap: reason=class_check action=maybe_recompile pc=0x00007f3be88cbb94 method=java.lang.String.equals(Ljava/lang/Object;)Z @ 8
Event: 1.841 Thread 0x00007f3bf82c8800 Uncommon trap: reason=class_check action=maybe_recompile pc=0x00007f3be88cbb94 method=java.lang.String.equals(Ljava/lang/Object;)Z @ 8
Event: 2.035 Thread 0x00007f3bf82c8800 Uncommon trap: reason=class_check action=maybe_recompile pc=0x00007f3be88cbb94 method=java.lang.String.equals(Ljava/lang/Object;)Z @ 8
Event: 2.169 Thread 0x00007f3bf82c8800 Uncommon trap: reason=unstable_if action=reinterpret pc=0x00007f3be8a802d0 method=sun.net.www.ParseUtil.encodePath(Ljava/lang/String;Z)Ljava/lang/String; @ 109
Event: 2.331 Thread 0x00007f3bf82c8800 Uncommon trap: reason=unstable_if action=reinterpret pc=0x00007f3be8add260 method=jdk.internal.org.objectweb.asm.Type.getArgumentsAndReturnSizes(Ljava/lang/String;)I @ 47
Event: 10.829 Thread 0x00007f3bf82c8800 Uncommon trap: reason=unstable_if action=reinterpret pc=0x00007f3be8a00a20 method=java.lang.CharacterData.of(I)Ljava/lang/CharacterData; @ 4
Event: 29.964 Thread 0x00007f3bf82c8800 Uncommon trap: reason=unstable_if action=reinterpret pc=0x00007f3be8b5de80 method=java.lang.StrictMath.floorOrCeil(DDDD)D @ 38

Internal exceptions (10 events):
Event: 0.450 Thread 0x00007f3bf800d800 Exception <a 'java/security/PrivilegedActionException'> (0x00000000ec5b6d70) thrown at [/HUDSON3/workspace/8-2-build-linux-amd64/jdk8u111/7883/hotspot/src/share/vm/prims/jvm.cpp, line 1386]
Event: 0.450 Thread 0x00007f3bf800d800 Exception <a 'java/security/PrivilegedActionException'> (0x00000000ec5b6ff8) thrown at [/HUDSON3/workspace/8-2-build-linux-amd64/jdk8u111/7883/hotspot/src/share/vm/prims/jvm.cpp, line 1386]
Event: 0.450 Thread 0x00007f3bf800d800 Exception <a 'java/security/PrivilegedActionException'> (0x00000000ec5b9438) thrown at [/HUDSON3/workspace/8-2-build-linux-amd64/jdk8u111/7883/hotspot/src/share/vm/prims/jvm.cpp, line 1386]
Event: 0.450 Thread 0x00007f3bf800d800 Exception <a 'java/security/PrivilegedActionException'> (0x00000000ec5b9648) thrown at [/HUDSON3/workspace/8-2-build-linux-amd64/jdk8u111/7883/hotspot/src/share/vm/prims/jvm.cpp, line 1386]
Event: 0.451 Thread 0x00007f3bf800d800 Exception <a 'java/lang/NullPointerException'> (0x00000000ec5b9c20) thrown at [/HUDSON3/workspace/8-2-build-linux-amd64/jdk8u111/7883/hotspot/src/share/vm/interpreter/linkResolver.cpp, line 1178]
Event: 1.111 Thread 0x00007f3bf82c8800 Exception <a 'java/lang/NullPointerException'> (0x00000000ece68870) thrown at [/HUDSON3/workspace/8-2-build-linux-amd64/jdk8u111/7883/hotspot/src/share/vm/interpreter/linkResolver.cpp, line 1178]
Event: 1.111 Thread 0x00007f3bf82c8800 Exception <a 'java/lang/NullPointerException'> (0x00000000ece68870) thrown at [/HUDSON3/workspace/8-2-build-linux-amd64/jdk8u111/7883/hotspot/src/share/vm/prims/jvm.cpp, line 1390]
Event: 1.352 Thread 0x00007f3bf82c8800 Exception <a 'java/lang/ArrayIndexOutOfBoundsException': 58> (0x00000000ed1f8cf8) thrown at [/HUDSON3/workspace/8-2-build-linux-amd64/jdk8u111/7883/hotspot/src/share/vm/interpreter/interpreterRuntime.cpp, line 366]
Event: 1.354 Thread 0x00007f3bf82c8800 Exception <a 'java/lang/ArrayIndexOutOfBoundsException': 18> (0x00000000ed1f9ba0) thrown at [/HUDSON3/workspace/8-2-build-linux-amd64/jdk8u111/7883/hotspot/src/share/vm/interpreter/interpreterRuntime.cpp, line 366]
Event: 1.355 Thread 0x00007f3bf82c8800 Exception <a 'java/lang/ArrayIndexOutOfBoundsException': 86> (0x00000000ed1faf48) thrown at [/HUDSON3/workspace/8-2-build-linux-amd64/jdk8u111/7883/hotspot/src/share/vm/interpreter/interpreterRuntime.cpp, line 366]

Events (10 events):
Event: 30.045 Thread 0x00007f3bf82c8800 DEOPT PACKING pc=0x00007f3be8991d6c sp=0x00007f3b90bd56d0
Event: 30.045 Thread 0x00007f3bf82c8800 DEOPT UNPACKING pc=0x00007f3be87f5633 sp=0x00007f3b90bd5440 mode 1
Event: 30.054 Thread 0x00007f3bf82c8800 DEOPT PACKING pc=0x00007f3be8a2b53c sp=0x00007f3b90bd5520
Event: 30.054 Thread 0x00007f3bf82c8800 DEOPT UNPACKING pc=0x00007f3be87f5633 sp=0x00007f3b90bd5370 mode 1
Event: 30.054 Thread 0x00007f3bf82c8800 DEOPT PACKING pc=0x00007f3be8991d6c sp=0x00007f3b90bd56d0
Event: 30.054 Thread 0x00007f3bf82c8800 DEOPT UNPACKING pc=0x00007f3be87f5633 sp=0x00007f3b90bd5440 mode 1
Event: 30.065 Thread 0x00007f3bf82c8800 DEOPT PACKING pc=0x00007f3be8a2b53c sp=0x00007f3b90bd5520
Event: 30.065 Thread 0x00007f3bf82c8800 DEOPT UNPACKING pc=0x00007f3be87f5633 sp=0x00007f3b90bd5370 mode 1
Event: 30.065 Thread 0x00007f3bf82c8800 DEOPT PACKING pc=0x00007f3be8991d6c sp=0x00007f3b90bd56d0
Event: 30.065 Thread 0x00007f3bf82c8800 DEOPT UNPACKING pc=0x00007f3be87f5633 sp=0x00007f3b90bd5440 mode 1


Dynamic libraries:
00400000-00401000 r-xp 00000000 08:03 2493609                            /usr/lib/jvm/java-8-oracle/bin/java
00600000-00601000 rw-p 00000000 08:03 2493609                            /usr/lib/jvm/java-8-oracle/bin/java
015b3000-015d4000 rw-p 00000000 00:00 0                                  [heap]
41c84000-41c86000 r-xs 00000000 08:03 262241                             /tmp/.glX5UyY8 (deleted)
41da0000-41e40000 rw-p 00000000 00:00 0 
c4800000-c7000000 rw-p 00000000 00:00 0 
c7000000-ec300000 ---p 00000000 00:00 0 
ec300000-ed700000 rw-p 00000000 00:00 0 
ed700000-100000000 ---p 00000000 00:00 0 
100000000-100260000 rw-p 00000000 00:00 0 
100260000-140000000 ---p 00000000 00:00 0 
7f3b70000000-7f3b70021000 rw-p 00000000 00:00 0 
7f3b70021000-7f3b74000000 ---p 00000000 00:00 0 
7f3b74000000-7f3b74021000 rw-p 00000000 00:00 0 
7f3b74021000-7f3b78000000 ---p 00000000 00:00 0 
7f3b7a89f000-7f3b7aa9f000 rw-s 15762b000 00:06 552                       /dev/nvidiactl
7f3b7aa9f000-7f3b7b2a0000 rw-p 00000000 00:00 0 
7f3b7b2a0000-7f3b7b4a0000 rw-s 90771000 00:06 552                        /dev/nvidiactl
7f3b7b4a0000-7f3b7b620000 rw-p 00000000 00:00 0 
7f3b7b620000-7f3b7b6a0000 ---p 00000000 00:00 0 
7f3b7b6a0000-7f3b7b6a3000 ---p 00000000 00:00 0 
7f3b7b6a3000-7f3b7b7a1000 rw-p 00000000 00:00 0 
7f3b7b7a1000-7f3b7b85a000 r--p 00000000 08:03 1312293                    /usr/share/fonts/truetype/dejavu/DejaVuSans.ttf
7f3b7b85a000-7f3b7b86e000 r--p 00000000 08:03 2493785                    /usr/lib/jvm/java-8-oracle/jre/lib/fonts/LucidaBrightItalic.ttf
7f3b7b86e000-7f3b7b8c3000 r--p 00000000 08:03 2493784                    /usr/lib/jvm/java-8-oracle/jre/lib/fonts/LucidaBrightRegular.ttf
7f3b7b8c3000-7f3b7b96e000 r--p 00000000 08:03 2493781                    /usr/lib/jvm/java-8-oracle/jre/lib/fonts/LucidaSansRegular.ttf
7f3b7b96e000-7f3b7b981000 r--p 00000000 08:03 2493789                    /usr/lib/jvm/java-8-oracle/jre/lib/fonts/LucidaBrightDemiItalic.ttf
7f3b7b981000-7f3b7b9bb000 r--p 00000000 08:03 2493783                    /usr/lib/jvm/java-8-oracle/jre/lib/fonts/LucidaTypewriterBold.ttf
7f3b7b9bb000-7f3b7b9f7000 r--p 00000000 08:03 2493787                    /usr/lib/jvm/java-8-oracle/jre/lib/fonts/LucidaTypewriterRegular.ttf
7f3b7b9f7000-7f3b7b9fb000 r-xp 00000000 08:03 2493730                    /usr/lib/jvm/java-8-oracle/jre/lib/amd64/libjavafx_font_pango.so
7f3b7b9fb000-7f3b7bbfa000 ---p 00004000 08:03 2493730                    /usr/lib/jvm/java-8-oracle/jre/lib/amd64/libjavafx_font_pango.so
7f3b7bbfa000-7f3b7bbfb000 rw-p 00003000 08:03 2493730                    /usr/lib/jvm/java-8-oracle/jre/lib/amd64/libjavafx_font_pango.so
7f3b7bbfb000-7f3b7bdfb000 rw-p 00000000 00:00 0 
7f3b7bdfb000-7f3b7be00000 r-xp 00000000 08:03 2493726                    /usr/lib/jvm/java-8-oracle/jre/lib/amd64/libjavafx_font_freetype.so
7f3b7be00000-7f3b7bfff000 ---p 00005000 08:03 2493726                    /usr/lib/jvm/java-8-oracle/jre/lib/amd64/libjavafx_font_freetype.so
7f3b7bfff000-7f3b7c000000 rw-p 00004000 08:03 2493726                    /usr/lib/jvm/java-8-oracle/jre/lib/amd64/libjavafx_font_freetype.so
7f3b7c000000-7f3b7c021000 rw-p 00000000 00:00 0 
7f3b7c021000-7f3b80000000 ---p 00000000 00:00 0 
7f3b80000000-7f3b80559000 rw-p 00000000 00:00 0 
7f3b80559000-7f3b84000000 ---p 00000000 00:00 0 
7f3b84000000-7f3b84021000 rw-p 00000000 00:00 0 
7f3b84021000-7f3b88000000 ---p 00000000 00:00 0 
7f3b88000000-7f3b88022000 rw-p 00000000 00:00 0 
7f3b88022000-7f3b8c000000 ---p 00000000 00:00 0 
7f3b8c000000-7f3b8c021000 rw-p 00000000 00:00 0 
7f3b8c021000-7f3b90000000 ---p 00000000 00:00 0 
7f3b90002000-7f3b90015000 r--p 00000000 08:03 2493782                    /usr/lib/jvm/java-8-oracle/jre/lib/fonts/LucidaBrightDemiBold.ttf
7f3b90015000-7f3b90063000 r--p 00000000 08:03 2493788                    /usr/lib/jvm/java-8-oracle/jre/lib/fonts/LucidaSansDemiBold.ttf
7f3b90063000-7f3b90068000 r--s 00084000 08:03 2493792                    /usr/lib/jvm/java-8-oracle/jre/lib/jfr.jar
7f3b90068000-7f3b90073000 r--s 00000000 08:03 664008                     /var/cache/fontconfig/945677eb7aeaf62f1d50efc3fb3ec7d8-le64.cache-6
7f3b90073000-7f3b90079000 r--s 00000000 08:03 664037                     /var/cache/fontconfig/2cd17615ca594fa2959ae173292e504c-le64.cache-6
7f3b90079000-7f3b9007a000 r--s 00000000 08:03 664036                     /var/cache/fontconfig/0d8c3b2ac0904cb8a57a757ad11a4a08-le64.cache-6
7f3b9007a000-7f3b9008f000 r--s 00000000 08:03 664034                     /var/cache/fontconfig/04aabc0a78ac019cf9454389977116d2-le64.cache-6
7f3b9008f000-7f3b90090000 r--s 00000000 08:03 664033                     /var/cache/fontconfig/1ac9eb803944fde146138c791f5cc56a-le64.cache-6
7f3b90090000-7f3b90094000 r--s 00000000 08:03 664032                     /var/cache/fontconfig/385c0604a188198f04d133e54aba7fe7-le64.cache-6
7f3b90094000-7f3b90095000 r--s 00000000 08:03 664030                     /var/cache/fontconfig/dc05db6664285cc2f12bf69c139ae4c3-le64.cache-6
7f3b90095000-7f3b90098000 r--s 00000000 08:03 664029                     /var/cache/fontconfig/767a8244fc0220cfb567a839d0392e0b-le64.cache-6
7f3b90098000-7f3b90099000 r--s 00000000 08:03 664027                     /var/cache/fontconfig/4794a0821666d79190d59a36cb4f44b5-le64.cache-6
7f3b90099000-7f3b9009e000 r--s 00000000 08:03 664018                     /var/cache/fontconfig/8801497958630a81b71ace7c5f9b32a8-le64.cache-6
7f3b9009e000-7f3b900a5000 r--s 00000000 08:03 664015                     /var/cache/fontconfig/3047814df9a2f067bd2d96a2b9c36e5a-le64.cache-6
7f3b900a5000-7f3b900ab000 r--s 00000000 08:03 664011                     /var/cache/fontconfig/b47c4e1ecd0709278f4910c18777a504-le64.cache-6
7f3b900ab000-7f3b900be000 r--s 00000000 08:03 664009                     /var/cache/fontconfig/d52a8644073d54c13679302ca1180695-le64.cache-6
7f3b900be000-7f3b900c1000 r-xp 00000000 08:03 2493688                    /usr/lib/jvm/java-8-oracle/jre/lib/amd64/libjavafx_font.so
7f3b900c1000-7f3b902c0000 ---p 00003000 08:03 2493688                    /usr/lib/jvm/java-8-oracle/jre/lib/amd64/libjavafx_font.so
7f3b902c0000-7f3b902c1000 rw-p 00002000 08:03 2493688                    /usr/lib/jvm/java-8-oracle/jre/lib/amd64/libjavafx_font.so
7f3b902c1000-7f3b904c1000 rw-p 00000000 00:00 0 
7f3b904c1000-7f3b907c2000 rw-p 00000000 00:00 0 
7f3b907c2000-7f3b907d8000 r-xp 00000000 08:03 2493693                    /usr/lib/jvm/java-8-oracle/jre/lib/amd64/libnet.so
7f3b907d8000-7f3b909d8000 ---p 00016000 08:03 2493693                    /usr/lib/jvm/java-8-oracle/jre/lib/amd64/libnet.so
7f3b909d8000-7f3b909d9000 rw-p 00016000 08:03 2493693                    /usr/lib/jvm/java-8-oracle/jre/lib/amd64/libnet.so
7f3b909d9000-7f3b909dc000 ---p 00000000 00:00 0 
7f3b909dc000-7f3b90ada000 rw-p 00000000 00:00 0 
7f3b90ada000-7f3b90add000 ---p 00000000 00:00 0 
7f3b90add000-7f3b90bdb000 rw-p 00000000 00:00 0 
7f3b90bdb000-7f3b90bde000 ---p 00000000 00:00 0 
7f3b90bde000-7f3b90cdc000 rw-p 00000000 00:00 0 
7f3b90cdc000-7f3b90cdd000 ---p 00000000 00:00 0 
7f3b90cdd000-7f3b914dd000 rw-p 00000000 00:00 0 
7f3b914dd000-7f3b914de000 ---p 00000000 00:00 0 
7f3b914de000-7f3b91cde000 rw-p 00000000 00:00 0 
7f3b91cde000-7f3b91cdf000 ---p 00000000 00:00 0 
7f3b91cdf000-7f3b924df000 rw-p 00000000 00:00 0 
7f3b924df000-7f3b924ea000 r-xp 00000000 08:03 657319                     /usr/lib/x86_64-linux-gnu/gio/modules/libdconfsettings.so
7f3b924ea000-7f3b926ea000 ---p 0000b000 08:03 657319                     /usr/lib/x86_64-linux-gnu/gio/modules/libdconfsettings.so
7f3b926ea000-7f3b926eb000 r--p 0000b000 08:03 657319                     /usr/lib/x86_64-linux-gnu/gio/modules/libdconfsettings.so
7f3b926eb000-7f3b926ec000 rw-p 0000c000 08:03 657319                     /usr/lib/x86_64-linux-gnu/gio/modules/libdconfsettings.so
7f3b926ec000-7f3b92734000 r--p 00000000 08:03 1312548                    /usr/share/glib-2.0/schemas/gschemas.compiled
7f3b92734000-7f3b9273b000 r-xp 00000000 08:03 403656                     /usr/lib/x86_64-linux-gnu/libogg.so.0.8.2
7f3b9273b000-7f3b9293b000 ---p 00007000 08:03 403656                     /usr/lib/x86_64-linux-gnu/libogg.so.0.8.2
7f3b9293b000-7f3b9293c000 r--p 00007000 08:03 403656                     /usr/lib/x86_64-linux-gnu/libogg.so.0.8.2
7f3b9293c000-7f3b9293d000 rw-p 00008000 08:03 403656                     /usr/lib/x86_64-linux-gnu/libogg.so.0.8.2
7f3b9293d000-7f3b92967000 r-xp 00000000 08:03 404005                     /usr/lib/x86_64-linux-gnu/libvorbis.so.0.4.8
7f3b92967000-7f3b92b67000 ---p 0002a000 08:03 404005                     /usr/lib/x86_64-linux-gnu/libvorbis.so.0.4.8
7f3b92b67000-7f3b92b68000 r--p 0002a000 08:03 404005                     /usr/lib/x86_64-linux-gnu/libvorbis.so.0.4.8
7f3b92b68000-7f3b92b69000 rw-p 0002b000 08:03 404005                     /usr/lib/x86_64-linux-gnu/libvorbis.so.0.4.8
7f3b92b69000-7f3b92b72000 r-xp 00000000 08:03 403523                     /usr/lib/x86_64-linux-gnu/libltdl.so.7.3.1
7f3b92b72000-7f3b92d71000 ---p 00009000 08:03 403523                     /usr/lib/x86_64-linux-gnu/libltdl.so.7.3.1
7f3b92d71000-7f3b92d72000 r--p 00008000 08:03 403523                     /usr/lib/x86_64-linux-gnu/libltdl.so.7.3.1
7f3b92d72000-7f3b92d73000 rw-p 00009000 08:03 403523                     /usr/lib/x86_64-linux-gnu/libltdl.so.7.3.1
7f3b92d73000-7f3b92d87000 r-xp 00000000 08:03 403898                     /usr/lib/x86_64-linux-gnu/libtdb.so.1.3.8
7f3b92d87000-7f3b92f86000 ---p 00014000 08:03 403898                     /usr/lib/x86_64-linux-gnu/libtdb.so.1.3.8
7f3b92f86000-7f3b92f87000 r--p 00013000 08:03 403898                     /usr/lib/x86_64-linux-gnu/libtdb.so.1.3.8
7f3b92f87000-7f3b92f88000 rw-p 00014000 08:03 403898                     /usr/lib/x86_64-linux-gnu/libtdb.so.1.3.8
7f3b92f88000-7f3b92f8f000 r-xp 00000000 08:03 404009                     /usr/lib/x86_64-linux-gnu/libvorbisfile.so.3.3.7
7f3b92f8f000-7f3b9318f000 ---p 00007000 08:03 404009                     /usr/lib/x86_64-linux-gnu/libvorbisfile.so.3.3.7
7f3b9318f000-7f3b93190000 r--p 00007000 08:03 404009                     /usr/lib/x86_64-linux-gnu/libvorbisfile.so.3.3.7
7f3b93190000-7f3b93191000 rw-p 00008000 08:03 404009                     /usr/lib/x86_64-linux-gnu/libvorbisfile.so.3.3.7
7f3b93191000-7f3b931a1000 r-xp 00000000 08:03 402920                     /usr/lib/x86_64-linux-gnu/libcanberra.so.0.2.5
7f3b931a1000-7f3b933a0000 ---p 00010000 08:03 402920                     /usr/lib/x86_64-linux-gnu/libcanberra.so.0.2.5
7f3b933a0000-7f3b933a1000 r--p 0000f000 08:03 402920                     /usr/lib/x86_64-linux-gnu/libcanberra.so.0.2.5
7f3b933a1000-7f3b933a2000 rw-p 00010000 08:03 402920                     /usr/lib/x86_64-linux-gnu/libcanberra.so.0.2.5
7f3b933a2000-7f3b933a6000 r-xp 00000000 08:03 402916                     /usr/lib/x86_64-linux-gnu/libcanberra-gtk.so.0.1.9
7f3b933a6000-7f3b935a5000 ---p 00004000 08:03 402916                     /usr/lib/x86_64-linux-gnu/libcanberra-gtk.so.0.1.9
7f3b935a5000-7f3b935a6000 r--p 00003000 08:03 402916                     /usr/lib/x86_64-linux-gnu/libcanberra-gtk.so.0.1.9
7f3b935a6000-7f3b935a7000 rw-p 00004000 08:03 402916                     /usr/lib/x86_64-linux-gnu/libcanberra-gtk.so.0.1.9
7f3b935a7000-7f3b935ac000 r-xp 00000000 08:03 657534                     /usr/lib/x86_64-linux-gnu/gtk-2.0/modules/libcanberra-gtk-module.so
7f3b935ac000-7f3b937ab000 ---p 00005000 08:03 657534                     /usr/lib/x86_64-linux-gnu/gtk-2.0/modules/libcanberra-gtk-module.so
7f3b937ab000-7f3b937ac000 r--p 00004000 08:03 657534                     /usr/lib/x86_64-linux-gnu/gtk-2.0/modules/libcanberra-gtk-module.so
7f3b937ac000-7f3b937ad000 rw-p 00005000 08:03 657534                     /usr/lib/x86_64-linux-gnu/gtk-2.0/modules/libcanberra-gtk-module.so
7f3b937ad000-7f3b937dd000 r-xp 00000000 08:03 657346                     /usr/lib/x86_64-linux-gnu/gtk-2.0/2.10.0/engines/libmurrine.so
7f3b937dd000-7f3b939dd000 ---p 00030000 08:03 657346                     /usr/lib/x86_64-linux-gnu/gtk-2.0/2.10.0/engines/libmurrine.so
7f3b939dd000-7f3b939de000 r--p 00030000 08:03 657346                     /usr/lib/x86_64-linux-gnu/gtk-2.0/2.10.0/engines/libmurrine.so
7f3b939de000-7f3b939df000 rw-p 00031000 08:03 657346                     /usr/lib/x86_64-linux-gnu/gtk-2.0/2.10.0/engines/libmurrine.so
7f3b939df000-7f3b939ef000 r-xp 00000000 08:03 403954                     /usr/lib/x86_64-linux-gnu/libunity-gtk2-parser.so.0.0.0
7f3b939ef000-7f3b93bef000 ---p 00010000 08:03 403954                     /usr/lib/x86_64-linux-gnu/libunity-gtk2-parser.so.0.0.0
7f3b93bef000-7f3b93bf0000 r--p 00010000 08:03 403954                     /usr/lib/x86_64-linux-gnu/libunity-gtk2-parser.so.0.0.0
7f3b93bf0000-7f3b93bf1000 rw-p 00011000 08:03 403954                     /usr/lib/x86_64-linux-gnu/libunity-gtk2-parser.so.0.0.0
7f3b93bf1000-7f3b93bf6000 r-xp 00000000 08:03 657538                     /usr/lib/x86_64-linux-gnu/gtk-2.0/modules/libunity-gtk-module.so
7f3b93bf6000-7f3b93df5000 ---p 00005000 08:03 657538                     /usr/lib/x86_64-linux-gnu/gtk-2.0/modules/libunity-gtk-module.so
7f3b93df5000-7f3b93df6000 r--p 00004000 08:03 657538                     /usr/lib/x86_64-linux-gnu/gtk-2.0/modules/libunity-gtk-module.so
7f3b93df6000-7f3b93df7000 rw-p 00005000 08:03 657538                     /usr/lib/x86_64-linux-gnu/gtk-2.0/modules/libunity-gtk-module.so
7f3b93df7000-7f3b93e09000 r-xp 00000000 08:03 1840172                    /lib/x86_64-linux-gnu/libgpg-error.so.0.17.0
7f3b93e09000-7f3b94009000 ---p 00012000 08:03 1840172                    /lib/x86_64-linux-gnu/libgpg-error.so.0.17.0
7f3b94009000-7f3b9400a000 r--p 00012000 08:03 1840172                    /lib/x86_64-linux-gnu/libgpg-error.so.0.17.0
7f3b9400a000-7f3b9400b000 rw-p 00013000 08:03 1840172                    /lib/x86_64-linux-gnu/libgpg-error.so.0.17.0
7f3b9400b000-7f3b940e3000 r-xp 00000000 08:03 1839881                    /lib/x86_64-linux-gnu/libgcrypt.so.20.0.5
7f3b940e3000-7f3b942e2000 ---p 000d8000 08:03 1839881                    /lib/x86_64-linux-gnu/libgcrypt.so.20.0.5
7f3b942e2000-7f3b942e3000 r--p 000d7000 08:03 1839881                    /lib/x86_64-linux-gnu/libgcrypt.so.20.0.5
7f3b942e3000-7f3b942eb000 rw-p 000d8000 08:03 1839881                    /lib/x86_64-linux-gnu/libgcrypt.so.20.0.5
7f3b942eb000-7f3b942ec000 rw-p 00000000 00:00 0 
7f3b942ec000-7f3b9430d000 r-xp 00000000 08:03 1840195                    /lib/x86_64-linux-gnu/liblzma.so.5.0.0
7f3b9430d000-7f3b9450c000 ---p 00021000 08:03 1840195                    /lib/x86_64-linux-gnu/liblzma.so.5.0.0
7f3b9450c000-7f3b9450d000 r--p 00020000 08:03 1840195                    /lib/x86_64-linux-gnu/liblzma.so.5.0.0
7f3b9450d000-7f3b9450e000 rw-p 00021000 08:03 1840195                    /lib/x86_64-linux-gnu/liblzma.so.5.0.0
7f3b9450e000-7f3b9458e000 r-xp 00000000 08:03 1836670                    /lib/x86_64-linux-gnu/libsystemd.so.0.14.0
7f3b9458e000-7f3b94591000 r--p 0007f000 08:03 1836670                    /lib/x86_64-linux-gnu/libsystemd.so.0.14.0
7f3b94591000-7f3b94592000 rw-p 00082000 08:03 1836670                    /lib/x86_64-linux-gnu/libsystemd.so.0.14.0
7f3b94592000-7f3b94593000 rw-p 00000000 00:00 0 
7f3b94593000-7f3b945dd000 r-xp 00000000 08:03 1839804                    /lib/x86_64-linux-gnu/libdbus-1.so.3.14.6
7f3b945dd000-7f3b947dd000 ---p 0004a000 08:03 1839804                    /lib/x86_64-linux-gnu/libdbus-1.so.3.14.6
7f3b947dd000-7f3b947de000 r--p 0004a000 08:03 1839804                    /lib/x86_64-linux-gnu/libdbus-1.so.3.14.6
7f3b947de000-7f3b947df000 rw-p 0004b000 08:03 1839804                    /lib/x86_64-linux-gnu/libdbus-1.so.3.14.6
7f3b947df000-7f3b9480b000 r-xp 00000000 08:03 402862                     /usr/lib/x86_64-linux-gnu/libatspi.so.0.0.1
7f3b9480b000-7f3b94a0a000 ---p 0002c000 08:03 402862                     /usr/lib/x86_64-linux-gnu/libatspi.so.0.0.1
7f3b94a0a000-7f3b94a0d000 r--p 0002b000 08:03 402862                     /usr/lib/x86_64-linux-gnu/libatspi.so.0.0.1
7f3b94a0d000-7f3b94a0e000 rw-p 0002e000 08:03 402862                     /usr/lib/x86_64-linux-gnu/libatspi.so.0.0.1
7f3b94a0e000-7f3b94a3b000 r-xp 00000000 08:03 402856                     /usr/lib/x86_64-linux-gnu/libatk-bridge-2.0.so.0.0.0
7f3b94a3b000-7f3b94c3a000 ---p 0002d000 08:03 402856                     /usr/lib/x86_64-linux-gnu/libatk-bridge-2.0.so.0.0.0
7f3b94c3a000-7f3b94c3b000 r--p 0002c000 08:03 402856                     /usr/lib/x86_64-linux-gnu/libatk-bridge-2.0.so.0.0.0
7f3b94c3b000-7f3b94c3d000 rw-p 0002d000 08:03 402856                     /usr/lib/x86_64-linux-gnu/libatk-bridge-2.0.so.0.0.0
7f3b94c3d000-7f3b94c3e000 r-xp 00000000 08:03 657533                     /usr/lib/x86_64-linux-gnu/gtk-2.0/modules/libatk-bridge.so
7f3b94c3e000-7f3b94e3d000 ---p 00001000 08:03 657533                     /usr/lib/x86_64-linux-gnu/gtk-2.0/modules/libatk-bridge.so
7f3b94e3d000-7f3b94e3e000 r--p 00000000 08:03 657533                     /usr/lib/x86_64-linux-gnu/gtk-2.0/modules/libatk-bridge.so
7f3b94e3e000-7f3b94e3f000 rw-p 00001000 08:03 657533                     /usr/lib/x86_64-linux-gnu/gtk-2.0/modules/libatk-bridge.so
7f3b94e3f000-7f3b94e46000 r-xp 00000000 08:03 403191                     /usr/lib/x86_64-linux-gnu/libgailutil.so.18.0.1
7f3b94e46000-7f3b95045000 ---p 00007000 08:03 403191                     /usr/lib/x86_64-linux-gnu/libgailutil.so.18.0.1
7f3b95045000-7f3b95046000 r--p 00006000 08:03 403191                     /usr/lib/x86_64-linux-gnu/libgailutil.so.18.0.1
7f3b95046000-7f3b95047000 rw-p 00007000 08:03 403191                     /usr/lib/x86_64-linux-gnu/libgailutil.so.18.0.1
7f3b95047000-7f3b95048000 r--s 00000000 08:03 664017                     /var/cache/fontconfig/bab58bb527bb656aaa9f116d68a48d89-le64.cache-6
7f3b95048000-7f3b95049000 r--s 00000000 08:03 664014                     /var/cache/fontconfig/56cf4f4769d0f4abc89a4895d7bd3ae1-le64.cache-6
7f3b95049000-7f3b9504a000 r--s 00000000 08:03 664012                     /var/cache/fontconfig/b9d506c9ac06c20b433354fa67a72993-le64.cache-6
7f3b9504a000-7f3b9505c000 r--s 00000000 08:03 663987                     /var/cache/fontconfig/9b89f8e3dae116d678bbf48e5f21f69b-le64.cache-6
7f3b9505c000-7f3b95069000 r--s 00000000 08:03 656609                     /var/cache/fontconfig/e13b20fdb08344e0e664864cc2ede53d-le64.cache-6
7f3b95069000-7f3b950b7000 r-xp 00000000 08:03 657536                     /usr/lib/x86_64-linux-gnu/gtk-2.0/modules/libgail.so
7f3b950b7000-7f3b952b6000 ---p 0004e000 08:03 657536                     /usr/lib/x86_64-linux-gnu/gtk-2.0/modules/libgail.so
7f3b952b6000-7f3b952b7000 r--p 0004d000 08:03 657536                     /usr/lib/x86_64-linux-gnu/gtk-2.0/modules/libgail.so
7f3b952b7000-7f3b952b9000 rw-p 0004e000 08:03 657536                     /usr/lib/x86_64-linux-gnu/gtk-2.0/modules/libgail.so
7f3b952b9000-7f3b952ca000 r-xp 00000000 08:03 657537                     /usr/lib/x86_64-linux-gnu/gtk-2.0/modules/liboverlay-scrollbar.so
7f3b952ca000-7f3b954ca000 ---p 00011000 08:03 657537                     /usr/lib/x86_64-linux-gnu/gtk-2.0/modules/liboverlay-scrollbar.so
7f3b954ca000-7f3b954cb000 r--p 00011000 08:03 657537                     /usr/lib/x86_64-linux-gnu/gtk-2.0/modules/liboverlay-scrollbar.so
7f3b954cb000-7f3b954cc000 rw-p 00012000 08:03 657537                     /usr/lib/x86_64-linux-gnu/gtk-2.0/modules/liboverlay-scrollbar.so
7f3b954cc000-7f3b954f5000 r-xp 00000000 08:03 2493738                    /usr/lib/jvm/java-8-oracle/jre/lib/amd64/libglass.so
7f3b954f5000-7f3b956f4000 ---p 00029000 08:03 2493738                    /usr/lib/jvm/java-8-oracle/jre/lib/amd64/libglass.so
7f3b956f4000-7f3b956f7000 rw-p 00028000 08:03 2493738                    /usr/lib/jvm/java-8-oracle/jre/lib/amd64/libglass.so
7f3b956f7000-7f3b95777000 rw-s 90a19000 00:06 552                        /dev/nvidiactl
7f3b95777000-7f3b957f7000 rw-s 929fd000 00:06 552                        /dev/nvidiactl
7f3b957f7000-7f3b95877000 rw-s 8f24e000 00:06 552                        /dev/nvidiactl
7f3b95877000-7f3b95977000 rw-s 92b87000 00:06 552                        /dev/nvidiactl
7f3b95977000-7f3b96d10000 r-xp 00000000 08:03 397054                     /usr/lib/nvidia-367/libnvidia-glcore.so.367.57
7f3b96d10000-7f3b96d30000 rwxp 01399000 08:03 397054                     /usr/lib/nvidia-367/libnvidia-glcore.so.367.57
7f3b96d30000-7f3b970d1000 r-xp 013b9000 08:03 397054                     /usr/lib/nvidia-367/libnvidia-glcore.so.367.57
7f3b970d1000-7f3b972d0000 ---p 0175a000 08:03 397054                     /usr/lib/nvidia-367/libnvidia-glcore.so.367.57
7f3b972d0000-7f3b97698000 rw-p 01759000 08:03 397054                     /usr/lib/nvidia-367/libnvidia-glcore.so.367.57
7f3b97698000-7f3b976b0000 rw-p 00000000 00:00 0 
7f3b976b0000-7f3b976b3000 r-xp 00000000 08:03 397058                     /usr/lib/nvidia-367/tls/libnvidia-tls.so.367.57
7f3b976b3000-7f3b978b3000 ---p 00003000 08:03 397058                     /usr/lib/nvidia-367/tls/libnvidia-tls.so.367.57
7f3b978b3000-7f3b978b4000 rw-p 00003000 08:03 397058                     /usr/lib/nvidia-367/tls/libnvidia-tls.so.367.57
7f3b978b4000-7f3b9797c000 r-xp 00000000 08:03 397034                     /usr/lib/nvidia-367/libGLX_nvidia.so.367.57
7f3b9797c000-7f3b979b0000 rwxp 000c8000 08:03 397034                     /usr/lib/nvidia-367/libGLX_nvidia.so.367.57
7f3b979b0000-7f3b979c3000 r-xp 000fc000 08:03 397034                     /usr/lib/nvidia-367/libGLX_nvidia.so.367.57
7f3b979c3000-7f3b97bc3000 ---p 0010f000 08:03 397034                     /usr/lib/nvidia-367/libGLX_nvidia.so.367.57
7f3b97bc3000-7f3b97beb000 rw-p 0010f000 08:03 397034                     /usr/lib/nvidia-367/libGLX_nvidia.so.367.57
7f3b97beb000-7f3b97bf2000 rw-p 00000000 00:00 0 
7f3b97bf2000-7f3b97bf8000 r-xp 00000000 08:03 403003                     /usr/lib/x86_64-linux-gnu/libdatrie.so.1.3.3
7f3b97bf8000-7f3b97df8000 ---p 00006000 08:03 403003                     /usr/lib/x86_64-linux-gnu/libdatrie.so.1.3.3
7f3b97df8000-7f3b97df9000 r--p 00006000 08:03 403003                     /usr/lib/x86_64-linux-gnu/libdatrie.so.1.3.3
7f3b97df9000-7f3b97dfa000 rw-p 00007000 08:03 403003                     /usr/lib/x86_64-linux-gnu/libdatrie.so.1.3.3
7f3b97dfa000-7f3b97dff000 r-xp 00000000 08:03 402761                     /usr/lib/x86_64-linux-gnu/libXdmcp.so.6.0.0
7f3b97dff000-7f3b97ffe000 ---p 00005000 08:03 402761                     /usr/lib/x86_64-linux-gnu/libXdmcp.so.6.0.0
7f3b97ffe000-7f3b97fff000 r--p 00004000 08:03 402761                     /usr/lib/x86_64-linux-gnu/libXdmcp.so.6.0.0
7f3b97fff000-7f3b98000000 rw-p 00005000 08:03 402761                     /usr/lib/x86_64-linux-gnu/libXdmcp.so.6.0.0
7f3b98000000-7f3b98804000 rw-p 00000000 00:00 0 
7f3b98804000-7f3b9c000000 ---p 00000000 00:00 0 
7f3b9c000000-7f3b9c001000 r--s 00000000 08:03 664007                     /var/cache/fontconfig/551ecf3b0e8b0bca0f25c0944f561853-le64.cache-6
7f3b9c001000-7f3b9c005000 r--s 00000000 08:03 664006                     /var/cache/fontconfig/d589a48862398ed80a3d6066f4f56f4c-le64.cache-6
7f3b9c005000-7f3b9c006000 r--s 00000000 08:03 664005                     /var/cache/fontconfig/30829fa25452a46451e813d634d7f916-le64.cache-6
7f3b9c006000-7f3b9c009000 r--s 00000000 08:03 663998                     /var/cache/fontconfig/75114ca45c98e8a441da0ff356701271-le64.cache-6
7f3b9c009000-7f3b9c01c000 rw-s 90766000 00:06 552                        /dev/nvidiactl
7f3b9c01c000-7f3b9c03c000 rw-s a00a0000 00:06 553                        /dev/nvidia0
7f3b9c03c000-7f3b9c07c000 rw-s 157102000 00:06 552                       /dev/nvidiactl
7f3b9c07c000-7f3b9c09c000 rw-s 156cc7000 00:06 552                       /dev/nvidiactl
7f3b9c09c000-7f3b9c0dc000 rw-s 158834000 00:06 552                       /dev/nvidiactl
7f3b9c0dc000-7f3b9c0fc000 rw-s 1571c5000 00:06 552                       /dev/nvidiactl
7f3b9c0fc000-7f3b9c200000 rw-s 90d88000 00:06 552                        /dev/nvidiactl
7f3b9c200000-7f3b9c202000 r-xp 00000000 08:03 402750                     /usr/lib/x86_64-linux-gnu/libXau.so.6.0.0
7f3b9c202000-7f3b9c402000 ---p 00002000 08:03 402750                     /usr/lib/x86_64-linux-gnu/libXau.so.6.0.0
7f3b9c402000-7f3b9c403000 r--p 00002000 08:03 402750                     /usr/lib/x86_64-linux-gnu/libXau.so.6.0.0
7f3b9c403000-7f3b9c404000 rw-p 00003000 08:03 402750                     /usr/lib/x86_64-linux-gnu/libXau.so.6.0.0
7f3b9c404000-7f3b9c427000 r-xp 00000000 08:03 403307                     /usr/lib/x86_64-linux-gnu/libgraphite2.so.3.0.1
7f3b9c427000-7f3b9c626000 ---p 00023000 08:03 403307                     /usr/lib/x86_64-linux-gnu/libgraphite2.so.3.0.1
7f3b9c626000-7f3b9c628000 r--p 00022000 08:03 403307                     /usr/lib/x86_64-linux-gnu/libgraphite2.so.3.0.1
7f3b9c628000-7f3b9c629000 rw-p 00024000 08:03 403307                     /usr/lib/x86_64-linux-gnu/libgraphite2.so.3.0.1
7f3b9c629000-7f3b9c677000 r-xp 00000000 08:03 397050                     /usr/lib/nvidia-367/libGLdispatch.so.0
7f3b9c677000-7f3b9c6a9000 r-xp 0004e000 08:03 397050                     /usr/lib/nvidia-367/libGLdispatch.so.0
7f3b9c6a9000-7f3b9c6e3000 r-xp 00080000 08:03 397050                     /usr/lib/nvidia-367/libGLdispatch.so.0
7f3b9c6e3000-7f3b9c8e3000 ---p 000ba000 08:03 397050                     /usr/lib/nvidia-367/libGLdispatch.so.0
7f3b9c8e3000-7f3b9c8f2000 rw-p 000ba000 08:03 397050                     /usr/lib/nvidia-367/libGLdispatch.so.0
7f3b9c8f2000-7f3b9c912000 rw-p 00000000 00:00 0 
7f3b9c912000-7f3b9c922000 r-xp 00000000 08:03 397067                     /usr/lib/nvidia-367/libGLX.so.0
7f3b9c922000-7f3b9cb22000 ---p 00010000 08:03 397067                     /usr/lib/nvidia-367/libGLX.so.0
7f3b9cb22000-7f3b9cb23000 rw-p 00010000 08:03 397067                     /usr/lib/nvidia-367/libGLX.so.0
7f3b9cb23000-7f3b9cb43000 rw-p 00000000 00:00 0 
7f3b9cb43000-7f3b9cbb1000 r-xp 00000000 08:03 1840257                    /lib/x86_64-linux-gnu/libpcre.so.3.13.2
7f3b9cbb1000-7f3b9cdb1000 ---p 0006e000 08:03 1840257                    /lib/x86_64-linux-gnu/libpcre.so.3.13.2
7f3b9cdb1000-7f3b9cdb2000 r--p 0006e000 08:03 1840257                    /lib/x86_64-linux-gnu/libpcre.so.3.13.2
7f3b9cdb2000-7f3b9cdb3000 rw-p 0006f000 08:03 1840257                    /lib/x86_64-linux-gnu/libpcre.so.3.13.2
7f3b9cdb3000-7f3b9cdba000 r-xp 00000000 08:03 403132                     /usr/lib/x86_64-linux-gnu/libffi.so.6.0.4
7f3b9cdba000-7f3b9cfb9000 ---p 00007000 08:03 403132                     /usr/lib/x86_64-linux-gnu/libffi.so.6.0.4
7f3b9cfb9000-7f3b9cfba000 r--p 00006000 08:03 403132                     /usr/lib/x86_64-linux-gnu/libffi.so.6.0.4
7f3b9cfba000-7f3b9cfbb000 rw-p 00007000 08:03 403132                     /usr/lib/x86_64-linux-gnu/libffi.so.6.0.4
7f3b9cfbb000-7f3b9cfe1000 r-xp 00000000 08:03 1835072                    /lib/x86_64-linux-gnu/libexpat.so.1.6.0
7f3b9cfe1000-7f3b9d1e1000 ---p 00026000 08:03 1835072                    /lib/x86_64-linux-gnu/libexpat.so.1.6.0
7f3b9d1e1000-7f3b9d1e3000 r--p 00026000 08:03 1835072                    /lib/x86_64-linux-gnu/libexpat.so.1.6.0
7f3b9d1e3000-7f3b9d1e4000 rw-p 00028000 08:03 1835072                    /lib/x86_64-linux-gnu/libexpat.so.1.6.0
7f3b9d1e4000-7f3b9d1ec000 r-xp 00000000 08:03 403906                     /usr/lib/x86_64-linux-gnu/libthai.so.0.2.4
7f3b9d1ec000-7f3b9d3eb000 ---p 00008000 08:03 403906                     /usr/lib/x86_64-linux-gnu/libthai.so.0.2.4
7f3b9d3eb000-7f3b9d3ec000 r--p 00007000 08:03 403906                     /usr/lib/x86_64-linux-gnu/libthai.so.0.2.4
7f3b9d3ec000-7f3b9d3ed000 rw-p 00008000 08:03 403906                     /usr/lib/x86_64-linux-gnu/libthai.so.0.2.4
7f3b9d3ed000-7f3b9d40e000 r-xp 00000000 08:03 404128                     /usr/lib/x86_64-linux-gnu/libxcb.so.1.1.0
7f3b9d40e000-7f3b9d60d000 ---p 00021000 08:03 404128                     /usr/lib/x86_64-linux-gnu/libxcb.so.1.1.0
7f3b9d60d000-7f3b9d60e000 r--p 00020000 08:03 404128                     /usr/lib/x86_64-linux-gnu/libxcb.so.1.1.0
7f3b9d60e000-7f3b9d60f000 rw-p 00021000 08:03 404128                     /usr/lib/x86_64-linux-gnu/libxcb.so.1.1.0
7f3b9d60f000-7f3b9d617000 r-xp 00000000 08:03 404114                     /usr/lib/x86_64-linux-gnu/libxcb-render.so.0.0.0
7f3b9d617000-7f3b9d817000 ---p 00008000 08:03 404114                     /usr/lib/x86_64-linux-gnu/libxcb-render.so.0.0.0
7f3b9d817000-7f3b9d818000 r--p 00008000 08:03 404114                     /usr/lib/x86_64-linux-gnu/libxcb-render.so.0.0.0
7f3b9d818000-7f3b9d819000 rw-p 00009000 08:03 404114                     /usr/lib/x86_64-linux-gnu/libxcb-render.so.0.0.0
7f3b9d819000-7f3b9d81b000 r-xp 00000000 08:03 404118                     /usr/lib/x86_64-linux-gnu/libxcb-shm.so.0.0.0
7f3b9d81b000-7f3b9da1b000 ---p 00002000 08:03 404118                     /usr/lib/x86_64-linux-gnu/libxcb-shm.so.0.0.0
7f3b9da1b000-7f3b9da1c000 r--p 00002000 08:03 404118                     /usr/lib/x86_64-linux-gnu/libxcb-shm.so.0.0.0
7f3b9da1c000-7f3b9da1d000 rw-p 00003000 08:03 404118                     /usr/lib/x86_64-linux-gnu/libxcb-shm.so.0.0.0
7f3b9da1d000-7f3b9da41000 r-xp 00000000 08:03 1840269                    /lib/x86_64-linux-gnu/libpng12.so.0.54.0
7f3b9da41000-7f3b9dc40000 ---p 00024000 08:03 1840269                    /lib/x86_64-linux-gnu/libpng12.so.0.54.0
7f3b9dc40000-7f3b9dc41000 r--p 00023000 08:03 1840269                    /lib/x86_64-linux-gnu/libpng12.so.0.54.0
7f3b9dc41000-7f3b9dc42000 rw-p 00024000 08:03 1840269                    /lib/x86_64-linux-gnu/libpng12.so.0.54.0
7f3b9dc42000-7f3b9dce1000 r-xp 00000000 08:03 403711                     /usr/lib/x86_64-linux-gnu/libpixman-1.so.0.33.6
7f3b9dce1000-7f3b9dee1000 ---p 0009f000 08:03 403711                     /usr/lib/x86_64-linux-gnu/libpixman-1.so.0.33.6
7f3b9dee1000-7f3b9dee9000 r--p 0009f000 08:03 403711                     /usr/lib/x86_64-linux-gnu/libpixman-1.so.0.33.6
7f3b9dee9000-7f3b9deea000 rw-p 000a7000 08:03 403711                     /usr/lib/x86_64-linux-gnu/libpixman-1.so.0.33.6
7f3b9deea000-7f3b9df46000 r-xp 00000000 08:03 395340                     /usr/lib/x86_64-linux-gnu/libharfbuzz.so.0.10000.1
7f3b9df46000-7f3b9e146000 ---p 0005c000 08:03 395340                     /usr/lib/x86_64-linux-gnu/libharfbuzz.so.0.10000.1
7f3b9e146000-7f3b9e147000 r--p 0005c000 08:03 395340                     /usr/lib/x86_64-linux-gnu/libharfbuzz.so.0.10000.1
7f3b9e147000-7f3b9e148000 rw-p 0005d000 08:03 395340                     /usr/lib/x86_64-linux-gnu/libharfbuzz.so.0.10000.1
7f3b9e148000-7f3b9e15f000 r-xp 00000000 08:03 1848112                    /lib/x86_64-linux-gnu/libresolv-2.23.so
7f3b9e15f000-7f3b9e35f000 ---p 00017000 08:03 1848112                    /lib/x86_64-linux-gnu/libresolv-2.23.so
7f3b9e35f000-7f3b9e360000 r--p 00017000 08:03 1848112                    /lib/x86_64-linux-gnu/libresolv-2.23.so
7f3b9e360000-7f3b9e361000 rw-p 00018000 08:03 1848112                    /lib/x86_64-linux-gnu/libresolv-2.23.so
7f3b9e361000-7f3b9e363000 rw-p 00000000 00:00 0 
7f3b9e363000-7f3b9e382000 r-xp 00000000 08:03 1840286                    /lib/x86_64-linux-gnu/libselinux.so.1
7f3b9e382000-7f3b9e581000 ---p 0001f000 08:03 1840286                    /lib/x86_64-linux-gnu/libselinux.so.1
7f3b9e581000-7f3b9e582000 r--p 0001e000 08:03 1840286                    /lib/x86_64-linux-gnu/libselinux.so.1
7f3b9e582000-7f3b9e583000 rw-p 0001f000 08:03 1840286                    /lib/x86_64-linux-gnu/libselinux.so.1
7f3b9e583000-7f3b9e585000 rw-p 00000000 00:00 0 
7f3b9e585000-7f3b9e59e000 r-xp 00000000 08:03 1840319                    /lib/x86_64-linux-gnu/libz.so.1.2.8
7f3b9e59e000-7f3b9e79d000 ---p 00019000 08:03 1840319                    /lib/x86_64-linux-gnu/libz.so.1.2.8
7f3b9e79d000-7f3b9e79e000 r--p 00018000 08:03 1840319                    /lib/x86_64-linux-gnu/libz.so.1.2.8
7f3b9e79e000-7f3b9e79f000 rw-p 00019000 08:03 1840319                    /lib/x86_64-linux-gnu/libz.so.1.2.8
7f3b9e79f000-7f3b9e7b0000 r-xp 00000000 08:03 402763                     /usr/lib/x86_64-linux-gnu/libXext.so.6.4.0
7f3b9e7b0000-7f3b9e9af000 ---p 00011000 08:03 402763                     /usr/lib/x86_64-linux-gnu/libXext.so.6.4.0
7f3b9e9af000-7f3b9e9b0000 r--p 00010000 08:03 402763                     /usr/lib/x86_64-linux-gnu/libXext.so.6.4.0
7f3b9e9b0000-7f3b9e9b1000 rw-p 00011000 08:03 402763                     /usr/lib/x86_64-linux-gnu/libXext.so.6.4.0
7f3b9e9b1000-7f3b9e9b3000 r-xp 00000000 08:03 402759                     /usr/lib/x86_64-linux-gnu/libXdamage.so.1.1.0
7f3b9e9b3000-7f3b9ebb2000 ---p 00002000 08:03 402759                     /usr/lib/x86_64-linux-gnu/libXdamage.so.1.1.0
7f3b9ebb2000-7f3b9ebb3000 r--p 00001000 08:03 402759                     /usr/lib/x86_64-linux-gnu/libXdamage.so.1.1.0
7f3b9ebb3000-7f3b9ebb4000 rw-p 00002000 08:03 402759                     /usr/lib/x86_64-linux-gnu/libXdamage.so.1.1.0
7f3b9ebb4000-7f3b9ebb6000 r-xp 00000000 08:03 402755                     /usr/lib/x86_64-linux-gnu/libXcomposite.so.1.0.0
7f3b9ebb6000-7f3b9edb5000 ---p 00002000 08:03 402755                     /usr/lib/x86_64-linux-gnu/libXcomposite.so.1.0.0
7f3b9edb5000-7f3b9edb6000 r--p 00001000 08:03 402755                     /usr/lib/x86_64-linux-gnu/libXcomposite.so.1.0.0
7f3b9edb6000-7f3b9edb7000 rw-p 00002000 08:03 402755                     /usr/lib/x86_64-linux-gnu/libXcomposite.so.1.0.0
7f3b9edb7000-7f3b9edc0000 r-xp 00000000 08:03 402757                     /usr/lib/x86_64-linux-gnu/libXcursor.so.1.0.2
7f3b9edc0000-7f3b9efbf000 ---p 00009000 08:03 402757                     /usr/lib/x86_64-linux-gnu/libXcursor.so.1.0.2
7f3b9efbf000-7f3b9efc0000 r--p 00008000 08:03 402757                     /usr/lib/x86_64-linux-gnu/libXcursor.so.1.0.2
7f3b9efc0000-7f3b9efc1000 rw-p 00009000 08:03 402757                     /usr/lib/x86_64-linux-gnu/libXcursor.so.1.0.2
7f3b9efc1000-7f3b9efcb000 r-xp 00000000 08:03 402781                     /usr/lib/x86_64-linux-gnu/libXrandr.so.2.2.0
7f3b9efcb000-7f3b9f1ca000 ---p 0000a000 08:03 402781                     /usr/lib/x86_64-linux-gnu/libXrandr.so.2.2.0
7f3b9f1ca000-7f3b9f1cb000 r--p 00009000 08:03 402781                     /usr/lib/x86_64-linux-gnu/libXrandr.so.2.2.0
7f3b9f1cb000-7f3b9f1cc000 rw-p 0000a000 08:03 402781                     /usr/lib/x86_64-linux-gnu/libXrandr.so.2.2.0
7f3b9f1cc000-7f3b9f1db000 r-xp 00000000 08:03 402771                     /usr/lib/x86_64-linux-gnu/libXi.so.6.1.0
7f3b9f1db000-7f3b9f3da000 ---p 0000f000 08:03 402771                     /usr/lib/x86_64-linux-gnu/libXi.so.6.1.0
7f3b9f3da000-7f3b9f3db000 r--p 0000e000 08:03 402771                     /usr/lib/x86_64-linux-gnu/libXi.so.6.1.0
7f3b9f3db000-7f3b9f3dc000 rw-p 0000f000 08:03 402771                     /usr/lib/x86_64-linux-gnu/libXi.so.6.1.0
7f3b9f3dc000-7f3b9f3de000 r-xp 00000000 08:03 402773                     /usr/lib/x86_64-linux-gnu/libXinerama.so.1.0.0
7f3b9f3de000-7f3b9f5dd000 ---p 00002000 08:03 402773                     /usr/lib/x86_64-linux-gnu/libXinerama.so.1.0.0
7f3b9f5dd000-7f3b9f5de000 r--p 00001000 08:03 402773                     /usr/lib/x86_64-linux-gnu/libXinerama.so.1.0.0
7f3b9f5de000-7f3b9f5df000 rw-p 00002000 08:03 402773                     /usr/lib/x86_64-linux-gnu/libXinerama.so.1.0.0
7f3b9f5df000-7f3b9f5e8000 r-xp 00000000 08:03 402783                     /usr/lib/x86_64-linux-gnu/libXrender.so.1.3.0
7f3b9f5e8000-7f3b9f7e7000 ---p 00009000 08:03 402783                     /usr/lib/x86_64-linux-gnu/libXrender.so.1.3.0
7f3b9f7e7000-7f3b9f7e8000 r--p 00008000 08:03 402783                     /usr/lib/x86_64-linux-gnu/libXrender.so.1.3.0
7f3b9f7e8000-7f3b9f7e9000 rw-p 00009000 08:03 402783                     /usr/lib/x86_64-linux-gnu/libXrender.so.1.3.0
7f3b9f7e9000-7f3b9f7ee000 r-xp 00000000 08:03 402765                     /usr/lib/x86_64-linux-gnu/libXfixes.so.3.1.0
7f3b9f7ee000-7f3b9f9ed000 ---p 00005000 08:03 402765                     /usr/lib/x86_64-linux-gnu/libXfixes.so.3.1.0
7f3b9f9ed000-7f3b9f9ee000 r--p 00004000 08:03 402765                     /usr/lib/x86_64-linux-gnu/libXfixes.so.3.1.0
7f3b9f9ee000-7f3b9f9ef000 rw-p 00005000 08:03 402765                     /usr/lib/x86_64-linux-gnu/libXfixes.so.3.1.0
7f3b9f9ef000-7f3b9fb61000 r-xp 00000000 08:03 393289                     /usr/lib/x86_64-linux-gnu/libstdc++.so.6.0.21
7f3b9fb61000-7f3b9fd61000 ---p 00172000 08:03 393289                     /usr/lib/x86_64-linux-gnu/libstdc++.so.6.0.21
7f3b9fd61000-7f3b9fd6b000 r--p 00172000 08:03 393289                     /usr/lib/x86_64-linux-gnu/libstdc++.so.6.0.21
7f3b9fd6b000-7f3b9fd6d000 rw-p 0017c000 08:03 393289                     /usr/lib/x86_64-linux-gnu/libstdc++.so.6.0.21
7f3b9fd6d000-7f3b9fd71000 rw-p 00000000 00:00 0 
7f3b9fd71000-7f3b9fda2000 r-xp 00000000 08:03 397049                     /usr/lib/nvidia-367/libGL.so.1.0.0
7f3b9fda2000-7f3b9fdd4000 r-xp 00031000 08:03 397049                     /usr/lib/nvidia-367/libGL.so.1.0.0
7f3b9fdd4000-7f3b9fdfe000 r-xp 00063000 08:03 397049                     /usr/lib/nvidia-367/libGL.so.1.0.0
7f3b9fdfe000-7f3b9fffe000 ---p 0008d000 08:03 397049                     /usr/lib/nvidia-367/libGL.so.1.0.0
7f3b9fffe000-7f3b9ffff000 rw-p 0008d000 08:03 397049                     /usr/lib/nvidia-367/libGL.so.1.0.0
7f3b9ffff000-7f3ba0000000 rw-p 00000000 00:00 0 
7f3ba0000000-7f3ba0021000 rw-p 00000000 00:00 0 
7f3ba0021000-7f3ba4000000 ---p 00000000 00:00 0 
7f3ba4000000-7f3ba4021000 rw-p 00000000 00:00 0 
7f3ba4021000-7f3ba8000000 ---p 00000000 00:00 0 
7f3ba8000000-7f3ba827e000 rw-p 00000000 00:00 0 
7f3ba827e000-7f3bac000000 ---p 00000000 00:00 0 
7f3bac000000-7f3bac325000 rw-p 00000000 00:00 0 
7f3bac325000-7f3bb0000000 ---p 00000000 00:00 0 
7f3bb0000000-7f3bb0021000 rw-p 00000000 00:00 0 
7f3bb0021000-7f3bb4000000 ---p 00000000 00:00 0 
7f3bb4000000-7f3bb42bd000 rw-p 00000000 00:00 0 
7f3bb42bd000-7f3bb8000000 ---p 00000000 00:00 0 
7f3bb8000000-7f3bb802b000 rw-p 00000000 00:00 0 
7f3bb802b000-7f3bbc000000 ---p 00000000 00:00 0 
7f3bbc000000-7f3bbc03a000 rw-p 00000000 00:00 0 
7f3bbc03a000-7f3bc0000000 ---p 00000000 00:00 0 
7f3bc0000000-7f3bc0021000 rw-p 00000000 00:00 0 
7f3bc0021000-7f3bc4000000 ---p 00000000 00:00 0 
7f3bc4000000-7f3bc4001000 r--s 00000000 08:03 664002                     /var/cache/fontconfig/0c9eb80ebd1c36541ebe2852d3bb0c49-le64.cache-6
7f3bc4001000-7f3bc400c000 r--s 00000000 08:03 663991                     /var/cache/fontconfig/83bf95040141907cd45bb53cf7c1c148-le64.cache-6
7f3bc400c000-7f3bc404c000 rw-s 1572a8000 00:06 552                       /dev/nvidiactl
7f3bc404c000-7f3bc4062000 r-xp 00000000 08:03 1840166                    /lib/x86_64-linux-gnu/libgcc_s.so.1
7f3bc4062000-7f3bc4261000 ---p 00016000 08:03 1840166                    /lib/x86_64-linux-gnu/libgcc_s.so.1
7f3bc4261000-7f3bc4262000 rw-p 00015000 08:03 1840166                    /lib/x86_64-linux-gnu/libgcc_s.so.1
7f3bc4262000-7f3bc4267000 r-xp 00000000 08:03 402799                     /usr/lib/x86_64-linux-gnu/libXxf86vm.so.1.0.0
7f3bc4267000-7f3bc4466000 ---p 00005000 08:03 402799                     /usr/lib/x86_64-linux-gnu/libXxf86vm.so.1.0.0
7f3bc4466000-7f3bc4467000 r--p 00004000 08:03 402799                     /usr/lib/x86_64-linux-gnu/libXxf86vm.so.1.0.0
7f3bc4467000-7f3bc4468000 rw-p 00005000 08:03 402799                     /usr/lib/x86_64-linux-gnu/libXxf86vm.so.1.0.0
7f3bc4468000-7f3bc459d000 r-xp 00000000 08:03 402746                     /usr/lib/x86_64-linux-gnu/libX11.so.6.3.0
7f3bc459d000-7f3bc479d000 ---p 00135000 08:03 402746                     /usr/lib/x86_64-linux-gnu/libX11.so.6.3.0
7f3bc479d000-7f3bc479e000 r--p 00135000 08:03 402746                     /usr/lib/x86_64-linux-gnu/libX11.so.6.3.0
7f3bc479e000-7f3bc47a2000 rw-p 00136000 08:03 402746                     /usr/lib/x86_64-linux-gnu/libX11.so.6.3.0
7f3bc47a2000-7f3bc47a7000 r-xp 00000000 08:03 402789                     /usr/lib/x86_64-linux-gnu/libXtst.so.6.1.0
7f3bc47a7000-7f3bc49a6000 ---p 00005000 08:03 402789                     /usr/lib/x86_64-linux-gnu/libXtst.so.6.1.0
7f3bc49a6000-7f3bc49a7000 r--p 00004000 08:03 402789                     /usr/lib/x86_64-linux-gnu/libXtst.so.6.1.0
7f3bc49a7000-7f3bc49a8000 rw-p 00005000 08:03 402789                     /usr/lib/x86_64-linux-gnu/libXtst.so.6.1.0
7f3bc49a8000-7f3bc4ab7000 r-xp 00000000 08:03 1835067                    /lib/x86_64-linux-gnu/libglib-2.0.so.0.4800.1
7f3bc4ab7000-7f3bc4cb6000 ---p 0010f000 08:03 1835067                    /lib/x86_64-linux-gnu/libglib-2.0.so.0.4800.1
7f3bc4cb6000-7f3bc4cb7000 r--p 0010e000 08:03 1835067                    /lib/x86_64-linux-gnu/libglib-2.0.so.0.4800.1
7f3bc4cb7000-7f3bc4cb8000 rw-p 0010f000 08:03 1835067                    /lib/x86_64-linux-gnu/libglib-2.0.so.0.4800.1
7f3bc4cb8000-7f3bc4cb9000 rw-p 00000000 00:00 0 
7f3bc4cb9000-7f3bc4cba000 r-xp 00000000 08:03 393610                     /usr/lib/x86_64-linux-gnu/libgthread-2.0.so.0.4800.1
7f3bc4cba000-7f3bc4eb9000 ---p 00001000 08:03 393610                     /usr/lib/x86_64-linux-gnu/libgthread-2.0.so.0.4800.1
7f3bc4eb9000-7f3bc4eba000 r--p 00000000 08:03 393610                     /usr/lib/x86_64-linux-gnu/libgthread-2.0.so.0.4800.1
7f3bc4eba000-7f3bc4ebb000 rw-p 00001000 08:03 393610                     /usr/lib/x86_64-linux-gnu/libgthread-2.0.so.0.4800.1
7f3bc4ebb000-7f3bc4ebe000 r-xp 00000000 08:03 393634                     /usr/lib/x86_64-linux-gnu/libgmodule-2.0.so.0.4800.1
7f3bc4ebe000-7f3bc50bd000 ---p 00003000 08:03 393634                     /usr/lib/x86_64-linux-gnu/libgmodule-2.0.so.0.4800.1
7f3bc50bd000-7f3bc50be000 r--p 00002000 08:03 393634                     /usr/lib/x86_64-linux-gnu/libgmodule-2.0.so.0.4800.1
7f3bc50be000-7f3bc50bf000 rw-p 00003000 08:03 393634                     /usr/lib/x86_64-linux-gnu/libgmodule-2.0.so.0.4800.1
7f3bc50bf000-7f3bc5111000 r-xp 00000000 08:03 393658                     /usr/lib/x86_64-linux-gnu/libgobject-2.0.so.0.4800.1
7f3bc5111000-7f3bc5310000 ---p 00052000 08:03 393658                     /usr/lib/x86_64-linux-gnu/libgobject-2.0.so.0.4800.1
7f3bc5310000-7f3bc5311000 r--p 00051000 08:03 393658                     /usr/lib/x86_64-linux-gnu/libgobject-2.0.so.0.4800.1
7f3bc5311000-7f3bc5312000 rw-p 00052000 08:03 393658                     /usr/lib/x86_64-linux-gnu/libgobject-2.0.so.0.4800.1
7f3bc5312000-7f3bc534f000 r-xp 00000000 08:03 399237                     /usr/lib/x86_64-linux-gnu/libfontconfig.so.1.9.0
7f3bc534f000-7f3bc554e000 ---p 0003d000 08:03 399237                     /usr/lib/x86_64-linux-gnu/libfontconfig.so.1.9.0
7f3bc554e000-7f3bc5550000 r--p 0003c000 08:03 399237                     /usr/lib/x86_64-linux-gnu/libfontconfig.so.1.9.0
7f3bc5550000-7f3bc5555000 rw-p 0003e000 08:03 399237                     /usr/lib/x86_64-linux-gnu/libfontconfig.so.1.9.0
7f3bc5555000-7f3bc55f9000 r-xp 00000000 08:03 403180                     /usr/lib/x86_64-linux-gnu/libfreetype.so.6.12.1
7f3bc55f9000-7f3bc57f8000 ---p 000a4000 08:03 403180                     /usr/lib/x86_64-linux-gnu/libfreetype.so.6.12.1
7f3bc57f8000-7f3bc57fe000 r--p 000a3000 08:03 403180                     /usr/lib/x86_64-linux-gnu/libfreetype.so.6.12.1
7f3bc57fe000-7f3bc57ff000 rw-p 000a9000 08:03 403180                     /usr/lib/x86_64-linux-gnu/libfreetype.so.6.12.1
7f3bc57ff000-7f3bc5848000 r-xp 00000000 08:03 403681                     /usr/lib/x86_64-linux-gnu/libpango-1.0.so.0.3800.1
7f3bc5848000-7f3bc5a48000 ---p 00049000 08:03 403681                     /usr/lib/x86_64-linux-gnu/libpango-1.0.so.0.3800.1
7f3bc5a48000-7f3bc5a4a000 r--p 00049000 08:03 403681                     /usr/lib/x86_64-linux-gnu/libpango-1.0.so.0.3800.1
7f3bc5a4a000-7f3bc5a4b000 rw-p 0004b000 08:03 403681                     /usr/lib/x86_64-linux-gnu/libpango-1.0.so.0.3800.1
7f3bc5a4b000-7f3bc5b59000 r-xp 00000000 08:03 402910                     /usr/lib/x86_64-linux-gnu/libcairo.so.2.11400.6
7f3bc5b59000-7f3bc5d59000 ---p 0010e000 08:03 402910                     /usr/lib/x86_64-linux-gnu/libcairo.so.2.11400.6
7f3bc5d59000-7f3bc5d5c000 r--p 0010e000 08:03 402910                     /usr/lib/x86_64-linux-gnu/libcairo.so.2.11400.6
7f3bc5d5c000-7f3bc5d5d000 rw-p 00111000 08:03 402910                     /usr/lib/x86_64-linux-gnu/libcairo.so.2.11400.6
7f3bc5d5d000-7f3bc5d5f000 rw-p 00000000 00:00 0 
7f3bc5d5f000-7f3bc5d6b000 r-xp 00000000 08:03 403683                     /usr/lib/x86_64-linux-gnu/libpangocairo-1.0.so.0.3800.1
7f3bc5d6b000-7f3bc5f6a000 ---p 0000c000 08:03 403683                     /usr/lib/x86_64-linux-gnu/libpangocairo-1.0.so.0.3800.1
7f3bc5f6a000-7f3bc5f6b000 r--p 0000b000 08:03 403683                     /usr/lib/x86_64-linux-gnu/libpangocairo-1.0.so.0.3800.1
7f3bc5f6b000-7f3bc5f6c000 rw-p 0000c000 08:03 403683                     /usr/lib/x86_64-linux-gnu/libpangocairo-1.0.so.0.3800.1
7f3bc5f6c000-7f3bc5f8d000 r-xp 00000000 08:03 393495                     /usr/lib/x86_64-linux-gnu/libgdk_pixbuf-2.0.so.0.3200.2
7f3bc5f8d000-7f3bc618c000 ---p 00021000 08:03 393495                     /usr/lib/x86_64-linux-gnu/libgdk_pixbuf-2.0.so.0.3200.2
7f3bc618c000-7f3bc618d000 r--p 00020000 08:03 393495                     /usr/lib/x86_64-linux-gnu/libgdk_pixbuf-2.0.so.0.3200.2
7f3bc618d000-7f3bc618e000 rw-p 00021000 08:03 393495                     /usr/lib/x86_64-linux-gnu/libgdk_pixbuf-2.0.so.0.3200.2
7f3bc618e000-7f3bc61a2000 r-xp 00000000 08:03 403685                     /usr/lib/x86_64-linux-gnu/libpangoft2-1.0.so.0.3800.1
7f3bc61a2000-7f3bc63a2000 ---p 00014000 08:03 403685                     /usr/lib/x86_64-linux-gnu/libpangoft2-1.0.so.0.3800.1
7f3bc63a2000-7f3bc63a3000 r--p 00014000 08:03 403685                     /usr/lib/x86_64-linux-gnu/libpangoft2-1.0.so.0.3800.1
7f3bc63a3000-7f3bc63a4000 rw-p 00015000 08:03 403685                     /usr/lib/x86_64-linux-gnu/libpangoft2-1.0.so.0.3800.1
7f3bc63a4000-7f3bc6524000 r-xp 00000000 08:03 393655                     /usr/lib/x86_64-linux-gnu/libgio-2.0.so.0.4800.1
7f3bc6524000-7f3bc6724000 ---p 00180000 08:03 393655                     /usr/lib/x86_64-linux-gnu/libgio-2.0.so.0.4800.1
7f3bc6724000-7f3bc6728000 r--p 00180000 08:03 393655                     /usr/lib/x86_64-linux-gnu/libgio-2.0.so.0.4800.1
7f3bc6728000-7f3bc672a000 rw-p 00184000 08:03 393655                     /usr/lib/x86_64-linux-gnu/libgio-2.0.so.0.4800.1
7f3bc672a000-7f3bc672c000 rw-p 00000000 00:00 0 
7f3bc672c000-7f3bc674e000 r-xp 00000000 08:03 402854                     /usr/lib/x86_64-linux-gnu/libatk-1.0.so.0.21809.1
7f3bc674e000-7f3bc694d000 ---p 00022000 08:03 402854                     /usr/lib/x86_64-linux-gnu/libatk-1.0.so.0.21809.1
7f3bc694d000-7f3bc6950000 r--p 00021000 08:03 402854                     /usr/lib/x86_64-linux-gnu/libatk-1.0.so.0.21809.1
7f3bc6950000-7f3bc6951000 rw-p 00024000 08:03 402854                     /usr/lib/x86_64-linux-gnu/libatk-1.0.so.0.21809.1
7f3bc6951000-7f3bc6a01000 r-xp 00000000 08:03 403219                     /usr/lib/x86_64-linux-gnu/libgdk-x11-2.0.so.0.2400.30
7f3bc6a01000-7f3bc6c00000 ---p 000b0000 08:03 403219                     /usr/lib/x86_64-linux-gnu/libgdk-x11-2.0.so.0.2400.30
7f3bc6c00000-7f3bc6c04000 r--p 000af000 08:03 403219                     /usr/lib/x86_64-linux-gnu/libgdk-x11-2.0.so.0.2400.30
7f3bc6c04000-7f3bc6c06000 rw-p 000b3000 08:03 403219                     /usr/lib/x86_64-linux-gnu/libgdk-x11-2.0.so.0.2400.30
7f3bc6c06000-7f3bc7044000 r-xp 00000000 08:03 403364                     /usr/lib/x86_64-linux-gnu/libgtk-x11-2.0.so.0.2400.30
7f3bc7044000-7f3bc7243000 ---p 0043e000 08:03 403364                     /usr/lib/x86_64-linux-gnu/libgtk-x11-2.0.so.0.2400.30
7f3bc7243000-7f3bc724a000 r--p 0043d000 08:03 403364                     /usr/lib/x86_64-linux-gnu/libgtk-x11-2.0.so.0.2400.30
7f3bc724a000-7f3bc724e000 rw-p 00444000 08:03 403364                     /usr/lib/x86_64-linux-gnu/libgtk-x11-2.0.so.0.2400.30
7f3bc724e000-7f3bc7251000 rw-p 00000000 00:00 0 
7f3bc7251000-7f3bc725d000 r-xp 00000000 08:03 2493705                    /usr/lib/jvm/java-8-oracle/jre/lib/amd64/libprism_es2.so
7f3bc725d000-7f3bc745c000 ---p 0000c000 08:03 2493705                    /usr/lib/jvm/java-8-oracle/jre/lib/amd64/libprism_es2.so
7f3bc745c000-7f3bc745d000 rw-p 0000b000 08:03 2493705                    /usr/lib/jvm/java-8-oracle/jre/lib/amd64/libprism_es2.so
7f3bc745d000-7f3bc7460000 ---p 00000000 00:00 0 
7f3bc7460000-7f3bc755e000 rw-p 00000000 00:00 0 
7f3bc755e000-7f3bc75f4000 r--s 01103000 08:03 2493769                    /usr/lib/jvm/java-8-oracle/jre/lib/ext/jfxrt.jar
7f3bc75f4000-7f3bc75f5000 ---p 00000000 00:00 0 
7f3bc75f5000-7f3bc76f5000 rw-p 00000000 00:00 0 
7f3bc76f5000-7f3bc76f8000 ---p 00000000 00:00 0 
7f3bc76f8000-7f3bc77f6000 rw-p 00000000 00:00 0 
7f3bc77f6000-7f3bc77f9000 ---p 00000000 00:00 0 
7f3bc77f9000-7f3bc78f7000 rw-p 00000000 00:00 0 
7f3bc78f7000-7f3bc78fa000 ---p 00000000 00:00 0 
7f3bc78fa000-7f3bc79f8000 rw-p 00000000 00:00 0 
7f3bc79f8000-7f3bc79fb000 ---p 00000000 00:00 0 
7f3bc79fb000-7f3bc7af9000 rw-p 00000000 00:00 0 
7f3bc7af9000-7f3bc7afc000 ---p 00000000 00:00 0 
7f3bc7afc000-7f3bc7bfa000 rw-p 00000000 00:00 0 
7f3bc7bfa000-7f3bc7bfd000 ---p 00000000 00:00 0 
7f3bc7bfd000-7f3bc7cfb000 rw-p 00000000 00:00 0 
7f3bc7cfb000-7f3bc7cfe000 ---p 00000000 00:00 0 
7f3bc7cfe000-7f3bc7dfc000 rw-p 00000000 00:00 0 
7f3bc7dfc000-7f3bc7e00000 r-xp 00000000 08:03 2493734                    /usr/lib/jvm/java-8-oracle/jre/lib/amd64/libdt_socket.so
7f3bc7e00000-7f3bc7fff000 ---p 00004000 08:03 2493734                    /usr/lib/jvm/java-8-oracle/jre/lib/amd64/libdt_socket.so
7f3bc7fff000-7f3bc8000000 rw-p 00003000 08:03 2493734                    /usr/lib/jvm/java-8-oracle/jre/lib/amd64/libdt_socket.so
7f3bc8000000-7f3bc8021000 rw-p 00000000 00:00 0 
7f3bc8021000-7f3bcc000000 ---p 00000000 00:00 0 
7f3bcc000000-7f3bcc021000 rw-p 00000000 00:00 0 
7f3bcc021000-7f3bd0000000 ---p 00000000 00:00 0 
7f3bd0000000-7f3bd0021000 rw-p 00000000 00:00 0 
7f3bd0021000-7f3bd4000000 ---p 00000000 00:00 0 
7f3bd4000000-7f3bd4021000 rw-p 00000000 00:00 0 
7f3bd4021000-7f3bd8000000 ---p 00000000 00:00 0 
7f3bd8000000-7f3bd8021000 rw-p 00000000 00:00 0 
7f3bd8021000-7f3bdc000000 ---p 00000000 00:00 0 
7f3bdc000000-7f3bdc021000 rw-p 00000000 00:00 0 
7f3bdc021000-7f3be0000000 ---p 00000000 00:00 0 
7f3be0000000-7f3be0021000 rw-p 00000000 00:00 0 
7f3be0021000-7f3be4000000 ---p 00000000 00:00 0 
7f3be4000000-7f3be4004000 r--s 00000000 08:03 663970                     /var/cache/fontconfig/7ef2298fde41cc6eeb7af42e48b7d293-le64.cache-6
7f3be4004000-7f3be4006000 r--s 00019000 08:03 2502175                    /opt/intellij-idea-community/lib/idea_rt.jar
7f3be4006000-7f3be4008000 rw-s 00000000 08:03 262241                     /tmp/.glX5UyY8 (deleted)
7f3be4008000-7f3be400d000 r--p 00000000 08:06 1316917                    /home/mostafa/.config/dconf/user
7f3be400d000-7f3be400e000 r--s 00000000 00:29 32                         /run/user/1000/dconf/user
7f3be400e000-7f3be400f000 rw-s 8f62b000 00:06 552                        /dev/nvidiactl
7f3be400f000-7f3be4013000 rw-s 8f6f2000 00:06 552                        /dev/nvidiactl
7f3be4013000-7f3be4014000 rw-s aff6b000 00:06 553                        /dev/nvidia0
7f3be4014000-7f3be4015000 rw-s aff6a000 00:06 553                        /dev/nvidia0
7f3be4015000-7f3be4016000 rw-s aff69000 00:06 553                        /dev/nvidia0
7f3be4036000-7f3be4037000 rw-s 1591c0000 00:06 552                       /dev/nvidiactl
7f3be4037000-7f3be404a000 r--s 00345000 08:03 2493917                    /usr/lib/jvm/java-8-oracle/jre/lib/resources.jar
7f3be404a000-7f3be405c000 r--s 000d6000 08:03 2493916                    /usr/lib/jvm/java-8-oracle/jre/lib/plugin.jar
7f3be405c000-7f3be4060000 r--s 00097000 08:03 2493637                    /usr/lib/jvm/java-8-oracle/jre/lib/jsse.jar
7f3be4060000-7f3be4062000 r--s 00007000 08:03 2493758                    /usr/lib/jvm/java-8-oracle/jre/lib/jfxswt.jar
7f3be4062000-7f3be4067000 r--s 00084000 08:03 2493792                    /usr/lib/jvm/java-8-oracle/jre/lib/jfr.jar
7f3be4067000-7f3be4071000 r--s 0006c000 08:03 2493800                    /usr/lib/jvm/java-8-oracle/jre/lib/javaws.jar
7f3be4071000-7f3be408c000 r--s 00208000 08:03 2493801                    /usr/lib/jvm/java-8-oracle/jre/lib/deploy.jar
7f3be408c000-7f3be408f000 ---p 00000000 00:00 0 
7f3be408f000-7f3be418d000 rw-p 00000000 00:00 0 
7f3be418d000-7f3be4190000 ---p 00000000 00:00 0 
7f3be4190000-7f3be428e000 rw-p 00000000 00:00 0 
7f3be428e000-7f3be4291000 ---p 00000000 00:00 0 
7f3be4291000-7f3be438f000 rw-p 00000000 00:00 0 
7f3be438f000-7f3be4390000 ---p 00000000 00:00 0 
7f3be4390000-7f3be5423000 rw-p 00000000 00:00 0 
7f3be5423000-7f3be55fb000 r--s 03d2a000 08:03 2493685                    /usr/lib/jvm/java-8-oracle/jre/lib/rt.jar
7f3be55fb000-7f3be7e0d000 rw-p 00000000 00:00 0 
7f3be7e0d000-7f3be7e0e000 ---p 00000000 00:00 0 
7f3be7e0e000-7f3be7f0e000 rw-p 00000000 00:00 0 
7f3be7f0e000-7f3be7f0f000 ---p 00000000 00:00 0 
7f3be7f0f000-7f3be800f000 rw-p 00000000 00:00 0 
7f3be800f000-7f3be8010000 ---p 00000000 00:00 0 
7f3be8010000-7f3be8110000 rw-p 00000000 00:00 0 
7f3be8110000-7f3be8111000 ---p 00000000 00:00 0 
7f3be8111000-7f3be8225000 rw-p 00000000 00:00 0 
7f3be8225000-7f3be834e000 ---p 00000000 00:00 0 
7f3be834e000-7f3be8359000 rw-p 00000000 00:00 0 
7f3be8359000-7f3be83ed000 ---p 00000000 00:00 0 
7f3be83ed000-7f3be8400000 rw-p 00000000 00:00 0 
7f3be8400000-7f3be87ae000 ---p 00000000 00:00 0 
7f3be87ae000-7f3be8c2e000 rwxp 00000000 00:00 0 
7f3be8c2e000-7f3bf77ae000 ---p 00000000 00:00 0 
7f3bf77ae000-7f3bf77c8000 r-xp 00000000 08:03 2493716                    /usr/lib/jvm/java-8-oracle/jre/lib/amd64/libzip.so
7f3bf77c8000-7f3bf79c8000 ---p 0001a000 08:03 2493716                    /usr/lib/jvm/java-8-oracle/jre/lib/amd64/libzip.so
7f3bf79c8000-7f3bf79c9000 rw-p 0001a000 08:03 2493716                    /usr/lib/jvm/java-8-oracle/jre/lib/amd64/libzip.so
7f3bf79c9000-7f3bf79d4000 r-xp 00000000 08:03 1848107                    /lib/x86_64-linux-gnu/libnss_files-2.23.so
7f3bf79d4000-7f3bf7bd3000 ---p 0000b000 08:03 1848107                    /lib/x86_64-linux-gnu/libnss_files-2.23.so
7f3bf7bd3000-7f3bf7bd4000 r--p 0000a000 08:03 1848107                    /lib/x86_64-linux-gnu/libnss_files-2.23.so
7f3bf7bd4000-7f3bf7bd5000 rw-p 0000b000 08:03 1848107                    /lib/x86_64-linux-gnu/libnss_files-2.23.so
7f3bf7bd5000-7f3bf7bdb000 rw-p 00000000 00:00 0 
7f3bf7bdb000-7f3bf7be6000 r-xp 00000000 08:03 1848104                    /lib/x86_64-linux-gnu/libnss_nis-2.23.so
7f3bf7be6000-7f3bf7de5000 ---p 0000b000 08:03 1848104                    /lib/x86_64-linux-gnu/libnss_nis-2.23.so
7f3bf7de5000-7f3bf7de6000 r--p 0000a000 08:03 1848104                    /lib/x86_64-linux-gnu/libnss_nis-2.23.so
7f3bf7de6000-7f3bf7de7000 rw-p 0000b000 08:03 1848104                    /lib/x86_64-linux-gnu/libnss_nis-2.23.so
7f3bf7de7000-7f3bf7dfd000 r-xp 00000000 08:03 1848102                    /lib/x86_64-linux-gnu/libnsl-2.23.so
7f3bf7dfd000-7f3bf7ffc000 ---p 00016000 08:03 1848102                    /lib/x86_64-linux-gnu/libnsl-2.23.so
7f3bf7ffc000-7f3bf7ffd000 r--p 00015000 08:03 1848102                    /lib/x86_64-linux-gnu/libnsl-2.23.so
7f3bf7ffd000-7f3bf7ffe000 rw-p 00016000 08:03 1848102                    /lib/x86_64-linux-gnu/libnsl-2.23.so
7f3bf7ffe000-7f3bf8000000 rw-p 00000000 00:00 0 
7f3bf8000000-7f3bf845b000 rw-p 00000000 00:00 0 
7f3bf845b000-7f3bfc000000 ---p 00000000 00:00 0 
7f3bfc000000-7f3bfc001000 rw-s d0060000 00:06 553                        /dev/nvidia0
7f3bfc001000-7f3bfc036000 rw-p 00000000 00:00 0 
7f3bfc036000-7f3bfc160000 ---p 00000000 00:00 0 
7f3bfc160000-7f3bfc168000 r-xp 00000000 08:03 1848100                    /lib/x86_64-linux-gnu/libnss_compat-2.23.so
7f3bfc168000-7f3bfc367000 ---p 00008000 08:03 1848100                    /lib/x86_64-linux-gnu/libnss_compat-2.23.so
7f3bfc367000-7f3bfc368000 r--p 00007000 08:03 1848100                    /lib/x86_64-linux-gnu/libnss_compat-2.23.so
7f3bfc368000-7f3bfc369000 rw-p 00008000 08:03 1848100                    /lib/x86_64-linux-gnu/libnss_compat-2.23.so
7f3bfc369000-7f3bfc642000 r--p 00000000 08:03 393281                     /usr/lib/locale/locale-archive
7f3bfc642000-7f3bfc644000 r-xp 00000000 08:03 2493724                    /usr/lib/jvm/java-8-oracle/jre/lib/amd64/libnpt.so
7f3bfc644000-7f3bfc844000 ---p 00002000 08:03 2493724                    /usr/lib/jvm/java-8-oracle/jre/lib/amd64/libnpt.so
7f3bfc844000-7f3bfc845000 rw-p 00002000 08:03 2493724                    /usr/lib/jvm/java-8-oracle/jre/lib/amd64/libnpt.so
7f3bfc845000-7f3bfc87e000 r-xp 00000000 08:03 2493690                    /usr/lib/jvm/java-8-oracle/jre/lib/amd64/libjdwp.so
7f3bfc87e000-7f3bfca7d000 ---p 00039000 08:03 2493690                    /usr/lib/jvm/java-8-oracle/jre/lib/amd64/libjdwp.so
7f3bfca7d000-7f3bfca7f000 rw-p 00038000 08:03 2493690                    /usr/lib/jvm/java-8-oracle/jre/lib/amd64/libjdwp.so
7f3bfca7f000-7f3bfcaaa000 r-xp 00000000 08:03 2493743                    /usr/lib/jvm/java-8-oracle/jre/lib/amd64/libjava.so
7f3bfcaaa000-7f3bfcca9000 ---p 0002b000 08:03 2493743                    /usr/lib/jvm/java-8-oracle/jre/lib/amd64/libjava.so
7f3bfcca9000-7f3bfccab000 rw-p 0002a000 08:03 2493743                    /usr/lib/jvm/java-8-oracle/jre/lib/amd64/libjava.so
7f3bfccab000-7f3bfccb8000 r-xp 00000000 08:03 2493694                    /usr/lib/jvm/java-8-oracle/jre/lib/amd64/libverify.so
7f3bfccb8000-7f3bfceb7000 ---p 0000d000 08:03 2493694                    /usr/lib/jvm/java-8-oracle/jre/lib/amd64/libverify.so
7f3bfceb7000-7f3bfceb9000 rw-p 0000c000 08:03 2493694                    /usr/lib/jvm/java-8-oracle/jre/lib/amd64/libverify.so
7f3bfceb9000-7f3bfcec0000 r-xp 00000000 08:03 1848116                    /lib/x86_64-linux-gnu/librt-2.23.so
7f3bfcec0000-7f3bfd0bf000 ---p 00007000 08:03 1848116                    /lib/x86_64-linux-gnu/librt-2.23.so
7f3bfd0bf000-7f3bfd0c0000 r--p 00006000 08:03 1848116                    /lib/x86_64-linux-gnu/librt-2.23.so
7f3bfd0c0000-7f3bfd0c1000 rw-p 00007000 08:03 1848116                    /lib/x86_64-linux-gnu/librt-2.23.so
7f3bfd0c1000-7f3bfd1c9000 r-xp 00000000 08:03 1848113                    /lib/x86_64-linux-gnu/libm-2.23.so
7f3bfd1c9000-7f3bfd3c8000 ---p 00108000 08:03 1848113                    /lib/x86_64-linux-gnu/libm-2.23.so
7f3bfd3c8000-7f3bfd3c9000 r--p 00107000 08:03 1848113                    /lib/x86_64-linux-gnu/libm-2.23.so
7f3bfd3c9000-7f3bfd3ca000 rw-p 00108000 08:03 1848113                    /lib/x86_64-linux-gnu/libm-2.23.so
7f3bfd3ca000-7f3bfe097000 r-xp 00000000 08:03 2493747                    /usr/lib/jvm/java-8-oracle/jre/lib/amd64/server/libjvm.so
7f3bfe097000-7f3bfe296000 ---p 00ccd000 08:03 2493747                    /usr/lib/jvm/java-8-oracle/jre/lib/amd64/server/libjvm.so
7f3bfe296000-7f3bfe36f000 rw-p 00ccc000 08:03 2493747                    /usr/lib/jvm/java-8-oracle/jre/lib/amd64/server/libjvm.so
7f3bfe36f000-7f3bfe3ba000 rw-p 00000000 00:00 0 
7f3bfe3ba000-7f3bfe579000 r-xp 00000000 08:03 1848121                    /lib/x86_64-linux-gnu/libc-2.23.so
7f3bfe579000-7f3bfe779000 ---p 001bf000 08:03 1848121                    /lib/x86_64-linux-gnu/libc-2.23.so
7f3bfe779000-7f3bfe77d000 r--p 001bf000 08:03 1848121                    /lib/x86_64-linux-gnu/libc-2.23.so
7f3bfe77d000-7f3bfe77f000 rw-p 001c3000 08:03 1848121                    /lib/x86_64-linux-gnu/libc-2.23.so
7f3bfe77f000-7f3bfe783000 rw-p 00000000 00:00 0 
7f3bfe783000-7f3bfe786000 r-xp 00000000 08:03 1848122                    /lib/x86_64-linux-gnu/libdl-2.23.so
7f3bfe786000-7f3bfe985000 ---p 00003000 08:03 1848122                    /lib/x86_64-linux-gnu/libdl-2.23.so
7f3bfe985000-7f3bfe986000 r--p 00002000 08:03 1848122                    /lib/x86_64-linux-gnu/libdl-2.23.so
7f3bfe986000-7f3bfe987000 rw-p 00003000 08:03 1848122                    /lib/x86_64-linux-gnu/libdl-2.23.so
7f3bfe987000-7f3bfe99c000 r-xp 00000000 08:03 2492804                    /usr/lib/jvm/java-8-oracle/lib/amd64/jli/libjli.so
7f3bfe99c000-7f3bfeb9c000 ---p 00015000 08:03 2492804                    /usr/lib/jvm/java-8-oracle/lib/amd64/jli/libjli.so
7f3bfeb9c000-7f3bfeb9d000 rw-p 00015000 08:03 2492804                    /usr/lib/jvm/java-8-oracle/lib/amd64/jli/libjli.so
7f3bfeb9d000-7f3bfebb5000 r-xp 00000000 08:03 1848120                    /lib/x86_64-linux-gnu/libpthread-2.23.so
7f3bfebb5000-7f3bfedb4000 ---p 00018000 08:03 1848120                    /lib/x86_64-linux-gnu/libpthread-2.23.so
7f3bfedb4000-7f3bfedb5000 r--p 00017000 08:03 1848120                    /lib/x86_64-linux-gnu/libpthread-2.23.so
7f3bfedb5000-7f3bfedb6000 rw-p 00018000 08:03 1848120                    /lib/x86_64-linux-gnu/libpthread-2.23.so
7f3bfedb6000-7f3bfedba000 rw-p 00000000 00:00 0 
7f3bfedba000-7f3bfede0000 r-xp 00000000 08:03 1848117                    /lib/x86_64-linux-gnu/ld-2.23.so
7f3bfede0000-7f3bfede1000 r--s 00000000 08:03 2493764                    /usr/lib/jvm/java-8-oracle/jre/lib/management-agent.jar
7f3bfede1000-7f3bfede4000 r--s 0001a000 08:03 2493947                    /usr/lib/jvm/java-8-oracle/jre/lib/jce.jar
7f3bfede4000-7f3bfeeb6000 rw-p 00000000 00:00 0 
7f3bfeeb6000-7f3bfeeb9000 ---p 00000000 00:00 0 
7f3bfeeb9000-7f3bfefbb000 rw-p 00000000 00:00 0 
7f3bfefbb000-7f3bfefc0000 r--s 002f9000 08:03 2493638                    /usr/lib/jvm/java-8-oracle/jre/lib/charsets.jar
7f3bfefc0000-7f3bfefd3000 rw-p 00000000 00:00 0 
7f3bfefd3000-7f3bfefdb000 rw-s 00000000 08:03 262240                     /tmp/hsperfdata_mostafa/3479
7f3bfefdb000-7f3bfefdc000 rw-p 00000000 00:00 0 
7f3bfefdc000-7f3bfefdd000 r--p 00000000 00:00 0 
7f3bfefdd000-7f3bfefdf000 rw-p 00000000 00:00 0 
7f3bfefdf000-7f3bfefe0000 r--p 00025000 08:03 1848117                    /lib/x86_64-linux-gnu/ld-2.23.so
7f3bfefe0000-7f3bfefe1000 rw-p 00026000 08:03 1848117                    /lib/x86_64-linux-gnu/ld-2.23.so
7f3bfefe1000-7f3bfefe2000 rw-p 00000000 00:00 0 
7fffda9de000-7fffda9ff000 rw-p 00000000 00:00 0                          [stack]
7fffdab09000-7fffdab0b000 r--p 00000000 00:00 0                          [vvar]
7fffdab0b000-7fffdab0d000 r-xp 00000000 00:00 0                          [vdso]
ffffffffff600000-ffffffffff601000 r-xp 00000000 00:00 0                  [vsyscall]

VM Arguments:
jvm_args: -agentlib:jdwp=transport=dt_socket,address=127.0.0.1:34319,suspend=y,server=n -Dfile.encoding=UTF-8 
java_command: sample.Main
java_class_path (initial): /usr/lib/jvm/java-8-oracle/jre/lib/charsets.jar:/usr/lib/jvm/java-8-oracle/jre/lib/deploy.jar:/usr/lib/jvm/java-8-oracle/jre/lib/ext/cldrdata.jar:/usr/lib/jvm/java-8-oracle/jre/lib/ext/dnsns.jar:/usr/lib/jvm/java-8-oracle/jre/lib/ext/jaccess.jar:/usr/lib/jvm/java-8-oracle/jre/lib/ext/jfxrt.jar:/usr/lib/jvm/java-8-oracle/jre/lib/ext/localedata.jar:/usr/lib/jvm/java-8-oracle/jre/lib/ext/nashorn.jar:/usr/lib/jvm/java-8-oracle/jre/lib/ext/sunec.jar:/usr/lib/jvm/java-8-oracle/jre/lib/ext/sunjce_provider.jar:/usr/lib/jvm/java-8-oracle/jre/lib/ext/sunpkcs11.jar:/usr/lib/jvm/java-8-oracle/jre/lib/ext/zipfs.jar:/usr/lib/jvm/java-8-oracle/jre/lib/javaws.jar:/usr/lib/jvm/java-8-oracle/jre/lib/jce.jar:/usr/lib/jvm/java-8-oracle/jre/lib/jfr.jar:/usr/lib/jvm/java-8-oracle/jre/lib/jfxswt.jar:/usr/lib/jvm/java-8-oracle/jre/lib/jsse.jar:/usr/lib/jvm/java-8-oracle/jre/lib/management-agent.jar:/usr/lib/jvm/java-8-oracle/jre/lib/plugin.jar:/usr/lib/jvm/java-8-oracle/jre/lib/resources.jar:/usr/lib/jvm/java-8-oracle/jre/lib/rt.jar:/home/mostafa/Desktop/Passing/out/production/Passing:/opt/intellij-idea-community/lib/idea_rt.jar
Launcher Type: SUN_STANDARD

Environment Variables:
JAVA_HOME=/usr/lib/jvm/java-8-oracle
PATH=/usr/local/sbin:/usr/local/bin:/usr/sbin:/usr/bin:/sbin:/bin:/usr/games:/usr/local/games:/snap/bin:/usr/lib/jvm/java-8-oracle/bin:/usr/lib/jvm/java-8-oracle/db/bin:/usr/lib/jvm/java-8-oracle/jre/bin
LD_LIBRARY_PATH=/opt/intellij-idea-community/bin:
SHELL=/bin/bash
DISPLAY=:0

Signal Handlers:
SIGSEGV: [libjvm.so+0xac64b0], sa_mask[0]=11111111011111111101111111111110, sa_flags=SA_RESTART|SA_SIGINFO
SIGBUS: [libjvm.so+0xac64b0], sa_mask[0]=11111111011111111101111111111110, sa_flags=SA_RESTART|SA_SIGINFO
SIGFPE: [libjvm.so+0x91f950], sa_mask[0]=11111111011111111101111111111110, sa_flags=SA_RESTART|SA_SIGINFO
SIGPIPE: SIG_IGN, sa_mask[0]=00000000000010000000000000000000, sa_flags=SA_RESTART
SIGXFSZ: [libjvm.so+0x91f950], sa_mask[0]=11111111011111111101111111111110, sa_flags=SA_RESTART|SA_SIGINFO
SIGILL: [libjvm.so+0x91f950], sa_mask[0]=11111111011111111101111111111110, sa_flags=SA_RESTART|SA_SIGINFO
SIGUSR1: SIG_DFL, sa_mask[0]=00000000000000000000000000000000, sa_flags=none
SIGUSR2: [libjvm.so+0x920f80], sa_mask[0]=00100000000000000000000000000000, sa_flags=SA_RESTART|SA_SIGINFO
SIGHUP: [libjvm.so+0x922380], sa_mask[0]=11111111011111111101111111111110, sa_flags=SA_RESTART|SA_SIGINFO
SIGINT: [libjvm.so+0x922380], sa_mask[0]=11111111011111111101111111111110, sa_flags=SA_RESTART|SA_SIGINFO
SIGTERM: [libjvm.so+0x922380], sa_mask[0]=11111111011111111101111111111110, sa_flags=SA_RESTART|SA_SIGINFO
SIGQUIT: [libjvm.so+0x922380], sa_mask[0]=11111111011111111101111111111110, sa_flags=SA_RESTART|SA_SIGINFO


---------------  S Y S T E M  ---------------

OS:DISTRIB_ID=Ubuntu
DISTRIB_RELEASE=16.04
DISTRIB_CODENAME=xenial
DISTRIB_DESCRIPTION="Ubuntu 16.04.1 LTS"

uname:Linux 4.4.0-47-generic #68-Ubuntu SMP Wed Oct 26 19:39:52 UTC 2016 x86_64
libc:glibc 2.23 NPTL 2.23 
rlimit: STACK 8192k, CORE 0k, NPROC 15037, NOFILE 65536, AS infinity
load average:0.67 0.65 0.46

/proc/meminfo:
MemTotal:        3896084 kB
MemFree:          124340 kB
MemAvailable:    1100284 kB
Buffers:           70048 kB
Cached:          1097584 kB
SwapCached:          240 kB
Active:          2147612 kB
Inactive:        1373464 kB
Active(anon):    1552084 kB
Inactive(anon):   824404 kB
Active(file):     595528 kB
Inactive(file):   549060 kB
Unevictable:         456 kB
Mlocked:             456 kB
SwapTotal:       7812092 kB
SwapFree:        7809952 kB
Dirty:             13768 kB
Writeback:             0 kB
AnonPages:       2349160 kB
Mapped:           281868 kB
Shmem:             23048 kB
Slab:             111108 kB
SReclaimable:      76040 kB
SUnreclaim:        35068 kB
KernelStack:        9856 kB
PageTables:        34060 kB
NFS_Unstable:          0 kB
Bounce:                0 kB
WritebackTmp:          0 kB
CommitLimit:     9760132 kB
Committed_AS:    5626324 kB
VmallocTotal:   34359738367 kB
VmallocUsed:           0 kB
VmallocChunk:          0 kB
HardwareCorrupted:     0 kB
AnonHugePages:   1574912 kB
CmaTotal:              0 kB
CmaFree:               0 kB
HugePages_Total:       0
HugePages_Free:        0
HugePages_Rsvd:        0
HugePages_Surp:        0
Hugepagesize:       2048 kB
DirectMap4k:      248064 kB
DirectMap2M:     3794944 kB


CPU:total 4 (2 cores per cpu, 2 threads per core) family 6 model 42 stepping 7, cmov, cx8, fxsr, mmx, sse, sse2, sse3, ssse3, sse4.1, sse4.2, popcnt, avx, aes, clmul, ht, tsc, tscinvbit

/proc/cpuinfo:
processor	: 0
vendor_id	: GenuineIntel
cpu family	: 6
model		: 42
model name	: Intel(R) Core(TM) i5-2450M CPU @ 2.50GHz
stepping	: 7
microcode	: 0x1b
cpu MHz		: 2900.000
cache size	: 3072 KB
physical id	: 0
siblings	: 4
core id		: 0
cpu cores	: 2
apicid		: 0
initial apicid	: 0
fpu		: yes
fpu_exception	: yes
cpuid level	: 13
wp		: yes
flags		: fpu vme de pse tsc msr pae mce cx8 apic sep mtrr pge mca cmov pat pse36 clflush dts acpi mmx fxsr sse sse2 ss ht tm pbe syscall nx rdtscp lm constant_tsc arch_perfmon pebs bts rep_good nopl xtopology nonstop_tsc aperfmperf eagerfpu pni pclmulqdq dtes64 monitor ds_cpl vmx est tm2 ssse3 cx16 xtpr pdcm pcid sse4_1 sse4_2 x2apic popcnt tsc_deadline_timer aes xsave avx lahf_lm epb tpr_shadow vnmi flexpriority ept vpid xsaveopt dtherm ida arat pln pts
bugs		:
bogomips	: 4988.35
clflush size	: 64
cache_alignment	: 64
address sizes	: 36 bits physical, 48 bits virtual
power management:

processor	: 1
vendor_id	: GenuineIntel
cpu family	: 6
model		: 42
model name	: Intel(R) Core(TM) i5-2450M CPU @ 2.50GHz
stepping	: 7
microcode	: 0x1b
cpu MHz		: 2899.902
cache size	: 3072 KB
physical id	: 0
siblings	: 4
core id		: 0
cpu cores	: 2
apicid		: 1
initial apicid	: 1
fpu		: yes
fpu_exception	: yes
cpuid level	: 13
wp		: yes
flags		: fpu vme de pse tsc msr pae mce cx8 apic sep mtrr pge mca cmov pat pse36 clflush dts acpi mmx fxsr sse sse2 ss ht tm pbe syscall nx rdtscp lm constant_tsc arch_perfmon pebs bts rep_good nopl xtopology nonstop_tsc aperfmperf eagerfpu pni pclmulqdq dtes64 monitor ds_cpl vmx est tm2 ssse3 cx16 xtpr pdcm pcid sse4_1 sse4_2 x2apic popcnt tsc_deadline_timer aes xsave avx lahf_lm epb tpr_shadow vnmi flexpriority ept vpid xsaveopt dtherm ida arat pln pts
bugs		:
bogomips	: 4988.35
clflush size	: 64
cache_alignment	: 64
address sizes	: 36 bits physical, 48 bits virtual
power management:

processor	: 2
vendor_id	: GenuineIntel
cpu family	: 6
model		: 42
model name	: Intel(R) Core(TM) i5-2450M CPU @ 2.50GHz
stepping	: 7
microcode	: 0x1b
cpu MHz		: 2899.707
cache size	: 3072 KB
physical id	: 0
siblings	: 4
core id		: 1
cpu cores	: 2
apicid		: 2
initial apicid	: 2
fpu		: yes
fpu_exception	: yes
cpuid level	: 13
wp		: yes
flags		: fpu vme de pse tsc msr pae mce cx8 apic sep mtrr pge mca cmov pat pse36 clflush dts acpi mmx fxsr sse sse2 ss ht tm pbe syscall nx rdtscp lm constant_tsc arch_perfmon pebs bts rep_good nopl xtopology nonstop_tsc aperfmperf eagerfpu pni pclmulqdq dtes64 monitor ds_cpl vmx est tm2 ssse3 cx16 xtpr pdcm pcid sse4_1 sse4_2 x2apic popcnt tsc_deadline_timer aes xsave avx lahf_lm epb tpr_shadow vnmi flexpriority ept vpid xsaveopt dtherm ida arat pln pts
bugs		:
bogomips	: 4988.35
clflush size	: 64
cache_alignment	: 64
address sizes	: 36 bits physical, 48 bits virtual
power management:

processor	: 3
vendor_id	: GenuineIntel
cpu family	: 6
model		: 42
model name	: Intel(R) Core(TM) i5-2450M CPU @ 2.50GHz
stepping	: 7
microcode	: 0x1b
cpu MHz		: 2899.707
cache size	: 3072 KB
physical id	: 0
siblings	: 4
core id		: 1
cpu cores	: 2
apicid		: 3
initial apicid	: 3
fpu		: yes
fpu_exception	: yes
cpuid level	: 13
wp		: yes
flags		: fpu vme de pse tsc msr pae mce cx8 apic sep mtrr pge mca cmov pat pse36 clflush dts acpi mmx fxsr sse sse2 ss ht tm pbe syscall nx rdtscp lm constant_tsc arch_perfmon pebs bts rep_good nopl xtopology nonstop_tsc aperfmperf eagerfpu pni pclmulqdq dtes64 monitor ds_cpl vmx est tm2 ssse3 cx16 xtpr pdcm pcid sse4_1 sse4_2 x2apic popcnt tsc_deadline_timer aes xsave avx lahf_lm epb tpr_shadow vnmi flexpriority ept vpid xsaveopt dtherm ida arat pln pts
bugs		:
bogomips	: 4988.35
clflush size	: 64
cache_alignment	: 64
address sizes	: 36 bits physical, 48 bits virtual
power management:



Memory: 4k page, physical 3896084k(124340k free), swap 7812092k(7809952k free)

vm_info: Java HotSpot(TM) 64-Bit Server VM (25.111-b14) for linux-amd64 JRE (1.8.0_111-b14), built on Sep 22 2016 16:14:03 by "java_re" with gcc 4.3.0 20080428 (Red Hat 4.3.0-8)

time: Sat Dec  3 19:53:54 2016
elapsed time: 30 seconds (0d 0h 0m 30s)

