#
# A fatal error has been detected by the Java Runtime Environment:
#
#  SIGSEGV (0xb) at pc=0x00007f33fb6cfd28, pid=5442, tid=0x00007f3392835700
#
# JRE version: Java(TM) SE Runtime Environment (8.0_111-b14) (build 1.8.0_111-b14)
# Java VM: Java HotSpot(TM) 64-Bit Server VM (25.111-b14 mixed mode linux-amd64 compressed oops)
# Problematic frame:
# V  [libjvm.so+0x6d1d28]  jni_invoke_nonstatic(JNIEnv_*, JavaValue*, _jobject*, JNICallType, _jmethodID*, JNI_ArgumentPusher*, Thread*)+0x38
#
# Failed to write core dump. Core dumps have been disabled. To enable core dumping, try "ulimit -c unlimited" before starting Java again
#
# If you would like to submit a bug report, please visit:
#   http://bugreport.java.com/bugreport/crash.jsp
#

---------------  T H R E A D  ---------------

Current thread (0x00007f33a811c000):  JavaThread "JavaFX Application Thread" [_thread_in_vm, id=5483, stack(0x00007f3392735000,0x00007f3392836000)]

siginfo: si_signo: 11 (SIGSEGV), si_code: 1 (SEGV_MAPERR), si_addr: 0x000000000000006b

Registers:
RAX=0x00007f3392834340, RBX=0x00007f3392834250, RCX=0x0000000000000001, RDX=0x000000000000006b
RSP=0x00007f33928340a0, RBP=0x00007f3392834220, RSI=0x00007f33928342b0, RDI=0x00007f33a811c1f8
R8 =0x00007f33a805d0a8, R9 =0x00007f3392834250, R10=0x00007f3380000ac0, R11=0x00007f33e537d2a0
R12=0x00007f33a811c000, R13=0x00007f33a805d0a8, R14=0x0000000000000001, R15=0x00007f33a811c1f8
RIP=0x00007f33fb6cfd28, EFLAGS=0x0000000000010202, CSGSFS=0x0000000000000033, ERR=0x0000000000000004
  TRAPNO=0x000000000000000e

Top of Stack: (sp=0x00007f33928340a0)
0x00007f33928340a0:   00007f33928347a0 00007f33928343c0
0x00007f33928340b0:   00007f3392834100 00007f3392834180
0x00007f33928340c0:   00007f3392834250 00007f33928342b0
0x00007f33928340d0:   00007f33a811c1f8 00007f33fb6ef830
0x00007f33928340e0:   00007f33c00659b0 00007f33c00659c0
0x00007f33928340f0:   00007f33c0065d98 00000000000003d8
0x00007f3392834100:   0000000000000000 00000000ec708e10
0x00007f3392834110:   00007f330000006f 00007f330000000a
0x00007f3392834120:   00000000ed097bf8 0000000000000000
0x00007f3392834130:   0000000000000000 0000000000000000
0x00007f3392834140:   00007f33f8caf5c8 0000000100000100
0x00007f3392834150:   0000000000000000 00007f3392834108
0x00007f3392834160:   00007f3392834149 0000000800000005
0x00007f3392834170:   0000000000000000 00007f33a811b990
0x00007f3392834180:   00007f33fbf5caf0 00007f33fca6d6d0
0x00007f3392834190:   00000000a811b820 00007f33a811c000
0x00007f33928341a0:   0000000000000000 00007f33fb6d00fb
0x00007f33928341b0:   00007f33f8c9e150 00007f33a811c000
0x00007f33928341c0:   00007f33f8c9e150 00007f33a811c000
0x00007f33928341d0:   00007f3392834360 00007f33f8c9e150
0x00007f33928341e0:   00007f33f8c9e150 00007f33f8c9e150
0x00007f33928341f0:   00007f33c00659b0 00007f3392834250
0x00007f3392834200:   00007f33a811c000 00007f3392834290
0x00007f3392834210:   00007f33a805d0a8 00007f33a811c1f8
0x00007f3392834220:   00007f3392834310 00007f33fb6d44cf
0x00007f3392834230:   00007f33a811c000 00007f33d0637054
0x00007f3392834240:   00007f3392834328 000000000000006b
0x00007f3392834250:   00007f33fbf5d750 00007f33fca6d6d0
0x00007f3392834260:   00000000928342d0 b9cc8e4800000063
0x00007f3392834270:   0000000000000000 0000003000000018
0x00007f3392834280:   00007f3392834400 00007f3392834340
0x00007f3392834290:   00007f33a811c000 0000000000000000 

Instructions: (pc=0x00007f33fb6cfd28)
0x00007f33fb6cfd08:   00 00 48 85 d2 48 89 bd b0 fe ff ff 48 89 b5 a8
0x00007f33fb6cfd18:   fe ff ff 4c 89 8d a0 fe ff ff 0f 84 78 09 00 00
0x00007f33fb6cfd28:   4c 8b 22 4d 85 e4 0f 84 6c 09 00 00 48 8b 45 10
0x00007f33fb6cfd38:   48 8b 98 38 01 00 00 48 83 7b 18 f7 0f 87 16 07 

Register to memory mapping:

RAX=0x00007f3392834340 is pointing into the stack for thread: 0x00007f33a811c000
RBX=0x00007f3392834250 is pointing into the stack for thread: 0x00007f33a811c000
RCX=0x0000000000000001 is an unknown value
RDX=0x000000000000006b is an unknown value
RSP=0x00007f33928340a0 is pointing into the stack for thread: 0x00007f33a811c000
RBP=0x00007f3392834220 is pointing into the stack for thread: 0x00007f33a811c000
RSI=0x00007f33928342b0 is pointing into the stack for thread: 0x00007f33a811c000
RDI=0x00007f33a811c1f8 is an unknown value
R8 =0x00007f33a805d0a8 is an unknown value
R9 =0x00007f3392834250 is pointing into the stack for thread: 0x00007f33a811c000
R10=0x00007f3380000ac0 is an unknown value
R11=0x00007f33e537d2a0 is at entry_point+32 in (nmethod*)0x00007f33e537d110
R12=0x00007f33a811c000 is a thread
R13=0x00007f33a805d0a8 is an unknown value
R14=0x0000000000000001 is an unknown value
R15=0x00007f33a811c1f8 is an unknown value


Stack: [0x00007f3392735000,0x00007f3392836000],  sp=0x00007f33928340a0,  free space=1020k
Native frames: (J=compiled Java code, j=interpreted, Vv=VM code, C=native code)
V  [libjvm.so+0x6d1d28]  jni_invoke_nonstatic(JNIEnv_*, JavaValue*, _jobject*, JNICallType, _jmethodID*, JNI_ArgumentPusher*, Thread*)+0x38
V  [libjvm.so+0x6d64cf]  jni_CallVoidMethodV+0x10f
C  [libglass.so+0x18641]  JNIEnv_::CallVoidMethod(_jobject*, _jmethodID*, ...)+0x81
C  [libglass.so+0x14f0f]  WindowContextBase::process_key(_GdkEventKey*)+0x20f
C  [libglass.so+0x19f60]  WindowContextBase::im_filter_keypress(_GdkEventKey*)+0x1c0
C  [libglass.so+0x1a91c]  process_events(_GdkEvent*, void*)+0x22c
C  [libgdk-x11-2.0.so.0+0x5ac4c]

Java frames: (J=compiled Java code, j=interpreted, Vv=VM code)
j  com.sun.glass.ui.gtk.GtkApplication._runLoop(Ljava/lang/Runnable;Z)V+0
j  com.sun.glass.ui.gtk.GtkApplication.lambda$null$49(Ljava/lang/Runnable;Z)V+7
j  com.sun.glass.ui.gtk.GtkApplication$$Lambda$43.run()V+12
j  java.lang.Thread.run()V+11
v  ~StubRoutines::call_stub

---------------  P R O C E S S  ---------------

Java Threads: ( => current thread )
  0x00007f3380251800 JavaThread "Prism Font Disposer" daemon [_thread_blocked, id=5491, stack(0x00007f3391917000,0x00007f3391a18000)]
=>0x00007f33a811c000 JavaThread "JavaFX Application Thread" [_thread_in_vm, id=5483, stack(0x00007f3392735000,0x00007f3392836000)]
  0x00007f33a8118000 JavaThread "Thread-2" daemon [_thread_blocked, id=5482, stack(0x00007f3392836000,0x00007f3392937000)]
  0x00007f33a804b800 JavaThread "QuantumRenderer-0" daemon [_thread_blocked, id=5478, stack(0x00007f33d10b0000,0x00007f33d11b1000)]
  0x00007f33f41ab000 JavaThread "JavaFX-Launcher" [_thread_blocked, id=5477, stack(0x00007f33d11b1000,0x00007f33d12b2000)]
  0x00007f33f4123000 JavaThread "Monitor Ctrl-Break" daemon [_thread_in_native, id=5467, stack(0x00007f33d1860000,0x00007f33d1961000)]
  0x00007f33f40c1800 JavaThread "Service Thread" daemon [_thread_blocked, id=5464, stack(0x00007f33d1c64000,0x00007f33d1d65000)]
  0x00007f33f40be800 JavaThread "C1 CompilerThread2" daemon [_thread_blocked, id=5463, stack(0x00007f33d1d65000,0x00007f33d1e66000)]
  0x00007f33f40bd000 JavaThread "C2 CompilerThread1" daemon [_thread_in_native, id=5462, stack(0x00007f33d1e66000,0x00007f33d1f67000)]
  0x00007f33f40ba000 JavaThread "C2 CompilerThread0" daemon [_thread_in_native, id=5461, stack(0x00007f33e408e000,0x00007f33e418f000)]
  0x00007f33f40b8800 JavaThread "Signal Dispatcher" daemon [_thread_blocked, id=5459, stack(0x00007f33e418f000,0x00007f33e4290000)]
  0x00007f33f4084800 JavaThread "Finalizer" daemon [_thread_blocked, id=5453, stack(0x00007f33e4290000,0x00007f33e4391000)]
  0x00007f33f4080000 JavaThread "Reference Handler" daemon [_thread_blocked, id=5451, stack(0x00007f33e4391000,0x00007f33e4492000)]
  0x00007f33f400a800 JavaThread "main" [_thread_blocked, id=5443, stack(0x00007f33fcaea000,0x00007f33fcbeb000)]

Other Threads:
  0x00007f33f4078000 VMThread [stack: 0x00007f33e4492000,0x00007f33e4593000] [id=5449]
  0x00007f33f40c4800 WatcherThread [stack: 0x00007f33d1b63000,0x00007f33d1c64000] [id=5465]

VM state:not at safepoint (normal execution)

VM Mutex/Monitor currently owned by a thread: None

Heap:
 PSYoungGen      total 17920K, used 2764K [0x00000000ec300000, 0x00000000ee600000, 0x0000000100000000)
  eden space 15360K, 1% used [0x00000000ec300000,0x00000000ec33b1d8,0x00000000ed200000)
  from space 2560K, 98% used [0x00000000ee380000,0x00000000ee5f8048,0x00000000ee600000)
  to   space 2560K, 0% used [0x00000000ed200000,0x00000000ed200000,0x00000000ed480000)
 ParOldGen       total 40960K, used 3282K [0x00000000c4800000, 0x00000000c7000000, 0x00000000ec300000)
  object space 40960K, 8% used [0x00000000c4800000,0x00000000c4b34af0,0x00000000c7000000)
 Metaspace       used 15512K, capacity 16234K, committed 16512K, reserved 1062912K
  class space    used 2208K, capacity 2367K, committed 2432K, reserved 1048576K

Card table byte_map: [0x00007f33f96bb000,0x00007f33f9898000] byte_map_base: 0x00007f33f9097000

Marking Bits: (ParMarkBitMap*) 0x00007f33fbfc1220
 Begin Bits: [0x00007f33d2240000, 0x00007f33d3120000)
 End Bits:   [0x00007f33d3120000, 0x00007f33d4000000)

Polling page: 0x00007f33fcc10000

CodeCache: size=245760Kb used=4293Kb max_used=4305Kb free=241466Kb
 bounds [0x00007f33e5000000, 0x00007f33e5440000, 0x00007f33f4000000]
 total_blobs=2017 nmethods=1406 adapters=524
 compilation: enabled

Compilation events (10 events):
Event: 5.864 Thread 0x00007f33f40be800 1405       3       com.sun.javafx.font.FontStrikeDesc::hashCode (68 bytes)
Event: 5.865 Thread 0x00007f33f40be800 nmethod 1405 0x00007f33e542e310 code [0x00007f33e542e4c0, 0x00007f33e542ec10]
Event: 5.865 Thread 0x00007f33f40be800 1406       3       javafx.scene.Node::updateCanReceiveFocus (31 bytes)
Event: 5.866 Thread 0x00007f33f40be800 nmethod 1406 0x00007f33e5430310 code [0x00007f33e5430520, 0x00007f33e54312f8]
Event: 5.867 Thread 0x00007f33f40be800 1408       3       com.sun.javafx.font.FontStrikeDesc::<init> (73 bytes)
Event: 5.867 Thread 0x00007f33f40be800 nmethod 1408 0x00007f33e5433b90 code [0x00007f33e5433d40, 0x00007f33e5434378]
Event: 5.867 Thread 0x00007f33f40be800 1407       3       javafx.scene.Node::isDisabled (19 bytes)
Event: 5.867 Thread 0x00007f33f40ba000 nmethod 1337 0x00007f33e5434690 code [0x00007f33e54348a0, 0x00007f33e5435448]
Event: 5.867 Thread 0x00007f33f40ba000 1384       4       com.sun.javafx.css.BitSet::add (125 bytes)
Event: 5.867 Thread 0x00007f33f40be800 nmethod 1407 0x00007f33e542fc90 code [0x00007f33e542fe20, 0x00007f33e54301e8]

GC Heap History (4 events):
Event: 1.148 GC heap before
{Heap before GC invocations=1 (full 0):
 PSYoungGen      total 17920K, used 15360K [0x00000000ec300000, 0x00000000ed700000, 0x0000000100000000)
  eden space 15360K, 100% used [0x00000000ec300000,0x00000000ed200000,0x00000000ed200000)
  from space 2560K, 0% used [0x00000000ed480000,0x00000000ed480000,0x00000000ed700000)
  to   space 2560K, 0% used [0x00000000ed200000,0x00000000ed200000,0x00000000ed480000)
 ParOldGen       total 40960K, used 0K [0x00000000c4800000, 0x00000000c7000000, 0x00000000ec300000)
  object space 40960K, 0% used [0x00000000c4800000,0x00000000c4800000,0x00000000c7000000)
 Metaspace       used 10081K, capacity 10460K, committed 10624K, reserved 1058816K
  class space    used 1246K, capacity 1368K, committed 1408K, reserved 1048576K
Event: 1.164 GC heap after
Heap after GC invocations=1 (full 0):
 PSYoungGen      total 17920K, used 2528K [0x00000000ec300000, 0x00000000ee600000, 0x0000000100000000)
  eden space 15360K, 0% used [0x00000000ec300000,0x00000000ec300000,0x00000000ed200000)
  from space 2560K, 98% used [0x00000000ed200000,0x00000000ed478020,0x00000000ed480000)
  to   space 2560K, 0% used [0x00000000ee380000,0x00000000ee380000,0x00000000ee600000)
 ParOldGen       total 40960K, used 384K [0x00000000c4800000, 0x00000000c7000000, 0x00000000ec300000)
  object space 40960K, 0% used [0x00000000c4800000,0x00000000c4860020,0x00000000c7000000)
 Metaspace       used 10081K, capacity 10460K, committed 10624K, reserved 1058816K
  class space    used 1246K, capacity 1368K, committed 1408K, reserved 1048576K
}
Event: 5.833 GC heap before
{Heap before GC invocations=2 (full 0):
 PSYoungGen      total 17920K, used 17888K [0x00000000ec300000, 0x00000000ee600000, 0x0000000100000000)
  eden space 15360K, 100% used [0x00000000ec300000,0x00000000ed200000,0x00000000ed200000)
  from space 2560K, 98% used [0x00000000ed200000,0x00000000ed478020,0x00000000ed480000)
  to   space 2560K, 0% used [0x00000000ee380000,0x00000000ee380000,0x00000000ee600000)
 ParOldGen       total 40960K, used 384K [0x00000000c4800000, 0x00000000c7000000, 0x00000000ec300000)
  object space 40960K, 0% used [0x00000000c4800000,0x00000000c4860020,0x00000000c7000000)
 Metaspace       used 15489K, capacity 16170K, committed 16256K, reserved 1062912K
  class space    used 2208K, capacity 2367K, committed 2432K, reserved 1048576K
Event: 5.843 GC heap after
Heap after GC invocations=2 (full 0):
 PSYoungGen      total 17920K, used 2528K [0x00000000ec300000, 0x00000000ee600000, 0x0000000100000000)
  eden space 15360K, 0% used [0x00000000ec300000,0x00000000ec300000,0x00000000ed200000)
  from space 2560K, 98% used [0x00000000ee380000,0x00000000ee5f8048,0x00000000ee600000)
  to   space 2560K, 0% used [0x00000000ed200000,0x00000000ed200000,0x00000000ed480000)
 ParOldGen       total 40960K, used 3282K [0x00000000c4800000, 0x00000000c7000000, 0x00000000ec300000)
  object space 40960K, 8% used [0x00000000c4800000,0x00000000c4b34af0,0x00000000c7000000)
 Metaspace       used 15489K, capacity 16170K, committed 16256K, reserved 1062912K
  class space    used 2208K, capacity 2367K, committed 2432K, reserved 1048576K
}

Deoptimization events (10 events):
Event: 1.478 Thread 0x00007f33a811c000 Uncommon trap: reason=class_check action=maybe_recompile pc=0x00007f33e524a7b4 method=java.io.DataInputStream.readShort()S @ 4
Event: 1.479 Thread 0x00007f33a811c000 Uncommon trap: reason=class_check action=maybe_recompile pc=0x00007f33e524a7b4 method=java.io.DataInputStream.readShort()S @ 4
Event: 1.480 Thread 0x00007f33a811c000 Uncommon trap: reason=class_check action=maybe_recompile pc=0x00007f33e524a7b4 method=java.io.DataInputStream.readShort()S @ 4
Event: 1.489 Thread 0x00007f33a811c000 Uncommon trap: reason=class_check action=maybe_recompile pc=0x00007f33e5122e78 method=java.lang.String.equals(Ljava/lang/Object;)Z @ 8
Event: 1.489 Thread 0x00007f33a811c000 Uncommon trap: reason=class_check action=maybe_recompile pc=0x00007f33e5122e78 method=java.lang.String.equals(Ljava/lang/Object;)Z @ 8
Event: 1.489 Thread 0x00007f33a811c000 Uncommon trap: reason=class_check action=maybe_recompile pc=0x00007f33e5122e78 method=java.lang.String.equals(Ljava/lang/Object;)Z @ 8
Event: 1.637 Thread 0x00007f33a811c000 Uncommon trap: reason=class_check action=maybe_recompile pc=0x00007f33e5122e78 method=java.lang.String.equals(Ljava/lang/Object;)Z @ 8
Event: 1.759 Thread 0x00007f33a811c000 Uncommon trap: reason=unstable_if action=reinterpret pc=0x00007f33e52a660c method=sun.net.www.ParseUtil.encodePath(Ljava/lang/String;Z)Ljava/lang/String; @ 109
Event: 1.851 Thread 0x00007f33a811c000 Uncommon trap: reason=unstable_if action=reinterpret pc=0x00007f33e52fe664 method=jdk.internal.org.objectweb.asm.Type.getArgumentsAndReturnSizes(Ljava/lang/String;)I @ 47
Event: 3.271 Thread 0x00007f33a804b800 Uncommon trap: reason=unstable_if action=reinterpret pc=0x00007f33e5391d5c method=java.lang.StrictMath.floorOrCeil(DDDD)D @ 115

Internal exceptions (10 events):
Event: 0.338 Thread 0x00007f33f41ab000 Exception <a 'java/security/PrivilegedActionException'> (0x00000000ec617b58) thrown at [/HUDSON3/workspace/8-2-build-linux-amd64/jdk8u111/7883/hotspot/src/share/vm/prims/jvm.cpp, line 1386]
Event: 0.338 Thread 0x00007f33f41ab000 Exception <a 'java/security/PrivilegedActionException'> (0x00000000ec617d68) thrown at [/HUDSON3/workspace/8-2-build-linux-amd64/jdk8u111/7883/hotspot/src/share/vm/prims/jvm.cpp, line 1386]
Event: 0.338 Thread 0x00007f33f41ab000 Exception <a 'java/security/PrivilegedActionException'> (0x00000000ec61a1a8) thrown at [/HUDSON3/workspace/8-2-build-linux-amd64/jdk8u111/7883/hotspot/src/share/vm/prims/jvm.cpp, line 1386]
Event: 0.338 Thread 0x00007f33f41ab000 Exception <a 'java/security/PrivilegedActionException'> (0x00000000ec61a3b8) thrown at [/HUDSON3/workspace/8-2-build-linux-amd64/jdk8u111/7883/hotspot/src/share/vm/prims/jvm.cpp, line 1386]
Event: 0.338 Thread 0x00007f33f41ab000 Exception <a 'java/lang/NullPointerException'> (0x00000000ec61a990) thrown at [/HUDSON3/workspace/8-2-build-linux-amd64/jdk8u111/7883/hotspot/src/share/vm/interpreter/linkResolver.cpp, line 1178]
Event: 1.008 Thread 0x00007f33a811c000 Exception <a 'java/lang/NullPointerException'> (0x00000000ece52c18) thrown at [/HUDSON3/workspace/8-2-build-linux-amd64/jdk8u111/7883/hotspot/src/share/vm/interpreter/linkResolver.cpp, line 1178]
Event: 1.008 Thread 0x00007f33a811c000 Exception <a 'java/lang/NullPointerException'> (0x00000000ece52c18) thrown at [/HUDSON3/workspace/8-2-build-linux-amd64/jdk8u111/7883/hotspot/src/share/vm/prims/jvm.cpp, line 1390]
Event: 1.139 Thread 0x00007f33a811c000 Exception <a 'java/lang/ArrayIndexOutOfBoundsException': 58> (0x00000000ed1e1b68) thrown at [/HUDSON3/workspace/8-2-build-linux-amd64/jdk8u111/7883/hotspot/src/share/vm/interpreter/interpreterRuntime.cpp, line 366]
Event: 1.140 Thread 0x00007f33a811c000 Exception <a 'java/lang/ArrayIndexOutOfBoundsException': 18> (0x00000000ed1e29f0) thrown at [/HUDSON3/workspace/8-2-build-linux-amd64/jdk8u111/7883/hotspot/src/share/vm/interpreter/interpreterRuntime.cpp, line 366]
Event: 1.140 Thread 0x00007f33a811c000 Exception <a 'java/lang/ArrayIndexOutOfBoundsException': 86> (0x00000000ed1e3d98) thrown at [/HUDSON3/workspace/8-2-build-linux-amd64/jdk8u111/7883/hotspot/src/share/vm/interpreter/interpreterRuntime.cpp, line 366]

Events (10 events):
Event: 5.710 loading class com/sun/prism/GraphicsResource
Event: 5.710 loading class com/sun/prism/GraphicsResource done
Event: 5.710 loading class com/sun/prism/GraphicsResource
Event: 5.710 loading class com/sun/prism/GraphicsResource done
Event: 5.711 loading class com/sun/javafx/tk/quantum/ViewScene
Event: 5.711 loading class com/sun/javafx/tk/quantum/ViewScene done
Event: 5.713 loading class com/sun/javafx/tk/quantum/WindowStage
Event: 5.713 loading class com/sun/javafx/tk/quantum/WindowStage done
Event: 5.833 Executing VM operation: ParallelGCFailedAllocation
Event: 5.843 Executing VM operation: ParallelGCFailedAllocation done


Dynamic libraries:
00400000-00401000 r-xp 00000000 08:03 2493609                            /usr/lib/jvm/java-8-oracle/bin/java
00600000-00601000 rw-p 00000000 08:03 2493609                            /usr/lib/jvm/java-8-oracle/bin/java
01ee1000-01f02000 rw-p 00000000 00:00 0                                  [heap]
41a06000-41a08000 r-xs 00000000 08:03 262244                             /tmp/.glR2QZXd (deleted)
41bb3000-41c53000 rw-p 00000000 00:00 0 
c4800000-c7000000 rw-p 00000000 00:00 0 
c7000000-ec300000 ---p 00000000 00:00 0 
ec300000-ee600000 rw-p 00000000 00:00 0 
ee600000-100000000 ---p 00000000 00:00 0 
100000000-100260000 rw-p 00000000 00:00 0 
100260000-140000000 ---p 00000000 00:00 0 
7f3374000000-7f3374021000 rw-p 00000000 00:00 0 
7f3374021000-7f3378000000 ---p 00000000 00:00 0 
7f337c000000-7f337c021000 rw-p 00000000 00:00 0 
7f337c021000-7f3380000000 ---p 00000000 00:00 0 
7f3380000000-7f338050f000 rw-p 00000000 00:00 0 
7f338050f000-7f3384000000 ---p 00000000 00:00 0 
7f3384000000-7f3384022000 rw-p 00000000 00:00 0 
7f3384022000-7f3388000000 ---p 00000000 00:00 0 
7f3388000000-7f3388021000 rw-p 00000000 00:00 0 
7f3388021000-7f338c000000 ---p 00000000 00:00 0 
7f338c000000-7f338c021000 rw-p 00000000 00:00 0 
7f338c021000-7f3390000000 ---p 00000000 00:00 0 
7f3390b16000-7f3390d16000 rw-s 90fce000 00:06 552                        /dev/nvidiactl
7f3390d16000-7f3391517000 rw-p 00000000 00:00 0 
7f3391517000-7f3391717000 rw-s 157b58000 00:06 552                       /dev/nvidiactl
7f3391717000-7f33918d7000 rw-p 00000000 00:00 0 
7f33918d7000-7f3391917000 ---p 00000000 00:00 0 
7f3391917000-7f339191a000 ---p 00000000 00:00 0 
7f339191a000-7f3391a18000 rw-p 00000000 00:00 0 
7f3391a18000-7f3391ad1000 r--p 00000000 08:03 1312293                    /usr/share/fonts/truetype/dejavu/DejaVuSans.ttf
7f3391ad1000-7f3391ae5000 r--p 00000000 08:03 2493785                    /usr/lib/jvm/java-8-oracle/jre/lib/fonts/LucidaBrightItalic.ttf
7f3391ae5000-7f3391b3a000 r--p 00000000 08:03 2493784                    /usr/lib/jvm/java-8-oracle/jre/lib/fonts/LucidaBrightRegular.ttf
7f3391b3a000-7f3391be5000 r--p 00000000 08:03 2493781                    /usr/lib/jvm/java-8-oracle/jre/lib/fonts/LucidaSansRegular.ttf
7f3391be5000-7f3391bf8000 r--p 00000000 08:03 2493789                    /usr/lib/jvm/java-8-oracle/jre/lib/fonts/LucidaBrightDemiItalic.ttf
7f3391bf8000-7f3391c32000 r--p 00000000 08:03 2493783                    /usr/lib/jvm/java-8-oracle/jre/lib/fonts/LucidaTypewriterBold.ttf
7f3391c32000-7f3391c45000 r--p 00000000 08:03 2493782                    /usr/lib/jvm/java-8-oracle/jre/lib/fonts/LucidaBrightDemiBold.ttf
7f3391c45000-7f3391c81000 r--p 00000000 08:03 2493787                    /usr/lib/jvm/java-8-oracle/jre/lib/fonts/LucidaTypewriterRegular.ttf
7f3391c81000-7f3391ccf000 r--p 00000000 08:03 2493788                    /usr/lib/jvm/java-8-oracle/jre/lib/fonts/LucidaSansDemiBold.ttf
7f3391ccf000-7f3391cd3000 r-xp 00000000 08:03 2493730                    /usr/lib/jvm/java-8-oracle/jre/lib/amd64/libjavafx_font_pango.so
7f3391cd3000-7f3391ed2000 ---p 00004000 08:03 2493730                    /usr/lib/jvm/java-8-oracle/jre/lib/amd64/libjavafx_font_pango.so
7f3391ed2000-7f3391ed3000 rw-p 00003000 08:03 2493730                    /usr/lib/jvm/java-8-oracle/jre/lib/amd64/libjavafx_font_pango.so
7f3391ed3000-7f3391ed8000 r--s 00084000 08:03 2493792                    /usr/lib/jvm/java-8-oracle/jre/lib/jfr.jar
7f3391ed8000-7f33920d8000 rw-p 00000000 00:00 0 
7f33920d8000-7f33920e3000 r--s 00000000 08:03 664008                     /var/cache/fontconfig/945677eb7aeaf62f1d50efc3fb3ec7d8-le64.cache-6
7f33920e3000-7f33920e9000 r--s 00000000 08:03 664037                     /var/cache/fontconfig/2cd17615ca594fa2959ae173292e504c-le64.cache-6
7f33920e9000-7f33920ea000 r--s 00000000 08:03 664036                     /var/cache/fontconfig/0d8c3b2ac0904cb8a57a757ad11a4a08-le64.cache-6
7f33920ea000-7f33920ff000 r--s 00000000 08:03 664034                     /var/cache/fontconfig/04aabc0a78ac019cf9454389977116d2-le64.cache-6
7f33920ff000-7f3392100000 r--s 00000000 08:03 664033                     /var/cache/fontconfig/1ac9eb803944fde146138c791f5cc56a-le64.cache-6
7f3392100000-7f3392104000 r--s 00000000 08:03 664032                     /var/cache/fontconfig/385c0604a188198f04d133e54aba7fe7-le64.cache-6
7f3392104000-7f3392105000 r--s 00000000 08:03 664030                     /var/cache/fontconfig/dc05db6664285cc2f12bf69c139ae4c3-le64.cache-6
7f3392105000-7f3392108000 r--s 00000000 08:03 664029                     /var/cache/fontconfig/767a8244fc0220cfb567a839d0392e0b-le64.cache-6
7f3392108000-7f339210d000 r--s 00000000 08:03 664018                     /var/cache/fontconfig/8801497958630a81b71ace7c5f9b32a8-le64.cache-6
7f339210d000-7f3392114000 r--s 00000000 08:03 664015                     /var/cache/fontconfig/3047814df9a2f067bd2d96a2b9c36e5a-le64.cache-6
7f3392114000-7f339211a000 r--s 00000000 08:03 664011                     /var/cache/fontconfig/b47c4e1ecd0709278f4910c18777a504-le64.cache-6
7f339211a000-7f339212d000 r--s 00000000 08:03 664009                     /var/cache/fontconfig/d52a8644073d54c13679302ca1180695-le64.cache-6
7f339212d000-7f3392132000 r-xp 00000000 08:03 2493726                    /usr/lib/jvm/java-8-oracle/jre/lib/amd64/libjavafx_font_freetype.so
7f3392132000-7f3392331000 ---p 00005000 08:03 2493726                    /usr/lib/jvm/java-8-oracle/jre/lib/amd64/libjavafx_font_freetype.so
7f3392331000-7f3392332000 rw-p 00004000 08:03 2493726                    /usr/lib/jvm/java-8-oracle/jre/lib/amd64/libjavafx_font_freetype.so
7f3392332000-7f3392335000 r-xp 00000000 08:03 2493688                    /usr/lib/jvm/java-8-oracle/jre/lib/amd64/libjavafx_font.so
7f3392335000-7f3392534000 ---p 00003000 08:03 2493688                    /usr/lib/jvm/java-8-oracle/jre/lib/amd64/libjavafx_font.so
7f3392534000-7f3392535000 rw-p 00002000 08:03 2493688                    /usr/lib/jvm/java-8-oracle/jre/lib/amd64/libjavafx_font.so
7f3392535000-7f3392735000 rw-p 00000000 00:00 0 
7f3392735000-7f3392738000 ---p 00000000 00:00 0 
7f3392738000-7f3392836000 rw-p 00000000 00:00 0 
7f3392836000-7f3392839000 ---p 00000000 00:00 0 
7f3392839000-7f3392937000 rw-p 00000000 00:00 0 
7f3392937000-7f3392938000 ---p 00000000 00:00 0 
7f3392938000-7f3393138000 rw-p 00000000 00:00 0 
7f3393138000-7f3393139000 ---p 00000000 00:00 0 
7f3393139000-7f3393939000 rw-p 00000000 00:00 0 
7f3393939000-7f339393a000 ---p 00000000 00:00 0 
7f339393a000-7f339413a000 rw-p 00000000 00:00 0 
7f339413a000-7f3394145000 r-xp 00000000 08:03 657319                     /usr/lib/x86_64-linux-gnu/gio/modules/libdconfsettings.so
7f3394145000-7f3394345000 ---p 0000b000 08:03 657319                     /usr/lib/x86_64-linux-gnu/gio/modules/libdconfsettings.so
7f3394345000-7f3394346000 r--p 0000b000 08:03 657319                     /usr/lib/x86_64-linux-gnu/gio/modules/libdconfsettings.so
7f3394346000-7f3394347000 rw-p 0000c000 08:03 657319                     /usr/lib/x86_64-linux-gnu/gio/modules/libdconfsettings.so
7f3394347000-7f339438f000 r--p 00000000 08:03 1312548                    /usr/share/glib-2.0/schemas/gschemas.compiled
7f339438f000-7f3394396000 r-xp 00000000 08:03 403656                     /usr/lib/x86_64-linux-gnu/libogg.so.0.8.2
7f3394396000-7f3394596000 ---p 00007000 08:03 403656                     /usr/lib/x86_64-linux-gnu/libogg.so.0.8.2
7f3394596000-7f3394597000 r--p 00007000 08:03 403656                     /usr/lib/x86_64-linux-gnu/libogg.so.0.8.2
7f3394597000-7f3394598000 rw-p 00008000 08:03 403656                     /usr/lib/x86_64-linux-gnu/libogg.so.0.8.2
7f3394598000-7f33945c2000 r-xp 00000000 08:03 404005                     /usr/lib/x86_64-linux-gnu/libvorbis.so.0.4.8
7f33945c2000-7f33947c2000 ---p 0002a000 08:03 404005                     /usr/lib/x86_64-linux-gnu/libvorbis.so.0.4.8
7f33947c2000-7f33947c3000 r--p 0002a000 08:03 404005                     /usr/lib/x86_64-linux-gnu/libvorbis.so.0.4.8
7f33947c3000-7f33947c4000 rw-p 0002b000 08:03 404005                     /usr/lib/x86_64-linux-gnu/libvorbis.so.0.4.8
7f33947c4000-7f33947cd000 r-xp 00000000 08:03 403523                     /usr/lib/x86_64-linux-gnu/libltdl.so.7.3.1
7f33947cd000-7f33949cc000 ---p 00009000 08:03 403523                     /usr/lib/x86_64-linux-gnu/libltdl.so.7.3.1
7f33949cc000-7f33949cd000 r--p 00008000 08:03 403523                     /usr/lib/x86_64-linux-gnu/libltdl.so.7.3.1
7f33949cd000-7f33949ce000 rw-p 00009000 08:03 403523                     /usr/lib/x86_64-linux-gnu/libltdl.so.7.3.1
7f33949ce000-7f33949e2000 r-xp 00000000 08:03 403898                     /usr/lib/x86_64-linux-gnu/libtdb.so.1.3.8
7f33949e2000-7f3394be1000 ---p 00014000 08:03 403898                     /usr/lib/x86_64-linux-gnu/libtdb.so.1.3.8
7f3394be1000-7f3394be2000 r--p 00013000 08:03 403898                     /usr/lib/x86_64-linux-gnu/libtdb.so.1.3.8
7f3394be2000-7f3394be3000 rw-p 00014000 08:03 403898                     /usr/lib/x86_64-linux-gnu/libtdb.so.1.3.8
7f3394be3000-7f3394bea000 r-xp 00000000 08:03 404009                     /usr/lib/x86_64-linux-gnu/libvorbisfile.so.3.3.7
7f3394bea000-7f3394dea000 ---p 00007000 08:03 404009                     /usr/lib/x86_64-linux-gnu/libvorbisfile.so.3.3.7
7f3394dea000-7f3394deb000 r--p 00007000 08:03 404009                     /usr/lib/x86_64-linux-gnu/libvorbisfile.so.3.3.7
7f3394deb000-7f3394dec000 rw-p 00008000 08:03 404009                     /usr/lib/x86_64-linux-gnu/libvorbisfile.so.3.3.7
7f3394dec000-7f3394dfc000 r-xp 00000000 08:03 402920                     /usr/lib/x86_64-linux-gnu/libcanberra.so.0.2.5
7f3394dfc000-7f3394ffb000 ---p 00010000 08:03 402920                     /usr/lib/x86_64-linux-gnu/libcanberra.so.0.2.5
7f3394ffb000-7f3394ffc000 r--p 0000f000 08:03 402920                     /usr/lib/x86_64-linux-gnu/libcanberra.so.0.2.5
7f3394ffc000-7f3394ffd000 rw-p 00010000 08:03 402920                     /usr/lib/x86_64-linux-gnu/libcanberra.so.0.2.5
7f3394ffd000-7f3395001000 r-xp 00000000 08:03 402916                     /usr/lib/x86_64-linux-gnu/libcanberra-gtk.so.0.1.9
7f3395001000-7f3395200000 ---p 00004000 08:03 402916                     /usr/lib/x86_64-linux-gnu/libcanberra-gtk.so.0.1.9
7f3395200000-7f3395201000 r--p 00003000 08:03 402916                     /usr/lib/x86_64-linux-gnu/libcanberra-gtk.so.0.1.9
7f3395201000-7f3395202000 rw-p 00004000 08:03 402916                     /usr/lib/x86_64-linux-gnu/libcanberra-gtk.so.0.1.9
7f3395202000-7f3395207000 r-xp 00000000 08:03 657534                     /usr/lib/x86_64-linux-gnu/gtk-2.0/modules/libcanberra-gtk-module.so
7f3395207000-7f3395406000 ---p 00005000 08:03 657534                     /usr/lib/x86_64-linux-gnu/gtk-2.0/modules/libcanberra-gtk-module.so
7f3395406000-7f3395407000 r--p 00004000 08:03 657534                     /usr/lib/x86_64-linux-gnu/gtk-2.0/modules/libcanberra-gtk-module.so
7f3395407000-7f3395408000 rw-p 00005000 08:03 657534                     /usr/lib/x86_64-linux-gnu/gtk-2.0/modules/libcanberra-gtk-module.so
7f3395408000-7f3395438000 r-xp 00000000 08:03 657346                     /usr/lib/x86_64-linux-gnu/gtk-2.0/2.10.0/engines/libmurrine.so
7f3395438000-7f3395638000 ---p 00030000 08:03 657346                     /usr/lib/x86_64-linux-gnu/gtk-2.0/2.10.0/engines/libmurrine.so
7f3395638000-7f3395639000 r--p 00030000 08:03 657346                     /usr/lib/x86_64-linux-gnu/gtk-2.0/2.10.0/engines/libmurrine.so
7f3395639000-7f339563a000 rw-p 00031000 08:03 657346                     /usr/lib/x86_64-linux-gnu/gtk-2.0/2.10.0/engines/libmurrine.so
7f339563a000-7f339564a000 r-xp 00000000 08:03 403954                     /usr/lib/x86_64-linux-gnu/libunity-gtk2-parser.so.0.0.0
7f339564a000-7f339584a000 ---p 00010000 08:03 403954                     /usr/lib/x86_64-linux-gnu/libunity-gtk2-parser.so.0.0.0
7f339584a000-7f339584b000 r--p 00010000 08:03 403954                     /usr/lib/x86_64-linux-gnu/libunity-gtk2-parser.so.0.0.0
7f339584b000-7f339584c000 rw-p 00011000 08:03 403954                     /usr/lib/x86_64-linux-gnu/libunity-gtk2-parser.so.0.0.0
7f339584c000-7f3395851000 r-xp 00000000 08:03 657538                     /usr/lib/x86_64-linux-gnu/gtk-2.0/modules/libunity-gtk-module.so
7f3395851000-7f3395a50000 ---p 00005000 08:03 657538                     /usr/lib/x86_64-linux-gnu/gtk-2.0/modules/libunity-gtk-module.so
7f3395a50000-7f3395a51000 r--p 00004000 08:03 657538                     /usr/lib/x86_64-linux-gnu/gtk-2.0/modules/libunity-gtk-module.so
7f3395a51000-7f3395a52000 rw-p 00005000 08:03 657538                     /usr/lib/x86_64-linux-gnu/gtk-2.0/modules/libunity-gtk-module.so
7f3395a52000-7f3395a64000 r-xp 00000000 08:03 1840172                    /lib/x86_64-linux-gnu/libgpg-error.so.0.17.0
7f3395a64000-7f3395c64000 ---p 00012000 08:03 1840172                    /lib/x86_64-linux-gnu/libgpg-error.so.0.17.0
7f3395c64000-7f3395c65000 r--p 00012000 08:03 1840172                    /lib/x86_64-linux-gnu/libgpg-error.so.0.17.0
7f3395c65000-7f3395c66000 rw-p 00013000 08:03 1840172                    /lib/x86_64-linux-gnu/libgpg-error.so.0.17.0
7f3395c66000-7f3395d3e000 r-xp 00000000 08:03 1839881                    /lib/x86_64-linux-gnu/libgcrypt.so.20.0.5
7f3395d3e000-7f3395f3d000 ---p 000d8000 08:03 1839881                    /lib/x86_64-linux-gnu/libgcrypt.so.20.0.5
7f3395f3d000-7f3395f3e000 r--p 000d7000 08:03 1839881                    /lib/x86_64-linux-gnu/libgcrypt.so.20.0.5
7f3395f3e000-7f3395f46000 rw-p 000d8000 08:03 1839881                    /lib/x86_64-linux-gnu/libgcrypt.so.20.0.5
7f3395f46000-7f3395f47000 rw-p 00000000 00:00 0 
7f3395f47000-7f3395f68000 r-xp 00000000 08:03 1840195                    /lib/x86_64-linux-gnu/liblzma.so.5.0.0
7f3395f68000-7f3396167000 ---p 00021000 08:03 1840195                    /lib/x86_64-linux-gnu/liblzma.so.5.0.0
7f3396167000-7f3396168000 r--p 00020000 08:03 1840195                    /lib/x86_64-linux-gnu/liblzma.so.5.0.0
7f3396168000-7f3396169000 rw-p 00021000 08:03 1840195                    /lib/x86_64-linux-gnu/liblzma.so.5.0.0
7f3396169000-7f33961e9000 r-xp 00000000 08:03 1836670                    /lib/x86_64-linux-gnu/libsystemd.so.0.14.0
7f33961e9000-7f33961ec000 r--p 0007f000 08:03 1836670                    /lib/x86_64-linux-gnu/libsystemd.so.0.14.0
7f33961ec000-7f33961ed000 rw-p 00082000 08:03 1836670                    /lib/x86_64-linux-gnu/libsystemd.so.0.14.0
7f33961ed000-7f33961ee000 rw-p 00000000 00:00 0 
7f33961ee000-7f3396238000 r-xp 00000000 08:03 1839804                    /lib/x86_64-linux-gnu/libdbus-1.so.3.14.6
7f3396238000-7f3396438000 ---p 0004a000 08:03 1839804                    /lib/x86_64-linux-gnu/libdbus-1.so.3.14.6
7f3396438000-7f3396439000 r--p 0004a000 08:03 1839804                    /lib/x86_64-linux-gnu/libdbus-1.so.3.14.6
7f3396439000-7f339643a000 rw-p 0004b000 08:03 1839804                    /lib/x86_64-linux-gnu/libdbus-1.so.3.14.6
7f339643a000-7f3396466000 r-xp 00000000 08:03 402862                     /usr/lib/x86_64-linux-gnu/libatspi.so.0.0.1
7f3396466000-7f3396665000 ---p 0002c000 08:03 402862                     /usr/lib/x86_64-linux-gnu/libatspi.so.0.0.1
7f3396665000-7f3396668000 r--p 0002b000 08:03 402862                     /usr/lib/x86_64-linux-gnu/libatspi.so.0.0.1
7f3396668000-7f3396669000 rw-p 0002e000 08:03 402862                     /usr/lib/x86_64-linux-gnu/libatspi.so.0.0.1
7f3396669000-7f3396696000 r-xp 00000000 08:03 402856                     /usr/lib/x86_64-linux-gnu/libatk-bridge-2.0.so.0.0.0
7f3396696000-7f3396895000 ---p 0002d000 08:03 402856                     /usr/lib/x86_64-linux-gnu/libatk-bridge-2.0.so.0.0.0
7f3396895000-7f3396896000 r--p 0002c000 08:03 402856                     /usr/lib/x86_64-linux-gnu/libatk-bridge-2.0.so.0.0.0
7f3396896000-7f3396898000 rw-p 0002d000 08:03 402856                     /usr/lib/x86_64-linux-gnu/libatk-bridge-2.0.so.0.0.0
7f3396898000-7f3396899000 r-xp 00000000 08:03 657533                     /usr/lib/x86_64-linux-gnu/gtk-2.0/modules/libatk-bridge.so
7f3396899000-7f3396a98000 ---p 00001000 08:03 657533                     /usr/lib/x86_64-linux-gnu/gtk-2.0/modules/libatk-bridge.so
7f3396a98000-7f3396a99000 r--p 00000000 08:03 657533                     /usr/lib/x86_64-linux-gnu/gtk-2.0/modules/libatk-bridge.so
7f3396a99000-7f3396a9a000 rw-p 00001000 08:03 657533                     /usr/lib/x86_64-linux-gnu/gtk-2.0/modules/libatk-bridge.so
7f3396a9a000-7f3396aa1000 r-xp 00000000 08:03 403191                     /usr/lib/x86_64-linux-gnu/libgailutil.so.18.0.1
7f3396aa1000-7f3396ca0000 ---p 00007000 08:03 403191                     /usr/lib/x86_64-linux-gnu/libgailutil.so.18.0.1
7f3396ca0000-7f3396ca1000 r--p 00006000 08:03 403191                     /usr/lib/x86_64-linux-gnu/libgailutil.so.18.0.1
7f3396ca1000-7f3396ca2000 rw-p 00007000 08:03 403191                     /usr/lib/x86_64-linux-gnu/libgailutil.so.18.0.1
7f3396ca2000-7f3396ca3000 r--s 00000000 08:03 664027                     /var/cache/fontconfig/4794a0821666d79190d59a36cb4f44b5-le64.cache-6
7f3396ca3000-7f3396ca4000 r--s 00000000 08:03 664017                     /var/cache/fontconfig/bab58bb527bb656aaa9f116d68a48d89-le64.cache-6
7f3396ca4000-7f3396ca5000 r--s 00000000 08:03 664014                     /var/cache/fontconfig/56cf4f4769d0f4abc89a4895d7bd3ae1-le64.cache-6
7f3396ca5000-7f3396ca6000 r--s 00000000 08:03 664012                     /var/cache/fontconfig/b9d506c9ac06c20b433354fa67a72993-le64.cache-6
7f3396ca6000-7f3396ca7000 r--s 00000000 08:03 664007                     /var/cache/fontconfig/551ecf3b0e8b0bca0f25c0944f561853-le64.cache-6
7f3396ca7000-7f3396cb2000 r--s 00000000 08:03 663991                     /var/cache/fontconfig/83bf95040141907cd45bb53cf7c1c148-le64.cache-6
7f3396cb2000-7f3396cc4000 r--s 00000000 08:03 663987                     /var/cache/fontconfig/9b89f8e3dae116d678bbf48e5f21f69b-le64.cache-6
7f3396cc4000-7f3396d12000 r-xp 00000000 08:03 657536                     /usr/lib/x86_64-linux-gnu/gtk-2.0/modules/libgail.so
7f3396d12000-7f3396f11000 ---p 0004e000 08:03 657536                     /usr/lib/x86_64-linux-gnu/gtk-2.0/modules/libgail.so
7f3396f11000-7f3396f12000 r--p 0004d000 08:03 657536                     /usr/lib/x86_64-linux-gnu/gtk-2.0/modules/libgail.so
7f3396f12000-7f3396f14000 rw-p 0004e000 08:03 657536                     /usr/lib/x86_64-linux-gnu/gtk-2.0/modules/libgail.so
7f3396f14000-7f3396f25000 r-xp 00000000 08:03 657537                     /usr/lib/x86_64-linux-gnu/gtk-2.0/modules/liboverlay-scrollbar.so
7f3396f25000-7f3397125000 ---p 00011000 08:03 657537                     /usr/lib/x86_64-linux-gnu/gtk-2.0/modules/liboverlay-scrollbar.so
7f3397125000-7f3397126000 r--p 00011000 08:03 657537                     /usr/lib/x86_64-linux-gnu/gtk-2.0/modules/liboverlay-scrollbar.so
7f3397126000-7f3397127000 rw-p 00012000 08:03 657537                     /usr/lib/x86_64-linux-gnu/gtk-2.0/modules/liboverlay-scrollbar.so
7f3397127000-7f3397150000 r-xp 00000000 08:03 2493738                    /usr/lib/jvm/java-8-oracle/jre/lib/amd64/libglass.so
7f3397150000-7f339734f000 ---p 00029000 08:03 2493738                    /usr/lib/jvm/java-8-oracle/jre/lib/amd64/libglass.so
7f339734f000-7f3397352000 rw-p 00028000 08:03 2493738                    /usr/lib/jvm/java-8-oracle/jre/lib/amd64/libglass.so
7f3397352000-7f33973d2000 rw-s 90e6e000 00:06 552                        /dev/nvidiactl
7f33973d2000-7f3397452000 rw-s 92bf7000 00:06 552                        /dev/nvidiactl
7f3397452000-7f33974d2000 rw-s 330af000 00:06 552                        /dev/nvidiactl
7f33974d2000-7f33975d2000 rw-s 33068000 00:06 552                        /dev/nvidiactl
7f33975d2000-7f33975f2000 rw-s a0120000 00:06 553                        /dev/nvidia0
7f33975f2000-7f339898b000 r-xp 00000000 08:03 397054                     /usr/lib/nvidia-367/libnvidia-glcore.so.367.57
7f339898b000-7f33989ab000 rwxp 01399000 08:03 397054                     /usr/lib/nvidia-367/libnvidia-glcore.so.367.57
7f33989ab000-7f3398d4c000 r-xp 013b9000 08:03 397054                     /usr/lib/nvidia-367/libnvidia-glcore.so.367.57
7f3398d4c000-7f3398f4b000 ---p 0175a000 08:03 397054                     /usr/lib/nvidia-367/libnvidia-glcore.so.367.57
7f3398f4b000-7f3399313000 rw-p 01759000 08:03 397054                     /usr/lib/nvidia-367/libnvidia-glcore.so.367.57
7f3399313000-7f339932b000 rw-p 00000000 00:00 0 
7f339932b000-7f339932e000 r-xp 00000000 08:03 397058                     /usr/lib/nvidia-367/tls/libnvidia-tls.so.367.57
7f339932e000-7f339952e000 ---p 00003000 08:03 397058                     /usr/lib/nvidia-367/tls/libnvidia-tls.so.367.57
7f339952e000-7f339952f000 rw-p 00003000 08:03 397058                     /usr/lib/nvidia-367/tls/libnvidia-tls.so.367.57
7f339952f000-7f33995f7000 r-xp 00000000 08:03 397034                     /usr/lib/nvidia-367/libGLX_nvidia.so.367.57
7f33995f7000-7f339962b000 rwxp 000c8000 08:03 397034                     /usr/lib/nvidia-367/libGLX_nvidia.so.367.57
7f339962b000-7f339963e000 r-xp 000fc000 08:03 397034                     /usr/lib/nvidia-367/libGLX_nvidia.so.367.57
7f339963e000-7f339983e000 ---p 0010f000 08:03 397034                     /usr/lib/nvidia-367/libGLX_nvidia.so.367.57
7f339983e000-7f3399866000 rw-p 0010f000 08:03 397034                     /usr/lib/nvidia-367/libGLX_nvidia.so.367.57
7f3399866000-7f339986d000 rw-p 00000000 00:00 0 
7f339986d000-7f3399873000 r-xp 00000000 08:03 403003                     /usr/lib/x86_64-linux-gnu/libdatrie.so.1.3.3
7f3399873000-7f3399a73000 ---p 00006000 08:03 403003                     /usr/lib/x86_64-linux-gnu/libdatrie.so.1.3.3
7f3399a73000-7f3399a74000 r--p 00006000 08:03 403003                     /usr/lib/x86_64-linux-gnu/libdatrie.so.1.3.3
7f3399a74000-7f3399a75000 rw-p 00007000 08:03 403003                     /usr/lib/x86_64-linux-gnu/libdatrie.so.1.3.3
7f3399a75000-7f3399a7a000 r-xp 00000000 08:03 402761                     /usr/lib/x86_64-linux-gnu/libXdmcp.so.6.0.0
7f3399a7a000-7f3399c79000 ---p 00005000 08:03 402761                     /usr/lib/x86_64-linux-gnu/libXdmcp.so.6.0.0
7f3399c79000-7f3399c7a000 r--p 00004000 08:03 402761                     /usr/lib/x86_64-linux-gnu/libXdmcp.so.6.0.0
7f3399c7a000-7f3399c7b000 rw-p 00005000 08:03 402761                     /usr/lib/x86_64-linux-gnu/libXdmcp.so.6.0.0
7f3399c7b000-7f3399c7d000 r-xp 00000000 08:03 402750                     /usr/lib/x86_64-linux-gnu/libXau.so.6.0.0
7f3399c7d000-7f3399e7d000 ---p 00002000 08:03 402750                     /usr/lib/x86_64-linux-gnu/libXau.so.6.0.0
7f3399e7d000-7f3399e7e000 r--p 00002000 08:03 402750                     /usr/lib/x86_64-linux-gnu/libXau.so.6.0.0
7f3399e7e000-7f3399e7f000 rw-p 00003000 08:03 402750                     /usr/lib/x86_64-linux-gnu/libXau.so.6.0.0
7f3399e7f000-7f3399ea2000 r-xp 00000000 08:03 403307                     /usr/lib/x86_64-linux-gnu/libgraphite2.so.3.0.1
7f3399ea2000-7f339a0a1000 ---p 00023000 08:03 403307                     /usr/lib/x86_64-linux-gnu/libgraphite2.so.3.0.1
7f339a0a1000-7f339a0a3000 r--p 00022000 08:03 403307                     /usr/lib/x86_64-linux-gnu/libgraphite2.so.3.0.1
7f339a0a3000-7f339a0a4000 rw-p 00024000 08:03 403307                     /usr/lib/x86_64-linux-gnu/libgraphite2.so.3.0.1
7f339a0a4000-7f339a0f2000 r-xp 00000000 08:03 397050                     /usr/lib/nvidia-367/libGLdispatch.so.0
7f339a0f2000-7f339a124000 r-xp 0004e000 08:03 397050                     /usr/lib/nvidia-367/libGLdispatch.so.0
7f339a124000-7f339a15e000 r-xp 00080000 08:03 397050                     /usr/lib/nvidia-367/libGLdispatch.so.0
7f339a15e000-7f339a35e000 ---p 000ba000 08:03 397050                     /usr/lib/nvidia-367/libGLdispatch.so.0
7f339a35e000-7f339a36d000 rw-p 000ba000 08:03 397050                     /usr/lib/nvidia-367/libGLdispatch.so.0
7f339a36d000-7f339a38d000 rw-p 00000000 00:00 0 
7f339a38d000-7f339a39d000 r-xp 00000000 08:03 397067                     /usr/lib/nvidia-367/libGLX.so.0
7f339a39d000-7f339a59d000 ---p 00010000 08:03 397067                     /usr/lib/nvidia-367/libGLX.so.0
7f339a59d000-7f339a59e000 rw-p 00010000 08:03 397067                     /usr/lib/nvidia-367/libGLX.so.0
7f339a59e000-7f339a5be000 rw-p 00000000 00:00 0 
7f339a5be000-7f339a62c000 r-xp 00000000 08:03 1840257                    /lib/x86_64-linux-gnu/libpcre.so.3.13.2
7f339a62c000-7f339a82c000 ---p 0006e000 08:03 1840257                    /lib/x86_64-linux-gnu/libpcre.so.3.13.2
7f339a82c000-7f339a82d000 r--p 0006e000 08:03 1840257                    /lib/x86_64-linux-gnu/libpcre.so.3.13.2
7f339a82d000-7f339a82e000 rw-p 0006f000 08:03 1840257                    /lib/x86_64-linux-gnu/libpcre.so.3.13.2
7f339a82e000-7f339a835000 r-xp 00000000 08:03 403132                     /usr/lib/x86_64-linux-gnu/libffi.so.6.0.4
7f339a835000-7f339aa34000 ---p 00007000 08:03 403132                     /usr/lib/x86_64-linux-gnu/libffi.so.6.0.4
7f339aa34000-7f339aa35000 r--p 00006000 08:03 403132                     /usr/lib/x86_64-linux-gnu/libffi.so.6.0.4
7f339aa35000-7f339aa36000 rw-p 00007000 08:03 403132                     /usr/lib/x86_64-linux-gnu/libffi.so.6.0.4
7f339aa36000-7f339aa5c000 r-xp 00000000 08:03 1835072                    /lib/x86_64-linux-gnu/libexpat.so.1.6.0
7f339aa5c000-7f339ac5c000 ---p 00026000 08:03 1835072                    /lib/x86_64-linux-gnu/libexpat.so.1.6.0
7f339ac5c000-7f339ac5e000 r--p 00026000 08:03 1835072                    /lib/x86_64-linux-gnu/libexpat.so.1.6.0
7f339ac5e000-7f339ac5f000 rw-p 00028000 08:03 1835072                    /lib/x86_64-linux-gnu/libexpat.so.1.6.0
7f339ac5f000-7f339ac67000 r-xp 00000000 08:03 403906                     /usr/lib/x86_64-linux-gnu/libthai.so.0.2.4
7f339ac67000-7f339ae66000 ---p 00008000 08:03 403906                     /usr/lib/x86_64-linux-gnu/libthai.so.0.2.4
7f339ae66000-7f339ae67000 r--p 00007000 08:03 403906                     /usr/lib/x86_64-linux-gnu/libthai.so.0.2.4
7f339ae67000-7f339ae68000 rw-p 00008000 08:03 403906                     /usr/lib/x86_64-linux-gnu/libthai.so.0.2.4
7f339ae68000-7f339ae89000 r-xp 00000000 08:03 404128                     /usr/lib/x86_64-linux-gnu/libxcb.so.1.1.0
7f339ae89000-7f339b088000 ---p 00021000 08:03 404128                     /usr/lib/x86_64-linux-gnu/libxcb.so.1.1.0
7f339b088000-7f339b089000 r--p 00020000 08:03 404128                     /usr/lib/x86_64-linux-gnu/libxcb.so.1.1.0
7f339b089000-7f339b08a000 rw-p 00021000 08:03 404128                     /usr/lib/x86_64-linux-gnu/libxcb.so.1.1.0
7f339b08a000-7f339b092000 r-xp 00000000 08:03 404114                     /usr/lib/x86_64-linux-gnu/libxcb-render.so.0.0.0
7f339b092000-7f339b292000 ---p 00008000 08:03 404114                     /usr/lib/x86_64-linux-gnu/libxcb-render.so.0.0.0
7f339b292000-7f339b293000 r--p 00008000 08:03 404114                     /usr/lib/x86_64-linux-gnu/libxcb-render.so.0.0.0
7f339b293000-7f339b294000 rw-p 00009000 08:03 404114                     /usr/lib/x86_64-linux-gnu/libxcb-render.so.0.0.0
7f339b294000-7f339b296000 r-xp 00000000 08:03 404118                     /usr/lib/x86_64-linux-gnu/libxcb-shm.so.0.0.0
7f339b296000-7f339b496000 ---p 00002000 08:03 404118                     /usr/lib/x86_64-linux-gnu/libxcb-shm.so.0.0.0
7f339b496000-7f339b497000 r--p 00002000 08:03 404118                     /usr/lib/x86_64-linux-gnu/libxcb-shm.so.0.0.0
7f339b497000-7f339b498000 rw-p 00003000 08:03 404118                     /usr/lib/x86_64-linux-gnu/libxcb-shm.so.0.0.0
7f339b498000-7f339b4bc000 r-xp 00000000 08:03 1840269                    /lib/x86_64-linux-gnu/libpng12.so.0.54.0
7f339b4bc000-7f339b6bb000 ---p 00024000 08:03 1840269                    /lib/x86_64-linux-gnu/libpng12.so.0.54.0
7f339b6bb000-7f339b6bc000 r--p 00023000 08:03 1840269                    /lib/x86_64-linux-gnu/libpng12.so.0.54.0
7f339b6bc000-7f339b6bd000 rw-p 00024000 08:03 1840269                    /lib/x86_64-linux-gnu/libpng12.so.0.54.0
7f339b6bd000-7f339b75c000 r-xp 00000000 08:03 403711                     /usr/lib/x86_64-linux-gnu/libpixman-1.so.0.33.6
7f339b75c000-7f339b95c000 ---p 0009f000 08:03 403711                     /usr/lib/x86_64-linux-gnu/libpixman-1.so.0.33.6
7f339b95c000-7f339b964000 r--p 0009f000 08:03 403711                     /usr/lib/x86_64-linux-gnu/libpixman-1.so.0.33.6
7f339b964000-7f339b965000 rw-p 000a7000 08:03 403711                     /usr/lib/x86_64-linux-gnu/libpixman-1.so.0.33.6
7f339b965000-7f339b9c1000 r-xp 00000000 08:03 395340                     /usr/lib/x86_64-linux-gnu/libharfbuzz.so.0.10000.1
7f339b9c1000-7f339bbc1000 ---p 0005c000 08:03 395340                     /usr/lib/x86_64-linux-gnu/libharfbuzz.so.0.10000.1
7f339bbc1000-7f339bbc2000 r--p 0005c000 08:03 395340                     /usr/lib/x86_64-linux-gnu/libharfbuzz.so.0.10000.1
7f339bbc2000-7f339bbc3000 rw-p 0005d000 08:03 395340                     /usr/lib/x86_64-linux-gnu/libharfbuzz.so.0.10000.1
7f339bbc3000-7f339bbda000 r-xp 00000000 08:03 1848112                    /lib/x86_64-linux-gnu/libresolv-2.23.so
7f339bbda000-7f339bdda000 ---p 00017000 08:03 1848112                    /lib/x86_64-linux-gnu/libresolv-2.23.so
7f339bdda000-7f339bddb000 r--p 00017000 08:03 1848112                    /lib/x86_64-linux-gnu/libresolv-2.23.so
7f339bddb000-7f339bddc000 rw-p 00018000 08:03 1848112                    /lib/x86_64-linux-gnu/libresolv-2.23.so
7f339bddc000-7f339bdde000 rw-p 00000000 00:00 0 
7f339bdde000-7f339bdfd000 r-xp 00000000 08:03 1840286                    /lib/x86_64-linux-gnu/libselinux.so.1
7f339bdfd000-7f339bffc000 ---p 0001f000 08:03 1840286                    /lib/x86_64-linux-gnu/libselinux.so.1
7f339bffc000-7f339bffd000 r--p 0001e000 08:03 1840286                    /lib/x86_64-linux-gnu/libselinux.so.1
7f339bffd000-7f339bffe000 rw-p 0001f000 08:03 1840286                    /lib/x86_64-linux-gnu/libselinux.so.1
7f339bffe000-7f339c000000 rw-p 00000000 00:00 0 
7f339c000000-7f339c7fc000 rw-p 00000000 00:00 0 
7f339c7fc000-7f33a0000000 ---p 00000000 00:00 0 
7f33a0000000-7f33a0004000 r--s 00000000 08:03 664006                     /var/cache/fontconfig/d589a48862398ed80a3d6066f4f56f4c-le64.cache-6
7f33a0004000-7f33a0005000 r--s 00000000 08:03 664005                     /var/cache/fontconfig/30829fa25452a46451e813d634d7f916-le64.cache-6
7f33a0005000-7f33a0008000 r--s 00000000 08:03 663998                     /var/cache/fontconfig/75114ca45c98e8a441da0ff356701271-le64.cache-6
7f33a0008000-7f33a0015000 r--s 00000000 08:03 656609                     /var/cache/fontconfig/e13b20fdb08344e0e664864cc2ede53d-le64.cache-6
7f33a0015000-7f33a0019000 r--s 00000000 08:03 663970                     /var/cache/fontconfig/7ef2298fde41cc6eeb7af42e48b7d293-le64.cache-6
7f33a0019000-7f33a001b000 rw-s 00000000 08:03 262244                     /tmp/.glR2QZXd (deleted)
7f33a001b000-7f33a005b000 rw-s 91cc5000 00:06 552                        /dev/nvidiactl
7f33a005b000-7f33a007b000 rw-s 902af000 00:06 552                        /dev/nvidiactl
7f33a007b000-7f33a00bb000 rw-s 3922a000 00:06 552                        /dev/nvidiactl
7f33a00bb000-7f33a00d4000 r-xp 00000000 08:03 1840319                    /lib/x86_64-linux-gnu/libz.so.1.2.8
7f33a00d4000-7f33a02d3000 ---p 00019000 08:03 1840319                    /lib/x86_64-linux-gnu/libz.so.1.2.8
7f33a02d3000-7f33a02d4000 r--p 00018000 08:03 1840319                    /lib/x86_64-linux-gnu/libz.so.1.2.8
7f33a02d4000-7f33a02d5000 rw-p 00019000 08:03 1840319                    /lib/x86_64-linux-gnu/libz.so.1.2.8
7f33a02d5000-7f33a02e6000 r-xp 00000000 08:03 402763                     /usr/lib/x86_64-linux-gnu/libXext.so.6.4.0
7f33a02e6000-7f33a04e5000 ---p 00011000 08:03 402763                     /usr/lib/x86_64-linux-gnu/libXext.so.6.4.0
7f33a04e5000-7f33a04e6000 r--p 00010000 08:03 402763                     /usr/lib/x86_64-linux-gnu/libXext.so.6.4.0
7f33a04e6000-7f33a04e7000 rw-p 00011000 08:03 402763                     /usr/lib/x86_64-linux-gnu/libXext.so.6.4.0
7f33a04e7000-7f33a04e9000 r-xp 00000000 08:03 402759                     /usr/lib/x86_64-linux-gnu/libXdamage.so.1.1.0
7f33a04e9000-7f33a06e8000 ---p 00002000 08:03 402759                     /usr/lib/x86_64-linux-gnu/libXdamage.so.1.1.0
7f33a06e8000-7f33a06e9000 r--p 00001000 08:03 402759                     /usr/lib/x86_64-linux-gnu/libXdamage.so.1.1.0
7f33a06e9000-7f33a06ea000 rw-p 00002000 08:03 402759                     /usr/lib/x86_64-linux-gnu/libXdamage.so.1.1.0
7f33a06ea000-7f33a06ec000 r-xp 00000000 08:03 402755                     /usr/lib/x86_64-linux-gnu/libXcomposite.so.1.0.0
7f33a06ec000-7f33a08eb000 ---p 00002000 08:03 402755                     /usr/lib/x86_64-linux-gnu/libXcomposite.so.1.0.0
7f33a08eb000-7f33a08ec000 r--p 00001000 08:03 402755                     /usr/lib/x86_64-linux-gnu/libXcomposite.so.1.0.0
7f33a08ec000-7f33a08ed000 rw-p 00002000 08:03 402755                     /usr/lib/x86_64-linux-gnu/libXcomposite.so.1.0.0
7f33a08ed000-7f33a08f6000 r-xp 00000000 08:03 402757                     /usr/lib/x86_64-linux-gnu/libXcursor.so.1.0.2
7f33a08f6000-7f33a0af5000 ---p 00009000 08:03 402757                     /usr/lib/x86_64-linux-gnu/libXcursor.so.1.0.2
7f33a0af5000-7f33a0af6000 r--p 00008000 08:03 402757                     /usr/lib/x86_64-linux-gnu/libXcursor.so.1.0.2
7f33a0af6000-7f33a0af7000 rw-p 00009000 08:03 402757                     /usr/lib/x86_64-linux-gnu/libXcursor.so.1.0.2
7f33a0af7000-7f33a0b01000 r-xp 00000000 08:03 402781                     /usr/lib/x86_64-linux-gnu/libXrandr.so.2.2.0
7f33a0b01000-7f33a0d00000 ---p 0000a000 08:03 402781                     /usr/lib/x86_64-linux-gnu/libXrandr.so.2.2.0
7f33a0d00000-7f33a0d01000 r--p 00009000 08:03 402781                     /usr/lib/x86_64-linux-gnu/libXrandr.so.2.2.0
7f33a0d01000-7f33a0d02000 rw-p 0000a000 08:03 402781                     /usr/lib/x86_64-linux-gnu/libXrandr.so.2.2.0
7f33a0d02000-7f33a0d11000 r-xp 00000000 08:03 402771                     /usr/lib/x86_64-linux-gnu/libXi.so.6.1.0
7f33a0d11000-7f33a0f10000 ---p 0000f000 08:03 402771                     /usr/lib/x86_64-linux-gnu/libXi.so.6.1.0
7f33a0f10000-7f33a0f11000 r--p 0000e000 08:03 402771                     /usr/lib/x86_64-linux-gnu/libXi.so.6.1.0
7f33a0f11000-7f33a0f12000 rw-p 0000f000 08:03 402771                     /usr/lib/x86_64-linux-gnu/libXi.so.6.1.0
7f33a0f12000-7f33a0f14000 r-xp 00000000 08:03 402773                     /usr/lib/x86_64-linux-gnu/libXinerama.so.1.0.0
7f33a0f14000-7f33a1113000 ---p 00002000 08:03 402773                     /usr/lib/x86_64-linux-gnu/libXinerama.so.1.0.0
7f33a1113000-7f33a1114000 r--p 00001000 08:03 402773                     /usr/lib/x86_64-linux-gnu/libXinerama.so.1.0.0
7f33a1114000-7f33a1115000 rw-p 00002000 08:03 402773                     /usr/lib/x86_64-linux-gnu/libXinerama.so.1.0.0
7f33a1115000-7f33a111e000 r-xp 00000000 08:03 402783                     /usr/lib/x86_64-linux-gnu/libXrender.so.1.3.0
7f33a111e000-7f33a131d000 ---p 00009000 08:03 402783                     /usr/lib/x86_64-linux-gnu/libXrender.so.1.3.0
7f33a131d000-7f33a131e000 r--p 00008000 08:03 402783                     /usr/lib/x86_64-linux-gnu/libXrender.so.1.3.0
7f33a131e000-7f33a131f000 rw-p 00009000 08:03 402783                     /usr/lib/x86_64-linux-gnu/libXrender.so.1.3.0
7f33a131f000-7f33a1324000 r-xp 00000000 08:03 402765                     /usr/lib/x86_64-linux-gnu/libXfixes.so.3.1.0
7f33a1324000-7f33a1523000 ---p 00005000 08:03 402765                     /usr/lib/x86_64-linux-gnu/libXfixes.so.3.1.0
7f33a1523000-7f33a1524000 r--p 00004000 08:03 402765                     /usr/lib/x86_64-linux-gnu/libXfixes.so.3.1.0
7f33a1524000-7f33a1525000 rw-p 00005000 08:03 402765                     /usr/lib/x86_64-linux-gnu/libXfixes.so.3.1.0
7f33a1525000-7f33a153b000 r-xp 00000000 08:03 1840166                    /lib/x86_64-linux-gnu/libgcc_s.so.1
7f33a153b000-7f33a173a000 ---p 00016000 08:03 1840166                    /lib/x86_64-linux-gnu/libgcc_s.so.1
7f33a173a000-7f33a173b000 rw-p 00015000 08:03 1840166                    /lib/x86_64-linux-gnu/libgcc_s.so.1
7f33a173b000-7f33a18ad000 r-xp 00000000 08:03 393289                     /usr/lib/x86_64-linux-gnu/libstdc++.so.6.0.21
7f33a18ad000-7f33a1aad000 ---p 00172000 08:03 393289                     /usr/lib/x86_64-linux-gnu/libstdc++.so.6.0.21
7f33a1aad000-7f33a1ab7000 r--p 00172000 08:03 393289                     /usr/lib/x86_64-linux-gnu/libstdc++.so.6.0.21
7f33a1ab7000-7f33a1ab9000 rw-p 0017c000 08:03 393289                     /usr/lib/x86_64-linux-gnu/libstdc++.so.6.0.21
7f33a1ab9000-7f33a1abd000 rw-p 00000000 00:00 0 
7f33a1abd000-7f33a1aee000 r-xp 00000000 08:03 397049                     /usr/lib/nvidia-367/libGL.so.1.0.0
7f33a1aee000-7f33a1b20000 r-xp 00031000 08:03 397049                     /usr/lib/nvidia-367/libGL.so.1.0.0
7f33a1b20000-7f33a1b4a000 r-xp 00063000 08:03 397049                     /usr/lib/nvidia-367/libGL.so.1.0.0
7f33a1b4a000-7f33a1d4a000 ---p 0008d000 08:03 397049                     /usr/lib/nvidia-367/libGL.so.1.0.0
7f33a1d4a000-7f33a1d4b000 rw-p 0008d000 08:03 397049                     /usr/lib/nvidia-367/libGL.so.1.0.0
7f33a1d4b000-7f33a1d4c000 rw-p 00000000 00:00 0 
7f33a1d4c000-7f33a1d51000 r-xp 00000000 08:03 402799                     /usr/lib/x86_64-linux-gnu/libXxf86vm.so.1.0.0
7f33a1d51000-7f33a1f50000 ---p 00005000 08:03 402799                     /usr/lib/x86_64-linux-gnu/libXxf86vm.so.1.0.0
7f33a1f50000-7f33a1f51000 r--p 00004000 08:03 402799                     /usr/lib/x86_64-linux-gnu/libXxf86vm.so.1.0.0
7f33a1f51000-7f33a1f52000 rw-p 00005000 08:03 402799                     /usr/lib/x86_64-linux-gnu/libXxf86vm.so.1.0.0
7f33a1f52000-7f33a2087000 r-xp 00000000 08:03 402746                     /usr/lib/x86_64-linux-gnu/libX11.so.6.3.0
7f33a2087000-7f33a2287000 ---p 00135000 08:03 402746                     /usr/lib/x86_64-linux-gnu/libX11.so.6.3.0
7f33a2287000-7f33a2288000 r--p 00135000 08:03 402746                     /usr/lib/x86_64-linux-gnu/libX11.so.6.3.0
7f33a2288000-7f33a228c000 rw-p 00136000 08:03 402746                     /usr/lib/x86_64-linux-gnu/libX11.so.6.3.0
7f33a228c000-7f33a2291000 r-xp 00000000 08:03 402789                     /usr/lib/x86_64-linux-gnu/libXtst.so.6.1.0
7f33a2291000-7f33a2490000 ---p 00005000 08:03 402789                     /usr/lib/x86_64-linux-gnu/libXtst.so.6.1.0
7f33a2490000-7f33a2491000 r--p 00004000 08:03 402789                     /usr/lib/x86_64-linux-gnu/libXtst.so.6.1.0
7f33a2491000-7f33a2492000 rw-p 00005000 08:03 402789                     /usr/lib/x86_64-linux-gnu/libXtst.so.6.1.0
7f33a2492000-7f33a25a1000 r-xp 00000000 08:03 1835067                    /lib/x86_64-linux-gnu/libglib-2.0.so.0.4800.1
7f33a25a1000-7f33a27a0000 ---p 0010f000 08:03 1835067                    /lib/x86_64-linux-gnu/libglib-2.0.so.0.4800.1
7f33a27a0000-7f33a27a1000 r--p 0010e000 08:03 1835067                    /lib/x86_64-linux-gnu/libglib-2.0.so.0.4800.1
7f33a27a1000-7f33a27a2000 rw-p 0010f000 08:03 1835067                    /lib/x86_64-linux-gnu/libglib-2.0.so.0.4800.1
7f33a27a2000-7f33a27a3000 rw-p 00000000 00:00 0 
7f33a27a3000-7f33a27a4000 r-xp 00000000 08:03 393610                     /usr/lib/x86_64-linux-gnu/libgthread-2.0.so.0.4800.1
7f33a27a4000-7f33a29a3000 ---p 00001000 08:03 393610                     /usr/lib/x86_64-linux-gnu/libgthread-2.0.so.0.4800.1
7f33a29a3000-7f33a29a4000 r--p 00000000 08:03 393610                     /usr/lib/x86_64-linux-gnu/libgthread-2.0.so.0.4800.1
7f33a29a4000-7f33a29a5000 rw-p 00001000 08:03 393610                     /usr/lib/x86_64-linux-gnu/libgthread-2.0.so.0.4800.1
7f33a29a5000-7f33a29a8000 r-xp 00000000 08:03 393634                     /usr/lib/x86_64-linux-gnu/libgmodule-2.0.so.0.4800.1
7f33a29a8000-7f33a2ba7000 ---p 00003000 08:03 393634                     /usr/lib/x86_64-linux-gnu/libgmodule-2.0.so.0.4800.1
7f33a2ba7000-7f33a2ba8000 r--p 00002000 08:03 393634                     /usr/lib/x86_64-linux-gnu/libgmodule-2.0.so.0.4800.1
7f33a2ba8000-7f33a2ba9000 rw-p 00003000 08:03 393634                     /usr/lib/x86_64-linux-gnu/libgmodule-2.0.so.0.4800.1
7f33a2ba9000-7f33a2bfb000 r-xp 00000000 08:03 393658                     /usr/lib/x86_64-linux-gnu/libgobject-2.0.so.0.4800.1
7f33a2bfb000-7f33a2dfa000 ---p 00052000 08:03 393658                     /usr/lib/x86_64-linux-gnu/libgobject-2.0.so.0.4800.1
7f33a2dfa000-7f33a2dfb000 r--p 00051000 08:03 393658                     /usr/lib/x86_64-linux-gnu/libgobject-2.0.so.0.4800.1
7f33a2dfb000-7f33a2dfc000 rw-p 00052000 08:03 393658                     /usr/lib/x86_64-linux-gnu/libgobject-2.0.so.0.4800.1
7f33a2dfc000-7f33a2e39000 r-xp 00000000 08:03 399237                     /usr/lib/x86_64-linux-gnu/libfontconfig.so.1.9.0
7f33a2e39000-7f33a3038000 ---p 0003d000 08:03 399237                     /usr/lib/x86_64-linux-gnu/libfontconfig.so.1.9.0
7f33a3038000-7f33a303a000 r--p 0003c000 08:03 399237                     /usr/lib/x86_64-linux-gnu/libfontconfig.so.1.9.0
7f33a303a000-7f33a303f000 rw-p 0003e000 08:03 399237                     /usr/lib/x86_64-linux-gnu/libfontconfig.so.1.9.0
7f33a303f000-7f33a30e3000 r-xp 00000000 08:03 403180                     /usr/lib/x86_64-linux-gnu/libfreetype.so.6.12.1
7f33a30e3000-7f33a32e2000 ---p 000a4000 08:03 403180                     /usr/lib/x86_64-linux-gnu/libfreetype.so.6.12.1
7f33a32e2000-7f33a32e8000 r--p 000a3000 08:03 403180                     /usr/lib/x86_64-linux-gnu/libfreetype.so.6.12.1
7f33a32e8000-7f33a32e9000 rw-p 000a9000 08:03 403180                     /usr/lib/x86_64-linux-gnu/libfreetype.so.6.12.1
7f33a32e9000-7f33a3332000 r-xp 00000000 08:03 403681                     /usr/lib/x86_64-linux-gnu/libpango-1.0.so.0.3800.1
7f33a3332000-7f33a3532000 ---p 00049000 08:03 403681                     /usr/lib/x86_64-linux-gnu/libpango-1.0.so.0.3800.1
7f33a3532000-7f33a3534000 r--p 00049000 08:03 403681                     /usr/lib/x86_64-linux-gnu/libpango-1.0.so.0.3800.1
7f33a3534000-7f33a3535000 rw-p 0004b000 08:03 403681                     /usr/lib/x86_64-linux-gnu/libpango-1.0.so.0.3800.1
7f33a3535000-7f33a3643000 r-xp 00000000 08:03 402910                     /usr/lib/x86_64-linux-gnu/libcairo.so.2.11400.6
7f33a3643000-7f33a3843000 ---p 0010e000 08:03 402910                     /usr/lib/x86_64-linux-gnu/libcairo.so.2.11400.6
7f33a3843000-7f33a3846000 r--p 0010e000 08:03 402910                     /usr/lib/x86_64-linux-gnu/libcairo.so.2.11400.6
7f33a3846000-7f33a3847000 rw-p 00111000 08:03 402910                     /usr/lib/x86_64-linux-gnu/libcairo.so.2.11400.6
7f33a3847000-7f33a3849000 rw-p 00000000 00:00 0 
7f33a3849000-7f33a3855000 r-xp 00000000 08:03 403683                     /usr/lib/x86_64-linux-gnu/libpangocairo-1.0.so.0.3800.1
7f33a3855000-7f33a3a54000 ---p 0000c000 08:03 403683                     /usr/lib/x86_64-linux-gnu/libpangocairo-1.0.so.0.3800.1
7f33a3a54000-7f33a3a55000 r--p 0000b000 08:03 403683                     /usr/lib/x86_64-linux-gnu/libpangocairo-1.0.so.0.3800.1
7f33a3a55000-7f33a3a56000 rw-p 0000c000 08:03 403683                     /usr/lib/x86_64-linux-gnu/libpangocairo-1.0.so.0.3800.1
7f33a3a56000-7f33a3a77000 r-xp 00000000 08:03 393495                     /usr/lib/x86_64-linux-gnu/libgdk_pixbuf-2.0.so.0.3200.2
7f33a3a77000-7f33a3c76000 ---p 00021000 08:03 393495                     /usr/lib/x86_64-linux-gnu/libgdk_pixbuf-2.0.so.0.3200.2
7f33a3c76000-7f33a3c77000 r--p 00020000 08:03 393495                     /usr/lib/x86_64-linux-gnu/libgdk_pixbuf-2.0.so.0.3200.2
7f33a3c77000-7f33a3c78000 rw-p 00021000 08:03 393495                     /usr/lib/x86_64-linux-gnu/libgdk_pixbuf-2.0.so.0.3200.2
7f33a3c78000-7f33a3df8000 r-xp 00000000 08:03 393655                     /usr/lib/x86_64-linux-gnu/libgio-2.0.so.0.4800.1
7f33a3df8000-7f33a3ff8000 ---p 00180000 08:03 393655                     /usr/lib/x86_64-linux-gnu/libgio-2.0.so.0.4800.1
7f33a3ff8000-7f33a3ffc000 r--p 00180000 08:03 393655                     /usr/lib/x86_64-linux-gnu/libgio-2.0.so.0.4800.1
7f33a3ffc000-7f33a3ffe000 rw-p 00184000 08:03 393655                     /usr/lib/x86_64-linux-gnu/libgio-2.0.so.0.4800.1
7f33a3ffe000-7f33a4000000 rw-p 00000000 00:00 0 
7f33a4000000-7f33a4021000 rw-p 00000000 00:00 0 
7f33a4021000-7f33a8000000 ---p 00000000 00:00 0 
7f33a8000000-7f33a82b3000 rw-p 00000000 00:00 0 
7f33a82b3000-7f33ac000000 ---p 00000000 00:00 0 
7f33ac000000-7f33ac021000 rw-p 00000000 00:00 0 
7f33ac021000-7f33b0000000 ---p 00000000 00:00 0 
7f33b0000000-7f33b0021000 rw-p 00000000 00:00 0 
7f33b0021000-7f33b4000000 ---p 00000000 00:00 0 
7f33b4000000-7f33b424f000 rw-p 00000000 00:00 0 
7f33b424f000-7f33b8000000 ---p 00000000 00:00 0 
7f33b8000000-7f33b828a000 rw-p 00000000 00:00 0 
7f33b828a000-7f33bc000000 ---p 00000000 00:00 0 
7f33bc000000-7f33bc021000 rw-p 00000000 00:00 0 
7f33bc021000-7f33c0000000 ---p 00000000 00:00 0 
7f33c0000000-7f33c028b000 rw-p 00000000 00:00 0 
7f33c028b000-7f33c4000000 ---p 00000000 00:00 0 
7f33c4000000-7f33c4021000 rw-p 00000000 00:00 0 
7f33c4021000-7f33c8000000 ---p 00000000 00:00 0 
7f33c8000000-7f33c8021000 rw-p 00000000 00:00 0 
7f33c8021000-7f33cc000000 ---p 00000000 00:00 0 
7f33cc000000-7f33cc021000 rw-p 00000000 00:00 0 
7f33cc021000-7f33d0000000 ---p 00000000 00:00 0 
7f33d0000000-7f33d0005000 r--p 00000000 08:06 1324368                    /home/mostafa/.config/dconf/user
7f33d0005000-7f33d0025000 rw-s 35316000 00:06 552                        /dev/nvidiactl
7f33d0025000-7f33d0065000 rw-s 0c5dc000 00:06 552                        /dev/nvidiactl
7f33d0065000-7f33d0169000 rw-s 900e3000 00:06 552                        /dev/nvidiactl
7f33d0169000-7f33d017d000 r-xp 00000000 08:03 403685                     /usr/lib/x86_64-linux-gnu/libpangoft2-1.0.so.0.3800.1
7f33d017d000-7f33d037d000 ---p 00014000 08:03 403685                     /usr/lib/x86_64-linux-gnu/libpangoft2-1.0.so.0.3800.1
7f33d037d000-7f33d037e000 r--p 00014000 08:03 403685                     /usr/lib/x86_64-linux-gnu/libpangoft2-1.0.so.0.3800.1
7f33d037e000-7f33d037f000 rw-p 00015000 08:03 403685                     /usr/lib/x86_64-linux-gnu/libpangoft2-1.0.so.0.3800.1
7f33d037f000-7f33d03a1000 r-xp 00000000 08:03 402854                     /usr/lib/x86_64-linux-gnu/libatk-1.0.so.0.21809.1
7f33d03a1000-7f33d05a0000 ---p 00022000 08:03 402854                     /usr/lib/x86_64-linux-gnu/libatk-1.0.so.0.21809.1
7f33d05a0000-7f33d05a3000 r--p 00021000 08:03 402854                     /usr/lib/x86_64-linux-gnu/libatk-1.0.so.0.21809.1
7f33d05a3000-7f33d05a4000 rw-p 00024000 08:03 402854                     /usr/lib/x86_64-linux-gnu/libatk-1.0.so.0.21809.1
7f33d05a4000-7f33d0654000 r-xp 00000000 08:03 403219                     /usr/lib/x86_64-linux-gnu/libgdk-x11-2.0.so.0.2400.30
7f33d0654000-7f33d0853000 ---p 000b0000 08:03 403219                     /usr/lib/x86_64-linux-gnu/libgdk-x11-2.0.so.0.2400.30
7f33d0853000-7f33d0857000 r--p 000af000 08:03 403219                     /usr/lib/x86_64-linux-gnu/libgdk-x11-2.0.so.0.2400.30
7f33d0857000-7f33d0859000 rw-p 000b3000 08:03 403219                     /usr/lib/x86_64-linux-gnu/libgdk-x11-2.0.so.0.2400.30
7f33d0859000-7f33d0c97000 r-xp 00000000 08:03 403364                     /usr/lib/x86_64-linux-gnu/libgtk-x11-2.0.so.0.2400.30
7f33d0c97000-7f33d0e96000 ---p 0043e000 08:03 403364                     /usr/lib/x86_64-linux-gnu/libgtk-x11-2.0.so.0.2400.30
7f33d0e96000-7f33d0e9d000 r--p 0043d000 08:03 403364                     /usr/lib/x86_64-linux-gnu/libgtk-x11-2.0.so.0.2400.30
7f33d0e9d000-7f33d0ea1000 rw-p 00444000 08:03 403364                     /usr/lib/x86_64-linux-gnu/libgtk-x11-2.0.so.0.2400.30
7f33d0ea1000-7f33d0ea4000 rw-p 00000000 00:00 0 
7f33d0ea4000-7f33d0eb0000 r-xp 00000000 08:03 2493705                    /usr/lib/jvm/java-8-oracle/jre/lib/amd64/libprism_es2.so
7f33d0eb0000-7f33d10af000 ---p 0000c000 08:03 2493705                    /usr/lib/jvm/java-8-oracle/jre/lib/amd64/libprism_es2.so
7f33d10af000-7f33d10b0000 rw-p 0000b000 08:03 2493705                    /usr/lib/jvm/java-8-oracle/jre/lib/amd64/libprism_es2.so
7f33d10b0000-7f33d10b3000 ---p 00000000 00:00 0 
7f33d10b3000-7f33d11b1000 rw-p 00000000 00:00 0 
7f33d11b1000-7f33d11b4000 ---p 00000000 00:00 0 
7f33d11b4000-7f33d12b2000 rw-p 00000000 00:00 0 
7f33d12b2000-7f33d1348000 r--s 01103000 08:03 2493769                    /usr/lib/jvm/java-8-oracle/jre/lib/ext/jfxrt.jar
7f33d1348000-7f33d1649000 rw-p 00000000 00:00 0 
7f33d1649000-7f33d165f000 r-xp 00000000 08:03 2493693                    /usr/lib/jvm/java-8-oracle/jre/lib/amd64/libnet.so
7f33d165f000-7f33d185f000 ---p 00016000 08:03 2493693                    /usr/lib/jvm/java-8-oracle/jre/lib/amd64/libnet.so
7f33d185f000-7f33d1860000 rw-p 00016000 08:03 2493693                    /usr/lib/jvm/java-8-oracle/jre/lib/amd64/libnet.so
7f33d1860000-7f33d1863000 ---p 00000000 00:00 0 
7f33d1863000-7f33d1961000 rw-p 00000000 00:00 0 
7f33d1961000-7f33d1962000 r-xp 00000000 08:03 2502255                    /opt/intellij-idea-community/bin/libbreakgen64.so
7f33d1962000-7f33d1b61000 ---p 00001000 08:03 2502255                    /opt/intellij-idea-community/bin/libbreakgen64.so
7f33d1b61000-7f33d1b62000 r--p 00000000 08:03 2502255                    /opt/intellij-idea-community/bin/libbreakgen64.so
7f33d1b62000-7f33d1b63000 rw-p 00001000 08:03 2502255                    /opt/intellij-idea-community/bin/libbreakgen64.so
7f33d1b63000-7f33d1b64000 ---p 00000000 00:00 0 
7f33d1b64000-7f33d1c64000 rw-p 00000000 00:00 0 
7f33d1c64000-7f33d1c67000 ---p 00000000 00:00 0 
7f33d1c67000-7f33d1d65000 rw-p 00000000 00:00 0 
7f33d1d65000-7f33d1d68000 ---p 00000000 00:00 0 
7f33d1d68000-7f33d1e66000 rw-p 00000000 00:00 0 
7f33d1e66000-7f33d1e69000 ---p 00000000 00:00 0 
7f33d1e69000-7f33d1f67000 rw-p 00000000 00:00 0 
7f33d1f67000-7f33d2240000 r--p 00000000 08:03 393281                     /usr/lib/locale/locale-archive
7f33d2240000-7f33d4000000 rw-p 00000000 00:00 0 
7f33d4000000-7f33d4021000 rw-p 00000000 00:00 0 
7f33d4021000-7f33d8000000 ---p 00000000 00:00 0 
7f33d8000000-7f33d8021000 rw-p 00000000 00:00 0 
7f33d8021000-7f33dc000000 ---p 00000000 00:00 0 
7f33dc000000-7f33dc021000 rw-p 00000000 00:00 0 
7f33dc021000-7f33e0000000 ---p 00000000 00:00 0 
7f33e0000000-7f33e0021000 rw-p 00000000 00:00 0 
7f33e0021000-7f33e4000000 ---p 00000000 00:00 0 
7f33e4000000-7f33e4001000 r--s 00000000 08:03 664002                     /var/cache/fontconfig/0c9eb80ebd1c36541ebe2852d3bb0c49-le64.cache-6
7f33e4001000-7f33e4002000 r--s 00000000 00:29 33                         /run/user/1000/dconf/user
7f33e4002000-7f33e4015000 rw-s 331d1000 00:06 552                        /dev/nvidiactl
7f33e4015000-7f33e4016000 rw-s 331d0000 00:06 552                        /dev/nvidiactl
7f33e4016000-7f33e401a000 rw-s 084f9000 00:06 552                        /dev/nvidiactl
7f33e401a000-7f33e401b000 rw-s aff71000 00:06 553                        /dev/nvidia0
7f33e401b000-7f33e401c000 rw-s aff70000 00:06 553                        /dev/nvidia0
7f33e401c000-7f33e401d000 rw-s aff6f000 00:06 553                        /dev/nvidia0
7f33e403d000-7f33e403e000 rw-s 8f54f000 00:06 552                        /dev/nvidiactl
7f33e403e000-7f33e4040000 r--s 00019000 08:03 2502175                    /opt/intellij-idea-community/lib/idea_rt.jar
7f33e4040000-7f33e4053000 r--s 00345000 08:03 2493917                    /usr/lib/jvm/java-8-oracle/jre/lib/resources.jar
7f33e4053000-7f33e4065000 r--s 000d6000 08:03 2493916                    /usr/lib/jvm/java-8-oracle/jre/lib/plugin.jar
7f33e4065000-7f33e4069000 r--s 00097000 08:03 2493637                    /usr/lib/jvm/java-8-oracle/jre/lib/jsse.jar
7f33e4069000-7f33e4073000 r--s 0006c000 08:03 2493800                    /usr/lib/jvm/java-8-oracle/jre/lib/javaws.jar
7f33e4073000-7f33e408e000 r--s 00208000 08:03 2493801                    /usr/lib/jvm/java-8-oracle/jre/lib/deploy.jar
7f33e408e000-7f33e4091000 ---p 00000000 00:00 0 
7f33e4091000-7f33e418f000 rw-p 00000000 00:00 0 
7f33e418f000-7f33e4192000 ---p 00000000 00:00 0 
7f33e4192000-7f33e4290000 rw-p 00000000 00:00 0 
7f33e4290000-7f33e4293000 ---p 00000000 00:00 0 
7f33e4293000-7f33e4391000 rw-p 00000000 00:00 0 
7f33e4391000-7f33e4394000 ---p 00000000 00:00 0 
7f33e4394000-7f33e4492000 rw-p 00000000 00:00 0 
7f33e4492000-7f33e4493000 ---p 00000000 00:00 0 
7f33e4493000-7f33e5000000 rw-p 00000000 00:00 0 
7f33e5000000-7f33e5440000 rwxp 00000000 00:00 0 
7f33e5440000-7f33f4000000 ---p 00000000 00:00 0 
7f33f4000000-7f33f41ad000 rw-p 00000000 00:00 0 
7f33f41ad000-7f33f8000000 ---p 00000000 00:00 0 
7f33f8000000-7f33f8001000 rw-s d0060000 00:06 553                        /dev/nvidia0
7f33f8001000-7f33f8003000 r--s 00007000 08:03 2493758                    /usr/lib/jvm/java-8-oracle/jre/lib/jfxswt.jar
7f33f8003000-7f33f8008000 r--s 00084000 08:03 2493792                    /usr/lib/jvm/java-8-oracle/jre/lib/jfr.jar
7f33f8008000-7f33f854f000 rw-p 00000000 00:00 0 
7f33f854f000-7f33f8727000 r--s 03d2a000 08:03 2493685                    /usr/lib/jvm/java-8-oracle/jre/lib/rt.jar
7f33f8727000-7f33f9179000 rw-p 00000000 00:00 0 
7f33f9179000-7f33f917a000 ---p 00000000 00:00 0 
7f33f917a000-7f33f927a000 rw-p 00000000 00:00 0 
7f33f927a000-7f33f927b000 ---p 00000000 00:00 0 
7f33f927b000-7f33f937b000 rw-p 00000000 00:00 0 
7f33f937b000-7f33f937c000 ---p 00000000 00:00 0 
7f33f937c000-7f33f947c000 rw-p 00000000 00:00 0 
7f33f947c000-7f33f947d000 ---p 00000000 00:00 0 
7f33f947d000-7f33f9591000 rw-p 00000000 00:00 0 
7f33f9591000-7f33f96bb000 ---p 00000000 00:00 0 
7f33f96bb000-7f33f96cf000 rw-p 00000000 00:00 0 
7f33f96cf000-7f33f97f8000 ---p 00000000 00:00 0 
7f33f97f8000-7f33f980a000 rw-p 00000000 00:00 0 
7f33f980a000-7f33f9897000 ---p 00000000 00:00 0 
7f33f9897000-7f33f98a9000 rw-p 00000000 00:00 0 
7f33f98a9000-7f33f9c58000 ---p 00000000 00:00 0 
7f33f9c58000-7f33f9c72000 r-xp 00000000 08:03 2493716                    /usr/lib/jvm/java-8-oracle/jre/lib/amd64/libzip.so
7f33f9c72000-7f33f9e72000 ---p 0001a000 08:03 2493716                    /usr/lib/jvm/java-8-oracle/jre/lib/amd64/libzip.so
7f33f9e72000-7f33f9e73000 rw-p 0001a000 08:03 2493716                    /usr/lib/jvm/java-8-oracle/jre/lib/amd64/libzip.so
7f33f9e73000-7f33f9e7e000 r-xp 00000000 08:03 1848107                    /lib/x86_64-linux-gnu/libnss_files-2.23.so
7f33f9e7e000-7f33fa07d000 ---p 0000b000 08:03 1848107                    /lib/x86_64-linux-gnu/libnss_files-2.23.so
7f33fa07d000-7f33fa07e000 r--p 0000a000 08:03 1848107                    /lib/x86_64-linux-gnu/libnss_files-2.23.so
7f33fa07e000-7f33fa07f000 rw-p 0000b000 08:03 1848107                    /lib/x86_64-linux-gnu/libnss_files-2.23.so
7f33fa07f000-7f33fa085000 rw-p 00000000 00:00 0 
7f33fa085000-7f33fa090000 r-xp 00000000 08:03 1848104                    /lib/x86_64-linux-gnu/libnss_nis-2.23.so
7f33fa090000-7f33fa28f000 ---p 0000b000 08:03 1848104                    /lib/x86_64-linux-gnu/libnss_nis-2.23.so
7f33fa28f000-7f33fa290000 r--p 0000a000 08:03 1848104                    /lib/x86_64-linux-gnu/libnss_nis-2.23.so
7f33fa290000-7f33fa291000 rw-p 0000b000 08:03 1848104                    /lib/x86_64-linux-gnu/libnss_nis-2.23.so
7f33fa291000-7f33fa2a7000 r-xp 00000000 08:03 1848102                    /lib/x86_64-linux-gnu/libnsl-2.23.so
7f33fa2a7000-7f33fa4a6000 ---p 00016000 08:03 1848102                    /lib/x86_64-linux-gnu/libnsl-2.23.so
7f33fa4a6000-7f33fa4a7000 r--p 00015000 08:03 1848102                    /lib/x86_64-linux-gnu/libnsl-2.23.so
7f33fa4a7000-7f33fa4a8000 rw-p 00016000 08:03 1848102                    /lib/x86_64-linux-gnu/libnsl-2.23.so
7f33fa4a8000-7f33fa4aa000 rw-p 00000000 00:00 0 
7f33fa4aa000-7f33fa4b2000 r-xp 00000000 08:03 1848100                    /lib/x86_64-linux-gnu/libnss_compat-2.23.so
7f33fa4b2000-7f33fa6b1000 ---p 00008000 08:03 1848100                    /lib/x86_64-linux-gnu/libnss_compat-2.23.so
7f33fa6b1000-7f33fa6b2000 r--p 00007000 08:03 1848100                    /lib/x86_64-linux-gnu/libnss_compat-2.23.so
7f33fa6b2000-7f33fa6b3000 rw-p 00008000 08:03 1848100                    /lib/x86_64-linux-gnu/libnss_compat-2.23.so
7f33fa6b3000-7f33fa6de000 r-xp 00000000 08:03 2493743                    /usr/lib/jvm/java-8-oracle/jre/lib/amd64/libjava.so
7f33fa6de000-7f33fa8dd000 ---p 0002b000 08:03 2493743                    /usr/lib/jvm/java-8-oracle/jre/lib/amd64/libjava.so
7f33fa8dd000-7f33fa8df000 rw-p 0002a000 08:03 2493743                    /usr/lib/jvm/java-8-oracle/jre/lib/amd64/libjava.so
7f33fa8df000-7f33fa8ec000 r-xp 00000000 08:03 2493694                    /usr/lib/jvm/java-8-oracle/jre/lib/amd64/libverify.so
7f33fa8ec000-7f33faaeb000 ---p 0000d000 08:03 2493694                    /usr/lib/jvm/java-8-oracle/jre/lib/amd64/libverify.so
7f33faaeb000-7f33faaed000 rw-p 0000c000 08:03 2493694                    /usr/lib/jvm/java-8-oracle/jre/lib/amd64/libverify.so
7f33faaed000-7f33faaf4000 r-xp 00000000 08:03 1848116                    /lib/x86_64-linux-gnu/librt-2.23.so
7f33faaf4000-7f33facf3000 ---p 00007000 08:03 1848116                    /lib/x86_64-linux-gnu/librt-2.23.so
7f33facf3000-7f33facf4000 r--p 00006000 08:03 1848116                    /lib/x86_64-linux-gnu/librt-2.23.so
7f33facf4000-7f33facf5000 rw-p 00007000 08:03 1848116                    /lib/x86_64-linux-gnu/librt-2.23.so
7f33facf5000-7f33fadfd000 r-xp 00000000 08:03 1848113                    /lib/x86_64-linux-gnu/libm-2.23.so
7f33fadfd000-7f33faffc000 ---p 00108000 08:03 1848113                    /lib/x86_64-linux-gnu/libm-2.23.so
7f33faffc000-7f33faffd000 r--p 00107000 08:03 1848113                    /lib/x86_64-linux-gnu/libm-2.23.so
7f33faffd000-7f33faffe000 rw-p 00108000 08:03 1848113                    /lib/x86_64-linux-gnu/libm-2.23.so
7f33faffe000-7f33fbccb000 r-xp 00000000 08:03 2493747                    /usr/lib/jvm/java-8-oracle/jre/lib/amd64/server/libjvm.so
7f33fbccb000-7f33fbeca000 ---p 00ccd000 08:03 2493747                    /usr/lib/jvm/java-8-oracle/jre/lib/amd64/server/libjvm.so
7f33fbeca000-7f33fbfa3000 rw-p 00ccc000 08:03 2493747                    /usr/lib/jvm/java-8-oracle/jre/lib/amd64/server/libjvm.so
7f33fbfa3000-7f33fbfee000 rw-p 00000000 00:00 0 
7f33fbfee000-7f33fc1ad000 r-xp 00000000 08:03 1848121                    /lib/x86_64-linux-gnu/libc-2.23.so
7f33fc1ad000-7f33fc3ad000 ---p 001bf000 08:03 1848121                    /lib/x86_64-linux-gnu/libc-2.23.so
7f33fc3ad000-7f33fc3b1000 r--p 001bf000 08:03 1848121                    /lib/x86_64-linux-gnu/libc-2.23.so
7f33fc3b1000-7f33fc3b3000 rw-p 001c3000 08:03 1848121                    /lib/x86_64-linux-gnu/libc-2.23.so
7f33fc3b3000-7f33fc3b7000 rw-p 00000000 00:00 0 
7f33fc3b7000-7f33fc3ba000 r-xp 00000000 08:03 1848122                    /lib/x86_64-linux-gnu/libdl-2.23.so
7f33fc3ba000-7f33fc5b9000 ---p 00003000 08:03 1848122                    /lib/x86_64-linux-gnu/libdl-2.23.so
7f33fc5b9000-7f33fc5ba000 r--p 00002000 08:03 1848122                    /lib/x86_64-linux-gnu/libdl-2.23.so
7f33fc5ba000-7f33fc5bb000 rw-p 00003000 08:03 1848122                    /lib/x86_64-linux-gnu/libdl-2.23.so
7f33fc5bb000-7f33fc5d0000 r-xp 00000000 08:03 2492804                    /usr/lib/jvm/java-8-oracle/lib/amd64/jli/libjli.so
7f33fc5d0000-7f33fc7d0000 ---p 00015000 08:03 2492804                    /usr/lib/jvm/java-8-oracle/lib/amd64/jli/libjli.so
7f33fc7d0000-7f33fc7d1000 rw-p 00015000 08:03 2492804                    /usr/lib/jvm/java-8-oracle/lib/amd64/jli/libjli.so
7f33fc7d1000-7f33fc7e9000 r-xp 00000000 08:03 1848120                    /lib/x86_64-linux-gnu/libpthread-2.23.so
7f33fc7e9000-7f33fc9e8000 ---p 00018000 08:03 1848120                    /lib/x86_64-linux-gnu/libpthread-2.23.so
7f33fc9e8000-7f33fc9e9000 r--p 00017000 08:03 1848120                    /lib/x86_64-linux-gnu/libpthread-2.23.so
7f33fc9e9000-7f33fc9ea000 rw-p 00018000 08:03 1848120                    /lib/x86_64-linux-gnu/libpthread-2.23.so
7f33fc9ea000-7f33fc9ee000 rw-p 00000000 00:00 0 
7f33fc9ee000-7f33fca14000 r-xp 00000000 08:03 1848117                    /lib/x86_64-linux-gnu/ld-2.23.so
7f33fca14000-7f33fca15000 r--s 00000000 08:03 2493764                    /usr/lib/jvm/java-8-oracle/jre/lib/management-agent.jar
7f33fca15000-7f33fca18000 r--s 0001a000 08:03 2493947                    /usr/lib/jvm/java-8-oracle/jre/lib/jce.jar
7f33fca18000-7f33fcaea000 rw-p 00000000 00:00 0 
7f33fcaea000-7f33fcaed000 ---p 00000000 00:00 0 
7f33fcaed000-7f33fcbef000 rw-p 00000000 00:00 0 
7f33fcbef000-7f33fcbf4000 r--s 002f9000 08:03 2493638                    /usr/lib/jvm/java-8-oracle/jre/lib/charsets.jar
7f33fcbf4000-7f33fcc07000 rw-p 00000000 00:00 0 
7f33fcc07000-7f33fcc0f000 rw-s 00000000 08:03 262238                     /tmp/hsperfdata_mostafa/5442
7f33fcc0f000-7f33fcc10000 rw-p 00000000 00:00 0 
7f33fcc10000-7f33fcc11000 r--p 00000000 00:00 0 
7f33fcc11000-7f33fcc13000 rw-p 00000000 00:00 0 
7f33fcc13000-7f33fcc14000 r--p 00025000 08:03 1848117                    /lib/x86_64-linux-gnu/ld-2.23.so
7f33fcc14000-7f33fcc15000 rw-p 00026000 08:03 1848117                    /lib/x86_64-linux-gnu/ld-2.23.so
7f33fcc15000-7f33fcc16000 rw-p 00000000 00:00 0 
7ffdde565000-7ffdde586000 rw-p 00000000 00:00 0                          [stack]
7ffdde59e000-7ffdde5a0000 r--p 00000000 00:00 0                          [vvar]
7ffdde5a0000-7ffdde5a2000 r-xp 00000000 00:00 0                          [vdso]
ffffffffff600000-ffffffffff601000 r-xp 00000000 00:00 0                  [vsyscall]

VM Arguments:
jvm_args: -Didea.launcher.port=7533 -Didea.launcher.bin.path=/opt/intellij-idea-community/bin -Dfile.encoding=UTF-8 
java_command: com.intellij.rt.execution.application.AppMain sample.Main
java_class_path (initial): /usr/lib/jvm/java-8-oracle/jre/lib/charsets.jar:/usr/lib/jvm/java-8-oracle/jre/lib/deploy.jar:/usr/lib/jvm/java-8-oracle/jre/lib/ext/cldrdata.jar:/usr/lib/jvm/java-8-oracle/jre/lib/ext/dnsns.jar:/usr/lib/jvm/java-8-oracle/jre/lib/ext/jaccess.jar:/usr/lib/jvm/java-8-oracle/jre/lib/ext/jfxrt.jar:/usr/lib/jvm/java-8-oracle/jre/lib/ext/localedata.jar:/usr/lib/jvm/java-8-oracle/jre/lib/ext/nashorn.jar:/usr/lib/jvm/java-8-oracle/jre/lib/ext/sunec.jar:/usr/lib/jvm/java-8-oracle/jre/lib/ext/sunjce_provider.jar:/usr/lib/jvm/java-8-oracle/jre/lib/ext/sunpkcs11.jar:/usr/lib/jvm/java-8-oracle/jre/lib/ext/zipfs.jar:/usr/lib/jvm/java-8-oracle/jre/lib/javaws.jar:/usr/lib/jvm/java-8-oracle/jre/lib/jce.jar:/usr/lib/jvm/java-8-oracle/jre/lib/jfr.jar:/usr/lib/jvm/java-8-oracle/jre/lib/jfxswt.jar:/usr/lib/jvm/java-8-oracle/jre/lib/jsse.jar:/usr/lib/jvm/java-8-oracle/jre/lib/management-agent.jar:/usr/lib/jvm/java-8-oracle/jre/lib/plugin.jar:/usr/lib/jvm/java-8-oracle/jre/lib/resources.jar:/usr/lib/jvm/java-8-oracle/jre/lib/rt.jar:/home/mostafa/Desktop/Passing/out/production/Passing:/opt/intellij-idea-community/lib/idea_rt.jar
Launcher Type: SUN_STANDARD

Environment Variables:
JAVA_HOME=/usr/lib/jvm/java-8-oracle
PATH=/usr/local/sbin:/usr/local/bin:/usr/sbin:/usr/bin:/sbin:/bin:/usr/games:/usr/local/games:/snap/bin:/usr/lib/jvm/java-8-oracle/bin:/usr/lib/jvm/java-8-oracle/db/bin:/usr/lib/jvm/java-8-oracle/jre/bin
LD_LIBRARY_PATH=/opt/intellij-idea-community/bin:
SHELL=/bin/bash
DISPLAY=:0

Signal Handlers:
SIGSEGV: [libjvm.so+0xac64b0], sa_mask[0]=11111111011111111101111111111110, sa_flags=SA_RESTART|SA_SIGINFO
SIGBUS: [libjvm.so+0xac64b0], sa_mask[0]=11111111011111111101111111111110, sa_flags=SA_RESTART|SA_SIGINFO
SIGFPE: [libjvm.so+0x91f950], sa_mask[0]=11111111011111111101111111111110, sa_flags=SA_RESTART|SA_SIGINFO
SIGPIPE: SIG_IGN, sa_mask[0]=00000000000010000000000000000000, sa_flags=SA_RESTART
SIGXFSZ: [libjvm.so+0x91f950], sa_mask[0]=11111111011111111101111111111110, sa_flags=SA_RESTART|SA_SIGINFO
SIGILL: [libjvm.so+0x91f950], sa_mask[0]=11111111011111111101111111111110, sa_flags=SA_RESTART|SA_SIGINFO
SIGUSR1: SIG_DFL, sa_mask[0]=00000000000000000000000000000000, sa_flags=none
SIGUSR2: [libjvm.so+0x920f80], sa_mask[0]=00100000000000000000000000000000, sa_flags=SA_RESTART|SA_SIGINFO
SIGHUP: [libjvm.so+0x922380], sa_mask[0]=11111111011111111101111111111110, sa_flags=SA_RESTART|SA_SIGINFO
SIGINT: [libjvm.so+0x922380], sa_mask[0]=11111111011111111101111111111110, sa_flags=SA_RESTART|SA_SIGINFO
SIGTERM: [libjvm.so+0x922380], sa_mask[0]=11111111011111111101111111111110, sa_flags=SA_RESTART|SA_SIGINFO
SIGQUIT: [libjvm.so+0x922380], sa_mask[0]=11111111011111111101111111111110, sa_flags=SA_RESTART|SA_SIGINFO


---------------  S Y S T E M  ---------------

OS:DISTRIB_ID=Ubuntu
DISTRIB_RELEASE=16.04
DISTRIB_CODENAME=xenial
DISTRIB_DESCRIPTION="Ubuntu 16.04.1 LTS"

uname:Linux 4.4.0-47-generic #68-Ubuntu SMP Wed Oct 26 19:39:52 UTC 2016 x86_64
libc:glibc 2.23 NPTL 2.23 
rlimit: STACK 8192k, CORE 0k, NPROC 15037, NOFILE 65536, AS infinity
load average:0.34 0.52 0.54

/proc/meminfo:
MemTotal:        3896084 kB
MemFree:          110680 kB
MemAvailable:     261120 kB
Buffers:           11940 kB
Cached:           788160 kB
SwapCached:        56304 kB
Active:          2502160 kB
Inactive:        1013244 kB
Active(anon):    2276832 kB
Inactive(anon):   900124 kB
Active(file):     225328 kB
Inactive(file):   113120 kB
Unevictable:         504 kB
Mlocked:             504 kB
SwapTotal:       7812092 kB
SwapFree:        7156292 kB
Dirty:               376 kB
Writeback:          4784 kB
AnonPages:       2686516 kB
Mapped:           695552 kB
Shmem:            461460 kB
Slab:              77748 kB
SReclaimable:      37308 kB
SUnreclaim:        40440 kB
KernelStack:       12736 kB
PageTables:        49812 kB
NFS_Unstable:          0 kB
Bounce:                0 kB
WritebackTmp:          0 kB
CommitLimit:     9760132 kB
Committed_AS:    9361348 kB
VmallocTotal:   34359738367 kB
VmallocUsed:           0 kB
VmallocChunk:          0 kB
HardwareCorrupted:     0 kB
AnonHugePages:   1482752 kB
CmaTotal:              0 kB
CmaFree:               0 kB
HugePages_Total:       0
HugePages_Free:        0
HugePages_Rsvd:        0
HugePages_Surp:        0
Hugepagesize:       2048 kB
DirectMap4k:      243968 kB
DirectMap2M:     3799040 kB


CPU:total 4 (2 cores per cpu, 2 threads per core) family 6 model 42 stepping 7, cmov, cx8, fxsr, mmx, sse, sse2, sse3, ssse3, sse4.1, sse4.2, popcnt, avx, aes, clmul, ht, tsc, tscinvbit

/proc/cpuinfo:
processor	: 0
vendor_id	: GenuineIntel
cpu family	: 6
model		: 42
model name	: Intel(R) Core(TM) i5-2450M CPU @ 2.50GHz
stepping	: 7
microcode	: 0x1b
cpu MHz		: 2899.902
cache size	: 3072 KB
physical id	: 0
siblings	: 4
core id		: 0
cpu cores	: 2
apicid		: 0
initial apicid	: 0
fpu		: yes
fpu_exception	: yes
cpuid level	: 13
wp		: yes
flags		: fpu vme de pse tsc msr pae mce cx8 apic sep mtrr pge mca cmov pat pse36 clflush dts acpi mmx fxsr sse sse2 ss ht tm pbe syscall nx rdtscp lm constant_tsc arch_perfmon pebs bts rep_good nopl xtopology nonstop_tsc aperfmperf eagerfpu pni pclmulqdq dtes64 monitor ds_cpl vmx est tm2 ssse3 cx16 xtpr pdcm pcid sse4_1 sse4_2 x2apic popcnt tsc_deadline_timer aes xsave avx lahf_lm epb tpr_shadow vnmi flexpriority ept vpid xsaveopt dtherm ida arat pln pts
bugs		:
bogomips	: 4988.62
clflush size	: 64
cache_alignment	: 64
address sizes	: 36 bits physical, 48 bits virtual
power management:

processor	: 1
vendor_id	: GenuineIntel
cpu family	: 6
model		: 42
model name	: Intel(R) Core(TM) i5-2450M CPU @ 2.50GHz
stepping	: 7
microcode	: 0x1b
cpu MHz		: 2900.000
cache size	: 3072 KB
physical id	: 0
siblings	: 4
core id		: 0
cpu cores	: 2
apicid		: 1
initial apicid	: 1
fpu		: yes
fpu_exception	: yes
cpuid level	: 13
wp		: yes
flags		: fpu vme de pse tsc msr pae mce cx8 apic sep mtrr pge mca cmov pat pse36 clflush dts acpi mmx fxsr sse sse2 ss ht tm pbe syscall nx rdtscp lm constant_tsc arch_perfmon pebs bts rep_good nopl xtopology nonstop_tsc aperfmperf eagerfpu pni pclmulqdq dtes64 monitor ds_cpl vmx est tm2 ssse3 cx16 xtpr pdcm pcid sse4_1 sse4_2 x2apic popcnt tsc_deadline_timer aes xsave avx lahf_lm epb tpr_shadow vnmi flexpriority ept vpid xsaveopt dtherm ida arat pln pts
bugs		:
bogomips	: 4988.62
clflush size	: 64
cache_alignment	: 64
address sizes	: 36 bits physical, 48 bits virtual
power management:

processor	: 2
vendor_id	: GenuineIntel
cpu family	: 6
model		: 42
model name	: Intel(R) Core(TM) i5-2450M CPU @ 2.50GHz
stepping	: 7
microcode	: 0x1b
cpu MHz		: 2900.000
cache size	: 3072 KB
physical id	: 0
siblings	: 4
core id		: 1
cpu cores	: 2
apicid		: 2
initial apicid	: 2
fpu		: yes
fpu_exception	: yes
cpuid level	: 13
wp		: yes
flags		: fpu vme de pse tsc msr pae mce cx8 apic sep mtrr pge mca cmov pat pse36 clflush dts acpi mmx fxsr sse sse2 ss ht tm pbe syscall nx rdtscp lm constant_tsc arch_perfmon pebs bts rep_good nopl xtopology nonstop_tsc aperfmperf eagerfpu pni pclmulqdq dtes64 monitor ds_cpl vmx est tm2 ssse3 cx16 xtpr pdcm pcid sse4_1 sse4_2 x2apic popcnt tsc_deadline_timer aes xsave avx lahf_lm epb tpr_shadow vnmi flexpriority ept vpid xsaveopt dtherm ida arat pln pts
bugs		:
bogomips	: 4988.62
clflush size	: 64
cache_alignment	: 64
address sizes	: 36 bits physical, 48 bits virtual
power management:

processor	: 3
vendor_id	: GenuineIntel
cpu family	: 6
model		: 42
model name	: Intel(R) Core(TM) i5-2450M CPU @ 2.50GHz
stepping	: 7
microcode	: 0x1b
cpu MHz		: 2899.902
cache size	: 3072 KB
physical id	: 0
siblings	: 4
core id		: 1
cpu cores	: 2
apicid		: 3
initial apicid	: 3
fpu		: yes
fpu_exception	: yes
cpuid level	: 13
wp		: yes
flags		: fpu vme de pse tsc msr pae mce cx8 apic sep mtrr pge mca cmov pat pse36 clflush dts acpi mmx fxsr sse sse2 ss ht tm pbe syscall nx rdtscp lm constant_tsc arch_perfmon pebs bts rep_good nopl xtopology nonstop_tsc aperfmperf eagerfpu pni pclmulqdq dtes64 monitor ds_cpl vmx est tm2 ssse3 cx16 xtpr pdcm pcid sse4_1 sse4_2 x2apic popcnt tsc_deadline_timer aes xsave avx lahf_lm epb tpr_shadow vnmi flexpriority ept vpid xsaveopt dtherm ida arat pln pts
bugs		:
bogomips	: 4988.62
clflush size	: 64
cache_alignment	: 64
address sizes	: 36 bits physical, 48 bits virtual
power management:



Memory: 4k page, physical 3896084k(110680k free), swap 7812092k(7155300k free)

vm_info: Java HotSpot(TM) 64-Bit Server VM (25.111-b14) for linux-amd64 JRE (1.8.0_111-b14), built on Sep 22 2016 16:14:03 by "java_re" with gcc 4.3.0 20080428 (Red Hat 4.3.0-8)

time: Fri Dec  2 23:30:26 2016
elapsed time: 5 seconds (0d 0h 0m 5s)

