#
# A fatal error has been detected by the Java Runtime Environment:
#
#  SIGSEGV (0xb) at pc=0x00007f8b4405cd28, pid=3380, tid=0x00007f8ad81b9700
#
# JRE version: Java(TM) SE Runtime Environment (8.0_111-b14) (build 1.8.0_111-b14)
# Java VM: Java HotSpot(TM) 64-Bit Server VM (25.111-b14 mixed mode linux-amd64 compressed oops)
# Problematic frame:
# V  [libjvm.so+0x6d1d28]  jni_invoke_nonstatic(JNIEnv_*, JavaValue*, _jobject*, JNICallType, _jmethodID*, JNI_ArgumentPusher*, Thread*)+0x38
#
# Failed to write core dump. Core dumps have been disabled. To enable core dumping, try "ulimit -c unlimited" before starting Java again
#
# If you would like to submit a bug report, please visit:
#   http://bugreport.java.com/bugreport/crash.jsp
#

---------------  T H R E A D  ---------------

Current thread (0x00007f8b3c2c0000):  JavaThread "JavaFX Application Thread" [_thread_in_vm, id=3415, stack(0x00007f8ad80b9000,0x00007f8ad81ba000)]

siginfo: si_signo: 11 (SIGSEGV), si_code: 1 (SEGV_MAPERR), si_addr: 0x00007f8a00000000

Registers:
RAX=0x00007f8ad81b81c0, RBX=0x00007f8ad81b80d0, RCX=0x0000000000000001, RDX=0x00007f8a00000000
RSP=0x00007f8ad81b7f20, RBP=0x00007f8ad81b80a0, RSI=0x00007f8ad81b8130, RDI=0x00007f8b3c2c01f8
R8 =0x00007f8b3c1fb7d8, R9 =0x00007f8ad81b80d0, R10=0x00007f8abc000bc0, R11=0x00007f8b2d3e22e0
R12=0x00007f8b3c2c0000, R13=0x00007f8b3c1fb7d8, R14=0x0000000000000001, R15=0x00007f8b3c2c01f8
RIP=0x00007f8b4405cd28, EFLAGS=0x0000000000010206, CSGSFS=0x0000000000000033, ERR=0x0000000000000004
  TRAPNO=0x000000000000000e

Top of Stack: (sp=0x00007f8ad81b7f20)
0x00007f8ad81b7f20:   00007f8ad81b8620 00007f8ad81b8240
0x00007f8ad81b7f30:   00007f8ad81b7f80 00007f8ad81b8000
0x00007f8ad81b7f40:   00007f8ad81b80d0 00007f8ad81b8130
0x00007f8ad81b7f50:   00007f8b3c2c01f8 00007f8b4407c830
0x00007f8ad81b7f60:   00007f8af4011750 00007f8af4011760
0x00007f8ad81b7f70:   00007f8af4011b38 00000000000003d8
0x00007f8ad81b7f80:   0000000000000000 00000000ec721478
0x00007f8ad81b7f90:   00007f8b0000006f 00007f8b0000000a
0x00007f8ad81b7fa0:   00000000ed13e5d0 0000000000000000
0x00007f8ad81b7fb0:   0000000000000000 0000000000000000
0x00007f8ad81b7fc0:   00007f8b40f007c8 0000000100000100
0x00007f8ad81b7fd0:   0000000000000000 00007f8ad81b7f88
0x00007f8ad81b7fe0:   00007f8ad81b7fc9 0000000800000005
0x00007f8ad81b7ff0:   0000000000000000 00007f8b3c2bf3e0
0x00007f8ad81b8000:   00007f8b448e9af0 00007f8b453fa6d0
0x00007f8ad81b8010:   000000003c2bf890 00007f8b3c2c0000
0x00007f8ad81b8020:   0000000000000000 00007f8b4405d0fb
0x00007f8ad81b8030:   00007f8b40f0ac00 00007f8b3c2c0000
0x00007f8ad81b8040:   00007f8b40f0ac00 00007f8b3c2c0000
0x00007f8ad81b8050:   00007f8ad81b81e0 00007f8b40f0ac00
0x00007f8ad81b8060:   00007f8b40f0ac00 00007f8b40f0ac00
0x00007f8ad81b8070:   00007f8af4011750 00007f8ad81b80d0
0x00007f8ad81b8080:   00007f8b3c2c0000 00007f8ad81b8110
0x00007f8ad81b8090:   00007f8b3c1fb7d8 00007f8b3c2c01f8
0x00007f8ad81b80a0:   00007f8ad81b8190 00007f8b440614cf
0x00007f8ad81b80b0:   00007f8b3c2c0000 00007f8b28fb6054
0x00007f8ad81b80c0:   00007f8ad81b81a8 00007f8a00000000
0x00007f8ad81b80d0:   00007f8b448ea750 00007f8b453fa6d0
0x00007f8ad81b80e0:   00000000d81b8150 3949b6cb00000063
0x00007f8ad81b80f0:   0000000000000000 0000003000000018
0x00007f8ad81b8100:   00007f8ad81b8280 00007f8ad81b81c0
0x00007f8ad81b8110:   00007f8b3c2c0000 0000000000000000 

Instructions: (pc=0x00007f8b4405cd28)
0x00007f8b4405cd08:   00 00 48 85 d2 48 89 bd b0 fe ff ff 48 89 b5 a8
0x00007f8b4405cd18:   fe ff ff 4c 89 8d a0 fe ff ff 0f 84 78 09 00 00
0x00007f8b4405cd28:   4c 8b 22 4d 85 e4 0f 84 6c 09 00 00 48 8b 45 10
0x00007f8b4405cd38:   48 8b 98 38 01 00 00 48 83 7b 18 f7 0f 87 16 07 

Register to memory mapping:

RAX=0x00007f8ad81b81c0 is pointing into the stack for thread: 0x00007f8b3c2c0000
RBX=0x00007f8ad81b80d0 is pointing into the stack for thread: 0x00007f8b3c2c0000
RCX=0x0000000000000001 is an unknown value
RDX=0x00007f8a00000000 is an unknown value
RSP=0x00007f8ad81b7f20 is pointing into the stack for thread: 0x00007f8b3c2c0000
RBP=0x00007f8ad81b80a0 is pointing into the stack for thread: 0x00007f8b3c2c0000
RSI=0x00007f8ad81b8130 is pointing into the stack for thread: 0x00007f8b3c2c0000
RDI=0x00007f8b3c2c01f8 is an unknown value
R8 =0x00007f8b3c1fb7d8 is an unknown value
R9 =0x00007f8ad81b80d0 is pointing into the stack for thread: 0x00007f8b3c2c0000
R10=0x00007f8abc000bc0 is an unknown value
R11=0x00007f8b2d3e22e0 is at entry_point+32 in (nmethod*)0x00007f8b2d3e2150
R12=0x00007f8b3c2c0000 is a thread
R13=0x00007f8b3c1fb7d8 is an unknown value
R14=0x0000000000000001 is an unknown value
R15=0x00007f8b3c2c01f8 is an unknown value


Stack: [0x00007f8ad80b9000,0x00007f8ad81ba000],  sp=0x00007f8ad81b7f20,  free space=1019k
Native frames: (J=compiled Java code, j=interpreted, Vv=VM code, C=native code)
V  [libjvm.so+0x6d1d28]  jni_invoke_nonstatic(JNIEnv_*, JavaValue*, _jobject*, JNICallType, _jmethodID*, JNI_ArgumentPusher*, Thread*)+0x38
V  [libjvm.so+0x6d64cf]  jni_CallVoidMethodV+0x10f
C  [libglass.so+0x18641]  JNIEnv_::CallVoidMethod(_jobject*, _jmethodID*, ...)+0x81
C  [libglass.so+0x14f0f]  WindowContextBase::process_key(_GdkEventKey*)+0x20f
C  [libglass.so+0x19f60]  WindowContextBase::im_filter_keypress(_GdkEventKey*)+0x1c0
C  [libglass.so+0x1a91c]  process_events(_GdkEvent*, void*)+0x22c
C  [libgdk-x11-2.0.so.0+0x5ac4c]

Java frames: (J=compiled Java code, j=interpreted, Vv=VM code)
j  com.sun.glass.ui.gtk.GtkApplication._runLoop(Ljava/lang/Runnable;Z)V+0
j  com.sun.glass.ui.gtk.GtkApplication.lambda$null$49(Ljava/lang/Runnable;Z)V+7
j  com.sun.glass.ui.gtk.GtkApplication$$Lambda$41.run()V+12
j  java.lang.Thread.run()V+11
v  ~StubRoutines::call_stub

---------------  P R O C E S S  ---------------

Java Threads: ( => current thread )
  0x00007f8abc293000 JavaThread "Prism Font Disposer" daemon [_thread_blocked, id=3418, stack(0x00007f8ad1c5d000,0x00007f8ad1d5e000)]
  0x00007f8b3c2c3800 JavaThread "JavaFX-Launcher" [_thread_blocked, id=3416, stack(0x00007f8ad2efd000,0x00007f8ad2ffe000)]
=>0x00007f8b3c2c0000 JavaThread "JavaFX Application Thread" [_thread_in_vm, id=3415, stack(0x00007f8ad80b9000,0x00007f8ad81ba000)]
  0x00007f8b3c2bb800 JavaThread "Thread-1" daemon [_thread_blocked, id=3414, stack(0x00007f8ad81ba000,0x00007f8ad82bb000)]
  0x00007f8b3c1e8000 JavaThread "QuantumRenderer-0" daemon [_thread_blocked, id=3409, stack(0x00007f8b29a51000,0x00007f8b29b52000)]
  0x00007f8b3c0d4800 JavaThread "Service Thread" daemon [_thread_blocked, id=3405, stack(0x00007f8b29d29000,0x00007f8b29e2a000)]
  0x00007f8b3c0d0800 JavaThread "C1 CompilerThread2" daemon [_thread_blocked, id=3404, stack(0x00007f8b29e2a000,0x00007f8b29f2b000)]
  0x00007f8b3c0ce800 JavaThread "C2 CompilerThread1" daemon [_thread_blocked, id=3403, stack(0x00007f8b29f2b000,0x00007f8b2a02c000)]
  0x00007f8b3c0cc000 JavaThread "C2 CompilerThread0" daemon [_thread_blocked, id=3402, stack(0x00007f8b2a02c000,0x00007f8b2a12d000)]
  0x00007f8b08001000 JavaThread "JDWP Command Reader" daemon [_thread_in_native, id=3394, stack(0x00007f8b2a12d000,0x00007f8b2a22e000)]
  0x00007f8b3c0c9800 JavaThread "JDWP Event Helper Thread" daemon [_thread_blocked, id=3393, stack(0x00007f8b2a22e000,0x00007f8b2a32f000)]
  0x00007f8b3c0c6000 JavaThread "JDWP Transport Listener: dt_socket" daemon [_thread_blocked, id=3392, stack(0x00007f8b2a32f000,0x00007f8b2a430000)]
  0x00007f8b3c0b9800 JavaThread "Signal Dispatcher" daemon [_thread_blocked, id=3391, stack(0x00007f8b2a634000,0x00007f8b2a735000)]
  0x00007f8b3c087800 JavaThread "Finalizer" daemon [_thread_blocked, id=3390, stack(0x00007f8b2a735000,0x00007f8b2a836000)]
  0x00007f8b3c083000 JavaThread "Reference Handler" daemon [_thread_blocked, id=3389, stack(0x00007f8b2a836000,0x00007f8b2a937000)]
  0x00007f8b3c00d800 JavaThread "main" [_thread_blocked, id=3383, stack(0x00007f8b45477000,0x00007f8b45578000)]

Other Threads:
  0x00007f8b3c07b800 VMThread [stack: 0x00007f8b2a937000,0x00007f8b2aa38000] [id=3388]
  0x00007f8b3c0d7800 WatcherThread [stack: 0x00007f8b29c28000,0x00007f8b29d29000] [id=3407]

VM state:not at safepoint (normal execution)

VM Mutex/Monitor currently owned by a thread: None

Heap:
 PSYoungGen      total 17920K, used 3473K [0x00000000ec300000, 0x00000000ed700000, 0x0000000100000000)
  eden space 15360K, 6% used [0x00000000ec300000,0x00000000ec3ec590,0x00000000ed200000)
  from space 2560K, 98% used [0x00000000ed480000,0x00000000ed6f8038,0x00000000ed700000)
  to   space 2560K, 0% used [0x00000000ed200000,0x00000000ed200000,0x00000000ed480000)
 ParOldGen       total 40960K, used 3100K [0x00000000c4800000, 0x00000000c7000000, 0x00000000ec300000)
  object space 40960K, 7% used [0x00000000c4800000,0x00000000c4b07238,0x00000000c7000000)
 Metaspace       used 15697K, capacity 16322K, committed 16512K, reserved 1062912K
  class space    used 2204K, capacity 2371K, committed 2432K, reserved 1048576K

Card table byte_map: [0x00007f8b41932000,0x00007f8b41b0f000] byte_map_base: 0x00007f8b4130e000

Marking Bits: (ParMarkBitMap*) 0x00007f8b4494e220
 Begin Bits: [0x00007f8b2b240000, 0x00007f8b2c120000)
 End Bits:   [0x00007f8b2c120000, 0x00007f8b2d000000)

Polling page: 0x00007f8b4559d000

CodeCache: size=245760Kb used=4720Kb max_used=4731Kb free=241039Kb
 bounds [0x00007f8b2d000000, 0x00007f8b2d4b0000, 0x00007f8b3c000000]
 total_blobs=2053 nmethods=1445 adapters=529
 compilation: enabled

Compilation events (10 events):
Event: 159.355 Thread 0x00007f8b3c0d0800 nmethod 1441 0x00007f8b2d496f10 code [0x00007f8b2d497280, 0x00007f8b2d499b18]
Event: 159.396 Thread 0x00007f8b3c0cc000 nmethod 1440 0x00007f8b2d49d050 code [0x00007f8b2d49d260, 0x00007f8b2d49e478]
Event: 159.634 Thread 0x00007f8b3c0d0800 1442       3       com.sun.javafx.scene.control.behavior.OptionalBoolean::equals (37 bytes)
Event: 159.635 Thread 0x00007f8b3c0d0800 nmethod 1442 0x00007f8b2d49cb90 code [0x00007f8b2d49cd00, 0x00007f8b2d49cfd0]
Event: 163.156 Thread 0x00007f8b3c0d0800 1443       3       javafx.beans.property.StringPropertyBase::get (32 bytes)
Event: 163.157 Thread 0x00007f8b3c0d0800 nmethod 1443 0x00007f8b2d49c5d0 code [0x00007f8b2d49c740, 0x00007f8b2d49caa8]
Event: 175.216 Thread 0x00007f8b3c0d0800 1444       3       javafx.beans.property.StringPropertyBase::get (5 bytes)
Event: 175.216 Thread 0x00007f8b3c0d0800 nmethod 1444 0x00007f8b2d493650 code [0x00007f8b2d4937c0, 0x00007f8b2d4939e8]
Event: 208.982 Thread 0x00007f8b3c0ce800 1445       4       java.lang.AbstractStringBuilder::<init> (12 bytes)
Event: 208.983 Thread 0x00007f8b3c0ce800 nmethod 1445 0x00007f8b2d49c290 code [0x00007f8b2d49c3e0, 0x00007f8b2d49c518]

GC Heap History (4 events):
Event: 2.997 GC heap before
{Heap before GC invocations=1 (full 0):
 PSYoungGen      total 17920K, used 15360K [0x00000000ec300000, 0x00000000ed700000, 0x0000000100000000)
  eden space 15360K, 100% used [0x00000000ec300000,0x00000000ed200000,0x00000000ed200000)
  from space 2560K, 0% used [0x00000000ed480000,0x00000000ed480000,0x00000000ed700000)
  to   space 2560K, 0% used [0x00000000ed200000,0x00000000ed200000,0x00000000ed480000)
 ParOldGen       total 40960K, used 0K [0x00000000c4800000, 0x00000000c7000000, 0x00000000ec300000)
  object space 40960K, 0% used [0x00000000c4800000,0x00000000c4800000,0x00000000c7000000)
 Metaspace       used 9981K, capacity 10374K, committed 10624K, reserved 1058816K
  class space    used 1221K, capacity 1339K, committed 1408K, reserved 1048576K
Event: 3.008 GC heap after
Heap after GC invocations=1 (full 0):
 PSYoungGen      total 17920K, used 2544K [0x00000000ec300000, 0x00000000ed700000, 0x0000000100000000)
  eden space 15360K, 0% used [0x00000000ec300000,0x00000000ec300000,0x00000000ed200000)
  from space 2560K, 99% used [0x00000000ed200000,0x00000000ed47c040,0x00000000ed480000)
  to   space 2560K, 0% used [0x00000000ed480000,0x00000000ed480000,0x00000000ed700000)
 ParOldGen       total 40960K, used 357K [0x00000000c4800000, 0x00000000c7000000, 0x00000000ec300000)
  object space 40960K, 0% used [0x00000000c4800000,0x00000000c4859408,0x00000000c7000000)
 Metaspace       used 9981K, capacity 10374K, committed 10624K, reserved 1058816K
  class space    used 1221K, capacity 1339K, committed 1408K, reserved 1048576K
}
Event: 211.206 GC heap before
{Heap before GC invocations=2 (full 0):
 PSYoungGen      total 17920K, used 17904K [0x00000000ec300000, 0x00000000ed700000, 0x0000000100000000)
  eden space 15360K, 100% used [0x00000000ec300000,0x00000000ed200000,0x00000000ed200000)
  from space 2560K, 99% used [0x00000000ed200000,0x00000000ed47c040,0x00000000ed480000)
  to   space 2560K, 0% used [0x00000000ed480000,0x00000000ed480000,0x00000000ed700000)
 ParOldGen       total 40960K, used 357K [0x00000000c4800000, 0x00000000c7000000, 0x00000000ec300000)
  object space 40960K, 0% used [0x00000000c4800000,0x00000000c4859408,0x00000000c7000000)
 Metaspace       used 15696K, capacity 16322K, committed 16512K, reserved 1062912K
  class space    used 2204K, capacity 2371K, committed 2432K, reserved 1048576K
Event: 211.215 GC heap after
Heap after GC invocations=2 (full 0):
 PSYoungGen      total 17920K, used 2528K [0x00000000ec300000, 0x00000000ed700000, 0x0000000100000000)
  eden space 15360K, 0% used [0x00000000ec300000,0x00000000ec300000,0x00000000ed200000)
  from space 2560K, 98% used [0x00000000ed480000,0x00000000ed6f8038,0x00000000ed700000)
  to   space 2560K, 0% used [0x00000000ed200000,0x00000000ed200000,0x00000000ed480000)
 ParOldGen       total 40960K, used 3100K [0x00000000c4800000, 0x00000000c7000000, 0x00000000ec300000)
  object space 40960K, 7% used [0x00000000c4800000,0x00000000c4b07238,0x00000000c7000000)
 Metaspace       used 15696K, capacity 16322K, committed 16512K, reserved 1062912K
  class space    used 2204K, capacity 2371K, committed 2432K, reserved 1048576K
}

Deoptimization events (10 events):
Event: 3.426 Thread 0x00007f8b3c2c0000 Uncommon trap: reason=class_check action=maybe_recompile pc=0x00007f8b2d257d7c method=java.io.DataInputStream.readShort()S @ 4
Event: 3.461 Thread 0x00007f8b3c2c0000 Uncommon trap: reason=class_check action=maybe_recompile pc=0x00007f8b2d11c358 method=java.lang.String.equals(Ljava/lang/Object;)Z @ 8
Event: 3.461 Thread 0x00007f8b3c2c0000 Uncommon trap: reason=class_check action=maybe_recompile pc=0x00007f8b2d11c358 method=java.lang.String.equals(Ljava/lang/Object;)Z @ 8
Event: 3.461 Thread 0x00007f8b3c2c0000 Uncommon trap: reason=class_check action=maybe_recompile pc=0x00007f8b2d11c358 method=java.lang.String.equals(Ljava/lang/Object;)Z @ 8
Event: 3.634 Thread 0x00007f8b3c2c0000 Uncommon trap: reason=class_check action=maybe_recompile pc=0x00007f8b2d11c358 method=java.lang.String.equals(Ljava/lang/Object;)Z @ 8
Event: 3.744 Thread 0x00007f8b3c2c0000 Uncommon trap: reason=unstable_if action=reinterpret pc=0x00007f8b2d2dbad0 method=sun.net.www.ParseUtil.encodePath(Ljava/lang/String;Z)Ljava/lang/String; @ 109
Event: 152.101 Thread 0x00007f8b3c2c0000 Uncommon trap: reason=unstable_if action=reinterpret pc=0x00007f8b2d3a4068 method=com.sun.javafx.tk.quantum.QuantumToolkit.postPulse()V @ 17
Event: 152.107 Thread 0x00007f8b3c2c0000 Uncommon trap: reason=unstable_if action=reinterpret pc=0x00007f8b2d32dea8 method=jdk.internal.org.objectweb.asm.Type.getArgumentsAndReturnSizes(Ljava/lang/String;)I @ 47
Event: 152.119 Thread 0x00007f8b3c2c0000 Uncommon trap: reason=unstable_if action=reinterpret pc=0x00007f8b2d3a5ce0 method=com.sun.javafx.tk.quantum.QuantumToolkit.postPulse()V @ 17
Event: 155.649 Thread 0x00007f8b3c2c0000 Uncommon trap: reason=unstable_if action=reinterpret pc=0x00007f8b2d242860 method=java.lang.CharacterData.of(I)Ljava/lang/CharacterData; @ 4

Internal exceptions (10 events):
Event: 1.362 Thread 0x00007f8b3c00d800 Exception <a 'java/security/PrivilegedActionException'> (0x00000000ec5b6ff8) thrown at [/HUDSON3/workspace/8-2-build-linux-amd64/jdk8u111/7883/hotspot/src/share/vm/prims/jvm.cpp, line 1386]
Event: 1.363 Thread 0x00007f8b3c00d800 Exception <a 'java/security/PrivilegedActionException'> (0x00000000ec5b9438) thrown at [/HUDSON3/workspace/8-2-build-linux-amd64/jdk8u111/7883/hotspot/src/share/vm/prims/jvm.cpp, line 1386]
Event: 1.363 Thread 0x00007f8b3c00d800 Exception <a 'java/security/PrivilegedActionException'> (0x00000000ec5b9648) thrown at [/HUDSON3/workspace/8-2-build-linux-amd64/jdk8u111/7883/hotspot/src/share/vm/prims/jvm.cpp, line 1386]
Event: 1.363 Thread 0x00007f8b3c00d800 Exception <a 'java/lang/NullPointerException'> (0x00000000ec5b9c20) thrown at [/HUDSON3/workspace/8-2-build-linux-amd64/jdk8u111/7883/hotspot/src/share/vm/interpreter/linkResolver.cpp, line 1178]
Event: 2.637 Thread 0x00007f8b3c2c0000 Exception <a 'java/lang/NullPointerException'> (0x00000000ece689b0) thrown at [/HUDSON3/workspace/8-2-build-linux-amd64/jdk8u111/7883/hotspot/src/share/vm/interpreter/linkResolver.cpp, line 1178]
Event: 2.637 Thread 0x00007f8b3c2c0000 Exception <a 'java/lang/NullPointerException'> (0x00000000ece689b0) thrown at [/HUDSON3/workspace/8-2-build-linux-amd64/jdk8u111/7883/hotspot/src/share/vm/prims/jvm.cpp, line 1390]
Event: 2.985 Thread 0x00007f8b3c2c0000 Exception <a 'java/lang/ArrayIndexOutOfBoundsException': 58> (0x00000000ed1f8e40) thrown at [/HUDSON3/workspace/8-2-build-linux-amd64/jdk8u111/7883/hotspot/src/share/vm/interpreter/interpreterRuntime.cpp, line 366]
Event: 2.986 Thread 0x00007f8b3c2c0000 Exception <a 'java/lang/ArrayIndexOutOfBoundsException': 18> (0x00000000ed1f9ce8) thrown at [/HUDSON3/workspace/8-2-build-linux-amd64/jdk8u111/7883/hotspot/src/share/vm/interpreter/interpreterRuntime.cpp, line 366]
Event: 2.987 Thread 0x00007f8b3c2c0000 Exception <a 'java/lang/ArrayIndexOutOfBoundsException': 86> (0x00000000ed1fb090) thrown at [/HUDSON3/workspace/8-2-build-linux-amd64/jdk8u111/7883/hotspot/src/share/vm/interpreter/interpreterRuntime.cpp, line 366]
Event: 3.223 Thread 0x00007f8b3c2c0000 Implicit null exception at 0x00007f8b2d273974 to 0x00007f8b2d273bc5

Events (10 events):
Event: 213.197 Thread 0x00007f8b3c2c0000 DEOPT PACKING pc=0x00007f8b2d4180d4 sp=0x00007f8ad81b6230
Event: 213.197 Thread 0x00007f8b3c2c0000 DEOPT UNPACKING pc=0x00007f8b2d047633 sp=0x00007f8ad81b5f70 mode 0
Event: 213.197 Thread 0x00007f8b3c2c0000 DEOPT PACKING pc=0x00007f8b2d3f376c sp=0x00007f8ad81b67a0
Event: 213.197 Thread 0x00007f8b3c2c0000 DEOPT UNPACKING pc=0x00007f8b2d047633 sp=0x00007f8ad81b6538 mode 0
Event: 213.197 Thread 0x00007f8b3c2c0000 DEOPT PACKING pc=0x00007f8b2d4180d4 sp=0x00007f8ad81b6990
Event: 213.197 Thread 0x00007f8b3c2c0000 DEOPT UNPACKING pc=0x00007f8b2d047633 sp=0x00007f8ad81b66d0 mode 0
Event: 213.197 Thread 0x00007f8b3c2c0000 DEOPT PACKING pc=0x00007f8b2d4180d4 sp=0x00007f8ad81b6a70
Event: 213.197 Thread 0x00007f8b3c2c0000 DEOPT UNPACKING pc=0x00007f8b2d047633 sp=0x00007f8ad81b67b0 mode 0
Event: 213.197 Thread 0x00007f8b3c2c0000 DEOPT PACKING pc=0x00007f8b2d4180d4 sp=0x00007f8ad81b6b50
Event: 213.197 Thread 0x00007f8b3c2c0000 DEOPT UNPACKING pc=0x00007f8b2d047633 sp=0x00007f8ad81b6890 mode 0


Dynamic libraries:
00400000-00401000 r-xp 00000000 08:03 2493609                            /usr/lib/jvm/java-8-oracle/bin/java
00600000-00601000 rw-p 00000000 08:03 2493609                            /usr/lib/jvm/java-8-oracle/bin/java
01e95000-01eb6000 rw-p 00000000 00:00 0                                  [heap]
40c56000-40c58000 r-xs 00000000 08:03 262241                             /tmp/.glmE8mL8 (deleted)
41e5d000-41efd000 rw-p 00000000 00:00 0 
c4800000-c7000000 rw-p 00000000 00:00 0 
c7000000-ec300000 ---p 00000000 00:00 0 
ec300000-ed700000 rw-p 00000000 00:00 0 
ed700000-100000000 ---p 00000000 00:00 0 
100000000-100260000 rw-p 00000000 00:00 0 
100260000-140000000 ---p 00000000 00:00 0 
7f8ab4000000-7f8ab4021000 rw-p 00000000 00:00 0 
7f8ab4021000-7f8ab8000000 ---p 00000000 00:00 0 
7f8abc000000-7f8abc550000 rw-p 00000000 00:00 0 
7f8abc550000-7f8ac0000000 ---p 00000000 00:00 0 
7f8ac0000000-7f8ac0021000 rw-p 00000000 00:00 0 
7f8ac0021000-7f8ac4000000 ---p 00000000 00:00 0 
7f8ac4000000-7f8ac4021000 rw-p 00000000 00:00 0 
7f8ac4021000-7f8ac8000000 ---p 00000000 00:00 0 
7f8ac8000000-7f8ac8022000 rw-p 00000000 00:00 0 
7f8ac8022000-7f8acc000000 ---p 00000000 00:00 0 
7f8acc000000-7f8acc021000 rw-p 00000000 00:00 0 
7f8acc021000-7f8ad0000000 ---p 00000000 00:00 0 
7f8ad0e5c000-7f8ad105c000 rw-s 156783000 00:06 552                       /dev/nvidiactl
7f8ad105c000-7f8ad125c000 rw-s 156c0f000 00:06 552                       /dev/nvidiactl
7f8ad125c000-7f8ad1c1d000 rw-p 00000000 00:00 0 
7f8ad1c1d000-7f8ad1c5d000 ---p 00000000 00:00 0 
7f8ad1c5d000-7f8ad1c60000 ---p 00000000 00:00 0 
7f8ad1c60000-7f8ad1d5e000 rw-p 00000000 00:00 0 
7f8ad1d5e000-7f8ad1e17000 r--p 00000000 08:03 1312293                    /usr/share/fonts/truetype/dejavu/DejaVuSans.ttf
7f8ad1e17000-7f8ad1e2b000 r--p 00000000 08:03 2493785                    /usr/lib/jvm/java-8-oracle/jre/lib/fonts/LucidaBrightItalic.ttf
7f8ad1e2b000-7f8ad1e80000 r--p 00000000 08:03 2493784                    /usr/lib/jvm/java-8-oracle/jre/lib/fonts/LucidaBrightRegular.ttf
7f8ad1e80000-7f8ad1f2b000 r--p 00000000 08:03 2493781                    /usr/lib/jvm/java-8-oracle/jre/lib/fonts/LucidaSansRegular.ttf
7f8ad1f2b000-7f8ad1f3e000 r--p 00000000 08:03 2493789                    /usr/lib/jvm/java-8-oracle/jre/lib/fonts/LucidaBrightDemiItalic.ttf
7f8ad1f3e000-7f8ad1f78000 r--p 00000000 08:03 2493783                    /usr/lib/jvm/java-8-oracle/jre/lib/fonts/LucidaTypewriterBold.ttf
7f8ad1f78000-7f8ad1f8b000 r--p 00000000 08:03 2493782                    /usr/lib/jvm/java-8-oracle/jre/lib/fonts/LucidaBrightDemiBold.ttf
7f8ad1f8b000-7f8ad1fd9000 r--p 00000000 08:03 2493788                    /usr/lib/jvm/java-8-oracle/jre/lib/fonts/LucidaSansDemiBold.ttf
7f8ad1fd9000-7f8ad1fdd000 r-xp 00000000 08:03 2493730                    /usr/lib/jvm/java-8-oracle/jre/lib/amd64/libjavafx_font_pango.so
7f8ad1fdd000-7f8ad21dc000 ---p 00004000 08:03 2493730                    /usr/lib/jvm/java-8-oracle/jre/lib/amd64/libjavafx_font_pango.so
7f8ad21dc000-7f8ad21dd000 rw-p 00003000 08:03 2493730                    /usr/lib/jvm/java-8-oracle/jre/lib/amd64/libjavafx_font_pango.so
7f8ad21dd000-7f8ad23dd000 rw-p 00000000 00:00 0 
7f8ad23dd000-7f8ad23e2000 r-xp 00000000 08:03 2493726                    /usr/lib/jvm/java-8-oracle/jre/lib/amd64/libjavafx_font_freetype.so
7f8ad23e2000-7f8ad25e1000 ---p 00005000 08:03 2493726                    /usr/lib/jvm/java-8-oracle/jre/lib/amd64/libjavafx_font_freetype.so
7f8ad25e1000-7f8ad25e2000 rw-p 00004000 08:03 2493726                    /usr/lib/jvm/java-8-oracle/jre/lib/amd64/libjavafx_font_freetype.so
7f8ad25e2000-7f8ad25e5000 r-xp 00000000 08:03 2493688                    /usr/lib/jvm/java-8-oracle/jre/lib/amd64/libjavafx_font.so
7f8ad25e5000-7f8ad27e4000 ---p 00003000 08:03 2493688                    /usr/lib/jvm/java-8-oracle/jre/lib/amd64/libjavafx_font.so
7f8ad27e4000-7f8ad27e5000 rw-p 00002000 08:03 2493688                    /usr/lib/jvm/java-8-oracle/jre/lib/amd64/libjavafx_font.so
7f8ad27e5000-7f8ad29e5000 rw-p 00000000 00:00 0 
7f8ad29e5000-7f8ad2ce6000 rw-p 00000000 00:00 0 
7f8ad2ce6000-7f8ad2cfc000 r-xp 00000000 08:03 2493693                    /usr/lib/jvm/java-8-oracle/jre/lib/amd64/libnet.so
7f8ad2cfc000-7f8ad2efc000 ---p 00016000 08:03 2493693                    /usr/lib/jvm/java-8-oracle/jre/lib/amd64/libnet.so
7f8ad2efc000-7f8ad2efd000 rw-p 00016000 08:03 2493693                    /usr/lib/jvm/java-8-oracle/jre/lib/amd64/libnet.so
7f8ad2efd000-7f8ad2f00000 ---p 00000000 00:00 0 
7f8ad2f00000-7f8ad2ffe000 rw-p 00000000 00:00 0 
7f8ad2ffe000-7f8ad2fff000 ---p 00000000 00:00 0 
7f8ad2fff000-7f8ad37ff000 rw-p 00000000 00:00 0 
7f8ad37ff000-7f8ad3800000 ---p 00000000 00:00 0 
7f8ad3800000-7f8ad4000000 rw-p 00000000 00:00 0 
7f8ad4000000-7f8ad4021000 rw-p 00000000 00:00 0 
7f8ad4021000-7f8ad8000000 ---p 00000000 00:00 0 
7f8ad8006000-7f8ad8042000 r--p 00000000 08:03 2493787                    /usr/lib/jvm/java-8-oracle/jre/lib/fonts/LucidaTypewriterRegular.ttf
7f8ad8042000-7f8ad8047000 r--s 00084000 08:03 2493792                    /usr/lib/jvm/java-8-oracle/jre/lib/jfr.jar
7f8ad8047000-7f8ad8052000 r--s 00000000 08:03 664008                     /var/cache/fontconfig/945677eb7aeaf62f1d50efc3fb3ec7d8-le64.cache-6
7f8ad8052000-7f8ad8058000 r--s 00000000 08:03 664037                     /var/cache/fontconfig/2cd17615ca594fa2959ae173292e504c-le64.cache-6
7f8ad8058000-7f8ad8059000 r--s 00000000 08:03 664036                     /var/cache/fontconfig/0d8c3b2ac0904cb8a57a757ad11a4a08-le64.cache-6
7f8ad8059000-7f8ad806e000 r--s 00000000 08:03 664034                     /var/cache/fontconfig/04aabc0a78ac019cf9454389977116d2-le64.cache-6
7f8ad806e000-7f8ad806f000 r--s 00000000 08:03 664033                     /var/cache/fontconfig/1ac9eb803944fde146138c791f5cc56a-le64.cache-6
7f8ad806f000-7f8ad8073000 r--s 00000000 08:03 664032                     /var/cache/fontconfig/385c0604a188198f04d133e54aba7fe7-le64.cache-6
7f8ad8073000-7f8ad8074000 r--s 00000000 08:03 664030                     /var/cache/fontconfig/dc05db6664285cc2f12bf69c139ae4c3-le64.cache-6
7f8ad8074000-7f8ad8077000 r--s 00000000 08:03 664029                     /var/cache/fontconfig/767a8244fc0220cfb567a839d0392e0b-le64.cache-6
7f8ad8077000-7f8ad8078000 r--s 00000000 08:03 664027                     /var/cache/fontconfig/4794a0821666d79190d59a36cb4f44b5-le64.cache-6
7f8ad8078000-7f8ad807d000 r--s 00000000 08:03 664018                     /var/cache/fontconfig/8801497958630a81b71ace7c5f9b32a8-le64.cache-6
7f8ad807d000-7f8ad807e000 r--s 00000000 08:03 664017                     /var/cache/fontconfig/bab58bb527bb656aaa9f116d68a48d89-le64.cache-6
7f8ad807e000-7f8ad8085000 r--s 00000000 08:03 664015                     /var/cache/fontconfig/3047814df9a2f067bd2d96a2b9c36e5a-le64.cache-6
7f8ad8085000-7f8ad8086000 r--s 00000000 08:03 664014                     /var/cache/fontconfig/56cf4f4769d0f4abc89a4895d7bd3ae1-le64.cache-6
7f8ad8086000-7f8ad8087000 r--s 00000000 08:03 664012                     /var/cache/fontconfig/b9d506c9ac06c20b433354fa67a72993-le64.cache-6
7f8ad8087000-7f8ad808d000 r--s 00000000 08:03 664011                     /var/cache/fontconfig/b47c4e1ecd0709278f4910c18777a504-le64.cache-6
7f8ad808d000-7f8ad80a0000 r--s 00000000 08:03 664009                     /var/cache/fontconfig/d52a8644073d54c13679302ca1180695-le64.cache-6
7f8ad80a0000-7f8ad80a4000 r--s 00000000 08:03 664006                     /var/cache/fontconfig/d589a48862398ed80a3d6066f4f56f4c-le64.cache-6
7f8ad80a4000-7f8ad80a7000 r--s 00000000 08:03 663998                     /var/cache/fontconfig/75114ca45c98e8a441da0ff356701271-le64.cache-6
7f8ad80a7000-7f8ad80b9000 r--s 00000000 08:03 663987                     /var/cache/fontconfig/9b89f8e3dae116d678bbf48e5f21f69b-le64.cache-6
7f8ad80b9000-7f8ad80bc000 ---p 00000000 00:00 0 
7f8ad80bc000-7f8ad81ba000 rw-p 00000000 00:00 0 
7f8ad81ba000-7f8ad81bd000 ---p 00000000 00:00 0 
7f8ad81bd000-7f8ad82bb000 rw-p 00000000 00:00 0 
7f8ad82bb000-7f8ad82bc000 ---p 00000000 00:00 0 
7f8ad82bc000-7f8ad8abc000 rw-p 00000000 00:00 0 
7f8ad8abc000-7f8ad8ac7000 r-xp 00000000 08:03 657319                     /usr/lib/x86_64-linux-gnu/gio/modules/libdconfsettings.so
7f8ad8ac7000-7f8ad8cc7000 ---p 0000b000 08:03 657319                     /usr/lib/x86_64-linux-gnu/gio/modules/libdconfsettings.so
7f8ad8cc7000-7f8ad8cc8000 r--p 0000b000 08:03 657319                     /usr/lib/x86_64-linux-gnu/gio/modules/libdconfsettings.so
7f8ad8cc8000-7f8ad8cc9000 rw-p 0000c000 08:03 657319                     /usr/lib/x86_64-linux-gnu/gio/modules/libdconfsettings.so
7f8ad8cc9000-7f8ad8d11000 r--p 00000000 08:03 1312548                    /usr/share/glib-2.0/schemas/gschemas.compiled
7f8ad8d11000-7f8ad8d18000 r-xp 00000000 08:03 403656                     /usr/lib/x86_64-linux-gnu/libogg.so.0.8.2
7f8ad8d18000-7f8ad8f18000 ---p 00007000 08:03 403656                     /usr/lib/x86_64-linux-gnu/libogg.so.0.8.2
7f8ad8f18000-7f8ad8f19000 r--p 00007000 08:03 403656                     /usr/lib/x86_64-linux-gnu/libogg.so.0.8.2
7f8ad8f19000-7f8ad8f1a000 rw-p 00008000 08:03 403656                     /usr/lib/x86_64-linux-gnu/libogg.so.0.8.2
7f8ad8f1a000-7f8ad8f44000 r-xp 00000000 08:03 404005                     /usr/lib/x86_64-linux-gnu/libvorbis.so.0.4.8
7f8ad8f44000-7f8ad9144000 ---p 0002a000 08:03 404005                     /usr/lib/x86_64-linux-gnu/libvorbis.so.0.4.8
7f8ad9144000-7f8ad9145000 r--p 0002a000 08:03 404005                     /usr/lib/x86_64-linux-gnu/libvorbis.so.0.4.8
7f8ad9145000-7f8ad9146000 rw-p 0002b000 08:03 404005                     /usr/lib/x86_64-linux-gnu/libvorbis.so.0.4.8
7f8ad9146000-7f8ad914f000 r-xp 00000000 08:03 403523                     /usr/lib/x86_64-linux-gnu/libltdl.so.7.3.1
7f8ad914f000-7f8ad934e000 ---p 00009000 08:03 403523                     /usr/lib/x86_64-linux-gnu/libltdl.so.7.3.1
7f8ad934e000-7f8ad934f000 r--p 00008000 08:03 403523                     /usr/lib/x86_64-linux-gnu/libltdl.so.7.3.1
7f8ad934f000-7f8ad9350000 rw-p 00009000 08:03 403523                     /usr/lib/x86_64-linux-gnu/libltdl.so.7.3.1
7f8ad9350000-7f8ad9364000 r-xp 00000000 08:03 403898                     /usr/lib/x86_64-linux-gnu/libtdb.so.1.3.8
7f8ad9364000-7f8ad9563000 ---p 00014000 08:03 403898                     /usr/lib/x86_64-linux-gnu/libtdb.so.1.3.8
7f8ad9563000-7f8ad9564000 r--p 00013000 08:03 403898                     /usr/lib/x86_64-linux-gnu/libtdb.so.1.3.8
7f8ad9564000-7f8ad9565000 rw-p 00014000 08:03 403898                     /usr/lib/x86_64-linux-gnu/libtdb.so.1.3.8
7f8ad9565000-7f8ad956c000 r-xp 00000000 08:03 404009                     /usr/lib/x86_64-linux-gnu/libvorbisfile.so.3.3.7
7f8ad956c000-7f8ad976c000 ---p 00007000 08:03 404009                     /usr/lib/x86_64-linux-gnu/libvorbisfile.so.3.3.7
7f8ad976c000-7f8ad976d000 r--p 00007000 08:03 404009                     /usr/lib/x86_64-linux-gnu/libvorbisfile.so.3.3.7
7f8ad976d000-7f8ad976e000 rw-p 00008000 08:03 404009                     /usr/lib/x86_64-linux-gnu/libvorbisfile.so.3.3.7
7f8ad976e000-7f8ad977e000 r-xp 00000000 08:03 402920                     /usr/lib/x86_64-linux-gnu/libcanberra.so.0.2.5
7f8ad977e000-7f8ad997d000 ---p 00010000 08:03 402920                     /usr/lib/x86_64-linux-gnu/libcanberra.so.0.2.5
7f8ad997d000-7f8ad997e000 r--p 0000f000 08:03 402920                     /usr/lib/x86_64-linux-gnu/libcanberra.so.0.2.5
7f8ad997e000-7f8ad997f000 rw-p 00010000 08:03 402920                     /usr/lib/x86_64-linux-gnu/libcanberra.so.0.2.5
7f8ad997f000-7f8ad9983000 r-xp 00000000 08:03 402916                     /usr/lib/x86_64-linux-gnu/libcanberra-gtk.so.0.1.9
7f8ad9983000-7f8ad9b82000 ---p 00004000 08:03 402916                     /usr/lib/x86_64-linux-gnu/libcanberra-gtk.so.0.1.9
7f8ad9b82000-7f8ad9b83000 r--p 00003000 08:03 402916                     /usr/lib/x86_64-linux-gnu/libcanberra-gtk.so.0.1.9
7f8ad9b83000-7f8ad9b84000 rw-p 00004000 08:03 402916                     /usr/lib/x86_64-linux-gnu/libcanberra-gtk.so.0.1.9
7f8ad9b84000-7f8ad9b89000 r-xp 00000000 08:03 657534                     /usr/lib/x86_64-linux-gnu/gtk-2.0/modules/libcanberra-gtk-module.so
7f8ad9b89000-7f8ad9d88000 ---p 00005000 08:03 657534                     /usr/lib/x86_64-linux-gnu/gtk-2.0/modules/libcanberra-gtk-module.so
7f8ad9d88000-7f8ad9d89000 r--p 00004000 08:03 657534                     /usr/lib/x86_64-linux-gnu/gtk-2.0/modules/libcanberra-gtk-module.so
7f8ad9d89000-7f8ad9d8a000 rw-p 00005000 08:03 657534                     /usr/lib/x86_64-linux-gnu/gtk-2.0/modules/libcanberra-gtk-module.so
7f8ad9d8a000-7f8ad9dba000 r-xp 00000000 08:03 657346                     /usr/lib/x86_64-linux-gnu/gtk-2.0/2.10.0/engines/libmurrine.so
7f8ad9dba000-7f8ad9fba000 ---p 00030000 08:03 657346                     /usr/lib/x86_64-linux-gnu/gtk-2.0/2.10.0/engines/libmurrine.so
7f8ad9fba000-7f8ad9fbb000 r--p 00030000 08:03 657346                     /usr/lib/x86_64-linux-gnu/gtk-2.0/2.10.0/engines/libmurrine.so
7f8ad9fbb000-7f8ad9fbc000 rw-p 00031000 08:03 657346                     /usr/lib/x86_64-linux-gnu/gtk-2.0/2.10.0/engines/libmurrine.so
7f8ad9fbc000-7f8ad9fcc000 r-xp 00000000 08:03 403954                     /usr/lib/x86_64-linux-gnu/libunity-gtk2-parser.so.0.0.0
7f8ad9fcc000-7f8ada1cc000 ---p 00010000 08:03 403954                     /usr/lib/x86_64-linux-gnu/libunity-gtk2-parser.so.0.0.0
7f8ada1cc000-7f8ada1cd000 r--p 00010000 08:03 403954                     /usr/lib/x86_64-linux-gnu/libunity-gtk2-parser.so.0.0.0
7f8ada1cd000-7f8ada1ce000 rw-p 00011000 08:03 403954                     /usr/lib/x86_64-linux-gnu/libunity-gtk2-parser.so.0.0.0
7f8ada1ce000-7f8ada1d3000 r-xp 00000000 08:03 657538                     /usr/lib/x86_64-linux-gnu/gtk-2.0/modules/libunity-gtk-module.so
7f8ada1d3000-7f8ada3d2000 ---p 00005000 08:03 657538                     /usr/lib/x86_64-linux-gnu/gtk-2.0/modules/libunity-gtk-module.so
7f8ada3d2000-7f8ada3d3000 r--p 00004000 08:03 657538                     /usr/lib/x86_64-linux-gnu/gtk-2.0/modules/libunity-gtk-module.so
7f8ada3d3000-7f8ada3d4000 rw-p 00005000 08:03 657538                     /usr/lib/x86_64-linux-gnu/gtk-2.0/modules/libunity-gtk-module.so
7f8ada3d4000-7f8ada3e6000 r-xp 00000000 08:03 1840172                    /lib/x86_64-linux-gnu/libgpg-error.so.0.17.0
7f8ada3e6000-7f8ada5e6000 ---p 00012000 08:03 1840172                    /lib/x86_64-linux-gnu/libgpg-error.so.0.17.0
7f8ada5e6000-7f8ada5e7000 r--p 00012000 08:03 1840172                    /lib/x86_64-linux-gnu/libgpg-error.so.0.17.0
7f8ada5e7000-7f8ada5e8000 rw-p 00013000 08:03 1840172                    /lib/x86_64-linux-gnu/libgpg-error.so.0.17.0
7f8ada5e8000-7f8ada6c0000 r-xp 00000000 08:03 1839881                    /lib/x86_64-linux-gnu/libgcrypt.so.20.0.5
7f8ada6c0000-7f8ada8bf000 ---p 000d8000 08:03 1839881                    /lib/x86_64-linux-gnu/libgcrypt.so.20.0.5
7f8ada8bf000-7f8ada8c0000 r--p 000d7000 08:03 1839881                    /lib/x86_64-linux-gnu/libgcrypt.so.20.0.5
7f8ada8c0000-7f8ada8c8000 rw-p 000d8000 08:03 1839881                    /lib/x86_64-linux-gnu/libgcrypt.so.20.0.5
7f8ada8c8000-7f8ada8c9000 rw-p 00000000 00:00 0 
7f8ada8c9000-7f8ada8ea000 r-xp 00000000 08:03 1840195                    /lib/x86_64-linux-gnu/liblzma.so.5.0.0
7f8ada8ea000-7f8adaae9000 ---p 00021000 08:03 1840195                    /lib/x86_64-linux-gnu/liblzma.so.5.0.0
7f8adaae9000-7f8adaaea000 r--p 00020000 08:03 1840195                    /lib/x86_64-linux-gnu/liblzma.so.5.0.0
7f8adaaea000-7f8adaaeb000 rw-p 00021000 08:03 1840195                    /lib/x86_64-linux-gnu/liblzma.so.5.0.0
7f8adaaeb000-7f8adab6b000 r-xp 00000000 08:03 1836670                    /lib/x86_64-linux-gnu/libsystemd.so.0.14.0
7f8adab6b000-7f8adab6e000 r--p 0007f000 08:03 1836670                    /lib/x86_64-linux-gnu/libsystemd.so.0.14.0
7f8adab6e000-7f8adab6f000 rw-p 00082000 08:03 1836670                    /lib/x86_64-linux-gnu/libsystemd.so.0.14.0
7f8adab6f000-7f8adab70000 rw-p 00000000 00:00 0 
7f8adab70000-7f8adabba000 r-xp 00000000 08:03 1839804                    /lib/x86_64-linux-gnu/libdbus-1.so.3.14.6
7f8adabba000-7f8adadba000 ---p 0004a000 08:03 1839804                    /lib/x86_64-linux-gnu/libdbus-1.so.3.14.6
7f8adadba000-7f8adadbb000 r--p 0004a000 08:03 1839804                    /lib/x86_64-linux-gnu/libdbus-1.so.3.14.6
7f8adadbb000-7f8adadbc000 rw-p 0004b000 08:03 1839804                    /lib/x86_64-linux-gnu/libdbus-1.so.3.14.6
7f8adadbc000-7f8adade8000 r-xp 00000000 08:03 402862                     /usr/lib/x86_64-linux-gnu/libatspi.so.0.0.1
7f8adade8000-7f8adafe7000 ---p 0002c000 08:03 402862                     /usr/lib/x86_64-linux-gnu/libatspi.so.0.0.1
7f8adafe7000-7f8adafea000 r--p 0002b000 08:03 402862                     /usr/lib/x86_64-linux-gnu/libatspi.so.0.0.1
7f8adafea000-7f8adafeb000 rw-p 0002e000 08:03 402862                     /usr/lib/x86_64-linux-gnu/libatspi.so.0.0.1
7f8adafeb000-7f8adb018000 r-xp 00000000 08:03 402856                     /usr/lib/x86_64-linux-gnu/libatk-bridge-2.0.so.0.0.0
7f8adb018000-7f8adb217000 ---p 0002d000 08:03 402856                     /usr/lib/x86_64-linux-gnu/libatk-bridge-2.0.so.0.0.0
7f8adb217000-7f8adb218000 r--p 0002c000 08:03 402856                     /usr/lib/x86_64-linux-gnu/libatk-bridge-2.0.so.0.0.0
7f8adb218000-7f8adb21a000 rw-p 0002d000 08:03 402856                     /usr/lib/x86_64-linux-gnu/libatk-bridge-2.0.so.0.0.0
7f8adb21a000-7f8adb21b000 r-xp 00000000 08:03 657533                     /usr/lib/x86_64-linux-gnu/gtk-2.0/modules/libatk-bridge.so
7f8adb21b000-7f8adb41a000 ---p 00001000 08:03 657533                     /usr/lib/x86_64-linux-gnu/gtk-2.0/modules/libatk-bridge.so
7f8adb41a000-7f8adb41b000 r--p 00000000 08:03 657533                     /usr/lib/x86_64-linux-gnu/gtk-2.0/modules/libatk-bridge.so
7f8adb41b000-7f8adb41c000 rw-p 00001000 08:03 657533                     /usr/lib/x86_64-linux-gnu/gtk-2.0/modules/libatk-bridge.so
7f8adb41c000-7f8adb423000 r-xp 00000000 08:03 403191                     /usr/lib/x86_64-linux-gnu/libgailutil.so.18.0.1
7f8adb423000-7f8adb622000 ---p 00007000 08:03 403191                     /usr/lib/x86_64-linux-gnu/libgailutil.so.18.0.1
7f8adb622000-7f8adb623000 r--p 00006000 08:03 403191                     /usr/lib/x86_64-linux-gnu/libgailutil.so.18.0.1
7f8adb623000-7f8adb624000 rw-p 00007000 08:03 403191                     /usr/lib/x86_64-linux-gnu/libgailutil.so.18.0.1
7f8adb624000-7f8adb625000 r--s 00000000 08:03 664007                     /var/cache/fontconfig/551ecf3b0e8b0bca0f25c0944f561853-le64.cache-6
7f8adb625000-7f8adb626000 r--s 00000000 08:03 664005                     /var/cache/fontconfig/30829fa25452a46451e813d634d7f916-le64.cache-6
7f8adb626000-7f8adb631000 r--s 00000000 08:03 663991                     /var/cache/fontconfig/83bf95040141907cd45bb53cf7c1c148-le64.cache-6
7f8adb631000-7f8adb63e000 r--s 00000000 08:03 656609                     /var/cache/fontconfig/e13b20fdb08344e0e664864cc2ede53d-le64.cache-6
7f8adb63e000-7f8adb642000 r--s 00000000 08:03 663970                     /var/cache/fontconfig/7ef2298fde41cc6eeb7af42e48b7d293-le64.cache-6
7f8adb642000-7f8adb644000 r--s 00019000 08:03 2502175                    /opt/intellij-idea-community/lib/idea_rt.jar
7f8adb644000-7f8adb646000 rw-s 00000000 08:03 262241                     /tmp/.glmE8mL8 (deleted)
7f8adb646000-7f8adb694000 r-xp 00000000 08:03 657536                     /usr/lib/x86_64-linux-gnu/gtk-2.0/modules/libgail.so
7f8adb694000-7f8adb893000 ---p 0004e000 08:03 657536                     /usr/lib/x86_64-linux-gnu/gtk-2.0/modules/libgail.so
7f8adb893000-7f8adb894000 r--p 0004d000 08:03 657536                     /usr/lib/x86_64-linux-gnu/gtk-2.0/modules/libgail.so
7f8adb894000-7f8adb896000 rw-p 0004e000 08:03 657536                     /usr/lib/x86_64-linux-gnu/gtk-2.0/modules/libgail.so
7f8adb896000-7f8adb8a7000 r-xp 00000000 08:03 657537                     /usr/lib/x86_64-linux-gnu/gtk-2.0/modules/liboverlay-scrollbar.so
7f8adb8a7000-7f8adbaa7000 ---p 00011000 08:03 657537                     /usr/lib/x86_64-linux-gnu/gtk-2.0/modules/liboverlay-scrollbar.so
7f8adbaa7000-7f8adbaa8000 r--p 00011000 08:03 657537                     /usr/lib/x86_64-linux-gnu/gtk-2.0/modules/liboverlay-scrollbar.so
7f8adbaa8000-7f8adbaa9000 rw-p 00012000 08:03 657537                     /usr/lib/x86_64-linux-gnu/gtk-2.0/modules/liboverlay-scrollbar.so
7f8adbaa9000-7f8adbad2000 r-xp 00000000 08:03 2493738                    /usr/lib/jvm/java-8-oracle/jre/lib/amd64/libglass.so
7f8adbad2000-7f8adbcd1000 ---p 00029000 08:03 2493738                    /usr/lib/jvm/java-8-oracle/jre/lib/amd64/libglass.so
7f8adbcd1000-7f8adbcd4000 rw-p 00028000 08:03 2493738                    /usr/lib/jvm/java-8-oracle/jre/lib/amd64/libglass.so
7f8adbcd4000-7f8adbd54000 rw-s 33fd9000 00:06 552                        /dev/nvidiactl
7f8adbd54000-7f8adbdd4000 rw-s 90e1a000 00:06 552                        /dev/nvidiactl
7f8adbdd4000-7f8adbe54000 rw-s 345e2000 00:06 552                        /dev/nvidiactl
7f8adbe54000-7f8adbf54000 rw-s 918fe000 00:06 552                        /dev/nvidiactl
7f8adbf54000-7f8adbf74000 rw-s a00a0000 00:06 553                        /dev/nvidia0
7f8adbf74000-7f8adbfb4000 rw-s 8e1ba000 00:06 552                        /dev/nvidiactl
7f8adbfb4000-7f8adbfd4000 rw-s 35036000 00:06 552                        /dev/nvidiactl
7f8adbfd4000-7f8adc014000 rw-s 91cc7000 00:06 552                        /dev/nvidiactl
7f8adc014000-7f8adc034000 rw-s 90f23000 00:06 552                        /dev/nvidiactl
7f8adc034000-7f8adc074000 rw-s 90f39000 00:06 552                        /dev/nvidiactl
7f8adc074000-7f8adc178000 rw-s 90d88000 00:06 552                        /dev/nvidiactl
7f8adc178000-7f8add511000 r-xp 00000000 08:03 397054                     /usr/lib/nvidia-367/libnvidia-glcore.so.367.57
7f8add511000-7f8add531000 rwxp 01399000 08:03 397054                     /usr/lib/nvidia-367/libnvidia-glcore.so.367.57
7f8add531000-7f8add8d2000 r-xp 013b9000 08:03 397054                     /usr/lib/nvidia-367/libnvidia-glcore.so.367.57
7f8add8d2000-7f8addad1000 ---p 0175a000 08:03 397054                     /usr/lib/nvidia-367/libnvidia-glcore.so.367.57
7f8addad1000-7f8adde99000 rw-p 01759000 08:03 397054                     /usr/lib/nvidia-367/libnvidia-glcore.so.367.57
7f8adde99000-7f8addeb1000 rw-p 00000000 00:00 0 
7f8addeb1000-7f8addeb4000 r-xp 00000000 08:03 397058                     /usr/lib/nvidia-367/tls/libnvidia-tls.so.367.57
7f8addeb4000-7f8ade0b4000 ---p 00003000 08:03 397058                     /usr/lib/nvidia-367/tls/libnvidia-tls.so.367.57
7f8ade0b4000-7f8ade0b5000 rw-p 00003000 08:03 397058                     /usr/lib/nvidia-367/tls/libnvidia-tls.so.367.57
7f8ade0b5000-7f8ade17d000 r-xp 00000000 08:03 397034                     /usr/lib/nvidia-367/libGLX_nvidia.so.367.57
7f8ade17d000-7f8ade1b1000 rwxp 000c8000 08:03 397034                     /usr/lib/nvidia-367/libGLX_nvidia.so.367.57
7f8ade1b1000-7f8ade1c4000 r-xp 000fc000 08:03 397034                     /usr/lib/nvidia-367/libGLX_nvidia.so.367.57
7f8ade1c4000-7f8ade3c4000 ---p 0010f000 08:03 397034                     /usr/lib/nvidia-367/libGLX_nvidia.so.367.57
7f8ade3c4000-7f8ade3ec000 rw-p 0010f000 08:03 397034                     /usr/lib/nvidia-367/libGLX_nvidia.so.367.57
7f8ade3ec000-7f8ade3f3000 rw-p 00000000 00:00 0 
7f8ade3f3000-7f8ade3f9000 r-xp 00000000 08:03 403003                     /usr/lib/x86_64-linux-gnu/libdatrie.so.1.3.3
7f8ade3f9000-7f8ade5f9000 ---p 00006000 08:03 403003                     /usr/lib/x86_64-linux-gnu/libdatrie.so.1.3.3
7f8ade5f9000-7f8ade5fa000 r--p 00006000 08:03 403003                     /usr/lib/x86_64-linux-gnu/libdatrie.so.1.3.3
7f8ade5fa000-7f8ade5fb000 rw-p 00007000 08:03 403003                     /usr/lib/x86_64-linux-gnu/libdatrie.so.1.3.3
7f8ade5fb000-7f8ade600000 r-xp 00000000 08:03 402761                     /usr/lib/x86_64-linux-gnu/libXdmcp.so.6.0.0
7f8ade600000-7f8ade7ff000 ---p 00005000 08:03 402761                     /usr/lib/x86_64-linux-gnu/libXdmcp.so.6.0.0
7f8ade7ff000-7f8ade800000 r--p 00004000 08:03 402761                     /usr/lib/x86_64-linux-gnu/libXdmcp.so.6.0.0
7f8ade800000-7f8ade801000 rw-p 00005000 08:03 402761                     /usr/lib/x86_64-linux-gnu/libXdmcp.so.6.0.0
7f8ade801000-7f8ade803000 r-xp 00000000 08:03 402750                     /usr/lib/x86_64-linux-gnu/libXau.so.6.0.0
7f8ade803000-7f8adea03000 ---p 00002000 08:03 402750                     /usr/lib/x86_64-linux-gnu/libXau.so.6.0.0
7f8adea03000-7f8adea04000 r--p 00002000 08:03 402750                     /usr/lib/x86_64-linux-gnu/libXau.so.6.0.0
7f8adea04000-7f8adea05000 rw-p 00003000 08:03 402750                     /usr/lib/x86_64-linux-gnu/libXau.so.6.0.0
7f8adea05000-7f8adea28000 r-xp 00000000 08:03 403307                     /usr/lib/x86_64-linux-gnu/libgraphite2.so.3.0.1
7f8adea28000-7f8adec27000 ---p 00023000 08:03 403307                     /usr/lib/x86_64-linux-gnu/libgraphite2.so.3.0.1
7f8adec27000-7f8adec29000 r--p 00022000 08:03 403307                     /usr/lib/x86_64-linux-gnu/libgraphite2.so.3.0.1
7f8adec29000-7f8adec2a000 rw-p 00024000 08:03 403307                     /usr/lib/x86_64-linux-gnu/libgraphite2.so.3.0.1
7f8adec2a000-7f8adec78000 r-xp 00000000 08:03 397050                     /usr/lib/nvidia-367/libGLdispatch.so.0
7f8adec78000-7f8adecaa000 r-xp 0004e000 08:03 397050                     /usr/lib/nvidia-367/libGLdispatch.so.0
7f8adecaa000-7f8adece4000 r-xp 00080000 08:03 397050                     /usr/lib/nvidia-367/libGLdispatch.so.0
7f8adece4000-7f8adeee4000 ---p 000ba000 08:03 397050                     /usr/lib/nvidia-367/libGLdispatch.so.0
7f8adeee4000-7f8adeef3000 rw-p 000ba000 08:03 397050                     /usr/lib/nvidia-367/libGLdispatch.so.0
7f8adeef3000-7f8adef13000 rw-p 00000000 00:00 0 
7f8adef13000-7f8adef23000 r-xp 00000000 08:03 397067                     /usr/lib/nvidia-367/libGLX.so.0
7f8adef23000-7f8adf123000 ---p 00010000 08:03 397067                     /usr/lib/nvidia-367/libGLX.so.0
7f8adf123000-7f8adf124000 rw-p 00010000 08:03 397067                     /usr/lib/nvidia-367/libGLX.so.0
7f8adf124000-7f8adf144000 rw-p 00000000 00:00 0 
7f8adf144000-7f8adf1b2000 r-xp 00000000 08:03 1840257                    /lib/x86_64-linux-gnu/libpcre.so.3.13.2
7f8adf1b2000-7f8adf3b2000 ---p 0006e000 08:03 1840257                    /lib/x86_64-linux-gnu/libpcre.so.3.13.2
7f8adf3b2000-7f8adf3b3000 r--p 0006e000 08:03 1840257                    /lib/x86_64-linux-gnu/libpcre.so.3.13.2
7f8adf3b3000-7f8adf3b4000 rw-p 0006f000 08:03 1840257                    /lib/x86_64-linux-gnu/libpcre.so.3.13.2
7f8adf3b4000-7f8adf3bb000 r-xp 00000000 08:03 403132                     /usr/lib/x86_64-linux-gnu/libffi.so.6.0.4
7f8adf3bb000-7f8adf5ba000 ---p 00007000 08:03 403132                     /usr/lib/x86_64-linux-gnu/libffi.so.6.0.4
7f8adf5ba000-7f8adf5bb000 r--p 00006000 08:03 403132                     /usr/lib/x86_64-linux-gnu/libffi.so.6.0.4
7f8adf5bb000-7f8adf5bc000 rw-p 00007000 08:03 403132                     /usr/lib/x86_64-linux-gnu/libffi.so.6.0.4
7f8adf5bc000-7f8adf5e2000 r-xp 00000000 08:03 1835072                    /lib/x86_64-linux-gnu/libexpat.so.1.6.0
7f8adf5e2000-7f8adf7e2000 ---p 00026000 08:03 1835072                    /lib/x86_64-linux-gnu/libexpat.so.1.6.0
7f8adf7e2000-7f8adf7e4000 r--p 00026000 08:03 1835072                    /lib/x86_64-linux-gnu/libexpat.so.1.6.0
7f8adf7e4000-7f8adf7e5000 rw-p 00028000 08:03 1835072                    /lib/x86_64-linux-gnu/libexpat.so.1.6.0
7f8adf7e5000-7f8adf7ed000 r-xp 00000000 08:03 403906                     /usr/lib/x86_64-linux-gnu/libthai.so.0.2.4
7f8adf7ed000-7f8adf9ec000 ---p 00008000 08:03 403906                     /usr/lib/x86_64-linux-gnu/libthai.so.0.2.4
7f8adf9ec000-7f8adf9ed000 r--p 00007000 08:03 403906                     /usr/lib/x86_64-linux-gnu/libthai.so.0.2.4
7f8adf9ed000-7f8adf9ee000 rw-p 00008000 08:03 403906                     /usr/lib/x86_64-linux-gnu/libthai.so.0.2.4
7f8adf9ee000-7f8adfa0f000 r-xp 00000000 08:03 404128                     /usr/lib/x86_64-linux-gnu/libxcb.so.1.1.0
7f8adfa0f000-7f8adfc0e000 ---p 00021000 08:03 404128                     /usr/lib/x86_64-linux-gnu/libxcb.so.1.1.0
7f8adfc0e000-7f8adfc0f000 r--p 00020000 08:03 404128                     /usr/lib/x86_64-linux-gnu/libxcb.so.1.1.0
7f8adfc0f000-7f8adfc10000 rw-p 00021000 08:03 404128                     /usr/lib/x86_64-linux-gnu/libxcb.so.1.1.0
7f8adfc10000-7f8adfc18000 r-xp 00000000 08:03 404114                     /usr/lib/x86_64-linux-gnu/libxcb-render.so.0.0.0
7f8adfc18000-7f8adfe18000 ---p 00008000 08:03 404114                     /usr/lib/x86_64-linux-gnu/libxcb-render.so.0.0.0
7f8adfe18000-7f8adfe19000 r--p 00008000 08:03 404114                     /usr/lib/x86_64-linux-gnu/libxcb-render.so.0.0.0
7f8adfe19000-7f8adfe1a000 rw-p 00009000 08:03 404114                     /usr/lib/x86_64-linux-gnu/libxcb-render.so.0.0.0
7f8adfe1a000-7f8adfe1c000 r-xp 00000000 08:03 404118                     /usr/lib/x86_64-linux-gnu/libxcb-shm.so.0.0.0
7f8adfe1c000-7f8ae001c000 ---p 00002000 08:03 404118                     /usr/lib/x86_64-linux-gnu/libxcb-shm.so.0.0.0
7f8ae001c000-7f8ae001d000 r--p 00002000 08:03 404118                     /usr/lib/x86_64-linux-gnu/libxcb-shm.so.0.0.0
7f8ae001d000-7f8ae001e000 rw-p 00003000 08:03 404118                     /usr/lib/x86_64-linux-gnu/libxcb-shm.so.0.0.0
7f8ae001e000-7f8ae0042000 r-xp 00000000 08:03 1840269                    /lib/x86_64-linux-gnu/libpng12.so.0.54.0
7f8ae0042000-7f8ae0241000 ---p 00024000 08:03 1840269                    /lib/x86_64-linux-gnu/libpng12.so.0.54.0
7f8ae0241000-7f8ae0242000 r--p 00023000 08:03 1840269                    /lib/x86_64-linux-gnu/libpng12.so.0.54.0
7f8ae0242000-7f8ae0243000 rw-p 00024000 08:03 1840269                    /lib/x86_64-linux-gnu/libpng12.so.0.54.0
7f8ae0243000-7f8ae02e2000 r-xp 00000000 08:03 403711                     /usr/lib/x86_64-linux-gnu/libpixman-1.so.0.33.6
7f8ae02e2000-7f8ae04e2000 ---p 0009f000 08:03 403711                     /usr/lib/x86_64-linux-gnu/libpixman-1.so.0.33.6
7f8ae04e2000-7f8ae04ea000 r--p 0009f000 08:03 403711                     /usr/lib/x86_64-linux-gnu/libpixman-1.so.0.33.6
7f8ae04ea000-7f8ae04eb000 rw-p 000a7000 08:03 403711                     /usr/lib/x86_64-linux-gnu/libpixman-1.so.0.33.6
7f8ae04eb000-7f8ae0547000 r-xp 00000000 08:03 395340                     /usr/lib/x86_64-linux-gnu/libharfbuzz.so.0.10000.1
7f8ae0547000-7f8ae0747000 ---p 0005c000 08:03 395340                     /usr/lib/x86_64-linux-gnu/libharfbuzz.so.0.10000.1
7f8ae0747000-7f8ae0748000 r--p 0005c000 08:03 395340                     /usr/lib/x86_64-linux-gnu/libharfbuzz.so.0.10000.1
7f8ae0748000-7f8ae0749000 rw-p 0005d000 08:03 395340                     /usr/lib/x86_64-linux-gnu/libharfbuzz.so.0.10000.1
7f8ae0749000-7f8ae0760000 r-xp 00000000 08:03 1848112                    /lib/x86_64-linux-gnu/libresolv-2.23.so
7f8ae0760000-7f8ae0960000 ---p 00017000 08:03 1848112                    /lib/x86_64-linux-gnu/libresolv-2.23.so
7f8ae0960000-7f8ae0961000 r--p 00017000 08:03 1848112                    /lib/x86_64-linux-gnu/libresolv-2.23.so
7f8ae0961000-7f8ae0962000 rw-p 00018000 08:03 1848112                    /lib/x86_64-linux-gnu/libresolv-2.23.so
7f8ae0962000-7f8ae0964000 rw-p 00000000 00:00 0 
7f8ae0964000-7f8ae0983000 r-xp 00000000 08:03 1840286                    /lib/x86_64-linux-gnu/libselinux.so.1
7f8ae0983000-7f8ae0b82000 ---p 0001f000 08:03 1840286                    /lib/x86_64-linux-gnu/libselinux.so.1
7f8ae0b82000-7f8ae0b83000 r--p 0001e000 08:03 1840286                    /lib/x86_64-linux-gnu/libselinux.so.1
7f8ae0b83000-7f8ae0b84000 rw-p 0001f000 08:03 1840286                    /lib/x86_64-linux-gnu/libselinux.so.1
7f8ae0b84000-7f8ae0b86000 rw-p 00000000 00:00 0 
7f8ae0b86000-7f8ae0b9f000 r-xp 00000000 08:03 1840319                    /lib/x86_64-linux-gnu/libz.so.1.2.8
7f8ae0b9f000-7f8ae0d9e000 ---p 00019000 08:03 1840319                    /lib/x86_64-linux-gnu/libz.so.1.2.8
7f8ae0d9e000-7f8ae0d9f000 r--p 00018000 08:03 1840319                    /lib/x86_64-linux-gnu/libz.so.1.2.8
7f8ae0d9f000-7f8ae0da0000 rw-p 00019000 08:03 1840319                    /lib/x86_64-linux-gnu/libz.so.1.2.8
7f8ae0da0000-7f8ae0db1000 r-xp 00000000 08:03 402763                     /usr/lib/x86_64-linux-gnu/libXext.so.6.4.0
7f8ae0db1000-7f8ae0fb0000 ---p 00011000 08:03 402763                     /usr/lib/x86_64-linux-gnu/libXext.so.6.4.0
7f8ae0fb0000-7f8ae0fb1000 r--p 00010000 08:03 402763                     /usr/lib/x86_64-linux-gnu/libXext.so.6.4.0
7f8ae0fb1000-7f8ae0fb2000 rw-p 00011000 08:03 402763                     /usr/lib/x86_64-linux-gnu/libXext.so.6.4.0
7f8ae0fb2000-7f8ae0fb4000 r-xp 00000000 08:03 402759                     /usr/lib/x86_64-linux-gnu/libXdamage.so.1.1.0
7f8ae0fb4000-7f8ae11b3000 ---p 00002000 08:03 402759                     /usr/lib/x86_64-linux-gnu/libXdamage.so.1.1.0
7f8ae11b3000-7f8ae11b4000 r--p 00001000 08:03 402759                     /usr/lib/x86_64-linux-gnu/libXdamage.so.1.1.0
7f8ae11b4000-7f8ae11b5000 rw-p 00002000 08:03 402759                     /usr/lib/x86_64-linux-gnu/libXdamage.so.1.1.0
7f8ae11b5000-7f8ae11b7000 r-xp 00000000 08:03 402755                     /usr/lib/x86_64-linux-gnu/libXcomposite.so.1.0.0
7f8ae11b7000-7f8ae13b6000 ---p 00002000 08:03 402755                     /usr/lib/x86_64-linux-gnu/libXcomposite.so.1.0.0
7f8ae13b6000-7f8ae13b7000 r--p 00001000 08:03 402755                     /usr/lib/x86_64-linux-gnu/libXcomposite.so.1.0.0
7f8ae13b7000-7f8ae13b8000 rw-p 00002000 08:03 402755                     /usr/lib/x86_64-linux-gnu/libXcomposite.so.1.0.0
7f8ae13b8000-7f8ae13c1000 r-xp 00000000 08:03 402757                     /usr/lib/x86_64-linux-gnu/libXcursor.so.1.0.2
7f8ae13c1000-7f8ae15c0000 ---p 00009000 08:03 402757                     /usr/lib/x86_64-linux-gnu/libXcursor.so.1.0.2
7f8ae15c0000-7f8ae15c1000 r--p 00008000 08:03 402757                     /usr/lib/x86_64-linux-gnu/libXcursor.so.1.0.2
7f8ae15c1000-7f8ae15c2000 rw-p 00009000 08:03 402757                     /usr/lib/x86_64-linux-gnu/libXcursor.so.1.0.2
7f8ae15c2000-7f8ae15cc000 r-xp 00000000 08:03 402781                     /usr/lib/x86_64-linux-gnu/libXrandr.so.2.2.0
7f8ae15cc000-7f8ae17cb000 ---p 0000a000 08:03 402781                     /usr/lib/x86_64-linux-gnu/libXrandr.so.2.2.0
7f8ae17cb000-7f8ae17cc000 r--p 00009000 08:03 402781                     /usr/lib/x86_64-linux-gnu/libXrandr.so.2.2.0
7f8ae17cc000-7f8ae17cd000 rw-p 0000a000 08:03 402781                     /usr/lib/x86_64-linux-gnu/libXrandr.so.2.2.0
7f8ae17cd000-7f8ae17dc000 r-xp 00000000 08:03 402771                     /usr/lib/x86_64-linux-gnu/libXi.so.6.1.0
7f8ae17dc000-7f8ae19db000 ---p 0000f000 08:03 402771                     /usr/lib/x86_64-linux-gnu/libXi.so.6.1.0
7f8ae19db000-7f8ae19dc000 r--p 0000e000 08:03 402771                     /usr/lib/x86_64-linux-gnu/libXi.so.6.1.0
7f8ae19dc000-7f8ae19dd000 rw-p 0000f000 08:03 402771                     /usr/lib/x86_64-linux-gnu/libXi.so.6.1.0
7f8ae19dd000-7f8ae19df000 r-xp 00000000 08:03 402773                     /usr/lib/x86_64-linux-gnu/libXinerama.so.1.0.0
7f8ae19df000-7f8ae1bde000 ---p 00002000 08:03 402773                     /usr/lib/x86_64-linux-gnu/libXinerama.so.1.0.0
7f8ae1bde000-7f8ae1bdf000 r--p 00001000 08:03 402773                     /usr/lib/x86_64-linux-gnu/libXinerama.so.1.0.0
7f8ae1bdf000-7f8ae1be0000 rw-p 00002000 08:03 402773                     /usr/lib/x86_64-linux-gnu/libXinerama.so.1.0.0
7f8ae1be0000-7f8ae1be9000 r-xp 00000000 08:03 402783                     /usr/lib/x86_64-linux-gnu/libXrender.so.1.3.0
7f8ae1be9000-7f8ae1de8000 ---p 00009000 08:03 402783                     /usr/lib/x86_64-linux-gnu/libXrender.so.1.3.0
7f8ae1de8000-7f8ae1de9000 r--p 00008000 08:03 402783                     /usr/lib/x86_64-linux-gnu/libXrender.so.1.3.0
7f8ae1de9000-7f8ae1dea000 rw-p 00009000 08:03 402783                     /usr/lib/x86_64-linux-gnu/libXrender.so.1.3.0
7f8ae1dea000-7f8ae1def000 r-xp 00000000 08:03 402765                     /usr/lib/x86_64-linux-gnu/libXfixes.so.3.1.0
7f8ae1def000-7f8ae1fee000 ---p 00005000 08:03 402765                     /usr/lib/x86_64-linux-gnu/libXfixes.so.3.1.0
7f8ae1fee000-7f8ae1fef000 r--p 00004000 08:03 402765                     /usr/lib/x86_64-linux-gnu/libXfixes.so.3.1.0
7f8ae1fef000-7f8ae1ff0000 rw-p 00005000 08:03 402765                     /usr/lib/x86_64-linux-gnu/libXfixes.so.3.1.0
7f8ae1ff0000-7f8ae2006000 r-xp 00000000 08:03 1840166                    /lib/x86_64-linux-gnu/libgcc_s.so.1
7f8ae2006000-7f8ae2205000 ---p 00016000 08:03 1840166                    /lib/x86_64-linux-gnu/libgcc_s.so.1
7f8ae2205000-7f8ae2206000 rw-p 00015000 08:03 1840166                    /lib/x86_64-linux-gnu/libgcc_s.so.1
7f8ae2206000-7f8ae2378000 r-xp 00000000 08:03 393289                     /usr/lib/x86_64-linux-gnu/libstdc++.so.6.0.21
7f8ae2378000-7f8ae2578000 ---p 00172000 08:03 393289                     /usr/lib/x86_64-linux-gnu/libstdc++.so.6.0.21
7f8ae2578000-7f8ae2582000 r--p 00172000 08:03 393289                     /usr/lib/x86_64-linux-gnu/libstdc++.so.6.0.21
7f8ae2582000-7f8ae2584000 rw-p 0017c000 08:03 393289                     /usr/lib/x86_64-linux-gnu/libstdc++.so.6.0.21
7f8ae2584000-7f8ae2588000 rw-p 00000000 00:00 0 
7f8ae2588000-7f8ae25b9000 r-xp 00000000 08:03 397049                     /usr/lib/nvidia-367/libGL.so.1.0.0
7f8ae25b9000-7f8ae25eb000 r-xp 00031000 08:03 397049                     /usr/lib/nvidia-367/libGL.so.1.0.0
7f8ae25eb000-7f8ae2615000 r-xp 00063000 08:03 397049                     /usr/lib/nvidia-367/libGL.so.1.0.0
7f8ae2615000-7f8ae2815000 ---p 0008d000 08:03 397049                     /usr/lib/nvidia-367/libGL.so.1.0.0
7f8ae2815000-7f8ae2816000 rw-p 0008d000 08:03 397049                     /usr/lib/nvidia-367/libGL.so.1.0.0
7f8ae2816000-7f8ae2817000 rw-p 00000000 00:00 0 
7f8ae2817000-7f8ae281c000 r-xp 00000000 08:03 402799                     /usr/lib/x86_64-linux-gnu/libXxf86vm.so.1.0.0
7f8ae281c000-7f8ae2a1b000 ---p 00005000 08:03 402799                     /usr/lib/x86_64-linux-gnu/libXxf86vm.so.1.0.0
7f8ae2a1b000-7f8ae2a1c000 r--p 00004000 08:03 402799                     /usr/lib/x86_64-linux-gnu/libXxf86vm.so.1.0.0
7f8ae2a1c000-7f8ae2a1d000 rw-p 00005000 08:03 402799                     /usr/lib/x86_64-linux-gnu/libXxf86vm.so.1.0.0
7f8ae2a1d000-7f8ae2b52000 r-xp 00000000 08:03 402746                     /usr/lib/x86_64-linux-gnu/libX11.so.6.3.0
7f8ae2b52000-7f8ae2d52000 ---p 00135000 08:03 402746                     /usr/lib/x86_64-linux-gnu/libX11.so.6.3.0
7f8ae2d52000-7f8ae2d53000 r--p 00135000 08:03 402746                     /usr/lib/x86_64-linux-gnu/libX11.so.6.3.0
7f8ae2d53000-7f8ae2d57000 rw-p 00136000 08:03 402746                     /usr/lib/x86_64-linux-gnu/libX11.so.6.3.0
7f8ae2d57000-7f8ae2d5c000 r-xp 00000000 08:03 402789                     /usr/lib/x86_64-linux-gnu/libXtst.so.6.1.0
7f8ae2d5c000-7f8ae2f5b000 ---p 00005000 08:03 402789                     /usr/lib/x86_64-linux-gnu/libXtst.so.6.1.0
7f8ae2f5b000-7f8ae2f5c000 r--p 00004000 08:03 402789                     /usr/lib/x86_64-linux-gnu/libXtst.so.6.1.0
7f8ae2f5c000-7f8ae2f5d000 rw-p 00005000 08:03 402789                     /usr/lib/x86_64-linux-gnu/libXtst.so.6.1.0
7f8ae2f5d000-7f8ae306c000 r-xp 00000000 08:03 1835067                    /lib/x86_64-linux-gnu/libglib-2.0.so.0.4800.1
7f8ae306c000-7f8ae326b000 ---p 0010f000 08:03 1835067                    /lib/x86_64-linux-gnu/libglib-2.0.so.0.4800.1
7f8ae326b000-7f8ae326c000 r--p 0010e000 08:03 1835067                    /lib/x86_64-linux-gnu/libglib-2.0.so.0.4800.1
7f8ae326c000-7f8ae326d000 rw-p 0010f000 08:03 1835067                    /lib/x86_64-linux-gnu/libglib-2.0.so.0.4800.1
7f8ae326d000-7f8ae326e000 rw-p 00000000 00:00 0 
7f8ae326e000-7f8ae326f000 r-xp 00000000 08:03 393610                     /usr/lib/x86_64-linux-gnu/libgthread-2.0.so.0.4800.1
7f8ae326f000-7f8ae346e000 ---p 00001000 08:03 393610                     /usr/lib/x86_64-linux-gnu/libgthread-2.0.so.0.4800.1
7f8ae346e000-7f8ae346f000 r--p 00000000 08:03 393610                     /usr/lib/x86_64-linux-gnu/libgthread-2.0.so.0.4800.1
7f8ae346f000-7f8ae3470000 rw-p 00001000 08:03 393610                     /usr/lib/x86_64-linux-gnu/libgthread-2.0.so.0.4800.1
7f8ae3470000-7f8ae3473000 r-xp 00000000 08:03 393634                     /usr/lib/x86_64-linux-gnu/libgmodule-2.0.so.0.4800.1
7f8ae3473000-7f8ae3672000 ---p 00003000 08:03 393634                     /usr/lib/x86_64-linux-gnu/libgmodule-2.0.so.0.4800.1
7f8ae3672000-7f8ae3673000 r--p 00002000 08:03 393634                     /usr/lib/x86_64-linux-gnu/libgmodule-2.0.so.0.4800.1
7f8ae3673000-7f8ae3674000 rw-p 00003000 08:03 393634                     /usr/lib/x86_64-linux-gnu/libgmodule-2.0.so.0.4800.1
7f8ae3674000-7f8ae36c6000 r-xp 00000000 08:03 393658                     /usr/lib/x86_64-linux-gnu/libgobject-2.0.so.0.4800.1
7f8ae36c6000-7f8ae38c5000 ---p 00052000 08:03 393658                     /usr/lib/x86_64-linux-gnu/libgobject-2.0.so.0.4800.1
7f8ae38c5000-7f8ae38c6000 r--p 00051000 08:03 393658                     /usr/lib/x86_64-linux-gnu/libgobject-2.0.so.0.4800.1
7f8ae38c6000-7f8ae38c7000 rw-p 00052000 08:03 393658                     /usr/lib/x86_64-linux-gnu/libgobject-2.0.so.0.4800.1
7f8ae38c7000-7f8ae3904000 r-xp 00000000 08:03 399237                     /usr/lib/x86_64-linux-gnu/libfontconfig.so.1.9.0
7f8ae3904000-7f8ae3b03000 ---p 0003d000 08:03 399237                     /usr/lib/x86_64-linux-gnu/libfontconfig.so.1.9.0
7f8ae3b03000-7f8ae3b05000 r--p 0003c000 08:03 399237                     /usr/lib/x86_64-linux-gnu/libfontconfig.so.1.9.0
7f8ae3b05000-7f8ae3b0a000 rw-p 0003e000 08:03 399237                     /usr/lib/x86_64-linux-gnu/libfontconfig.so.1.9.0
7f8ae3b0a000-7f8ae3bae000 r-xp 00000000 08:03 403180                     /usr/lib/x86_64-linux-gnu/libfreetype.so.6.12.1
7f8ae3bae000-7f8ae3dad000 ---p 000a4000 08:03 403180                     /usr/lib/x86_64-linux-gnu/libfreetype.so.6.12.1
7f8ae3dad000-7f8ae3db3000 r--p 000a3000 08:03 403180                     /usr/lib/x86_64-linux-gnu/libfreetype.so.6.12.1
7f8ae3db3000-7f8ae3db4000 rw-p 000a9000 08:03 403180                     /usr/lib/x86_64-linux-gnu/libfreetype.so.6.12.1
7f8ae3db4000-7f8ae3dfd000 r-xp 00000000 08:03 403681                     /usr/lib/x86_64-linux-gnu/libpango-1.0.so.0.3800.1
7f8ae3dfd000-7f8ae3ffd000 ---p 00049000 08:03 403681                     /usr/lib/x86_64-linux-gnu/libpango-1.0.so.0.3800.1
7f8ae3ffd000-7f8ae3fff000 r--p 00049000 08:03 403681                     /usr/lib/x86_64-linux-gnu/libpango-1.0.so.0.3800.1
7f8ae3fff000-7f8ae4000000 rw-p 0004b000 08:03 403681                     /usr/lib/x86_64-linux-gnu/libpango-1.0.so.0.3800.1
7f8ae4000000-7f8ae4021000 rw-p 00000000 00:00 0 
7f8ae4021000-7f8ae8000000 ---p 00000000 00:00 0 
7f8ae8000000-7f8ae8805000 rw-p 00000000 00:00 0 
7f8ae8805000-7f8aec000000 ---p 00000000 00:00 0 
7f8aec000000-7f8aec474000 rw-p 00000000 00:00 0 
7f8aec474000-7f8af0000000 ---p 00000000 00:00 0 
7f8af0000000-7f8af0021000 rw-p 00000000 00:00 0 
7f8af0021000-7f8af4000000 ---p 00000000 00:00 0 
7f8af4000000-7f8af4282000 rw-p 00000000 00:00 0 
7f8af4282000-7f8af8000000 ---p 00000000 00:00 0 
7f8af8000000-7f8af81d7000 rw-p 00000000 00:00 0 
7f8af81d7000-7f8afc000000 ---p 00000000 00:00 0 
7f8afc000000-7f8afc043000 rw-p 00000000 00:00 0 
7f8afc043000-7f8b00000000 ---p 00000000 00:00 0 
7f8b00000000-7f8b00021000 rw-p 00000000 00:00 0 
7f8b00021000-7f8b04000000 ---p 00000000 00:00 0 
7f8b04000000-7f8b04021000 rw-p 00000000 00:00 0 
7f8b04021000-7f8b08000000 ---p 00000000 00:00 0 
7f8b08000000-7f8b0802b000 rw-p 00000000 00:00 0 
7f8b0802b000-7f8b0c000000 ---p 00000000 00:00 0 
7f8b0c000000-7f8b0c021000 rw-p 00000000 00:00 0 
7f8b0c021000-7f8b10000000 ---p 00000000 00:00 0 
7f8b10000000-7f8b10021000 rw-p 00000000 00:00 0 
7f8b10021000-7f8b14000000 ---p 00000000 00:00 0 
7f8b14000000-7f8b14021000 rw-p 00000000 00:00 0 
7f8b14021000-7f8b18000000 ---p 00000000 00:00 0 
7f8b18000000-7f8b18021000 rw-p 00000000 00:00 0 
7f8b18021000-7f8b1c000000 ---p 00000000 00:00 0 
7f8b1c000000-7f8b1c021000 rw-p 00000000 00:00 0 
7f8b1c021000-7f8b20000000 ---p 00000000 00:00 0 
7f8b20000000-7f8b20021000 rw-p 00000000 00:00 0 
7f8b20021000-7f8b24000000 ---p 00000000 00:00 0 
7f8b24000000-7f8b24021000 rw-p 00000000 00:00 0 
7f8b24021000-7f8b28000000 ---p 00000000 00:00 0 
7f8b28000000-7f8b28001000 r--s 00000000 08:03 664002                     /var/cache/fontconfig/0c9eb80ebd1c36541ebe2852d3bb0c49-le64.cache-6
7f8b28001000-7f8b28006000 r--p 00000000 08:06 1316917                    /home/mostafa/.config/dconf/user
7f8b28006000-7f8b28019000 rw-s 91861000 00:06 552                        /dev/nvidiactl
7f8b28019000-7f8b2801d000 rw-s 91072000 00:06 552                        /dev/nvidiactl
7f8b2801d000-7f8b2812b000 r-xp 00000000 08:03 402910                     /usr/lib/x86_64-linux-gnu/libcairo.so.2.11400.6
7f8b2812b000-7f8b2832b000 ---p 0010e000 08:03 402910                     /usr/lib/x86_64-linux-gnu/libcairo.so.2.11400.6
7f8b2832b000-7f8b2832e000 r--p 0010e000 08:03 402910                     /usr/lib/x86_64-linux-gnu/libcairo.so.2.11400.6
7f8b2832e000-7f8b2832f000 rw-p 00111000 08:03 402910                     /usr/lib/x86_64-linux-gnu/libcairo.so.2.11400.6
7f8b2832f000-7f8b28331000 rw-p 00000000 00:00 0 
7f8b28331000-7f8b2833d000 r-xp 00000000 08:03 403683                     /usr/lib/x86_64-linux-gnu/libpangocairo-1.0.so.0.3800.1
7f8b2833d000-7f8b2853c000 ---p 0000c000 08:03 403683                     /usr/lib/x86_64-linux-gnu/libpangocairo-1.0.so.0.3800.1
7f8b2853c000-7f8b2853d000 r--p 0000b000 08:03 403683                     /usr/lib/x86_64-linux-gnu/libpangocairo-1.0.so.0.3800.1
7f8b2853d000-7f8b2853e000 rw-p 0000c000 08:03 403683                     /usr/lib/x86_64-linux-gnu/libpangocairo-1.0.so.0.3800.1
7f8b2853e000-7f8b2855f000 r-xp 00000000 08:03 393495                     /usr/lib/x86_64-linux-gnu/libgdk_pixbuf-2.0.so.0.3200.2
7f8b2855f000-7f8b2875e000 ---p 00021000 08:03 393495                     /usr/lib/x86_64-linux-gnu/libgdk_pixbuf-2.0.so.0.3200.2
7f8b2875e000-7f8b2875f000 r--p 00020000 08:03 393495                     /usr/lib/x86_64-linux-gnu/libgdk_pixbuf-2.0.so.0.3200.2
7f8b2875f000-7f8b28760000 rw-p 00021000 08:03 393495                     /usr/lib/x86_64-linux-gnu/libgdk_pixbuf-2.0.so.0.3200.2
7f8b28760000-7f8b28774000 r-xp 00000000 08:03 403685                     /usr/lib/x86_64-linux-gnu/libpangoft2-1.0.so.0.3800.1
7f8b28774000-7f8b28974000 ---p 00014000 08:03 403685                     /usr/lib/x86_64-linux-gnu/libpangoft2-1.0.so.0.3800.1
7f8b28974000-7f8b28975000 r--p 00014000 08:03 403685                     /usr/lib/x86_64-linux-gnu/libpangoft2-1.0.so.0.3800.1
7f8b28975000-7f8b28976000 rw-p 00015000 08:03 403685                     /usr/lib/x86_64-linux-gnu/libpangoft2-1.0.so.0.3800.1
7f8b28976000-7f8b28af6000 r-xp 00000000 08:03 393655                     /usr/lib/x86_64-linux-gnu/libgio-2.0.so.0.4800.1
7f8b28af6000-7f8b28cf6000 ---p 00180000 08:03 393655                     /usr/lib/x86_64-linux-gnu/libgio-2.0.so.0.4800.1
7f8b28cf6000-7f8b28cfa000 r--p 00180000 08:03 393655                     /usr/lib/x86_64-linux-gnu/libgio-2.0.so.0.4800.1
7f8b28cfa000-7f8b28cfc000 rw-p 00184000 08:03 393655                     /usr/lib/x86_64-linux-gnu/libgio-2.0.so.0.4800.1
7f8b28cfc000-7f8b28cfe000 rw-p 00000000 00:00 0 
7f8b28cfe000-7f8b28d20000 r-xp 00000000 08:03 402854                     /usr/lib/x86_64-linux-gnu/libatk-1.0.so.0.21809.1
7f8b28d20000-7f8b28f1f000 ---p 00022000 08:03 402854                     /usr/lib/x86_64-linux-gnu/libatk-1.0.so.0.21809.1
7f8b28f1f000-7f8b28f22000 r--p 00021000 08:03 402854                     /usr/lib/x86_64-linux-gnu/libatk-1.0.so.0.21809.1
7f8b28f22000-7f8b28f23000 rw-p 00024000 08:03 402854                     /usr/lib/x86_64-linux-gnu/libatk-1.0.so.0.21809.1
7f8b28f23000-7f8b28fd3000 r-xp 00000000 08:03 403219                     /usr/lib/x86_64-linux-gnu/libgdk-x11-2.0.so.0.2400.30
7f8b28fd3000-7f8b291d2000 ---p 000b0000 08:03 403219                     /usr/lib/x86_64-linux-gnu/libgdk-x11-2.0.so.0.2400.30
7f8b291d2000-7f8b291d6000 r--p 000af000 08:03 403219                     /usr/lib/x86_64-linux-gnu/libgdk-x11-2.0.so.0.2400.30
7f8b291d6000-7f8b291d8000 rw-p 000b3000 08:03 403219                     /usr/lib/x86_64-linux-gnu/libgdk-x11-2.0.so.0.2400.30
7f8b291d8000-7f8b29616000 r-xp 00000000 08:03 403364                     /usr/lib/x86_64-linux-gnu/libgtk-x11-2.0.so.0.2400.30
7f8b29616000-7f8b29815000 ---p 0043e000 08:03 403364                     /usr/lib/x86_64-linux-gnu/libgtk-x11-2.0.so.0.2400.30
7f8b29815000-7f8b2981c000 r--p 0043d000 08:03 403364                     /usr/lib/x86_64-linux-gnu/libgtk-x11-2.0.so.0.2400.30
7f8b2981c000-7f8b29820000 rw-p 00444000 08:03 403364                     /usr/lib/x86_64-linux-gnu/libgtk-x11-2.0.so.0.2400.30
7f8b29820000-7f8b29823000 rw-p 00000000 00:00 0 
7f8b29823000-7f8b29824000 r--s 00000000 00:29 32                         /run/user/1000/dconf/user
7f8b29824000-7f8b29825000 rw-s 91860000 00:06 552                        /dev/nvidiactl
7f8b29845000-7f8b29851000 r-xp 00000000 08:03 2493705                    /usr/lib/jvm/java-8-oracle/jre/lib/amd64/libprism_es2.so
7f8b29851000-7f8b29a50000 ---p 0000c000 08:03 2493705                    /usr/lib/jvm/java-8-oracle/jre/lib/amd64/libprism_es2.so
7f8b29a50000-7f8b29a51000 rw-p 0000b000 08:03 2493705                    /usr/lib/jvm/java-8-oracle/jre/lib/amd64/libprism_es2.so
7f8b29a51000-7f8b29a54000 ---p 00000000 00:00 0 
7f8b29a54000-7f8b29b52000 rw-p 00000000 00:00 0 
7f8b29b52000-7f8b29be8000 r--s 01103000 08:03 2493769                    /usr/lib/jvm/java-8-oracle/jre/lib/ext/jfxrt.jar
7f8b29be8000-7f8b29bfb000 r--s 00345000 08:03 2493917                    /usr/lib/jvm/java-8-oracle/jre/lib/resources.jar
7f8b29bfb000-7f8b29c0d000 r--s 000d6000 08:03 2493916                    /usr/lib/jvm/java-8-oracle/jre/lib/plugin.jar
7f8b29c0d000-7f8b29c28000 r--s 00208000 08:03 2493801                    /usr/lib/jvm/java-8-oracle/jre/lib/deploy.jar
7f8b29c28000-7f8b29c29000 ---p 00000000 00:00 0 
7f8b29c29000-7f8b29d29000 rw-p 00000000 00:00 0 
7f8b29d29000-7f8b29d2c000 ---p 00000000 00:00 0 
7f8b29d2c000-7f8b29e2a000 rw-p 00000000 00:00 0 
7f8b29e2a000-7f8b29e2d000 ---p 00000000 00:00 0 
7f8b29e2d000-7f8b29f2b000 rw-p 00000000 00:00 0 
7f8b29f2b000-7f8b29f2e000 ---p 00000000 00:00 0 
7f8b29f2e000-7f8b2a02c000 rw-p 00000000 00:00 0 
7f8b2a02c000-7f8b2a02f000 ---p 00000000 00:00 0 
7f8b2a02f000-7f8b2a12d000 rw-p 00000000 00:00 0 
7f8b2a12d000-7f8b2a130000 ---p 00000000 00:00 0 
7f8b2a130000-7f8b2a22e000 rw-p 00000000 00:00 0 
7f8b2a22e000-7f8b2a231000 ---p 00000000 00:00 0 
7f8b2a231000-7f8b2a32f000 rw-p 00000000 00:00 0 
7f8b2a32f000-7f8b2a332000 ---p 00000000 00:00 0 
7f8b2a332000-7f8b2a430000 rw-p 00000000 00:00 0 
7f8b2a430000-7f8b2a434000 r-xp 00000000 08:03 2493734                    /usr/lib/jvm/java-8-oracle/jre/lib/amd64/libdt_socket.so
7f8b2a434000-7f8b2a633000 ---p 00004000 08:03 2493734                    /usr/lib/jvm/java-8-oracle/jre/lib/amd64/libdt_socket.so
7f8b2a633000-7f8b2a634000 rw-p 00003000 08:03 2493734                    /usr/lib/jvm/java-8-oracle/jre/lib/amd64/libdt_socket.so
7f8b2a634000-7f8b2a637000 ---p 00000000 00:00 0 
7f8b2a637000-7f8b2a735000 rw-p 00000000 00:00 0 
7f8b2a735000-7f8b2a738000 ---p 00000000 00:00 0 
7f8b2a738000-7f8b2a836000 rw-p 00000000 00:00 0 
7f8b2a836000-7f8b2a839000 ---p 00000000 00:00 0 
7f8b2a839000-7f8b2a937000 rw-p 00000000 00:00 0 
7f8b2a937000-7f8b2a938000 ---p 00000000 00:00 0 
7f8b2a938000-7f8b2d000000 rw-p 00000000 00:00 0 
7f8b2d000000-7f8b2d4b0000 rwxp 00000000 00:00 0 
7f8b2d4b0000-7f8b3c000000 ---p 00000000 00:00 0 
7f8b3c000000-7f8b3c453000 rw-p 00000000 00:00 0 
7f8b3c453000-7f8b40000000 ---p 00000000 00:00 0 
7f8b40000000-7f8b40001000 rw-s aff6b000 00:06 553                        /dev/nvidia0
7f8b40001000-7f8b40002000 rw-s aff6a000 00:06 553                        /dev/nvidia0
7f8b40002000-7f8b40003000 rw-s aff69000 00:06 553                        /dev/nvidia0
7f8b40003000-7f8b40004000 rw-s 91852000 00:06 552                        /dev/nvidiactl
7f8b40004000-7f8b40005000 rw-s d0060000 00:06 553                        /dev/nvidia0
7f8b40005000-7f8b40009000 r--s 00097000 08:03 2493637                    /usr/lib/jvm/java-8-oracle/jre/lib/jsse.jar
7f8b40009000-7f8b4000b000 r--s 00007000 08:03 2493758                    /usr/lib/jvm/java-8-oracle/jre/lib/jfxswt.jar
7f8b4000b000-7f8b40010000 r--s 00084000 08:03 2493792                    /usr/lib/jvm/java-8-oracle/jre/lib/jfr.jar
7f8b40010000-7f8b4001a000 r--s 0006c000 08:03 2493800                    /usr/lib/jvm/java-8-oracle/jre/lib/javaws.jar
7f8b4001a000-7f8b407c6000 rw-p 00000000 00:00 0 
7f8b407c6000-7f8b4099e000 r--s 03d2a000 08:03 2493685                    /usr/lib/jvm/java-8-oracle/jre/lib/rt.jar
7f8b4099e000-7f8b413f0000 rw-p 00000000 00:00 0 
7f8b413f0000-7f8b413f1000 ---p 00000000 00:00 0 
7f8b413f1000-7f8b414f1000 rw-p 00000000 00:00 0 
7f8b414f1000-7f8b414f2000 ---p 00000000 00:00 0 
7f8b414f2000-7f8b415f2000 rw-p 00000000 00:00 0 
7f8b415f2000-7f8b415f3000 ---p 00000000 00:00 0 
7f8b415f3000-7f8b416f3000 rw-p 00000000 00:00 0 
7f8b416f3000-7f8b416f4000 ---p 00000000 00:00 0 
7f8b416f4000-7f8b41808000 rw-p 00000000 00:00 0 
7f8b41808000-7f8b41932000 ---p 00000000 00:00 0 
7f8b41932000-7f8b41946000 rw-p 00000000 00:00 0 
7f8b41946000-7f8b41a6f000 ---p 00000000 00:00 0 
7f8b41a6f000-7f8b41a7a000 rw-p 00000000 00:00 0 
7f8b41a7a000-7f8b41b0e000 ---p 00000000 00:00 0 
7f8b41b0e000-7f8b41b22000 rw-p 00000000 00:00 0 
7f8b41b22000-7f8b41ecf000 ---p 00000000 00:00 0 
7f8b41ecf000-7f8b41ee9000 r-xp 00000000 08:03 2493716                    /usr/lib/jvm/java-8-oracle/jre/lib/amd64/libzip.so
7f8b41ee9000-7f8b420e9000 ---p 0001a000 08:03 2493716                    /usr/lib/jvm/java-8-oracle/jre/lib/amd64/libzip.so
7f8b420e9000-7f8b420ea000 rw-p 0001a000 08:03 2493716                    /usr/lib/jvm/java-8-oracle/jre/lib/amd64/libzip.so
7f8b420ea000-7f8b420f5000 r-xp 00000000 08:03 1848107                    /lib/x86_64-linux-gnu/libnss_files-2.23.so
7f8b420f5000-7f8b422f4000 ---p 0000b000 08:03 1848107                    /lib/x86_64-linux-gnu/libnss_files-2.23.so
7f8b422f4000-7f8b422f5000 r--p 0000a000 08:03 1848107                    /lib/x86_64-linux-gnu/libnss_files-2.23.so
7f8b422f5000-7f8b422f6000 rw-p 0000b000 08:03 1848107                    /lib/x86_64-linux-gnu/libnss_files-2.23.so
7f8b422f6000-7f8b422fc000 rw-p 00000000 00:00 0 
7f8b422fc000-7f8b42307000 r-xp 00000000 08:03 1848104                    /lib/x86_64-linux-gnu/libnss_nis-2.23.so
7f8b42307000-7f8b42506000 ---p 0000b000 08:03 1848104                    /lib/x86_64-linux-gnu/libnss_nis-2.23.so
7f8b42506000-7f8b42507000 r--p 0000a000 08:03 1848104                    /lib/x86_64-linux-gnu/libnss_nis-2.23.so
7f8b42507000-7f8b42508000 rw-p 0000b000 08:03 1848104                    /lib/x86_64-linux-gnu/libnss_nis-2.23.so
7f8b42508000-7f8b4251e000 r-xp 00000000 08:03 1848102                    /lib/x86_64-linux-gnu/libnsl-2.23.so
7f8b4251e000-7f8b4271d000 ---p 00016000 08:03 1848102                    /lib/x86_64-linux-gnu/libnsl-2.23.so
7f8b4271d000-7f8b4271e000 r--p 00015000 08:03 1848102                    /lib/x86_64-linux-gnu/libnsl-2.23.so
7f8b4271e000-7f8b4271f000 rw-p 00016000 08:03 1848102                    /lib/x86_64-linux-gnu/libnsl-2.23.so
7f8b4271f000-7f8b42721000 rw-p 00000000 00:00 0 
7f8b42721000-7f8b42729000 r-xp 00000000 08:03 1848100                    /lib/x86_64-linux-gnu/libnss_compat-2.23.so
7f8b42729000-7f8b42928000 ---p 00008000 08:03 1848100                    /lib/x86_64-linux-gnu/libnss_compat-2.23.so
7f8b42928000-7f8b42929000 r--p 00007000 08:03 1848100                    /lib/x86_64-linux-gnu/libnss_compat-2.23.so
7f8b42929000-7f8b4292a000 rw-p 00008000 08:03 1848100                    /lib/x86_64-linux-gnu/libnss_compat-2.23.so
7f8b4292a000-7f8b42c03000 r--p 00000000 08:03 393281                     /usr/lib/locale/locale-archive
7f8b42c03000-7f8b42c05000 r-xp 00000000 08:03 2493724                    /usr/lib/jvm/java-8-oracle/jre/lib/amd64/libnpt.so
7f8b42c05000-7f8b42e05000 ---p 00002000 08:03 2493724                    /usr/lib/jvm/java-8-oracle/jre/lib/amd64/libnpt.so
7f8b42e05000-7f8b42e06000 rw-p 00002000 08:03 2493724                    /usr/lib/jvm/java-8-oracle/jre/lib/amd64/libnpt.so
7f8b42e06000-7f8b42e3f000 r-xp 00000000 08:03 2493690                    /usr/lib/jvm/java-8-oracle/jre/lib/amd64/libjdwp.so
7f8b42e3f000-7f8b4303e000 ---p 00039000 08:03 2493690                    /usr/lib/jvm/java-8-oracle/jre/lib/amd64/libjdwp.so
7f8b4303e000-7f8b43040000 rw-p 00038000 08:03 2493690                    /usr/lib/jvm/java-8-oracle/jre/lib/amd64/libjdwp.so
7f8b43040000-7f8b4306b000 r-xp 00000000 08:03 2493743                    /usr/lib/jvm/java-8-oracle/jre/lib/amd64/libjava.so
7f8b4306b000-7f8b4326a000 ---p 0002b000 08:03 2493743                    /usr/lib/jvm/java-8-oracle/jre/lib/amd64/libjava.so
7f8b4326a000-7f8b4326c000 rw-p 0002a000 08:03 2493743                    /usr/lib/jvm/java-8-oracle/jre/lib/amd64/libjava.so
7f8b4326c000-7f8b43279000 r-xp 00000000 08:03 2493694                    /usr/lib/jvm/java-8-oracle/jre/lib/amd64/libverify.so
7f8b43279000-7f8b43478000 ---p 0000d000 08:03 2493694                    /usr/lib/jvm/java-8-oracle/jre/lib/amd64/libverify.so
7f8b43478000-7f8b4347a000 rw-p 0000c000 08:03 2493694                    /usr/lib/jvm/java-8-oracle/jre/lib/amd64/libverify.so
7f8b4347a000-7f8b43481000 r-xp 00000000 08:03 1848116                    /lib/x86_64-linux-gnu/librt-2.23.so
7f8b43481000-7f8b43680000 ---p 00007000 08:03 1848116                    /lib/x86_64-linux-gnu/librt-2.23.so
7f8b43680000-7f8b43681000 r--p 00006000 08:03 1848116                    /lib/x86_64-linux-gnu/librt-2.23.so
7f8b43681000-7f8b43682000 rw-p 00007000 08:03 1848116                    /lib/x86_64-linux-gnu/librt-2.23.so
7f8b43682000-7f8b4378a000 r-xp 00000000 08:03 1848113                    /lib/x86_64-linux-gnu/libm-2.23.so
7f8b4378a000-7f8b43989000 ---p 00108000 08:03 1848113                    /lib/x86_64-linux-gnu/libm-2.23.so
7f8b43989000-7f8b4398a000 r--p 00107000 08:03 1848113                    /lib/x86_64-linux-gnu/libm-2.23.so
7f8b4398a000-7f8b4398b000 rw-p 00108000 08:03 1848113                    /lib/x86_64-linux-gnu/libm-2.23.so
7f8b4398b000-7f8b44658000 r-xp 00000000 08:03 2493747                    /usr/lib/jvm/java-8-oracle/jre/lib/amd64/server/libjvm.so
7f8b44658000-7f8b44857000 ---p 00ccd000 08:03 2493747                    /usr/lib/jvm/java-8-oracle/jre/lib/amd64/server/libjvm.so
7f8b44857000-7f8b44930000 rw-p 00ccc000 08:03 2493747                    /usr/lib/jvm/java-8-oracle/jre/lib/amd64/server/libjvm.so
7f8b44930000-7f8b4497b000 rw-p 00000000 00:00 0 
7f8b4497b000-7f8b44b3a000 r-xp 00000000 08:03 1848121                    /lib/x86_64-linux-gnu/libc-2.23.so
7f8b44b3a000-7f8b44d3a000 ---p 001bf000 08:03 1848121                    /lib/x86_64-linux-gnu/libc-2.23.so
7f8b44d3a000-7f8b44d3e000 r--p 001bf000 08:03 1848121                    /lib/x86_64-linux-gnu/libc-2.23.so
7f8b44d3e000-7f8b44d40000 rw-p 001c3000 08:03 1848121                    /lib/x86_64-linux-gnu/libc-2.23.so
7f8b44d40000-7f8b44d44000 rw-p 00000000 00:00 0 
7f8b44d44000-7f8b44d47000 r-xp 00000000 08:03 1848122                    /lib/x86_64-linux-gnu/libdl-2.23.so
7f8b44d47000-7f8b44f46000 ---p 00003000 08:03 1848122                    /lib/x86_64-linux-gnu/libdl-2.23.so
7f8b44f46000-7f8b44f47000 r--p 00002000 08:03 1848122                    /lib/x86_64-linux-gnu/libdl-2.23.so
7f8b44f47000-7f8b44f48000 rw-p 00003000 08:03 1848122                    /lib/x86_64-linux-gnu/libdl-2.23.so
7f8b44f48000-7f8b44f5d000 r-xp 00000000 08:03 2492804                    /usr/lib/jvm/java-8-oracle/lib/amd64/jli/libjli.so
7f8b44f5d000-7f8b4515d000 ---p 00015000 08:03 2492804                    /usr/lib/jvm/java-8-oracle/lib/amd64/jli/libjli.so
7f8b4515d000-7f8b4515e000 rw-p 00015000 08:03 2492804                    /usr/lib/jvm/java-8-oracle/lib/amd64/jli/libjli.so
7f8b4515e000-7f8b45176000 r-xp 00000000 08:03 1848120                    /lib/x86_64-linux-gnu/libpthread-2.23.so
7f8b45176000-7f8b45375000 ---p 00018000 08:03 1848120                    /lib/x86_64-linux-gnu/libpthread-2.23.so
7f8b45375000-7f8b45376000 r--p 00017000 08:03 1848120                    /lib/x86_64-linux-gnu/libpthread-2.23.so
7f8b45376000-7f8b45377000 rw-p 00018000 08:03 1848120                    /lib/x86_64-linux-gnu/libpthread-2.23.so
7f8b45377000-7f8b4537b000 rw-p 00000000 00:00 0 
7f8b4537b000-7f8b453a1000 r-xp 00000000 08:03 1848117                    /lib/x86_64-linux-gnu/ld-2.23.so
7f8b453a1000-7f8b453a2000 r--s 00000000 08:03 2493764                    /usr/lib/jvm/java-8-oracle/jre/lib/management-agent.jar
7f8b453a2000-7f8b453a5000 r--s 0001a000 08:03 2493947                    /usr/lib/jvm/java-8-oracle/jre/lib/jce.jar
7f8b453a5000-7f8b45477000 rw-p 00000000 00:00 0 
7f8b45477000-7f8b4547a000 ---p 00000000 00:00 0 
7f8b4547a000-7f8b4557c000 rw-p 00000000 00:00 0 
7f8b4557c000-7f8b45581000 r--s 002f9000 08:03 2493638                    /usr/lib/jvm/java-8-oracle/jre/lib/charsets.jar
7f8b45581000-7f8b45594000 rw-p 00000000 00:00 0 
7f8b45594000-7f8b4559c000 rw-s 00000000 08:03 262240                     /tmp/hsperfdata_mostafa/3380
7f8b4559c000-7f8b4559d000 rw-p 00000000 00:00 0 
7f8b4559d000-7f8b4559e000 r--p 00000000 00:00 0 
7f8b4559e000-7f8b455a0000 rw-p 00000000 00:00 0 
7f8b455a0000-7f8b455a1000 r--p 00025000 08:03 1848117                    /lib/x86_64-linux-gnu/ld-2.23.so
7f8b455a1000-7f8b455a2000 rw-p 00026000 08:03 1848117                    /lib/x86_64-linux-gnu/ld-2.23.so
7f8b455a2000-7f8b455a3000 rw-p 00000000 00:00 0 
7ffed151b000-7ffed153c000 rw-p 00000000 00:00 0                          [stack]
7ffed15a2000-7ffed15a4000 r--p 00000000 00:00 0                          [vvar]
7ffed15a4000-7ffed15a6000 r-xp 00000000 00:00 0                          [vdso]
ffffffffff600000-ffffffffff601000 r-xp 00000000 00:00 0                  [vsyscall]

VM Arguments:
jvm_args: -agentlib:jdwp=transport=dt_socket,address=127.0.0.1:33039,suspend=y,server=n -Dfile.encoding=UTF-8 
java_command: sample.Main
java_class_path (initial): /usr/lib/jvm/java-8-oracle/jre/lib/charsets.jar:/usr/lib/jvm/java-8-oracle/jre/lib/deploy.jar:/usr/lib/jvm/java-8-oracle/jre/lib/ext/cldrdata.jar:/usr/lib/jvm/java-8-oracle/jre/lib/ext/dnsns.jar:/usr/lib/jvm/java-8-oracle/jre/lib/ext/jaccess.jar:/usr/lib/jvm/java-8-oracle/jre/lib/ext/jfxrt.jar:/usr/lib/jvm/java-8-oracle/jre/lib/ext/localedata.jar:/usr/lib/jvm/java-8-oracle/jre/lib/ext/nashorn.jar:/usr/lib/jvm/java-8-oracle/jre/lib/ext/sunec.jar:/usr/lib/jvm/java-8-oracle/jre/lib/ext/sunjce_provider.jar:/usr/lib/jvm/java-8-oracle/jre/lib/ext/sunpkcs11.jar:/usr/lib/jvm/java-8-oracle/jre/lib/ext/zipfs.jar:/usr/lib/jvm/java-8-oracle/jre/lib/javaws.jar:/usr/lib/jvm/java-8-oracle/jre/lib/jce.jar:/usr/lib/jvm/java-8-oracle/jre/lib/jfr.jar:/usr/lib/jvm/java-8-oracle/jre/lib/jfxswt.jar:/usr/lib/jvm/java-8-oracle/jre/lib/jsse.jar:/usr/lib/jvm/java-8-oracle/jre/lib/management-agent.jar:/usr/lib/jvm/java-8-oracle/jre/lib/plugin.jar:/usr/lib/jvm/java-8-oracle/jre/lib/resources.jar:/usr/lib/jvm/java-8-oracle/jre/lib/rt.jar:/home/mostafa/Desktop/Passing/out/production/Passing:/opt/intellij-idea-community/lib/idea_rt.jar
Launcher Type: SUN_STANDARD

Environment Variables:
JAVA_HOME=/usr/lib/jvm/java-8-oracle
PATH=/usr/local/sbin:/usr/local/bin:/usr/sbin:/usr/bin:/sbin:/bin:/usr/games:/usr/local/games:/snap/bin:/usr/lib/jvm/java-8-oracle/bin:/usr/lib/jvm/java-8-oracle/db/bin:/usr/lib/jvm/java-8-oracle/jre/bin
LD_LIBRARY_PATH=/opt/intellij-idea-community/bin:
SHELL=/bin/bash
DISPLAY=:0

Signal Handlers:
SIGSEGV: [libjvm.so+0xac64b0], sa_mask[0]=11111111011111111101111111111110, sa_flags=SA_RESTART|SA_SIGINFO
SIGBUS: [libjvm.so+0xac64b0], sa_mask[0]=11111111011111111101111111111110, sa_flags=SA_RESTART|SA_SIGINFO
SIGFPE: [libjvm.so+0x91f950], sa_mask[0]=11111111011111111101111111111110, sa_flags=SA_RESTART|SA_SIGINFO
SIGPIPE: SIG_IGN, sa_mask[0]=00000000000010000000000000000000, sa_flags=SA_RESTART
SIGXFSZ: [libjvm.so+0x91f950], sa_mask[0]=11111111011111111101111111111110, sa_flags=SA_RESTART|SA_SIGINFO
SIGILL: [libjvm.so+0x91f950], sa_mask[0]=11111111011111111101111111111110, sa_flags=SA_RESTART|SA_SIGINFO
SIGUSR1: SIG_DFL, sa_mask[0]=00000000000000000000000000000000, sa_flags=none
SIGUSR2: [libjvm.so+0x920f80], sa_mask[0]=00100000000000000000000000000000, sa_flags=SA_RESTART|SA_SIGINFO
SIGHUP: [libjvm.so+0x922380], sa_mask[0]=11111111011111111101111111111110, sa_flags=SA_RESTART|SA_SIGINFO
SIGINT: [libjvm.so+0x922380], sa_mask[0]=11111111011111111101111111111110, sa_flags=SA_RESTART|SA_SIGINFO
SIGTERM: [libjvm.so+0x922380], sa_mask[0]=11111111011111111101111111111110, sa_flags=SA_RESTART|SA_SIGINFO
SIGQUIT: [libjvm.so+0x922380], sa_mask[0]=11111111011111111101111111111110, sa_flags=SA_RESTART|SA_SIGINFO


---------------  S Y S T E M  ---------------

OS:DISTRIB_ID=Ubuntu
DISTRIB_RELEASE=16.04
DISTRIB_CODENAME=xenial
DISTRIB_DESCRIPTION="Ubuntu 16.04.1 LTS"

uname:Linux 4.4.0-47-generic #68-Ubuntu SMP Wed Oct 26 19:39:52 UTC 2016 x86_64
libc:glibc 2.23 NPTL 2.23 
rlimit: STACK 8192k, CORE 0k, NPROC 15037, NOFILE 65536, AS infinity
load average:0.95 0.67 0.46

/proc/meminfo:
MemTotal:        3896084 kB
MemFree:          131372 kB
MemAvailable:    1101116 kB
Buffers:           69656 kB
Cached:          1091732 kB
SwapCached:          240 kB
Active:          2123096 kB
Inactive:        1393484 kB
Active(anon):    1553948 kB
Inactive(anon):   824240 kB
Active(file):     569148 kB
Inactive(file):   569244 kB
Unevictable:         456 kB
Mlocked:             456 kB
SwapTotal:       7812092 kB
SwapFree:        7809952 kB
Dirty:               180 kB
Writeback:             0 kB
AnonPages:       2351120 kB
Mapped:           281756 kB
Shmem:             23004 kB
Slab:             111020 kB
SReclaimable:      76032 kB
SUnreclaim:        34988 kB
KernelStack:        9840 kB
PageTables:        34032 kB
NFS_Unstable:          0 kB
Bounce:                0 kB
WritebackTmp:          0 kB
CommitLimit:     9760132 kB
Committed_AS:    5616820 kB
VmallocTotal:   34359738367 kB
VmallocUsed:           0 kB
VmallocChunk:          0 kB
HardwareCorrupted:     0 kB
AnonHugePages:   1570816 kB
CmaTotal:              0 kB
CmaFree:               0 kB
HugePages_Total:       0
HugePages_Free:        0
HugePages_Rsvd:        0
HugePages_Surp:        0
Hugepagesize:       2048 kB
DirectMap4k:      248064 kB
DirectMap2M:     3794944 kB


CPU:total 4 (2 cores per cpu, 2 threads per core) family 6 model 42 stepping 7, cmov, cx8, fxsr, mmx, sse, sse2, sse3, ssse3, sse4.1, sse4.2, popcnt, avx, aes, clmul, ht, tsc, tscinvbit

/proc/cpuinfo:
processor	: 0
vendor_id	: GenuineIntel
cpu family	: 6
model		: 42
model name	: Intel(R) Core(TM) i5-2450M CPU @ 2.50GHz
stepping	: 7
microcode	: 0x1b
cpu MHz		: 1497.265
cache size	: 3072 KB
physical id	: 0
siblings	: 4
core id		: 0
cpu cores	: 2
apicid		: 0
initial apicid	: 0
fpu		: yes
fpu_exception	: yes
cpuid level	: 13
wp		: yes
flags		: fpu vme de pse tsc msr pae mce cx8 apic sep mtrr pge mca cmov pat pse36 clflush dts acpi mmx fxsr sse sse2 ss ht tm pbe syscall nx rdtscp lm constant_tsc arch_perfmon pebs bts rep_good nopl xtopology nonstop_tsc aperfmperf eagerfpu pni pclmulqdq dtes64 monitor ds_cpl vmx est tm2 ssse3 cx16 xtpr pdcm pcid sse4_1 sse4_2 x2apic popcnt tsc_deadline_timer aes xsave avx lahf_lm epb tpr_shadow vnmi flexpriority ept vpid xsaveopt dtherm ida arat pln pts
bugs		:
bogomips	: 4988.35
clflush size	: 64
cache_alignment	: 64
address sizes	: 36 bits physical, 48 bits virtual
power management:

processor	: 1
vendor_id	: GenuineIntel
cpu family	: 6
model		: 42
model name	: Intel(R) Core(TM) i5-2450M CPU @ 2.50GHz
stepping	: 7
microcode	: 0x1b
cpu MHz		: 1475.976
cache size	: 3072 KB
physical id	: 0
siblings	: 4
core id		: 0
cpu cores	: 2
apicid		: 1
initial apicid	: 1
fpu		: yes
fpu_exception	: yes
cpuid level	: 13
wp		: yes
flags		: fpu vme de pse tsc msr pae mce cx8 apic sep mtrr pge mca cmov pat pse36 clflush dts acpi mmx fxsr sse sse2 ss ht tm pbe syscall nx rdtscp lm constant_tsc arch_perfmon pebs bts rep_good nopl xtopology nonstop_tsc aperfmperf eagerfpu pni pclmulqdq dtes64 monitor ds_cpl vmx est tm2 ssse3 cx16 xtpr pdcm pcid sse4_1 sse4_2 x2apic popcnt tsc_deadline_timer aes xsave avx lahf_lm epb tpr_shadow vnmi flexpriority ept vpid xsaveopt dtherm ida arat pln pts
bugs		:
bogomips	: 4988.35
clflush size	: 64
cache_alignment	: 64
address sizes	: 36 bits physical, 48 bits virtual
power management:

processor	: 2
vendor_id	: GenuineIntel
cpu family	: 6
model		: 42
model name	: Intel(R) Core(TM) i5-2450M CPU @ 2.50GHz
stepping	: 7
microcode	: 0x1b
cpu MHz		: 1500.000
cache size	: 3072 KB
physical id	: 0
siblings	: 4
core id		: 1
cpu cores	: 2
apicid		: 2
initial apicid	: 2
fpu		: yes
fpu_exception	: yes
cpuid level	: 13
wp		: yes
flags		: fpu vme de pse tsc msr pae mce cx8 apic sep mtrr pge mca cmov pat pse36 clflush dts acpi mmx fxsr sse sse2 ss ht tm pbe syscall nx rdtscp lm constant_tsc arch_perfmon pebs bts rep_good nopl xtopology nonstop_tsc aperfmperf eagerfpu pni pclmulqdq dtes64 monitor ds_cpl vmx est tm2 ssse3 cx16 xtpr pdcm pcid sse4_1 sse4_2 x2apic popcnt tsc_deadline_timer aes xsave avx lahf_lm epb tpr_shadow vnmi flexpriority ept vpid xsaveopt dtherm ida arat pln pts
bugs		:
bogomips	: 4988.35
clflush size	: 64
cache_alignment	: 64
address sizes	: 36 bits physical, 48 bits virtual
power management:

processor	: 3
vendor_id	: GenuineIntel
cpu family	: 6
model		: 42
model name	: Intel(R) Core(TM) i5-2450M CPU @ 2.50GHz
stepping	: 7
microcode	: 0x1b
cpu MHz		: 1523.339
cache size	: 3072 KB
physical id	: 0
siblings	: 4
core id		: 1
cpu cores	: 2
apicid		: 3
initial apicid	: 3
fpu		: yes
fpu_exception	: yes
cpuid level	: 13
wp		: yes
flags		: fpu vme de pse tsc msr pae mce cx8 apic sep mtrr pge mca cmov pat pse36 clflush dts acpi mmx fxsr sse sse2 ss ht tm pbe syscall nx rdtscp lm constant_tsc arch_perfmon pebs bts rep_good nopl xtopology nonstop_tsc aperfmperf eagerfpu pni pclmulqdq dtes64 monitor ds_cpl vmx est tm2 ssse3 cx16 xtpr pdcm pcid sse4_1 sse4_2 x2apic popcnt tsc_deadline_timer aes xsave avx lahf_lm epb tpr_shadow vnmi flexpriority ept vpid xsaveopt dtherm ida arat pln pts
bugs		:
bogomips	: 4988.35
clflush size	: 64
cache_alignment	: 64
address sizes	: 36 bits physical, 48 bits virtual
power management:



Memory: 4k page, physical 3896084k(131372k free), swap 7812092k(7809952k free)

vm_info: Java HotSpot(TM) 64-Bit Server VM (25.111-b14) for linux-amd64 JRE (1.8.0_111-b14), built on Sep 22 2016 16:14:03 by "java_re" with gcc 4.3.0 20080428 (Red Hat 4.3.0-8)

time: Sat Dec  3 19:53:13 2016
elapsed time: 213 seconds (0d 0h 3m 33s)

