#
# A fatal error has been detected by the Java Runtime Environment:
#
#  SIGSEGV (0xb) at pc=0x00007f61bb1bed28, pid=2852, tid=0x00007f6152325700
#
# JRE version: Java(TM) SE Runtime Environment (8.0_111-b14) (build 1.8.0_111-b14)
# Java VM: Java HotSpot(TM) 64-Bit Server VM (25.111-b14 mixed mode linux-amd64 compressed oops)
# Problematic frame:
# V  [libjvm.so+0x6d1d28]  jni_invoke_nonstatic(JNIEnv_*, JavaValue*, _jobject*, JNICallType, _jmethodID*, JNI_ArgumentPusher*, Thread*)+0x38
#
# Failed to write core dump. Core dumps have been disabled. To enable core dumping, try "ulimit -c unlimited" before starting Java again
#
# If you would like to submit a bug report, please visit:
#   http://bugreport.java.com/bugreport/crash.jsp
#

---------------  T H R E A D  ---------------

Current thread (0x00007f616811b800):  JavaThread "JavaFX Application Thread" [_thread_in_vm, id=2884, stack(0x00007f6152225000,0x00007f6152326000)]

siginfo: si_signo: 11 (SIGSEGV), si_code: 1 (SEGV_MAPERR), si_addr: 0x00007f6100000000

Registers:
RAX=0x00007f6152324240, RBX=0x00007f6152324150, RCX=0x0000000000000001, RDX=0x00007f6100000000
RSP=0x00007f6152323fa0, RBP=0x00007f6152324120, RSI=0x00007f61523241b0, RDI=0x00007f616811b9f8
R8 =0x00007f616805bfa8, R9 =0x00007f6152324150, R10=0x00007f6140000ac0, R11=0x00007f61a539ce60
R12=0x00007f616811b800, R13=0x00007f616805bfa8, R14=0x0000000000000001, R15=0x00007f616811b9f8
RIP=0x00007f61bb1bed28, EFLAGS=0x0000000000010206, CSGSFS=0x0000000000000033, ERR=0x0000000000000004
  TRAPNO=0x000000000000000e

Top of Stack: (sp=0x00007f6152323fa0)
0x00007f6152323fa0:   00007f61523246a0 00007f61523242c0
0x00007f6152323fb0:   00007f6152324000 00007f6152324080
0x00007f6152323fc0:   00007f6152324150 00007f61523241b0
0x00007f6152323fd0:   00007f616811b9f8 00007f61bb1de830
0x00007f6152323fe0:   00007f617800b920 00007f617800b930
0x00007f6152323ff0:   00007f617800bd08 00000000000003d8
0x00007f6152324000:   0000000000000000 00000000ee3ce6f0
0x00007f6152324010:   00007f610000006f 00007f610000000a
0x00007f6152324020:   00000000ec4eac48 0000000000000000
0x00007f6152324030:   0000000000000000 0000000000000000
0x00007f6152324040:   00007f61b879e570 0000000100000100
0x00007f6152324050:   0000000000000000 00007f6152324008
0x00007f6152324060:   00007f6152324049 0000000800000005
0x00007f6152324070:   0000000000000000 00007f616811b020
0x00007f6152324080:   00007f61bba4baf0 00007f61bc55c6d0
0x00007f6152324090:   000000006811aeb0 00007f616811b800
0x00007f61523240a0:   0000000000000000 00007f61bb1bf0fb
0x00007f61523240b0:   00007f61b878b258 00007f616811b800
0x00007f61523240c0:   00007f61b878b258 00007f616811b800
0x00007f61523240d0:   00007f6152324260 00007f61b878b258
0x00007f61523240e0:   00007f61b878b258 00007f61b878b258
0x00007f61523240f0:   00007f617800b920 00007f6152324150
0x00007f6152324100:   00007f616811b800 00007f6152324190
0x00007f6152324110:   00007f616805bfa8 00007f616811b9f8
0x00007f6152324120:   00007f6152324210 00007f61bb1c34cf
0x00007f6152324130:   00007f616811b800 00007f61a0143054
0x00007f6152324140:   00007f6152324228 00007f6100000000
0x00007f6152324150:   00007f61bba4c750 00007f61bc55c6d0
0x00007f6152324160:   00000000523241d0 c1a2d72700000063
0x00007f6152324170:   0000000000000000 0000003000000018
0x00007f6152324180:   00007f6152324300 00007f6152324240
0x00007f6152324190:   00007f616811b800 0000000000000000 

Instructions: (pc=0x00007f61bb1bed28)
0x00007f61bb1bed08:   00 00 48 85 d2 48 89 bd b0 fe ff ff 48 89 b5 a8
0x00007f61bb1bed18:   fe ff ff 4c 89 8d a0 fe ff ff 0f 84 78 09 00 00
0x00007f61bb1bed28:   4c 8b 22 4d 85 e4 0f 84 6c 09 00 00 48 8b 45 10
0x00007f61bb1bed38:   48 8b 98 38 01 00 00 48 83 7b 18 f7 0f 87 16 07 

Register to memory mapping:

RAX=0x00007f6152324240 is pointing into the stack for thread: 0x00007f616811b800
RBX=0x00007f6152324150 is pointing into the stack for thread: 0x00007f616811b800
RCX=0x0000000000000001 is an unknown value
RDX=0x00007f6100000000 is an unknown value
RSP=0x00007f6152323fa0 is pointing into the stack for thread: 0x00007f616811b800
RBP=0x00007f6152324120 is pointing into the stack for thread: 0x00007f616811b800
RSI=0x00007f61523241b0 is pointing into the stack for thread: 0x00007f616811b800
RDI=0x00007f616811b9f8 is an unknown value
R8 =0x00007f616805bfa8 is an unknown value
R9 =0x00007f6152324150 is pointing into the stack for thread: 0x00007f616811b800
R10=0x00007f6140000ac0 is an unknown value
R11=0x00007f61a539ce60 is at entry_point+32 in (nmethod*)0x00007f61a539ccd0
R12=0x00007f616811b800 is a thread
R13=0x00007f616805bfa8 is an unknown value
R14=0x0000000000000001 is an unknown value
R15=0x00007f616811b9f8 is an unknown value


Stack: [0x00007f6152225000,0x00007f6152326000],  sp=0x00007f6152323fa0,  free space=1019k
Native frames: (J=compiled Java code, j=interpreted, Vv=VM code, C=native code)
V  [libjvm.so+0x6d1d28]  jni_invoke_nonstatic(JNIEnv_*, JavaValue*, _jobject*, JNICallType, _jmethodID*, JNI_ArgumentPusher*, Thread*)+0x38
V  [libjvm.so+0x6d64cf]  jni_CallVoidMethodV+0x10f
C  [libglass.so+0x18641]  JNIEnv_::CallVoidMethod(_jobject*, _jmethodID*, ...)+0x81
C  [libglass.so+0x14f0f]  WindowContextBase::process_key(_GdkEventKey*)+0x20f
C  [libglass.so+0x19f60]  WindowContextBase::im_filter_keypress(_GdkEventKey*)+0x1c0
C  [libglass.so+0x1a91c]  process_events(_GdkEvent*, void*)+0x22c
C  [libgdk-x11-2.0.so.0+0x5ac4c]

Java frames: (J=compiled Java code, j=interpreted, Vv=VM code)
j  com.sun.glass.ui.gtk.GtkApplication._runLoop(Ljava/lang/Runnable;Z)V+0
j  com.sun.glass.ui.gtk.GtkApplication.lambda$null$49(Ljava/lang/Runnable;Z)V+7
j  com.sun.glass.ui.gtk.GtkApplication$$Lambda$43.run()V+12
j  java.lang.Thread.run()V+11
v  ~StubRoutines::call_stub

---------------  P R O C E S S  ---------------

Java Threads: ( => current thread )
  0x00007f6140283800 JavaThread "Prism Font Disposer" daemon [_thread_blocked, id=2891, stack(0x00007f6151406000,0x00007f6151507000)]
=>0x00007f616811b800 JavaThread "JavaFX Application Thread" [_thread_in_vm, id=2884, stack(0x00007f6152225000,0x00007f6152326000)]
  0x00007f6168117800 JavaThread "Thread-2" daemon [_thread_blocked, id=2883, stack(0x00007f6152326000,0x00007f6152427000)]
  0x00007f616804b800 JavaThread "QuantumRenderer-0" daemon [_thread_blocked, id=2877, stack(0x00007f61a0bde000,0x00007f61a0cdf000)]
  0x00007f61b41ac800 JavaThread "JavaFX-Launcher" [_thread_blocked, id=2876, stack(0x00007f61a0cdf000,0x00007f61a0de0000)]
  0x00007f61b4123000 JavaThread "Monitor Ctrl-Break" daemon [_thread_in_native, id=2875, stack(0x00007f61a138e000,0x00007f61a148f000)]
  0x00007f61b40c1800 JavaThread "Service Thread" daemon [_thread_blocked, id=2873, stack(0x00007f61a17cc000,0x00007f61a18cd000)]
  0x00007f61b40be800 JavaThread "C1 CompilerThread2" daemon [_thread_blocked, id=2872, stack(0x00007f61a18cd000,0x00007f61a19ce000)]
  0x00007f61b40bd000 JavaThread "C2 CompilerThread1" daemon [_thread_in_native, id=2871, stack(0x00007f61a19ce000,0x00007f61a1acf000)]
  0x00007f61b40ba000 JavaThread "C2 CompilerThread0" daemon [_thread_blocked, id=2870, stack(0x00007f61a1acf000,0x00007f61a1bd0000)]
  0x00007f61b40b8800 JavaThread "Signal Dispatcher" daemon [_thread_blocked, id=2869, stack(0x00007f61a1bd0000,0x00007f61a1cd1000)]
  0x00007f61b4084800 JavaThread "Finalizer" daemon [_thread_blocked, id=2868, stack(0x00007f61a1faa000,0x00007f61a20ab000)]
  0x00007f61b4080000 JavaThread "Reference Handler" daemon [_thread_blocked, id=2867, stack(0x00007f61a20ab000,0x00007f61a21ac000)]
  0x00007f61b400a800 JavaThread "main" [_thread_blocked, id=2854, stack(0x00007f61bc5d9000,0x00007f61bc6da000)]

Other Threads:
  0x00007f61b4078000 VMThread [stack: 0x00007f61a21ac000,0x00007f61a22ad000] [id=2866]
  0x00007f61b40c4800 WatcherThread [stack: 0x00007f61a16cb000,0x00007f61a17cc000] [id=2874]

VM state:not at safepoint (normal execution)

VM Mutex/Monitor currently owned by a thread: None

Heap:
 PSYoungGen      total 17920K, used 6518K [0x00000000ec300000, 0x00000000ee600000, 0x0000000100000000)
  eden space 15360K, 25% used [0x00000000ec300000,0x00000000ec6e1a38,0x00000000ed200000)
  from space 2560K, 99% used [0x00000000ee380000,0x00000000ee5fc040,0x00000000ee600000)
  to   space 2560K, 0% used [0x00000000ed200000,0x00000000ed200000,0x00000000ed480000)
 ParOldGen       total 40960K, used 2844K [0x00000000c4800000, 0x00000000c7000000, 0x00000000ec300000)
  object space 40960K, 6% used [0x00000000c4800000,0x00000000c4ac72c8,0x00000000c7000000)
 Metaspace       used 15920K, capacity 16638K, committed 16768K, reserved 1062912K
  class space    used 2218K, capacity 2369K, committed 2432K, reserved 1048576K

Card table byte_map: [0x00007f61b91aa000,0x00007f61b9387000] byte_map_base: 0x00007f61b8b86000

Marking Bits: (ParMarkBitMap*) 0x00007f61bbab0220
 Begin Bits: [0x00007f61a3240000, 0x00007f61a4120000)
 End Bits:   [0x00007f61a4120000, 0x00007f61a5000000)

Polling page: 0x00007f61bc6ff000

CodeCache: size=245760Kb used=5449Kb max_used=5461Kb free=240310Kb
 bounds [0x00007f61a5000000, 0x00007f61a5560000, 0x00007f61b4000000]
 total_blobs=2466 nmethods=1849 adapters=530
 compilation: enabled

Compilation events (10 events):
Event: 51.870 Thread 0x00007f61b40be800 nmethod 1866 0x00007f61a554fa10 code [0x00007f61a554fb60, 0x00007f61a554fc50]
Event: 51.870 Thread 0x00007f61b40be800 1867       1       javafx.scene.control.Control::access$800 (5 bytes)
Event: 51.870 Thread 0x00007f61b40be800 nmethod 1867 0x00007f61a554f750 code [0x00007f61a554f8a0, 0x00007f61a554f990]
Event: 51.889 Thread 0x00007f61b40ba000 nmethod 1804 0x00007f61a5557710 code [0x00007f61a5557920, 0x00007f61a5558648]
Event: 51.889 Thread 0x00007f61b40ba000 1811       4       com.sun.javafx.css.StyleMap::isEmpty (36 bytes)
Event: 51.890 Thread 0x00007f61b40ba000 nmethod 1811 0x00007f61a554f410 code [0x00007f61a554f560, 0x00007f61a554f658]
Event: 51.890 Thread 0x00007f61b40ba000 1829       4       java.lang.String::lastIndexOf (13 bytes)
Event: 51.892 Thread 0x00007f61b40ba000 nmethod 1829 0x00007f61a55545d0 code [0x00007f61a5554720, 0x00007f61a5554878]
Event: 51.892 Thread 0x00007f61b40ba000 1873       4       java.lang.String::indexOf (7 bytes)
Event: 51.895 Thread 0x00007f61b40ba000 nmethod 1873 0x00007f61a5554210 code [0x00007f61a5554360, 0x00007f61a55544b8]

GC Heap History (4 events):
Event: 1.560 GC heap before
{Heap before GC invocations=1 (full 0):
 PSYoungGen      total 17920K, used 15360K [0x00000000ec300000, 0x00000000ed700000, 0x0000000100000000)
  eden space 15360K, 100% used [0x00000000ec300000,0x00000000ed200000,0x00000000ed200000)
  from space 2560K, 0% used [0x00000000ed480000,0x00000000ed480000,0x00000000ed700000)
  to   space 2560K, 0% used [0x00000000ed200000,0x00000000ed200000,0x00000000ed480000)
 ParOldGen       total 40960K, used 0K [0x00000000c4800000, 0x00000000c7000000, 0x00000000ec300000)
  object space 40960K, 0% used [0x00000000c4800000,0x00000000c4800000,0x00000000c7000000)
 Metaspace       used 10062K, capacity 10460K, committed 10624K, reserved 1058816K
  class space    used 1240K, capacity 1368K, committed 1408K, reserved 1048576K
Event: 1.585 GC heap after
Heap after GC invocations=1 (full 0):
 PSYoungGen      total 17920K, used 2528K [0x00000000ec300000, 0x00000000ee600000, 0x0000000100000000)
  eden space 15360K, 0% used [0x00000000ec300000,0x00000000ec300000,0x00000000ed200000)
  from space 2560K, 98% used [0x00000000ed200000,0x00000000ed478030,0x00000000ed480000)
  to   space 2560K, 0% used [0x00000000ee380000,0x00000000ee380000,0x00000000ee600000)
 ParOldGen       total 40960K, used 448K [0x00000000c4800000, 0x00000000c7000000, 0x00000000ec300000)
  object space 40960K, 1% used [0x00000000c4800000,0x00000000c4870000,0x00000000c7000000)
 Metaspace       used 10062K, capacity 10460K, committed 10624K, reserved 1058816K
  class space    used 1240K, capacity 1368K, committed 1408K, reserved 1048576K
}
Event: 28.951 GC heap before
{Heap before GC invocations=2 (full 0):
 PSYoungGen      total 17920K, used 17888K [0x00000000ec300000, 0x00000000ee600000, 0x0000000100000000)
  eden space 15360K, 100% used [0x00000000ec300000,0x00000000ed200000,0x00000000ed200000)
  from space 2560K, 98% used [0x00000000ed200000,0x00000000ed478030,0x00000000ed480000)
  to   space 2560K, 0% used [0x00000000ee380000,0x00000000ee380000,0x00000000ee600000)
 ParOldGen       total 40960K, used 448K [0x00000000c4800000, 0x00000000c7000000, 0x00000000ec300000)
  object space 40960K, 1% used [0x00000000c4800000,0x00000000c4870000,0x00000000c7000000)
 Metaspace       used 15625K, capacity 16310K, committed 16512K, reserved 1062912K
  class space    used 2203K, capacity 2357K, committed 2432K, reserved 1048576K
Event: 28.969 GC heap after
Heap after GC invocations=2 (full 0):
 PSYoungGen      total 17920K, used 2544K [0x00000000ec300000, 0x00000000ee600000, 0x0000000100000000)
  eden space 15360K, 0% used [0x00000000ec300000,0x00000000ec300000,0x00000000ed200000)
  from space 2560K, 99% used [0x00000000ee380000,0x00000000ee5fc040,0x00000000ee600000)
  to   space 2560K, 0% used [0x00000000ed200000,0x00000000ed200000,0x00000000ed480000)
 ParOldGen       total 40960K, used 2844K [0x00000000c4800000, 0x00000000c7000000, 0x00000000ec300000)
  object space 40960K, 6% used [0x00000000c4800000,0x00000000c4ac72c8,0x00000000c7000000)
 Metaspace       used 15625K, capacity 16310K, committed 16512K, reserved 1062912K
  class space    used 2203K, capacity 2357K, committed 2432K, reserved 1048576K
}

Deoptimization events (10 events):
Event: 2.039 Thread 0x00007f616811b800 Uncommon trap: reason=class_check action=maybe_recompile pc=0x00007f61a5261f74 method=java.io.DataInputStream.readShort()S @ 4
Event: 2.061 Thread 0x00007f616811b800 Uncommon trap: reason=class_check action=maybe_recompile pc=0x00007f61a511c1f8 method=java.lang.String.equals(Ljava/lang/Object;)Z @ 8
Event: 2.061 Thread 0x00007f616811b800 Uncommon trap: reason=class_check action=maybe_recompile pc=0x00007f61a511c1f8 method=java.lang.String.equals(Ljava/lang/Object;)Z @ 8
Event: 2.061 Thread 0x00007f616811b800 Uncommon trap: reason=class_check action=maybe_recompile pc=0x00007f61a511c1f8 method=java.lang.String.equals(Ljava/lang/Object;)Z @ 8
Event: 2.208 Thread 0x00007f616811b800 Uncommon trap: reason=class_check action=maybe_recompile pc=0x00007f61a511c1f8 method=java.lang.String.equals(Ljava/lang/Object;)Z @ 8
Event: 2.341 Thread 0x00007f616811b800 Uncommon trap: reason=unstable_if action=reinterpret pc=0x00007f61a52c120c method=sun.net.www.ParseUtil.encodePath(Ljava/lang/String;Z)Ljava/lang/String; @ 109
Event: 2.879 Thread 0x00007f616811b800 Uncommon trap: reason=unstable_if action=reinterpret pc=0x00007f61a5316464 method=jdk.internal.org.objectweb.asm.Type.getArgumentsAndReturnSizes(Ljava/lang/String;)I @ 47
Event: 39.850 Thread 0x00007f616804b800 Uncommon trap: reason=unstable_if action=reinterpret pc=0x00007f61a53b811c method=java.lang.StrictMath.floorOrCeil(DDDD)D @ 115
Event: 47.097 Thread 0x00007f616811b800 Uncommon trap: reason=unstable_if action=reinterpret pc=0x00007f61a5243be0 method=java.lang.CharacterData.of(I)Ljava/lang/CharacterData; @ 4
Event: 51.810 Thread 0x00007f616811b800 Uncommon trap: reason=unstable_if action=reinterpret pc=0x00007f61a54cb5f4 method=java.lang.StrictMath.floorOrCeil(DDDD)D @ 38

Internal exceptions (10 events):
Event: 0.403 Thread 0x00007f61b41ac800 Exception <a 'java/security/PrivilegedActionException'> (0x00000000ec617d80) thrown at [/HUDSON3/workspace/8-2-build-linux-amd64/jdk8u111/7883/hotspot/src/share/vm/prims/jvm.cpp, line 1386]
Event: 0.404 Thread 0x00007f61b41ac800 Exception <a 'java/security/PrivilegedActionException'> (0x00000000ec61a1c0) thrown at [/HUDSON3/workspace/8-2-build-linux-amd64/jdk8u111/7883/hotspot/src/share/vm/prims/jvm.cpp, line 1386]
Event: 0.404 Thread 0x00007f61b41ac800 Exception <a 'java/security/PrivilegedActionException'> (0x00000000ec61a3d0) thrown at [/HUDSON3/workspace/8-2-build-linux-amd64/jdk8u111/7883/hotspot/src/share/vm/prims/jvm.cpp, line 1386]
Event: 0.404 Thread 0x00007f61b41ac800 Exception <a 'java/lang/NullPointerException'> (0x00000000ec61a9a8) thrown at [/HUDSON3/workspace/8-2-build-linux-amd64/jdk8u111/7883/hotspot/src/share/vm/interpreter/linkResolver.cpp, line 1178]
Event: 1.120 Thread 0x00007f616811b800 Exception <a 'java/lang/NullPointerException'> (0x00000000ece58058) thrown at [/HUDSON3/workspace/8-2-build-linux-amd64/jdk8u111/7883/hotspot/src/share/vm/interpreter/linkResolver.cpp, line 1178]
Event: 1.121 Thread 0x00007f616811b800 Exception <a 'java/lang/NullPointerException'> (0x00000000ece58058) thrown at [/HUDSON3/workspace/8-2-build-linux-amd64/jdk8u111/7883/hotspot/src/share/vm/prims/jvm.cpp, line 1390]
Event: 1.543 Thread 0x00007f616811b800 Exception <a 'java/lang/ArrayIndexOutOfBoundsException': 58> (0x00000000ed1e6f30) thrown at [/HUDSON3/workspace/8-2-build-linux-amd64/jdk8u111/7883/hotspot/src/share/vm/interpreter/interpreterRuntime.cpp, line 366]
Event: 1.544 Thread 0x00007f616811b800 Exception <a 'java/lang/ArrayIndexOutOfBoundsException': 18> (0x00000000ed1e7db8) thrown at [/HUDSON3/workspace/8-2-build-linux-amd64/jdk8u111/7883/hotspot/src/share/vm/interpreter/interpreterRuntime.cpp, line 366]
Event: 1.546 Thread 0x00007f616811b800 Exception <a 'java/lang/ArrayIndexOutOfBoundsException'> (0x00000000ed1e9160) thrown at [/HUDSON3/workspace/8-2-build-linux-amd64/jdk8u111/7883/hotspot/src/share/vm/runtime/sharedRuntime.cpp, line 605]
Event: 1.877 Thread 0x00007f616811b800 Implicit null exception at 0x00007f61a5275835 to 0x00007f61a5275a15

Events (10 events):
Event: 51.703 loading class com/sun/prism/GraphicsResource done
Event: 51.703 loading class com/sun/prism/GraphicsResource
Event: 51.703 loading class com/sun/prism/GraphicsResource done
Event: 51.704 loading class com/sun/javafx/tk/quantum/ViewScene
Event: 51.704 loading class com/sun/javafx/tk/quantum/ViewScene done
Event: 51.705 loading class com/sun/javafx/tk/quantum/WindowStage
Event: 51.705 loading class com/sun/javafx/tk/quantum/WindowStage done
Event: 51.810 Thread 0x00007f616811b800 Uncommon trap: trap_request=0xffffff65 fr.pc=0x00007f61a54cb5f4
Event: 51.810 Thread 0x00007f616811b800 DEOPT PACKING pc=0x00007f61a54cb5f4 sp=0x00007f6152321200
Event: 51.810 Thread 0x00007f616811b800 DEOPT UNPACKING pc=0x00007f61a5005229 sp=0x00007f6152321148 mode 2


Dynamic libraries:
00400000-00401000 r-xp 00000000 08:03 2493609                            /usr/lib/jvm/java-8-oracle/bin/java
00600000-00601000 rw-p 00000000 08:03 2493609                            /usr/lib/jvm/java-8-oracle/bin/java
00a99000-00aba000 rw-p 00000000 00:00 0                                  [heap]
40323000-403c3000 rw-p 00000000 00:00 0 
412e7000-412e9000 r-xs 00000000 08:03 262240                             /tmp/.glEQTqG0 (deleted)
c4800000-c7000000 rw-p 00000000 00:00 0 
c7000000-ec300000 ---p 00000000 00:00 0 
ec300000-ee600000 rw-p 00000000 00:00 0 
ee600000-100000000 ---p 00000000 00:00 0 
100000000-100260000 rw-p 00000000 00:00 0 
100260000-140000000 ---p 00000000 00:00 0 
7f6134000000-7f6134021000 rw-p 00000000 00:00 0 
7f6134021000-7f6138000000 ---p 00000000 00:00 0 
7f613c000000-7f613c021000 rw-p 00000000 00:00 0 
7f613c021000-7f6140000000 ---p 00000000 00:00 0 
7f6140000000-7f6140536000 rw-p 00000000 00:00 0 
7f6140536000-7f6144000000 ---p 00000000 00:00 0 
7f6144000000-7f6144021000 rw-p 00000000 00:00 0 
7f6144021000-7f6148000000 ---p 00000000 00:00 0 
7f6148000000-7f6148022000 rw-p 00000000 00:00 0 
7f6148022000-7f614c000000 ---p 00000000 00:00 0 
7f614c000000-7f614c021000 rw-p 00000000 00:00 0 
7f614c021000-7f6150000000 ---p 00000000 00:00 0 
7f6150605000-7f6150805000 rw-s 094f5000 00:06 517                        /dev/nvidiactl
7f6150805000-7f6150a05000 rw-s 0955c000 00:06 517                        /dev/nvidiactl
7f6150a05000-7f6151406000 rw-p 00000000 00:00 0 
7f6151406000-7f6151409000 ---p 00000000 00:00 0 
7f6151409000-7f6151507000 rw-p 00000000 00:00 0 
7f6151507000-7f61515c0000 r--p 00000000 08:03 1312293                    /usr/share/fonts/truetype/dejavu/DejaVuSans.ttf
7f61515c0000-7f61515d4000 r--p 00000000 08:03 2493785                    /usr/lib/jvm/java-8-oracle/jre/lib/fonts/LucidaBrightItalic.ttf
7f61515d4000-7f6151629000 r--p 00000000 08:03 2493784                    /usr/lib/jvm/java-8-oracle/jre/lib/fonts/LucidaBrightRegular.ttf
7f6151629000-7f61516d4000 r--p 00000000 08:03 2493781                    /usr/lib/jvm/java-8-oracle/jre/lib/fonts/LucidaSansRegular.ttf
7f61516d4000-7f61516e7000 r--p 00000000 08:03 2493789                    /usr/lib/jvm/java-8-oracle/jre/lib/fonts/LucidaBrightDemiItalic.ttf
7f61516e7000-7f6151721000 r--p 00000000 08:03 2493783                    /usr/lib/jvm/java-8-oracle/jre/lib/fonts/LucidaTypewriterBold.ttf
7f6151721000-7f6151734000 r--p 00000000 08:03 2493782                    /usr/lib/jvm/java-8-oracle/jre/lib/fonts/LucidaBrightDemiBold.ttf
7f6151734000-7f6151770000 r--p 00000000 08:03 2493787                    /usr/lib/jvm/java-8-oracle/jre/lib/fonts/LucidaTypewriterRegular.ttf
7f6151770000-7f61517be000 r--p 00000000 08:03 2493788                    /usr/lib/jvm/java-8-oracle/jre/lib/fonts/LucidaSansDemiBold.ttf
7f61517be000-7f61517c2000 r-xp 00000000 08:03 2493730                    /usr/lib/jvm/java-8-oracle/jre/lib/amd64/libjavafx_font_pango.so
7f61517c2000-7f61519c1000 ---p 00004000 08:03 2493730                    /usr/lib/jvm/java-8-oracle/jre/lib/amd64/libjavafx_font_pango.so
7f61519c1000-7f61519c2000 rw-p 00003000 08:03 2493730                    /usr/lib/jvm/java-8-oracle/jre/lib/amd64/libjavafx_font_pango.so
7f61519c2000-7f61519c7000 r--s 00084000 08:03 2493792                    /usr/lib/jvm/java-8-oracle/jre/lib/jfr.jar
7f61519c7000-7f6151bc7000 rw-p 00000000 00:00 0 
7f6151bc7000-7f6151bd2000 r--s 00000000 08:03 664008                     /var/cache/fontconfig/945677eb7aeaf62f1d50efc3fb3ec7d8-le64.cache-6
7f6151bd2000-7f6151bd8000 r--s 00000000 08:03 664037                     /var/cache/fontconfig/2cd17615ca594fa2959ae173292e504c-le64.cache-6
7f6151bd8000-7f6151bd9000 r--s 00000000 08:03 664036                     /var/cache/fontconfig/0d8c3b2ac0904cb8a57a757ad11a4a08-le64.cache-6
7f6151bd9000-7f6151bee000 r--s 00000000 08:03 664034                     /var/cache/fontconfig/04aabc0a78ac019cf9454389977116d2-le64.cache-6
7f6151bee000-7f6151bef000 r--s 00000000 08:03 664033                     /var/cache/fontconfig/1ac9eb803944fde146138c791f5cc56a-le64.cache-6
7f6151bef000-7f6151bf3000 r--s 00000000 08:03 664032                     /var/cache/fontconfig/385c0604a188198f04d133e54aba7fe7-le64.cache-6
7f6151bf3000-7f6151bf4000 r--s 00000000 08:03 664030                     /var/cache/fontconfig/dc05db6664285cc2f12bf69c139ae4c3-le64.cache-6
7f6151bf4000-7f6151bf7000 r--s 00000000 08:03 664029                     /var/cache/fontconfig/767a8244fc0220cfb567a839d0392e0b-le64.cache-6
7f6151bf7000-7f6151bf8000 r--s 00000000 08:03 664027                     /var/cache/fontconfig/4794a0821666d79190d59a36cb4f44b5-le64.cache-6
7f6151bf8000-7f6151bfd000 r--s 00000000 08:03 664018                     /var/cache/fontconfig/8801497958630a81b71ace7c5f9b32a8-le64.cache-6
7f6151bfd000-7f6151c04000 r--s 00000000 08:03 664015                     /var/cache/fontconfig/3047814df9a2f067bd2d96a2b9c36e5a-le64.cache-6
7f6151c04000-7f6151c0a000 r--s 00000000 08:03 664011                     /var/cache/fontconfig/b47c4e1ecd0709278f4910c18777a504-le64.cache-6
7f6151c0a000-7f6151c1d000 r--s 00000000 08:03 664009                     /var/cache/fontconfig/d52a8644073d54c13679302ca1180695-le64.cache-6
7f6151c1d000-7f6151c22000 r-xp 00000000 08:03 2493726                    /usr/lib/jvm/java-8-oracle/jre/lib/amd64/libjavafx_font_freetype.so
7f6151c22000-7f6151e21000 ---p 00005000 08:03 2493726                    /usr/lib/jvm/java-8-oracle/jre/lib/amd64/libjavafx_font_freetype.so
7f6151e21000-7f6151e22000 rw-p 00004000 08:03 2493726                    /usr/lib/jvm/java-8-oracle/jre/lib/amd64/libjavafx_font_freetype.so
7f6151e22000-7f6151e25000 r-xp 00000000 08:03 2493688                    /usr/lib/jvm/java-8-oracle/jre/lib/amd64/libjavafx_font.so
7f6151e25000-7f6152024000 ---p 00003000 08:03 2493688                    /usr/lib/jvm/java-8-oracle/jre/lib/amd64/libjavafx_font.so
7f6152024000-7f6152025000 rw-p 00002000 08:03 2493688                    /usr/lib/jvm/java-8-oracle/jre/lib/amd64/libjavafx_font.so
7f6152025000-7f6152225000 rw-p 00000000 00:00 0 
7f6152225000-7f6152228000 ---p 00000000 00:00 0 
7f6152228000-7f6152326000 rw-p 00000000 00:00 0 
7f6152326000-7f6152329000 ---p 00000000 00:00 0 
7f6152329000-7f6152427000 rw-p 00000000 00:00 0 
7f6152427000-7f6152428000 ---p 00000000 00:00 0 
7f6152428000-7f6152c28000 rw-p 00000000 00:00 0 
7f6152c28000-7f6152c29000 ---p 00000000 00:00 0 
7f6152c29000-7f6153429000 rw-p 00000000 00:00 0 
7f6153429000-7f615342a000 ---p 00000000 00:00 0 
7f615342a000-7f6153c2a000 rw-p 00000000 00:00 0 
7f6153c2a000-7f6153c35000 r-xp 00000000 08:03 657319                     /usr/lib/x86_64-linux-gnu/gio/modules/libdconfsettings.so
7f6153c35000-7f6153e35000 ---p 0000b000 08:03 657319                     /usr/lib/x86_64-linux-gnu/gio/modules/libdconfsettings.so
7f6153e35000-7f6153e36000 r--p 0000b000 08:03 657319                     /usr/lib/x86_64-linux-gnu/gio/modules/libdconfsettings.so
7f6153e36000-7f6153e37000 rw-p 0000c000 08:03 657319                     /usr/lib/x86_64-linux-gnu/gio/modules/libdconfsettings.so
7f6153e37000-7f6153e7f000 r--p 00000000 08:03 1312548                    /usr/share/glib-2.0/schemas/gschemas.compiled
7f6153e7f000-7f6153e86000 r-xp 00000000 08:03 403656                     /usr/lib/x86_64-linux-gnu/libogg.so.0.8.2
7f6153e86000-7f6154086000 ---p 00007000 08:03 403656                     /usr/lib/x86_64-linux-gnu/libogg.so.0.8.2
7f6154086000-7f6154087000 r--p 00007000 08:03 403656                     /usr/lib/x86_64-linux-gnu/libogg.so.0.8.2
7f6154087000-7f6154088000 rw-p 00008000 08:03 403656                     /usr/lib/x86_64-linux-gnu/libogg.so.0.8.2
7f6154088000-7f61540b2000 r-xp 00000000 08:03 404005                     /usr/lib/x86_64-linux-gnu/libvorbis.so.0.4.8
7f61540b2000-7f61542b2000 ---p 0002a000 08:03 404005                     /usr/lib/x86_64-linux-gnu/libvorbis.so.0.4.8
7f61542b2000-7f61542b3000 r--p 0002a000 08:03 404005                     /usr/lib/x86_64-linux-gnu/libvorbis.so.0.4.8
7f61542b3000-7f61542b4000 rw-p 0002b000 08:03 404005                     /usr/lib/x86_64-linux-gnu/libvorbis.so.0.4.8
7f61542b4000-7f61542bd000 r-xp 00000000 08:03 403523                     /usr/lib/x86_64-linux-gnu/libltdl.so.7.3.1
7f61542bd000-7f61544bc000 ---p 00009000 08:03 403523                     /usr/lib/x86_64-linux-gnu/libltdl.so.7.3.1
7f61544bc000-7f61544bd000 r--p 00008000 08:03 403523                     /usr/lib/x86_64-linux-gnu/libltdl.so.7.3.1
7f61544bd000-7f61544be000 rw-p 00009000 08:03 403523                     /usr/lib/x86_64-linux-gnu/libltdl.so.7.3.1
7f61544be000-7f61544d2000 r-xp 00000000 08:03 403898                     /usr/lib/x86_64-linux-gnu/libtdb.so.1.3.8
7f61544d2000-7f61546d1000 ---p 00014000 08:03 403898                     /usr/lib/x86_64-linux-gnu/libtdb.so.1.3.8
7f61546d1000-7f61546d2000 r--p 00013000 08:03 403898                     /usr/lib/x86_64-linux-gnu/libtdb.so.1.3.8
7f61546d2000-7f61546d3000 rw-p 00014000 08:03 403898                     /usr/lib/x86_64-linux-gnu/libtdb.so.1.3.8
7f61546d3000-7f61546da000 r-xp 00000000 08:03 404009                     /usr/lib/x86_64-linux-gnu/libvorbisfile.so.3.3.7
7f61546da000-7f61548da000 ---p 00007000 08:03 404009                     /usr/lib/x86_64-linux-gnu/libvorbisfile.so.3.3.7
7f61548da000-7f61548db000 r--p 00007000 08:03 404009                     /usr/lib/x86_64-linux-gnu/libvorbisfile.so.3.3.7
7f61548db000-7f61548dc000 rw-p 00008000 08:03 404009                     /usr/lib/x86_64-linux-gnu/libvorbisfile.so.3.3.7
7f61548dc000-7f61548ec000 r-xp 00000000 08:03 402920                     /usr/lib/x86_64-linux-gnu/libcanberra.so.0.2.5
7f61548ec000-7f6154aeb000 ---p 00010000 08:03 402920                     /usr/lib/x86_64-linux-gnu/libcanberra.so.0.2.5
7f6154aeb000-7f6154aec000 r--p 0000f000 08:03 402920                     /usr/lib/x86_64-linux-gnu/libcanberra.so.0.2.5
7f6154aec000-7f6154aed000 rw-p 00010000 08:03 402920                     /usr/lib/x86_64-linux-gnu/libcanberra.so.0.2.5
7f6154aed000-7f6154af1000 r-xp 00000000 08:03 402916                     /usr/lib/x86_64-linux-gnu/libcanberra-gtk.so.0.1.9
7f6154af1000-7f6154cf0000 ---p 00004000 08:03 402916                     /usr/lib/x86_64-linux-gnu/libcanberra-gtk.so.0.1.9
7f6154cf0000-7f6154cf1000 r--p 00003000 08:03 402916                     /usr/lib/x86_64-linux-gnu/libcanberra-gtk.so.0.1.9
7f6154cf1000-7f6154cf2000 rw-p 00004000 08:03 402916                     /usr/lib/x86_64-linux-gnu/libcanberra-gtk.so.0.1.9
7f6154cf2000-7f6154cf7000 r-xp 00000000 08:03 657534                     /usr/lib/x86_64-linux-gnu/gtk-2.0/modules/libcanberra-gtk-module.so
7f6154cf7000-7f6154ef6000 ---p 00005000 08:03 657534                     /usr/lib/x86_64-linux-gnu/gtk-2.0/modules/libcanberra-gtk-module.so
7f6154ef6000-7f6154ef7000 r--p 00004000 08:03 657534                     /usr/lib/x86_64-linux-gnu/gtk-2.0/modules/libcanberra-gtk-module.so
7f6154ef7000-7f6154ef8000 rw-p 00005000 08:03 657534                     /usr/lib/x86_64-linux-gnu/gtk-2.0/modules/libcanberra-gtk-module.so
7f6154ef8000-7f6154f28000 r-xp 00000000 08:03 657346                     /usr/lib/x86_64-linux-gnu/gtk-2.0/2.10.0/engines/libmurrine.so
7f6154f28000-7f6155128000 ---p 00030000 08:03 657346                     /usr/lib/x86_64-linux-gnu/gtk-2.0/2.10.0/engines/libmurrine.so
7f6155128000-7f6155129000 r--p 00030000 08:03 657346                     /usr/lib/x86_64-linux-gnu/gtk-2.0/2.10.0/engines/libmurrine.so
7f6155129000-7f615512a000 rw-p 00031000 08:03 657346                     /usr/lib/x86_64-linux-gnu/gtk-2.0/2.10.0/engines/libmurrine.so
7f615512a000-7f615513a000 r-xp 00000000 08:03 403954                     /usr/lib/x86_64-linux-gnu/libunity-gtk2-parser.so.0.0.0
7f615513a000-7f615533a000 ---p 00010000 08:03 403954                     /usr/lib/x86_64-linux-gnu/libunity-gtk2-parser.so.0.0.0
7f615533a000-7f615533b000 r--p 00010000 08:03 403954                     /usr/lib/x86_64-linux-gnu/libunity-gtk2-parser.so.0.0.0
7f615533b000-7f615533c000 rw-p 00011000 08:03 403954                     /usr/lib/x86_64-linux-gnu/libunity-gtk2-parser.so.0.0.0
7f615533c000-7f6155341000 r-xp 00000000 08:03 657538                     /usr/lib/x86_64-linux-gnu/gtk-2.0/modules/libunity-gtk-module.so
7f6155341000-7f6155540000 ---p 00005000 08:03 657538                     /usr/lib/x86_64-linux-gnu/gtk-2.0/modules/libunity-gtk-module.so
7f6155540000-7f6155541000 r--p 00004000 08:03 657538                     /usr/lib/x86_64-linux-gnu/gtk-2.0/modules/libunity-gtk-module.so
7f6155541000-7f6155542000 rw-p 00005000 08:03 657538                     /usr/lib/x86_64-linux-gnu/gtk-2.0/modules/libunity-gtk-module.so
7f6155542000-7f6155554000 r-xp 00000000 08:03 1840172                    /lib/x86_64-linux-gnu/libgpg-error.so.0.17.0
7f6155554000-7f6155754000 ---p 00012000 08:03 1840172                    /lib/x86_64-linux-gnu/libgpg-error.so.0.17.0
7f6155754000-7f6155755000 r--p 00012000 08:03 1840172                    /lib/x86_64-linux-gnu/libgpg-error.so.0.17.0
7f6155755000-7f6155756000 rw-p 00013000 08:03 1840172                    /lib/x86_64-linux-gnu/libgpg-error.so.0.17.0
7f6155756000-7f615582e000 r-xp 00000000 08:03 1839881                    /lib/x86_64-linux-gnu/libgcrypt.so.20.0.5
7f615582e000-7f6155a2d000 ---p 000d8000 08:03 1839881                    /lib/x86_64-linux-gnu/libgcrypt.so.20.0.5
7f6155a2d000-7f6155a2e000 r--p 000d7000 08:03 1839881                    /lib/x86_64-linux-gnu/libgcrypt.so.20.0.5
7f6155a2e000-7f6155a36000 rw-p 000d8000 08:03 1839881                    /lib/x86_64-linux-gnu/libgcrypt.so.20.0.5
7f6155a36000-7f6155a37000 rw-p 00000000 00:00 0 
7f6155a37000-7f6155a58000 r-xp 00000000 08:03 1840195                    /lib/x86_64-linux-gnu/liblzma.so.5.0.0
7f6155a58000-7f6155c57000 ---p 00021000 08:03 1840195                    /lib/x86_64-linux-gnu/liblzma.so.5.0.0
7f6155c57000-7f6155c58000 r--p 00020000 08:03 1840195                    /lib/x86_64-linux-gnu/liblzma.so.5.0.0
7f6155c58000-7f6155c59000 rw-p 00021000 08:03 1840195                    /lib/x86_64-linux-gnu/liblzma.so.5.0.0
7f6155c59000-7f6155cd9000 r-xp 00000000 08:03 1836670                    /lib/x86_64-linux-gnu/libsystemd.so.0.14.0
7f6155cd9000-7f6155cdc000 r--p 0007f000 08:03 1836670                    /lib/x86_64-linux-gnu/libsystemd.so.0.14.0
7f6155cdc000-7f6155cdd000 rw-p 00082000 08:03 1836670                    /lib/x86_64-linux-gnu/libsystemd.so.0.14.0
7f6155cdd000-7f6155cde000 rw-p 00000000 00:00 0 
7f6155cde000-7f6155d28000 r-xp 00000000 08:03 1839804                    /lib/x86_64-linux-gnu/libdbus-1.so.3.14.6
7f6155d28000-7f6155f28000 ---p 0004a000 08:03 1839804                    /lib/x86_64-linux-gnu/libdbus-1.so.3.14.6
7f6155f28000-7f6155f29000 r--p 0004a000 08:03 1839804                    /lib/x86_64-linux-gnu/libdbus-1.so.3.14.6
7f6155f29000-7f6155f2a000 rw-p 0004b000 08:03 1839804                    /lib/x86_64-linux-gnu/libdbus-1.so.3.14.6
7f6155f2a000-7f6155f56000 r-xp 00000000 08:03 402862                     /usr/lib/x86_64-linux-gnu/libatspi.so.0.0.1
7f6155f56000-7f6156155000 ---p 0002c000 08:03 402862                     /usr/lib/x86_64-linux-gnu/libatspi.so.0.0.1
7f6156155000-7f6156158000 r--p 0002b000 08:03 402862                     /usr/lib/x86_64-linux-gnu/libatspi.so.0.0.1
7f6156158000-7f6156159000 rw-p 0002e000 08:03 402862                     /usr/lib/x86_64-linux-gnu/libatspi.so.0.0.1
7f6156159000-7f6156186000 r-xp 00000000 08:03 402856                     /usr/lib/x86_64-linux-gnu/libatk-bridge-2.0.so.0.0.0
7f6156186000-7f6156385000 ---p 0002d000 08:03 402856                     /usr/lib/x86_64-linux-gnu/libatk-bridge-2.0.so.0.0.0
7f6156385000-7f6156386000 r--p 0002c000 08:03 402856                     /usr/lib/x86_64-linux-gnu/libatk-bridge-2.0.so.0.0.0
7f6156386000-7f6156388000 rw-p 0002d000 08:03 402856                     /usr/lib/x86_64-linux-gnu/libatk-bridge-2.0.so.0.0.0
7f6156388000-7f6156389000 r-xp 00000000 08:03 657533                     /usr/lib/x86_64-linux-gnu/gtk-2.0/modules/libatk-bridge.so
7f6156389000-7f6156588000 ---p 00001000 08:03 657533                     /usr/lib/x86_64-linux-gnu/gtk-2.0/modules/libatk-bridge.so
7f6156588000-7f6156589000 r--p 00000000 08:03 657533                     /usr/lib/x86_64-linux-gnu/gtk-2.0/modules/libatk-bridge.so
7f6156589000-7f615658a000 rw-p 00001000 08:03 657533                     /usr/lib/x86_64-linux-gnu/gtk-2.0/modules/libatk-bridge.so
7f615658a000-7f6156591000 r-xp 00000000 08:03 403191                     /usr/lib/x86_64-linux-gnu/libgailutil.so.18.0.1
7f6156591000-7f6156790000 ---p 00007000 08:03 403191                     /usr/lib/x86_64-linux-gnu/libgailutil.so.18.0.1
7f6156790000-7f6156791000 r--p 00006000 08:03 403191                     /usr/lib/x86_64-linux-gnu/libgailutil.so.18.0.1
7f6156791000-7f6156792000 rw-p 00007000 08:03 403191                     /usr/lib/x86_64-linux-gnu/libgailutil.so.18.0.1
7f6156792000-7f6156793000 r--s 00000000 08:03 664017                     /var/cache/fontconfig/bab58bb527bb656aaa9f116d68a48d89-le64.cache-6
7f6156793000-7f6156797000 r--s 00000000 08:03 664006                     /var/cache/fontconfig/d589a48862398ed80a3d6066f4f56f4c-le64.cache-6
7f6156797000-7f61567a2000 r--s 00000000 08:03 663991                     /var/cache/fontconfig/83bf95040141907cd45bb53cf7c1c148-le64.cache-6
7f61567a2000-7f61567b4000 r--s 00000000 08:03 663987                     /var/cache/fontconfig/9b89f8e3dae116d678bbf48e5f21f69b-le64.cache-6
7f61567b4000-7f6156802000 r-xp 00000000 08:03 657536                     /usr/lib/x86_64-linux-gnu/gtk-2.0/modules/libgail.so
7f6156802000-7f6156a01000 ---p 0004e000 08:03 657536                     /usr/lib/x86_64-linux-gnu/gtk-2.0/modules/libgail.so
7f6156a01000-7f6156a02000 r--p 0004d000 08:03 657536                     /usr/lib/x86_64-linux-gnu/gtk-2.0/modules/libgail.so
7f6156a02000-7f6156a04000 rw-p 0004e000 08:03 657536                     /usr/lib/x86_64-linux-gnu/gtk-2.0/modules/libgail.so
7f6156a04000-7f6156a15000 r-xp 00000000 08:03 657537                     /usr/lib/x86_64-linux-gnu/gtk-2.0/modules/liboverlay-scrollbar.so
7f6156a15000-7f6156c15000 ---p 00011000 08:03 657537                     /usr/lib/x86_64-linux-gnu/gtk-2.0/modules/liboverlay-scrollbar.so
7f6156c15000-7f6156c16000 r--p 00011000 08:03 657537                     /usr/lib/x86_64-linux-gnu/gtk-2.0/modules/liboverlay-scrollbar.so
7f6156c16000-7f6156c17000 rw-p 00012000 08:03 657537                     /usr/lib/x86_64-linux-gnu/gtk-2.0/modules/liboverlay-scrollbar.so
7f6156c17000-7f6156c40000 r-xp 00000000 08:03 2493738                    /usr/lib/jvm/java-8-oracle/jre/lib/amd64/libglass.so
7f6156c40000-7f6156e3f000 ---p 00029000 08:03 2493738                    /usr/lib/jvm/java-8-oracle/jre/lib/amd64/libglass.so
7f6156e3f000-7f6156e42000 rw-p 00028000 08:03 2493738                    /usr/lib/jvm/java-8-oracle/jre/lib/amd64/libglass.so
7f6156e42000-7f6156ec2000 rw-s 0ebcf000 00:06 517                        /dev/nvidiactl
7f6156ec2000-7f6156f42000 rw-s 0eb4e000 00:06 517                        /dev/nvidiactl
7f6156f42000-7f6156fc2000 rw-s 0eacd000 00:06 517                        /dev/nvidiactl
7f6156fc2000-7f61570c2000 rw-s 0e9c2000 00:06 517                        /dev/nvidiactl
7f61570c2000-7f61571c6000 rw-s 159b9b000 00:06 517                       /dev/nvidiactl
7f61571c6000-7f615855f000 r-xp 00000000 08:03 397054                     /usr/lib/nvidia-367/libnvidia-glcore.so.367.57
7f615855f000-7f615857f000 rwxp 01399000 08:03 397054                     /usr/lib/nvidia-367/libnvidia-glcore.so.367.57
7f615857f000-7f6158920000 r-xp 013b9000 08:03 397054                     /usr/lib/nvidia-367/libnvidia-glcore.so.367.57
7f6158920000-7f6158b1f000 ---p 0175a000 08:03 397054                     /usr/lib/nvidia-367/libnvidia-glcore.so.367.57
7f6158b1f000-7f6158ee7000 rw-p 01759000 08:03 397054                     /usr/lib/nvidia-367/libnvidia-glcore.so.367.57
7f6158ee7000-7f6158eff000 rw-p 00000000 00:00 0 
7f6158eff000-7f6158f02000 r-xp 00000000 08:03 397058                     /usr/lib/nvidia-367/tls/libnvidia-tls.so.367.57
7f6158f02000-7f6159102000 ---p 00003000 08:03 397058                     /usr/lib/nvidia-367/tls/libnvidia-tls.so.367.57
7f6159102000-7f6159103000 rw-p 00003000 08:03 397058                     /usr/lib/nvidia-367/tls/libnvidia-tls.so.367.57
7f6159103000-7f61591cb000 r-xp 00000000 08:03 397034                     /usr/lib/nvidia-367/libGLX_nvidia.so.367.57
7f61591cb000-7f61591ff000 rwxp 000c8000 08:03 397034                     /usr/lib/nvidia-367/libGLX_nvidia.so.367.57
7f61591ff000-7f6159212000 r-xp 000fc000 08:03 397034                     /usr/lib/nvidia-367/libGLX_nvidia.so.367.57
7f6159212000-7f6159412000 ---p 0010f000 08:03 397034                     /usr/lib/nvidia-367/libGLX_nvidia.so.367.57
7f6159412000-7f615943a000 rw-p 0010f000 08:03 397034                     /usr/lib/nvidia-367/libGLX_nvidia.so.367.57
7f615943a000-7f6159441000 rw-p 00000000 00:00 0 
7f6159441000-7f6159447000 r-xp 00000000 08:03 403003                     /usr/lib/x86_64-linux-gnu/libdatrie.so.1.3.3
7f6159447000-7f6159647000 ---p 00006000 08:03 403003                     /usr/lib/x86_64-linux-gnu/libdatrie.so.1.3.3
7f6159647000-7f6159648000 r--p 00006000 08:03 403003                     /usr/lib/x86_64-linux-gnu/libdatrie.so.1.3.3
7f6159648000-7f6159649000 rw-p 00007000 08:03 403003                     /usr/lib/x86_64-linux-gnu/libdatrie.so.1.3.3
7f6159649000-7f615964e000 r-xp 00000000 08:03 402761                     /usr/lib/x86_64-linux-gnu/libXdmcp.so.6.0.0
7f615964e000-7f615984d000 ---p 00005000 08:03 402761                     /usr/lib/x86_64-linux-gnu/libXdmcp.so.6.0.0
7f615984d000-7f615984e000 r--p 00004000 08:03 402761                     /usr/lib/x86_64-linux-gnu/libXdmcp.so.6.0.0
7f615984e000-7f615984f000 rw-p 00005000 08:03 402761                     /usr/lib/x86_64-linux-gnu/libXdmcp.so.6.0.0
7f615984f000-7f6159851000 r-xp 00000000 08:03 402750                     /usr/lib/x86_64-linux-gnu/libXau.so.6.0.0
7f6159851000-7f6159a51000 ---p 00002000 08:03 402750                     /usr/lib/x86_64-linux-gnu/libXau.so.6.0.0
7f6159a51000-7f6159a52000 r--p 00002000 08:03 402750                     /usr/lib/x86_64-linux-gnu/libXau.so.6.0.0
7f6159a52000-7f6159a53000 rw-p 00003000 08:03 402750                     /usr/lib/x86_64-linux-gnu/libXau.so.6.0.0
7f6159a53000-7f6159a76000 r-xp 00000000 08:03 403307                     /usr/lib/x86_64-linux-gnu/libgraphite2.so.3.0.1
7f6159a76000-7f6159c75000 ---p 00023000 08:03 403307                     /usr/lib/x86_64-linux-gnu/libgraphite2.so.3.0.1
7f6159c75000-7f6159c77000 r--p 00022000 08:03 403307                     /usr/lib/x86_64-linux-gnu/libgraphite2.so.3.0.1
7f6159c77000-7f6159c78000 rw-p 00024000 08:03 403307                     /usr/lib/x86_64-linux-gnu/libgraphite2.so.3.0.1
7f6159c78000-7f6159cc6000 r-xp 00000000 08:03 397050                     /usr/lib/nvidia-367/libGLdispatch.so.0
7f6159cc6000-7f6159cf8000 r-xp 0004e000 08:03 397050                     /usr/lib/nvidia-367/libGLdispatch.so.0
7f6159cf8000-7f6159d32000 r-xp 00080000 08:03 397050                     /usr/lib/nvidia-367/libGLdispatch.so.0
7f6159d32000-7f6159f32000 ---p 000ba000 08:03 397050                     /usr/lib/nvidia-367/libGLdispatch.so.0
7f6159f32000-7f6159f41000 rw-p 000ba000 08:03 397050                     /usr/lib/nvidia-367/libGLdispatch.so.0
7f6159f41000-7f6159f61000 rw-p 00000000 00:00 0 
7f6159f61000-7f6159f71000 r-xp 00000000 08:03 397067                     /usr/lib/nvidia-367/libGLX.so.0
7f6159f71000-7f615a171000 ---p 00010000 08:03 397067                     /usr/lib/nvidia-367/libGLX.so.0
7f615a171000-7f615a172000 rw-p 00010000 08:03 397067                     /usr/lib/nvidia-367/libGLX.so.0
7f615a172000-7f615a192000 rw-p 00000000 00:00 0 
7f615a192000-7f615a200000 r-xp 00000000 08:03 1840257                    /lib/x86_64-linux-gnu/libpcre.so.3.13.2
7f615a200000-7f615a400000 ---p 0006e000 08:03 1840257                    /lib/x86_64-linux-gnu/libpcre.so.3.13.2
7f615a400000-7f615a401000 r--p 0006e000 08:03 1840257                    /lib/x86_64-linux-gnu/libpcre.so.3.13.2
7f615a401000-7f615a402000 rw-p 0006f000 08:03 1840257                    /lib/x86_64-linux-gnu/libpcre.so.3.13.2
7f615a402000-7f615a409000 r-xp 00000000 08:03 403132                     /usr/lib/x86_64-linux-gnu/libffi.so.6.0.4
7f615a409000-7f615a608000 ---p 00007000 08:03 403132                     /usr/lib/x86_64-linux-gnu/libffi.so.6.0.4
7f615a608000-7f615a609000 r--p 00006000 08:03 403132                     /usr/lib/x86_64-linux-gnu/libffi.so.6.0.4
7f615a609000-7f615a60a000 rw-p 00007000 08:03 403132                     /usr/lib/x86_64-linux-gnu/libffi.so.6.0.4
7f615a60a000-7f615a630000 r-xp 00000000 08:03 1835072                    /lib/x86_64-linux-gnu/libexpat.so.1.6.0
7f615a630000-7f615a830000 ---p 00026000 08:03 1835072                    /lib/x86_64-linux-gnu/libexpat.so.1.6.0
7f615a830000-7f615a832000 r--p 00026000 08:03 1835072                    /lib/x86_64-linux-gnu/libexpat.so.1.6.0
7f615a832000-7f615a833000 rw-p 00028000 08:03 1835072                    /lib/x86_64-linux-gnu/libexpat.so.1.6.0
7f615a833000-7f615a83b000 r-xp 00000000 08:03 403906                     /usr/lib/x86_64-linux-gnu/libthai.so.0.2.4
7f615a83b000-7f615aa3a000 ---p 00008000 08:03 403906                     /usr/lib/x86_64-linux-gnu/libthai.so.0.2.4
7f615aa3a000-7f615aa3b000 r--p 00007000 08:03 403906                     /usr/lib/x86_64-linux-gnu/libthai.so.0.2.4
7f615aa3b000-7f615aa3c000 rw-p 00008000 08:03 403906                     /usr/lib/x86_64-linux-gnu/libthai.so.0.2.4
7f615aa3c000-7f615aa5d000 r-xp 00000000 08:03 404128                     /usr/lib/x86_64-linux-gnu/libxcb.so.1.1.0
7f615aa5d000-7f615ac5c000 ---p 00021000 08:03 404128                     /usr/lib/x86_64-linux-gnu/libxcb.so.1.1.0
7f615ac5c000-7f615ac5d000 r--p 00020000 08:03 404128                     /usr/lib/x86_64-linux-gnu/libxcb.so.1.1.0
7f615ac5d000-7f615ac5e000 rw-p 00021000 08:03 404128                     /usr/lib/x86_64-linux-gnu/libxcb.so.1.1.0
7f615ac5e000-7f615ac66000 r-xp 00000000 08:03 404114                     /usr/lib/x86_64-linux-gnu/libxcb-render.so.0.0.0
7f615ac66000-7f615ae66000 ---p 00008000 08:03 404114                     /usr/lib/x86_64-linux-gnu/libxcb-render.so.0.0.0
7f615ae66000-7f615ae67000 r--p 00008000 08:03 404114                     /usr/lib/x86_64-linux-gnu/libxcb-render.so.0.0.0
7f615ae67000-7f615ae68000 rw-p 00009000 08:03 404114                     /usr/lib/x86_64-linux-gnu/libxcb-render.so.0.0.0
7f615ae68000-7f615ae6a000 r-xp 00000000 08:03 404118                     /usr/lib/x86_64-linux-gnu/libxcb-shm.so.0.0.0
7f615ae6a000-7f615b06a000 ---p 00002000 08:03 404118                     /usr/lib/x86_64-linux-gnu/libxcb-shm.so.0.0.0
7f615b06a000-7f615b06b000 r--p 00002000 08:03 404118                     /usr/lib/x86_64-linux-gnu/libxcb-shm.so.0.0.0
7f615b06b000-7f615b06c000 rw-p 00003000 08:03 404118                     /usr/lib/x86_64-linux-gnu/libxcb-shm.so.0.0.0
7f615b06c000-7f615b090000 r-xp 00000000 08:03 1840269                    /lib/x86_64-linux-gnu/libpng12.so.0.54.0
7f615b090000-7f615b28f000 ---p 00024000 08:03 1840269                    /lib/x86_64-linux-gnu/libpng12.so.0.54.0
7f615b28f000-7f615b290000 r--p 00023000 08:03 1840269                    /lib/x86_64-linux-gnu/libpng12.so.0.54.0
7f615b290000-7f615b291000 rw-p 00024000 08:03 1840269                    /lib/x86_64-linux-gnu/libpng12.so.0.54.0
7f615b291000-7f615b330000 r-xp 00000000 08:03 403711                     /usr/lib/x86_64-linux-gnu/libpixman-1.so.0.33.6
7f615b330000-7f615b530000 ---p 0009f000 08:03 403711                     /usr/lib/x86_64-linux-gnu/libpixman-1.so.0.33.6
7f615b530000-7f615b538000 r--p 0009f000 08:03 403711                     /usr/lib/x86_64-linux-gnu/libpixman-1.so.0.33.6
7f615b538000-7f615b539000 rw-p 000a7000 08:03 403711                     /usr/lib/x86_64-linux-gnu/libpixman-1.so.0.33.6
7f615b539000-7f615b595000 r-xp 00000000 08:03 395340                     /usr/lib/x86_64-linux-gnu/libharfbuzz.so.0.10000.1
7f615b595000-7f615b795000 ---p 0005c000 08:03 395340                     /usr/lib/x86_64-linux-gnu/libharfbuzz.so.0.10000.1
7f615b795000-7f615b796000 r--p 0005c000 08:03 395340                     /usr/lib/x86_64-linux-gnu/libharfbuzz.so.0.10000.1
7f615b796000-7f615b797000 rw-p 0005d000 08:03 395340                     /usr/lib/x86_64-linux-gnu/libharfbuzz.so.0.10000.1
7f615b797000-7f615b7ae000 r-xp 00000000 08:03 1848112                    /lib/x86_64-linux-gnu/libresolv-2.23.so
7f615b7ae000-7f615b9ae000 ---p 00017000 08:03 1848112                    /lib/x86_64-linux-gnu/libresolv-2.23.so
7f615b9ae000-7f615b9af000 r--p 00017000 08:03 1848112                    /lib/x86_64-linux-gnu/libresolv-2.23.so
7f615b9af000-7f615b9b0000 rw-p 00018000 08:03 1848112                    /lib/x86_64-linux-gnu/libresolv-2.23.so
7f615b9b0000-7f615b9b2000 rw-p 00000000 00:00 0 
7f615b9b2000-7f615b9d1000 r-xp 00000000 08:03 1840286                    /lib/x86_64-linux-gnu/libselinux.so.1
7f615b9d1000-7f615bbd0000 ---p 0001f000 08:03 1840286                    /lib/x86_64-linux-gnu/libselinux.so.1
7f615bbd0000-7f615bbd1000 r--p 0001e000 08:03 1840286                    /lib/x86_64-linux-gnu/libselinux.so.1
7f615bbd1000-7f615bbd2000 rw-p 0001f000 08:03 1840286                    /lib/x86_64-linux-gnu/libselinux.so.1
7f615bbd2000-7f615bbd4000 rw-p 00000000 00:00 0 
7f615bbd4000-7f615bbed000 r-xp 00000000 08:03 1840319                    /lib/x86_64-linux-gnu/libz.so.1.2.8
7f615bbed000-7f615bdec000 ---p 00019000 08:03 1840319                    /lib/x86_64-linux-gnu/libz.so.1.2.8
7f615bdec000-7f615bded000 r--p 00018000 08:03 1840319                    /lib/x86_64-linux-gnu/libz.so.1.2.8
7f615bded000-7f615bdee000 rw-p 00019000 08:03 1840319                    /lib/x86_64-linux-gnu/libz.so.1.2.8
7f615bdee000-7f615bdff000 r-xp 00000000 08:03 402763                     /usr/lib/x86_64-linux-gnu/libXext.so.6.4.0
7f615bdff000-7f615bffe000 ---p 00011000 08:03 402763                     /usr/lib/x86_64-linux-gnu/libXext.so.6.4.0
7f615bffe000-7f615bfff000 r--p 00010000 08:03 402763                     /usr/lib/x86_64-linux-gnu/libXext.so.6.4.0
7f615bfff000-7f615c000000 rw-p 00011000 08:03 402763                     /usr/lib/x86_64-linux-gnu/libXext.so.6.4.0
7f615c000000-7f615c7fe000 rw-p 00000000 00:00 0 
7f615c7fe000-7f6160000000 ---p 00000000 00:00 0 
7f6160000000-7f6160001000 r--s 00000000 08:03 664014                     /var/cache/fontconfig/56cf4f4769d0f4abc89a4895d7bd3ae1-le64.cache-6
7f6160001000-7f6160002000 r--s 00000000 08:03 664012                     /var/cache/fontconfig/b9d506c9ac06c20b433354fa67a72993-le64.cache-6
7f6160002000-7f6160003000 r--s 00000000 08:03 664007                     /var/cache/fontconfig/551ecf3b0e8b0bca0f25c0944f561853-le64.cache-6
7f6160003000-7f6160004000 r--s 00000000 08:03 664005                     /var/cache/fontconfig/30829fa25452a46451e813d634d7f916-le64.cache-6
7f6160004000-7f6160005000 r--s 00000000 08:03 664002                     /var/cache/fontconfig/0c9eb80ebd1c36541ebe2852d3bb0c49-le64.cache-6
7f6160005000-7f6160008000 r--s 00000000 08:03 663998                     /var/cache/fontconfig/75114ca45c98e8a441da0ff356701271-le64.cache-6
7f6160008000-7f6160015000 r--s 00000000 08:03 656609                     /var/cache/fontconfig/e13b20fdb08344e0e664864cc2ede53d-le64.cache-6
7f6160015000-7f6160019000 r--s 00000000 08:03 663970                     /var/cache/fontconfig/7ef2298fde41cc6eeb7af42e48b7d293-le64.cache-6
7f6160019000-7f616002c000 rw-s 0e9ad000 00:06 517                        /dev/nvidiactl
7f616002c000-7f616004c000 rw-s a00a0000 00:06 553                        /dev/nvidia0
7f616004c000-7f616008c000 rw-s 0e967000 00:06 517                        /dev/nvidiactl
7f616008c000-7f61600ac000 rw-s 50544000 00:06 517                        /dev/nvidiactl
7f61600ac000-7f61600ae000 r-xp 00000000 08:03 402759                     /usr/lib/x86_64-linux-gnu/libXdamage.so.1.1.0
7f61600ae000-7f61602ad000 ---p 00002000 08:03 402759                     /usr/lib/x86_64-linux-gnu/libXdamage.so.1.1.0
7f61602ad000-7f61602ae000 r--p 00001000 08:03 402759                     /usr/lib/x86_64-linux-gnu/libXdamage.so.1.1.0
7f61602ae000-7f61602af000 rw-p 00002000 08:03 402759                     /usr/lib/x86_64-linux-gnu/libXdamage.so.1.1.0
7f61602af000-7f61602b1000 r-xp 00000000 08:03 402755                     /usr/lib/x86_64-linux-gnu/libXcomposite.so.1.0.0
7f61602b1000-7f61604b0000 ---p 00002000 08:03 402755                     /usr/lib/x86_64-linux-gnu/libXcomposite.so.1.0.0
7f61604b0000-7f61604b1000 r--p 00001000 08:03 402755                     /usr/lib/x86_64-linux-gnu/libXcomposite.so.1.0.0
7f61604b1000-7f61604b2000 rw-p 00002000 08:03 402755                     /usr/lib/x86_64-linux-gnu/libXcomposite.so.1.0.0
7f61604b2000-7f61604bb000 r-xp 00000000 08:03 402757                     /usr/lib/x86_64-linux-gnu/libXcursor.so.1.0.2
7f61604bb000-7f61606ba000 ---p 00009000 08:03 402757                     /usr/lib/x86_64-linux-gnu/libXcursor.so.1.0.2
7f61606ba000-7f61606bb000 r--p 00008000 08:03 402757                     /usr/lib/x86_64-linux-gnu/libXcursor.so.1.0.2
7f61606bb000-7f61606bc000 rw-p 00009000 08:03 402757                     /usr/lib/x86_64-linux-gnu/libXcursor.so.1.0.2
7f61606bc000-7f61606c6000 r-xp 00000000 08:03 402781                     /usr/lib/x86_64-linux-gnu/libXrandr.so.2.2.0
7f61606c6000-7f61608c5000 ---p 0000a000 08:03 402781                     /usr/lib/x86_64-linux-gnu/libXrandr.so.2.2.0
7f61608c5000-7f61608c6000 r--p 00009000 08:03 402781                     /usr/lib/x86_64-linux-gnu/libXrandr.so.2.2.0
7f61608c6000-7f61608c7000 rw-p 0000a000 08:03 402781                     /usr/lib/x86_64-linux-gnu/libXrandr.so.2.2.0
7f61608c7000-7f61608d6000 r-xp 00000000 08:03 402771                     /usr/lib/x86_64-linux-gnu/libXi.so.6.1.0
7f61608d6000-7f6160ad5000 ---p 0000f000 08:03 402771                     /usr/lib/x86_64-linux-gnu/libXi.so.6.1.0
7f6160ad5000-7f6160ad6000 r--p 0000e000 08:03 402771                     /usr/lib/x86_64-linux-gnu/libXi.so.6.1.0
7f6160ad6000-7f6160ad7000 rw-p 0000f000 08:03 402771                     /usr/lib/x86_64-linux-gnu/libXi.so.6.1.0
7f6160ad7000-7f6160ad9000 r-xp 00000000 08:03 402773                     /usr/lib/x86_64-linux-gnu/libXinerama.so.1.0.0
7f6160ad9000-7f6160cd8000 ---p 00002000 08:03 402773                     /usr/lib/x86_64-linux-gnu/libXinerama.so.1.0.0
7f6160cd8000-7f6160cd9000 r--p 00001000 08:03 402773                     /usr/lib/x86_64-linux-gnu/libXinerama.so.1.0.0
7f6160cd9000-7f6160cda000 rw-p 00002000 08:03 402773                     /usr/lib/x86_64-linux-gnu/libXinerama.so.1.0.0
7f6160cda000-7f6160ce3000 r-xp 00000000 08:03 402783                     /usr/lib/x86_64-linux-gnu/libXrender.so.1.3.0
7f6160ce3000-7f6160ee2000 ---p 00009000 08:03 402783                     /usr/lib/x86_64-linux-gnu/libXrender.so.1.3.0
7f6160ee2000-7f6160ee3000 r--p 00008000 08:03 402783                     /usr/lib/x86_64-linux-gnu/libXrender.so.1.3.0
7f6160ee3000-7f6160ee4000 rw-p 00009000 08:03 402783                     /usr/lib/x86_64-linux-gnu/libXrender.so.1.3.0
7f6160ee4000-7f6160ee9000 r-xp 00000000 08:03 402765                     /usr/lib/x86_64-linux-gnu/libXfixes.so.3.1.0
7f6160ee9000-7f61610e8000 ---p 00005000 08:03 402765                     /usr/lib/x86_64-linux-gnu/libXfixes.so.3.1.0
7f61610e8000-7f61610e9000 r--p 00004000 08:03 402765                     /usr/lib/x86_64-linux-gnu/libXfixes.so.3.1.0
7f61610e9000-7f61610ea000 rw-p 00005000 08:03 402765                     /usr/lib/x86_64-linux-gnu/libXfixes.so.3.1.0
7f61610ea000-7f6161100000 r-xp 00000000 08:03 1840166                    /lib/x86_64-linux-gnu/libgcc_s.so.1
7f6161100000-7f61612ff000 ---p 00016000 08:03 1840166                    /lib/x86_64-linux-gnu/libgcc_s.so.1
7f61612ff000-7f6161300000 rw-p 00015000 08:03 1840166                    /lib/x86_64-linux-gnu/libgcc_s.so.1
7f6161300000-7f6161472000 r-xp 00000000 08:03 393289                     /usr/lib/x86_64-linux-gnu/libstdc++.so.6.0.21
7f6161472000-7f6161672000 ---p 00172000 08:03 393289                     /usr/lib/x86_64-linux-gnu/libstdc++.so.6.0.21
7f6161672000-7f616167c000 r--p 00172000 08:03 393289                     /usr/lib/x86_64-linux-gnu/libstdc++.so.6.0.21
7f616167c000-7f616167e000 rw-p 0017c000 08:03 393289                     /usr/lib/x86_64-linux-gnu/libstdc++.so.6.0.21
7f616167e000-7f6161682000 rw-p 00000000 00:00 0 
7f6161682000-7f61616b3000 r-xp 00000000 08:03 397049                     /usr/lib/nvidia-367/libGL.so.1.0.0
7f61616b3000-7f61616e5000 r-xp 00031000 08:03 397049                     /usr/lib/nvidia-367/libGL.so.1.0.0
7f61616e5000-7f616170f000 r-xp 00063000 08:03 397049                     /usr/lib/nvidia-367/libGL.so.1.0.0
7f616170f000-7f616190f000 ---p 0008d000 08:03 397049                     /usr/lib/nvidia-367/libGL.so.1.0.0
7f616190f000-7f6161910000 rw-p 0008d000 08:03 397049                     /usr/lib/nvidia-367/libGL.so.1.0.0
7f6161910000-7f6161911000 rw-p 00000000 00:00 0 
7f6161911000-7f6161916000 r-xp 00000000 08:03 402799                     /usr/lib/x86_64-linux-gnu/libXxf86vm.so.1.0.0
7f6161916000-7f6161b15000 ---p 00005000 08:03 402799                     /usr/lib/x86_64-linux-gnu/libXxf86vm.so.1.0.0
7f6161b15000-7f6161b16000 r--p 00004000 08:03 402799                     /usr/lib/x86_64-linux-gnu/libXxf86vm.so.1.0.0
7f6161b16000-7f6161b17000 rw-p 00005000 08:03 402799                     /usr/lib/x86_64-linux-gnu/libXxf86vm.so.1.0.0
7f6161b17000-7f6161c4c000 r-xp 00000000 08:03 402746                     /usr/lib/x86_64-linux-gnu/libX11.so.6.3.0
7f6161c4c000-7f6161e4c000 ---p 00135000 08:03 402746                     /usr/lib/x86_64-linux-gnu/libX11.so.6.3.0
7f6161e4c000-7f6161e4d000 r--p 00135000 08:03 402746                     /usr/lib/x86_64-linux-gnu/libX11.so.6.3.0
7f6161e4d000-7f6161e51000 rw-p 00136000 08:03 402746                     /usr/lib/x86_64-linux-gnu/libX11.so.6.3.0
7f6161e51000-7f6161e56000 r-xp 00000000 08:03 402789                     /usr/lib/x86_64-linux-gnu/libXtst.so.6.1.0
7f6161e56000-7f6162055000 ---p 00005000 08:03 402789                     /usr/lib/x86_64-linux-gnu/libXtst.so.6.1.0
7f6162055000-7f6162056000 r--p 00004000 08:03 402789                     /usr/lib/x86_64-linux-gnu/libXtst.so.6.1.0
7f6162056000-7f6162057000 rw-p 00005000 08:03 402789                     /usr/lib/x86_64-linux-gnu/libXtst.so.6.1.0
7f6162057000-7f6162166000 r-xp 00000000 08:03 1835067                    /lib/x86_64-linux-gnu/libglib-2.0.so.0.4800.1
7f6162166000-7f6162365000 ---p 0010f000 08:03 1835067                    /lib/x86_64-linux-gnu/libglib-2.0.so.0.4800.1
7f6162365000-7f6162366000 r--p 0010e000 08:03 1835067                    /lib/x86_64-linux-gnu/libglib-2.0.so.0.4800.1
7f6162366000-7f6162367000 rw-p 0010f000 08:03 1835067                    /lib/x86_64-linux-gnu/libglib-2.0.so.0.4800.1
7f6162367000-7f6162368000 rw-p 00000000 00:00 0 
7f6162368000-7f6162369000 r-xp 00000000 08:03 393610                     /usr/lib/x86_64-linux-gnu/libgthread-2.0.so.0.4800.1
7f6162369000-7f6162568000 ---p 00001000 08:03 393610                     /usr/lib/x86_64-linux-gnu/libgthread-2.0.so.0.4800.1
7f6162568000-7f6162569000 r--p 00000000 08:03 393610                     /usr/lib/x86_64-linux-gnu/libgthread-2.0.so.0.4800.1
7f6162569000-7f616256a000 rw-p 00001000 08:03 393610                     /usr/lib/x86_64-linux-gnu/libgthread-2.0.so.0.4800.1
7f616256a000-7f616256d000 r-xp 00000000 08:03 393634                     /usr/lib/x86_64-linux-gnu/libgmodule-2.0.so.0.4800.1
7f616256d000-7f616276c000 ---p 00003000 08:03 393634                     /usr/lib/x86_64-linux-gnu/libgmodule-2.0.so.0.4800.1
7f616276c000-7f616276d000 r--p 00002000 08:03 393634                     /usr/lib/x86_64-linux-gnu/libgmodule-2.0.so.0.4800.1
7f616276d000-7f616276e000 rw-p 00003000 08:03 393634                     /usr/lib/x86_64-linux-gnu/libgmodule-2.0.so.0.4800.1
7f616276e000-7f61627c0000 r-xp 00000000 08:03 393658                     /usr/lib/x86_64-linux-gnu/libgobject-2.0.so.0.4800.1
7f61627c0000-7f61629bf000 ---p 00052000 08:03 393658                     /usr/lib/x86_64-linux-gnu/libgobject-2.0.so.0.4800.1
7f61629bf000-7f61629c0000 r--p 00051000 08:03 393658                     /usr/lib/x86_64-linux-gnu/libgobject-2.0.so.0.4800.1
7f61629c0000-7f61629c1000 rw-p 00052000 08:03 393658                     /usr/lib/x86_64-linux-gnu/libgobject-2.0.so.0.4800.1
7f61629c1000-7f61629fe000 r-xp 00000000 08:03 399237                     /usr/lib/x86_64-linux-gnu/libfontconfig.so.1.9.0
7f61629fe000-7f6162bfd000 ---p 0003d000 08:03 399237                     /usr/lib/x86_64-linux-gnu/libfontconfig.so.1.9.0
7f6162bfd000-7f6162bff000 r--p 0003c000 08:03 399237                     /usr/lib/x86_64-linux-gnu/libfontconfig.so.1.9.0
7f6162bff000-7f6162c04000 rw-p 0003e000 08:03 399237                     /usr/lib/x86_64-linux-gnu/libfontconfig.so.1.9.0
7f6162c04000-7f6162ca8000 r-xp 00000000 08:03 403180                     /usr/lib/x86_64-linux-gnu/libfreetype.so.6.12.1
7f6162ca8000-7f6162ea7000 ---p 000a4000 08:03 403180                     /usr/lib/x86_64-linux-gnu/libfreetype.so.6.12.1
7f6162ea7000-7f6162ead000 r--p 000a3000 08:03 403180                     /usr/lib/x86_64-linux-gnu/libfreetype.so.6.12.1
7f6162ead000-7f6162eae000 rw-p 000a9000 08:03 403180                     /usr/lib/x86_64-linux-gnu/libfreetype.so.6.12.1
7f6162eae000-7f6162ef7000 r-xp 00000000 08:03 403681                     /usr/lib/x86_64-linux-gnu/libpango-1.0.so.0.3800.1
7f6162ef7000-7f61630f7000 ---p 00049000 08:03 403681                     /usr/lib/x86_64-linux-gnu/libpango-1.0.so.0.3800.1
7f61630f7000-7f61630f9000 r--p 00049000 08:03 403681                     /usr/lib/x86_64-linux-gnu/libpango-1.0.so.0.3800.1
7f61630f9000-7f61630fa000 rw-p 0004b000 08:03 403681                     /usr/lib/x86_64-linux-gnu/libpango-1.0.so.0.3800.1
7f61630fa000-7f6163208000 r-xp 00000000 08:03 402910                     /usr/lib/x86_64-linux-gnu/libcairo.so.2.11400.6
7f6163208000-7f6163408000 ---p 0010e000 08:03 402910                     /usr/lib/x86_64-linux-gnu/libcairo.so.2.11400.6
7f6163408000-7f616340b000 r--p 0010e000 08:03 402910                     /usr/lib/x86_64-linux-gnu/libcairo.so.2.11400.6
7f616340b000-7f616340c000 rw-p 00111000 08:03 402910                     /usr/lib/x86_64-linux-gnu/libcairo.so.2.11400.6
7f616340c000-7f616340e000 rw-p 00000000 00:00 0 
7f616340e000-7f616341a000 r-xp 00000000 08:03 403683                     /usr/lib/x86_64-linux-gnu/libpangocairo-1.0.so.0.3800.1
7f616341a000-7f6163619000 ---p 0000c000 08:03 403683                     /usr/lib/x86_64-linux-gnu/libpangocairo-1.0.so.0.3800.1
7f6163619000-7f616361a000 r--p 0000b000 08:03 403683                     /usr/lib/x86_64-linux-gnu/libpangocairo-1.0.so.0.3800.1
7f616361a000-7f616361b000 rw-p 0000c000 08:03 403683                     /usr/lib/x86_64-linux-gnu/libpangocairo-1.0.so.0.3800.1
7f616361b000-7f616363c000 r-xp 00000000 08:03 393495                     /usr/lib/x86_64-linux-gnu/libgdk_pixbuf-2.0.so.0.3200.2
7f616363c000-7f616383b000 ---p 00021000 08:03 393495                     /usr/lib/x86_64-linux-gnu/libgdk_pixbuf-2.0.so.0.3200.2
7f616383b000-7f616383c000 r--p 00020000 08:03 393495                     /usr/lib/x86_64-linux-gnu/libgdk_pixbuf-2.0.so.0.3200.2
7f616383c000-7f616383d000 rw-p 00021000 08:03 393495                     /usr/lib/x86_64-linux-gnu/libgdk_pixbuf-2.0.so.0.3200.2
7f616383d000-7f6163851000 r-xp 00000000 08:03 403685                     /usr/lib/x86_64-linux-gnu/libpangoft2-1.0.so.0.3800.1
7f6163851000-7f6163a51000 ---p 00014000 08:03 403685                     /usr/lib/x86_64-linux-gnu/libpangoft2-1.0.so.0.3800.1
7f6163a51000-7f6163a52000 r--p 00014000 08:03 403685                     /usr/lib/x86_64-linux-gnu/libpangoft2-1.0.so.0.3800.1
7f6163a52000-7f6163a53000 rw-p 00015000 08:03 403685                     /usr/lib/x86_64-linux-gnu/libpangoft2-1.0.so.0.3800.1
7f6163a53000-7f6163bd3000 r-xp 00000000 08:03 393655                     /usr/lib/x86_64-linux-gnu/libgio-2.0.so.0.4800.1
7f6163bd3000-7f6163dd3000 ---p 00180000 08:03 393655                     /usr/lib/x86_64-linux-gnu/libgio-2.0.so.0.4800.1
7f6163dd3000-7f6163dd7000 r--p 00180000 08:03 393655                     /usr/lib/x86_64-linux-gnu/libgio-2.0.so.0.4800.1
7f6163dd7000-7f6163dd9000 rw-p 00184000 08:03 393655                     /usr/lib/x86_64-linux-gnu/libgio-2.0.so.0.4800.1
7f6163dd9000-7f6163ddb000 rw-p 00000000 00:00 0 
7f6163ddb000-7f6163dfd000 r-xp 00000000 08:03 402854                     /usr/lib/x86_64-linux-gnu/libatk-1.0.so.0.21809.1
7f6163dfd000-7f6163ffc000 ---p 00022000 08:03 402854                     /usr/lib/x86_64-linux-gnu/libatk-1.0.so.0.21809.1
7f6163ffc000-7f6163fff000 r--p 00021000 08:03 402854                     /usr/lib/x86_64-linux-gnu/libatk-1.0.so.0.21809.1
7f6163fff000-7f6164000000 rw-p 00024000 08:03 402854                     /usr/lib/x86_64-linux-gnu/libatk-1.0.so.0.21809.1
7f6164000000-7f6164021000 rw-p 00000000 00:00 0 
7f6164021000-7f6168000000 ---p 00000000 00:00 0 
7f6168000000-7f6168298000 rw-p 00000000 00:00 0 
7f6168298000-7f616c000000 ---p 00000000 00:00 0 
7f616c000000-7f616c021000 rw-p 00000000 00:00 0 
7f616c021000-7f6170000000 ---p 00000000 00:00 0 
7f6170000000-7f6170021000 rw-p 00000000 00:00 0 
7f6170021000-7f6174000000 ---p 00000000 00:00 0 
7f6174000000-7f6174286000 rw-p 00000000 00:00 0 
7f6174286000-7f6178000000 ---p 00000000 00:00 0 
7f6178000000-7f6178362000 rw-p 00000000 00:00 0 
7f6178362000-7f617c000000 ---p 00000000 00:00 0 
7f617c000000-7f617c021000 rw-p 00000000 00:00 0 
7f617c021000-7f6180000000 ---p 00000000 00:00 0 
7f6180000000-7f6180296000 rw-p 00000000 00:00 0 
7f6180296000-7f6184000000 ---p 00000000 00:00 0 
7f6184000000-7f6184021000 rw-p 00000000 00:00 0 
7f6184021000-7f6188000000 ---p 00000000 00:00 0 
7f6188000000-7f6188021000 rw-p 00000000 00:00 0 
7f6188021000-7f618c000000 ---p 00000000 00:00 0 
7f618c000000-7f618c021000 rw-p 00000000 00:00 0 
7f618c021000-7f6190000000 ---p 00000000 00:00 0 
7f6190000000-7f6190021000 rw-p 00000000 00:00 0 
7f6190021000-7f6194000000 ---p 00000000 00:00 0 
7f6194000000-7f6194021000 rw-p 00000000 00:00 0 
7f6194021000-7f6198000000 ---p 00000000 00:00 0 
7f6198000000-7f6198021000 rw-p 00000000 00:00 0 
7f6198021000-7f619c000000 ---p 00000000 00:00 0 
7f619c000000-7f619c021000 rw-p 00000000 00:00 0 
7f619c021000-7f61a0000000 ---p 00000000 00:00 0 
7f61a0000000-7f61a0002000 rw-s 00000000 08:03 262240                     /tmp/.glEQTqG0 (deleted)
7f61a0002000-7f61a0007000 r--p 00000000 08:06 1324712                    /home/mostafa/.config/dconf/user
7f61a0007000-7f61a0008000 r--s 00000000 00:27 30                         /run/user/1000/dconf/user
7f61a0008000-7f61a0009000 rw-s 0e9aa000 00:06 517                        /dev/nvidiactl
7f61a0009000-7f61a000d000 rw-s 0e811000 00:06 517                        /dev/nvidiactl
7f61a000d000-7f61a000e000 rw-s aff6b000 00:06 553                        /dev/nvidia0
7f61a000e000-7f61a000f000 rw-s aff6a000 00:06 553                        /dev/nvidia0
7f61a000f000-7f61a004f000 rw-s 0e908000 00:06 517                        /dev/nvidiactl
7f61a004f000-7f61a006f000 rw-s 70897000 00:06 517                        /dev/nvidiactl
7f61a006f000-7f61a0070000 rw-s aff69000 00:06 553                        /dev/nvidia0
7f61a0070000-7f61a00b0000 rw-s 1e7f4000 00:06 517                        /dev/nvidiactl
7f61a00b0000-7f61a0160000 r-xp 00000000 08:03 403219                     /usr/lib/x86_64-linux-gnu/libgdk-x11-2.0.so.0.2400.30
7f61a0160000-7f61a035f000 ---p 000b0000 08:03 403219                     /usr/lib/x86_64-linux-gnu/libgdk-x11-2.0.so.0.2400.30
7f61a035f000-7f61a0363000 r--p 000af000 08:03 403219                     /usr/lib/x86_64-linux-gnu/libgdk-x11-2.0.so.0.2400.30
7f61a0363000-7f61a0365000 rw-p 000b3000 08:03 403219                     /usr/lib/x86_64-linux-gnu/libgdk-x11-2.0.so.0.2400.30
7f61a0365000-7f61a07a3000 r-xp 00000000 08:03 403364                     /usr/lib/x86_64-linux-gnu/libgtk-x11-2.0.so.0.2400.30
7f61a07a3000-7f61a09a2000 ---p 0043e000 08:03 403364                     /usr/lib/x86_64-linux-gnu/libgtk-x11-2.0.so.0.2400.30
7f61a09a2000-7f61a09a9000 r--p 0043d000 08:03 403364                     /usr/lib/x86_64-linux-gnu/libgtk-x11-2.0.so.0.2400.30
7f61a09a9000-7f61a09ad000 rw-p 00444000 08:03 403364                     /usr/lib/x86_64-linux-gnu/libgtk-x11-2.0.so.0.2400.30
7f61a09ad000-7f61a09b0000 rw-p 00000000 00:00 0 
7f61a09d0000-7f61a09d1000 rw-s 1e705000 00:06 517                        /dev/nvidiactl
7f61a09d1000-7f61a09d2000 rw-s d0060000 00:06 553                        /dev/nvidia0
7f61a09d2000-7f61a09de000 r-xp 00000000 08:03 2493705                    /usr/lib/jvm/java-8-oracle/jre/lib/amd64/libprism_es2.so
7f61a09de000-7f61a0bdd000 ---p 0000c000 08:03 2493705                    /usr/lib/jvm/java-8-oracle/jre/lib/amd64/libprism_es2.so
7f61a0bdd000-7f61a0bde000 rw-p 0000b000 08:03 2493705                    /usr/lib/jvm/java-8-oracle/jre/lib/amd64/libprism_es2.so
7f61a0bde000-7f61a0be1000 ---p 00000000 00:00 0 
7f61a0be1000-7f61a0cdf000 rw-p 00000000 00:00 0 
7f61a0cdf000-7f61a0ce2000 ---p 00000000 00:00 0 
7f61a0ce2000-7f61a10e1000 rw-p 00000000 00:00 0 
7f61a10e1000-7f61a10f7000 r-xp 00000000 08:03 2493693                    /usr/lib/jvm/java-8-oracle/jre/lib/amd64/libnet.so
7f61a10f7000-7f61a12f7000 ---p 00016000 08:03 2493693                    /usr/lib/jvm/java-8-oracle/jre/lib/amd64/libnet.so
7f61a12f7000-7f61a12f8000 rw-p 00016000 08:03 2493693                    /usr/lib/jvm/java-8-oracle/jre/lib/amd64/libnet.so
7f61a12f8000-7f61a138e000 r--s 01103000 08:03 2493769                    /usr/lib/jvm/java-8-oracle/jre/lib/ext/jfxrt.jar
7f61a138e000-7f61a1391000 ---p 00000000 00:00 0 
7f61a1391000-7f61a148f000 rw-p 00000000 00:00 0 
7f61a148f000-7f61a1490000 r-xp 00000000 08:03 2502255                    /opt/intellij-idea-community/bin/libbreakgen64.so
7f61a1490000-7f61a168f000 ---p 00001000 08:03 2502255                    /opt/intellij-idea-community/bin/libbreakgen64.so
7f61a168f000-7f61a1690000 r--p 00000000 08:03 2502255                    /opt/intellij-idea-community/bin/libbreakgen64.so
7f61a1690000-7f61a1691000 rw-p 00001000 08:03 2502255                    /opt/intellij-idea-community/bin/libbreakgen64.so
7f61a1691000-7f61a1693000 r--s 00019000 08:03 2502175                    /opt/intellij-idea-community/lib/idea_rt.jar
7f61a1693000-7f61a16a6000 r--s 00345000 08:03 2493917                    /usr/lib/jvm/java-8-oracle/jre/lib/resources.jar
7f61a16a6000-7f61a16b8000 r--s 000d6000 08:03 2493916                    /usr/lib/jvm/java-8-oracle/jre/lib/plugin.jar
7f61a16b8000-7f61a16bc000 r--s 00097000 08:03 2493637                    /usr/lib/jvm/java-8-oracle/jre/lib/jsse.jar
7f61a16bc000-7f61a16c1000 r--s 00084000 08:03 2493792                    /usr/lib/jvm/java-8-oracle/jre/lib/jfr.jar
7f61a16c1000-7f61a16cb000 r--s 0006c000 08:03 2493800                    /usr/lib/jvm/java-8-oracle/jre/lib/javaws.jar
7f61a16cb000-7f61a16cc000 ---p 00000000 00:00 0 
7f61a16cc000-7f61a17cc000 rw-p 00000000 00:00 0 
7f61a17cc000-7f61a17cf000 ---p 00000000 00:00 0 
7f61a17cf000-7f61a18cd000 rw-p 00000000 00:00 0 
7f61a18cd000-7f61a18d0000 ---p 00000000 00:00 0 
7f61a18d0000-7f61a19ce000 rw-p 00000000 00:00 0 
7f61a19ce000-7f61a19d1000 ---p 00000000 00:00 0 
7f61a19d1000-7f61a1acf000 rw-p 00000000 00:00 0 
7f61a1acf000-7f61a1ad2000 ---p 00000000 00:00 0 
7f61a1ad2000-7f61a1bd0000 rw-p 00000000 00:00 0 
7f61a1bd0000-7f61a1bd3000 ---p 00000000 00:00 0 
7f61a1bd3000-7f61a1cd1000 rw-p 00000000 00:00 0 
7f61a1cd1000-7f61a1faa000 r--p 00000000 08:03 393281                     /usr/lib/locale/locale-archive
7f61a1faa000-7f61a1fad000 ---p 00000000 00:00 0 
7f61a1fad000-7f61a20ab000 rw-p 00000000 00:00 0 
7f61a20ab000-7f61a20ae000 ---p 00000000 00:00 0 
7f61a20ae000-7f61a21ac000 rw-p 00000000 00:00 0 
7f61a21ac000-7f61a21ad000 ---p 00000000 00:00 0 
7f61a21ad000-7f61a5000000 rw-p 00000000 00:00 0 
7f61a5000000-7f61a5560000 rwxp 00000000 00:00 0 
7f61a5560000-7f61b4000000 ---p 00000000 00:00 0 
7f61b4000000-7f61b41af000 rw-p 00000000 00:00 0 
7f61b41af000-7f61b8000000 ---p 00000000 00:00 0 
7f61b8000000-7f61b8002000 r--s 00007000 08:03 2493758                    /usr/lib/jvm/java-8-oracle/jre/lib/jfxswt.jar
7f61b8002000-7f61b801d000 r--s 00208000 08:03 2493801                    /usr/lib/jvm/java-8-oracle/jre/lib/deploy.jar
7f61b801d000-7f61b803e000 rw-p 00000000 00:00 0 
7f61b803e000-7f61b8216000 r--s 03d2a000 08:03 2493685                    /usr/lib/jvm/java-8-oracle/jre/lib/rt.jar
7f61b8216000-7f61b8c68000 rw-p 00000000 00:00 0 
7f61b8c68000-7f61b8c69000 ---p 00000000 00:00 0 
7f61b8c69000-7f61b8d69000 rw-p 00000000 00:00 0 
7f61b8d69000-7f61b8d6a000 ---p 00000000 00:00 0 
7f61b8d6a000-7f61b8e6a000 rw-p 00000000 00:00 0 
7f61b8e6a000-7f61b8e6b000 ---p 00000000 00:00 0 
7f61b8e6b000-7f61b8f6b000 rw-p 00000000 00:00 0 
7f61b8f6b000-7f61b8f6c000 ---p 00000000 00:00 0 
7f61b8f6c000-7f61b9080000 rw-p 00000000 00:00 0 
7f61b9080000-7f61b91aa000 ---p 00000000 00:00 0 
7f61b91aa000-7f61b91be000 rw-p 00000000 00:00 0 
7f61b91be000-7f61b92e7000 ---p 00000000 00:00 0 
7f61b92e7000-7f61b92f9000 rw-p 00000000 00:00 0 
7f61b92f9000-7f61b9386000 ---p 00000000 00:00 0 
7f61b9386000-7f61b939d000 rw-p 00000000 00:00 0 
7f61b939d000-7f61b9747000 ---p 00000000 00:00 0 
7f61b9747000-7f61b9761000 r-xp 00000000 08:03 2493716                    /usr/lib/jvm/java-8-oracle/jre/lib/amd64/libzip.so
7f61b9761000-7f61b9961000 ---p 0001a000 08:03 2493716                    /usr/lib/jvm/java-8-oracle/jre/lib/amd64/libzip.so
7f61b9961000-7f61b9962000 rw-p 0001a000 08:03 2493716                    /usr/lib/jvm/java-8-oracle/jre/lib/amd64/libzip.so
7f61b9962000-7f61b996d000 r-xp 00000000 08:03 1848107                    /lib/x86_64-linux-gnu/libnss_files-2.23.so
7f61b996d000-7f61b9b6c000 ---p 0000b000 08:03 1848107                    /lib/x86_64-linux-gnu/libnss_files-2.23.so
7f61b9b6c000-7f61b9b6d000 r--p 0000a000 08:03 1848107                    /lib/x86_64-linux-gnu/libnss_files-2.23.so
7f61b9b6d000-7f61b9b6e000 rw-p 0000b000 08:03 1848107                    /lib/x86_64-linux-gnu/libnss_files-2.23.so
7f61b9b6e000-7f61b9b74000 rw-p 00000000 00:00 0 
7f61b9b74000-7f61b9b7f000 r-xp 00000000 08:03 1848104                    /lib/x86_64-linux-gnu/libnss_nis-2.23.so
7f61b9b7f000-7f61b9d7e000 ---p 0000b000 08:03 1848104                    /lib/x86_64-linux-gnu/libnss_nis-2.23.so
7f61b9d7e000-7f61b9d7f000 r--p 0000a000 08:03 1848104                    /lib/x86_64-linux-gnu/libnss_nis-2.23.so
7f61b9d7f000-7f61b9d80000 rw-p 0000b000 08:03 1848104                    /lib/x86_64-linux-gnu/libnss_nis-2.23.so
7f61b9d80000-7f61b9d96000 r-xp 00000000 08:03 1848102                    /lib/x86_64-linux-gnu/libnsl-2.23.so
7f61b9d96000-7f61b9f95000 ---p 00016000 08:03 1848102                    /lib/x86_64-linux-gnu/libnsl-2.23.so
7f61b9f95000-7f61b9f96000 r--p 00015000 08:03 1848102                    /lib/x86_64-linux-gnu/libnsl-2.23.so
7f61b9f96000-7f61b9f97000 rw-p 00016000 08:03 1848102                    /lib/x86_64-linux-gnu/libnsl-2.23.so
7f61b9f97000-7f61b9f99000 rw-p 00000000 00:00 0 
7f61b9f99000-7f61b9fa1000 r-xp 00000000 08:03 1848100                    /lib/x86_64-linux-gnu/libnss_compat-2.23.so
7f61b9fa1000-7f61ba1a0000 ---p 00008000 08:03 1848100                    /lib/x86_64-linux-gnu/libnss_compat-2.23.so
7f61ba1a0000-7f61ba1a1000 r--p 00007000 08:03 1848100                    /lib/x86_64-linux-gnu/libnss_compat-2.23.so
7f61ba1a1000-7f61ba1a2000 rw-p 00008000 08:03 1848100                    /lib/x86_64-linux-gnu/libnss_compat-2.23.so
7f61ba1a2000-7f61ba1cd000 r-xp 00000000 08:03 2493743                    /usr/lib/jvm/java-8-oracle/jre/lib/amd64/libjava.so
7f61ba1cd000-7f61ba3cc000 ---p 0002b000 08:03 2493743                    /usr/lib/jvm/java-8-oracle/jre/lib/amd64/libjava.so
7f61ba3cc000-7f61ba3ce000 rw-p 0002a000 08:03 2493743                    /usr/lib/jvm/java-8-oracle/jre/lib/amd64/libjava.so
7f61ba3ce000-7f61ba3db000 r-xp 00000000 08:03 2493694                    /usr/lib/jvm/java-8-oracle/jre/lib/amd64/libverify.so
7f61ba3db000-7f61ba5da000 ---p 0000d000 08:03 2493694                    /usr/lib/jvm/java-8-oracle/jre/lib/amd64/libverify.so
7f61ba5da000-7f61ba5dc000 rw-p 0000c000 08:03 2493694                    /usr/lib/jvm/java-8-oracle/jre/lib/amd64/libverify.so
7f61ba5dc000-7f61ba5e3000 r-xp 00000000 08:03 1848116                    /lib/x86_64-linux-gnu/librt-2.23.so
7f61ba5e3000-7f61ba7e2000 ---p 00007000 08:03 1848116                    /lib/x86_64-linux-gnu/librt-2.23.so
7f61ba7e2000-7f61ba7e3000 r--p 00006000 08:03 1848116                    /lib/x86_64-linux-gnu/librt-2.23.so
7f61ba7e3000-7f61ba7e4000 rw-p 00007000 08:03 1848116                    /lib/x86_64-linux-gnu/librt-2.23.so
7f61ba7e4000-7f61ba8ec000 r-xp 00000000 08:03 1848113                    /lib/x86_64-linux-gnu/libm-2.23.so
7f61ba8ec000-7f61baaeb000 ---p 00108000 08:03 1848113                    /lib/x86_64-linux-gnu/libm-2.23.so
7f61baaeb000-7f61baaec000 r--p 00107000 08:03 1848113                    /lib/x86_64-linux-gnu/libm-2.23.so
7f61baaec000-7f61baaed000 rw-p 00108000 08:03 1848113                    /lib/x86_64-linux-gnu/libm-2.23.so
7f61baaed000-7f61bb7ba000 r-xp 00000000 08:03 2493747                    /usr/lib/jvm/java-8-oracle/jre/lib/amd64/server/libjvm.so
7f61bb7ba000-7f61bb9b9000 ---p 00ccd000 08:03 2493747                    /usr/lib/jvm/java-8-oracle/jre/lib/amd64/server/libjvm.so
7f61bb9b9000-7f61bba92000 rw-p 00ccc000 08:03 2493747                    /usr/lib/jvm/java-8-oracle/jre/lib/amd64/server/libjvm.so
7f61bba92000-7f61bbadd000 rw-p 00000000 00:00 0 
7f61bbadd000-7f61bbc9c000 r-xp 00000000 08:03 1848121                    /lib/x86_64-linux-gnu/libc-2.23.so
7f61bbc9c000-7f61bbe9c000 ---p 001bf000 08:03 1848121                    /lib/x86_64-linux-gnu/libc-2.23.so
7f61bbe9c000-7f61bbea0000 r--p 001bf000 08:03 1848121                    /lib/x86_64-linux-gnu/libc-2.23.so
7f61bbea0000-7f61bbea2000 rw-p 001c3000 08:03 1848121                    /lib/x86_64-linux-gnu/libc-2.23.so
7f61bbea2000-7f61bbea6000 rw-p 00000000 00:00 0 
7f61bbea6000-7f61bbea9000 r-xp 00000000 08:03 1848122                    /lib/x86_64-linux-gnu/libdl-2.23.so
7f61bbea9000-7f61bc0a8000 ---p 00003000 08:03 1848122                    /lib/x86_64-linux-gnu/libdl-2.23.so
7f61bc0a8000-7f61bc0a9000 r--p 00002000 08:03 1848122                    /lib/x86_64-linux-gnu/libdl-2.23.so
7f61bc0a9000-7f61bc0aa000 rw-p 00003000 08:03 1848122                    /lib/x86_64-linux-gnu/libdl-2.23.so
7f61bc0aa000-7f61bc0bf000 r-xp 00000000 08:03 2492804                    /usr/lib/jvm/java-8-oracle/lib/amd64/jli/libjli.so
7f61bc0bf000-7f61bc2bf000 ---p 00015000 08:03 2492804                    /usr/lib/jvm/java-8-oracle/lib/amd64/jli/libjli.so
7f61bc2bf000-7f61bc2c0000 rw-p 00015000 08:03 2492804                    /usr/lib/jvm/java-8-oracle/lib/amd64/jli/libjli.so
7f61bc2c0000-7f61bc2d8000 r-xp 00000000 08:03 1848120                    /lib/x86_64-linux-gnu/libpthread-2.23.so
7f61bc2d8000-7f61bc4d7000 ---p 00018000 08:03 1848120                    /lib/x86_64-linux-gnu/libpthread-2.23.so
7f61bc4d7000-7f61bc4d8000 r--p 00017000 08:03 1848120                    /lib/x86_64-linux-gnu/libpthread-2.23.so
7f61bc4d8000-7f61bc4d9000 rw-p 00018000 08:03 1848120                    /lib/x86_64-linux-gnu/libpthread-2.23.so
7f61bc4d9000-7f61bc4dd000 rw-p 00000000 00:00 0 
7f61bc4dd000-7f61bc503000 r-xp 00000000 08:03 1848117                    /lib/x86_64-linux-gnu/ld-2.23.so
7f61bc503000-7f61bc504000 r--s 00000000 08:03 2493764                    /usr/lib/jvm/java-8-oracle/jre/lib/management-agent.jar
7f61bc504000-7f61bc507000 r--s 0001a000 08:03 2493947                    /usr/lib/jvm/java-8-oracle/jre/lib/jce.jar
7f61bc507000-7f61bc5d9000 rw-p 00000000 00:00 0 
7f61bc5d9000-7f61bc5dc000 ---p 00000000 00:00 0 
7f61bc5dc000-7f61bc6de000 rw-p 00000000 00:00 0 
7f61bc6de000-7f61bc6e3000 r--s 002f9000 08:03 2493638                    /usr/lib/jvm/java-8-oracle/jre/lib/charsets.jar
7f61bc6e3000-7f61bc6f6000 rw-p 00000000 00:00 0 
7f61bc6f6000-7f61bc6fe000 rw-s 00000000 08:03 262239                     /tmp/hsperfdata_mostafa/2852
7f61bc6fe000-7f61bc6ff000 rw-p 00000000 00:00 0 
7f61bc6ff000-7f61bc700000 r--p 00000000 00:00 0 
7f61bc700000-7f61bc702000 rw-p 00000000 00:00 0 
7f61bc702000-7f61bc703000 r--p 00025000 08:03 1848117                    /lib/x86_64-linux-gnu/ld-2.23.so
7f61bc703000-7f61bc704000 rw-p 00026000 08:03 1848117                    /lib/x86_64-linux-gnu/ld-2.23.so
7f61bc704000-7f61bc705000 rw-p 00000000 00:00 0 
7ffee225d000-7ffee227e000 rw-p 00000000 00:00 0                          [stack]
7ffee23cb000-7ffee23cd000 r--p 00000000 00:00 0                          [vvar]
7ffee23cd000-7ffee23cf000 r-xp 00000000 00:00 0                          [vdso]
ffffffffff600000-ffffffffff601000 r-xp 00000000 00:00 0                  [vsyscall]

VM Arguments:
jvm_args: -Didea.launcher.port=7532 -Didea.launcher.bin.path=/opt/intellij-idea-community/bin -Dfile.encoding=UTF-8 
java_command: com.intellij.rt.execution.application.AppMain sample.Main
java_class_path (initial): /usr/lib/jvm/java-8-oracle/jre/lib/charsets.jar:/usr/lib/jvm/java-8-oracle/jre/lib/deploy.jar:/usr/lib/jvm/java-8-oracle/jre/lib/ext/cldrdata.jar:/usr/lib/jvm/java-8-oracle/jre/lib/ext/dnsns.jar:/usr/lib/jvm/java-8-oracle/jre/lib/ext/jaccess.jar:/usr/lib/jvm/java-8-oracle/jre/lib/ext/jfxrt.jar:/usr/lib/jvm/java-8-oracle/jre/lib/ext/localedata.jar:/usr/lib/jvm/java-8-oracle/jre/lib/ext/nashorn.jar:/usr/lib/jvm/java-8-oracle/jre/lib/ext/sunec.jar:/usr/lib/jvm/java-8-oracle/jre/lib/ext/sunjce_provider.jar:/usr/lib/jvm/java-8-oracle/jre/lib/ext/sunpkcs11.jar:/usr/lib/jvm/java-8-oracle/jre/lib/ext/zipfs.jar:/usr/lib/jvm/java-8-oracle/jre/lib/javaws.jar:/usr/lib/jvm/java-8-oracle/jre/lib/jce.jar:/usr/lib/jvm/java-8-oracle/jre/lib/jfr.jar:/usr/lib/jvm/java-8-oracle/jre/lib/jfxswt.jar:/usr/lib/jvm/java-8-oracle/jre/lib/jsse.jar:/usr/lib/jvm/java-8-oracle/jre/lib/management-agent.jar:/usr/lib/jvm/java-8-oracle/jre/lib/plugin.jar:/usr/lib/jvm/java-8-oracle/jre/lib/resources.jar:/usr/lib/jvm/java-8-oracle/jre/lib/rt.jar:/home/mostafa/Desktop/Passing/out/production/Passing:/opt/intellij-idea-community/lib/idea_rt.jar
Launcher Type: SUN_STANDARD

Environment Variables:
JAVA_HOME=/usr/lib/jvm/java-8-oracle
PATH=/usr/local/sbin:/usr/local/bin:/usr/sbin:/usr/bin:/sbin:/bin:/usr/games:/usr/local/games:/snap/bin:/usr/lib/jvm/java-8-oracle/bin:/usr/lib/jvm/java-8-oracle/db/bin:/usr/lib/jvm/java-8-oracle/jre/bin
LD_LIBRARY_PATH=/opt/intellij-idea-community/bin:
SHELL=/bin/bash
DISPLAY=:0

Signal Handlers:
SIGSEGV: [libjvm.so+0xac64b0], sa_mask[0]=11111111011111111101111111111110, sa_flags=SA_RESTART|SA_SIGINFO
SIGBUS: [libjvm.so+0xac64b0], sa_mask[0]=11111111011111111101111111111110, sa_flags=SA_RESTART|SA_SIGINFO
SIGFPE: [libjvm.so+0x91f950], sa_mask[0]=11111111011111111101111111111110, sa_flags=SA_RESTART|SA_SIGINFO
SIGPIPE: SIG_IGN, sa_mask[0]=00000000000010000000000000000000, sa_flags=SA_RESTART
SIGXFSZ: [libjvm.so+0x91f950], sa_mask[0]=11111111011111111101111111111110, sa_flags=SA_RESTART|SA_SIGINFO
SIGILL: [libjvm.so+0x91f950], sa_mask[0]=11111111011111111101111111111110, sa_flags=SA_RESTART|SA_SIGINFO
SIGUSR1: SIG_DFL, sa_mask[0]=00000000000000000000000000000000, sa_flags=none
SIGUSR2: [libjvm.so+0x920f80], sa_mask[0]=00100000000000000000000000000000, sa_flags=SA_RESTART|SA_SIGINFO
SIGHUP: [libjvm.so+0x922380], sa_mask[0]=11111111011111111101111111111110, sa_flags=SA_RESTART|SA_SIGINFO
SIGINT: [libjvm.so+0x922380], sa_mask[0]=11111111011111111101111111111110, sa_flags=SA_RESTART|SA_SIGINFO
SIGTERM: [libjvm.so+0x922380], sa_mask[0]=11111111011111111101111111111110, sa_flags=SA_RESTART|SA_SIGINFO
SIGQUIT: [libjvm.so+0x922380], sa_mask[0]=11111111011111111101111111111110, sa_flags=SA_RESTART|SA_SIGINFO


---------------  S Y S T E M  ---------------

OS:DISTRIB_ID=Ubuntu
DISTRIB_RELEASE=16.04
DISTRIB_CODENAME=xenial
DISTRIB_DESCRIPTION="Ubuntu 16.04.1 LTS"

uname:Linux 4.4.0-47-generic #68-Ubuntu SMP Wed Oct 26 19:39:52 UTC 2016 x86_64
libc:glibc 2.23 NPTL 2.23 
rlimit: STACK 8192k, CORE 0k, NPROC 15037, NOFILE 65536, AS infinity
load average:2.25 2.24 1.12

/proc/meminfo:
MemTotal:        3896084 kB
MemFree:          122104 kB
MemAvailable:    1152012 kB
Buffers:           83252 kB
Cached:          1141316 kB
SwapCached:            0 kB
Active:          2843424 kB
Inactive:         682592 kB
Active(anon):    2300416 kB
Inactive(anon):    23804 kB
Active(file):     543008 kB
Inactive(file):   658788 kB
Unevictable:          32 kB
Mlocked:              32 kB
SwapTotal:       7812092 kB
SwapFree:        7812092 kB
Dirty:                96 kB
Writeback:             0 kB
AnonPages:       2297712 kB
Mapped:           344724 kB
Shmem:             22360 kB
Slab:             104724 kB
SReclaimable:      69552 kB
SUnreclaim:        35172 kB
KernelStack:       10032 kB
PageTables:        36876 kB
NFS_Unstable:          0 kB
Bounce:                0 kB
WritebackTmp:          0 kB
CommitLimit:     9760132 kB
Committed_AS:    5875060 kB
VmallocTotal:   34359738367 kB
VmallocUsed:           0 kB
VmallocChunk:          0 kB
HardwareCorrupted:     0 kB
AnonHugePages:    911360 kB
CmaTotal:              0 kB
CmaFree:               0 kB
HugePages_Total:       0
HugePages_Free:        0
HugePages_Rsvd:        0
HugePages_Surp:        0
Hugepagesize:       2048 kB
DirectMap4k:      200960 kB
DirectMap2M:     3842048 kB


CPU:total 4 (2 cores per cpu, 2 threads per core) family 6 model 42 stepping 7, cmov, cx8, fxsr, mmx, sse, sse2, sse3, ssse3, sse4.1, sse4.2, popcnt, avx, aes, clmul, ht, tsc, tscinvbit

/proc/cpuinfo:
processor	: 0
vendor_id	: GenuineIntel
cpu family	: 6
model		: 42
model name	: Intel(R) Core(TM) i5-2450M CPU @ 2.50GHz
stepping	: 7
microcode	: 0x1b
cpu MHz		: 2900.000
cache size	: 3072 KB
physical id	: 0
siblings	: 4
core id		: 0
cpu cores	: 2
apicid		: 0
initial apicid	: 0
fpu		: yes
fpu_exception	: yes
cpuid level	: 13
wp		: yes
flags		: fpu vme de pse tsc msr pae mce cx8 apic sep mtrr pge mca cmov pat pse36 clflush dts acpi mmx fxsr sse sse2 ss ht tm pbe syscall nx rdtscp lm constant_tsc arch_perfmon pebs bts rep_good nopl xtopology nonstop_tsc aperfmperf eagerfpu pni pclmulqdq dtes64 monitor ds_cpl vmx est tm2 ssse3 cx16 xtpr pdcm pcid sse4_1 sse4_2 x2apic popcnt tsc_deadline_timer aes xsave avx lahf_lm epb tpr_shadow vnmi flexpriority ept vpid xsaveopt dtherm ida arat pln pts
bugs		:
bogomips	: 4988.58
clflush size	: 64
cache_alignment	: 64
address sizes	: 36 bits physical, 48 bits virtual
power management:

processor	: 1
vendor_id	: GenuineIntel
cpu family	: 6
model		: 42
model name	: Intel(R) Core(TM) i5-2450M CPU @ 2.50GHz
stepping	: 7
microcode	: 0x1b
cpu MHz		: 2899.902
cache size	: 3072 KB
physical id	: 0
siblings	: 4
core id		: 0
cpu cores	: 2
apicid		: 1
initial apicid	: 1
fpu		: yes
fpu_exception	: yes
cpuid level	: 13
wp		: yes
flags		: fpu vme de pse tsc msr pae mce cx8 apic sep mtrr pge mca cmov pat pse36 clflush dts acpi mmx fxsr sse sse2 ss ht tm pbe syscall nx rdtscp lm constant_tsc arch_perfmon pebs bts rep_good nopl xtopology nonstop_tsc aperfmperf eagerfpu pni pclmulqdq dtes64 monitor ds_cpl vmx est tm2 ssse3 cx16 xtpr pdcm pcid sse4_1 sse4_2 x2apic popcnt tsc_deadline_timer aes xsave avx lahf_lm epb tpr_shadow vnmi flexpriority ept vpid xsaveopt dtherm ida arat pln pts
bugs		:
bogomips	: 4988.58
clflush size	: 64
cache_alignment	: 64
address sizes	: 36 bits physical, 48 bits virtual
power management:

processor	: 2
vendor_id	: GenuineIntel
cpu family	: 6
model		: 42
model name	: Intel(R) Core(TM) i5-2450M CPU @ 2.50GHz
stepping	: 7
microcode	: 0x1b
cpu MHz		: 2899.902
cache size	: 3072 KB
physical id	: 0
siblings	: 4
core id		: 1
cpu cores	: 2
apicid		: 2
initial apicid	: 2
fpu		: yes
fpu_exception	: yes
cpuid level	: 13
wp		: yes
flags		: fpu vme de pse tsc msr pae mce cx8 apic sep mtrr pge mca cmov pat pse36 clflush dts acpi mmx fxsr sse sse2 ss ht tm pbe syscall nx rdtscp lm constant_tsc arch_perfmon pebs bts rep_good nopl xtopology nonstop_tsc aperfmperf eagerfpu pni pclmulqdq dtes64 monitor ds_cpl vmx est tm2 ssse3 cx16 xtpr pdcm pcid sse4_1 sse4_2 x2apic popcnt tsc_deadline_timer aes xsave avx lahf_lm epb tpr_shadow vnmi flexpriority ept vpid xsaveopt dtherm ida arat pln pts
bugs		:
bogomips	: 4988.58
clflush size	: 64
cache_alignment	: 64
address sizes	: 36 bits physical, 48 bits virtual
power management:

processor	: 3
vendor_id	: GenuineIntel
cpu family	: 6
model		: 42
model name	: Intel(R) Core(TM) i5-2450M CPU @ 2.50GHz
stepping	: 7
microcode	: 0x1b
cpu MHz		: 2900.000
cache size	: 3072 KB
physical id	: 0
siblings	: 4
core id		: 1
cpu cores	: 2
apicid		: 3
initial apicid	: 3
fpu		: yes
fpu_exception	: yes
cpuid level	: 13
wp		: yes
flags		: fpu vme de pse tsc msr pae mce cx8 apic sep mtrr pge mca cmov pat pse36 clflush dts acpi mmx fxsr sse sse2 ss ht tm pbe syscall nx rdtscp lm constant_tsc arch_perfmon pebs bts rep_good nopl xtopology nonstop_tsc aperfmperf eagerfpu pni pclmulqdq dtes64 monitor ds_cpl vmx est tm2 ssse3 cx16 xtpr pdcm pcid sse4_1 sse4_2 x2apic popcnt tsc_deadline_timer aes xsave avx lahf_lm epb tpr_shadow vnmi flexpriority ept vpid xsaveopt dtherm ida arat pln pts
bugs		:
bogomips	: 4988.58
clflush size	: 64
cache_alignment	: 64
address sizes	: 36 bits physical, 48 bits virtual
power management:



Memory: 4k page, physical 3896084k(122104k free), swap 7812092k(7812092k free)

vm_info: Java HotSpot(TM) 64-Bit Server VM (25.111-b14) for linux-amd64 JRE (1.8.0_111-b14), built on Sep 22 2016 16:14:03 by "java_re" with gcc 4.3.0 20080428 (Red Hat 4.3.0-8)

time: Sat Dec  3 14:40:51 2016
elapsed time: 51 seconds (0d 0h 0m 51s)

