#
# A fatal error has been detected by the Java Runtime Environment:
#
#  SIGSEGV (0xb) at pc=0x00007f4e2792bd28, pid=3977, tid=0x00007f4dbf9dd700
#
# JRE version: Java(TM) SE Runtime Environment (8.0_111-b14) (build 1.8.0_111-b14)
# Java VM: Java HotSpot(TM) 64-Bit Server VM (25.111-b14 mixed mode linux-amd64 compressed oops)
# Problematic frame:
# V  [libjvm.so+0x6d1d28]  jni_invoke_nonstatic(JNIEnv_*, JavaValue*, _jobject*, JNICallType, _jmethodID*, JNI_ArgumentPusher*, Thread*)+0x38
#
# Failed to write core dump. Core dumps have been disabled. To enable core dumping, try "ulimit -c unlimited" before starting Java again
#
# If you would like to submit a bug report, please visit:
#   http://bugreport.java.com/bugreport/crash.jsp
#

---------------  T H R E A D  ---------------

Current thread (0x00007f4dd011c800):  JavaThread "JavaFX Application Thread" [_thread_in_vm, id=4015, stack(0x00007f4dbf8dd000,0x00007f4dbf9de000)]

siginfo: si_signo: 11 (SIGSEGV), si_code: 1 (SEGV_MAPERR), si_addr: 0x00007f4d00000000

Registers:
RAX=0x00007f4dbf9dc4c0, RBX=0x00007f4dbf9dc3d0, RCX=0x0000000000000001, RDX=0x00007f4d00000000
RSP=0x00007f4dbf9dc220, RBP=0x00007f4dbf9dc3a0, RSI=0x00007f4dbf9dc430, RDI=0x00007f4dd011c9f8
R8 =0x00007f4dd005d848, R9 =0x00007f4dbf9dc3d0, R10=0x00007f4db4000af0, R11=0x00007f4e11384da0
R12=0x00007f4dd011c800, R13=0x00007f4dd005d848, R14=0x0000000000000001, R15=0x00007f4dd011c9f8
RIP=0x00007f4e2792bd28, EFLAGS=0x0000000000010206, CSGSFS=0x0000000000000033, ERR=0x0000000000000004
  TRAPNO=0x000000000000000e

Top of Stack: (sp=0x00007f4dbf9dc220)
0x00007f4dbf9dc220:   00007f4dbf9dc920 00007f4dbf9dc540
0x00007f4dbf9dc230:   00007f4dbf9dc280 00007f4dbf9dc300
0x00007f4dbf9dc240:   00007f4dbf9dc3d0 00007f4dbf9dc430
0x00007f4dbf9dc250:   00007f4dd011c9f8 00007f4e2794b830
0x00007f4dbf9dc260:   00007f4ddc011800 00007f4ddc011810
0x00007f4dbf9dc270:   00007f4ddc011be8 00000000000003d8
0x00007f4dbf9dc280:   0000000000000000 00000000ec70a318
0x00007f4dbf9dc290:   00007f4e0000006f 00007f4d0000000a
0x00007f4dbf9dc2a0:   00000000ed161be0 0000000000000000
0x00007f4dbf9dc2b0:   0000000000000000 0000000000000000
0x00007f4dbf9dc2c0:   00007f4e24f0b570 0000000100000100
0x00007f4dbf9dc2d0:   0000000000000000 00007f4dbf9dc288
0x00007f4dbf9dc2e0:   00007f4dbf9dc2c9 0000000800000005
0x00007f4dbf9dc2f0:   0000000000000000 00007f4dd011c130
0x00007f4dbf9dc300:   00007f4e281b8af0 00007f4e28cc96d0
0x00007f4dbf9dc310:   00000000d011bfc0 00007f4dd011c800
0x00007f4dbf9dc320:   0000000000000000 00007f4e2792c0fb
0x00007f4dbf9dc330:   00007f4e24ef8258 00007f4dd011c800
0x00007f4dbf9dc340:   00007f4e24ef8258 00007f4dd011c800
0x00007f4dbf9dc350:   00007f4dbf9dc4e0 00007f4e24ef8258
0x00007f4dbf9dc360:   00007f4e24ef8258 00007f4e24ef8258
0x00007f4dbf9dc370:   00007f4ddc011800 00007f4dbf9dc3d0
0x00007f4dbf9dc380:   00007f4dd011c800 00007f4dbf9dc410
0x00007f4dbf9dc390:   00007f4dd005d848 00007f4dd011c9f8
0x00007f4dbf9dc3a0:   00007f4dbf9dc490 00007f4e279304cf
0x00007f4dbf9dc3b0:   00007f4dd011c800 00007f4e088a5054
0x00007f4dbf9dc3c0:   00007f4dbf9dc4a8 00007f4d00000000
0x00007f4dbf9dc3d0:   00007f4e281b9750 00007f4e28cc96d0
0x00007f4dbf9dc3e0:   00000000bf9dc450 9d35d31d00000063
0x00007f4dbf9dc3f0:   0000000000000000 0000003000000018
0x00007f4dbf9dc400:   00007f4dbf9dc580 00007f4dbf9dc4c0
0x00007f4dbf9dc410:   00007f4dd011c800 0000000000000000 

Instructions: (pc=0x00007f4e2792bd28)
0x00007f4e2792bd08:   00 00 48 85 d2 48 89 bd b0 fe ff ff 48 89 b5 a8
0x00007f4e2792bd18:   fe ff ff 4c 89 8d a0 fe ff ff 0f 84 78 09 00 00
0x00007f4e2792bd28:   4c 8b 22 4d 85 e4 0f 84 6c 09 00 00 48 8b 45 10
0x00007f4e2792bd38:   48 8b 98 38 01 00 00 48 83 7b 18 f7 0f 87 16 07 

Register to memory mapping:

RAX=0x00007f4dbf9dc4c0 is pointing into the stack for thread: 0x00007f4dd011c800
RBX=0x00007f4dbf9dc3d0 is pointing into the stack for thread: 0x00007f4dd011c800
RCX=0x0000000000000001 is an unknown value
RDX=0x00007f4d00000000 is an unknown value
RSP=0x00007f4dbf9dc220 is pointing into the stack for thread: 0x00007f4dd011c800
RBP=0x00007f4dbf9dc3a0 is pointing into the stack for thread: 0x00007f4dd011c800
RSI=0x00007f4dbf9dc430 is pointing into the stack for thread: 0x00007f4dd011c800
RDI=0x00007f4dd011c9f8 is an unknown value
R8 =0x00007f4dd005d848 is an unknown value
R9 =0x00007f4dbf9dc3d0 is pointing into the stack for thread: 0x00007f4dd011c800
R10=0x00007f4db4000af0 is an unknown value
R11=0x00007f4e11384da0 is at entry_point+32 in (nmethod*)0x00007f4e11384c10
R12=0x00007f4dd011c800 is a thread
R13=0x00007f4dd005d848 is an unknown value
R14=0x0000000000000001 is an unknown value
R15=0x00007f4dd011c9f8 is an unknown value


Stack: [0x00007f4dbf8dd000,0x00007f4dbf9de000],  sp=0x00007f4dbf9dc220,  free space=1020k
Native frames: (J=compiled Java code, j=interpreted, Vv=VM code, C=native code)
V  [libjvm.so+0x6d1d28]  jni_invoke_nonstatic(JNIEnv_*, JavaValue*, _jobject*, JNICallType, _jmethodID*, JNI_ArgumentPusher*, Thread*)+0x38
V  [libjvm.so+0x6d64cf]  jni_CallVoidMethodV+0x10f
C  [libglass.so+0x18641]  JNIEnv_::CallVoidMethod(_jobject*, _jmethodID*, ...)+0x81
C  [libglass.so+0x14f0f]  WindowContextBase::process_key(_GdkEventKey*)+0x20f
C  [libglass.so+0x19f60]  WindowContextBase::im_filter_keypress(_GdkEventKey*)+0x1c0
C  [libglass.so+0x1a91c]  process_events(_GdkEvent*, void*)+0x22c
C  [libgdk-x11-2.0.so.0+0x5ac4c]

Java frames: (J=compiled Java code, j=interpreted, Vv=VM code)
j  com.sun.glass.ui.gtk.GtkApplication._runLoop(Ljava/lang/Runnable;Z)V+0
j  com.sun.glass.ui.gtk.GtkApplication.lambda$null$49(Ljava/lang/Runnable;Z)V+7
j  com.sun.glass.ui.gtk.GtkApplication$$Lambda$43.run()V+12
j  java.lang.Thread.run()V+11
v  ~StubRoutines::call_stub

---------------  P R O C E S S  ---------------

Java Threads: ( => current thread )
  0x00007f4db4204000 JavaThread "Prism Font Disposer" daemon [_thread_blocked, id=4023, stack(0x00007f4dbdb65000,0x00007f4dbdc66000)]
=>0x00007f4dd011c800 JavaThread "JavaFX Application Thread" [_thread_in_vm, id=4015, stack(0x00007f4dbf8dd000,0x00007f4dbf9de000)]
  0x00007f4dd0119000 JavaThread "Thread-2" daemon [_thread_blocked, id=4014, stack(0x00007f4dbf9de000,0x00007f4dbfadf000)]
  0x00007f4dd004b800 JavaThread "QuantumRenderer-0" daemon [_thread_blocked, id=4012, stack(0x00007f4e0931e000,0x00007f4e0941f000)]
  0x00007f4e201c0800 JavaThread "JavaFX-Launcher" [_thread_blocked, id=4011, stack(0x00007f4e0941f000,0x00007f4e09520000)]
  0x00007f4e20123000 JavaThread "Monitor Ctrl-Break" daemon [_thread_in_native, id=4007, stack(0x00007f4e09a38000,0x00007f4e09b39000)]
  0x00007f4e200c1800 JavaThread "Service Thread" daemon [_thread_blocked, id=3999, stack(0x00007f4e09e3c000,0x00007f4e09f3d000)]
  0x00007f4e200be800 JavaThread "C1 CompilerThread2" daemon [_thread_blocked, id=3998, stack(0x00007f4e09f3d000,0x00007f4e0a03e000)]
  0x00007f4e200bd000 JavaThread "C2 CompilerThread1" daemon [_thread_in_native, id=3997, stack(0x00007f4e0a03e000,0x00007f4e0a13f000)]
  0x00007f4e200ba000 JavaThread "C2 CompilerThread0" daemon [_thread_in_native, id=3996, stack(0x00007f4e0a13f000,0x00007f4e0a240000)]
  0x00007f4e200b8800 JavaThread "Signal Dispatcher" daemon [_thread_blocked, id=3995, stack(0x00007f4e100fa000,0x00007f4e101fb000)]
  0x00007f4e20084800 JavaThread "Finalizer" daemon [_thread_blocked, id=3991, stack(0x00007f4e104d4000,0x00007f4e105d5000)]
  0x00007f4e20080000 JavaThread "Reference Handler" daemon [_thread_blocked, id=3990, stack(0x00007f4e105d5000,0x00007f4e106d6000)]
  0x00007f4e2000a800 JavaThread "main" [_thread_blocked, id=3978, stack(0x00007f4e28d46000,0x00007f4e28e47000)]

Other Threads:
  0x00007f4e20078000 VMThread [stack: 0x00007f4e106d6000,0x00007f4e107d7000] [id=3989]
  0x00007f4e200c4800 WatcherThread [stack: 0x00007f4e09d3b000,0x00007f4e09e3c000] [id=4000]

VM state:not at safepoint (normal execution)

VM Mutex/Monitor currently owned by a thread: None

Heap:
 PSYoungGen      total 17920K, used 3596K [0x00000000ec300000, 0x00000000ed700000, 0x0000000100000000)
  eden space 15360K, 6% used [0x00000000ec300000,0x00000000ec4070a8,0x00000000ed200000)
  from space 2560K, 99% used [0x00000000ed480000,0x00000000ed6fc048,0x00000000ed700000)
  to   space 2560K, 0% used [0x00000000ed200000,0x00000000ed200000,0x00000000ed480000)
 ParOldGen       total 40960K, used 3104K [0x00000000c4800000, 0x00000000c7000000, 0x00000000ec300000)
  object space 40960K, 7% used [0x00000000c4800000,0x00000000c4b08380,0x00000000c7000000)
 Metaspace       used 15786K, capacity 16510K, committed 16768K, reserved 1062912K
  class space    used 2217K, capacity 2369K, committed 2432K, reserved 1048576K

Card table byte_map: [0x00007f4e25917000,0x00007f4e25af4000] byte_map_base: 0x00007f4e252f3000

Marking Bits: (ParMarkBitMap*) 0x00007f4e2821d220
 Begin Bits: [0x00007f4e0a240000, 0x00007f4e0b120000)
 End Bits:   [0x00007f4e0b120000, 0x00007f4e0c000000)

Polling page: 0x00007f4e28e6c000

CodeCache: size=245760Kb used=4853Kb max_used=4853Kb free=240906Kb
 bounds [0x00007f4e11000000, 0x00007f4e114c0000, 0x00007f4e20000000]
 total_blobs=2212 nmethods=1595 adapters=530
 compilation: enabled

Compilation events (10 events):
Event: 12.466 Thread 0x00007f4e200be800 1570       3       com.sun.javafx.css.parser.DeriveColorConverter::convert (7 bytes)
Event: 12.466 Thread 0x00007f4e200be800 nmethod 1570 0x00007f4e114bca50 code [0x00007f4e114bcbc0, 0x00007f4e114bcdc8]
Event: 12.466 Thread 0x00007f4e200be800 1571       3       com.sun.javafx.css.parser.DeriveColorConverter::convert (44 bytes)
Event: 12.467 Thread 0x00007f4e200be800 nmethod 1571 0x00007f4e114bce50 code [0x00007f4e114bd060, 0x00007f4e114bd9b8]
Event: 12.467 Thread 0x00007f4e200be800 1598       3       javafx.scene.control.SkinBase::snapSize (19 bytes)
Event: 12.467 Thread 0x00007f4e200be800 nmethod 1598 0x00007f4e114bdd90 code [0x00007f4e114bdf40, 0x00007f4e114be288]
Event: 12.467 Thread 0x00007f4e200be800 1597       3       javafx.scene.Node::updateCanReceiveFocus (31 bytes)
Event: 12.470 Thread 0x00007f4e200be800 nmethod 1597 0x00007f4e114be3d0 code [0x00007f4e114be5e0, 0x00007f4e114bf3b8]
Event: 12.470 Thread 0x00007f4e200be800 1582       1       javafx.scene.layout.Region::access$3700 (5 bytes)
Event: 12.470 Thread 0x00007f4e200be800 nmethod 1582 0x00007f4e114bf950 code [0x00007f4e114bfaa0, 0x00007f4e114bfb90]

GC Heap History (4 events):
Event: 1.420 GC heap before
{Heap before GC invocations=1 (full 0):
 PSYoungGen      total 17920K, used 15360K [0x00000000ec300000, 0x00000000ed700000, 0x0000000100000000)
  eden space 15360K, 100% used [0x00000000ec300000,0x00000000ed200000,0x00000000ed200000)
  from space 2560K, 0% used [0x00000000ed480000,0x00000000ed480000,0x00000000ed700000)
  to   space 2560K, 0% used [0x00000000ed200000,0x00000000ed200000,0x00000000ed480000)
 ParOldGen       total 40960K, used 0K [0x00000000c4800000, 0x00000000c7000000, 0x00000000ec300000)
  object space 40960K, 0% used [0x00000000c4800000,0x00000000c4800000,0x00000000c7000000)
 Metaspace       used 10101K, capacity 10524K, committed 10624K, reserved 1058816K
  class space    used 1241K, capacity 1368K, committed 1408K, reserved 1048576K
Event: 1.432 GC heap after
Heap after GC invocations=1 (full 0):
 PSYoungGen      total 17920K, used 2528K [0x00000000ec300000, 0x00000000ed700000, 0x0000000100000000)
  eden space 15360K, 0% used [0x00000000ec300000,0x00000000ec300000,0x00000000ed200000)
  from space 2560K, 98% used [0x00000000ed200000,0x00000000ed478050,0x00000000ed480000)
  to   space 2560K, 0% used [0x00000000ed480000,0x00000000ed480000,0x00000000ed700000)
 ParOldGen       total 40960K, used 432K [0x00000000c4800000, 0x00000000c7000000, 0x00000000ec300000)
  object space 40960K, 1% used [0x00000000c4800000,0x00000000c486c000,0x00000000c7000000)
 Metaspace       used 10101K, capacity 10524K, committed 10624K, reserved 1058816K
  class space    used 1241K, capacity 1368K, committed 1408K, reserved 1048576K
}
Event: 12.377 GC heap before
{Heap before GC invocations=2 (full 0):
 PSYoungGen      total 17920K, used 17888K [0x00000000ec300000, 0x00000000ed700000, 0x0000000100000000)
  eden space 15360K, 100% used [0x00000000ec300000,0x00000000ed200000,0x00000000ed200000)
  from space 2560K, 98% used [0x00000000ed200000,0x00000000ed478050,0x00000000ed480000)
  to   space 2560K, 0% used [0x00000000ed480000,0x00000000ed480000,0x00000000ed700000)
 ParOldGen       total 40960K, used 432K [0x00000000c4800000, 0x00000000c7000000, 0x00000000ec300000)
  object space 40960K, 1% used [0x00000000c4800000,0x00000000c486c000,0x00000000c7000000)
 Metaspace       used 15730K, capacity 16382K, committed 16512K, reserved 1062912K
  class space    used 2217K, capacity 2369K, committed 2432K, reserved 1048576K
Event: 12.394 GC heap after
Heap after GC invocations=2 (full 0):
 PSYoungGen      total 17920K, used 2544K [0x00000000ec300000, 0x00000000ed700000, 0x0000000100000000)
  eden space 15360K, 0% used [0x00000000ec300000,0x00000000ec300000,0x00000000ed200000)
  from space 2560K, 99% used [0x00000000ed480000,0x00000000ed6fc048,0x00000000ed700000)
  to   space 2560K, 0% used [0x00000000ed200000,0x00000000ed200000,0x00000000ed480000)
 ParOldGen       total 40960K, used 3104K [0x00000000c4800000, 0x00000000c7000000, 0x00000000ec300000)
  object space 40960K, 7% used [0x00000000c4800000,0x00000000c4b08380,0x00000000c7000000)
 Metaspace       used 15730K, capacity 16382K, committed 16512K, reserved 1062912K
  class space    used 2217K, capacity 2369K, committed 2432K, reserved 1048576K
}

Deoptimization events (10 events):
Event: 1.766 Thread 0x00007f4dd011c800 Uncommon trap: reason=class_check action=maybe_recompile pc=0x00007f4e11273bb4 method=java.io.DataInputStream.readShort()S @ 4
Event: 1.766 Thread 0x00007f4dd011c800 Uncommon trap: reason=class_check action=maybe_recompile pc=0x00007f4e11273bb4 method=java.io.DataInputStream.readShort()S @ 4
Event: 1.794 Thread 0x00007f4dd011c800 Uncommon trap: reason=class_check action=maybe_recompile pc=0x00007f4e1111adf8 method=java.lang.String.equals(Ljava/lang/Object;)Z @ 8
Event: 1.794 Thread 0x00007f4dd011c800 Uncommon trap: reason=class_check action=maybe_recompile pc=0x00007f4e1111adf8 method=java.lang.String.equals(Ljava/lang/Object;)Z @ 8
Event: 1.795 Thread 0x00007f4dd011c800 Uncommon trap: reason=class_check action=maybe_recompile pc=0x00007f4e1111adf8 method=java.lang.String.equals(Ljava/lang/Object;)Z @ 8
Event: 1.882 Thread 0x00007f4dd011c800 Uncommon trap: reason=class_check action=maybe_recompile pc=0x00007f4e1111adf8 method=java.lang.String.equals(Ljava/lang/Object;)Z @ 8
Event: 2.066 Thread 0x00007f4dd011c800 Uncommon trap: reason=unstable_if action=reinterpret pc=0x00007f4e112c1b4c method=sun.net.www.ParseUtil.encodePath(Ljava/lang/String;Z)Ljava/lang/String; @ 109
Event: 2.204 Thread 0x00007f4dd011c800 Uncommon trap: reason=unstable_if action=reinterpret pc=0x00007f4e1130f724 method=jdk.internal.org.objectweb.asm.Type.getArgumentsAndReturnSizes(Ljava/lang/String;)I @ 47
Event: 10.057 Thread 0x00007f4dd011c800 Uncommon trap: reason=unstable_if action=reinterpret pc=0x00007f4e112634a0 method=java.lang.CharacterData.of(I)Ljava/lang/CharacterData; @ 4
Event: 12.371 Thread 0x00007f4dd011c800 Uncommon trap: reason=unstable_if action=reinterpret pc=0x00007f4e1139f8f4 method=java.lang.StrictMath.floorOrCeil(DDDD)D @ 38

Internal exceptions (10 events):
Event: 0.404 Thread 0x00007f4e201c0800 Exception <a 'java/security/PrivilegedActionException'> (0x00000000ec617b70) thrown at [/HUDSON3/workspace/8-2-build-linux-amd64/jdk8u111/7883/hotspot/src/share/vm/prims/jvm.cpp, line 1386]
Event: 0.404 Thread 0x00007f4e201c0800 Exception <a 'java/security/PrivilegedActionException'> (0x00000000ec617d80) thrown at [/HUDSON3/workspace/8-2-build-linux-amd64/jdk8u111/7883/hotspot/src/share/vm/prims/jvm.cpp, line 1386]
Event: 0.406 Thread 0x00007f4e201c0800 Exception <a 'java/security/PrivilegedActionException'> (0x00000000ec61a1c0) thrown at [/HUDSON3/workspace/8-2-build-linux-amd64/jdk8u111/7883/hotspot/src/share/vm/prims/jvm.cpp, line 1386]
Event: 0.406 Thread 0x00007f4e201c0800 Exception <a 'java/security/PrivilegedActionException'> (0x00000000ec61a3d0) thrown at [/HUDSON3/workspace/8-2-build-linux-amd64/jdk8u111/7883/hotspot/src/share/vm/prims/jvm.cpp, line 1386]
Event: 0.406 Thread 0x00007f4e201c0800 Exception <a 'java/lang/NullPointerException'> (0x00000000ec61a9a8) thrown at [/HUDSON3/workspace/8-2-build-linux-amd64/jdk8u111/7883/hotspot/src/share/vm/interpreter/linkResolver.cpp, line 1178]
Event: 1.229 Thread 0x00007f4dd011c800 Exception <a 'java/lang/NullPointerException'> (0x00000000ece57f18) thrown at [/HUDSON3/workspace/8-2-build-linux-amd64/jdk8u111/7883/hotspot/src/share/vm/interpreter/linkResolver.cpp, line 1178]
Event: 1.229 Thread 0x00007f4dd011c800 Exception <a 'java/lang/NullPointerException'> (0x00000000ece57f18) thrown at [/HUDSON3/workspace/8-2-build-linux-amd64/jdk8u111/7883/hotspot/src/share/vm/prims/jvm.cpp, line 1390]
Event: 1.406 Thread 0x00007f4dd011c800 Exception <a 'java/lang/ArrayIndexOutOfBoundsException': 58> (0x00000000ed1e6e50) thrown at [/HUDSON3/workspace/8-2-build-linux-amd64/jdk8u111/7883/hotspot/src/share/vm/interpreter/interpreterRuntime.cpp, line 366]
Event: 1.408 Thread 0x00007f4dd011c800 Exception <a 'java/lang/ArrayIndexOutOfBoundsException': 18> (0x00000000ed1e7cd8) thrown at [/HUDSON3/workspace/8-2-build-linux-amd64/jdk8u111/7883/hotspot/src/share/vm/interpreter/interpreterRuntime.cpp, line 366]
Event: 1.408 Thread 0x00007f4dd011c800 Exception <a 'java/lang/ArrayIndexOutOfBoundsException'> (0x00000000ed1e9080) thrown at [/HUDSON3/workspace/8-2-build-linux-amd64/jdk8u111/7883/hotspot/src/share/vm/runtime/sharedRuntime.cpp, line 605]

Events (10 events):
Event: 12.272 loading class com/sun/prism/GraphicsResource done
Event: 12.273 loading class com/sun/javafx/tk/quantum/ViewScene
Event: 12.273 loading class com/sun/javafx/tk/quantum/ViewScene done
Event: 12.274 loading class com/sun/javafx/tk/quantum/WindowStage
Event: 12.274 loading class com/sun/javafx/tk/quantum/WindowStage done
Event: 12.371 Thread 0x00007f4dd011c800 Uncommon trap: trap_request=0xffffff65 fr.pc=0x00007f4e1139f8f4
Event: 12.371 Thread 0x00007f4dd011c800 DEOPT PACKING pc=0x00007f4e1139f8f4 sp=0x00007f4dbf9d9230
Event: 12.371 Thread 0x00007f4dd011c800 DEOPT UNPACKING pc=0x00007f4e11005229 sp=0x00007f4dbf9d91b8 mode 2
Event: 12.376 Executing VM operation: ParallelGCFailedAllocation
Event: 12.394 Executing VM operation: ParallelGCFailedAllocation done


Dynamic libraries:
00400000-00401000 r-xp 00000000 08:03 2493609                            /usr/lib/jvm/java-8-oracle/bin/java
00600000-00601000 rw-p 00000000 08:03 2493609                            /usr/lib/jvm/java-8-oracle/bin/java
01828000-01849000 rw-p 00000000 00:00 0                                  [heap]
402dd000-402df000 r-xs 00000000 08:03 262241                             /tmp/.glvX2Mlr (deleted)
41986000-41a26000 rw-p 00000000 00:00 0 
c4800000-c7000000 rw-p 00000000 00:00 0 
c7000000-ec300000 ---p 00000000 00:00 0 
ec300000-ed700000 rw-p 00000000 00:00 0 
ed700000-100000000 ---p 00000000 00:00 0 
100000000-100260000 rw-p 00000000 00:00 0 
100260000-140000000 ---p 00000000 00:00 0 
7f4da0000000-7f4da0021000 rw-p 00000000 00:00 0 
7f4da0021000-7f4da4000000 ---p 00000000 00:00 0 
7f4da8000000-7f4da8021000 rw-p 00000000 00:00 0 
7f4da8021000-7f4dac000000 ---p 00000000 00:00 0 
7f4dac000000-7f4dac022000 rw-p 00000000 00:00 0 
7f4dac022000-7f4db0000000 ---p 00000000 00:00 0 
7f4db0000000-7f4db0021000 rw-p 00000000 00:00 0 
7f4db0021000-7f4db4000000 ---p 00000000 00:00 0 
7f4db4000000-7f4db44f5000 rw-p 00000000 00:00 0 
7f4db44f5000-7f4db8000000 ---p 00000000 00:00 0 
7f4db8000000-7f4db8021000 rw-p 00000000 00:00 0 
7f4db8021000-7f4dbc000000 ---p 00000000 00:00 0 
7f4dbcd64000-7f4dbcf64000 rw-s 92a45000 00:06 552                        /dev/nvidiactl
7f4dbcf64000-7f4dbd765000 rw-p 00000000 00:00 0 
7f4dbd765000-7f4dbd965000 rw-s 1566d2000 00:06 552                       /dev/nvidiactl
7f4dbd965000-7f4dbdb65000 rw-p 00000000 00:00 0 
7f4dbdb65000-7f4dbdb68000 ---p 00000000 00:00 0 
7f4dbdb68000-7f4dbdc66000 rw-p 00000000 00:00 0 
7f4dbdc66000-7f4dbdd1f000 r--p 00000000 08:03 1312293                    /usr/share/fonts/truetype/dejavu/DejaVuSans.ttf
7f4dbdd1f000-7f4dbdd33000 r--p 00000000 08:03 2493785                    /usr/lib/jvm/java-8-oracle/jre/lib/fonts/LucidaBrightItalic.ttf
7f4dbdd33000-7f4dbdd88000 r--p 00000000 08:03 2493784                    /usr/lib/jvm/java-8-oracle/jre/lib/fonts/LucidaBrightRegular.ttf
7f4dbdd88000-7f4dbde33000 r--p 00000000 08:03 2493781                    /usr/lib/jvm/java-8-oracle/jre/lib/fonts/LucidaSansRegular.ttf
7f4dbde33000-7f4dbde46000 r--p 00000000 08:03 2493789                    /usr/lib/jvm/java-8-oracle/jre/lib/fonts/LucidaBrightDemiItalic.ttf
7f4dbde46000-7f4dbde80000 r--p 00000000 08:03 2493783                    /usr/lib/jvm/java-8-oracle/jre/lib/fonts/LucidaTypewriterBold.ttf
7f4dbde80000-7f4dbde93000 r--p 00000000 08:03 2493782                    /usr/lib/jvm/java-8-oracle/jre/lib/fonts/LucidaBrightDemiBold.ttf
7f4dbde93000-7f4dbdecf000 r--p 00000000 08:03 2493787                    /usr/lib/jvm/java-8-oracle/jre/lib/fonts/LucidaTypewriterRegular.ttf
7f4dbdecf000-7f4dbded3000 r-xp 00000000 08:03 2493730                    /usr/lib/jvm/java-8-oracle/jre/lib/amd64/libjavafx_font_pango.so
7f4dbded3000-7f4dbe0d2000 ---p 00004000 08:03 2493730                    /usr/lib/jvm/java-8-oracle/jre/lib/amd64/libjavafx_font_pango.so
7f4dbe0d2000-7f4dbe0d3000 rw-p 00003000 08:03 2493730                    /usr/lib/jvm/java-8-oracle/jre/lib/amd64/libjavafx_font_pango.so
7f4dbe0d3000-7f4dbe2d3000 rw-p 00000000 00:00 0 
7f4dbe2d3000-7f4dbe2d8000 r-xp 00000000 08:03 2493726                    /usr/lib/jvm/java-8-oracle/jre/lib/amd64/libjavafx_font_freetype.so
7f4dbe2d8000-7f4dbe4d7000 ---p 00005000 08:03 2493726                    /usr/lib/jvm/java-8-oracle/jre/lib/amd64/libjavafx_font_freetype.so
7f4dbe4d7000-7f4dbe4d8000 rw-p 00004000 08:03 2493726                    /usr/lib/jvm/java-8-oracle/jre/lib/amd64/libjavafx_font_freetype.so
7f4dbe4d8000-7f4dbe4db000 r-xp 00000000 08:03 2493688                    /usr/lib/jvm/java-8-oracle/jre/lib/amd64/libjavafx_font.so
7f4dbe4db000-7f4dbe6da000 ---p 00003000 08:03 2493688                    /usr/lib/jvm/java-8-oracle/jre/lib/amd64/libjavafx_font.so
7f4dbe6da000-7f4dbe6db000 rw-p 00002000 08:03 2493688                    /usr/lib/jvm/java-8-oracle/jre/lib/amd64/libjavafx_font.so
7f4dbe6db000-7f4dbe8db000 rw-p 00000000 00:00 0 
7f4dbe8db000-7f4dbe8dc000 ---p 00000000 00:00 0 
7f4dbe8dc000-7f4dbf0dc000 rw-p 00000000 00:00 0 
7f4dbf0dc000-7f4dbf0dd000 ---p 00000000 00:00 0 
7f4dbf0dd000-7f4dbf8dd000 rw-p 00000000 00:00 0 
7f4dbf8dd000-7f4dbf8e0000 ---p 00000000 00:00 0 
7f4dbf8e0000-7f4dbf9de000 rw-p 00000000 00:00 0 
7f4dbf9de000-7f4dbf9e1000 ---p 00000000 00:00 0 
7f4dbf9e1000-7f4dbfadf000 rw-p 00000000 00:00 0 
7f4dbfadf000-7f4dbfae0000 ---p 00000000 00:00 0 
7f4dbfae0000-7f4dc02e0000 rw-p 00000000 00:00 0 
7f4dc02e0000-7f4dc02eb000 r-xp 00000000 08:03 657319                     /usr/lib/x86_64-linux-gnu/gio/modules/libdconfsettings.so
7f4dc02eb000-7f4dc04eb000 ---p 0000b000 08:03 657319                     /usr/lib/x86_64-linux-gnu/gio/modules/libdconfsettings.so
7f4dc04eb000-7f4dc04ec000 r--p 0000b000 08:03 657319                     /usr/lib/x86_64-linux-gnu/gio/modules/libdconfsettings.so
7f4dc04ec000-7f4dc04ed000 rw-p 0000c000 08:03 657319                     /usr/lib/x86_64-linux-gnu/gio/modules/libdconfsettings.so
7f4dc04ed000-7f4dc04f4000 r-xp 00000000 08:03 403656                     /usr/lib/x86_64-linux-gnu/libogg.so.0.8.2
7f4dc04f4000-7f4dc06f4000 ---p 00007000 08:03 403656                     /usr/lib/x86_64-linux-gnu/libogg.so.0.8.2
7f4dc06f4000-7f4dc06f5000 r--p 00007000 08:03 403656                     /usr/lib/x86_64-linux-gnu/libogg.so.0.8.2
7f4dc06f5000-7f4dc06f6000 rw-p 00008000 08:03 403656                     /usr/lib/x86_64-linux-gnu/libogg.so.0.8.2
7f4dc06f6000-7f4dc0720000 r-xp 00000000 08:03 404005                     /usr/lib/x86_64-linux-gnu/libvorbis.so.0.4.8
7f4dc0720000-7f4dc0920000 ---p 0002a000 08:03 404005                     /usr/lib/x86_64-linux-gnu/libvorbis.so.0.4.8
7f4dc0920000-7f4dc0921000 r--p 0002a000 08:03 404005                     /usr/lib/x86_64-linux-gnu/libvorbis.so.0.4.8
7f4dc0921000-7f4dc0922000 rw-p 0002b000 08:03 404005                     /usr/lib/x86_64-linux-gnu/libvorbis.so.0.4.8
7f4dc0922000-7f4dc092b000 r-xp 00000000 08:03 403523                     /usr/lib/x86_64-linux-gnu/libltdl.so.7.3.1
7f4dc092b000-7f4dc0b2a000 ---p 00009000 08:03 403523                     /usr/lib/x86_64-linux-gnu/libltdl.so.7.3.1
7f4dc0b2a000-7f4dc0b2b000 r--p 00008000 08:03 403523                     /usr/lib/x86_64-linux-gnu/libltdl.so.7.3.1
7f4dc0b2b000-7f4dc0b2c000 rw-p 00009000 08:03 403523                     /usr/lib/x86_64-linux-gnu/libltdl.so.7.3.1
7f4dc0b2c000-7f4dc0b40000 r-xp 00000000 08:03 403898                     /usr/lib/x86_64-linux-gnu/libtdb.so.1.3.8
7f4dc0b40000-7f4dc0d3f000 ---p 00014000 08:03 403898                     /usr/lib/x86_64-linux-gnu/libtdb.so.1.3.8
7f4dc0d3f000-7f4dc0d40000 r--p 00013000 08:03 403898                     /usr/lib/x86_64-linux-gnu/libtdb.so.1.3.8
7f4dc0d40000-7f4dc0d41000 rw-p 00014000 08:03 403898                     /usr/lib/x86_64-linux-gnu/libtdb.so.1.3.8
7f4dc0d41000-7f4dc0d48000 r-xp 00000000 08:03 404009                     /usr/lib/x86_64-linux-gnu/libvorbisfile.so.3.3.7
7f4dc0d48000-7f4dc0f48000 ---p 00007000 08:03 404009                     /usr/lib/x86_64-linux-gnu/libvorbisfile.so.3.3.7
7f4dc0f48000-7f4dc0f49000 r--p 00007000 08:03 404009                     /usr/lib/x86_64-linux-gnu/libvorbisfile.so.3.3.7
7f4dc0f49000-7f4dc0f4a000 rw-p 00008000 08:03 404009                     /usr/lib/x86_64-linux-gnu/libvorbisfile.so.3.3.7
7f4dc0f4a000-7f4dc0f5a000 r-xp 00000000 08:03 402920                     /usr/lib/x86_64-linux-gnu/libcanberra.so.0.2.5
7f4dc0f5a000-7f4dc1159000 ---p 00010000 08:03 402920                     /usr/lib/x86_64-linux-gnu/libcanberra.so.0.2.5
7f4dc1159000-7f4dc115a000 r--p 0000f000 08:03 402920                     /usr/lib/x86_64-linux-gnu/libcanberra.so.0.2.5
7f4dc115a000-7f4dc115b000 rw-p 00010000 08:03 402920                     /usr/lib/x86_64-linux-gnu/libcanberra.so.0.2.5
7f4dc115b000-7f4dc115f000 r-xp 00000000 08:03 402916                     /usr/lib/x86_64-linux-gnu/libcanberra-gtk.so.0.1.9
7f4dc115f000-7f4dc135e000 ---p 00004000 08:03 402916                     /usr/lib/x86_64-linux-gnu/libcanberra-gtk.so.0.1.9
7f4dc135e000-7f4dc135f000 r--p 00003000 08:03 402916                     /usr/lib/x86_64-linux-gnu/libcanberra-gtk.so.0.1.9
7f4dc135f000-7f4dc1360000 rw-p 00004000 08:03 402916                     /usr/lib/x86_64-linux-gnu/libcanberra-gtk.so.0.1.9
7f4dc1360000-7f4dc1365000 r-xp 00000000 08:03 657534                     /usr/lib/x86_64-linux-gnu/gtk-2.0/modules/libcanberra-gtk-module.so
7f4dc1365000-7f4dc1564000 ---p 00005000 08:03 657534                     /usr/lib/x86_64-linux-gnu/gtk-2.0/modules/libcanberra-gtk-module.so
7f4dc1564000-7f4dc1565000 r--p 00004000 08:03 657534                     /usr/lib/x86_64-linux-gnu/gtk-2.0/modules/libcanberra-gtk-module.so
7f4dc1565000-7f4dc1566000 rw-p 00005000 08:03 657534                     /usr/lib/x86_64-linux-gnu/gtk-2.0/modules/libcanberra-gtk-module.so
7f4dc1566000-7f4dc1596000 r-xp 00000000 08:03 657346                     /usr/lib/x86_64-linux-gnu/gtk-2.0/2.10.0/engines/libmurrine.so
7f4dc1596000-7f4dc1796000 ---p 00030000 08:03 657346                     /usr/lib/x86_64-linux-gnu/gtk-2.0/2.10.0/engines/libmurrine.so
7f4dc1796000-7f4dc1797000 r--p 00030000 08:03 657346                     /usr/lib/x86_64-linux-gnu/gtk-2.0/2.10.0/engines/libmurrine.so
7f4dc1797000-7f4dc1798000 rw-p 00031000 08:03 657346                     /usr/lib/x86_64-linux-gnu/gtk-2.0/2.10.0/engines/libmurrine.so
7f4dc1798000-7f4dc17a8000 r-xp 00000000 08:03 403954                     /usr/lib/x86_64-linux-gnu/libunity-gtk2-parser.so.0.0.0
7f4dc17a8000-7f4dc19a8000 ---p 00010000 08:03 403954                     /usr/lib/x86_64-linux-gnu/libunity-gtk2-parser.so.0.0.0
7f4dc19a8000-7f4dc19a9000 r--p 00010000 08:03 403954                     /usr/lib/x86_64-linux-gnu/libunity-gtk2-parser.so.0.0.0
7f4dc19a9000-7f4dc19aa000 rw-p 00011000 08:03 403954                     /usr/lib/x86_64-linux-gnu/libunity-gtk2-parser.so.0.0.0
7f4dc19aa000-7f4dc19af000 r-xp 00000000 08:03 657538                     /usr/lib/x86_64-linux-gnu/gtk-2.0/modules/libunity-gtk-module.so
7f4dc19af000-7f4dc1bae000 ---p 00005000 08:03 657538                     /usr/lib/x86_64-linux-gnu/gtk-2.0/modules/libunity-gtk-module.so
7f4dc1bae000-7f4dc1baf000 r--p 00004000 08:03 657538                     /usr/lib/x86_64-linux-gnu/gtk-2.0/modules/libunity-gtk-module.so
7f4dc1baf000-7f4dc1bb0000 rw-p 00005000 08:03 657538                     /usr/lib/x86_64-linux-gnu/gtk-2.0/modules/libunity-gtk-module.so
7f4dc1bb0000-7f4dc1bc2000 r-xp 00000000 08:03 1840172                    /lib/x86_64-linux-gnu/libgpg-error.so.0.17.0
7f4dc1bc2000-7f4dc1dc2000 ---p 00012000 08:03 1840172                    /lib/x86_64-linux-gnu/libgpg-error.so.0.17.0
7f4dc1dc2000-7f4dc1dc3000 r--p 00012000 08:03 1840172                    /lib/x86_64-linux-gnu/libgpg-error.so.0.17.0
7f4dc1dc3000-7f4dc1dc4000 rw-p 00013000 08:03 1840172                    /lib/x86_64-linux-gnu/libgpg-error.so.0.17.0
7f4dc1dc4000-7f4dc1e9c000 r-xp 00000000 08:03 1839881                    /lib/x86_64-linux-gnu/libgcrypt.so.20.0.5
7f4dc1e9c000-7f4dc209b000 ---p 000d8000 08:03 1839881                    /lib/x86_64-linux-gnu/libgcrypt.so.20.0.5
7f4dc209b000-7f4dc209c000 r--p 000d7000 08:03 1839881                    /lib/x86_64-linux-gnu/libgcrypt.so.20.0.5
7f4dc209c000-7f4dc20a4000 rw-p 000d8000 08:03 1839881                    /lib/x86_64-linux-gnu/libgcrypt.so.20.0.5
7f4dc20a4000-7f4dc20a5000 rw-p 00000000 00:00 0 
7f4dc20a5000-7f4dc20c6000 r-xp 00000000 08:03 1840195                    /lib/x86_64-linux-gnu/liblzma.so.5.0.0
7f4dc20c6000-7f4dc22c5000 ---p 00021000 08:03 1840195                    /lib/x86_64-linux-gnu/liblzma.so.5.0.0
7f4dc22c5000-7f4dc22c6000 r--p 00020000 08:03 1840195                    /lib/x86_64-linux-gnu/liblzma.so.5.0.0
7f4dc22c6000-7f4dc22c7000 rw-p 00021000 08:03 1840195                    /lib/x86_64-linux-gnu/liblzma.so.5.0.0
7f4dc22c7000-7f4dc3660000 r-xp 00000000 08:03 397054                     /usr/lib/nvidia-367/libnvidia-glcore.so.367.57
7f4dc3660000-7f4dc3680000 rwxp 01399000 08:03 397054                     /usr/lib/nvidia-367/libnvidia-glcore.so.367.57
7f4dc3680000-7f4dc3a21000 r-xp 013b9000 08:03 397054                     /usr/lib/nvidia-367/libnvidia-glcore.so.367.57
7f4dc3a21000-7f4dc3c20000 ---p 0175a000 08:03 397054                     /usr/lib/nvidia-367/libnvidia-glcore.so.367.57
7f4dc3c20000-7f4dc3fe8000 rw-p 01759000 08:03 397054                     /usr/lib/nvidia-367/libnvidia-glcore.so.367.57
7f4dc3fe8000-7f4dc4000000 rw-p 00000000 00:00 0 
7f4dc4000000-7f4dc47fc000 rw-p 00000000 00:00 0 
7f4dc47fc000-7f4dc8000000 ---p 00000000 00:00 0 
7f4dc800e000-7f4dc805c000 r--p 00000000 08:03 2493788                    /usr/lib/jvm/java-8-oracle/jre/lib/fonts/LucidaSansDemiBold.ttf
7f4dc805c000-7f4dc8061000 r--s 00084000 08:03 2493792                    /usr/lib/jvm/java-8-oracle/jre/lib/jfr.jar
7f4dc8061000-7f4dc806c000 r--s 00000000 08:03 664008                     /var/cache/fontconfig/945677eb7aeaf62f1d50efc3fb3ec7d8-le64.cache-6
7f4dc806c000-7f4dc8072000 r--s 00000000 08:03 664037                     /var/cache/fontconfig/2cd17615ca594fa2959ae173292e504c-le64.cache-6
7f4dc8072000-7f4dc8073000 r--s 00000000 08:03 664036                     /var/cache/fontconfig/0d8c3b2ac0904cb8a57a757ad11a4a08-le64.cache-6
7f4dc8073000-7f4dc8088000 r--s 00000000 08:03 664034                     /var/cache/fontconfig/04aabc0a78ac019cf9454389977116d2-le64.cache-6
7f4dc8088000-7f4dc8089000 r--s 00000000 08:03 664033                     /var/cache/fontconfig/1ac9eb803944fde146138c791f5cc56a-le64.cache-6
7f4dc8089000-7f4dc808d000 r--s 00000000 08:03 664032                     /var/cache/fontconfig/385c0604a188198f04d133e54aba7fe7-le64.cache-6
7f4dc808d000-7f4dc8090000 r--s 00000000 08:03 664029                     /var/cache/fontconfig/767a8244fc0220cfb567a839d0392e0b-le64.cache-6
7f4dc8090000-7f4dc8095000 r--s 00000000 08:03 664018                     /var/cache/fontconfig/8801497958630a81b71ace7c5f9b32a8-le64.cache-6
7f4dc8095000-7f4dc809c000 r--s 00000000 08:03 664015                     /var/cache/fontconfig/3047814df9a2f067bd2d96a2b9c36e5a-le64.cache-6
7f4dc809c000-7f4dc80a2000 r--s 00000000 08:03 664011                     /var/cache/fontconfig/b47c4e1ecd0709278f4910c18777a504-le64.cache-6
7f4dc80a2000-7f4dc80b5000 r--s 00000000 08:03 664009                     /var/cache/fontconfig/d52a8644073d54c13679302ca1180695-le64.cache-6
7f4dc80b5000-7f4dc80c0000 r--s 00000000 08:03 663991                     /var/cache/fontconfig/83bf95040141907cd45bb53cf7c1c148-le64.cache-6
7f4dc80c0000-7f4dc8108000 r--p 00000000 08:03 1312548                    /usr/share/glib-2.0/schemas/gschemas.compiled
7f4dc8108000-7f4dc8188000 r-xp 00000000 08:03 1836670                    /lib/x86_64-linux-gnu/libsystemd.so.0.14.0
7f4dc8188000-7f4dc818b000 r--p 0007f000 08:03 1836670                    /lib/x86_64-linux-gnu/libsystemd.so.0.14.0
7f4dc818b000-7f4dc818c000 rw-p 00082000 08:03 1836670                    /lib/x86_64-linux-gnu/libsystemd.so.0.14.0
7f4dc818c000-7f4dc818d000 rw-p 00000000 00:00 0 
7f4dc818d000-7f4dc81d7000 r-xp 00000000 08:03 1839804                    /lib/x86_64-linux-gnu/libdbus-1.so.3.14.6
7f4dc81d7000-7f4dc83d7000 ---p 0004a000 08:03 1839804                    /lib/x86_64-linux-gnu/libdbus-1.so.3.14.6
7f4dc83d7000-7f4dc83d8000 r--p 0004a000 08:03 1839804                    /lib/x86_64-linux-gnu/libdbus-1.so.3.14.6
7f4dc83d8000-7f4dc83d9000 rw-p 0004b000 08:03 1839804                    /lib/x86_64-linux-gnu/libdbus-1.so.3.14.6
7f4dc83d9000-7f4dc8405000 r-xp 00000000 08:03 402862                     /usr/lib/x86_64-linux-gnu/libatspi.so.0.0.1
7f4dc8405000-7f4dc8604000 ---p 0002c000 08:03 402862                     /usr/lib/x86_64-linux-gnu/libatspi.so.0.0.1
7f4dc8604000-7f4dc8607000 r--p 0002b000 08:03 402862                     /usr/lib/x86_64-linux-gnu/libatspi.so.0.0.1
7f4dc8607000-7f4dc8608000 rw-p 0002e000 08:03 402862                     /usr/lib/x86_64-linux-gnu/libatspi.so.0.0.1
7f4dc8608000-7f4dc8635000 r-xp 00000000 08:03 402856                     /usr/lib/x86_64-linux-gnu/libatk-bridge-2.0.so.0.0.0
7f4dc8635000-7f4dc8834000 ---p 0002d000 08:03 402856                     /usr/lib/x86_64-linux-gnu/libatk-bridge-2.0.so.0.0.0
7f4dc8834000-7f4dc8835000 r--p 0002c000 08:03 402856                     /usr/lib/x86_64-linux-gnu/libatk-bridge-2.0.so.0.0.0
7f4dc8835000-7f4dc8837000 rw-p 0002d000 08:03 402856                     /usr/lib/x86_64-linux-gnu/libatk-bridge-2.0.so.0.0.0
7f4dc8837000-7f4dc8838000 r-xp 00000000 08:03 657533                     /usr/lib/x86_64-linux-gnu/gtk-2.0/modules/libatk-bridge.so
7f4dc8838000-7f4dc8a37000 ---p 00001000 08:03 657533                     /usr/lib/x86_64-linux-gnu/gtk-2.0/modules/libatk-bridge.so
7f4dc8a37000-7f4dc8a38000 r--p 00000000 08:03 657533                     /usr/lib/x86_64-linux-gnu/gtk-2.0/modules/libatk-bridge.so
7f4dc8a38000-7f4dc8a39000 rw-p 00001000 08:03 657533                     /usr/lib/x86_64-linux-gnu/gtk-2.0/modules/libatk-bridge.so
7f4dc8a39000-7f4dc8a40000 r-xp 00000000 08:03 403191                     /usr/lib/x86_64-linux-gnu/libgailutil.so.18.0.1
7f4dc8a40000-7f4dc8c3f000 ---p 00007000 08:03 403191                     /usr/lib/x86_64-linux-gnu/libgailutil.so.18.0.1
7f4dc8c3f000-7f4dc8c40000 r--p 00006000 08:03 403191                     /usr/lib/x86_64-linux-gnu/libgailutil.so.18.0.1
7f4dc8c40000-7f4dc8c41000 rw-p 00007000 08:03 403191                     /usr/lib/x86_64-linux-gnu/libgailutil.so.18.0.1
7f4dc8c41000-7f4dc8c42000 r--s 00000000 08:03 664030                     /var/cache/fontconfig/dc05db6664285cc2f12bf69c139ae4c3-le64.cache-6
7f4dc8c42000-7f4dc8c43000 r--s 00000000 08:03 664027                     /var/cache/fontconfig/4794a0821666d79190d59a36cb4f44b5-le64.cache-6
7f4dc8c43000-7f4dc8c44000 r--s 00000000 08:03 664017                     /var/cache/fontconfig/bab58bb527bb656aaa9f116d68a48d89-le64.cache-6
7f4dc8c44000-7f4dc8c56000 r--s 00000000 08:03 663987                     /var/cache/fontconfig/9b89f8e3dae116d678bbf48e5f21f69b-le64.cache-6
7f4dc8c56000-7f4dc8c63000 r--s 00000000 08:03 656609                     /var/cache/fontconfig/e13b20fdb08344e0e664864cc2ede53d-le64.cache-6
7f4dc8c63000-7f4dc8cb1000 r-xp 00000000 08:03 657536                     /usr/lib/x86_64-linux-gnu/gtk-2.0/modules/libgail.so
7f4dc8cb1000-7f4dc8eb0000 ---p 0004e000 08:03 657536                     /usr/lib/x86_64-linux-gnu/gtk-2.0/modules/libgail.so
7f4dc8eb0000-7f4dc8eb1000 r--p 0004d000 08:03 657536                     /usr/lib/x86_64-linux-gnu/gtk-2.0/modules/libgail.so
7f4dc8eb1000-7f4dc8eb3000 rw-p 0004e000 08:03 657536                     /usr/lib/x86_64-linux-gnu/gtk-2.0/modules/libgail.so
7f4dc8eb3000-7f4dc8ec4000 r-xp 00000000 08:03 657537                     /usr/lib/x86_64-linux-gnu/gtk-2.0/modules/liboverlay-scrollbar.so
7f4dc8ec4000-7f4dc90c4000 ---p 00011000 08:03 657537                     /usr/lib/x86_64-linux-gnu/gtk-2.0/modules/liboverlay-scrollbar.so
7f4dc90c4000-7f4dc90c5000 r--p 00011000 08:03 657537                     /usr/lib/x86_64-linux-gnu/gtk-2.0/modules/liboverlay-scrollbar.so
7f4dc90c5000-7f4dc90c6000 rw-p 00012000 08:03 657537                     /usr/lib/x86_64-linux-gnu/gtk-2.0/modules/liboverlay-scrollbar.so
7f4dc90c6000-7f4dc90ef000 r-xp 00000000 08:03 2493738                    /usr/lib/jvm/java-8-oracle/jre/lib/amd64/libglass.so
7f4dc90ef000-7f4dc92ee000 ---p 00029000 08:03 2493738                    /usr/lib/jvm/java-8-oracle/jre/lib/amd64/libglass.so
7f4dc92ee000-7f4dc92f1000 rw-p 00028000 08:03 2493738                    /usr/lib/jvm/java-8-oracle/jre/lib/amd64/libglass.so
7f4dc92f1000-7f4dc9371000 rw-s 90642000 00:06 552                        /dev/nvidiactl
7f4dc9371000-7f4dc93f1000 rw-s 918e4000 00:06 552                        /dev/nvidiactl
7f4dc93f1000-7f4dc9471000 rw-s 8f879000 00:06 552                        /dev/nvidiactl
7f4dc9471000-7f4dc9571000 rw-s 91b42000 00:06 552                        /dev/nvidiactl
7f4dc9571000-7f4dc9584000 rw-s 3446f000 00:06 552                        /dev/nvidiactl
7f4dc9584000-7f4dc95a4000 rw-s a00a0000 00:06 553                        /dev/nvidia0
7f4dc95a4000-7f4dc95e4000 rw-s 919c6000 00:06 552                        /dev/nvidiactl
7f4dc95e4000-7f4dc9604000 rw-s 90976000 00:06 552                        /dev/nvidiactl
7f4dc9604000-7f4dc9644000 rw-s 919b9000 00:06 552                        /dev/nvidiactl
7f4dc9644000-7f4dc9664000 rw-s 8e012000 00:06 552                        /dev/nvidiactl
7f4dc9664000-7f4dc9768000 rw-s 90d88000 00:06 552                        /dev/nvidiactl
7f4dc9768000-7f4dc976b000 r-xp 00000000 08:03 397058                     /usr/lib/nvidia-367/tls/libnvidia-tls.so.367.57
7f4dc976b000-7f4dc996b000 ---p 00003000 08:03 397058                     /usr/lib/nvidia-367/tls/libnvidia-tls.so.367.57
7f4dc996b000-7f4dc996c000 rw-p 00003000 08:03 397058                     /usr/lib/nvidia-367/tls/libnvidia-tls.so.367.57
7f4dc996c000-7f4dc9a34000 r-xp 00000000 08:03 397034                     /usr/lib/nvidia-367/libGLX_nvidia.so.367.57
7f4dc9a34000-7f4dc9a68000 rwxp 000c8000 08:03 397034                     /usr/lib/nvidia-367/libGLX_nvidia.so.367.57
7f4dc9a68000-7f4dc9a7b000 r-xp 000fc000 08:03 397034                     /usr/lib/nvidia-367/libGLX_nvidia.so.367.57
7f4dc9a7b000-7f4dc9c7b000 ---p 0010f000 08:03 397034                     /usr/lib/nvidia-367/libGLX_nvidia.so.367.57
7f4dc9c7b000-7f4dc9ca3000 rw-p 0010f000 08:03 397034                     /usr/lib/nvidia-367/libGLX_nvidia.so.367.57
7f4dc9ca3000-7f4dc9caa000 rw-p 00000000 00:00 0 
7f4dc9caa000-7f4dc9cb0000 r-xp 00000000 08:03 403003                     /usr/lib/x86_64-linux-gnu/libdatrie.so.1.3.3
7f4dc9cb0000-7f4dc9eb0000 ---p 00006000 08:03 403003                     /usr/lib/x86_64-linux-gnu/libdatrie.so.1.3.3
7f4dc9eb0000-7f4dc9eb1000 r--p 00006000 08:03 403003                     /usr/lib/x86_64-linux-gnu/libdatrie.so.1.3.3
7f4dc9eb1000-7f4dc9eb2000 rw-p 00007000 08:03 403003                     /usr/lib/x86_64-linux-gnu/libdatrie.so.1.3.3
7f4dc9eb2000-7f4dc9eb7000 r-xp 00000000 08:03 402761                     /usr/lib/x86_64-linux-gnu/libXdmcp.so.6.0.0
7f4dc9eb7000-7f4dca0b6000 ---p 00005000 08:03 402761                     /usr/lib/x86_64-linux-gnu/libXdmcp.so.6.0.0
7f4dca0b6000-7f4dca0b7000 r--p 00004000 08:03 402761                     /usr/lib/x86_64-linux-gnu/libXdmcp.so.6.0.0
7f4dca0b7000-7f4dca0b8000 rw-p 00005000 08:03 402761                     /usr/lib/x86_64-linux-gnu/libXdmcp.so.6.0.0
7f4dca0b8000-7f4dca0ba000 r-xp 00000000 08:03 402750                     /usr/lib/x86_64-linux-gnu/libXau.so.6.0.0
7f4dca0ba000-7f4dca2ba000 ---p 00002000 08:03 402750                     /usr/lib/x86_64-linux-gnu/libXau.so.6.0.0
7f4dca2ba000-7f4dca2bb000 r--p 00002000 08:03 402750                     /usr/lib/x86_64-linux-gnu/libXau.so.6.0.0
7f4dca2bb000-7f4dca2bc000 rw-p 00003000 08:03 402750                     /usr/lib/x86_64-linux-gnu/libXau.so.6.0.0
7f4dca2bc000-7f4dca2df000 r-xp 00000000 08:03 403307                     /usr/lib/x86_64-linux-gnu/libgraphite2.so.3.0.1
7f4dca2df000-7f4dca4de000 ---p 00023000 08:03 403307                     /usr/lib/x86_64-linux-gnu/libgraphite2.so.3.0.1
7f4dca4de000-7f4dca4e0000 r--p 00022000 08:03 403307                     /usr/lib/x86_64-linux-gnu/libgraphite2.so.3.0.1
7f4dca4e0000-7f4dca4e1000 rw-p 00024000 08:03 403307                     /usr/lib/x86_64-linux-gnu/libgraphite2.so.3.0.1
7f4dca4e1000-7f4dca52f000 r-xp 00000000 08:03 397050                     /usr/lib/nvidia-367/libGLdispatch.so.0
7f4dca52f000-7f4dca561000 r-xp 0004e000 08:03 397050                     /usr/lib/nvidia-367/libGLdispatch.so.0
7f4dca561000-7f4dca59b000 r-xp 00080000 08:03 397050                     /usr/lib/nvidia-367/libGLdispatch.so.0
7f4dca59b000-7f4dca79b000 ---p 000ba000 08:03 397050                     /usr/lib/nvidia-367/libGLdispatch.so.0
7f4dca79b000-7f4dca7aa000 rw-p 000ba000 08:03 397050                     /usr/lib/nvidia-367/libGLdispatch.so.0
7f4dca7aa000-7f4dca7ca000 rw-p 00000000 00:00 0 
7f4dca7ca000-7f4dca7da000 r-xp 00000000 08:03 397067                     /usr/lib/nvidia-367/libGLX.so.0
7f4dca7da000-7f4dca9da000 ---p 00010000 08:03 397067                     /usr/lib/nvidia-367/libGLX.so.0
7f4dca9da000-7f4dca9db000 rw-p 00010000 08:03 397067                     /usr/lib/nvidia-367/libGLX.so.0
7f4dca9db000-7f4dca9fb000 rw-p 00000000 00:00 0 
7f4dca9fb000-7f4dcaa69000 r-xp 00000000 08:03 1840257                    /lib/x86_64-linux-gnu/libpcre.so.3.13.2
7f4dcaa69000-7f4dcac69000 ---p 0006e000 08:03 1840257                    /lib/x86_64-linux-gnu/libpcre.so.3.13.2
7f4dcac69000-7f4dcac6a000 r--p 0006e000 08:03 1840257                    /lib/x86_64-linux-gnu/libpcre.so.3.13.2
7f4dcac6a000-7f4dcac6b000 rw-p 0006f000 08:03 1840257                    /lib/x86_64-linux-gnu/libpcre.so.3.13.2
7f4dcac6b000-7f4dcac72000 r-xp 00000000 08:03 403132                     /usr/lib/x86_64-linux-gnu/libffi.so.6.0.4
7f4dcac72000-7f4dcae71000 ---p 00007000 08:03 403132                     /usr/lib/x86_64-linux-gnu/libffi.so.6.0.4
7f4dcae71000-7f4dcae72000 r--p 00006000 08:03 403132                     /usr/lib/x86_64-linux-gnu/libffi.so.6.0.4
7f4dcae72000-7f4dcae73000 rw-p 00007000 08:03 403132                     /usr/lib/x86_64-linux-gnu/libffi.so.6.0.4
7f4dcae73000-7f4dcae99000 r-xp 00000000 08:03 1835072                    /lib/x86_64-linux-gnu/libexpat.so.1.6.0
7f4dcae99000-7f4dcb099000 ---p 00026000 08:03 1835072                    /lib/x86_64-linux-gnu/libexpat.so.1.6.0
7f4dcb099000-7f4dcb09b000 r--p 00026000 08:03 1835072                    /lib/x86_64-linux-gnu/libexpat.so.1.6.0
7f4dcb09b000-7f4dcb09c000 rw-p 00028000 08:03 1835072                    /lib/x86_64-linux-gnu/libexpat.so.1.6.0
7f4dcb09c000-7f4dcb0a4000 r-xp 00000000 08:03 403906                     /usr/lib/x86_64-linux-gnu/libthai.so.0.2.4
7f4dcb0a4000-7f4dcb2a3000 ---p 00008000 08:03 403906                     /usr/lib/x86_64-linux-gnu/libthai.so.0.2.4
7f4dcb2a3000-7f4dcb2a4000 r--p 00007000 08:03 403906                     /usr/lib/x86_64-linux-gnu/libthai.so.0.2.4
7f4dcb2a4000-7f4dcb2a5000 rw-p 00008000 08:03 403906                     /usr/lib/x86_64-linux-gnu/libthai.so.0.2.4
7f4dcb2a5000-7f4dcb2c6000 r-xp 00000000 08:03 404128                     /usr/lib/x86_64-linux-gnu/libxcb.so.1.1.0
7f4dcb2c6000-7f4dcb4c5000 ---p 00021000 08:03 404128                     /usr/lib/x86_64-linux-gnu/libxcb.so.1.1.0
7f4dcb4c5000-7f4dcb4c6000 r--p 00020000 08:03 404128                     /usr/lib/x86_64-linux-gnu/libxcb.so.1.1.0
7f4dcb4c6000-7f4dcb4c7000 rw-p 00021000 08:03 404128                     /usr/lib/x86_64-linux-gnu/libxcb.so.1.1.0
7f4dcb4c7000-7f4dcb4cf000 r-xp 00000000 08:03 404114                     /usr/lib/x86_64-linux-gnu/libxcb-render.so.0.0.0
7f4dcb4cf000-7f4dcb6cf000 ---p 00008000 08:03 404114                     /usr/lib/x86_64-linux-gnu/libxcb-render.so.0.0.0
7f4dcb6cf000-7f4dcb6d0000 r--p 00008000 08:03 404114                     /usr/lib/x86_64-linux-gnu/libxcb-render.so.0.0.0
7f4dcb6d0000-7f4dcb6d1000 rw-p 00009000 08:03 404114                     /usr/lib/x86_64-linux-gnu/libxcb-render.so.0.0.0
7f4dcb6d1000-7f4dcb6d3000 r-xp 00000000 08:03 404118                     /usr/lib/x86_64-linux-gnu/libxcb-shm.so.0.0.0
7f4dcb6d3000-7f4dcb8d3000 ---p 00002000 08:03 404118                     /usr/lib/x86_64-linux-gnu/libxcb-shm.so.0.0.0
7f4dcb8d3000-7f4dcb8d4000 r--p 00002000 08:03 404118                     /usr/lib/x86_64-linux-gnu/libxcb-shm.so.0.0.0
7f4dcb8d4000-7f4dcb8d5000 rw-p 00003000 08:03 404118                     /usr/lib/x86_64-linux-gnu/libxcb-shm.so.0.0.0
7f4dcb8d5000-7f4dcb8f9000 r-xp 00000000 08:03 1840269                    /lib/x86_64-linux-gnu/libpng12.so.0.54.0
7f4dcb8f9000-7f4dcbaf8000 ---p 00024000 08:03 1840269                    /lib/x86_64-linux-gnu/libpng12.so.0.54.0
7f4dcbaf8000-7f4dcbaf9000 r--p 00023000 08:03 1840269                    /lib/x86_64-linux-gnu/libpng12.so.0.54.0
7f4dcbaf9000-7f4dcbafa000 rw-p 00024000 08:03 1840269                    /lib/x86_64-linux-gnu/libpng12.so.0.54.0
7f4dcbafa000-7f4dcbb99000 r-xp 00000000 08:03 403711                     /usr/lib/x86_64-linux-gnu/libpixman-1.so.0.33.6
7f4dcbb99000-7f4dcbd99000 ---p 0009f000 08:03 403711                     /usr/lib/x86_64-linux-gnu/libpixman-1.so.0.33.6
7f4dcbd99000-7f4dcbda1000 r--p 0009f000 08:03 403711                     /usr/lib/x86_64-linux-gnu/libpixman-1.so.0.33.6
7f4dcbda1000-7f4dcbda2000 rw-p 000a7000 08:03 403711                     /usr/lib/x86_64-linux-gnu/libpixman-1.so.0.33.6
7f4dcbda2000-7f4dcbdfe000 r-xp 00000000 08:03 395340                     /usr/lib/x86_64-linux-gnu/libharfbuzz.so.0.10000.1
7f4dcbdfe000-7f4dcbffe000 ---p 0005c000 08:03 395340                     /usr/lib/x86_64-linux-gnu/libharfbuzz.so.0.10000.1
7f4dcbffe000-7f4dcbfff000 r--p 0005c000 08:03 395340                     /usr/lib/x86_64-linux-gnu/libharfbuzz.so.0.10000.1
7f4dcbfff000-7f4dcc000000 rw-p 0005d000 08:03 395340                     /usr/lib/x86_64-linux-gnu/libharfbuzz.so.0.10000.1
7f4dcc000000-7f4dcc021000 rw-p 00000000 00:00 0 
7f4dcc021000-7f4dd0000000 ---p 00000000 00:00 0 
7f4dd0000000-7f4dd011f000 rw-p 00000000 00:00 0 
7f4dd011f000-7f4dd4000000 ---p 00000000 00:00 0 
7f4dd4000000-7f4dd4021000 rw-p 00000000 00:00 0 
7f4dd4021000-7f4dd8000000 ---p 00000000 00:00 0 
7f4dd8000000-7f4dd8021000 rw-p 00000000 00:00 0 
7f4dd8021000-7f4ddc000000 ---p 00000000 00:00 0 
7f4ddc000000-7f4ddc265000 rw-p 00000000 00:00 0 
7f4ddc265000-7f4de0000000 ---p 00000000 00:00 0 
7f4de0000000-7f4de02ad000 rw-p 00000000 00:00 0 
7f4de02ad000-7f4de4000000 ---p 00000000 00:00 0 
7f4de4000000-7f4de4021000 rw-p 00000000 00:00 0 
7f4de4021000-7f4de8000000 ---p 00000000 00:00 0 
7f4de8000000-7f4de8224000 rw-p 00000000 00:00 0 
7f4de8224000-7f4dec000000 ---p 00000000 00:00 0 
7f4dec000000-7f4dec021000 rw-p 00000000 00:00 0 
7f4dec021000-7f4df0000000 ---p 00000000 00:00 0 
7f4df0000000-7f4df0021000 rw-p 00000000 00:00 0 
7f4df0021000-7f4df4000000 ---p 00000000 00:00 0 
7f4df4000000-7f4df4021000 rw-p 00000000 00:00 0 
7f4df4021000-7f4df8000000 ---p 00000000 00:00 0 
7f4df8000000-7f4df8021000 rw-p 00000000 00:00 0 
7f4df8021000-7f4dfc000000 ---p 00000000 00:00 0 
7f4dfc000000-7f4dfc021000 rw-p 00000000 00:00 0 
7f4dfc021000-7f4e00000000 ---p 00000000 00:00 0 
7f4e00000000-7f4e00001000 r--s 00000000 08:03 664014                     /var/cache/fontconfig/56cf4f4769d0f4abc89a4895d7bd3ae1-le64.cache-6
7f4e00001000-7f4e00002000 r--s 00000000 08:03 664012                     /var/cache/fontconfig/b9d506c9ac06c20b433354fa67a72993-le64.cache-6
7f4e00002000-7f4e00006000 r--s 00000000 08:03 664006                     /var/cache/fontconfig/d589a48862398ed80a3d6066f4f56f4c-le64.cache-6
7f4e00006000-7f4e0001d000 r-xp 00000000 08:03 1848112                    /lib/x86_64-linux-gnu/libresolv-2.23.so
7f4e0001d000-7f4e0021d000 ---p 00017000 08:03 1848112                    /lib/x86_64-linux-gnu/libresolv-2.23.so
7f4e0021d000-7f4e0021e000 r--p 00017000 08:03 1848112                    /lib/x86_64-linux-gnu/libresolv-2.23.so
7f4e0021e000-7f4e0021f000 rw-p 00018000 08:03 1848112                    /lib/x86_64-linux-gnu/libresolv-2.23.so
7f4e0021f000-7f4e00221000 rw-p 00000000 00:00 0 
7f4e00221000-7f4e00240000 r-xp 00000000 08:03 1840286                    /lib/x86_64-linux-gnu/libselinux.so.1
7f4e00240000-7f4e0043f000 ---p 0001f000 08:03 1840286                    /lib/x86_64-linux-gnu/libselinux.so.1
7f4e0043f000-7f4e00440000 r--p 0001e000 08:03 1840286                    /lib/x86_64-linux-gnu/libselinux.so.1
7f4e00440000-7f4e00441000 rw-p 0001f000 08:03 1840286                    /lib/x86_64-linux-gnu/libselinux.so.1
7f4e00441000-7f4e00443000 rw-p 00000000 00:00 0 
7f4e00443000-7f4e0045c000 r-xp 00000000 08:03 1840319                    /lib/x86_64-linux-gnu/libz.so.1.2.8
7f4e0045c000-7f4e0065b000 ---p 00019000 08:03 1840319                    /lib/x86_64-linux-gnu/libz.so.1.2.8
7f4e0065b000-7f4e0065c000 r--p 00018000 08:03 1840319                    /lib/x86_64-linux-gnu/libz.so.1.2.8
7f4e0065c000-7f4e0065d000 rw-p 00019000 08:03 1840319                    /lib/x86_64-linux-gnu/libz.so.1.2.8
7f4e0065d000-7f4e0066e000 r-xp 00000000 08:03 402763                     /usr/lib/x86_64-linux-gnu/libXext.so.6.4.0
7f4e0066e000-7f4e0086d000 ---p 00011000 08:03 402763                     /usr/lib/x86_64-linux-gnu/libXext.so.6.4.0
7f4e0086d000-7f4e0086e000 r--p 00010000 08:03 402763                     /usr/lib/x86_64-linux-gnu/libXext.so.6.4.0
7f4e0086e000-7f4e0086f000 rw-p 00011000 08:03 402763                     /usr/lib/x86_64-linux-gnu/libXext.so.6.4.0
7f4e0086f000-7f4e00871000 r-xp 00000000 08:03 402759                     /usr/lib/x86_64-linux-gnu/libXdamage.so.1.1.0
7f4e00871000-7f4e00a70000 ---p 00002000 08:03 402759                     /usr/lib/x86_64-linux-gnu/libXdamage.so.1.1.0
7f4e00a70000-7f4e00a71000 r--p 00001000 08:03 402759                     /usr/lib/x86_64-linux-gnu/libXdamage.so.1.1.0
7f4e00a71000-7f4e00a72000 rw-p 00002000 08:03 402759                     /usr/lib/x86_64-linux-gnu/libXdamage.so.1.1.0
7f4e00a72000-7f4e00a74000 r-xp 00000000 08:03 402755                     /usr/lib/x86_64-linux-gnu/libXcomposite.so.1.0.0
7f4e00a74000-7f4e00c73000 ---p 00002000 08:03 402755                     /usr/lib/x86_64-linux-gnu/libXcomposite.so.1.0.0
7f4e00c73000-7f4e00c74000 r--p 00001000 08:03 402755                     /usr/lib/x86_64-linux-gnu/libXcomposite.so.1.0.0
7f4e00c74000-7f4e00c75000 rw-p 00002000 08:03 402755                     /usr/lib/x86_64-linux-gnu/libXcomposite.so.1.0.0
7f4e00c75000-7f4e00c7e000 r-xp 00000000 08:03 402757                     /usr/lib/x86_64-linux-gnu/libXcursor.so.1.0.2
7f4e00c7e000-7f4e00e7d000 ---p 00009000 08:03 402757                     /usr/lib/x86_64-linux-gnu/libXcursor.so.1.0.2
7f4e00e7d000-7f4e00e7e000 r--p 00008000 08:03 402757                     /usr/lib/x86_64-linux-gnu/libXcursor.so.1.0.2
7f4e00e7e000-7f4e00e7f000 rw-p 00009000 08:03 402757                     /usr/lib/x86_64-linux-gnu/libXcursor.so.1.0.2
7f4e00e7f000-7f4e00e89000 r-xp 00000000 08:03 402781                     /usr/lib/x86_64-linux-gnu/libXrandr.so.2.2.0
7f4e00e89000-7f4e01088000 ---p 0000a000 08:03 402781                     /usr/lib/x86_64-linux-gnu/libXrandr.so.2.2.0
7f4e01088000-7f4e01089000 r--p 00009000 08:03 402781                     /usr/lib/x86_64-linux-gnu/libXrandr.so.2.2.0
7f4e01089000-7f4e0108a000 rw-p 0000a000 08:03 402781                     /usr/lib/x86_64-linux-gnu/libXrandr.so.2.2.0
7f4e0108a000-7f4e01099000 r-xp 00000000 08:03 402771                     /usr/lib/x86_64-linux-gnu/libXi.so.6.1.0
7f4e01099000-7f4e01298000 ---p 0000f000 08:03 402771                     /usr/lib/x86_64-linux-gnu/libXi.so.6.1.0
7f4e01298000-7f4e01299000 r--p 0000e000 08:03 402771                     /usr/lib/x86_64-linux-gnu/libXi.so.6.1.0
7f4e01299000-7f4e0129a000 rw-p 0000f000 08:03 402771                     /usr/lib/x86_64-linux-gnu/libXi.so.6.1.0
7f4e0129a000-7f4e0129c000 r-xp 00000000 08:03 402773                     /usr/lib/x86_64-linux-gnu/libXinerama.so.1.0.0
7f4e0129c000-7f4e0149b000 ---p 00002000 08:03 402773                     /usr/lib/x86_64-linux-gnu/libXinerama.so.1.0.0
7f4e0149b000-7f4e0149c000 r--p 00001000 08:03 402773                     /usr/lib/x86_64-linux-gnu/libXinerama.so.1.0.0
7f4e0149c000-7f4e0149d000 rw-p 00002000 08:03 402773                     /usr/lib/x86_64-linux-gnu/libXinerama.so.1.0.0
7f4e0149d000-7f4e014a6000 r-xp 00000000 08:03 402783                     /usr/lib/x86_64-linux-gnu/libXrender.so.1.3.0
7f4e014a6000-7f4e016a5000 ---p 00009000 08:03 402783                     /usr/lib/x86_64-linux-gnu/libXrender.so.1.3.0
7f4e016a5000-7f4e016a6000 r--p 00008000 08:03 402783                     /usr/lib/x86_64-linux-gnu/libXrender.so.1.3.0
7f4e016a6000-7f4e016a7000 rw-p 00009000 08:03 402783                     /usr/lib/x86_64-linux-gnu/libXrender.so.1.3.0
7f4e016a7000-7f4e016ac000 r-xp 00000000 08:03 402765                     /usr/lib/x86_64-linux-gnu/libXfixes.so.3.1.0
7f4e016ac000-7f4e018ab000 ---p 00005000 08:03 402765                     /usr/lib/x86_64-linux-gnu/libXfixes.so.3.1.0
7f4e018ab000-7f4e018ac000 r--p 00004000 08:03 402765                     /usr/lib/x86_64-linux-gnu/libXfixes.so.3.1.0
7f4e018ac000-7f4e018ad000 rw-p 00005000 08:03 402765                     /usr/lib/x86_64-linux-gnu/libXfixes.so.3.1.0
7f4e018ad000-7f4e018c3000 r-xp 00000000 08:03 1840166                    /lib/x86_64-linux-gnu/libgcc_s.so.1
7f4e018c3000-7f4e01ac2000 ---p 00016000 08:03 1840166                    /lib/x86_64-linux-gnu/libgcc_s.so.1
7f4e01ac2000-7f4e01ac3000 rw-p 00015000 08:03 1840166                    /lib/x86_64-linux-gnu/libgcc_s.so.1
7f4e01ac3000-7f4e01c35000 r-xp 00000000 08:03 393289                     /usr/lib/x86_64-linux-gnu/libstdc++.so.6.0.21
7f4e01c35000-7f4e01e35000 ---p 00172000 08:03 393289                     /usr/lib/x86_64-linux-gnu/libstdc++.so.6.0.21
7f4e01e35000-7f4e01e3f000 r--p 00172000 08:03 393289                     /usr/lib/x86_64-linux-gnu/libstdc++.so.6.0.21
7f4e01e3f000-7f4e01e41000 rw-p 0017c000 08:03 393289                     /usr/lib/x86_64-linux-gnu/libstdc++.so.6.0.21
7f4e01e41000-7f4e01e45000 rw-p 00000000 00:00 0 
7f4e01e45000-7f4e01e76000 r-xp 00000000 08:03 397049                     /usr/lib/nvidia-367/libGL.so.1.0.0
7f4e01e76000-7f4e01ea8000 r-xp 00031000 08:03 397049                     /usr/lib/nvidia-367/libGL.so.1.0.0
7f4e01ea8000-7f4e01ed2000 r-xp 00063000 08:03 397049                     /usr/lib/nvidia-367/libGL.so.1.0.0
7f4e01ed2000-7f4e020d2000 ---p 0008d000 08:03 397049                     /usr/lib/nvidia-367/libGL.so.1.0.0
7f4e020d2000-7f4e020d3000 rw-p 0008d000 08:03 397049                     /usr/lib/nvidia-367/libGL.so.1.0.0
7f4e020d3000-7f4e020d4000 rw-p 00000000 00:00 0 
7f4e020d4000-7f4e020d9000 r-xp 00000000 08:03 402799                     /usr/lib/x86_64-linux-gnu/libXxf86vm.so.1.0.0
7f4e020d9000-7f4e022d8000 ---p 00005000 08:03 402799                     /usr/lib/x86_64-linux-gnu/libXxf86vm.so.1.0.0
7f4e022d8000-7f4e022d9000 r--p 00004000 08:03 402799                     /usr/lib/x86_64-linux-gnu/libXxf86vm.so.1.0.0
7f4e022d9000-7f4e022da000 rw-p 00005000 08:03 402799                     /usr/lib/x86_64-linux-gnu/libXxf86vm.so.1.0.0
7f4e022da000-7f4e0240f000 r-xp 00000000 08:03 402746                     /usr/lib/x86_64-linux-gnu/libX11.so.6.3.0
7f4e0240f000-7f4e0260f000 ---p 00135000 08:03 402746                     /usr/lib/x86_64-linux-gnu/libX11.so.6.3.0
7f4e0260f000-7f4e02610000 r--p 00135000 08:03 402746                     /usr/lib/x86_64-linux-gnu/libX11.so.6.3.0
7f4e02610000-7f4e02614000 rw-p 00136000 08:03 402746                     /usr/lib/x86_64-linux-gnu/libX11.so.6.3.0
7f4e02614000-7f4e02619000 r-xp 00000000 08:03 402789                     /usr/lib/x86_64-linux-gnu/libXtst.so.6.1.0
7f4e02619000-7f4e02818000 ---p 00005000 08:03 402789                     /usr/lib/x86_64-linux-gnu/libXtst.so.6.1.0
7f4e02818000-7f4e02819000 r--p 00004000 08:03 402789                     /usr/lib/x86_64-linux-gnu/libXtst.so.6.1.0
7f4e02819000-7f4e0281a000 rw-p 00005000 08:03 402789                     /usr/lib/x86_64-linux-gnu/libXtst.so.6.1.0
7f4e0281a000-7f4e02929000 r-xp 00000000 08:03 1835067                    /lib/x86_64-linux-gnu/libglib-2.0.so.0.4800.1
7f4e02929000-7f4e02b28000 ---p 0010f000 08:03 1835067                    /lib/x86_64-linux-gnu/libglib-2.0.so.0.4800.1
7f4e02b28000-7f4e02b29000 r--p 0010e000 08:03 1835067                    /lib/x86_64-linux-gnu/libglib-2.0.so.0.4800.1
7f4e02b29000-7f4e02b2a000 rw-p 0010f000 08:03 1835067                    /lib/x86_64-linux-gnu/libglib-2.0.so.0.4800.1
7f4e02b2a000-7f4e02b2b000 rw-p 00000000 00:00 0 
7f4e02b2b000-7f4e02b2c000 r-xp 00000000 08:03 393610                     /usr/lib/x86_64-linux-gnu/libgthread-2.0.so.0.4800.1
7f4e02b2c000-7f4e02d2b000 ---p 00001000 08:03 393610                     /usr/lib/x86_64-linux-gnu/libgthread-2.0.so.0.4800.1
7f4e02d2b000-7f4e02d2c000 r--p 00000000 08:03 393610                     /usr/lib/x86_64-linux-gnu/libgthread-2.0.so.0.4800.1
7f4e02d2c000-7f4e02d2d000 rw-p 00001000 08:03 393610                     /usr/lib/x86_64-linux-gnu/libgthread-2.0.so.0.4800.1
7f4e02d2d000-7f4e02d30000 r-xp 00000000 08:03 393634                     /usr/lib/x86_64-linux-gnu/libgmodule-2.0.so.0.4800.1
7f4e02d30000-7f4e02f2f000 ---p 00003000 08:03 393634                     /usr/lib/x86_64-linux-gnu/libgmodule-2.0.so.0.4800.1
7f4e02f2f000-7f4e02f30000 r--p 00002000 08:03 393634                     /usr/lib/x86_64-linux-gnu/libgmodule-2.0.so.0.4800.1
7f4e02f30000-7f4e02f31000 rw-p 00003000 08:03 393634                     /usr/lib/x86_64-linux-gnu/libgmodule-2.0.so.0.4800.1
7f4e02f31000-7f4e02f83000 r-xp 00000000 08:03 393658                     /usr/lib/x86_64-linux-gnu/libgobject-2.0.so.0.4800.1
7f4e02f83000-7f4e03182000 ---p 00052000 08:03 393658                     /usr/lib/x86_64-linux-gnu/libgobject-2.0.so.0.4800.1
7f4e03182000-7f4e03183000 r--p 00051000 08:03 393658                     /usr/lib/x86_64-linux-gnu/libgobject-2.0.so.0.4800.1
7f4e03183000-7f4e03184000 rw-p 00052000 08:03 393658                     /usr/lib/x86_64-linux-gnu/libgobject-2.0.so.0.4800.1
7f4e03184000-7f4e031c1000 r-xp 00000000 08:03 399237                     /usr/lib/x86_64-linux-gnu/libfontconfig.so.1.9.0
7f4e031c1000-7f4e033c0000 ---p 0003d000 08:03 399237                     /usr/lib/x86_64-linux-gnu/libfontconfig.so.1.9.0
7f4e033c0000-7f4e033c2000 r--p 0003c000 08:03 399237                     /usr/lib/x86_64-linux-gnu/libfontconfig.so.1.9.0
7f4e033c2000-7f4e033c7000 rw-p 0003e000 08:03 399237                     /usr/lib/x86_64-linux-gnu/libfontconfig.so.1.9.0
7f4e033c7000-7f4e0346b000 r-xp 00000000 08:03 403180                     /usr/lib/x86_64-linux-gnu/libfreetype.so.6.12.1
7f4e0346b000-7f4e0366a000 ---p 000a4000 08:03 403180                     /usr/lib/x86_64-linux-gnu/libfreetype.so.6.12.1
7f4e0366a000-7f4e03670000 r--p 000a3000 08:03 403180                     /usr/lib/x86_64-linux-gnu/libfreetype.so.6.12.1
7f4e03670000-7f4e03671000 rw-p 000a9000 08:03 403180                     /usr/lib/x86_64-linux-gnu/libfreetype.so.6.12.1
7f4e03671000-7f4e036ba000 r-xp 00000000 08:03 403681                     /usr/lib/x86_64-linux-gnu/libpango-1.0.so.0.3800.1
7f4e036ba000-7f4e038ba000 ---p 00049000 08:03 403681                     /usr/lib/x86_64-linux-gnu/libpango-1.0.so.0.3800.1
7f4e038ba000-7f4e038bc000 r--p 00049000 08:03 403681                     /usr/lib/x86_64-linux-gnu/libpango-1.0.so.0.3800.1
7f4e038bc000-7f4e038bd000 rw-p 0004b000 08:03 403681                     /usr/lib/x86_64-linux-gnu/libpango-1.0.so.0.3800.1
7f4e038bd000-7f4e039cb000 r-xp 00000000 08:03 402910                     /usr/lib/x86_64-linux-gnu/libcairo.so.2.11400.6
7f4e039cb000-7f4e03bcb000 ---p 0010e000 08:03 402910                     /usr/lib/x86_64-linux-gnu/libcairo.so.2.11400.6
7f4e03bcb000-7f4e03bce000 r--p 0010e000 08:03 402910                     /usr/lib/x86_64-linux-gnu/libcairo.so.2.11400.6
7f4e03bce000-7f4e03bcf000 rw-p 00111000 08:03 402910                     /usr/lib/x86_64-linux-gnu/libcairo.so.2.11400.6
7f4e03bcf000-7f4e03bd1000 rw-p 00000000 00:00 0 
7f4e03bd1000-7f4e03bdd000 r-xp 00000000 08:03 403683                     /usr/lib/x86_64-linux-gnu/libpangocairo-1.0.so.0.3800.1
7f4e03bdd000-7f4e03ddc000 ---p 0000c000 08:03 403683                     /usr/lib/x86_64-linux-gnu/libpangocairo-1.0.so.0.3800.1
7f4e03ddc000-7f4e03ddd000 r--p 0000b000 08:03 403683                     /usr/lib/x86_64-linux-gnu/libpangocairo-1.0.so.0.3800.1
7f4e03ddd000-7f4e03dde000 rw-p 0000c000 08:03 403683                     /usr/lib/x86_64-linux-gnu/libpangocairo-1.0.so.0.3800.1
7f4e03dde000-7f4e03dff000 r-xp 00000000 08:03 393495                     /usr/lib/x86_64-linux-gnu/libgdk_pixbuf-2.0.so.0.3200.2
7f4e03dff000-7f4e03ffe000 ---p 00021000 08:03 393495                     /usr/lib/x86_64-linux-gnu/libgdk_pixbuf-2.0.so.0.3200.2
7f4e03ffe000-7f4e03fff000 r--p 00020000 08:03 393495                     /usr/lib/x86_64-linux-gnu/libgdk_pixbuf-2.0.so.0.3200.2
7f4e03fff000-7f4e04000000 rw-p 00021000 08:03 393495                     /usr/lib/x86_64-linux-gnu/libgdk_pixbuf-2.0.so.0.3200.2
7f4e04000000-7f4e04021000 rw-p 00000000 00:00 0 
7f4e04021000-7f4e08000000 ---p 00000000 00:00 0 
7f4e08000000-7f4e08001000 r--s 00000000 08:03 664007                     /var/cache/fontconfig/551ecf3b0e8b0bca0f25c0944f561853-le64.cache-6
7f4e08001000-7f4e08002000 r--s 00000000 08:03 664005                     /var/cache/fontconfig/30829fa25452a46451e813d634d7f916-le64.cache-6
7f4e08002000-7f4e08003000 r--s 00000000 08:03 664002                     /var/cache/fontconfig/0c9eb80ebd1c36541ebe2852d3bb0c49-le64.cache-6
7f4e08003000-7f4e08006000 r--s 00000000 08:03 663998                     /var/cache/fontconfig/75114ca45c98e8a441da0ff356701271-le64.cache-6
7f4e08006000-7f4e0800a000 r--s 00000000 08:03 663970                     /var/cache/fontconfig/7ef2298fde41cc6eeb7af42e48b7d293-le64.cache-6
7f4e0800a000-7f4e0800f000 r--p 00000000 08:06 1316917                    /home/mostafa/.config/dconf/user
7f4e0800f000-7f4e0804f000 rw-s 9187e000 00:06 552                        /dev/nvidiactl
7f4e0804f000-7f4e08063000 r-xp 00000000 08:03 403685                     /usr/lib/x86_64-linux-gnu/libpangoft2-1.0.so.0.3800.1
7f4e08063000-7f4e08263000 ---p 00014000 08:03 403685                     /usr/lib/x86_64-linux-gnu/libpangoft2-1.0.so.0.3800.1
7f4e08263000-7f4e08264000 r--p 00014000 08:03 403685                     /usr/lib/x86_64-linux-gnu/libpangoft2-1.0.so.0.3800.1
7f4e08264000-7f4e08265000 rw-p 00015000 08:03 403685                     /usr/lib/x86_64-linux-gnu/libpangoft2-1.0.so.0.3800.1
7f4e08265000-7f4e083e5000 r-xp 00000000 08:03 393655                     /usr/lib/x86_64-linux-gnu/libgio-2.0.so.0.4800.1
7f4e083e5000-7f4e085e5000 ---p 00180000 08:03 393655                     /usr/lib/x86_64-linux-gnu/libgio-2.0.so.0.4800.1
7f4e085e5000-7f4e085e9000 r--p 00180000 08:03 393655                     /usr/lib/x86_64-linux-gnu/libgio-2.0.so.0.4800.1
7f4e085e9000-7f4e085eb000 rw-p 00184000 08:03 393655                     /usr/lib/x86_64-linux-gnu/libgio-2.0.so.0.4800.1
7f4e085eb000-7f4e085ed000 rw-p 00000000 00:00 0 
7f4e085ed000-7f4e0860f000 r-xp 00000000 08:03 402854                     /usr/lib/x86_64-linux-gnu/libatk-1.0.so.0.21809.1
7f4e0860f000-7f4e0880e000 ---p 00022000 08:03 402854                     /usr/lib/x86_64-linux-gnu/libatk-1.0.so.0.21809.1
7f4e0880e000-7f4e08811000 r--p 00021000 08:03 402854                     /usr/lib/x86_64-linux-gnu/libatk-1.0.so.0.21809.1
7f4e08811000-7f4e08812000 rw-p 00024000 08:03 402854                     /usr/lib/x86_64-linux-gnu/libatk-1.0.so.0.21809.1
7f4e08812000-7f4e088c2000 r-xp 00000000 08:03 403219                     /usr/lib/x86_64-linux-gnu/libgdk-x11-2.0.so.0.2400.30
7f4e088c2000-7f4e08ac1000 ---p 000b0000 08:03 403219                     /usr/lib/x86_64-linux-gnu/libgdk-x11-2.0.so.0.2400.30
7f4e08ac1000-7f4e08ac5000 r--p 000af000 08:03 403219                     /usr/lib/x86_64-linux-gnu/libgdk-x11-2.0.so.0.2400.30
7f4e08ac5000-7f4e08ac7000 rw-p 000b3000 08:03 403219                     /usr/lib/x86_64-linux-gnu/libgdk-x11-2.0.so.0.2400.30
7f4e08ac7000-7f4e08f05000 r-xp 00000000 08:03 403364                     /usr/lib/x86_64-linux-gnu/libgtk-x11-2.0.so.0.2400.30
7f4e08f05000-7f4e09104000 ---p 0043e000 08:03 403364                     /usr/lib/x86_64-linux-gnu/libgtk-x11-2.0.so.0.2400.30
7f4e09104000-7f4e0910b000 r--p 0043d000 08:03 403364                     /usr/lib/x86_64-linux-gnu/libgtk-x11-2.0.so.0.2400.30
7f4e0910b000-7f4e0910f000 rw-p 00444000 08:03 403364                     /usr/lib/x86_64-linux-gnu/libgtk-x11-2.0.so.0.2400.30
7f4e0910f000-7f4e09112000 rw-p 00000000 00:00 0 
7f4e09112000-7f4e0911e000 r-xp 00000000 08:03 2493705                    /usr/lib/jvm/java-8-oracle/jre/lib/amd64/libprism_es2.so
7f4e0911e000-7f4e0931d000 ---p 0000c000 08:03 2493705                    /usr/lib/jvm/java-8-oracle/jre/lib/amd64/libprism_es2.so
7f4e0931d000-7f4e0931e000 rw-p 0000b000 08:03 2493705                    /usr/lib/jvm/java-8-oracle/jre/lib/amd64/libprism_es2.so
7f4e0931e000-7f4e09321000 ---p 00000000 00:00 0 
7f4e09321000-7f4e0941f000 rw-p 00000000 00:00 0 
7f4e0941f000-7f4e09422000 ---p 00000000 00:00 0 
7f4e09422000-7f4e09821000 rw-p 00000000 00:00 0 
7f4e09821000-7f4e09837000 r-xp 00000000 08:03 2493693                    /usr/lib/jvm/java-8-oracle/jre/lib/amd64/libnet.so
7f4e09837000-7f4e09a37000 ---p 00016000 08:03 2493693                    /usr/lib/jvm/java-8-oracle/jre/lib/amd64/libnet.so
7f4e09a37000-7f4e09a38000 rw-p 00016000 08:03 2493693                    /usr/lib/jvm/java-8-oracle/jre/lib/amd64/libnet.so
7f4e09a38000-7f4e09a3b000 ---p 00000000 00:00 0 
7f4e09a3b000-7f4e09b39000 rw-p 00000000 00:00 0 
7f4e09b39000-7f4e09b3a000 r-xp 00000000 08:03 2502255                    /opt/intellij-idea-community/bin/libbreakgen64.so
7f4e09b3a000-7f4e09d39000 ---p 00001000 08:03 2502255                    /opt/intellij-idea-community/bin/libbreakgen64.so
7f4e09d39000-7f4e09d3a000 r--p 00000000 08:03 2502255                    /opt/intellij-idea-community/bin/libbreakgen64.so
7f4e09d3a000-7f4e09d3b000 rw-p 00001000 08:03 2502255                    /opt/intellij-idea-community/bin/libbreakgen64.so
7f4e09d3b000-7f4e09d3c000 ---p 00000000 00:00 0 
7f4e09d3c000-7f4e09e3c000 rw-p 00000000 00:00 0 
7f4e09e3c000-7f4e09e3f000 ---p 00000000 00:00 0 
7f4e09e3f000-7f4e09f3d000 rw-p 00000000 00:00 0 
7f4e09f3d000-7f4e09f40000 ---p 00000000 00:00 0 
7f4e09f40000-7f4e0a03e000 rw-p 00000000 00:00 0 
7f4e0a03e000-7f4e0a041000 ---p 00000000 00:00 0 
7f4e0a041000-7f4e0a13f000 rw-p 00000000 00:00 0 
7f4e0a13f000-7f4e0a142000 ---p 00000000 00:00 0 
7f4e0a142000-7f4e0c000000 rw-p 00000000 00:00 0 
7f4e0c000000-7f4e0c021000 rw-p 00000000 00:00 0 
7f4e0c021000-7f4e10000000 ---p 00000000 00:00 0 
7f4e10000000-7f4e10002000 rw-s 00000000 08:03 262241                     /tmp/.glvX2Mlr (deleted)
7f4e10002000-7f4e10003000 r--s 00000000 00:29 32                         /run/user/1000/dconf/user
7f4e10003000-7f4e10004000 rw-s 91dcd000 00:06 552                        /dev/nvidiactl
7f4e10004000-7f4e10008000 rw-s 70fcd000 00:06 552                        /dev/nvidiactl
7f4e10008000-7f4e10009000 rw-s aff6b000 00:06 553                        /dev/nvidia0
7f4e10009000-7f4e1000a000 rw-s aff6a000 00:06 553                        /dev/nvidia0
7f4e1000a000-7f4e1000b000 rw-s aff69000 00:06 553                        /dev/nvidia0
7f4e1002b000-7f4e1002c000 rw-s 33650000 00:06 552                        /dev/nvidiactl
7f4e1002c000-7f4e1002d000 rw-s d0060000 00:06 553                        /dev/nvidia0
7f4e1002d000-7f4e100c3000 r--s 01103000 08:03 2493769                    /usr/lib/jvm/java-8-oracle/jre/lib/ext/jfxrt.jar
7f4e100c3000-7f4e100c5000 r--s 00019000 08:03 2502175                    /opt/intellij-idea-community/lib/idea_rt.jar
7f4e100c5000-7f4e100d8000 r--s 00345000 08:03 2493917                    /usr/lib/jvm/java-8-oracle/jre/lib/resources.jar
7f4e100d8000-7f4e100ea000 r--s 000d6000 08:03 2493916                    /usr/lib/jvm/java-8-oracle/jre/lib/plugin.jar
7f4e100ea000-7f4e100ee000 r--s 00097000 08:03 2493637                    /usr/lib/jvm/java-8-oracle/jre/lib/jsse.jar
7f4e100ee000-7f4e100f0000 r--s 00007000 08:03 2493758                    /usr/lib/jvm/java-8-oracle/jre/lib/jfxswt.jar
7f4e100f0000-7f4e100fa000 r--s 0006c000 08:03 2493800                    /usr/lib/jvm/java-8-oracle/jre/lib/javaws.jar
7f4e100fa000-7f4e100fd000 ---p 00000000 00:00 0 
7f4e100fd000-7f4e101fb000 rw-p 00000000 00:00 0 
7f4e101fb000-7f4e104d4000 r--p 00000000 08:03 393281                     /usr/lib/locale/locale-archive
7f4e104d4000-7f4e104d7000 ---p 00000000 00:00 0 
7f4e104d7000-7f4e105d5000 rw-p 00000000 00:00 0 
7f4e105d5000-7f4e105d8000 ---p 00000000 00:00 0 
7f4e105d8000-7f4e106d6000 rw-p 00000000 00:00 0 
7f4e106d6000-7f4e106d7000 ---p 00000000 00:00 0 
7f4e106d7000-7f4e11000000 rw-p 00000000 00:00 0 
7f4e11000000-7f4e114c0000 rwxp 00000000 00:00 0 
7f4e114c0000-7f4e20000000 ---p 00000000 00:00 0 
7f4e20000000-7f4e20447000 rw-p 00000000 00:00 0 
7f4e20447000-7f4e24000000 ---p 00000000 00:00 0 
7f4e24000000-7f4e24005000 r--s 00084000 08:03 2493792                    /usr/lib/jvm/java-8-oracle/jre/lib/jfr.jar
7f4e24005000-7f4e24020000 r--s 00208000 08:03 2493801                    /usr/lib/jvm/java-8-oracle/jre/lib/deploy.jar
7f4e24020000-7f4e247ab000 rw-p 00000000 00:00 0 
7f4e247ab000-7f4e24983000 r--s 03d2a000 08:03 2493685                    /usr/lib/jvm/java-8-oracle/jre/lib/rt.jar
7f4e24983000-7f4e253d5000 rw-p 00000000 00:00 0 
7f4e253d5000-7f4e253d6000 ---p 00000000 00:00 0 
7f4e253d6000-7f4e254d6000 rw-p 00000000 00:00 0 
7f4e254d6000-7f4e254d7000 ---p 00000000 00:00 0 
7f4e254d7000-7f4e255d7000 rw-p 00000000 00:00 0 
7f4e255d7000-7f4e255d8000 ---p 00000000 00:00 0 
7f4e255d8000-7f4e256d8000 rw-p 00000000 00:00 0 
7f4e256d8000-7f4e256d9000 ---p 00000000 00:00 0 
7f4e256d9000-7f4e257ed000 rw-p 00000000 00:00 0 
7f4e257ed000-7f4e25917000 ---p 00000000 00:00 0 
7f4e25917000-7f4e2592b000 rw-p 00000000 00:00 0 
7f4e2592b000-7f4e25a54000 ---p 00000000 00:00 0 
7f4e25a54000-7f4e25a5f000 rw-p 00000000 00:00 0 
7f4e25a5f000-7f4e25af3000 ---p 00000000 00:00 0 
7f4e25af3000-7f4e25b07000 rw-p 00000000 00:00 0 
7f4e25b07000-7f4e25eb4000 ---p 00000000 00:00 0 
7f4e25eb4000-7f4e25ece000 r-xp 00000000 08:03 2493716                    /usr/lib/jvm/java-8-oracle/jre/lib/amd64/libzip.so
7f4e25ece000-7f4e260ce000 ---p 0001a000 08:03 2493716                    /usr/lib/jvm/java-8-oracle/jre/lib/amd64/libzip.so
7f4e260ce000-7f4e260cf000 rw-p 0001a000 08:03 2493716                    /usr/lib/jvm/java-8-oracle/jre/lib/amd64/libzip.so
7f4e260cf000-7f4e260da000 r-xp 00000000 08:03 1848107                    /lib/x86_64-linux-gnu/libnss_files-2.23.so
7f4e260da000-7f4e262d9000 ---p 0000b000 08:03 1848107                    /lib/x86_64-linux-gnu/libnss_files-2.23.so
7f4e262d9000-7f4e262da000 r--p 0000a000 08:03 1848107                    /lib/x86_64-linux-gnu/libnss_files-2.23.so
7f4e262da000-7f4e262db000 rw-p 0000b000 08:03 1848107                    /lib/x86_64-linux-gnu/libnss_files-2.23.so
7f4e262db000-7f4e262e1000 rw-p 00000000 00:00 0 
7f4e262e1000-7f4e262ec000 r-xp 00000000 08:03 1848104                    /lib/x86_64-linux-gnu/libnss_nis-2.23.so
7f4e262ec000-7f4e264eb000 ---p 0000b000 08:03 1848104                    /lib/x86_64-linux-gnu/libnss_nis-2.23.so
7f4e264eb000-7f4e264ec000 r--p 0000a000 08:03 1848104                    /lib/x86_64-linux-gnu/libnss_nis-2.23.so
7f4e264ec000-7f4e264ed000 rw-p 0000b000 08:03 1848104                    /lib/x86_64-linux-gnu/libnss_nis-2.23.so
7f4e264ed000-7f4e26503000 r-xp 00000000 08:03 1848102                    /lib/x86_64-linux-gnu/libnsl-2.23.so
7f4e26503000-7f4e26702000 ---p 00016000 08:03 1848102                    /lib/x86_64-linux-gnu/libnsl-2.23.so
7f4e26702000-7f4e26703000 r--p 00015000 08:03 1848102                    /lib/x86_64-linux-gnu/libnsl-2.23.so
7f4e26703000-7f4e26704000 rw-p 00016000 08:03 1848102                    /lib/x86_64-linux-gnu/libnsl-2.23.so
7f4e26704000-7f4e26706000 rw-p 00000000 00:00 0 
7f4e26706000-7f4e2670e000 r-xp 00000000 08:03 1848100                    /lib/x86_64-linux-gnu/libnss_compat-2.23.so
7f4e2670e000-7f4e2690d000 ---p 00008000 08:03 1848100                    /lib/x86_64-linux-gnu/libnss_compat-2.23.so
7f4e2690d000-7f4e2690e000 r--p 00007000 08:03 1848100                    /lib/x86_64-linux-gnu/libnss_compat-2.23.so
7f4e2690e000-7f4e2690f000 rw-p 00008000 08:03 1848100                    /lib/x86_64-linux-gnu/libnss_compat-2.23.so
7f4e2690f000-7f4e2693a000 r-xp 00000000 08:03 2493743                    /usr/lib/jvm/java-8-oracle/jre/lib/amd64/libjava.so
7f4e2693a000-7f4e26b39000 ---p 0002b000 08:03 2493743                    /usr/lib/jvm/java-8-oracle/jre/lib/amd64/libjava.so
7f4e26b39000-7f4e26b3b000 rw-p 0002a000 08:03 2493743                    /usr/lib/jvm/java-8-oracle/jre/lib/amd64/libjava.so
7f4e26b3b000-7f4e26b48000 r-xp 00000000 08:03 2493694                    /usr/lib/jvm/java-8-oracle/jre/lib/amd64/libverify.so
7f4e26b48000-7f4e26d47000 ---p 0000d000 08:03 2493694                    /usr/lib/jvm/java-8-oracle/jre/lib/amd64/libverify.so
7f4e26d47000-7f4e26d49000 rw-p 0000c000 08:03 2493694                    /usr/lib/jvm/java-8-oracle/jre/lib/amd64/libverify.so
7f4e26d49000-7f4e26d50000 r-xp 00000000 08:03 1848116                    /lib/x86_64-linux-gnu/librt-2.23.so
7f4e26d50000-7f4e26f4f000 ---p 00007000 08:03 1848116                    /lib/x86_64-linux-gnu/librt-2.23.so
7f4e26f4f000-7f4e26f50000 r--p 00006000 08:03 1848116                    /lib/x86_64-linux-gnu/librt-2.23.so
7f4e26f50000-7f4e26f51000 rw-p 00007000 08:03 1848116                    /lib/x86_64-linux-gnu/librt-2.23.so
7f4e26f51000-7f4e27059000 r-xp 00000000 08:03 1848113                    /lib/x86_64-linux-gnu/libm-2.23.so
7f4e27059000-7f4e27258000 ---p 00108000 08:03 1848113                    /lib/x86_64-linux-gnu/libm-2.23.so
7f4e27258000-7f4e27259000 r--p 00107000 08:03 1848113                    /lib/x86_64-linux-gnu/libm-2.23.so
7f4e27259000-7f4e2725a000 rw-p 00108000 08:03 1848113                    /lib/x86_64-linux-gnu/libm-2.23.so
7f4e2725a000-7f4e27f27000 r-xp 00000000 08:03 2493747                    /usr/lib/jvm/java-8-oracle/jre/lib/amd64/server/libjvm.so
7f4e27f27000-7f4e28126000 ---p 00ccd000 08:03 2493747                    /usr/lib/jvm/java-8-oracle/jre/lib/amd64/server/libjvm.so
7f4e28126000-7f4e281ff000 rw-p 00ccc000 08:03 2493747                    /usr/lib/jvm/java-8-oracle/jre/lib/amd64/server/libjvm.so
7f4e281ff000-7f4e2824a000 rw-p 00000000 00:00 0 
7f4e2824a000-7f4e28409000 r-xp 00000000 08:03 1848121                    /lib/x86_64-linux-gnu/libc-2.23.so
7f4e28409000-7f4e28609000 ---p 001bf000 08:03 1848121                    /lib/x86_64-linux-gnu/libc-2.23.so
7f4e28609000-7f4e2860d000 r--p 001bf000 08:03 1848121                    /lib/x86_64-linux-gnu/libc-2.23.so
7f4e2860d000-7f4e2860f000 rw-p 001c3000 08:03 1848121                    /lib/x86_64-linux-gnu/libc-2.23.so
7f4e2860f000-7f4e28613000 rw-p 00000000 00:00 0 
7f4e28613000-7f4e28616000 r-xp 00000000 08:03 1848122                    /lib/x86_64-linux-gnu/libdl-2.23.so
7f4e28616000-7f4e28815000 ---p 00003000 08:03 1848122                    /lib/x86_64-linux-gnu/libdl-2.23.so
7f4e28815000-7f4e28816000 r--p 00002000 08:03 1848122                    /lib/x86_64-linux-gnu/libdl-2.23.so
7f4e28816000-7f4e28817000 rw-p 00003000 08:03 1848122                    /lib/x86_64-linux-gnu/libdl-2.23.so
7f4e28817000-7f4e2882c000 r-xp 00000000 08:03 2492804                    /usr/lib/jvm/java-8-oracle/lib/amd64/jli/libjli.so
7f4e2882c000-7f4e28a2c000 ---p 00015000 08:03 2492804                    /usr/lib/jvm/java-8-oracle/lib/amd64/jli/libjli.so
7f4e28a2c000-7f4e28a2d000 rw-p 00015000 08:03 2492804                    /usr/lib/jvm/java-8-oracle/lib/amd64/jli/libjli.so
7f4e28a2d000-7f4e28a45000 r-xp 00000000 08:03 1848120                    /lib/x86_64-linux-gnu/libpthread-2.23.so
7f4e28a45000-7f4e28c44000 ---p 00018000 08:03 1848120                    /lib/x86_64-linux-gnu/libpthread-2.23.so
7f4e28c44000-7f4e28c45000 r--p 00017000 08:03 1848120                    /lib/x86_64-linux-gnu/libpthread-2.23.so
7f4e28c45000-7f4e28c46000 rw-p 00018000 08:03 1848120                    /lib/x86_64-linux-gnu/libpthread-2.23.so
7f4e28c46000-7f4e28c4a000 rw-p 00000000 00:00 0 
7f4e28c4a000-7f4e28c70000 r-xp 00000000 08:03 1848117                    /lib/x86_64-linux-gnu/ld-2.23.so
7f4e28c70000-7f4e28c71000 r--s 00000000 08:03 2493764                    /usr/lib/jvm/java-8-oracle/jre/lib/management-agent.jar
7f4e28c71000-7f4e28c74000 r--s 0001a000 08:03 2493947                    /usr/lib/jvm/java-8-oracle/jre/lib/jce.jar
7f4e28c74000-7f4e28d46000 rw-p 00000000 00:00 0 
7f4e28d46000-7f4e28d49000 ---p 00000000 00:00 0 
7f4e28d49000-7f4e28e4b000 rw-p 00000000 00:00 0 
7f4e28e4b000-7f4e28e50000 r--s 002f9000 08:03 2493638                    /usr/lib/jvm/java-8-oracle/jre/lib/charsets.jar
7f4e28e50000-7f4e28e63000 rw-p 00000000 00:00 0 
7f4e28e63000-7f4e28e6b000 rw-s 00000000 08:03 262237                     /tmp/hsperfdata_mostafa/3977
7f4e28e6b000-7f4e28e6c000 rw-p 00000000 00:00 0 
7f4e28e6c000-7f4e28e6d000 r--p 00000000 00:00 0 
7f4e28e6d000-7f4e28e6f000 rw-p 00000000 00:00 0 
7f4e28e6f000-7f4e28e70000 r--p 00025000 08:03 1848117                    /lib/x86_64-linux-gnu/ld-2.23.so
7f4e28e70000-7f4e28e71000 rw-p 00026000 08:03 1848117                    /lib/x86_64-linux-gnu/ld-2.23.so
7f4e28e71000-7f4e28e72000 rw-p 00000000 00:00 0 
7ffec7e57000-7ffec7e78000 rw-p 00000000 00:00 0                          [stack]
7ffec7f0e000-7ffec7f10000 r--p 00000000 00:00 0                          [vvar]
7ffec7f10000-7ffec7f12000 r-xp 00000000 00:00 0                          [vdso]
ffffffffff600000-ffffffffff601000 r-xp 00000000 00:00 0                  [vsyscall]

VM Arguments:
jvm_args: -Didea.launcher.port=7532 -Didea.launcher.bin.path=/opt/intellij-idea-community/bin -Dfile.encoding=UTF-8 
java_command: com.intellij.rt.execution.application.AppMain sample.Main
java_class_path (initial): /usr/lib/jvm/java-8-oracle/jre/lib/charsets.jar:/usr/lib/jvm/java-8-oracle/jre/lib/deploy.jar:/usr/lib/jvm/java-8-oracle/jre/lib/ext/cldrdata.jar:/usr/lib/jvm/java-8-oracle/jre/lib/ext/dnsns.jar:/usr/lib/jvm/java-8-oracle/jre/lib/ext/jaccess.jar:/usr/lib/jvm/java-8-oracle/jre/lib/ext/jfxrt.jar:/usr/lib/jvm/java-8-oracle/jre/lib/ext/localedata.jar:/usr/lib/jvm/java-8-oracle/jre/lib/ext/nashorn.jar:/usr/lib/jvm/java-8-oracle/jre/lib/ext/sunec.jar:/usr/lib/jvm/java-8-oracle/jre/lib/ext/sunjce_provider.jar:/usr/lib/jvm/java-8-oracle/jre/lib/ext/sunpkcs11.jar:/usr/lib/jvm/java-8-oracle/jre/lib/ext/zipfs.jar:/usr/lib/jvm/java-8-oracle/jre/lib/javaws.jar:/usr/lib/jvm/java-8-oracle/jre/lib/jce.jar:/usr/lib/jvm/java-8-oracle/jre/lib/jfr.jar:/usr/lib/jvm/java-8-oracle/jre/lib/jfxswt.jar:/usr/lib/jvm/java-8-oracle/jre/lib/jsse.jar:/usr/lib/jvm/java-8-oracle/jre/lib/management-agent.jar:/usr/lib/jvm/java-8-oracle/jre/lib/plugin.jar:/usr/lib/jvm/java-8-oracle/jre/lib/resources.jar:/usr/lib/jvm/java-8-oracle/jre/lib/rt.jar:/home/mostafa/Desktop/Passing/out/production/Passing:/opt/intellij-idea-community/lib/idea_rt.jar
Launcher Type: SUN_STANDARD

Environment Variables:
JAVA_HOME=/usr/lib/jvm/java-8-oracle
PATH=/usr/local/sbin:/usr/local/bin:/usr/sbin:/usr/bin:/sbin:/bin:/usr/games:/usr/local/games:/snap/bin:/usr/lib/jvm/java-8-oracle/bin:/usr/lib/jvm/java-8-oracle/db/bin:/usr/lib/jvm/java-8-oracle/jre/bin
LD_LIBRARY_PATH=/opt/intellij-idea-community/bin:
SHELL=/bin/bash
DISPLAY=:0

Signal Handlers:
SIGSEGV: [libjvm.so+0xac64b0], sa_mask[0]=11111111011111111101111111111110, sa_flags=SA_RESTART|SA_SIGINFO
SIGBUS: [libjvm.so+0xac64b0], sa_mask[0]=11111111011111111101111111111110, sa_flags=SA_RESTART|SA_SIGINFO
SIGFPE: [libjvm.so+0x91f950], sa_mask[0]=11111111011111111101111111111110, sa_flags=SA_RESTART|SA_SIGINFO
SIGPIPE: SIG_IGN, sa_mask[0]=00000000000010000000000000000000, sa_flags=SA_RESTART
SIGXFSZ: [libjvm.so+0x91f950], sa_mask[0]=11111111011111111101111111111110, sa_flags=SA_RESTART|SA_SIGINFO
SIGILL: [libjvm.so+0x91f950], sa_mask[0]=11111111011111111101111111111110, sa_flags=SA_RESTART|SA_SIGINFO
SIGUSR1: SIG_DFL, sa_mask[0]=00000000000000000000000000000000, sa_flags=none
SIGUSR2: [libjvm.so+0x920f80], sa_mask[0]=00100000000000000000000000000000, sa_flags=SA_RESTART|SA_SIGINFO
SIGHUP: [libjvm.so+0x922380], sa_mask[0]=11111111011111111101111111111110, sa_flags=SA_RESTART|SA_SIGINFO
SIGINT: [libjvm.so+0x922380], sa_mask[0]=11111111011111111101111111111110, sa_flags=SA_RESTART|SA_SIGINFO
SIGTERM: [libjvm.so+0x922380], sa_mask[0]=11111111011111111101111111111110, sa_flags=SA_RESTART|SA_SIGINFO
SIGQUIT: [libjvm.so+0x922380], sa_mask[0]=11111111011111111101111111111110, sa_flags=SA_RESTART|SA_SIGINFO


---------------  S Y S T E M  ---------------

OS:DISTRIB_ID=Ubuntu
DISTRIB_RELEASE=16.04
DISTRIB_CODENAME=xenial
DISTRIB_DESCRIPTION="Ubuntu 16.04.1 LTS"

uname:Linux 4.4.0-47-generic #68-Ubuntu SMP Wed Oct 26 19:39:52 UTC 2016 x86_64
libc:glibc 2.23 NPTL 2.23 
rlimit: STACK 8192k, CORE 0k, NPROC 15037, NOFILE 65536, AS infinity
load average:0.56 0.66 0.56

/proc/meminfo:
MemTotal:        3896084 kB
MemFree:          106828 kB
MemAvailable:     936952 kB
Buffers:           72100 kB
Cached:           949084 kB
SwapCached:          200 kB
Active:          2166848 kB
Inactive:        1372908 kB
Active(anon):    1667332 kB
Inactive(anon):   873872 kB
Active(file):     499516 kB
Inactive(file):   499036 kB
Unevictable:         456 kB
Mlocked:             456 kB
SwapTotal:       7812092 kB
SwapFree:        7807372 kB
Dirty:              8196 kB
Writeback:             0 kB
AnonPages:       2514724 kB
Mapped:           280296 kB
Shmem:             22640 kB
Slab:             111428 kB
SReclaimable:      76472 kB
SUnreclaim:        34956 kB
KernelStack:        9680 kB
PageTables:        34276 kB
NFS_Unstable:          0 kB
Bounce:                0 kB
WritebackTmp:          0 kB
CommitLimit:     9760132 kB
Committed_AS:    5675176 kB
VmallocTotal:   34359738367 kB
VmallocUsed:           0 kB
VmallocChunk:          0 kB
HardwareCorrupted:     0 kB
AnonHugePages:   1609728 kB
CmaTotal:              0 kB
CmaFree:               0 kB
HugePages_Total:       0
HugePages_Free:        0
HugePages_Rsvd:        0
HugePages_Surp:        0
Hugepagesize:       2048 kB
DirectMap4k:      248064 kB
DirectMap2M:     3794944 kB


CPU:total 4 (2 cores per cpu, 2 threads per core) family 6 model 42 stepping 7, cmov, cx8, fxsr, mmx, sse, sse2, sse3, ssse3, sse4.1, sse4.2, popcnt, avx, aes, clmul, ht, tsc, tscinvbit

/proc/cpuinfo:
processor	: 0
vendor_id	: GenuineIntel
cpu family	: 6
model		: 42
model name	: Intel(R) Core(TM) i5-2450M CPU @ 2.50GHz
stepping	: 7
microcode	: 0x1b
cpu MHz		: 2634.472
cache size	: 3072 KB
physical id	: 0
siblings	: 4
core id		: 0
cpu cores	: 2
apicid		: 0
initial apicid	: 0
fpu		: yes
fpu_exception	: yes
cpuid level	: 13
wp		: yes
flags		: fpu vme de pse tsc msr pae mce cx8 apic sep mtrr pge mca cmov pat pse36 clflush dts acpi mmx fxsr sse sse2 ss ht tm pbe syscall nx rdtscp lm constant_tsc arch_perfmon pebs bts rep_good nopl xtopology nonstop_tsc aperfmperf eagerfpu pni pclmulqdq dtes64 monitor ds_cpl vmx est tm2 ssse3 cx16 xtpr pdcm pcid sse4_1 sse4_2 x2apic popcnt tsc_deadline_timer aes xsave avx lahf_lm epb tpr_shadow vnmi flexpriority ept vpid xsaveopt dtherm ida arat pln pts
bugs		:
bogomips	: 4988.35
clflush size	: 64
cache_alignment	: 64
address sizes	: 36 bits physical, 48 bits virtual
power management:

processor	: 1
vendor_id	: GenuineIntel
cpu family	: 6
model		: 42
model name	: Intel(R) Core(TM) i5-2450M CPU @ 2.50GHz
stepping	: 7
microcode	: 0x1b
cpu MHz		: 2633.007
cache size	: 3072 KB
physical id	: 0
siblings	: 4
core id		: 0
cpu cores	: 2
apicid		: 1
initial apicid	: 1
fpu		: yes
fpu_exception	: yes
cpuid level	: 13
wp		: yes
flags		: fpu vme de pse tsc msr pae mce cx8 apic sep mtrr pge mca cmov pat pse36 clflush dts acpi mmx fxsr sse sse2 ss ht tm pbe syscall nx rdtscp lm constant_tsc arch_perfmon pebs bts rep_good nopl xtopology nonstop_tsc aperfmperf eagerfpu pni pclmulqdq dtes64 monitor ds_cpl vmx est tm2 ssse3 cx16 xtpr pdcm pcid sse4_1 sse4_2 x2apic popcnt tsc_deadline_timer aes xsave avx lahf_lm epb tpr_shadow vnmi flexpriority ept vpid xsaveopt dtherm ida arat pln pts
bugs		:
bogomips	: 4988.35
clflush size	: 64
cache_alignment	: 64
address sizes	: 36 bits physical, 48 bits virtual
power management:

processor	: 2
vendor_id	: GenuineIntel
cpu family	: 6
model		: 42
model name	: Intel(R) Core(TM) i5-2450M CPU @ 2.50GHz
stepping	: 7
microcode	: 0x1b
cpu MHz		: 2599.707
cache size	: 3072 KB
physical id	: 0
siblings	: 4
core id		: 1
cpu cores	: 2
apicid		: 2
initial apicid	: 2
fpu		: yes
fpu_exception	: yes
cpuid level	: 13
wp		: yes
flags		: fpu vme de pse tsc msr pae mce cx8 apic sep mtrr pge mca cmov pat pse36 clflush dts acpi mmx fxsr sse sse2 ss ht tm pbe syscall nx rdtscp lm constant_tsc arch_perfmon pebs bts rep_good nopl xtopology nonstop_tsc aperfmperf eagerfpu pni pclmulqdq dtes64 monitor ds_cpl vmx est tm2 ssse3 cx16 xtpr pdcm pcid sse4_1 sse4_2 x2apic popcnt tsc_deadline_timer aes xsave avx lahf_lm epb tpr_shadow vnmi flexpriority ept vpid xsaveopt dtherm ida arat pln pts
bugs		:
bogomips	: 4988.35
clflush size	: 64
cache_alignment	: 64
address sizes	: 36 bits physical, 48 bits virtual
power management:

processor	: 3
vendor_id	: GenuineIntel
cpu family	: 6
model		: 42
model name	: Intel(R) Core(TM) i5-2450M CPU @ 2.50GHz
stepping	: 7
microcode	: 0x1b
cpu MHz		: 2633.007
cache size	: 3072 KB
physical id	: 0
siblings	: 4
core id		: 1
cpu cores	: 2
apicid		: 3
initial apicid	: 3
fpu		: yes
fpu_exception	: yes
cpuid level	: 13
wp		: yes
flags		: fpu vme de pse tsc msr pae mce cx8 apic sep mtrr pge mca cmov pat pse36 clflush dts acpi mmx fxsr sse sse2 ss ht tm pbe syscall nx rdtscp lm constant_tsc arch_perfmon pebs bts rep_good nopl xtopology nonstop_tsc aperfmperf eagerfpu pni pclmulqdq dtes64 monitor ds_cpl vmx est tm2 ssse3 cx16 xtpr pdcm pcid sse4_1 sse4_2 x2apic popcnt tsc_deadline_timer aes xsave avx lahf_lm epb tpr_shadow vnmi flexpriority ept vpid xsaveopt dtherm ida arat pln pts
bugs		:
bogomips	: 4988.35
clflush size	: 64
cache_alignment	: 64
address sizes	: 36 bits physical, 48 bits virtual
power management:



Memory: 4k page, physical 3896084k(106828k free), swap 7812092k(7807372k free)

vm_info: Java HotSpot(TM) 64-Bit Server VM (25.111-b14) for linux-amd64 JRE (1.8.0_111-b14), built on Sep 22 2016 16:14:03 by "java_re" with gcc 4.3.0 20080428 (Red Hat 4.3.0-8)

time: Sat Dec  3 20:01:59 2016
elapsed time: 12 seconds (0d 0h 0m 12s)

