#
# A fatal error has been detected by the Java Runtime Environment:
#
#  SIGSEGV (0xb) at pc=0x00007f1d4646bd28, pid=12299, tid=0x00007f1cdd5cc700
#
# JRE version: Java(TM) SE Runtime Environment (8.0_111-b14) (build 1.8.0_111-b14)
# Java VM: Java HotSpot(TM) 64-Bit Server VM (25.111-b14 mixed mode linux-amd64 compressed oops)
# Problematic frame:
# V  [libjvm.so+0x6d1d28]  jni_invoke_nonstatic(JNIEnv_*, JavaValue*, _jobject*, JNICallType, _jmethodID*, JNI_ArgumentPusher*, Thread*)+0x38
#
# Failed to write core dump. Core dumps have been disabled. To enable core dumping, try "ulimit -c unlimited" before starting Java again
#
# If you would like to submit a bug report, please visit:
#   http://bugreport.java.com/bugreport/crash.jsp
#

---------------  T H R E A D  ---------------

Current thread (0x00007f1cf011b800):  JavaThread "JavaFX Application Thread" [_thread_in_vm, id=12335, stack(0x00007f1cdd4cc000,0x00007f1cdd5cd000)]

siginfo: si_signo: 11 (SIGSEGV), si_code: 1 (SEGV_MAPERR), si_addr: 0x00007f1c00000000

Registers:
RAX=0x00007f1cdd5cb3c0, RBX=0x00007f1cdd5cb2d0, RCX=0x0000000000000001, RDX=0x00007f1c00000000
RSP=0x00007f1cdd5cb120, RBP=0x00007f1cdd5cb2a0, RSI=0x00007f1cdd5cb330, RDI=0x00007f1cf011b9f8
R8 =0x00007f1cf0057548, R9 =0x00007f1cdd5cb2d0, R10=0x00007f1ccc000af0, R11=0x00007f1d3139a920
R12=0x00007f1cf011b800, R13=0x00007f1cf0057548, R14=0x0000000000000001, R15=0x00007f1cf011b9f8
RIP=0x00007f1d4646bd28, EFLAGS=0x0000000000010206, CSGSFS=0x0000000000000033, ERR=0x0000000000000004
  TRAPNO=0x000000000000000e

Top of Stack: (sp=0x00007f1cdd5cb120)
0x00007f1cdd5cb120:   00007f1cdd5cb820 00007f1cdd5cb440
0x00007f1cdd5cb130:   00007f1cdd5cb180 00007f1cdd5cb200
0x00007f1cdd5cb140:   00007f1cdd5cb2d0 00007f1cdd5cb330
0x00007f1cdd5cb150:   00007f1cf011b9f8 00007f1d4648b830
0x00007f1cdd5cb160:   00007f1cfc000b70 00007f1cfc000b80
0x00007f1cdd5cb170:   00007f1cfc000f58 00000000000003d8
0x00007f1cdd5cb180:   0000000000000000 00000000ec70a7c8
0x00007f1cdd5cb190:   00007f1d0000006f 00007f1c0000000a
0x00007f1cdd5cb1a0:   00000000ed0b1b38 0000000000000000
0x00007f1cdd5cb1b0:   0000000000000000 0000000000000000
0x00007f1cdd5cb1c0:   00007f1d30a23688 0000000100000100
0x00007f1cdd5cb1d0:   0000000000000000 00007f1cdd5cb188
0x00007f1cdd5cb1e0:   00007f1cdd5cb1c9 0000000800000005
0x00007f1cdd5cb1f0:   0000000000000000 00007f1cf011b4d0
0x00007f1cdd5cb200:   00007f1d46cf8af0 00007f1d478096d0
0x00007f1cdd5cb210:   00000000f011b360 00007f1cf011b800
0x00007f1cdd5cb220:   0000000000000000 00007f1d4646c0fb
0x00007f1cdd5cb230:   00007f1d30a32768 00007f1cf011b800
0x00007f1cdd5cb240:   00007f1d30a32768 00007f1cf011b800
0x00007f1cdd5cb250:   00007f1cdd5cb3e0 00007f1d30a32768
0x00007f1cdd5cb260:   00007f1d30a32768 00007f1d30a32768
0x00007f1cdd5cb270:   00007f1cfc000b70 00007f1cdd5cb2d0
0x00007f1cdd5cb280:   00007f1cf011b800 00007f1cdd5cb310
0x00007f1cdd5cb290:   00007f1cf0057548 00007f1cf011b9f8
0x00007f1cdd5cb2a0:   00007f1cdd5cb390 00007f1d464704cf
0x00007f1cdd5cb2b0:   00007f1cf011b800 00007f1d23385054
0x00007f1cdd5cb2c0:   00007f1cdd5cb3a8 00007f1c00000000
0x00007f1cdd5cb2d0:   00007f1d46cf9750 00007f1d478096d0
0x00007f1cdd5cb2e0:   00000000dd5cb350 0baa8c4200000063
0x00007f1cdd5cb2f0:   0000000000000000 0000003000000018
0x00007f1cdd5cb300:   00007f1cdd5cb480 00007f1cdd5cb3c0
0x00007f1cdd5cb310:   00007f1cf011b800 0000000000000000 

Instructions: (pc=0x00007f1d4646bd28)
0x00007f1d4646bd08:   00 00 48 85 d2 48 89 bd b0 fe ff ff 48 89 b5 a8
0x00007f1d4646bd18:   fe ff ff 4c 89 8d a0 fe ff ff 0f 84 78 09 00 00
0x00007f1d4646bd28:   4c 8b 22 4d 85 e4 0f 84 6c 09 00 00 48 8b 45 10
0x00007f1d4646bd38:   48 8b 98 38 01 00 00 48 83 7b 18 f7 0f 87 16 07 

Register to memory mapping:

RAX=0x00007f1cdd5cb3c0 is pointing into the stack for thread: 0x00007f1cf011b800
RBX=0x00007f1cdd5cb2d0 is pointing into the stack for thread: 0x00007f1cf011b800
RCX=0x0000000000000001 is an unknown value
RDX=0x00007f1c00000000 is an unknown value
RSP=0x00007f1cdd5cb120 is pointing into the stack for thread: 0x00007f1cf011b800
RBP=0x00007f1cdd5cb2a0 is pointing into the stack for thread: 0x00007f1cf011b800
RSI=0x00007f1cdd5cb330 is pointing into the stack for thread: 0x00007f1cf011b800
RDI=0x00007f1cf011b9f8 is an unknown value
R8 =0x00007f1cf0057548 is an unknown value
R9 =0x00007f1cdd5cb2d0 is pointing into the stack for thread: 0x00007f1cf011b800
R10=0x00007f1ccc000af0 is an unknown value
R11=0x00007f1d3139a920 is at entry_point+32 in (nmethod*)0x00007f1d3139a790
R12=0x00007f1cf011b800 is a thread
R13=0x00007f1cf0057548 is an unknown value
R14=0x0000000000000001 is an unknown value
R15=0x00007f1cf011b9f8 is an unknown value


Stack: [0x00007f1cdd4cc000,0x00007f1cdd5cd000],  sp=0x00007f1cdd5cb120,  free space=1020k
Native frames: (J=compiled Java code, j=interpreted, Vv=VM code, C=native code)
V  [libjvm.so+0x6d1d28]  jni_invoke_nonstatic(JNIEnv_*, JavaValue*, _jobject*, JNICallType, _jmethodID*, JNI_ArgumentPusher*, Thread*)+0x38
V  [libjvm.so+0x6d64cf]  jni_CallVoidMethodV+0x10f
C  [libglass.so+0x18641]  JNIEnv_::CallVoidMethod(_jobject*, _jmethodID*, ...)+0x81
C  [libglass.so+0x14f0f]  WindowContextBase::process_key(_GdkEventKey*)+0x20f
C  [libglass.so+0x19f60]  WindowContextBase::im_filter_keypress(_GdkEventKey*)+0x1c0
C  [libglass.so+0x1a91c]  process_events(_GdkEvent*, void*)+0x22c
C  [libgdk-x11-2.0.so.0+0x5ac4c]

Java frames: (J=compiled Java code, j=interpreted, Vv=VM code)
j  com.sun.glass.ui.gtk.GtkApplication._runLoop(Ljava/lang/Runnable;Z)V+0
j  com.sun.glass.ui.gtk.GtkApplication.lambda$null$49(Ljava/lang/Runnable;Z)V+7
j  com.sun.glass.ui.gtk.GtkApplication$$Lambda$43.run()V+12
j  java.lang.Thread.run()V+11
v  ~StubRoutines::call_stub

---------------  P R O C E S S  ---------------

Java Threads: ( => current thread )
  0x00007f1ccc20a800 JavaThread "Prism Font Disposer" daemon [_thread_blocked, id=12340, stack(0x00007f1cdc6b3000,0x00007f1cdc7b4000)]
=>0x00007f1cf011b800 JavaThread "JavaFX Application Thread" [_thread_in_vm, id=12335, stack(0x00007f1cdd4cc000,0x00007f1cdd5cd000)]
  0x00007f1cf0117800 JavaThread "Thread-2" daemon [_thread_blocked, id=12334, stack(0x00007f1cdd5cd000,0x00007f1cdd6ce000)]
  0x00007f1cf004b800 JavaThread "QuantumRenderer-0" daemon [_thread_blocked, id=12330, stack(0x00007f1d23dfe000,0x00007f1d23eff000)]
  0x00007f1d401f8800 JavaThread "JavaFX-Launcher" [_thread_blocked, id=12329, stack(0x00007f1d23eff000,0x00007f1d24000000)]
  0x00007f1d4013b000 JavaThread "Monitor Ctrl-Break" daemon [_thread_in_native, id=12328, stack(0x00007f1d28639000,0x00007f1d2873a000)]
  0x00007f1d400c1800 JavaThread "Service Thread" daemon [_thread_blocked, id=12321, stack(0x00007f1d28a52000,0x00007f1d28b53000)]
  0x00007f1d400be800 JavaThread "C1 CompilerThread2" daemon [_thread_blocked, id=12319, stack(0x00007f1d28b53000,0x00007f1d28c54000)]
  0x00007f1d400bd000 JavaThread "C2 CompilerThread1" daemon [_thread_in_native, id=12318, stack(0x00007f1d28c54000,0x00007f1d28d55000)]
  0x00007f1d400ba000 JavaThread "C2 CompilerThread0" daemon [_thread_in_native, id=12317, stack(0x00007f1d28d55000,0x00007f1d28e56000)]
  0x00007f1d400b8800 JavaThread "Signal Dispatcher" daemon [_thread_blocked, id=12316, stack(0x00007f1d28e56000,0x00007f1d28f57000)]
  0x00007f1d40084800 JavaThread "Finalizer" daemon [_thread_blocked, id=12315, stack(0x00007f1d29230000,0x00007f1d29331000)]
  0x00007f1d40080000 JavaThread "Reference Handler" daemon [_thread_blocked, id=12313, stack(0x00007f1d29331000,0x00007f1d29432000)]
  0x00007f1d4000a800 JavaThread "main" [_thread_blocked, id=12300, stack(0x00007f1d47886000,0x00007f1d47987000)]

Other Threads:
  0x00007f1d40078000 VMThread [stack: 0x00007f1d29432000,0x00007f1d29533000] [id=12311]
  0x00007f1d400c4800 WatcherThread [stack: 0x00007f1d28951000,0x00007f1d28a52000] [id=12324]

VM state:not at safepoint (normal execution)

VM Mutex/Monitor currently owned by a thread: None

Heap:
 PSYoungGen      total 33280K, used 3004K [0x00000000ec300000, 0x00000000ee600000, 0x0000000100000000)
  eden space 30720K, 1% used [0x00000000ec300000,0x00000000ec377290,0x00000000ee100000)
  from space 2560K, 98% used [0x00000000ee380000,0x00000000ee5f8038,0x00000000ee600000)
  to   space 2560K, 0% used [0x00000000ee100000,0x00000000ee100000,0x00000000ee380000)
 ParOldGen       total 40960K, used 3277K [0x00000000c4800000, 0x00000000c7000000, 0x00000000ec300000)
  object space 40960K, 8% used [0x00000000c4800000,0x00000000c4b33560,0x00000000c7000000)
 Metaspace       used 15337K, capacity 16042K, committed 16256K, reserved 1062912K
  class space    used 2187K, capacity 2367K, committed 2432K, reserved 1048576K

Card table byte_map: [0x00007f1d44457000,0x00007f1d44634000] byte_map_base: 0x00007f1d43e33000

Marking Bits: (ParMarkBitMap*) 0x00007f1d46d5d220
 Begin Bits: [0x00007f1d2a240000, 0x00007f1d2b120000)
 End Bits:   [0x00007f1d2b120000, 0x00007f1d2c000000)

Polling page: 0x00007f1d479ac000

CodeCache: size=245760Kb used=4564Kb max_used=4564Kb free=241195Kb
 bounds [0x00007f1d31000000, 0x00007f1d31480000, 0x00007f1d40000000]
 total_blobs=2128 nmethods=1517 adapters=524
 compilation: enabled

Compilation events (10 events):
Event: 7.830 Thread 0x00007f1d400be800 1517       3       javafx.beans.property.StringPropertyBase::get (5 bytes)
Event: 7.830 Thread 0x00007f1d400be800 nmethod 1517 0x00007f1d31475290 code [0x00007f1d31475400, 0x00007f1d31475608]
Event: 7.830 Thread 0x00007f1d400be800 1518       3       com.sun.javafx.geom.RectBounds::getWidth (10 bytes)
Event: 7.830 Thread 0x00007f1d400be800 nmethod 1518 0x00007f1d31475690 code [0x00007f1d314757e0, 0x00007f1d31475950]
Event: 7.830 Thread 0x00007f1d400be800 1519       3       javafx.scene.Scene::addToDirtyList (98 bytes)
Event: 7.831 Thread 0x00007f1d400be800 nmethod 1519 0x00007f1d314759d0 code [0x00007f1d31475b80, 0x00007f1d314761c8]
Event: 7.831 Thread 0x00007f1d400be800 1521       3       javafx.beans.property.DoubleProperty::<init> (5 bytes)
Event: 7.831 Thread 0x00007f1d400be800 nmethod 1521 0x00007f1d314763d0 code [0x00007f1d31476560, 0x00007f1d31476830]
Event: 7.831 Thread 0x00007f1d400be800 1520       3       javafx.scene.text.Text::getFont (24 bytes)
Event: 7.832 Thread 0x00007f1d400be800 nmethod 1520 0x00007f1d314769d0 code [0x00007f1d31476be0, 0x00007f1d314774e8]

GC Heap History (4 events):
Event: 0.853 GC heap before
{Heap before GC invocations=1 (full 0):
 PSYoungGen      total 17920K, used 15360K [0x00000000ec300000, 0x00000000ed700000, 0x0000000100000000)
  eden space 15360K, 100% used [0x00000000ec300000,0x00000000ed200000,0x00000000ed200000)
  from space 2560K, 0% used [0x00000000ed480000,0x00000000ed480000,0x00000000ed700000)
  to   space 2560K, 0% used [0x00000000ed200000,0x00000000ed200000,0x00000000ed480000)
 ParOldGen       total 40960K, used 0K [0x00000000c4800000, 0x00000000c7000000, 0x00000000ec300000)
  object space 40960K, 0% used [0x00000000c4800000,0x00000000c4800000,0x00000000c7000000)
 Metaspace       used 9838K, capacity 10172K, committed 10368K, reserved 1058816K
  class space    used 1227K, capacity 1336K, committed 1408K, reserved 1048576K
Event: 0.875 GC heap after
Heap after GC invocations=1 (full 0):
 PSYoungGen      total 17920K, used 2544K [0x00000000ec300000, 0x00000000ee600000, 0x0000000100000000)
  eden space 15360K, 0% used [0x00000000ec300000,0x00000000ec300000,0x00000000ed200000)
  from space 2560K, 99% used [0x00000000ed200000,0x00000000ed47c040,0x00000000ed480000)
  to   space 2560K, 0% used [0x00000000ee380000,0x00000000ee380000,0x00000000ee600000)
 ParOldGen       total 40960K, used 384K [0x00000000c4800000, 0x00000000c7000000, 0x00000000ec300000)
  object space 40960K, 0% used [0x00000000c4800000,0x00000000c4860000,0x00000000c7000000)
 Metaspace       used 9838K, capacity 10172K, committed 10368K, reserved 1058816K
  class space    used 1227K, capacity 1336K, committed 1408K, reserved 1048576K
}
Event: 7.788 GC heap before
{Heap before GC invocations=2 (full 0):
 PSYoungGen      total 17920K, used 17904K [0x00000000ec300000, 0x00000000ee600000, 0x0000000100000000)
  eden space 15360K, 100% used [0x00000000ec300000,0x00000000ed200000,0x00000000ed200000)
  from space 2560K, 99% used [0x00000000ed200000,0x00000000ed47c040,0x00000000ed480000)
  to   space 2560K, 0% used [0x00000000ee380000,0x00000000ee380000,0x00000000ee600000)
 ParOldGen       total 40960K, used 384K [0x00000000c4800000, 0x00000000c7000000, 0x00000000ec300000)
  object space 40960K, 0% used [0x00000000c4800000,0x00000000c4860000,0x00000000c7000000)
 Metaspace       used 15307K, capacity 15978K, committed 16256K, reserved 1062912K
  class space    used 2187K, capacity 2367K, committed 2432K, reserved 1048576K
Event: 7.799 GC heap after
Heap after GC invocations=2 (full 0):
 PSYoungGen      total 33280K, used 2528K [0x00000000ec300000, 0x00000000ee600000, 0x0000000100000000)
  eden space 30720K, 0% used [0x00000000ec300000,0x00000000ec300000,0x00000000ee100000)
  from space 2560K, 98% used [0x00000000ee380000,0x00000000ee5f8038,0x00000000ee600000)
  to   space 2560K, 0% used [0x00000000ee100000,0x00000000ee100000,0x00000000ee380000)
 ParOldGen       total 40960K, used 3277K [0x00000000c4800000, 0x00000000c7000000, 0x00000000ec300000)
  object space 40960K, 8% used [0x00000000c4800000,0x00000000c4b33560,0x00000000c7000000)
 Metaspace       used 15307K, capacity 15978K, committed 16256K, reserved 1062912K
  class space    used 2187K, capacity 2367K, committed 2432K, reserved 1048576K
}

Deoptimization events (10 events):
Event: 1.120 Thread 0x00007f1cf011b800 Uncommon trap: reason=class_check action=maybe_recompile pc=0x00007f1d312523b4 method=java.io.DataInputStream.readShort()S @ 4
Event: 1.120 Thread 0x00007f1cf011b800 Uncommon trap: reason=class_check action=maybe_recompile pc=0x00007f1d312523b4 method=java.io.DataInputStream.readShort()S @ 4
Event: 1.152 Thread 0x00007f1cf011b800 Uncommon trap: reason=class_check action=maybe_recompile pc=0x00007f1d31120cb8 method=java.lang.String.equals(Ljava/lang/Object;)Z @ 8
Event: 1.152 Thread 0x00007f1cf011b800 Uncommon trap: reason=class_check action=maybe_recompile pc=0x00007f1d31120cb8 method=java.lang.String.equals(Ljava/lang/Object;)Z @ 8
Event: 1.152 Thread 0x00007f1cf011b800 Uncommon trap: reason=class_check action=maybe_recompile pc=0x00007f1d31120cb8 method=java.lang.String.equals(Ljava/lang/Object;)Z @ 8
Event: 1.308 Thread 0x00007f1cf011b800 Uncommon trap: reason=class_check action=maybe_recompile pc=0x00007f1d31120cb8 method=java.lang.String.equals(Ljava/lang/Object;)Z @ 8
Event: 1.415 Thread 0x00007f1cf011b800 Uncommon trap: reason=unstable_if action=reinterpret pc=0x00007f1d312c620c method=sun.net.www.ParseUtil.encodePath(Ljava/lang/String;Z)Ljava/lang/String; @ 109
Event: 1.632 Thread 0x00007f1cf011b800 Uncommon trap: reason=unstable_if action=reinterpret pc=0x00007f1d3131b464 method=jdk.internal.org.objectweb.asm.Type.getArgumentsAndReturnSizes(Ljava/lang/String;)I @ 47
Event: 3.399 Thread 0x00007f1cf004b800 Uncommon trap: reason=unstable_if action=reinterpret pc=0x00007f1d313ba25c method=java.lang.StrictMath.floorOrCeil(DDDD)D @ 115
Event: 7.731 Thread 0x00007f1cf011b800 Uncommon trap: reason=unstable_if action=reinterpret pc=0x00007f1d314101b4 method=java.lang.StrictMath.floorOrCeil(DDDD)D @ 38

Internal exceptions (10 events):
Event: 0.242 Thread 0x00007f1d401f8800 Exception <a 'java/security/PrivilegedActionException'> (0x00000000ec617968) thrown at [/HUDSON3/workspace/8-2-build-linux-amd64/jdk8u111/7883/hotspot/src/share/vm/prims/jvm.cpp, line 1386]
Event: 0.243 Thread 0x00007f1d401f8800 Exception <a 'java/security/PrivilegedActionException'> (0x00000000ec619da8) thrown at [/HUDSON3/workspace/8-2-build-linux-amd64/jdk8u111/7883/hotspot/src/share/vm/prims/jvm.cpp, line 1386]
Event: 0.243 Thread 0x00007f1d401f8800 Exception <a 'java/security/PrivilegedActionException'> (0x00000000ec619fb8) thrown at [/HUDSON3/workspace/8-2-build-linux-amd64/jdk8u111/7883/hotspot/src/share/vm/prims/jvm.cpp, line 1386]
Event: 0.243 Thread 0x00007f1d401f8800 Exception <a 'java/lang/NullPointerException'> (0x00000000ec61a590) thrown at [/HUDSON3/workspace/8-2-build-linux-amd64/jdk8u111/7883/hotspot/src/share/vm/interpreter/linkResolver.cpp, line 1178]
Event: 0.719 Thread 0x00007f1cf011b800 Exception <a 'java/lang/NullPointerException'> (0x00000000ece526f8) thrown at [/HUDSON3/workspace/8-2-build-linux-amd64/jdk8u111/7883/hotspot/src/share/vm/interpreter/linkResolver.cpp, line 1178]
Event: 0.719 Thread 0x00007f1cf011b800 Exception <a 'java/lang/NullPointerException'> (0x00000000ece526f8) thrown at [/HUDSON3/workspace/8-2-build-linux-amd64/jdk8u111/7883/hotspot/src/share/vm/prims/jvm.cpp, line 1390]
Event: 0.843 Thread 0x00007f1cf011b800 Exception <a 'java/lang/ArrayIndexOutOfBoundsException': 58> (0x00000000ed1e2c70) thrown at [/HUDSON3/workspace/8-2-build-linux-amd64/jdk8u111/7883/hotspot/src/share/vm/interpreter/interpreterRuntime.cpp, line 366]
Event: 0.844 Thread 0x00007f1cf011b800 Exception <a 'java/lang/ArrayIndexOutOfBoundsException': 18> (0x00000000ed1e3b18) thrown at [/HUDSON3/workspace/8-2-build-linux-amd64/jdk8u111/7883/hotspot/src/share/vm/interpreter/interpreterRuntime.cpp, line 366]
Event: 0.845 Thread 0x00007f1cf011b800 Exception <a 'java/lang/ArrayIndexOutOfBoundsException': 86> (0x00000000ed1e4ec0) thrown at [/HUDSON3/workspace/8-2-build-linux-amd64/jdk8u111/7883/hotspot/src/share/vm/interpreter/interpreterRuntime.cpp, line 366]
Event: 1.011 Thread 0x00007f1cf011b800 Implicit null exception at 0x00007f1d312704f5 to 0x00007f1d312706d5

Events (10 events):
Event: 7.665 loading class com/sun/prism/GraphicsResource done
Event: 7.666 loading class com/sun/javafx/tk/quantum/ViewScene
Event: 7.666 loading class com/sun/javafx/tk/quantum/ViewScene done
Event: 7.668 loading class com/sun/javafx/tk/quantum/WindowStage
Event: 7.668 loading class com/sun/javafx/tk/quantum/WindowStage done
Event: 7.731 Thread 0x00007f1cf011b800 Uncommon trap: trap_request=0xffffff65 fr.pc=0x00007f1d314101b4
Event: 7.731 Thread 0x00007f1cf011b800 DEOPT PACKING pc=0x00007f1d314101b4 sp=0x00007f1cdd5c8070
Event: 7.731 Thread 0x00007f1cf011b800 DEOPT UNPACKING pc=0x00007f1d31005229 sp=0x00007f1cdd5c7ff8 mode 2
Event: 7.788 Executing VM operation: ParallelGCFailedAllocation
Event: 7.800 Executing VM operation: ParallelGCFailedAllocation done


Dynamic libraries:
00400000-00401000 r-xp 00000000 08:03 2493609                            /usr/lib/jvm/java-8-oracle/bin/java
00600000-00601000 rw-p 00000000 08:03 2493609                            /usr/lib/jvm/java-8-oracle/bin/java
01881000-018a2000 rw-p 00000000 00:00 0                                  [heap]
409bb000-40a5b000 rw-p 00000000 00:00 0 
41073000-41075000 r-xs 00000000 08:03 262249                             /tmp/.glfM06sG (deleted)
c4800000-c7000000 rw-p 00000000 00:00 0 
c7000000-ec300000 ---p 00000000 00:00 0 
ec300000-ee600000 rw-p 00000000 00:00 0 
ee600000-100000000 ---p 00000000 00:00 0 
100000000-100260000 rw-p 00000000 00:00 0 
100260000-140000000 ---p 00000000 00:00 0 
7f1cc0000000-7f1cc0021000 rw-p 00000000 00:00 0 
7f1cc0021000-7f1cc4000000 ---p 00000000 00:00 0 
7f1cc77ff000-7f1cc8000000 rw-p 00000000 00:00 0 
7f1cc8000000-7f1cc8021000 rw-p 00000000 00:00 0 
7f1cc8021000-7f1ccc000000 ---p 00000000 00:00 0 
7f1ccc000000-7f1ccc4fa000 rw-p 00000000 00:00 0 
7f1ccc4fa000-7f1cd0000000 ---p 00000000 00:00 0 
7f1cd0000000-7f1cd0022000 rw-p 00000000 00:00 0 
7f1cd0022000-7f1cd4000000 ---p 00000000 00:00 0 
7f1cd4000000-7f1cd4021000 rw-p 00000000 00:00 0 
7f1cd4021000-7f1cd8000000 ---p 00000000 00:00 0 
7f1cd8000000-7f1cd8021000 rw-p 00000000 00:00 0 
7f1cd8021000-7f1cdc000000 ---p 00000000 00:00 0 
7f1cdc0b3000-7f1cdc2b3000 rw-s 145490000 00:06 517                       /dev/nvidiactl
7f1cdc2b3000-7f1cdc4b3000 rw-s 07df6000 00:06 517                        /dev/nvidiactl
7f1cdc4b3000-7f1cdc633000 rw-p 00000000 00:00 0 
7f1cdc633000-7f1cdc6b3000 ---p 00000000 00:00 0 
7f1cdc6b3000-7f1cdc6b6000 ---p 00000000 00:00 0 
7f1cdc6b6000-7f1cdc7b4000 rw-p 00000000 00:00 0 
7f1cdc7b4000-7f1cdc86d000 r--p 00000000 08:03 1312293                    /usr/share/fonts/truetype/dejavu/DejaVuSans.ttf
7f1cdc86d000-7f1cdc881000 r--p 00000000 08:03 2493785                    /usr/lib/jvm/java-8-oracle/jre/lib/fonts/LucidaBrightItalic.ttf
7f1cdc881000-7f1cdc8d6000 r--p 00000000 08:03 2493784                    /usr/lib/jvm/java-8-oracle/jre/lib/fonts/LucidaBrightRegular.ttf
7f1cdc8d6000-7f1cdc981000 r--p 00000000 08:03 2493781                    /usr/lib/jvm/java-8-oracle/jre/lib/fonts/LucidaSansRegular.ttf
7f1cdc981000-7f1cdc994000 r--p 00000000 08:03 2493789                    /usr/lib/jvm/java-8-oracle/jre/lib/fonts/LucidaBrightDemiItalic.ttf
7f1cdc994000-7f1cdc9ce000 r--p 00000000 08:03 2493783                    /usr/lib/jvm/java-8-oracle/jre/lib/fonts/LucidaTypewriterBold.ttf
7f1cdc9ce000-7f1cdc9e1000 r--p 00000000 08:03 2493782                    /usr/lib/jvm/java-8-oracle/jre/lib/fonts/LucidaBrightDemiBold.ttf
7f1cdc9e1000-7f1cdca1d000 r--p 00000000 08:03 2493787                    /usr/lib/jvm/java-8-oracle/jre/lib/fonts/LucidaTypewriterRegular.ttf
7f1cdca1d000-7f1cdca6b000 r--p 00000000 08:03 2493788                    /usr/lib/jvm/java-8-oracle/jre/lib/fonts/LucidaSansDemiBold.ttf
7f1cdca6b000-7f1cdca6f000 r-xp 00000000 08:03 2493730                    /usr/lib/jvm/java-8-oracle/jre/lib/amd64/libjavafx_font_pango.so
7f1cdca6f000-7f1cdcc6e000 ---p 00004000 08:03 2493730                    /usr/lib/jvm/java-8-oracle/jre/lib/amd64/libjavafx_font_pango.so
7f1cdcc6e000-7f1cdcc6f000 rw-p 00003000 08:03 2493730                    /usr/lib/jvm/java-8-oracle/jre/lib/amd64/libjavafx_font_pango.so
7f1cdcc6f000-7f1cdcc74000 r--s 00084000 08:03 2493792                    /usr/lib/jvm/java-8-oracle/jre/lib/jfr.jar
7f1cdcc74000-7f1cdce74000 rw-p 00000000 00:00 0 
7f1cdce74000-7f1cdce7f000 r--s 00000000 08:03 664008                     /var/cache/fontconfig/945677eb7aeaf62f1d50efc3fb3ec7d8-le64.cache-6
7f1cdce7f000-7f1cdce85000 r--s 00000000 08:03 664037                     /var/cache/fontconfig/2cd17615ca594fa2959ae173292e504c-le64.cache-6
7f1cdce85000-7f1cdce86000 r--s 00000000 08:03 664036                     /var/cache/fontconfig/0d8c3b2ac0904cb8a57a757ad11a4a08-le64.cache-6
7f1cdce86000-7f1cdce9b000 r--s 00000000 08:03 664034                     /var/cache/fontconfig/04aabc0a78ac019cf9454389977116d2-le64.cache-6
7f1cdce9b000-7f1cdce9c000 r--s 00000000 08:03 664033                     /var/cache/fontconfig/1ac9eb803944fde146138c791f5cc56a-le64.cache-6
7f1cdce9c000-7f1cdcea0000 r--s 00000000 08:03 664032                     /var/cache/fontconfig/385c0604a188198f04d133e54aba7fe7-le64.cache-6
7f1cdcea0000-7f1cdcea1000 r--s 00000000 08:03 664030                     /var/cache/fontconfig/dc05db6664285cc2f12bf69c139ae4c3-le64.cache-6
7f1cdcea1000-7f1cdcea4000 r--s 00000000 08:03 664029                     /var/cache/fontconfig/767a8244fc0220cfb567a839d0392e0b-le64.cache-6
7f1cdcea4000-7f1cdcea5000 r--s 00000000 08:03 664027                     /var/cache/fontconfig/4794a0821666d79190d59a36cb4f44b5-le64.cache-6
7f1cdcea5000-7f1cdceaa000 r--s 00000000 08:03 664018                     /var/cache/fontconfig/8801497958630a81b71ace7c5f9b32a8-le64.cache-6
7f1cdceaa000-7f1cdceb1000 r--s 00000000 08:03 664015                     /var/cache/fontconfig/3047814df9a2f067bd2d96a2b9c36e5a-le64.cache-6
7f1cdceb1000-7f1cdcec4000 r--s 00000000 08:03 664009                     /var/cache/fontconfig/d52a8644073d54c13679302ca1180695-le64.cache-6
7f1cdcec4000-7f1cdcec9000 r-xp 00000000 08:03 2493726                    /usr/lib/jvm/java-8-oracle/jre/lib/amd64/libjavafx_font_freetype.so
7f1cdcec9000-7f1cdd0c8000 ---p 00005000 08:03 2493726                    /usr/lib/jvm/java-8-oracle/jre/lib/amd64/libjavafx_font_freetype.so
7f1cdd0c8000-7f1cdd0c9000 rw-p 00004000 08:03 2493726                    /usr/lib/jvm/java-8-oracle/jre/lib/amd64/libjavafx_font_freetype.so
7f1cdd0c9000-7f1cdd0cc000 r-xp 00000000 08:03 2493688                    /usr/lib/jvm/java-8-oracle/jre/lib/amd64/libjavafx_font.so
7f1cdd0cc000-7f1cdd2cb000 ---p 00003000 08:03 2493688                    /usr/lib/jvm/java-8-oracle/jre/lib/amd64/libjavafx_font.so
7f1cdd2cb000-7f1cdd2cc000 rw-p 00002000 08:03 2493688                    /usr/lib/jvm/java-8-oracle/jre/lib/amd64/libjavafx_font.so
7f1cdd2cc000-7f1cdd4cc000 rw-p 00000000 00:00 0 
7f1cdd4cc000-7f1cdd4cf000 ---p 00000000 00:00 0 
7f1cdd4cf000-7f1cdd5cd000 rw-p 00000000 00:00 0 
7f1cdd5cd000-7f1cdd5d0000 ---p 00000000 00:00 0 
7f1cdd5d0000-7f1cdd6ce000 rw-p 00000000 00:00 0 
7f1cdd6ce000-7f1cdd6cf000 ---p 00000000 00:00 0 
7f1cdd6cf000-7f1cddecf000 rw-p 00000000 00:00 0 
7f1cddecf000-7f1cdded0000 ---p 00000000 00:00 0 
7f1cdded0000-7f1cde6d0000 rw-p 00000000 00:00 0 
7f1cde6d0000-7f1cde6d1000 ---p 00000000 00:00 0 
7f1cde6d1000-7f1cdeed1000 rw-p 00000000 00:00 0 
7f1cdeed1000-7f1cdeedc000 r-xp 00000000 08:03 657319                     /usr/lib/x86_64-linux-gnu/gio/modules/libdconfsettings.so
7f1cdeedc000-7f1cdf0dc000 ---p 0000b000 08:03 657319                     /usr/lib/x86_64-linux-gnu/gio/modules/libdconfsettings.so
7f1cdf0dc000-7f1cdf0dd000 r--p 0000b000 08:03 657319                     /usr/lib/x86_64-linux-gnu/gio/modules/libdconfsettings.so
7f1cdf0dd000-7f1cdf0de000 rw-p 0000c000 08:03 657319                     /usr/lib/x86_64-linux-gnu/gio/modules/libdconfsettings.so
7f1cdf0de000-7f1cdf126000 r--p 00000000 08:03 1312548                    /usr/share/glib-2.0/schemas/gschemas.compiled
7f1cdf126000-7f1cdf12d000 r-xp 00000000 08:03 403656                     /usr/lib/x86_64-linux-gnu/libogg.so.0.8.2
7f1cdf12d000-7f1cdf32d000 ---p 00007000 08:03 403656                     /usr/lib/x86_64-linux-gnu/libogg.so.0.8.2
7f1cdf32d000-7f1cdf32e000 r--p 00007000 08:03 403656                     /usr/lib/x86_64-linux-gnu/libogg.so.0.8.2
7f1cdf32e000-7f1cdf32f000 rw-p 00008000 08:03 403656                     /usr/lib/x86_64-linux-gnu/libogg.so.0.8.2
7f1cdf32f000-7f1cdf359000 r-xp 00000000 08:03 404005                     /usr/lib/x86_64-linux-gnu/libvorbis.so.0.4.8
7f1cdf359000-7f1cdf559000 ---p 0002a000 08:03 404005                     /usr/lib/x86_64-linux-gnu/libvorbis.so.0.4.8
7f1cdf559000-7f1cdf55a000 r--p 0002a000 08:03 404005                     /usr/lib/x86_64-linux-gnu/libvorbis.so.0.4.8
7f1cdf55a000-7f1cdf55b000 rw-p 0002b000 08:03 404005                     /usr/lib/x86_64-linux-gnu/libvorbis.so.0.4.8
7f1cdf55b000-7f1cdf564000 r-xp 00000000 08:03 403523                     /usr/lib/x86_64-linux-gnu/libltdl.so.7.3.1
7f1cdf564000-7f1cdf763000 ---p 00009000 08:03 403523                     /usr/lib/x86_64-linux-gnu/libltdl.so.7.3.1
7f1cdf763000-7f1cdf764000 r--p 00008000 08:03 403523                     /usr/lib/x86_64-linux-gnu/libltdl.so.7.3.1
7f1cdf764000-7f1cdf765000 rw-p 00009000 08:03 403523                     /usr/lib/x86_64-linux-gnu/libltdl.so.7.3.1
7f1cdf765000-7f1cdf779000 r-xp 00000000 08:03 403898                     /usr/lib/x86_64-linux-gnu/libtdb.so.1.3.8
7f1cdf779000-7f1cdf978000 ---p 00014000 08:03 403898                     /usr/lib/x86_64-linux-gnu/libtdb.so.1.3.8
7f1cdf978000-7f1cdf979000 r--p 00013000 08:03 403898                     /usr/lib/x86_64-linux-gnu/libtdb.so.1.3.8
7f1cdf979000-7f1cdf97a000 rw-p 00014000 08:03 403898                     /usr/lib/x86_64-linux-gnu/libtdb.so.1.3.8
7f1cdf97a000-7f1cdf981000 r-xp 00000000 08:03 404009                     /usr/lib/x86_64-linux-gnu/libvorbisfile.so.3.3.7
7f1cdf981000-7f1cdfb81000 ---p 00007000 08:03 404009                     /usr/lib/x86_64-linux-gnu/libvorbisfile.so.3.3.7
7f1cdfb81000-7f1cdfb82000 r--p 00007000 08:03 404009                     /usr/lib/x86_64-linux-gnu/libvorbisfile.so.3.3.7
7f1cdfb82000-7f1cdfb83000 rw-p 00008000 08:03 404009                     /usr/lib/x86_64-linux-gnu/libvorbisfile.so.3.3.7
7f1cdfb83000-7f1cdfb93000 r-xp 00000000 08:03 402920                     /usr/lib/x86_64-linux-gnu/libcanberra.so.0.2.5
7f1cdfb93000-7f1cdfd92000 ---p 00010000 08:03 402920                     /usr/lib/x86_64-linux-gnu/libcanberra.so.0.2.5
7f1cdfd92000-7f1cdfd93000 r--p 0000f000 08:03 402920                     /usr/lib/x86_64-linux-gnu/libcanberra.so.0.2.5
7f1cdfd93000-7f1cdfd94000 rw-p 00010000 08:03 402920                     /usr/lib/x86_64-linux-gnu/libcanberra.so.0.2.5
7f1cdfd94000-7f1cdfd98000 r-xp 00000000 08:03 402916                     /usr/lib/x86_64-linux-gnu/libcanberra-gtk.so.0.1.9
7f1cdfd98000-7f1cdff97000 ---p 00004000 08:03 402916                     /usr/lib/x86_64-linux-gnu/libcanberra-gtk.so.0.1.9
7f1cdff97000-7f1cdff98000 r--p 00003000 08:03 402916                     /usr/lib/x86_64-linux-gnu/libcanberra-gtk.so.0.1.9
7f1cdff98000-7f1cdff99000 rw-p 00004000 08:03 402916                     /usr/lib/x86_64-linux-gnu/libcanberra-gtk.so.0.1.9
7f1cdff99000-7f1cdff9e000 r-xp 00000000 08:03 657534                     /usr/lib/x86_64-linux-gnu/gtk-2.0/modules/libcanberra-gtk-module.so
7f1cdff9e000-7f1ce019d000 ---p 00005000 08:03 657534                     /usr/lib/x86_64-linux-gnu/gtk-2.0/modules/libcanberra-gtk-module.so
7f1ce019d000-7f1ce019e000 r--p 00004000 08:03 657534                     /usr/lib/x86_64-linux-gnu/gtk-2.0/modules/libcanberra-gtk-module.so
7f1ce019e000-7f1ce019f000 rw-p 00005000 08:03 657534                     /usr/lib/x86_64-linux-gnu/gtk-2.0/modules/libcanberra-gtk-module.so
7f1ce019f000-7f1ce01cf000 r-xp 00000000 08:03 657346                     /usr/lib/x86_64-linux-gnu/gtk-2.0/2.10.0/engines/libmurrine.so
7f1ce01cf000-7f1ce03cf000 ---p 00030000 08:03 657346                     /usr/lib/x86_64-linux-gnu/gtk-2.0/2.10.0/engines/libmurrine.so
7f1ce03cf000-7f1ce03d0000 r--p 00030000 08:03 657346                     /usr/lib/x86_64-linux-gnu/gtk-2.0/2.10.0/engines/libmurrine.so
7f1ce03d0000-7f1ce03d1000 rw-p 00031000 08:03 657346                     /usr/lib/x86_64-linux-gnu/gtk-2.0/2.10.0/engines/libmurrine.so
7f1ce03d1000-7f1ce03e1000 r-xp 00000000 08:03 403954                     /usr/lib/x86_64-linux-gnu/libunity-gtk2-parser.so.0.0.0
7f1ce03e1000-7f1ce05e1000 ---p 00010000 08:03 403954                     /usr/lib/x86_64-linux-gnu/libunity-gtk2-parser.so.0.0.0
7f1ce05e1000-7f1ce05e2000 r--p 00010000 08:03 403954                     /usr/lib/x86_64-linux-gnu/libunity-gtk2-parser.so.0.0.0
7f1ce05e2000-7f1ce05e3000 rw-p 00011000 08:03 403954                     /usr/lib/x86_64-linux-gnu/libunity-gtk2-parser.so.0.0.0
7f1ce05e3000-7f1ce05e8000 r-xp 00000000 08:03 657538                     /usr/lib/x86_64-linux-gnu/gtk-2.0/modules/libunity-gtk-module.so
7f1ce05e8000-7f1ce07e7000 ---p 00005000 08:03 657538                     /usr/lib/x86_64-linux-gnu/gtk-2.0/modules/libunity-gtk-module.so
7f1ce07e7000-7f1ce07e8000 r--p 00004000 08:03 657538                     /usr/lib/x86_64-linux-gnu/gtk-2.0/modules/libunity-gtk-module.so
7f1ce07e8000-7f1ce07e9000 rw-p 00005000 08:03 657538                     /usr/lib/x86_64-linux-gnu/gtk-2.0/modules/libunity-gtk-module.so
7f1ce07e9000-7f1ce07fb000 r-xp 00000000 08:03 1840172                    /lib/x86_64-linux-gnu/libgpg-error.so.0.17.0
7f1ce07fb000-7f1ce09fb000 ---p 00012000 08:03 1840172                    /lib/x86_64-linux-gnu/libgpg-error.so.0.17.0
7f1ce09fb000-7f1ce09fc000 r--p 00012000 08:03 1840172                    /lib/x86_64-linux-gnu/libgpg-error.so.0.17.0
7f1ce09fc000-7f1ce09fd000 rw-p 00013000 08:03 1840172                    /lib/x86_64-linux-gnu/libgpg-error.so.0.17.0
7f1ce09fd000-7f1ce0ad5000 r-xp 00000000 08:03 1839881                    /lib/x86_64-linux-gnu/libgcrypt.so.20.0.5
7f1ce0ad5000-7f1ce0cd4000 ---p 000d8000 08:03 1839881                    /lib/x86_64-linux-gnu/libgcrypt.so.20.0.5
7f1ce0cd4000-7f1ce0cd5000 r--p 000d7000 08:03 1839881                    /lib/x86_64-linux-gnu/libgcrypt.so.20.0.5
7f1ce0cd5000-7f1ce0cdd000 rw-p 000d8000 08:03 1839881                    /lib/x86_64-linux-gnu/libgcrypt.so.20.0.5
7f1ce0cdd000-7f1ce0cde000 rw-p 00000000 00:00 0 
7f1ce0cde000-7f1ce0cff000 r-xp 00000000 08:03 1840195                    /lib/x86_64-linux-gnu/liblzma.so.5.0.0
7f1ce0cff000-7f1ce0efe000 ---p 00021000 08:03 1840195                    /lib/x86_64-linux-gnu/liblzma.so.5.0.0
7f1ce0efe000-7f1ce0eff000 r--p 00020000 08:03 1840195                    /lib/x86_64-linux-gnu/liblzma.so.5.0.0
7f1ce0eff000-7f1ce0f00000 rw-p 00021000 08:03 1840195                    /lib/x86_64-linux-gnu/liblzma.so.5.0.0
7f1ce0f00000-7f1ce0f80000 r-xp 00000000 08:03 1836670                    /lib/x86_64-linux-gnu/libsystemd.so.0.14.0
7f1ce0f80000-7f1ce0f83000 r--p 0007f000 08:03 1836670                    /lib/x86_64-linux-gnu/libsystemd.so.0.14.0
7f1ce0f83000-7f1ce0f84000 rw-p 00082000 08:03 1836670                    /lib/x86_64-linux-gnu/libsystemd.so.0.14.0
7f1ce0f84000-7f1ce0f85000 rw-p 00000000 00:00 0 
7f1ce0f85000-7f1ce0fcf000 r-xp 00000000 08:03 1839804                    /lib/x86_64-linux-gnu/libdbus-1.so.3.14.6
7f1ce0fcf000-7f1ce11cf000 ---p 0004a000 08:03 1839804                    /lib/x86_64-linux-gnu/libdbus-1.so.3.14.6
7f1ce11cf000-7f1ce11d0000 r--p 0004a000 08:03 1839804                    /lib/x86_64-linux-gnu/libdbus-1.so.3.14.6
7f1ce11d0000-7f1ce11d1000 rw-p 0004b000 08:03 1839804                    /lib/x86_64-linux-gnu/libdbus-1.so.3.14.6
7f1ce11d1000-7f1ce11fd000 r-xp 00000000 08:03 402862                     /usr/lib/x86_64-linux-gnu/libatspi.so.0.0.1
7f1ce11fd000-7f1ce13fc000 ---p 0002c000 08:03 402862                     /usr/lib/x86_64-linux-gnu/libatspi.so.0.0.1
7f1ce13fc000-7f1ce13ff000 r--p 0002b000 08:03 402862                     /usr/lib/x86_64-linux-gnu/libatspi.so.0.0.1
7f1ce13ff000-7f1ce1400000 rw-p 0002e000 08:03 402862                     /usr/lib/x86_64-linux-gnu/libatspi.so.0.0.1
7f1ce1400000-7f1ce142d000 r-xp 00000000 08:03 402856                     /usr/lib/x86_64-linux-gnu/libatk-bridge-2.0.so.0.0.0
7f1ce142d000-7f1ce162c000 ---p 0002d000 08:03 402856                     /usr/lib/x86_64-linux-gnu/libatk-bridge-2.0.so.0.0.0
7f1ce162c000-7f1ce162d000 r--p 0002c000 08:03 402856                     /usr/lib/x86_64-linux-gnu/libatk-bridge-2.0.so.0.0.0
7f1ce162d000-7f1ce162f000 rw-p 0002d000 08:03 402856                     /usr/lib/x86_64-linux-gnu/libatk-bridge-2.0.so.0.0.0
7f1ce162f000-7f1ce1630000 r-xp 00000000 08:03 657533                     /usr/lib/x86_64-linux-gnu/gtk-2.0/modules/libatk-bridge.so
7f1ce1630000-7f1ce182f000 ---p 00001000 08:03 657533                     /usr/lib/x86_64-linux-gnu/gtk-2.0/modules/libatk-bridge.so
7f1ce182f000-7f1ce1830000 r--p 00000000 08:03 657533                     /usr/lib/x86_64-linux-gnu/gtk-2.0/modules/libatk-bridge.so
7f1ce1830000-7f1ce1831000 rw-p 00001000 08:03 657533                     /usr/lib/x86_64-linux-gnu/gtk-2.0/modules/libatk-bridge.so
7f1ce1831000-7f1ce1838000 r-xp 00000000 08:03 403191                     /usr/lib/x86_64-linux-gnu/libgailutil.so.18.0.1
7f1ce1838000-7f1ce1a37000 ---p 00007000 08:03 403191                     /usr/lib/x86_64-linux-gnu/libgailutil.so.18.0.1
7f1ce1a37000-7f1ce1a38000 r--p 00006000 08:03 403191                     /usr/lib/x86_64-linux-gnu/libgailutil.so.18.0.1
7f1ce1a38000-7f1ce1a39000 rw-p 00007000 08:03 403191                     /usr/lib/x86_64-linux-gnu/libgailutil.so.18.0.1
7f1ce1a39000-7f1ce1a87000 r-xp 00000000 08:03 657536                     /usr/lib/x86_64-linux-gnu/gtk-2.0/modules/libgail.so
7f1ce1a87000-7f1ce1c86000 ---p 0004e000 08:03 657536                     /usr/lib/x86_64-linux-gnu/gtk-2.0/modules/libgail.so
7f1ce1c86000-7f1ce1c87000 r--p 0004d000 08:03 657536                     /usr/lib/x86_64-linux-gnu/gtk-2.0/modules/libgail.so
7f1ce1c87000-7f1ce1c89000 rw-p 0004e000 08:03 657536                     /usr/lib/x86_64-linux-gnu/gtk-2.0/modules/libgail.so
7f1ce1c89000-7f1ce1c9a000 r-xp 00000000 08:03 657537                     /usr/lib/x86_64-linux-gnu/gtk-2.0/modules/liboverlay-scrollbar.so
7f1ce1c9a000-7f1ce1e9a000 ---p 00011000 08:03 657537                     /usr/lib/x86_64-linux-gnu/gtk-2.0/modules/liboverlay-scrollbar.so
7f1ce1e9a000-7f1ce1e9b000 r--p 00011000 08:03 657537                     /usr/lib/x86_64-linux-gnu/gtk-2.0/modules/liboverlay-scrollbar.so
7f1ce1e9b000-7f1ce1e9c000 rw-p 00012000 08:03 657537                     /usr/lib/x86_64-linux-gnu/gtk-2.0/modules/liboverlay-scrollbar.so
7f1ce1e9c000-7f1ce1ec5000 r-xp 00000000 08:03 2493738                    /usr/lib/jvm/java-8-oracle/jre/lib/amd64/libglass.so
7f1ce1ec5000-7f1ce20c4000 ---p 00029000 08:03 2493738                    /usr/lib/jvm/java-8-oracle/jre/lib/amd64/libglass.so
7f1ce20c4000-7f1ce20c7000 rw-p 00028000 08:03 2493738                    /usr/lib/jvm/java-8-oracle/jre/lib/amd64/libglass.so
7f1ce20c7000-7f1ce2147000 rw-s 2e43d000 00:06 517                        /dev/nvidiactl
7f1ce2147000-7f1ce21c7000 rw-s 4d495000 00:06 517                        /dev/nvidiactl
7f1ce21c7000-7f1ce22c7000 rw-s 1cca2000 00:06 517                        /dev/nvidiactl
7f1ce22c7000-7f1ce3660000 r-xp 00000000 08:03 397054                     /usr/lib/nvidia-367/libnvidia-glcore.so.367.57
7f1ce3660000-7f1ce3680000 rwxp 01399000 08:03 397054                     /usr/lib/nvidia-367/libnvidia-glcore.so.367.57
7f1ce3680000-7f1ce3a21000 r-xp 013b9000 08:03 397054                     /usr/lib/nvidia-367/libnvidia-glcore.so.367.57
7f1ce3a21000-7f1ce3c20000 ---p 0175a000 08:03 397054                     /usr/lib/nvidia-367/libnvidia-glcore.so.367.57
7f1ce3c20000-7f1ce3fe8000 rw-p 01759000 08:03 397054                     /usr/lib/nvidia-367/libnvidia-glcore.so.367.57
7f1ce3fe8000-7f1ce4000000 rw-p 00000000 00:00 0 
7f1ce4000000-7f1ce47fc000 rw-p 00000000 00:00 0 
7f1ce47fc000-7f1ce8000000 ---p 00000000 00:00 0 
7f1ce8000000-7f1ce8001000 r--s 00000000 08:03 664017                     /var/cache/fontconfig/bab58bb527bb656aaa9f116d68a48d89-le64.cache-6
7f1ce8001000-7f1ce8002000 r--s 00000000 08:03 664014                     /var/cache/fontconfig/56cf4f4769d0f4abc89a4895d7bd3ae1-le64.cache-6
7f1ce8002000-7f1ce8003000 r--s 00000000 08:03 664012                     /var/cache/fontconfig/b9d506c9ac06c20b433354fa67a72993-le64.cache-6
7f1ce8003000-7f1ce8009000 r--s 00000000 08:03 664011                     /var/cache/fontconfig/b47c4e1ecd0709278f4910c18777a504-le64.cache-6
7f1ce8009000-7f1ce800a000 r--s 00000000 08:03 664007                     /var/cache/fontconfig/551ecf3b0e8b0bca0f25c0944f561853-le64.cache-6
7f1ce800a000-7f1ce8015000 r--s 00000000 08:03 663991                     /var/cache/fontconfig/83bf95040141907cd45bb53cf7c1c148-le64.cache-6
7f1ce8015000-7f1ce8027000 r--s 00000000 08:03 663987                     /var/cache/fontconfig/9b89f8e3dae116d678bbf48e5f21f69b-le64.cache-6
7f1ce8027000-7f1ce8034000 r--s 00000000 08:03 656609                     /var/cache/fontconfig/e13b20fdb08344e0e664864cc2ede53d-le64.cache-6
7f1ce8034000-7f1ce80b4000 rw-s 0ae8b000 00:06 517                        /dev/nvidiactl
7f1ce80b4000-7f1ce80c7000 rw-s 068e1000 00:06 517                        /dev/nvidiactl
7f1ce80c7000-7f1ce80ca000 r-xp 00000000 08:03 397058                     /usr/lib/nvidia-367/tls/libnvidia-tls.so.367.57
7f1ce80ca000-7f1ce82ca000 ---p 00003000 08:03 397058                     /usr/lib/nvidia-367/tls/libnvidia-tls.so.367.57
7f1ce82ca000-7f1ce82cb000 rw-p 00003000 08:03 397058                     /usr/lib/nvidia-367/tls/libnvidia-tls.so.367.57
7f1ce82cb000-7f1ce8393000 r-xp 00000000 08:03 397034                     /usr/lib/nvidia-367/libGLX_nvidia.so.367.57
7f1ce8393000-7f1ce83c7000 rwxp 000c8000 08:03 397034                     /usr/lib/nvidia-367/libGLX_nvidia.so.367.57
7f1ce83c7000-7f1ce83da000 r-xp 000fc000 08:03 397034                     /usr/lib/nvidia-367/libGLX_nvidia.so.367.57
7f1ce83da000-7f1ce85da000 ---p 0010f000 08:03 397034                     /usr/lib/nvidia-367/libGLX_nvidia.so.367.57
7f1ce85da000-7f1ce8602000 rw-p 0010f000 08:03 397034                     /usr/lib/nvidia-367/libGLX_nvidia.so.367.57
7f1ce8602000-7f1ce8609000 rw-p 00000000 00:00 0 
7f1ce8609000-7f1ce860f000 r-xp 00000000 08:03 403003                     /usr/lib/x86_64-linux-gnu/libdatrie.so.1.3.3
7f1ce860f000-7f1ce880f000 ---p 00006000 08:03 403003                     /usr/lib/x86_64-linux-gnu/libdatrie.so.1.3.3
7f1ce880f000-7f1ce8810000 r--p 00006000 08:03 403003                     /usr/lib/x86_64-linux-gnu/libdatrie.so.1.3.3
7f1ce8810000-7f1ce8811000 rw-p 00007000 08:03 403003                     /usr/lib/x86_64-linux-gnu/libdatrie.so.1.3.3
7f1ce8811000-7f1ce8816000 r-xp 00000000 08:03 402761                     /usr/lib/x86_64-linux-gnu/libXdmcp.so.6.0.0
7f1ce8816000-7f1ce8a15000 ---p 00005000 08:03 402761                     /usr/lib/x86_64-linux-gnu/libXdmcp.so.6.0.0
7f1ce8a15000-7f1ce8a16000 r--p 00004000 08:03 402761                     /usr/lib/x86_64-linux-gnu/libXdmcp.so.6.0.0
7f1ce8a16000-7f1ce8a17000 rw-p 00005000 08:03 402761                     /usr/lib/x86_64-linux-gnu/libXdmcp.so.6.0.0
7f1ce8a17000-7f1ce8a19000 r-xp 00000000 08:03 402750                     /usr/lib/x86_64-linux-gnu/libXau.so.6.0.0
7f1ce8a19000-7f1ce8c19000 ---p 00002000 08:03 402750                     /usr/lib/x86_64-linux-gnu/libXau.so.6.0.0
7f1ce8c19000-7f1ce8c1a000 r--p 00002000 08:03 402750                     /usr/lib/x86_64-linux-gnu/libXau.so.6.0.0
7f1ce8c1a000-7f1ce8c1b000 rw-p 00003000 08:03 402750                     /usr/lib/x86_64-linux-gnu/libXau.so.6.0.0
7f1ce8c1b000-7f1ce8c3e000 r-xp 00000000 08:03 403307                     /usr/lib/x86_64-linux-gnu/libgraphite2.so.3.0.1
7f1ce8c3e000-7f1ce8e3d000 ---p 00023000 08:03 403307                     /usr/lib/x86_64-linux-gnu/libgraphite2.so.3.0.1
7f1ce8e3d000-7f1ce8e3f000 r--p 00022000 08:03 403307                     /usr/lib/x86_64-linux-gnu/libgraphite2.so.3.0.1
7f1ce8e3f000-7f1ce8e40000 rw-p 00024000 08:03 403307                     /usr/lib/x86_64-linux-gnu/libgraphite2.so.3.0.1
7f1ce8e40000-7f1ce8e8e000 r-xp 00000000 08:03 397050                     /usr/lib/nvidia-367/libGLdispatch.so.0
7f1ce8e8e000-7f1ce8ec0000 r-xp 0004e000 08:03 397050                     /usr/lib/nvidia-367/libGLdispatch.so.0
7f1ce8ec0000-7f1ce8efa000 r-xp 00080000 08:03 397050                     /usr/lib/nvidia-367/libGLdispatch.so.0
7f1ce8efa000-7f1ce90fa000 ---p 000ba000 08:03 397050                     /usr/lib/nvidia-367/libGLdispatch.so.0
7f1ce90fa000-7f1ce9109000 rw-p 000ba000 08:03 397050                     /usr/lib/nvidia-367/libGLdispatch.so.0
7f1ce9109000-7f1ce9129000 rw-p 00000000 00:00 0 
7f1ce9129000-7f1ce9139000 r-xp 00000000 08:03 397067                     /usr/lib/nvidia-367/libGLX.so.0
7f1ce9139000-7f1ce9339000 ---p 00010000 08:03 397067                     /usr/lib/nvidia-367/libGLX.so.0
7f1ce9339000-7f1ce933a000 rw-p 00010000 08:03 397067                     /usr/lib/nvidia-367/libGLX.so.0
7f1ce933a000-7f1ce935a000 rw-p 00000000 00:00 0 
7f1ce935a000-7f1ce93c8000 r-xp 00000000 08:03 1840257                    /lib/x86_64-linux-gnu/libpcre.so.3.13.2
7f1ce93c8000-7f1ce95c8000 ---p 0006e000 08:03 1840257                    /lib/x86_64-linux-gnu/libpcre.so.3.13.2
7f1ce95c8000-7f1ce95c9000 r--p 0006e000 08:03 1840257                    /lib/x86_64-linux-gnu/libpcre.so.3.13.2
7f1ce95c9000-7f1ce95ca000 rw-p 0006f000 08:03 1840257                    /lib/x86_64-linux-gnu/libpcre.so.3.13.2
7f1ce95ca000-7f1ce95d1000 r-xp 00000000 08:03 403132                     /usr/lib/x86_64-linux-gnu/libffi.so.6.0.4
7f1ce95d1000-7f1ce97d0000 ---p 00007000 08:03 403132                     /usr/lib/x86_64-linux-gnu/libffi.so.6.0.4
7f1ce97d0000-7f1ce97d1000 r--p 00006000 08:03 403132                     /usr/lib/x86_64-linux-gnu/libffi.so.6.0.4
7f1ce97d1000-7f1ce97d2000 rw-p 00007000 08:03 403132                     /usr/lib/x86_64-linux-gnu/libffi.so.6.0.4
7f1ce97d2000-7f1ce97f8000 r-xp 00000000 08:03 1835072                    /lib/x86_64-linux-gnu/libexpat.so.1.6.0
7f1ce97f8000-7f1ce99f8000 ---p 00026000 08:03 1835072                    /lib/x86_64-linux-gnu/libexpat.so.1.6.0
7f1ce99f8000-7f1ce99fa000 r--p 00026000 08:03 1835072                    /lib/x86_64-linux-gnu/libexpat.so.1.6.0
7f1ce99fa000-7f1ce99fb000 rw-p 00028000 08:03 1835072                    /lib/x86_64-linux-gnu/libexpat.so.1.6.0
7f1ce99fb000-7f1ce9a03000 r-xp 00000000 08:03 403906                     /usr/lib/x86_64-linux-gnu/libthai.so.0.2.4
7f1ce9a03000-7f1ce9c02000 ---p 00008000 08:03 403906                     /usr/lib/x86_64-linux-gnu/libthai.so.0.2.4
7f1ce9c02000-7f1ce9c03000 r--p 00007000 08:03 403906                     /usr/lib/x86_64-linux-gnu/libthai.so.0.2.4
7f1ce9c03000-7f1ce9c04000 rw-p 00008000 08:03 403906                     /usr/lib/x86_64-linux-gnu/libthai.so.0.2.4
7f1ce9c04000-7f1ce9c25000 r-xp 00000000 08:03 404128                     /usr/lib/x86_64-linux-gnu/libxcb.so.1.1.0
7f1ce9c25000-7f1ce9e24000 ---p 00021000 08:03 404128                     /usr/lib/x86_64-linux-gnu/libxcb.so.1.1.0
7f1ce9e24000-7f1ce9e25000 r--p 00020000 08:03 404128                     /usr/lib/x86_64-linux-gnu/libxcb.so.1.1.0
7f1ce9e25000-7f1ce9e26000 rw-p 00021000 08:03 404128                     /usr/lib/x86_64-linux-gnu/libxcb.so.1.1.0
7f1ce9e26000-7f1ce9e2e000 r-xp 00000000 08:03 404114                     /usr/lib/x86_64-linux-gnu/libxcb-render.so.0.0.0
7f1ce9e2e000-7f1cea02e000 ---p 00008000 08:03 404114                     /usr/lib/x86_64-linux-gnu/libxcb-render.so.0.0.0
7f1cea02e000-7f1cea02f000 r--p 00008000 08:03 404114                     /usr/lib/x86_64-linux-gnu/libxcb-render.so.0.0.0
7f1cea02f000-7f1cea030000 rw-p 00009000 08:03 404114                     /usr/lib/x86_64-linux-gnu/libxcb-render.so.0.0.0
7f1cea030000-7f1cea032000 r-xp 00000000 08:03 404118                     /usr/lib/x86_64-linux-gnu/libxcb-shm.so.0.0.0
7f1cea032000-7f1cea232000 ---p 00002000 08:03 404118                     /usr/lib/x86_64-linux-gnu/libxcb-shm.so.0.0.0
7f1cea232000-7f1cea233000 r--p 00002000 08:03 404118                     /usr/lib/x86_64-linux-gnu/libxcb-shm.so.0.0.0
7f1cea233000-7f1cea234000 rw-p 00003000 08:03 404118                     /usr/lib/x86_64-linux-gnu/libxcb-shm.so.0.0.0
7f1cea234000-7f1cea258000 r-xp 00000000 08:03 1840269                    /lib/x86_64-linux-gnu/libpng12.so.0.54.0
7f1cea258000-7f1cea457000 ---p 00024000 08:03 1840269                    /lib/x86_64-linux-gnu/libpng12.so.0.54.0
7f1cea457000-7f1cea458000 r--p 00023000 08:03 1840269                    /lib/x86_64-linux-gnu/libpng12.so.0.54.0
7f1cea458000-7f1cea459000 rw-p 00024000 08:03 1840269                    /lib/x86_64-linux-gnu/libpng12.so.0.54.0
7f1cea459000-7f1cea4f8000 r-xp 00000000 08:03 403711                     /usr/lib/x86_64-linux-gnu/libpixman-1.so.0.33.6
7f1cea4f8000-7f1cea6f8000 ---p 0009f000 08:03 403711                     /usr/lib/x86_64-linux-gnu/libpixman-1.so.0.33.6
7f1cea6f8000-7f1cea700000 r--p 0009f000 08:03 403711                     /usr/lib/x86_64-linux-gnu/libpixman-1.so.0.33.6
7f1cea700000-7f1cea701000 rw-p 000a7000 08:03 403711                     /usr/lib/x86_64-linux-gnu/libpixman-1.so.0.33.6
7f1cea701000-7f1cea75d000 r-xp 00000000 08:03 395340                     /usr/lib/x86_64-linux-gnu/libharfbuzz.so.0.10000.1
7f1cea75d000-7f1cea95d000 ---p 0005c000 08:03 395340                     /usr/lib/x86_64-linux-gnu/libharfbuzz.so.0.10000.1
7f1cea95d000-7f1cea95e000 r--p 0005c000 08:03 395340                     /usr/lib/x86_64-linux-gnu/libharfbuzz.so.0.10000.1
7f1cea95e000-7f1cea95f000 rw-p 0005d000 08:03 395340                     /usr/lib/x86_64-linux-gnu/libharfbuzz.so.0.10000.1
7f1cea95f000-7f1cea976000 r-xp 00000000 08:03 1848112                    /lib/x86_64-linux-gnu/libresolv-2.23.so
7f1cea976000-7f1ceab76000 ---p 00017000 08:03 1848112                    /lib/x86_64-linux-gnu/libresolv-2.23.so
7f1ceab76000-7f1ceab77000 r--p 00017000 08:03 1848112                    /lib/x86_64-linux-gnu/libresolv-2.23.so
7f1ceab77000-7f1ceab78000 rw-p 00018000 08:03 1848112                    /lib/x86_64-linux-gnu/libresolv-2.23.so
7f1ceab78000-7f1ceab7a000 rw-p 00000000 00:00 0 
7f1ceab7a000-7f1ceab99000 r-xp 00000000 08:03 1840286                    /lib/x86_64-linux-gnu/libselinux.so.1
7f1ceab99000-7f1cead98000 ---p 0001f000 08:03 1840286                    /lib/x86_64-linux-gnu/libselinux.so.1
7f1cead98000-7f1cead99000 r--p 0001e000 08:03 1840286                    /lib/x86_64-linux-gnu/libselinux.so.1
7f1cead99000-7f1cead9a000 rw-p 0001f000 08:03 1840286                    /lib/x86_64-linux-gnu/libselinux.so.1
7f1cead9a000-7f1cead9c000 rw-p 00000000 00:00 0 
7f1cead9c000-7f1ceadb5000 r-xp 00000000 08:03 1840319                    /lib/x86_64-linux-gnu/libz.so.1.2.8
7f1ceadb5000-7f1ceafb4000 ---p 00019000 08:03 1840319                    /lib/x86_64-linux-gnu/libz.so.1.2.8
7f1ceafb4000-7f1ceafb5000 r--p 00018000 08:03 1840319                    /lib/x86_64-linux-gnu/libz.so.1.2.8
7f1ceafb5000-7f1ceafb6000 rw-p 00019000 08:03 1840319                    /lib/x86_64-linux-gnu/libz.so.1.2.8
7f1ceafb6000-7f1ceafc7000 r-xp 00000000 08:03 402763                     /usr/lib/x86_64-linux-gnu/libXext.so.6.4.0
7f1ceafc7000-7f1ceb1c6000 ---p 00011000 08:03 402763                     /usr/lib/x86_64-linux-gnu/libXext.so.6.4.0
7f1ceb1c6000-7f1ceb1c7000 r--p 00010000 08:03 402763                     /usr/lib/x86_64-linux-gnu/libXext.so.6.4.0
7f1ceb1c7000-7f1ceb1c8000 rw-p 00011000 08:03 402763                     /usr/lib/x86_64-linux-gnu/libXext.so.6.4.0
7f1ceb1c8000-7f1ceb1ca000 r-xp 00000000 08:03 402759                     /usr/lib/x86_64-linux-gnu/libXdamage.so.1.1.0
7f1ceb1ca000-7f1ceb3c9000 ---p 00002000 08:03 402759                     /usr/lib/x86_64-linux-gnu/libXdamage.so.1.1.0
7f1ceb3c9000-7f1ceb3ca000 r--p 00001000 08:03 402759                     /usr/lib/x86_64-linux-gnu/libXdamage.so.1.1.0
7f1ceb3ca000-7f1ceb3cb000 rw-p 00002000 08:03 402759                     /usr/lib/x86_64-linux-gnu/libXdamage.so.1.1.0
7f1ceb3cb000-7f1ceb3cd000 r-xp 00000000 08:03 402755                     /usr/lib/x86_64-linux-gnu/libXcomposite.so.1.0.0
7f1ceb3cd000-7f1ceb5cc000 ---p 00002000 08:03 402755                     /usr/lib/x86_64-linux-gnu/libXcomposite.so.1.0.0
7f1ceb5cc000-7f1ceb5cd000 r--p 00001000 08:03 402755                     /usr/lib/x86_64-linux-gnu/libXcomposite.so.1.0.0
7f1ceb5cd000-7f1ceb5ce000 rw-p 00002000 08:03 402755                     /usr/lib/x86_64-linux-gnu/libXcomposite.so.1.0.0
7f1ceb5ce000-7f1ceb5d7000 r-xp 00000000 08:03 402757                     /usr/lib/x86_64-linux-gnu/libXcursor.so.1.0.2
7f1ceb5d7000-7f1ceb7d6000 ---p 00009000 08:03 402757                     /usr/lib/x86_64-linux-gnu/libXcursor.so.1.0.2
7f1ceb7d6000-7f1ceb7d7000 r--p 00008000 08:03 402757                     /usr/lib/x86_64-linux-gnu/libXcursor.so.1.0.2
7f1ceb7d7000-7f1ceb7d8000 rw-p 00009000 08:03 402757                     /usr/lib/x86_64-linux-gnu/libXcursor.so.1.0.2
7f1ceb7d8000-7f1ceb7e2000 r-xp 00000000 08:03 402781                     /usr/lib/x86_64-linux-gnu/libXrandr.so.2.2.0
7f1ceb7e2000-7f1ceb9e1000 ---p 0000a000 08:03 402781                     /usr/lib/x86_64-linux-gnu/libXrandr.so.2.2.0
7f1ceb9e1000-7f1ceb9e2000 r--p 00009000 08:03 402781                     /usr/lib/x86_64-linux-gnu/libXrandr.so.2.2.0
7f1ceb9e2000-7f1ceb9e3000 rw-p 0000a000 08:03 402781                     /usr/lib/x86_64-linux-gnu/libXrandr.so.2.2.0
7f1ceb9e3000-7f1ceb9f2000 r-xp 00000000 08:03 402771                     /usr/lib/x86_64-linux-gnu/libXi.so.6.1.0
7f1ceb9f2000-7f1cebbf1000 ---p 0000f000 08:03 402771                     /usr/lib/x86_64-linux-gnu/libXi.so.6.1.0
7f1cebbf1000-7f1cebbf2000 r--p 0000e000 08:03 402771                     /usr/lib/x86_64-linux-gnu/libXi.so.6.1.0
7f1cebbf2000-7f1cebbf3000 rw-p 0000f000 08:03 402771                     /usr/lib/x86_64-linux-gnu/libXi.so.6.1.0
7f1cebbf3000-7f1cebbf5000 r-xp 00000000 08:03 402773                     /usr/lib/x86_64-linux-gnu/libXinerama.so.1.0.0
7f1cebbf5000-7f1cebdf4000 ---p 00002000 08:03 402773                     /usr/lib/x86_64-linux-gnu/libXinerama.so.1.0.0
7f1cebdf4000-7f1cebdf5000 r--p 00001000 08:03 402773                     /usr/lib/x86_64-linux-gnu/libXinerama.so.1.0.0
7f1cebdf5000-7f1cebdf6000 rw-p 00002000 08:03 402773                     /usr/lib/x86_64-linux-gnu/libXinerama.so.1.0.0
7f1cebdf6000-7f1cebdff000 r-xp 00000000 08:03 402783                     /usr/lib/x86_64-linux-gnu/libXrender.so.1.3.0
7f1cebdff000-7f1cebffe000 ---p 00009000 08:03 402783                     /usr/lib/x86_64-linux-gnu/libXrender.so.1.3.0
7f1cebffe000-7f1cebfff000 r--p 00008000 08:03 402783                     /usr/lib/x86_64-linux-gnu/libXrender.so.1.3.0
7f1cebfff000-7f1cec000000 rw-p 00009000 08:03 402783                     /usr/lib/x86_64-linux-gnu/libXrender.so.1.3.0
7f1cec000000-7f1cec021000 rw-p 00000000 00:00 0 
7f1cec021000-7f1cf0000000 ---p 00000000 00:00 0 
7f1cf0000000-7f1cf02a1000 rw-p 00000000 00:00 0 
7f1cf02a1000-7f1cf4000000 ---p 00000000 00:00 0 
7f1cf4000000-7f1cf4021000 rw-p 00000000 00:00 0 
7f1cf4021000-7f1cf8000000 ---p 00000000 00:00 0 
7f1cf8000000-7f1cf8021000 rw-p 00000000 00:00 0 
7f1cf8021000-7f1cfc000000 ---p 00000000 00:00 0 
7f1cfc000000-7f1cfc17c000 rw-p 00000000 00:00 0 
7f1cfc17c000-7f1d00000000 ---p 00000000 00:00 0 
7f1d00000000-7f1d003bf000 rw-p 00000000 00:00 0 
7f1d003bf000-7f1d04000000 ---p 00000000 00:00 0 
7f1d04000000-7f1d04021000 rw-p 00000000 00:00 0 
7f1d04021000-7f1d08000000 ---p 00000000 00:00 0 
7f1d08000000-7f1d081fe000 rw-p 00000000 00:00 0 
7f1d081fe000-7f1d0c000000 ---p 00000000 00:00 0 
7f1d0c000000-7f1d0c021000 rw-p 00000000 00:00 0 
7f1d0c021000-7f1d10000000 ---p 00000000 00:00 0 
7f1d10000000-7f1d10021000 rw-p 00000000 00:00 0 
7f1d10021000-7f1d14000000 ---p 00000000 00:00 0 
7f1d14000000-7f1d14021000 rw-p 00000000 00:00 0 
7f1d14021000-7f1d18000000 ---p 00000000 00:00 0 
7f1d18000000-7f1d18021000 rw-p 00000000 00:00 0 
7f1d18021000-7f1d1c000000 ---p 00000000 00:00 0 
7f1d1c000000-7f1d1c021000 rw-p 00000000 00:00 0 
7f1d1c021000-7f1d20000000 ---p 00000000 00:00 0 
7f1d20000000-7f1d20004000 r--s 00000000 08:03 664006                     /var/cache/fontconfig/d589a48862398ed80a3d6066f4f56f4c-le64.cache-6
7f1d20004000-7f1d20005000 r--s 00000000 08:03 664005                     /var/cache/fontconfig/30829fa25452a46451e813d634d7f916-le64.cache-6
7f1d20005000-7f1d20006000 r--s 00000000 08:03 664002                     /var/cache/fontconfig/0c9eb80ebd1c36541ebe2852d3bb0c49-le64.cache-6
7f1d20006000-7f1d20009000 r--s 00000000 08:03 663998                     /var/cache/fontconfig/75114ca45c98e8a441da0ff356701271-le64.cache-6
7f1d20009000-7f1d2000d000 r--s 00000000 08:03 663970                     /var/cache/fontconfig/7ef2298fde41cc6eeb7af42e48b7d293-le64.cache-6
7f1d2000d000-7f1d20012000 r--p 00000000 08:06 1318708                    /home/mostafa/.config/dconf/user
7f1d20012000-7f1d20032000 rw-s a0120000 00:06 553                        /dev/nvidia0
7f1d20032000-7f1d20072000 rw-s 6a172000 00:06 517                        /dev/nvidiactl
7f1d20072000-7f1d20092000 rw-s 1cc37000 00:06 517                        /dev/nvidiactl
7f1d20092000-7f1d200d2000 rw-s 35c0a000 00:06 517                        /dev/nvidiactl
7f1d200d2000-7f1d201d6000 rw-s 8e1b1000 00:06 517                        /dev/nvidiactl
7f1d201d6000-7f1d201db000 r-xp 00000000 08:03 402765                     /usr/lib/x86_64-linux-gnu/libXfixes.so.3.1.0
7f1d201db000-7f1d203da000 ---p 00005000 08:03 402765                     /usr/lib/x86_64-linux-gnu/libXfixes.so.3.1.0
7f1d203da000-7f1d203db000 r--p 00004000 08:03 402765                     /usr/lib/x86_64-linux-gnu/libXfixes.so.3.1.0
7f1d203db000-7f1d203dc000 rw-p 00005000 08:03 402765                     /usr/lib/x86_64-linux-gnu/libXfixes.so.3.1.0
7f1d203dc000-7f1d203f2000 r-xp 00000000 08:03 1840166                    /lib/x86_64-linux-gnu/libgcc_s.so.1
7f1d203f2000-7f1d205f1000 ---p 00016000 08:03 1840166                    /lib/x86_64-linux-gnu/libgcc_s.so.1
7f1d205f1000-7f1d205f2000 rw-p 00015000 08:03 1840166                    /lib/x86_64-linux-gnu/libgcc_s.so.1
7f1d205f2000-7f1d20764000 r-xp 00000000 08:03 393289                     /usr/lib/x86_64-linux-gnu/libstdc++.so.6.0.21
7f1d20764000-7f1d20964000 ---p 00172000 08:03 393289                     /usr/lib/x86_64-linux-gnu/libstdc++.so.6.0.21
7f1d20964000-7f1d2096e000 r--p 00172000 08:03 393289                     /usr/lib/x86_64-linux-gnu/libstdc++.so.6.0.21
7f1d2096e000-7f1d20970000 rw-p 0017c000 08:03 393289                     /usr/lib/x86_64-linux-gnu/libstdc++.so.6.0.21
7f1d20970000-7f1d20974000 rw-p 00000000 00:00 0 
7f1d20974000-7f1d209a5000 r-xp 00000000 08:03 397049                     /usr/lib/nvidia-367/libGL.so.1.0.0
7f1d209a5000-7f1d209d7000 r-xp 00031000 08:03 397049                     /usr/lib/nvidia-367/libGL.so.1.0.0
7f1d209d7000-7f1d20a01000 r-xp 00063000 08:03 397049                     /usr/lib/nvidia-367/libGL.so.1.0.0
7f1d20a01000-7f1d20c01000 ---p 0008d000 08:03 397049                     /usr/lib/nvidia-367/libGL.so.1.0.0
7f1d20c01000-7f1d20c02000 rw-p 0008d000 08:03 397049                     /usr/lib/nvidia-367/libGL.so.1.0.0
7f1d20c02000-7f1d20c03000 rw-p 00000000 00:00 0 
7f1d20c03000-7f1d20c08000 r-xp 00000000 08:03 402799                     /usr/lib/x86_64-linux-gnu/libXxf86vm.so.1.0.0
7f1d20c08000-7f1d20e07000 ---p 00005000 08:03 402799                     /usr/lib/x86_64-linux-gnu/libXxf86vm.so.1.0.0
7f1d20e07000-7f1d20e08000 r--p 00004000 08:03 402799                     /usr/lib/x86_64-linux-gnu/libXxf86vm.so.1.0.0
7f1d20e08000-7f1d20e09000 rw-p 00005000 08:03 402799                     /usr/lib/x86_64-linux-gnu/libXxf86vm.so.1.0.0
7f1d20e09000-7f1d20f3e000 r-xp 00000000 08:03 402746                     /usr/lib/x86_64-linux-gnu/libX11.so.6.3.0
7f1d20f3e000-7f1d2113e000 ---p 00135000 08:03 402746                     /usr/lib/x86_64-linux-gnu/libX11.so.6.3.0
7f1d2113e000-7f1d2113f000 r--p 00135000 08:03 402746                     /usr/lib/x86_64-linux-gnu/libX11.so.6.3.0
7f1d2113f000-7f1d21143000 rw-p 00136000 08:03 402746                     /usr/lib/x86_64-linux-gnu/libX11.so.6.3.0
7f1d21143000-7f1d21148000 r-xp 00000000 08:03 402789                     /usr/lib/x86_64-linux-gnu/libXtst.so.6.1.0
7f1d21148000-7f1d21347000 ---p 00005000 08:03 402789                     /usr/lib/x86_64-linux-gnu/libXtst.so.6.1.0
7f1d21347000-7f1d21348000 r--p 00004000 08:03 402789                     /usr/lib/x86_64-linux-gnu/libXtst.so.6.1.0
7f1d21348000-7f1d21349000 rw-p 00005000 08:03 402789                     /usr/lib/x86_64-linux-gnu/libXtst.so.6.1.0
7f1d21349000-7f1d21458000 r-xp 00000000 08:03 1835067                    /lib/x86_64-linux-gnu/libglib-2.0.so.0.4800.1
7f1d21458000-7f1d21657000 ---p 0010f000 08:03 1835067                    /lib/x86_64-linux-gnu/libglib-2.0.so.0.4800.1
7f1d21657000-7f1d21658000 r--p 0010e000 08:03 1835067                    /lib/x86_64-linux-gnu/libglib-2.0.so.0.4800.1
7f1d21658000-7f1d21659000 rw-p 0010f000 08:03 1835067                    /lib/x86_64-linux-gnu/libglib-2.0.so.0.4800.1
7f1d21659000-7f1d2165a000 rw-p 00000000 00:00 0 
7f1d2165a000-7f1d2165b000 r-xp 00000000 08:03 393610                     /usr/lib/x86_64-linux-gnu/libgthread-2.0.so.0.4800.1
7f1d2165b000-7f1d2185a000 ---p 00001000 08:03 393610                     /usr/lib/x86_64-linux-gnu/libgthread-2.0.so.0.4800.1
7f1d2185a000-7f1d2185b000 r--p 00000000 08:03 393610                     /usr/lib/x86_64-linux-gnu/libgthread-2.0.so.0.4800.1
7f1d2185b000-7f1d2185c000 rw-p 00001000 08:03 393610                     /usr/lib/x86_64-linux-gnu/libgthread-2.0.so.0.4800.1
7f1d2185c000-7f1d2185f000 r-xp 00000000 08:03 393634                     /usr/lib/x86_64-linux-gnu/libgmodule-2.0.so.0.4800.1
7f1d2185f000-7f1d21a5e000 ---p 00003000 08:03 393634                     /usr/lib/x86_64-linux-gnu/libgmodule-2.0.so.0.4800.1
7f1d21a5e000-7f1d21a5f000 r--p 00002000 08:03 393634                     /usr/lib/x86_64-linux-gnu/libgmodule-2.0.so.0.4800.1
7f1d21a5f000-7f1d21a60000 rw-p 00003000 08:03 393634                     /usr/lib/x86_64-linux-gnu/libgmodule-2.0.so.0.4800.1
7f1d21a60000-7f1d21ab2000 r-xp 00000000 08:03 393658                     /usr/lib/x86_64-linux-gnu/libgobject-2.0.so.0.4800.1
7f1d21ab2000-7f1d21cb1000 ---p 00052000 08:03 393658                     /usr/lib/x86_64-linux-gnu/libgobject-2.0.so.0.4800.1
7f1d21cb1000-7f1d21cb2000 r--p 00051000 08:03 393658                     /usr/lib/x86_64-linux-gnu/libgobject-2.0.so.0.4800.1
7f1d21cb2000-7f1d21cb3000 rw-p 00052000 08:03 393658                     /usr/lib/x86_64-linux-gnu/libgobject-2.0.so.0.4800.1
7f1d21cb3000-7f1d21cf0000 r-xp 00000000 08:03 399237                     /usr/lib/x86_64-linux-gnu/libfontconfig.so.1.9.0
7f1d21cf0000-7f1d21eef000 ---p 0003d000 08:03 399237                     /usr/lib/x86_64-linux-gnu/libfontconfig.so.1.9.0
7f1d21eef000-7f1d21ef1000 r--p 0003c000 08:03 399237                     /usr/lib/x86_64-linux-gnu/libfontconfig.so.1.9.0
7f1d21ef1000-7f1d21ef6000 rw-p 0003e000 08:03 399237                     /usr/lib/x86_64-linux-gnu/libfontconfig.so.1.9.0
7f1d21ef6000-7f1d21f9a000 r-xp 00000000 08:03 403180                     /usr/lib/x86_64-linux-gnu/libfreetype.so.6.12.1
7f1d21f9a000-7f1d22199000 ---p 000a4000 08:03 403180                     /usr/lib/x86_64-linux-gnu/libfreetype.so.6.12.1
7f1d22199000-7f1d2219f000 r--p 000a3000 08:03 403180                     /usr/lib/x86_64-linux-gnu/libfreetype.so.6.12.1
7f1d2219f000-7f1d221a0000 rw-p 000a9000 08:03 403180                     /usr/lib/x86_64-linux-gnu/libfreetype.so.6.12.1
7f1d221a0000-7f1d221e9000 r-xp 00000000 08:03 403681                     /usr/lib/x86_64-linux-gnu/libpango-1.0.so.0.3800.1
7f1d221e9000-7f1d223e9000 ---p 00049000 08:03 403681                     /usr/lib/x86_64-linux-gnu/libpango-1.0.so.0.3800.1
7f1d223e9000-7f1d223eb000 r--p 00049000 08:03 403681                     /usr/lib/x86_64-linux-gnu/libpango-1.0.so.0.3800.1
7f1d223eb000-7f1d223ec000 rw-p 0004b000 08:03 403681                     /usr/lib/x86_64-linux-gnu/libpango-1.0.so.0.3800.1
7f1d223ec000-7f1d224fa000 r-xp 00000000 08:03 402910                     /usr/lib/x86_64-linux-gnu/libcairo.so.2.11400.6
7f1d224fa000-7f1d226fa000 ---p 0010e000 08:03 402910                     /usr/lib/x86_64-linux-gnu/libcairo.so.2.11400.6
7f1d226fa000-7f1d226fd000 r--p 0010e000 08:03 402910                     /usr/lib/x86_64-linux-gnu/libcairo.so.2.11400.6
7f1d226fd000-7f1d226fe000 rw-p 00111000 08:03 402910                     /usr/lib/x86_64-linux-gnu/libcairo.so.2.11400.6
7f1d226fe000-7f1d22700000 rw-p 00000000 00:00 0 
7f1d22700000-7f1d2270c000 r-xp 00000000 08:03 403683                     /usr/lib/x86_64-linux-gnu/libpangocairo-1.0.so.0.3800.1
7f1d2270c000-7f1d2290b000 ---p 0000c000 08:03 403683                     /usr/lib/x86_64-linux-gnu/libpangocairo-1.0.so.0.3800.1
7f1d2290b000-7f1d2290c000 r--p 0000b000 08:03 403683                     /usr/lib/x86_64-linux-gnu/libpangocairo-1.0.so.0.3800.1
7f1d2290c000-7f1d2290d000 rw-p 0000c000 08:03 403683                     /usr/lib/x86_64-linux-gnu/libpangocairo-1.0.so.0.3800.1
7f1d2290d000-7f1d2292e000 r-xp 00000000 08:03 393495                     /usr/lib/x86_64-linux-gnu/libgdk_pixbuf-2.0.so.0.3200.2
7f1d2292e000-7f1d22b2d000 ---p 00021000 08:03 393495                     /usr/lib/x86_64-linux-gnu/libgdk_pixbuf-2.0.so.0.3200.2
7f1d22b2d000-7f1d22b2e000 r--p 00020000 08:03 393495                     /usr/lib/x86_64-linux-gnu/libgdk_pixbuf-2.0.so.0.3200.2
7f1d22b2e000-7f1d22b2f000 rw-p 00021000 08:03 393495                     /usr/lib/x86_64-linux-gnu/libgdk_pixbuf-2.0.so.0.3200.2
7f1d22b2f000-7f1d22b43000 r-xp 00000000 08:03 403685                     /usr/lib/x86_64-linux-gnu/libpangoft2-1.0.so.0.3800.1
7f1d22b43000-7f1d22d43000 ---p 00014000 08:03 403685                     /usr/lib/x86_64-linux-gnu/libpangoft2-1.0.so.0.3800.1
7f1d22d43000-7f1d22d44000 r--p 00014000 08:03 403685                     /usr/lib/x86_64-linux-gnu/libpangoft2-1.0.so.0.3800.1
7f1d22d44000-7f1d22d45000 rw-p 00015000 08:03 403685                     /usr/lib/x86_64-linux-gnu/libpangoft2-1.0.so.0.3800.1
7f1d22d45000-7f1d22ec5000 r-xp 00000000 08:03 393655                     /usr/lib/x86_64-linux-gnu/libgio-2.0.so.0.4800.1
7f1d22ec5000-7f1d230c5000 ---p 00180000 08:03 393655                     /usr/lib/x86_64-linux-gnu/libgio-2.0.so.0.4800.1
7f1d230c5000-7f1d230c9000 r--p 00180000 08:03 393655                     /usr/lib/x86_64-linux-gnu/libgio-2.0.so.0.4800.1
7f1d230c9000-7f1d230cb000 rw-p 00184000 08:03 393655                     /usr/lib/x86_64-linux-gnu/libgio-2.0.so.0.4800.1
7f1d230cb000-7f1d230cd000 rw-p 00000000 00:00 0 
7f1d230cd000-7f1d230ef000 r-xp 00000000 08:03 402854                     /usr/lib/x86_64-linux-gnu/libatk-1.0.so.0.21809.1
7f1d230ef000-7f1d232ee000 ---p 00022000 08:03 402854                     /usr/lib/x86_64-linux-gnu/libatk-1.0.so.0.21809.1
7f1d232ee000-7f1d232f1000 r--p 00021000 08:03 402854                     /usr/lib/x86_64-linux-gnu/libatk-1.0.so.0.21809.1
7f1d232f1000-7f1d232f2000 rw-p 00024000 08:03 402854                     /usr/lib/x86_64-linux-gnu/libatk-1.0.so.0.21809.1
7f1d232f2000-7f1d233a2000 r-xp 00000000 08:03 403219                     /usr/lib/x86_64-linux-gnu/libgdk-x11-2.0.so.0.2400.30
7f1d233a2000-7f1d235a1000 ---p 000b0000 08:03 403219                     /usr/lib/x86_64-linux-gnu/libgdk-x11-2.0.so.0.2400.30
7f1d235a1000-7f1d235a5000 r--p 000af000 08:03 403219                     /usr/lib/x86_64-linux-gnu/libgdk-x11-2.0.so.0.2400.30
7f1d235a5000-7f1d235a7000 rw-p 000b3000 08:03 403219                     /usr/lib/x86_64-linux-gnu/libgdk-x11-2.0.so.0.2400.30
7f1d235a7000-7f1d239e5000 r-xp 00000000 08:03 403364                     /usr/lib/x86_64-linux-gnu/libgtk-x11-2.0.so.0.2400.30
7f1d239e5000-7f1d23be4000 ---p 0043e000 08:03 403364                     /usr/lib/x86_64-linux-gnu/libgtk-x11-2.0.so.0.2400.30
7f1d23be4000-7f1d23beb000 r--p 0043d000 08:03 403364                     /usr/lib/x86_64-linux-gnu/libgtk-x11-2.0.so.0.2400.30
7f1d23beb000-7f1d23bef000 rw-p 00444000 08:03 403364                     /usr/lib/x86_64-linux-gnu/libgtk-x11-2.0.so.0.2400.30
7f1d23bef000-7f1d23bf2000 rw-p 00000000 00:00 0 
7f1d23bf2000-7f1d23bfe000 r-xp 00000000 08:03 2493705                    /usr/lib/jvm/java-8-oracle/jre/lib/amd64/libprism_es2.so
7f1d23bfe000-7f1d23dfd000 ---p 0000c000 08:03 2493705                    /usr/lib/jvm/java-8-oracle/jre/lib/amd64/libprism_es2.so
7f1d23dfd000-7f1d23dfe000 rw-p 0000b000 08:03 2493705                    /usr/lib/jvm/java-8-oracle/jre/lib/amd64/libprism_es2.so
7f1d23dfe000-7f1d23e01000 ---p 00000000 00:00 0 
7f1d23e01000-7f1d23eff000 rw-p 00000000 00:00 0 
7f1d23eff000-7f1d23f02000 ---p 00000000 00:00 0 
7f1d23f02000-7f1d24000000 rw-p 00000000 00:00 0 
7f1d24000000-7f1d24021000 rw-p 00000000 00:00 0 
7f1d24021000-7f1d28000000 ---p 00000000 00:00 0 
7f1d28000000-7f1d28002000 rw-s 00000000 08:03 262249                     /tmp/.glfM06sG (deleted)
7f1d28002000-7f1d28003000 r--s 00000000 00:29 27                         /run/user/1000/dconf/user
7f1d28003000-7f1d28004000 rw-s 068e0000 00:06 517                        /dev/nvidiactl
7f1d28004000-7f1d28008000 rw-s 92bda000 00:06 517                        /dev/nvidiactl
7f1d28008000-7f1d28009000 rw-s aff71000 00:06 553                        /dev/nvidia0
7f1d28009000-7f1d2800a000 rw-s aff70000 00:06 553                        /dev/nvidia0
7f1d2800a000-7f1d2802a000 rw-s 4d5af000 00:06 517                        /dev/nvidiactl
7f1d2802a000-7f1d2802b000 rw-s aff6f000 00:06 553                        /dev/nvidia0
7f1d2802b000-7f1d2806b000 rw-s 1cca8000 00:06 517                        /dev/nvidiactl
7f1d2808b000-7f1d2838c000 rw-p 00000000 00:00 0 
7f1d2838c000-7f1d283a2000 r-xp 00000000 08:03 2493693                    /usr/lib/jvm/java-8-oracle/jre/lib/amd64/libnet.so
7f1d283a2000-7f1d285a2000 ---p 00016000 08:03 2493693                    /usr/lib/jvm/java-8-oracle/jre/lib/amd64/libnet.so
7f1d285a2000-7f1d285a3000 rw-p 00016000 08:03 2493693                    /usr/lib/jvm/java-8-oracle/jre/lib/amd64/libnet.so
7f1d285a3000-7f1d28639000 r--s 01103000 08:03 2493769                    /usr/lib/jvm/java-8-oracle/jre/lib/ext/jfxrt.jar
7f1d28639000-7f1d2863c000 ---p 00000000 00:00 0 
7f1d2863c000-7f1d2873a000 rw-p 00000000 00:00 0 
7f1d2873a000-7f1d2873b000 r-xp 00000000 08:03 2502255                    /opt/intellij-idea-community/bin/libbreakgen64.so
7f1d2873b000-7f1d2893a000 ---p 00001000 08:03 2502255                    /opt/intellij-idea-community/bin/libbreakgen64.so
7f1d2893a000-7f1d2893b000 r--p 00000000 08:03 2502255                    /opt/intellij-idea-community/bin/libbreakgen64.so
7f1d2893b000-7f1d2893c000 rw-p 00001000 08:03 2502255                    /opt/intellij-idea-community/bin/libbreakgen64.so
7f1d2893c000-7f1d2893e000 r--s 00019000 08:03 2502175                    /opt/intellij-idea-community/lib/idea_rt.jar
7f1d2893e000-7f1d28951000 r--s 00345000 08:03 2493917                    /usr/lib/jvm/java-8-oracle/jre/lib/resources.jar
7f1d28951000-7f1d28952000 ---p 00000000 00:00 0 
7f1d28952000-7f1d28a52000 rw-p 00000000 00:00 0 
7f1d28a52000-7f1d28a55000 ---p 00000000 00:00 0 
7f1d28a55000-7f1d28b53000 rw-p 00000000 00:00 0 
7f1d28b53000-7f1d28b56000 ---p 00000000 00:00 0 
7f1d28b56000-7f1d28c54000 rw-p 00000000 00:00 0 
7f1d28c54000-7f1d28c57000 ---p 00000000 00:00 0 
7f1d28c57000-7f1d28d55000 rw-p 00000000 00:00 0 
7f1d28d55000-7f1d28d58000 ---p 00000000 00:00 0 
7f1d28d58000-7f1d28e56000 rw-p 00000000 00:00 0 
7f1d28e56000-7f1d28e59000 ---p 00000000 00:00 0 
7f1d28e59000-7f1d28f57000 rw-p 00000000 00:00 0 
7f1d28f57000-7f1d29230000 r--p 00000000 08:03 393281                     /usr/lib/locale/locale-archive
7f1d29230000-7f1d29233000 ---p 00000000 00:00 0 
7f1d29233000-7f1d29331000 rw-p 00000000 00:00 0 
7f1d29331000-7f1d29334000 ---p 00000000 00:00 0 
7f1d29334000-7f1d29432000 rw-p 00000000 00:00 0 
7f1d29432000-7f1d29433000 ---p 00000000 00:00 0 
7f1d29433000-7f1d2c000000 rw-p 00000000 00:00 0 
7f1d2c000000-7f1d2c021000 rw-p 00000000 00:00 0 
7f1d2c021000-7f1d30000000 ---p 00000000 00:00 0 
7f1d30000000-7f1d30001000 rw-s 07d69000 00:06 517                        /dev/nvidiactl
7f1d30001000-7f1d30013000 r--s 000d6000 08:03 2493916                    /usr/lib/jvm/java-8-oracle/jre/lib/plugin.jar
7f1d30013000-7f1d3002e000 r--s 00208000 08:03 2493801                    /usr/lib/jvm/java-8-oracle/jre/lib/deploy.jar
7f1d3002e000-7f1d302d5000 rw-p 00000000 00:00 0 
7f1d302d5000-7f1d304ad000 r--s 03d2a000 08:03 2493685                    /usr/lib/jvm/java-8-oracle/jre/lib/rt.jar
7f1d304ad000-7f1d30eff000 rw-p 00000000 00:00 0 
7f1d30eff000-7f1d30f00000 ---p 00000000 00:00 0 
7f1d30f00000-7f1d31000000 rw-p 00000000 00:00 0 
7f1d31000000-7f1d31480000 rwxp 00000000 00:00 0 
7f1d31480000-7f1d40000000 ---p 00000000 00:00 0 
7f1d40000000-7f1d401fa000 rw-p 00000000 00:00 0 
7f1d401fa000-7f1d44000000 ---p 00000000 00:00 0 
7f1d44000000-7f1d44001000 rw-s d0060000 00:06 553                        /dev/nvidia0
7f1d44001000-7f1d44005000 r--s 00097000 08:03 2493637                    /usr/lib/jvm/java-8-oracle/jre/lib/jsse.jar
7f1d44005000-7f1d44007000 r--s 00007000 08:03 2493758                    /usr/lib/jvm/java-8-oracle/jre/lib/jfxswt.jar
7f1d44007000-7f1d4400c000 r--s 00084000 08:03 2493792                    /usr/lib/jvm/java-8-oracle/jre/lib/jfr.jar
7f1d4400c000-7f1d44016000 r--s 0006c000 08:03 2493800                    /usr/lib/jvm/java-8-oracle/jre/lib/javaws.jar
7f1d44016000-7f1d44017000 ---p 00000000 00:00 0 
7f1d44017000-7f1d44117000 rw-p 00000000 00:00 0 
7f1d44117000-7f1d44118000 ---p 00000000 00:00 0 
7f1d44118000-7f1d44218000 rw-p 00000000 00:00 0 
7f1d44218000-7f1d44219000 ---p 00000000 00:00 0 
7f1d44219000-7f1d4432d000 rw-p 00000000 00:00 0 
7f1d4432d000-7f1d44457000 ---p 00000000 00:00 0 
7f1d44457000-7f1d4446b000 rw-p 00000000 00:00 0 
7f1d4446b000-7f1d44594000 ---p 00000000 00:00 0 
7f1d44594000-7f1d445a6000 rw-p 00000000 00:00 0 
7f1d445a6000-7f1d44633000 ---p 00000000 00:00 0 
7f1d44633000-7f1d44646000 rw-p 00000000 00:00 0 
7f1d44646000-7f1d449f4000 ---p 00000000 00:00 0 
7f1d449f4000-7f1d44a0e000 r-xp 00000000 08:03 2493716                    /usr/lib/jvm/java-8-oracle/jre/lib/amd64/libzip.so
7f1d44a0e000-7f1d44c0e000 ---p 0001a000 08:03 2493716                    /usr/lib/jvm/java-8-oracle/jre/lib/amd64/libzip.so
7f1d44c0e000-7f1d44c0f000 rw-p 0001a000 08:03 2493716                    /usr/lib/jvm/java-8-oracle/jre/lib/amd64/libzip.so
7f1d44c0f000-7f1d44c1a000 r-xp 00000000 08:03 1848107                    /lib/x86_64-linux-gnu/libnss_files-2.23.so
7f1d44c1a000-7f1d44e19000 ---p 0000b000 08:03 1848107                    /lib/x86_64-linux-gnu/libnss_files-2.23.so
7f1d44e19000-7f1d44e1a000 r--p 0000a000 08:03 1848107                    /lib/x86_64-linux-gnu/libnss_files-2.23.so
7f1d44e1a000-7f1d44e1b000 rw-p 0000b000 08:03 1848107                    /lib/x86_64-linux-gnu/libnss_files-2.23.so
7f1d44e1b000-7f1d44e21000 rw-p 00000000 00:00 0 
7f1d44e21000-7f1d44e2c000 r-xp 00000000 08:03 1848104                    /lib/x86_64-linux-gnu/libnss_nis-2.23.so
7f1d44e2c000-7f1d4502b000 ---p 0000b000 08:03 1848104                    /lib/x86_64-linux-gnu/libnss_nis-2.23.so
7f1d4502b000-7f1d4502c000 r--p 0000a000 08:03 1848104                    /lib/x86_64-linux-gnu/libnss_nis-2.23.so
7f1d4502c000-7f1d4502d000 rw-p 0000b000 08:03 1848104                    /lib/x86_64-linux-gnu/libnss_nis-2.23.so
7f1d4502d000-7f1d45043000 r-xp 00000000 08:03 1848102                    /lib/x86_64-linux-gnu/libnsl-2.23.so
7f1d45043000-7f1d45242000 ---p 00016000 08:03 1848102                    /lib/x86_64-linux-gnu/libnsl-2.23.so
7f1d45242000-7f1d45243000 r--p 00015000 08:03 1848102                    /lib/x86_64-linux-gnu/libnsl-2.23.so
7f1d45243000-7f1d45244000 rw-p 00016000 08:03 1848102                    /lib/x86_64-linux-gnu/libnsl-2.23.so
7f1d45244000-7f1d45246000 rw-p 00000000 00:00 0 
7f1d45246000-7f1d4524e000 r-xp 00000000 08:03 1848100                    /lib/x86_64-linux-gnu/libnss_compat-2.23.so
7f1d4524e000-7f1d4544d000 ---p 00008000 08:03 1848100                    /lib/x86_64-linux-gnu/libnss_compat-2.23.so
7f1d4544d000-7f1d4544e000 r--p 00007000 08:03 1848100                    /lib/x86_64-linux-gnu/libnss_compat-2.23.so
7f1d4544e000-7f1d4544f000 rw-p 00008000 08:03 1848100                    /lib/x86_64-linux-gnu/libnss_compat-2.23.so
7f1d4544f000-7f1d4547a000 r-xp 00000000 08:03 2493743                    /usr/lib/jvm/java-8-oracle/jre/lib/amd64/libjava.so
7f1d4547a000-7f1d45679000 ---p 0002b000 08:03 2493743                    /usr/lib/jvm/java-8-oracle/jre/lib/amd64/libjava.so
7f1d45679000-7f1d4567b000 rw-p 0002a000 08:03 2493743                    /usr/lib/jvm/java-8-oracle/jre/lib/amd64/libjava.so
7f1d4567b000-7f1d45688000 r-xp 00000000 08:03 2493694                    /usr/lib/jvm/java-8-oracle/jre/lib/amd64/libverify.so
7f1d45688000-7f1d45887000 ---p 0000d000 08:03 2493694                    /usr/lib/jvm/java-8-oracle/jre/lib/amd64/libverify.so
7f1d45887000-7f1d45889000 rw-p 0000c000 08:03 2493694                    /usr/lib/jvm/java-8-oracle/jre/lib/amd64/libverify.so
7f1d45889000-7f1d45890000 r-xp 00000000 08:03 1848116                    /lib/x86_64-linux-gnu/librt-2.23.so
7f1d45890000-7f1d45a8f000 ---p 00007000 08:03 1848116                    /lib/x86_64-linux-gnu/librt-2.23.so
7f1d45a8f000-7f1d45a90000 r--p 00006000 08:03 1848116                    /lib/x86_64-linux-gnu/librt-2.23.so
7f1d45a90000-7f1d45a91000 rw-p 00007000 08:03 1848116                    /lib/x86_64-linux-gnu/librt-2.23.so
7f1d45a91000-7f1d45b99000 r-xp 00000000 08:03 1848113                    /lib/x86_64-linux-gnu/libm-2.23.so
7f1d45b99000-7f1d45d98000 ---p 00108000 08:03 1848113                    /lib/x86_64-linux-gnu/libm-2.23.so
7f1d45d98000-7f1d45d99000 r--p 00107000 08:03 1848113                    /lib/x86_64-linux-gnu/libm-2.23.so
7f1d45d99000-7f1d45d9a000 rw-p 00108000 08:03 1848113                    /lib/x86_64-linux-gnu/libm-2.23.so
7f1d45d9a000-7f1d46a67000 r-xp 00000000 08:03 2493747                    /usr/lib/jvm/java-8-oracle/jre/lib/amd64/server/libjvm.so
7f1d46a67000-7f1d46c66000 ---p 00ccd000 08:03 2493747                    /usr/lib/jvm/java-8-oracle/jre/lib/amd64/server/libjvm.so
7f1d46c66000-7f1d46d3f000 rw-p 00ccc000 08:03 2493747                    /usr/lib/jvm/java-8-oracle/jre/lib/amd64/server/libjvm.so
7f1d46d3f000-7f1d46d8a000 rw-p 00000000 00:00 0 
7f1d46d8a000-7f1d46f49000 r-xp 00000000 08:03 1848121                    /lib/x86_64-linux-gnu/libc-2.23.so
7f1d46f49000-7f1d47149000 ---p 001bf000 08:03 1848121                    /lib/x86_64-linux-gnu/libc-2.23.so
7f1d47149000-7f1d4714d000 r--p 001bf000 08:03 1848121                    /lib/x86_64-linux-gnu/libc-2.23.so
7f1d4714d000-7f1d4714f000 rw-p 001c3000 08:03 1848121                    /lib/x86_64-linux-gnu/libc-2.23.so
7f1d4714f000-7f1d47153000 rw-p 00000000 00:00 0 
7f1d47153000-7f1d47156000 r-xp 00000000 08:03 1848122                    /lib/x86_64-linux-gnu/libdl-2.23.so
7f1d47156000-7f1d47355000 ---p 00003000 08:03 1848122                    /lib/x86_64-linux-gnu/libdl-2.23.so
7f1d47355000-7f1d47356000 r--p 00002000 08:03 1848122                    /lib/x86_64-linux-gnu/libdl-2.23.so
7f1d47356000-7f1d47357000 rw-p 00003000 08:03 1848122                    /lib/x86_64-linux-gnu/libdl-2.23.so
7f1d47357000-7f1d4736c000 r-xp 00000000 08:03 2492804                    /usr/lib/jvm/java-8-oracle/lib/amd64/jli/libjli.so
7f1d4736c000-7f1d4756c000 ---p 00015000 08:03 2492804                    /usr/lib/jvm/java-8-oracle/lib/amd64/jli/libjli.so
7f1d4756c000-7f1d4756d000 rw-p 00015000 08:03 2492804                    /usr/lib/jvm/java-8-oracle/lib/amd64/jli/libjli.so
7f1d4756d000-7f1d47585000 r-xp 00000000 08:03 1848120                    /lib/x86_64-linux-gnu/libpthread-2.23.so
7f1d47585000-7f1d47784000 ---p 00018000 08:03 1848120                    /lib/x86_64-linux-gnu/libpthread-2.23.so
7f1d47784000-7f1d47785000 r--p 00017000 08:03 1848120                    /lib/x86_64-linux-gnu/libpthread-2.23.so
7f1d47785000-7f1d47786000 rw-p 00018000 08:03 1848120                    /lib/x86_64-linux-gnu/libpthread-2.23.so
7f1d47786000-7f1d4778a000 rw-p 00000000 00:00 0 
7f1d4778a000-7f1d477b0000 r-xp 00000000 08:03 1848117                    /lib/x86_64-linux-gnu/ld-2.23.so
7f1d477b0000-7f1d477b1000 r--s 00000000 08:03 2493764                    /usr/lib/jvm/java-8-oracle/jre/lib/management-agent.jar
7f1d477b1000-7f1d477b4000 r--s 0001a000 08:03 2493947                    /usr/lib/jvm/java-8-oracle/jre/lib/jce.jar
7f1d477b4000-7f1d47886000 rw-p 00000000 00:00 0 
7f1d47886000-7f1d47889000 ---p 00000000 00:00 0 
7f1d47889000-7f1d4798b000 rw-p 00000000 00:00 0 
7f1d4798b000-7f1d47990000 r--s 002f9000 08:03 2493638                    /usr/lib/jvm/java-8-oracle/jre/lib/charsets.jar
7f1d47990000-7f1d479a3000 rw-p 00000000 00:00 0 
7f1d479a3000-7f1d479ab000 rw-s 00000000 08:03 262244                     /tmp/hsperfdata_mostafa/12299
7f1d479ab000-7f1d479ac000 rw-p 00000000 00:00 0 
7f1d479ac000-7f1d479ad000 r--p 00000000 00:00 0 
7f1d479ad000-7f1d479af000 rw-p 00000000 00:00 0 
7f1d479af000-7f1d479b0000 r--p 00025000 08:03 1848117                    /lib/x86_64-linux-gnu/ld-2.23.so
7f1d479b0000-7f1d479b1000 rw-p 00026000 08:03 1848117                    /lib/x86_64-linux-gnu/ld-2.23.so
7f1d479b1000-7f1d479b2000 rw-p 00000000 00:00 0 
7ffd3107f000-7ffd310a0000 rw-p 00000000 00:00 0                          [stack]
7ffd31123000-7ffd31125000 r--p 00000000 00:00 0                          [vvar]
7ffd31125000-7ffd31127000 r-xp 00000000 00:00 0                          [vdso]
ffffffffff600000-ffffffffff601000 r-xp 00000000 00:00 0                  [vsyscall]

VM Arguments:
jvm_args: -Didea.launcher.port=7540 -Didea.launcher.bin.path=/opt/intellij-idea-community/bin -Dfile.encoding=UTF-8 
java_command: com.intellij.rt.execution.application.AppMain sample.Main
java_class_path (initial): /usr/lib/jvm/java-8-oracle/jre/lib/charsets.jar:/usr/lib/jvm/java-8-oracle/jre/lib/deploy.jar:/usr/lib/jvm/java-8-oracle/jre/lib/ext/cldrdata.jar:/usr/lib/jvm/java-8-oracle/jre/lib/ext/dnsns.jar:/usr/lib/jvm/java-8-oracle/jre/lib/ext/jaccess.jar:/usr/lib/jvm/java-8-oracle/jre/lib/ext/jfxrt.jar:/usr/lib/jvm/java-8-oracle/jre/lib/ext/localedata.jar:/usr/lib/jvm/java-8-oracle/jre/lib/ext/nashorn.jar:/usr/lib/jvm/java-8-oracle/jre/lib/ext/sunec.jar:/usr/lib/jvm/java-8-oracle/jre/lib/ext/sunjce_provider.jar:/usr/lib/jvm/java-8-oracle/jre/lib/ext/sunpkcs11.jar:/usr/lib/jvm/java-8-oracle/jre/lib/ext/zipfs.jar:/usr/lib/jvm/java-8-oracle/jre/lib/javaws.jar:/usr/lib/jvm/java-8-oracle/jre/lib/jce.jar:/usr/lib/jvm/java-8-oracle/jre/lib/jfr.jar:/usr/lib/jvm/java-8-oracle/jre/lib/jfxswt.jar:/usr/lib/jvm/java-8-oracle/jre/lib/jsse.jar:/usr/lib/jvm/java-8-oracle/jre/lib/management-agent.jar:/usr/lib/jvm/java-8-oracle/jre/lib/plugin.jar:/usr/lib/jvm/java-8-oracle/jre/lib/resources.jar:/usr/lib/jvm/java-8-oracle/jre/lib/rt.jar:/home/mostafa/Desktop/Passing/out/production/Passing:/opt/intellij-idea-community/lib/idea_rt.jar
Launcher Type: SUN_STANDARD

Environment Variables:
JAVA_HOME=/usr/lib/jvm/java-8-oracle
PATH=/usr/local/sbin:/usr/local/bin:/usr/sbin:/usr/bin:/sbin:/bin:/usr/games:/usr/local/games:/snap/bin:/usr/lib/jvm/java-8-oracle/bin:/usr/lib/jvm/java-8-oracle/db/bin:/usr/lib/jvm/java-8-oracle/jre/bin
LD_LIBRARY_PATH=/opt/intellij-idea-community/bin:
SHELL=/bin/bash
DISPLAY=:0

Signal Handlers:
SIGSEGV: [libjvm.so+0xac64b0], sa_mask[0]=11111111011111111101111111111110, sa_flags=SA_RESTART|SA_SIGINFO
SIGBUS: [libjvm.so+0xac64b0], sa_mask[0]=11111111011111111101111111111110, sa_flags=SA_RESTART|SA_SIGINFO
SIGFPE: [libjvm.so+0x91f950], sa_mask[0]=11111111011111111101111111111110, sa_flags=SA_RESTART|SA_SIGINFO
SIGPIPE: SIG_IGN, sa_mask[0]=00000000000010000000000000000000, sa_flags=SA_RESTART
SIGXFSZ: [libjvm.so+0x91f950], sa_mask[0]=11111111011111111101111111111110, sa_flags=SA_RESTART|SA_SIGINFO
SIGILL: [libjvm.so+0x91f950], sa_mask[0]=11111111011111111101111111111110, sa_flags=SA_RESTART|SA_SIGINFO
SIGUSR1: SIG_DFL, sa_mask[0]=00000000000000000000000000000000, sa_flags=none
SIGUSR2: [libjvm.so+0x920f80], sa_mask[0]=00100000000000000000000000000000, sa_flags=SA_RESTART|SA_SIGINFO
SIGHUP: [libjvm.so+0x922380], sa_mask[0]=11111111011111111101111111111110, sa_flags=SA_RESTART|SA_SIGINFO
SIGINT: [libjvm.so+0x922380], sa_mask[0]=11111111011111111101111111111110, sa_flags=SA_RESTART|SA_SIGINFO
SIGTERM: [libjvm.so+0x922380], sa_mask[0]=11111111011111111101111111111110, sa_flags=SA_RESTART|SA_SIGINFO
SIGQUIT: [libjvm.so+0x922380], sa_mask[0]=11111111011111111101111111111110, sa_flags=SA_RESTART|SA_SIGINFO


---------------  S Y S T E M  ---------------

OS:DISTRIB_ID=Ubuntu
DISTRIB_RELEASE=16.04
DISTRIB_CODENAME=xenial
DISTRIB_DESCRIPTION="Ubuntu 16.04.1 LTS"

uname:Linux 4.4.0-47-generic #68-Ubuntu SMP Wed Oct 26 19:39:52 UTC 2016 x86_64
libc:glibc 2.23 NPTL 2.23 
rlimit: STACK 8192k, CORE 0k, NPROC 15037, NOFILE 65536, AS infinity
load average:0.41 0.93 0.87

/proc/meminfo:
MemTotal:        3896084 kB
MemFree:          178744 kB
MemAvailable:     255784 kB
Buffers:           19580 kB
Cached:           500624 kB
SwapCached:       204668 kB
Active:          2585496 kB
Inactive:         845964 kB
Active(anon):    2396308 kB
Inactive(anon):   769548 kB
Active(file):     189188 kB
Inactive(file):    76416 kB
Unevictable:         472 kB
Mlocked:             472 kB
SwapTotal:       7812092 kB
SwapFree:        6168800 kB
Dirty:             10168 kB
Writeback:             0 kB
AnonPages:       2878984 kB
Mapped:           466184 kB
Shmem:            254588 kB
Slab:              78068 kB
SReclaimable:      36196 kB
SUnreclaim:        41872 kB
KernelStack:       12912 kB
PageTables:        55144 kB
NFS_Unstable:          0 kB
Bounce:                0 kB
WritebackTmp:          0 kB
CommitLimit:     9760132 kB
Committed_AS:   10172464 kB
VmallocTotal:   34359738367 kB
VmallocUsed:           0 kB
VmallocChunk:          0 kB
HardwareCorrupted:     0 kB
AnonHugePages:   1697792 kB
CmaTotal:              0 kB
CmaFree:               0 kB
HugePages_Total:       0
HugePages_Free:        0
HugePages_Rsvd:        0
HugePages_Surp:        0
Hugepagesize:       2048 kB
DirectMap4k:      264448 kB
DirectMap2M:     3778560 kB


CPU:total 4 (2 cores per cpu, 2 threads per core) family 6 model 42 stepping 7, cmov, cx8, fxsr, mmx, sse, sse2, sse3, ssse3, sse4.1, sse4.2, popcnt, avx, aes, clmul, ht, tsc, tscinvbit

/proc/cpuinfo:
processor	: 0
vendor_id	: GenuineIntel
cpu family	: 6
model		: 42
model name	: Intel(R) Core(TM) i5-2450M CPU @ 2.50GHz
stepping	: 7
microcode	: 0x1b
cpu MHz		: 2644.531
cache size	: 3072 KB
physical id	: 0
siblings	: 4
core id		: 0
cpu cores	: 2
apicid		: 0
initial apicid	: 0
fpu		: yes
fpu_exception	: yes
cpuid level	: 13
wp		: yes
flags		: fpu vme de pse tsc msr pae mce cx8 apic sep mtrr pge mca cmov pat pse36 clflush dts acpi mmx fxsr sse sse2 ss ht tm pbe syscall nx rdtscp lm constant_tsc arch_perfmon pebs bts rep_good nopl xtopology nonstop_tsc aperfmperf eagerfpu pni pclmulqdq dtes64 monitor ds_cpl vmx est tm2 ssse3 cx16 xtpr pdcm pcid sse4_1 sse4_2 x2apic popcnt tsc_deadline_timer aes xsave avx lahf_lm epb tpr_shadow vnmi flexpriority ept vpid xsaveopt dtherm ida arat pln pts
bugs		:
bogomips	: 4988.44
clflush size	: 64
cache_alignment	: 64
address sizes	: 36 bits physical, 48 bits virtual
power management:

processor	: 1
vendor_id	: GenuineIntel
cpu family	: 6
model		: 42
model name	: Intel(R) Core(TM) i5-2450M CPU @ 2.50GHz
stepping	: 7
microcode	: 0x1b
cpu MHz		: 2699.707
cache size	: 3072 KB
physical id	: 0
siblings	: 4
core id		: 0
cpu cores	: 2
apicid		: 1
initial apicid	: 1
fpu		: yes
fpu_exception	: yes
cpuid level	: 13
wp		: yes
flags		: fpu vme de pse tsc msr pae mce cx8 apic sep mtrr pge mca cmov pat pse36 clflush dts acpi mmx fxsr sse sse2 ss ht tm pbe syscall nx rdtscp lm constant_tsc arch_perfmon pebs bts rep_good nopl xtopology nonstop_tsc aperfmperf eagerfpu pni pclmulqdq dtes64 monitor ds_cpl vmx est tm2 ssse3 cx16 xtpr pdcm pcid sse4_1 sse4_2 x2apic popcnt tsc_deadline_timer aes xsave avx lahf_lm epb tpr_shadow vnmi flexpriority ept vpid xsaveopt dtherm ida arat pln pts
bugs		:
bogomips	: 4988.44
clflush size	: 64
cache_alignment	: 64
address sizes	: 36 bits physical, 48 bits virtual
power management:

processor	: 2
vendor_id	: GenuineIntel
cpu family	: 6
model		: 42
model name	: Intel(R) Core(TM) i5-2450M CPU @ 2.50GHz
stepping	: 7
microcode	: 0x1b
cpu MHz		: 2665.429
cache size	: 3072 KB
physical id	: 0
siblings	: 4
core id		: 1
cpu cores	: 2
apicid		: 2
initial apicid	: 2
fpu		: yes
fpu_exception	: yes
cpuid level	: 13
wp		: yes
flags		: fpu vme de pse tsc msr pae mce cx8 apic sep mtrr pge mca cmov pat pse36 clflush dts acpi mmx fxsr sse sse2 ss ht tm pbe syscall nx rdtscp lm constant_tsc arch_perfmon pebs bts rep_good nopl xtopology nonstop_tsc aperfmperf eagerfpu pni pclmulqdq dtes64 monitor ds_cpl vmx est tm2 ssse3 cx16 xtpr pdcm pcid sse4_1 sse4_2 x2apic popcnt tsc_deadline_timer aes xsave avx lahf_lm epb tpr_shadow vnmi flexpriority ept vpid xsaveopt dtherm ida arat pln pts
bugs		:
bogomips	: 4988.44
clflush size	: 64
cache_alignment	: 64
address sizes	: 36 bits physical, 48 bits virtual
power management:

processor	: 3
vendor_id	: GenuineIntel
cpu family	: 6
model		: 42
model name	: Intel(R) Core(TM) i5-2450M CPU @ 2.50GHz
stepping	: 7
microcode	: 0x1b
cpu MHz		: 2664.941
cache size	: 3072 KB
physical id	: 0
siblings	: 4
core id		: 1
cpu cores	: 2
apicid		: 3
initial apicid	: 3
fpu		: yes
fpu_exception	: yes
cpuid level	: 13
wp		: yes
flags		: fpu vme de pse tsc msr pae mce cx8 apic sep mtrr pge mca cmov pat pse36 clflush dts acpi mmx fxsr sse sse2 ss ht tm pbe syscall nx rdtscp lm constant_tsc arch_perfmon pebs bts rep_good nopl xtopology nonstop_tsc aperfmperf eagerfpu pni pclmulqdq dtes64 monitor ds_cpl vmx est tm2 ssse3 cx16 xtpr pdcm pcid sse4_1 sse4_2 x2apic popcnt tsc_deadline_timer aes xsave avx lahf_lm epb tpr_shadow vnmi flexpriority ept vpid xsaveopt dtherm ida arat pln pts
bugs		:
bogomips	: 4988.44
clflush size	: 64
cache_alignment	: 64
address sizes	: 36 bits physical, 48 bits virtual
power management:



Memory: 4k page, physical 3896084k(178744k free), swap 7812092k(6168800k free)

vm_info: Java HotSpot(TM) 64-Bit Server VM (25.111-b14) for linux-amd64 JRE (1.8.0_111-b14), built on Sep 22 2016 16:14:03 by "java_re" with gcc 4.3.0 20080428 (Red Hat 4.3.0-8)

time: Fri Dec  2 15:25:11 2016
elapsed time: 7 seconds (0d 0h 0m 7s)

